1NUMBER OF BEAM       NUMBER OF BEAM        APPROXIMATE NUMBER    AVERAGE TIME USED     TIME LEFT (RESERVED   NUMBER OF STARS
 PARTICLES HANDLED    PARTICLES LEFT        OF BEAM PARTICLES     BY A BEAM PARTICLE     10000.0 SECONDS      CREATED
                                            THAT CAN STILL BE                           FOR PRINTOUT)
                                            HANDLED

 NEXT SEEDS:3AC44393      34       0       0       0       0       7    3039       0       0
  *** Kbar: P_min > 1.8 GeV/c:           25   8.0260177153232384     
  *** Kaon: P_min > 1.5 GeV/c:           15   4.9359058500412702     
  *** Kbar: P_min > 1.8 GeV/c:           16   6.5677611181428714     
  *** Kbar: P_min > 1.8 GeV/c:           16   7.8237295016425250     
  *** Kaon: P_min > 1.5 GeV/c:           24   1.5237962666186420     
  *** Kbar: P_min > 1.8 GeV/c:           16   6.5275056209640612     
  *** Kbar: P_min > 1.8 GeV/c:           16   5.6725116266211923     
  *** Kbar: P_min > 1.8 GeV/c:           16   6.0684510297176182     
  *** Kbar: P_min > 1.8 GeV/c:           25   2.1388362538853607     
  *** Kbar: P_min > 1.8 GeV/c:           25   1.9193559353516452     
  *** Kbar: P_min > 1.8 GeV/c:           25   2.1384534858632951     
  *** Kbar: P_min > 1.8 GeV/c:           25   2.0964899173433449     
  *** Kbar: P_min > 1.8 GeV/c:           25   2.5035254175346449     
  *** Kbar: P_min > 1.8 GeV/c:           25   2.1394831650152311     
  *** Kbar: P_min > 1.8 GeV/c:           25   2.2458497932930337     
  *** Kbar: P_min > 1.8 GeV/c:           25   2.1217404350722684     
  *** Kbar: P_min > 1.8 GeV/c:           25   2.3435815733790171     
          1                  9999                  9999             5.0508213E-01         1.0000000E+30               244       
 NEXT SEEDS:3B232E53      34       0       0       0       0       7    3039       0       0
  *** Kaon: P_min > 1.5 GeV/c:           24   68.333358641559059     
  *** Kbar: P_min > 1.8 GeV/c:           16   7.8141883275468613     
  *** Kbar: P_min > 1.8 GeV/c:           16   6.6312266389523371     
  *** Hhflev: call to Hadriv !! ***  0.39478121136308719        3.5000000000000000        1.2996559616220555               13 T F T
  *** Hhflev: call to Hadriv !! ***   1.0639165827959096        5.0000000000000000        1.8268859735198097               25 T F T
  *** Hhflev: call to Hadriv !! ***  0.86860891379816363        3.5000000000000000        1.5970991226493871               13 T F T
  *** Hhflev: call to Hadriv !! ***  0.82004156728125432        3.5000000000000000        1.5701555329350394               13 T F T
  *** Hhflev: call to Hadriv !! ***   1.0572407516626747        5.0000000000000000        2.1017447252431194                8 T F T
  *** Hhflev: call to Hadriv !! ***  0.82852358354241074        5.0000000000000000        2.0296641146722449                8 T F T
  *** Hhflev: call to Hadriv !! ***  0.82852358354241074        5.0000000000000000        2.0296641146722449                8 T F T
  *** Hhflev: call to Hadriv !! ***  0.82852358354241074        5.0000000000000000        2.0296641146722449                8 T F T
  *** Hhflev: call to Hadriv !! ***  0.82852358354241074        5.0000000000000000        2.0296641146722449                8 T F T
  *** Hhflev: call to Hadriv !! ***  0.82852358354241074        5.0000000000000000        2.0296641146722449                8 T F T
  Comptn_2: TXYZ:  0.99999999999614042       U,V,W -0.80265301691142099       0.59515291418655636        3.9257396429004388E-002
  Comptn_2: TXYZ:   1.0000000000030638       U,V,W  -2.6269890891725822E-002 -0.35563049482738052       0.93425737566498945     
  Comptn_2: TXYZ:  0.99999999999724176       U,V,W  -3.7000913168185434E-002 -0.51079639003000921      -0.85890510555839228     
  Comptn_2: TXYZ:   1.0000000000261651       U,V,W -0.51835891733085759       0.85107157790204013        8.3553588415327340E-002
  Comptn_2: TXYZ:   1.0000000000152400       U,V,W  0.30448365621005280        9.9659709950486786E-002  0.94728963117347753     
  Comptn_2: TXYZ:  0.99999999999815170       U,V,W  0.38661718014337865      -0.83358476476011134      -0.39454226133072723     
  Comptn_2: TXYZ:   1.0000000000011600       U,V,W  0.49112778211292607      -0.42927572608185827       0.75796823985896111     
  Comptn_2: TXYZ:   1.0000000000022298       U,V,W  0.54986947820000864       -4.5002936484706879E-002  0.83403734487973225     
  Comptn_2: TXYZ:  0.99999999999806355       U,V,W -0.89425687681588073       0.40879914445570620      -0.18217545871453922     
        200                  9800                  9800             4.7396268E-01         1.0000000E+30             43432       
 NEXT SEEDS: 26C4546      36       0       0       0       0       7    3039       0       0
  Comptn_2: TXYZ:   1.0000000000037432       U,V,W -0.46207335866658639       0.29327530567721394      -0.83694552170034342     
  Comptn_2: TXYZ:   1.0000000000010132       U,V,W -0.91481447570539132       0.27596545344668755       0.29488564486059232     
  Comptn_2: TXYZ:  0.99999999998660016       U,V,W -0.44381725750866963      -0.53625482193906893       0.71795334658401089     
  Comptn_2: TXYZ:  0.99999999999893474       U,V,W  0.21019538265985105      -0.96242662680402979       0.17190953762380445     
  Comptn_2: TXYZ:  0.99999999999891709       U,V,W  0.66336345823538712      -0.21687920826699525       0.71617897993335866     
  Comptn_2: TXYZ:  0.99999999999863487       U,V,W -0.53299522127604604      -0.81792246066599361      -0.21660780787778577     
  Comptn_2: TXYZ:  0.99999999999084122       U,V,W  0.98134880115819456      -0.13883610499311771       0.13296265041941524     
        400                  9600                  9600             4.7699282E-01         1.0000000E+30             84726       
 NEXT SEEDS: 66F4949      37       0       0       0       0       7    3039       0       0
  Comptn_2: TXYZ:   1.0000000000010529       U,V,W  0.36876064221071658       0.61409396821149187       0.69778520116412324     
  Comptn_2: TXYZ:   1.0000000000028346       U,V,W  0.35874826258802273       0.88647192062632740      -0.29234776899093973     
  Comptn_2: TXYZ:   1.0000000000010318       U,V,W -0.81457421304066102      -0.25576308333472397       0.52062855919871964     
  Comptn_2: TXYZ:   1.0000000000010660       U,V,W -0.88959197715668736       0.33126311807932751       0.31446917302000088     
  Comptn_2: TXYZ:  0.99999999999895817       U,V,W -0.16630657542746263       0.58120536559072633      -0.79658172586188414     
  Comptn_2: TXYZ:  0.99999999999544542       U,V,W   7.6403528419355382E-002 -0.94988211162737812       0.30312781932846633     
        600                  9400                  9400             4.7330705E-01         1.0000000E+30            125796       
 NEXT SEEDS: 7EF1BAA      38       0       0       0       0       7    3039       0       0
  Comptn_2: TXYZ:   1.0000000000010636       U,V,W  0.52576907864932565      -0.79666187920804532       0.29815554020344592     
  Comptn_2: TXYZ:  0.99999999999892109       U,V,W -0.43531457414191266       0.61137598556625405      -0.66084841364072133     
  Comptn_2: TXYZ:   1.0000000000095641       U,V,W  0.29037623359582909       0.44381903251007770      -0.84776548016186837     
  Comptn_2: TXYZ:   1.0000000000276099       U,V,W -0.46309500198435671       0.78168952457063767      -0.41773736526823768     
  Comptn_2: TXYZ:  0.99999999999587275       U,V,W -0.76276822368450414      -0.58317340623926839      -0.27945199084699368     
  Comptn_2: TXYZ:   1.0000000000010354       U,V,W  0.44429404405603634      -0.72901889769180173       0.52070553024295663     
  Comptn_2: TXYZ:   1.0000000000206768       U,V,W  0.65862122719238414       0.49818398264452668      -0.56394219433263970     
  Comptn_2: TXYZ:   1.0000000000069860       U,V,W -0.24129802023550440       0.26543712355967841       0.93344437374370415     
  Comptn_2: TXYZ:   1.0000000000020566       U,V,W  0.48943206083480106        6.2000511088534438E-002 -0.86983457878714887     
        800                  9200                  9200             4.7443101E-01         1.0000000E+30            167368       
 NEXT SEEDS: B29DA13      39       0       0       0       0       7    3039       0       0
  *** Eveneu: no downsc. group selected, cusngl, rsngl, igpr ***  0.999999702      0.999999940              99
  *** Umfnst:amsq,np0,np,kpart  -1.4871714307531927E-017           0           1           7
  Comptn_2: TXYZ:  0.99999999999890909       U,V,W -0.67305006175891435      -0.45674605004905544      -0.58171011692235197     
  Comptn_2: TXYZ:  0.99999999999879452       U,V,W  0.37401657528174326      -0.91962975203268726      -0.11996966528922570     
  Comptn_2: TXYZ:   1.0000000000040354       U,V,W  0.45185565722132992       0.16132557245724399       0.87738276978321039     
  Comptn_2: TXYZ:   1.0000000000076246       U,V,W  0.76207232297457494       0.31972907691158525       0.56304448486866931     
  Comptn_2: TXYZ:  0.99999999998611400       U,V,W -0.95339730615562246       0.24899165637901888       0.17040167738302614     
  Comptn_2: TXYZ:  0.99999999999891021       U,V,W -0.13026088792445201       0.97287024119245302       0.19119517482975823     
  Comptn_2: TXYZ:  0.99999999999883371       U,V,W  0.90733640737788335       0.32630702715323778       0.26507426860381145     
       1000                  9000                  9000             4.7790183E-01         1.0000000E+30            208655       
 NEXT SEEDS:10820036      3A       0       0       0       0       7    3039       0       0
  Comptn_2: TXYZ:   1.0000000000064024       U,V,W -0.78963367445356880      -0.23306049518305372       0.56759269354034814     
  *** Umfnst:amsq,np0,np,kpart  -7.3968684044406797E-018           0           1           7
  *** Umfnst:amsq,np0,np,kpart  -1.4887654788201414E-017           0           1           7
  Comptn_2: TXYZ:  0.99999999999596390       U,V,W -0.66102554349374287       0.71121465812133522       0.23920480956309831     
  Comptn_2: TXYZ:  0.99999999999821132       U,V,W  0.12320796160209113        1.2563268828794265E-002 -0.99230134660414748     
  *** Umfnst:amsq,np0,np,kpart  -7.5271923561475062E-018           0           1           7
  Comptn_2: TXYZ:  0.99999999999862832       U,V,W -0.13735897710708045       0.14819292484763480      -0.97937294654887630     
  Comptn_2: TXYZ:  0.99999999999288902       U,V,W   4.6158745456608585E-002 -0.28344233192680690       0.95787776604463204     
  Comptn_2: TXYZ:   1.0000000000016223       U,V,W -0.95279027699545082       -8.1104581953267196E-002  0.29259653936904328     
  Comptn_2: TXYZ:   1.0000000000020834       U,V,W  0.92801842879958940      -0.26658304145145451      -0.26022159368683617     
  Comptn_2: TXYZ:   1.0000000000028395       U,V,W -0.62913230001790055      -0.58279007244706271       0.51434257118594928     
       1200                  8800                  8800             4.7869579E-01         1.0000000E+30            250289       
 NEXT SEEDS:14C320E1      3B       0       0       0       0       7    3039       0       0
  Comptn_2: TXYZ:   1.0000000000033009       U,V,W  0.25762708196863571       0.85764413414806540      -0.44505598052496964     
  Comptn_2: TXYZ:   1.0000000000010956       U,V,W -0.91701879952462217       -2.4587318537065528E-002 -0.39808539923824515     
  *** Umfnst:amsq,np0,np,kpart  -1.4662416474682978E-017           0           1           7
  Comptn_2: TXYZ:  0.99999999999830436       U,V,W  0.74326407294308439        8.7939817601835557E-002 -0.66319311391970714     
  *** Eveneu: no downsc. group selected, cusngl, rsngl, igpr ***  0.999999821      0.999999881             150
  *** Umfnst:amsq,np0,np,kpart  -7.3142198331251408E-018           0           1           7
  Comptn_2: TXYZ:   1.0000000000011711       U,V,W -0.32461107891166563       0.62064783939147006      -0.71373938304375173     
       1400                  8600                  8600             4.7810203E-01         1.0000000E+30            290156       
 NEXT SEEDS:176C459A      3C       0       0       0       0       7    3039       0       0
  Comptn_2: TXYZ:  0.99999999999822997       U,V,W  0.74279378449806899      -0.66892302584717811       -2.8273294833141449E-002
  Comptn_2: TXYZ:   1.0000000000010787       U,V,W  0.78261449639263958      -0.61879064663525551        6.7916755472388957E-002
  Comptn_2: TXYZ:   1.0000000000017653       U,V,W  0.43965308926176760       0.89295481351018324       -9.6627439857130071E-002
  Comptn_2: TXYZ:   1.0000000000010838       U,V,W -0.37391868953006302      -0.87979535827862065      -0.29350458458531392     
  Comptn_2: TXYZ:  0.99999999999883615       U,V,W  0.32525863847618552       0.94551792188738304        1.4236484299813057E-002
  Comptn_2: TXYZ:   1.0000000000039928       U,V,W -0.84020440359783066       0.25205518498363233       0.48012992398065890     
  Comptn_2: TXYZ:   1.0000000000471765       U,V,W -0.64347984973636585       0.56703469196386180       0.51420359891767475     
  Comptn_2: TXYZ:   1.0000000000024547       U,V,W -0.25767812009439695       0.73805399958778628      -0.62360105846570235     
  *** Umfnst:amsq,np0,np,kpart  -1.4541593395328538E-017           0           1           7
       1600                  8400                  8400             4.7831421E-01         1.0000000E+30            332078       
 NEXT SEEDS:1B2FF0E6      3D       0       0       0       0       7    3039       0       0
  Comptn_2: TXYZ:   1.0000000000014697       U,V,W  0.47451643267632448       0.80755172006659848       0.35027756785024522     
  Comptn_2: TXYZ:  0.99999999999750699       U,V,W  0.95213416030430409      -0.30487129748239283        2.2226847516620296E-002
  Comptn_2: TXYZ:   1.0000000000187230       U,V,W -0.19807684548300131      -0.85011120258889150      -0.48793084195928316     
  Comptn_2: TXYZ:  0.99999999999796241       U,V,W  0.87217224763790213       -9.8213223600893684E-002 -0.47923870164891014     
  Comptn_2: TXYZ:   1.0000000000037537       U,V,W  0.45424762836852750      -0.48728408625346731      -0.74579709801624006     
  Comptn_2: TXYZ:   1.0000000000024183       U,V,W  0.51685654497222799       0.81721456146889437       0.25498955359973507     
  Comptn_2: TXYZ:  0.99999999999781264       U,V,W -0.41675583658421544       0.63638176505704536      -0.64910154966205624     
  Comptn_2: TXYZ:  0.99999999999802947       U,V,W -0.87400468139983190       0.27385292507604220      -0.40139804722557315     
  Comptn_2: TXYZ:   1.0000000000031581       U,V,W   6.8447331509389642E-002  0.92744192998051800       0.36764987328491472     
       1800                  8200                  8200             4.7832022E-01         1.0000000E+30            372442       
 NEXT SEEDS:1EA75F3E      3E       0       0       0       0       7    3039       0       0
  Comptn_2: TXYZ:  0.99999999997447797       U,V,W  0.25741369311407425      -0.96314411009740297       -7.8048790871690699E-002
  Comptn_2: TXYZ:   1.0000000000013300       U,V,W  0.73905803378885970      -0.31844334958303477       0.59362198055649174     
  Comptn_2: TXYZ:   1.0000000000012794       U,V,W -0.77082708639050779       0.17737625427832171      -0.61185232475344264     
  Comptn_2: TXYZ:   1.0000000000033653       U,V,W  0.37432035561194255      -0.47166924014803158       0.79838111154766978     
  Comptn_2: TXYZ:   1.0000000000051701       U,V,W  0.30337676381440559      -0.76937924596379048       0.56215488529662139     
       2000                  8000                  8000             4.7942933E-01         1.0000000E+30            414086       
 NEXT SEEDS:23DCCEE9      3F       0       0       0       0       7    3039       0       0
  Comptn_2: TXYZ:  0.99999999999855904       U,V,W -0.69636875241893392      -0.71611242140530607       -4.7471681685884448E-002
  Comptn_2: TXYZ:   1.0000000000011759       U,V,W  0.45969516712913006      -0.25994297890407125      -0.84918195991069823     
  Comptn_2: TXYZ:  0.99999999999712419       U,V,W  0.47036802444769510       0.10734445921872293      -0.87591728413665670     
       2200                  7800                  7800             4.7986442E-01         1.0000000E+30            455107       
 NEXT SEEDS:2842672D      40       0       0       0       0       7    3039       0       0
  Comptn_2: TXYZ:   1.0000000000018643       U,V,W  0.22558363109455826      -0.84486438110247875      -0.48509401452541567     
  Comptn_2: TXYZ:   1.0000000000010087       U,V,W -0.86943585263035317      -0.43855118510565916       0.22749539820480180     
  Comptn_2: TXYZ:   1.0000000000010418       U,V,W  0.40326838834890566      -0.19988889894111139      -0.89298322214900994     
  *** Umfnst:amsq,np0,np,kpart  -7.4355006492761314E-018           0           1           7
  Comptn_2: TXYZ:   1.0000000000010811       U,V,W -0.45932180257009270       0.83125586113558114      -0.31310888683105986     
  Comptn_2: TXYZ:   1.0000000000014770       U,V,W  0.86497336792147195       0.18031216463057476      -0.46830395692786908     
  Comptn_2: TXYZ:  0.99999999998717559       U,V,W   3.9313019382802850E-004 -0.23170418843643859       0.97278621212311478     
  Comptn_2: TXYZ:   1.0000000000023559       U,V,W -0.31884954082649131       0.37504872818873736      -0.87044438179650641     
  Comptn_2: TXYZ:   1.0000000000011855       U,V,W  -7.9804607619596624E-002  0.92069408855389767      -0.38203876754300126     
  Comptn_2: TXYZ:   1.0000000000157530       U,V,W  0.60976737654613089       0.75400461138286801       0.24425558853211982     
  Comptn_2: TXYZ:   1.0000000000016156       U,V,W -0.46516258234615293       0.88467893122038177       -3.1095990761464520E-002
  Comptn_2: TXYZ:   1.0000000000085467       U,V,W -0.97746856664031867       0.14542172395727704       0.15299582817829105     
  *** Umfnst:amsq,np0,np,kpart  -7.4968835644434804E-018           0           1           7
  Comptn_2: TXYZ:  0.99999999999881595       U,V,W  0.41714311269585380       0.26245250262742914       0.87012085792367344     
       2400                  7600                  7600             4.7971713E-01         1.0000000E+30            495716       
 NEXT SEEDS:2B9B224A      41       0       0       0       0       7    3039       0       0
  Comptn_2: TXYZ:   1.0000000000018605       U,V,W   4.1065127240749622E-002  0.75476167877073408       0.65471250452831953     
  Comptn_2: TXYZ:   1.0000000000010134       U,V,W -0.48874191880454987       0.15340201761282302       0.85883593182666473     
  *** Umfnst:amsq,np0,np,kpart  -7.3201198127806347E-018           0           1           7
  Comptn_2: TXYZ:  0.99999999997901656       U,V,W  -6.7379593369707891E-002  0.93898629728421668      -0.33729026651954541     
  Comptn_2: TXYZ:   1.0000000000016183       U,V,W  0.18451014639857988      -0.50257999238525031      -0.84461195654077414     
  Comptn_2: TXYZ:   1.0000000000025149       U,V,W -0.53868283555780039       0.60275410869211754      -0.58864954525820679     
  Comptn_2: TXYZ:  0.99999999999623057       U,V,W -0.60830175357413907       0.71292110607575410       0.34887314758602628     
  Comptn_2: TXYZ:  0.99999999999888467       U,V,W -0.67032789867964127      -0.74055937079526579       -4.7247503404321378E-002
  Comptn_2: TXYZ:   1.0000000000013587       U,V,W  0.84455767151641936        4.1776391119377365E-002  0.53383243871945751     
       2600                  7400                  7400             4.7941785E-01         1.0000000E+30            537270       
 NEXT SEEDS:2EBC4886      42       0       0       0       0       7    3039       0       0
  *** Umfnst:amsq,np0,np,kpart  -2.1738729713285552E-017           0           1           7
  Comptn_2: TXYZ:  0.99999999998494771       U,V,W -0.62081191499059685       0.74946059308761903       0.23000301215290619     
  Comptn_2: TXYZ:  0.99999999999186251       U,V,W -0.33395860099717822       0.91305893067416122      -0.23408340805795547     
  Comptn_2: TXYZ:  0.99999999999738898       U,V,W  0.24369465514194388       0.96365932954224576       0.10942399937320602     
  Comptn_2: TXYZ:  0.99999999999800959       U,V,W  0.23922931201384312      -0.34665575878145916       0.90697250298729770     
  Comptn_2: TXYZ:   1.0000000000012326       U,V,W  0.58326447247959656      -0.11737907980010220       0.80375662160234285     
  Comptn_2: TXYZ:   1.0000000000018106       U,V,W -0.62176487513522716      -0.65886480555269600       0.42344492918665821     
  Comptn_2: TXYZ:  0.99999999999754730       U,V,W  -8.7915855963885292E-002 -0.97465704733597680      -0.20570474556023299     
       2800                  7200                  7200             4.7891822E-01         1.0000000E+30            579547       
 NEXT SEEDS:31EBEE01      43       0       0       0       0       7    3039       0       0
  Comptn_2: TXYZ:  0.99999999999777711       U,V,W  0.17430841469700020      -0.40429031769275525      -0.89786742650765916     
  Comptn_2: TXYZ:   1.0000000000029972       U,V,W -0.67328743114673273       -8.8950134991065966E-003  0.73932733873277101     
  *** Umfnst:amsq,np0,np,kpart  -1.4578497339990804E-017           0           1           7
  Comptn_2: TXYZ:  0.99999999999851386       U,V,W -0.37918017336519583       0.90126145708488892       0.20964298723896491     
  Comptn_2: TXYZ:   1.0000000000013258       U,V,W -0.80992201850914824      -0.16041971977642078       0.56417358804028339     
  Comptn_2: TXYZ:  0.99999999999879863       U,V,W -0.35632927803999781       -3.3446585723396538E-002 -0.93376162456685918     
  Comptn_2: TXYZ:  0.99999999999874212       U,V,W  0.40583048841664038       0.70436241315225856       0.58238750468101586     
  Comptn_2: TXYZ:  0.99999999999895706       U,V,W   4.3506777384330064E-003  0.98380020453740880       0.17921559406013188     
       3000                  7000                  7000             4.7876125E-01         1.0000000E+30            620082       
 NEXT SEEDS:357929FF      44       0       0       0       0       7    3039       0       0
  Comptn_2: TXYZ:   1.0000000000045448       U,V,W  0.21144222948717584       0.95000187457598528       0.22975774610696220     
  Comptn_2: TXYZ:   1.0000000000011715       U,V,W  0.36131066825704750      -0.18887703081000495      -0.91311558317510588     
  Comptn_2: TXYZ:  0.99999999999882627       U,V,W  0.31386744640027242      -0.19032226109678874      -0.93019603472601631     
  Comptn_2: TXYZ:   1.0000000000014930       U,V,W  0.77466584512011505       0.37595285546431256      -0.50848036232883231     
  Comptn_2: TXYZ:  0.99999999969648568       U,V,W  0.89904405278360855       0.22197471904883059       0.37742153483088714     
  Comptn_2: TXYZ:   1.0000000000030447       U,V,W -0.35068926827453595       0.81533684862100131       0.46069823138459043     
  Comptn_2: TXYZ:   1.0000000000038269       U,V,W   9.9104813409226722E-002 -0.35598212100268256       0.92922277495193839     
  Comptn_2: TXYZ:   1.0000000000011680       U,V,W -0.82654171868754744        8.0712360103682101E-002  0.55705861648187138     
  Comptn_2: TXYZ:  0.99999999999777944       U,V,W  0.80266450479365403       0.48118280998950524       0.35240998299245341     
  Comptn_2: TXYZ:  0.99999999999747924       U,V,W -0.28553509480794759        5.1758888388604873E-002  0.95696955390611649     
  Comptn_2: TXYZ:  0.99999999998786848       U,V,W -0.68002973765641173      -0.32122031877003110      -0.65907288117483631     
  Comptn_2: TXYZ:   1.0000000000033225       U,V,W -0.38517399504557659      -0.82046691570953101       0.42246305610081691     
  Comptn_2: TXYZ:  0.99999999999893119       U,V,W  0.83980263929144616       0.14659266169934426       0.52272566282320021     
  Comptn_2: TXYZ:   1.0000000000026310       U,V,W -0.61824041189117551       -5.5412512781600753E-002 -0.78403331978589375     
  Comptn_2: TXYZ:  0.99999999998814715       U,V,W  0.21899366902171380       0.96941288113576007      -0.11081714129420561     
  Comptn_2: TXYZ:   1.0000000000010827       U,V,W -0.68543391257187625       -4.6191503365143660E-002  0.72666821625440603     
  Comptn_2: TXYZ:  0.99999999999842171       U,V,W  0.97747539380886606       -8.9861622318800016E-002  0.19096267522963029     
       3200                  6800                  6800             4.7917517E-01         1.0000000E+30            661288       
 NEXT SEEDS:3A52ED0B      45       0       0       0       0       7    3039       0       0
  Comptn_2: TXYZ:   1.0000000000018749       U,V,W -0.34013125949950052      -0.55901140293330798       0.75618580898063215     
  Comptn_2: TXYZ:  0.99999999999764788       U,V,W -0.32696696002608405      -0.26786674161925816       0.90627811172025474     
  Comptn_2: TXYZ:  0.99999999997816769       U,V,W  0.39729030835258072       0.68393550007229464      -0.61187632950469606     
  Comptn_2: TXYZ:   1.0000000000014073       U,V,W -0.34915504092046490      -0.79187025824178292       0.50103118816429770     
       3400                  6600                  6600             4.7917899E-01         1.0000000E+30            702171       
 NEXT SEEDS: 2DC3455      47       0       0       0       0       7    3039       0       0
  Comptn_2: TXYZ:  0.99999999999830624       U,V,W   3.5341765809803860E-002  0.74505701143634973      -0.66606381773617329     
  Comptn_2: TXYZ:   1.0000000000016924       U,V,W  0.77539466874204521       0.60092169379224458      -0.19405212087984580     
  Comptn_2: TXYZ:   1.0000000000012328       U,V,W  0.73101522211312897       0.17733825181311147      -0.65891417459635448     
  Comptn_2: TXYZ:  0.99999999999412326       U,V,W  0.42008011450107574      -0.57577708956019080       0.70143669745208115     
  Comptn_2: TXYZ:   1.0000000000045861       U,V,W  0.62477559707035368      -0.57756953698967806       0.52542257588677899     
  Comptn_2: TXYZ:  0.99999999998596178       U,V,W -0.19696181786969191       0.84776892243831981      -0.49243669281969460     
       3600                  6400                  6400             4.7933148E-01         1.0000000E+30            744481       
 NEXT SEEDS: 6BB66BB      48       0       0       0       0       7    3039       0       0
  Comptn_2: TXYZ:  0.99999999999842382       U,V,W -0.69755011426589508       0.31007740837042519      -0.64596891481273389     
  Comptn_2: TXYZ:  0.99999999998557743       U,V,W  0.10351720572708700      -0.61912296129976596       0.77844135739016451     
  Comptn_2: TXYZ:  0.99999999999788991       U,V,W   3.5926499888958574E-003  0.48104496857860113      -0.87668855990548877     
  Comptn_2: TXYZ:   1.0000000000013671       U,V,W -0.58449304191201179       0.45445308646399951       0.67219065462200156     
  Comptn_2: TXYZ:   1.0000000000039797       U,V,W -0.67810549038206602       0.68041994558195640       0.27785183384661138     
  Comptn_2: TXYZ:  0.99999999999709044       U,V,W   8.7134759622088609E-002  0.99237913910917896        8.7127366100531844E-002
  Comptn_2: TXYZ:  0.99999999999892220       U,V,W  0.15923170724839508      -0.95426212580775904      -0.25303963850460320     
  *** Umfnst:amsq,np0,np,kpart  -7.3063823952137971E-018           0           1           7
  Comptn_2: TXYZ:  0.99999999999892264       U,V,W -0.98490465177416553        6.9150376767346700E-002 -0.15868538781332830     
  Comptn_2: TXYZ:  0.99999999999404809       U,V,W  0.94826842723109195       0.14653922422590426      -0.28162607420831876     
       3800                  6200                  6200             4.7979947E-01         1.0000000E+30            786447       
 NEXT SEEDS: B35251C      49       0       0       0       0       7    3039       0       0
  Comptn_2: TXYZ:   1.0000000000012994       U,V,W  0.15222675637124894      -0.83138461486516846      -0.53444048949483935     
  Comptn_2: TXYZ:  0.99999999989772581       U,V,W  0.38972241530589002       0.26488128756841434      -0.88201720074042100     
  Comptn_2: TXYZ:  0.99999999999891109       U,V,W  -6.5813124276321133E-002  0.63278988111574108      -0.77152161280772091     
  Comptn_2: TXYZ:  0.99999999999868172       U,V,W -0.23058431251159561       0.12191796254177260       0.96538431996376417     
  Comptn_2: TXYZ:  0.99999999999868927       U,V,W -0.96897721685609639       0.17382471259436016      -0.17569326254580986     
  Comptn_2: TXYZ:  0.99999999999554023       U,V,W   4.6565670497262346E-002  0.29809340489337899      -0.95340020992537688     
  Comptn_2: TXYZ:   1.0000000000015790       U,V,W -0.72236236719448499        4.3075184726784954E-002 -0.69017181840720809     
  Comptn_2: TXYZ:   1.0000000000014491       U,V,W -0.76096112232591651      -0.46766860120949616       0.44969350646043793     
  Comptn_2: TXYZ:   1.0000000000018403       U,V,W  0.68614302434521335      -0.52328036764475705       0.50535671261180681     
  Comptn_2: TXYZ:  0.99999999999017009       U,V,W  0.60187942667758421       0.45511942218661261       0.65620687841636993     
  Comptn_2: TXYZ:   1.0000000000014435       U,V,W -0.91632079926289101       0.14264307447829339      -0.37417796052552355     
  Comptn_2: TXYZ:   1.0000000000013993       U,V,W -0.56402082872683579      -0.42855171935577374      -0.70584979181190022     
  Comptn_2: TXYZ:   1.0000000000010547       U,V,W  0.12292599255034986       0.83681777482310749       0.53350277609087371     
  Comptn_2: TXYZ:  0.99999999999875011       U,V,W  0.17402550681596285      -0.56082622438344742      -0.80943750161454986     
       4000                  6000                  6000             4.8019231E-01         1.0000000E+30            826786       
 NEXT SEEDS: F45B1DB      4A       0       0       0       0       7    3039       0       0
  Comptn_2: TXYZ:   1.0000000000278286       U,V,W  0.98110767146901168      -0.19079503038969392       -3.2015517972979524E-002
  Comptn_2: TXYZ:   1.0000000000266067       U,V,W -0.60501746037144244       0.74244536543211836      -0.28762606283274295     
  Comptn_2: TXYZ:   1.0000000000035094       U,V,W -0.96607487385109891        3.3372021039454580E-002 -0.25609694712908038     
  Comptn_2: TXYZ:  0.99999999999745426       U,V,W  0.98706841080363938       -1.5185714416503515E-003 -0.16029237764725046     
  Comptn_2: TXYZ:  0.99999999999882860       U,V,W -0.28496700275643150      -0.92892272568287271       0.23642414650104371     
  Comptn_2: TXYZ:  0.99999999999552203       U,V,W   1.3588053039892856E-002  0.91758193135593302       0.39731443978192260     
  Comptn_2: TXYZ:  0.99999999999693556       U,V,W  0.20824246983338490      -0.16999445656944090      -0.96319102907485998     
  Comptn_2: TXYZ:   1.0000000000015881       U,V,W  0.36361715793269056       0.85470193188143462       0.37049584356195453     
  Comptn_2: TXYZ:  0.99999999999776201       U,V,W  0.95388688916996678       -6.1868749090450592E-002  0.29372105909074420     
       4200                  5800                  5800             4.8059520E-01         1.0000000E+30            866669       
 NEXT SEEDS:130985D0      4B       0       0       0       0       7    3039       0       0
  *** Eveneu: no downsc. group selected, cusngl, rsngl, igpr ***  0.999999940       1.00000000             107
  Comptn_2: TXYZ:  0.99999999999544364       U,V,W -0.48864223935562023      -0.64472451643948148       0.58784271690210232     
  *** Umfnst:amsq,np0,np,kpart  -1.5231953556666536E-017           0           1           7
  Comptn_2: TXYZ:  0.99999999999698930       U,V,W  0.21631653283271390      -0.96843593724951926      -0.12385068858858972     
  Comptn_2: TXYZ:  0.99999999999891143       U,V,W  0.73059667874764500      -0.63044966625185417       0.26222454371158221     
  Comptn_2: TXYZ:   1.0000000000013913       U,V,W -0.81161160809832467       0.52082776354009930      -0.26462244486675957     
  Comptn_2: TXYZ:  0.99999999999751021       U,V,W  0.32349218518781697       0.14070428274231972       0.93571101892512232     
  Comptn_2: TXYZ:   1.0000000000019527       U,V,W -0.86407038575209683      -0.35406413975923101      -0.35780015847499413     
  Comptn_2: TXYZ:  0.99999999999878941       U,V,W  0.71930822696998575       0.39823230773098306       0.56921586739245100     
  Comptn_2: TXYZ:   1.0000000000057101       U,V,W -0.60491339308407532       0.67160990876767457       0.42780827168054714     
  Comptn_2: TXYZ:  0.99999999999773492       U,V,W  0.26190598931350451        7.1550616445694715E-002 -0.96243740681962819     
       4400                  5600                  5600             4.8081927E-01         1.0000000E+30            907618       
 NEXT SEEDS:16E6F83F      4C       0       0       0       0       7    3039       0       0
  Comptn_2: TXYZ:  0.99999999999897060       U,V,W  -6.4954964116459735E-002  -2.1923146323950753E-002  0.99764734665655208     
  Comptn_2: TXYZ:   1.0000000000025726       U,V,W -0.98495663862037475      -0.12626079473780294       0.11797725099528122     
  *** Eveneu: no downsc. group selected, cusngl, rsngl, igpr ***  0.999999821      0.999999940             124
  Comptn_2: TXYZ:   1.0000000000323563       U,V,W  0.60895423529492732      -0.22494811940322279       0.76063991673174769     
  Comptn_2: TXYZ:  0.99999999997570699       U,V,W  0.81551184124256348       0.39540965667515593      -0.42260104138171073     
  Comptn_2: TXYZ:  0.99999999999828570       U,V,W -0.55734677832431601       -5.0103364286293584E-002  0.82876668705793577     
  Comptn_2: TXYZ:  0.99999999999781974       U,V,W  0.10289476324140878      -0.79456775127211543      -0.59839347952136634     
  Comptn_2: TXYZ:   1.0000000000090568       U,V,W   4.8294346030104407E-003 -0.97736494918779315      -0.21150515991250529     
  Comptn_2: TXYZ:   1.0000000000014169       U,V,W -0.40610685064293239       0.33884515603720899       0.84868202884968369     
  Comptn_2: TXYZ:  0.99999999999350664       U,V,W  0.41911537116476438      -0.26781491594699525      -0.86753528829854076     
  Comptn_2: TXYZ:  0.99999999999881362       U,V,W -0.37129084914606381       0.92479161395048948        8.3087761469769816E-002
       4600                  5400                  5400             4.8150949E-01         1.0000000E+30            947721       
 NEXT SEEDS:1C297DA6      4D       0       0       0       0       7    3039       0       0
  Comptn_2: TXYZ:   1.0000000000024984       U,V,W  0.65094540181870997       0.31541361047167982      -0.69049571916326613     
  Comptn_2: TXYZ:   1.0000000000022888       U,V,W -0.39295910347126650      -0.52466291313160696       0.75519002283240155     
  Comptn_2: TXYZ:   1.0000000000023801       U,V,W  0.31025649741491179      -0.69571103692859282       0.64786345699534031     
  Comptn_2: TXYZ:  0.99999999999699007       U,V,W -0.34724536243661852      -0.89623893376447938      -0.27600078236838499     
  Comptn_2: TXYZ:   1.0000000000010314       U,V,W  0.31773192768239600      -0.35397620487491110      -0.87962905165451133     
  Comptn_2: TXYZ:   1.0000000000015477       U,V,W  0.29960516970221152       0.38898439056021061       0.87116467225763827     
  Comptn_2: TXYZ:   1.0000000000013423       U,V,W   3.2834102737943738E-002 -0.78923368206753963       0.61321457646475608     
  Comptn_2: TXYZ:   1.0000000000011264       U,V,W -0.57613516009966759       0.42309457303233877       0.69932771971990348     
  Comptn_2: TXYZ:   1.0000000000012417       U,V,W  0.36373761504865598       0.90439788017606570      -0.22306819973496061     
       4800                  5200                  5200             4.8082292E-01         1.0000000E+30            989940       
 NEXT SEEDS:1D84BD05      4E       0       0       0       0       7    3039       0       0
  Comptn_2: TXYZ:  0.99999999995376121       U,V,W  0.70962042909388856      -0.11190383285025973      -0.69564098410012321     
  Comptn_2: TXYZ:  0.99999999999847433       U,V,W -0.37062926758746073       0.92778323110144001       -4.3037449889936852E-002
  Comptn_2: TXYZ:   1.0000000000010745       U,V,W  0.36354999018239553       0.92839291715903549        7.6928512324045073E-002
  Comptn_2: TXYZ:   1.0000000000029450       U,V,W  0.97241303107732735       -1.0857719553058587E-002  0.23301289002983694     
  Comptn_2: TXYZ:  0.99999999999843847       U,V,W -0.18628466904253571       0.24790794416619377      -0.95070482974340820     
       5000                  5000                  5000             4.8065499E-01         1.0000000E+30           1031253       
 NEXT SEEDS:2120DAA9      4F       0       0       0       0       7    3039       0       0
  Comptn_2: TXYZ:   1.0000000000019180       U,V,W  0.93261071085951386       -6.7677413172091860E-002 -0.35448135316030971     
  Comptn_2: TXYZ:   1.0000000000012095       U,V,W  0.22638105979163470      -0.89426971921453902       0.38604829369494098     
  Comptn_2: TXYZ:   1.0000000000012028       U,V,W  0.89925633530598148        4.6667323021154061E-002  0.43492551589358186     
  Comptn_2: TXYZ:   1.0000000000015805       U,V,W  0.45661927517138423       0.84108505967120983      -0.28995647939202485     
  Comptn_2: TXYZ:   1.0000000000015530       U,V,W  0.22396382570789797      -0.53059706555324881       0.81750043351799917     
  Comptn_2: TXYZ:   1.0000000000026048       U,V,W -0.24124255243616233      -0.27925249245159023       0.92941921454006149     
  Comptn_2: TXYZ:  0.99999999998335365       U,V,W  0.91728614259852392        8.6001504055758460E-002  0.38883142090142542     
  Comptn_2: TXYZ:   1.0000000000265015       U,V,W  -6.6561767319228693E-002 -0.92582663683135158      -0.37204108602598041     
       5200                  4800                  4800             4.8065821E-01         1.0000000E+30           1071967       
 NEXT SEEDS:247C2254      50       0       0       0       0       7    3039       0       0
  Comptn_2: TXYZ:  0.99999999999898848       U,V,W  0.98431668717775445        6.5038446279823248E-002 -0.16398371824027436     
  *** Umfnst:amsq,np0,np,kpart  -7.3699081141304008E-018           0           1           7
  Comptn_2: TXYZ:   1.0000000000010283       U,V,W  -1.9785125000267134E-002  -7.3432926207431137E-002 -0.99710388334333855     
  Comptn_2: TXYZ:  0.99999999999897615       U,V,W  0.36408291566140605       0.21791671307969906       0.90551418359018854     
  Comptn_2: TXYZ:  0.99999999999847122       U,V,W -0.52174677493648147       0.85296220809922829        1.5354946966386507E-002
  Comptn_2: TXYZ:   1.0000000000012848       U,V,W  0.39970450353031595       0.91567091595203820        4.2226573841880111E-002
  Comptn_2: TXYZ:   1.0000000000022202       U,V,W -0.91068223679319615      -0.11894725829969843      -0.39561270623495659     
       5400                  4600                  4600             4.8044263E-01         1.0000000E+30           1113569       
 NEXT SEEDS:275A026E      51       0       0       0       0       7    3039       0       0
  Comptn_2: TXYZ:  0.99999999999898992       U,V,W -0.49841848556690849       0.56861536594711737       0.65441239203808266     
  Comptn_2: TXYZ:   1.0000000000093028       U,V,W   2.9091506064474970E-002  0.99750293222531250       -6.4355143431640727E-002
  Comptn_2: TXYZ:  0.99999999999743761       U,V,W  0.81040345914908407        9.0310299405842898E-002  0.57886983270668324     
  Comptn_2: TXYZ:   1.0000000000034435       U,V,W -0.88349653395823324        6.4304954431364081E-002 -0.46400296046772382     
  Comptn_2: TXYZ:   1.0000000000011156       U,V,W  -3.5800198220762525E-002 -0.89094774052655978       0.45269246675760755     
  Comptn_2: TXYZ:   1.0000000000053797       U,V,W  0.78800981686129035      -0.48789544471690860      -0.37549775440088240     
  Comptn_2: TXYZ:  0.99999999999696865       U,V,W  0.41184924284274871      -0.39231251886619845      -0.82247862507647085     
  *** Umfnst:amsq,np0,np,kpart  -7.4950965343011933E-018           0           1           7
       5600                  4400                  4400             4.8019031E-01         1.0000000E+30           1154069       
 NEXT SEEDS:2A23653B      52       0       0       0       0       7    3039       0       0
  *** Umfnst:amsq,np0,np,kpart  -7.4394539545237455E-018           0           1           7
  *** Umfnst:amsq,np0,np,kpart  -1.4658139583265389E-017           0           1           7
  Comptn_2: TXYZ:   1.0000000000023261       U,V,W -0.10316208220267953      -0.31565728919542835      -0.94324867377363830     
  Comptn_2: TXYZ:   1.0000000000019764       U,V,W  -7.4893614443027445E-002  0.90783029610883692       0.41259556466905600     
  Comptn_2: TXYZ:   1.0000000000010500       U,V,W  0.16750540367374356       0.97624578217013180       0.13742675334946242     
  Comptn_2: TXYZ:  0.99999999998749523       U,V,W   5.3831567642561140E-002 -0.79026996453814036      -0.61038966690264829     
  Comptn_2: TXYZ:   1.0000000000010185       U,V,W  -3.5041309233406537E-002 -0.43511071570905457       0.89969482143857071     
  Comptn_2: TXYZ:  0.99999999999803024       U,V,W -0.67869613881870805       0.72858769592797046       -9.2366230262896920E-002
  Comptn_2: TXYZ:  0.99999999999597744       U,V,W  -2.0371663428150555E-002 -0.26578639508169744      -0.96381667733787602     
       5800                  4200                  4200             4.8013227E-01         1.0000000E+30           1194938       
 NEXT SEEDS:2E0670F4      53       0       0       0       0       7    3039       0       0
  Comptn_2: TXYZ:   1.0000000000011351       U,V,W   9.9454489749559727E-002 -0.99428968963114350        3.8688726562064346E-002
  Comptn_2: TXYZ:  0.99999999999730094       U,V,W  0.18969282675423926       0.98180271215990622        8.9479534386072146E-003
  *** Umfnst:amsq,np0,np,kpart  -1.4904693491538114E-017           0           1           7
  Comptn_2: TXYZ:   1.0000000000018756       U,V,W -0.95321307389776067      -0.26387238938835367       0.14749982329053424     
  Comptn_2: TXYZ:  0.99999999999883293       U,V,W  0.51849604154031681      -0.16577776239994080       0.83885611900940660     
  Comptn_2: TXYZ:  0.99999999999764888       U,V,W  0.70689697788839645       0.40577626079709717       0.57934643247665463     
  *** Umfnst:amsq,np0,np,kpart  -7.3180923029500795E-018           0           1           7
  *** Umfnst:amsq,np0,np,kpart  -7.5147566977448570E-018           0           1           7
       6000                  4000                  4000             4.8004750E-01         1.0000000E+30           1234246       
 NEXT SEEDS:3128BA95      54       0       0       0       0       7    3039       0       0
  Comptn_2: TXYZ:  0.99999999999857625       U,V,W  0.84438372774332748      -0.49016873477390988      -0.21621917530830359     
  Comptn_2: TXYZ:   1.0000000000016764       U,V,W  -3.7044715592330135E-002 -0.77281346040554055      -0.63355113800258778     
  Comptn_2: TXYZ:  0.99999999999872013       U,V,W -0.16821035227181369      -0.98489585649948830       -4.1053979556821218E-002
  Comptn_2: TXYZ:   1.0000000000010620       U,V,W  -2.7391034316597285E-003  0.42616179781965968       0.90464281315476569     
  Comptn_2: TXYZ:  0.99999999999747036       U,V,W  0.90423462852415781       0.39178102693985295      -0.16990398319404676     
  *** Umfnst:amsq,np0,np,kpart  -1.4525760736848225E-017           0           1           7
  Comptn_2: TXYZ:   1.0000000000014257       U,V,W  0.19454344964906056        9.5311461857559010E-002 -0.97625230931283546     
  Comptn_2: TXYZ:   1.0000000000013063       U,V,W  0.82538472232916860       0.27421750615791085      -0.49350260329956086     
       6200                  3800                  3800             4.7986912E-01         1.0000000E+30           1275359       
 NEXT SEEDS:3424C8EB      55       0       0       0       0       7    3039       0       0
  Comptn_2: TXYZ:  0.99999999999889200       U,V,W  0.26289441692526339      -0.86374852375166533      -0.42991279728014220     
  Comptn_2: TXYZ:   1.0000000000012104       U,V,W -0.14899669845827646      -0.54394941687336784       0.82578387955497590     
  Comptn_2: TXYZ:  0.99999999999878042       U,V,W -0.31565163062903423       0.44549207525898282      -0.83779523689351265     
  Comptn_2: TXYZ:  0.99999999999242029       U,V,W  0.84039991129376546       0.51570040523452576       0.16667657643111511     
  Comptn_2: TXYZ:   1.0000000000039033       U,V,W  -6.4447354907002818E-002 -0.99085415370270946      -0.11855203304659767     
  Comptn_2: TXYZ:   1.0000000000042584       U,V,W -0.86736978704541912       0.34889489024155296       0.35488309073324054     
  Comptn_2: TXYZ:  0.99999999999229749       U,V,W  0.13174264738248098      -0.27620328302180042       0.95202711164174936     
  Comptn_2: TXYZ:  0.99999999999002787       U,V,W  -3.4799971810272723E-002  0.91173217818639785      -0.40930843774776804     
  *** Umfnst:amsq,np0,np,kpart  -7.4394552327307457E-018           0           1           7
  Comptn_2: TXYZ:   1.0000000000048486       U,V,W -0.95908604874922609       0.19121244736977872      -0.20878637663962962     
       6400                  3600                  3600             4.8008863E-01         1.0000000E+30           1317828       
 NEXT SEEDS:392AE25A      56       0       0       0       0       7    3039       0       0
  Comptn_2: TXYZ:   1.0000000000014637       U,V,W   7.0171209968528103E-002  0.98680226516510583       0.14593591318805821     
  Comptn_2: TXYZ:  0.99999999999725286       U,V,W -0.27011849704307167       0.17512820145304381      -0.94676613300659795     
  *** Umfnst:amsq,np0,np,kpart  -1.6562919513534840E-017           0           1           7
  Comptn_2: TXYZ:   1.0000000000011355       U,V,W  0.40877915422889544       0.50936793704855887       0.75726079244599731     
  Comptn_2: TXYZ:   1.0000000000015752       U,V,W  0.87865652621924184       -3.0897630383414310E-002  0.47645361303132105     
  Comptn_2: TXYZ:   1.0000000000014617       U,V,W -0.80224933949514110      -0.42942083062400904       0.41472128894868376     
  Comptn_2: TXYZ:   1.0000000000018929       U,V,W -0.58124077602763435      -0.81144660855258621       -6.0939000264134791E-002
  Comptn_2: TXYZ:  0.99999999999790312       U,V,W  -7.7392837600264386E-002   5.6827749509423597E-002 -0.99537980468350695     
  Comptn_2: TXYZ:   1.0000000000024185       U,V,W -0.56756319767394103       0.80653553064021644      -0.16544622831438005     
       6600                  3400                  3400             4.7996010E-01         1.0000000E+30           1358607       
 NEXT SEEDS:  931B14      58       0       0       0       0       7    3039       0       0
  Comptn_2: TXYZ:   1.0000000000010778       U,V,W -0.34159576446741369       0.93347137342196129       0.10928645250312741     
  Comptn_2: TXYZ:   1.0000000000012979       U,V,W -0.51817573007292950       0.65428848135340445       0.55081802433556959     
  *** Umfnst:amsq,np0,np,kpart  -7.2639420498991545E-018           0           1           7
  Comptn_2: TXYZ:   1.0000000000014952       U,V,W -0.81692963339992275      -0.57367812344062941        5.9324402737836124E-002
  Comptn_2: TXYZ:   1.0000000000016647       U,V,W -0.25482121148488091      -0.59860837418745694       0.75943015777074052     
  Comptn_2: TXYZ:  0.99999999999723665       U,V,W  -4.2255014173662175E-003  0.99586410830516314        9.0756944222306402E-002
  Comptn_2: TXYZ:  0.99999999999869804       U,V,W  0.47629021333104049       0.23572042202635757      -0.84710301340715688     
  Comptn_2: TXYZ:  0.99999999999804667       U,V,W  0.12470968845063268      -0.95411556954808319      -0.27223330720271832     
  Comptn_2: TXYZ:   1.0000000000204756       U,V,W -0.40023268049349525       0.11662271530821045       0.90896256455346247     
       6800                  3200                  3200             4.7979482E-01         1.0000000E+30           1400961       
 NEXT SEEDS: 3C9ABEF      59       0       0       0       0       7    3039       0       0
  Comptn_2: TXYZ:  0.99999999999695111       U,V,W  0.35471249898597534       0.56364818001774353      -0.74597571825278663     
  Comptn_2: TXYZ:  0.99999999999694966       U,V,W -0.23145119080434995      -0.73496125176653138       0.63738709170642238     
  Comptn_2: TXYZ:   1.0000000000011489       U,V,W -0.86380935269385262       0.31065300636044046       0.39664607881459801     
  Comptn_2: TXYZ:  0.99999999999899236       U,V,W -0.43261586769909144       0.70493357119891442      -0.56206064727100369     
  Comptn_2: TXYZ:   1.0000000000016191       U,V,W  0.82362888529650746        4.5223499449491555E-003  0.56711110697801281     
  Comptn_2: TXYZ:   1.0000000000225338       U,V,W -0.42728465895558543       0.90391254626062789        1.9233537281820645E-002
  Comptn_2: TXYZ:  0.99999999999776534       U,V,W  0.82939500737070659      -0.36808851648379670      -0.42025559577365357     
  Comptn_2: TXYZ:  0.99999999999671041       U,V,W  0.35055690681711127      -0.93642797359124685        1.4577563421937612E-002
  Comptn_2: TXYZ:   1.0000000000040425       U,V,W -0.54874320942260790        9.9700976191698487E-002  0.83002446076187475     
       7000                  3000                  3000             4.7965462E-01         1.0000000E+30           1442201       
 NEXT SEEDS: 7115119      5A       0       0       0       0       7    3039       0       0
  Comptn_2: TXYZ:  0.99999999999839706       U,V,W -0.55162075226996166       0.63817728598775858      -0.53707010465377536     
  *** Umfnst:amsq,np0,np,kpart  -7.2940376300029653E-018           0           1           7
  Comptn_2: TXYZ:  0.99999999999125733       U,V,W  -5.6504897266819398E-002  0.19311926671966617       0.97954690821715218     
  Comptn_2: TXYZ:  0.99999999999167899       U,V,W  0.12364497015161646       0.96614350283256123      -0.22644790412435611     
  Comptn_2: TXYZ:   1.0000000000015785       U,V,W -0.21771110206021138       0.21208136821556423       0.95269269405045875     
  Comptn_2: TXYZ:  0.99999999999565359       U,V,W   9.9783702183458445E-002 -0.89483050775807893      -0.43511099177064594     
  Comptn_2: TXYZ:   1.0000000000013727       U,V,W   9.4177813339729965E-002 -0.62104130958203996      -0.77809911403917198     
  Comptn_2: TXYZ:   1.0000000000016593       U,V,W  0.33657384739102980      -0.92603310364897595       0.17082369917638474     
  Comptn_2: TXYZ:  0.99999999999883660       U,V,W  0.19718559644226374       0.90057417475083312       0.38740675823532200     
       7200                  2800                  2800             4.7932225E-01         1.0000000E+30           1483572       
 NEXT SEEDS: 95789CF      5B       0       0       0       0       7    3039       0       0
  Comptn_2: TXYZ:  0.99999999999682765       U,V,W  0.17967020421356494      -0.57510051879225443       0.79810902200110689     
  Comptn_2: TXYZ:  0.99999999999806044       U,V,W  0.32078196126703062       0.30008147025466059       0.89835964097544974     
  Comptn_2: TXYZ:   1.0000000000016984       U,V,W -0.23745817146314963      -0.95971923514329238       0.15017525263188247     
  Comptn_2: TXYZ:   1.0000000000011131       U,V,W -0.79711487753719013      -0.59252995047320667       0.11625889128235656     
       7400                  2600                  2600             4.7886634E-01         1.0000000E+30           1525570       
 NEXT SEEDS: AAF8E1F      5C       0       0       0       0       7    3039       0       0
  Comptn_2: TXYZ:  0.99999999999831790       U,V,W -0.68248883448819697       0.70141754265149814       0.20548095205637473     
  Comptn_2: TXYZ:  0.99999999999793621       U,V,W  0.93469633014058573       0.31392718596932379      -0.16671080447601128     
  *** Umfnst:amsq,np0,np,kpart  -7.4911782553016500E-018           0           1           7
  Comptn_2: TXYZ:  0.99999999999609424       U,V,W  0.51936344483756613      -0.35696752510258989       0.77642501130803510     
  Comptn_2: TXYZ:  0.99999999999570077       U,V,W  0.74335680264395876       0.66827067290022057       -2.8895876870890902E-002
  Comptn_2: TXYZ:   1.0000000000013793       U,V,W  0.29818855891002727      -0.72066061060746878      -0.62588486773160668     
  Comptn_2: TXYZ:   1.0000000000017994       U,V,W  0.25644627747405480      -0.55413582252356264      -0.79193989479482241     
  Comptn_2: TXYZ:   1.0000000000011873       U,V,W  0.28041779912665632      -0.65980995027427980       0.69714897077540172     
  Comptn_2: TXYZ:  0.99999999999833455       U,V,W -0.84735759885003858       0.45495373125348948      -0.27386529916723523     
  Comptn_2: TXYZ:  0.99999999999627565       U,V,W   5.9989692536163375E-002  0.84716422376607448       0.52793372193535504     
       7600                  2400                  2400             4.7884522E-01         1.0000000E+30           1566125       
 NEXT SEEDS: E6E9F26      5D       0       0       0       0       7    3039       0       0
  Comptn_2: TXYZ:   1.0000000000019234       U,V,W  0.83348288178173391      -0.44998851103073179      -0.32065031688598822     
  Comptn_2: TXYZ:   1.0000000006093843       U,V,W  0.84403993811324085      -0.25480436229941006       0.47188062095446526     
  Comptn_2: TXYZ:   1.0000000000037397       U,V,W  0.18967448904682271       0.97822520404188396        8.4255791407954916E-002
  Comptn_2: TXYZ:  0.99999999997650124       U,V,W  -6.1971415440975619E-002 -0.13636007870047706      -0.98871910701753052     
  Comptn_2: TXYZ:   1.0000000000047111       U,V,W -0.31971469495998406       0.77471708128700101      -0.54552356300484917     
  *** Umfnst:amsq,np0,np,kpart  -1.4859443303933280E-017           0           1           7
  Comptn_2: TXYZ:   1.0000000000024118       U,V,W -0.97777673055516345       0.20191387330081056       -5.6422096344705963E-002
  Comptn_2: TXYZ:   1.0000000000020182       U,V,W  0.28855388059031384       0.40745168248308516       0.86644087186604501     
       7800                  2200                  2200             4.7874159E-01         1.0000000E+30           1608002       
 NEXT SEEDS:1158FA2B      5E       0       0       0       0       7    3039       0       0
  Comptn_2: TXYZ:  0.99999999999885503       U,V,W -0.11645597505636118      -0.98581527907911770      -0.12085628410094529     
  Comptn_2: TXYZ:   1.0000000000012443       U,V,W -0.66222771610513931       0.72509070030380229      -0.18893895404695371     
  Comptn_2: TXYZ:  0.99999999999825739       U,V,W -0.20618970563637617      -0.37433882542055130       0.90407756806073003     
  Comptn_2: TXYZ:   1.0000000000011910       U,V,W -0.77189218098453871      -0.38282404598093223       0.50757089234402741     
  Comptn_2: TXYZ:  0.99999999999815914       U,V,W  0.69439973254801401      -0.71109066213861638       0.11026822595231067     
  Comptn_2: TXYZ:  0.99999999998928657       U,V,W  0.92238687184813273       0.18688190926312132       0.33804971619818502     
  Comptn_2: TXYZ:   1.0000000000019018       U,V,W -0.90526286915952170       0.17081014857110688      -0.38900261036153605     
  Comptn_2: TXYZ:   1.0000000000010074       U,V,W  0.46594142033010044      -0.38080055999113682      -0.79867986473443331     
  Comptn_2: TXYZ:   1.0000000000014060       U,V,W -0.13284062169851207      -0.13970617768856641      -0.98124184233236278     
  *** Umfnst:amsq,np0,np,kpart  -7.2726574647692946E-018           0           1           7
  Comptn_2: TXYZ:  0.99999999998730826       U,V,W -0.23037400234977667      -0.47589861104239617      -0.84879227790818845     
       8000                  2000                  2000             4.7869187E-01         1.0000000E+30           1649073       
 NEXT SEEDS:144F9B18      5F       0       0       0       0       7    3039       0       0
  *** Umfnst:amsq,np0,np,kpart  -1.4942630957759332E-017           0           1           7
  Comptn_2: TXYZ:  0.99999999999878764       U,V,W  0.38846798452607345      -0.67791263130698809       0.62412105341149449     
  Comptn_2: TXYZ:  0.99999999999617373       U,V,W   3.3186744001227453E-002   2.6488719522248516E-002  0.99909808715503123     
  Comptn_2: TXYZ:  0.99999999999723865       U,V,W  0.77554006958197874      -0.19636675100760925       0.59998141601947452     
  *** Umfnst:amsq,np0,np,kpart  -7.4035427117084200E-018           0           1           7
  Comptn_2: TXYZ:   1.0000000000012570       U,V,W -0.81973894127303026      -0.26895331482644735      -0.50566014536019566     
  Comptn_2: TXYZ:  0.99999999999714517       U,V,W  -9.3908109183288957E-002  0.98228474530222343       0.16216641505968710     
  *** Umfnst:amsq,np0,np,kpart  -2.1887635037536467E-017           0           1           7
  *** Umfnst:amsq,np0,np,kpart  -7.5051376213727780E-018           0           1           7
  Comptn_2: TXYZ:   1.0000000000030798       U,V,W -0.61388480050170680       0.48899464648793867      -0.61970128886601117     
  Comptn_2: TXYZ:   1.0000000000024394       U,V,W -0.35138047546767126      -0.89041528454094987      -0.28929635759617156     
       8200                  1800                  1800             4.7869922E-01         1.0000000E+30           1690117       
 NEXT SEEDS:18293E31      60       0       0       0       0       7    3039       0       0
  Comptn_2: TXYZ:   1.0000000000029663       U,V,W  0.13449502195954377      -0.19241937959348832       0.97205240158539041     
  Comptn_2: TXYZ:  0.99999999999886791       U,V,W  0.75346246161625352       0.36413406738233789       0.54744926696967866     
  Comptn_2: TXYZ:   1.0000000000146216       U,V,W -0.73577052140076660      -0.30308486333504447      -0.60562472329772277     
  *** Umfnst:amsq,np0,np,kpart  -7.4188593949319893E-018           0           1           7
  Comptn_2: TXYZ:   1.0000000000021489       U,V,W  0.47322297901717736       0.70356455889665170      -0.53014802045920817     
  Comptn_2: TXYZ:   1.0000000000012643       U,V,W  0.38102396260732974      -0.61632978095029500       0.68917221435141585     
  Comptn_2: TXYZ:   1.0000000000027687       U,V,W  0.36909585143756374       0.87879514140639969       0.30246876184964044     
  Comptn_2: TXYZ:  0.99999999999844391       U,V,W -0.54431823276316038      -0.59702419446217192       0.58930448217099851     
       8400                  1600                  1600             4.7860986E-01         1.0000000E+30           1731595       
 NEXT SEEDS:1B484BA7      61       0       0       0       0       7    3039       0       0
  Comptn_2: TXYZ:  0.99999999999839417       U,V,W -0.61525090684675732      -0.77132537167293691      -0.16286034703463770     
  Comptn_2: TXYZ:   1.0000000000018088       U,V,W -0.16901973092481626        3.9234255138858032E-002  0.98483145958260820     
  *** Eveneu: no downsc. group selected, cusngl, rsngl, igpr ***  0.999999225      0.999999642              53
  Comptn_2: TXYZ:  0.99999999998291300       U,V,W  0.57039180601549333       0.69122004163556028      -0.44369814249625961     
  Comptn_2: TXYZ:  0.99999999999881051       U,V,W -0.21133000604808672      -0.58868223472299519      -0.78025178952955088     
  Comptn_2: TXYZ:   1.0000000000011415       U,V,W  0.35056493337283712      -0.74628182556391653       0.56583360126757043     
  Comptn_2: TXYZ:   1.0000000000037081       U,V,W   8.9188725442824079E-002  0.97552446795215575      -0.20099100398837777     
  Comptn_2: TXYZ:  0.99999999999870992       U,V,W  0.42855673895127211      -0.42234679423077637       0.79872542647717637     
  Comptn_2: TXYZ:   1.0000000000015572       U,V,W  0.22598160978934345      -0.70726092508462557       0.66986140050536847     
  Comptn_2: TXYZ:  0.99999999999851219       U,V,W -0.91238751609573754       -9.4170573152421611E-002 -0.39834774208385682     
       8600                  1400                  1400             4.7885522E-01         1.0000000E+30           1773558       
 NEXT SEEDS:206EA98A      62       0       0       0       0       7    3039       0       0
  Comptn_2: TXYZ:  0.99999999999633604       U,V,W  0.16850801344695299       0.93433827356578547      -0.31403350131889596     
  *** Umfnst:amsq,np0,np,kpart  -7.4752024157169958E-018           0           1           7
  Comptn_2: TXYZ:  0.99999999999867339       U,V,W -0.38478969796867091       0.56367406521474095      -0.73089563997888263     
  Comptn_2: TXYZ:  0.99999999999772071       U,V,W  0.79292901396446780        8.6377083090383167E-004 -0.60931341090690694     
  Comptn_2: TXYZ:   1.0000000000029776       U,V,W -0.52767550304865907      -0.67926310782172550       0.51005901015244604     
  Comptn_2: TXYZ:   1.0000000000055904       U,V,W  0.84242852076403096       0.33455045779683701       0.42236261505588280     
  Comptn_2: TXYZ:   1.0000000000015390       U,V,W  0.67469490798440290       0.16052029291740411      -0.72043043849019028     
  Comptn_2: TXYZ:  0.99999999999871525       U,V,W  -4.7102437530583074E-002 -0.93877702305311317       0.34129028899886293     
  Comptn_2: TXYZ:   1.0000000000063891       U,V,W  -2.7659481497479987E-002  0.67183133945279394       0.74018754678712639     
  Comptn_2: TXYZ:   1.0000000000015823       U,V,W  0.87967274380948624       0.13775860596322431       0.45519054283161609     
  Comptn_2: TXYZ:  0.99999999999877720       U,V,W -0.54879535884395381      -0.70616887723525323       0.44738034258828918     
       8800                  1200                  1200             4.7911261E-01         1.0000000E+30           1815414       
 NEXT SEEDS:259777F2      63       0       0       0       0       7    3039       0       0
  Comptn_2: TXYZ:   1.0000000000014166       U,V,W  0.15521064847706612      -0.82629349743934100       0.54143209240883294     
  Comptn_2: TXYZ:   1.0000000000031468       U,V,W -0.77742464533285016       0.27649333293682332       0.56494456159319384     
  Comptn_2: TXYZ:  0.99999999999873124       U,V,W -0.80290034526738552       0.58620338704575659       0.10824335815340902     
  Comptn_2: TXYZ:   1.0000000000016223       U,V,W -0.99801994456904541       -6.1135654058631417E-002   1.4785873218896128E-002
  Comptn_2: TXYZ:   1.0000000000018687       U,V,W  0.89553067861935531       0.24177407116229688      -0.37359082184528347     
  Comptn_2: TXYZ:  0.99999999999662426       U,V,W -0.94478322377108626      -0.27839589836227674       0.17285943379636137     
  Comptn_2: TXYZ:  0.99999999999836775       U,V,W  0.95802115036037705      -0.20855590674883473      -0.19672292500041522     
  *** Umfnst:amsq,np0,np,kpart  -2.1812536519159442E-017           0           1           7
  Comptn_2: TXYZ:  0.99999999999779621       U,V,W  0.44399713810656039       0.31811968258347889      -0.83765530434897073     
  *** Umfnst:amsq,np0,np,kpart  -1.4570657706209172E-017           0           1           7
       9000                  1000                  1000             4.7918772E-01         1.0000000E+30           1857668       
 NEXT SEEDS:2A164983      64       0       0       0       0       7    3039       0       0
  Comptn_2: TXYZ:   1.0000000000019100       U,V,W  0.13721300604987974       0.95999708106649528      -0.24408645049751243     
  *** Umfnst:amsq,np0,np,kpart  -2.2587064458087483E-017           0           1           7
  Comptn_2: TXYZ:   1.0000000003047131       U,V,W -0.51496514123209636        5.6692560780902568E-002 -0.85533435402339819     
  Comptn_2: TXYZ:  0.99999999999810796       U,V,W  0.90883719901880333       0.41553199711783506        3.6716550069790799E-002
  *** Umfnst:amsq,np0,np,kpart  -7.4377987235711005E-018           0           1           7
  *** Umfnst:amsq,np0,np,kpart  -7.2618030535311452E-018           0           1           7
  Comptn_2: TXYZ:   1.0000000000041136       U,V,W  0.46199689381335518      -0.29650561739327941      -0.83584884337130916     
       9200                   800                   800             4.7910916E-01         1.0000000E+30           1899687       
 NEXT SEEDS:2D67E0EB      65       0       0       0       0       7    3039       0       0
  Comptn_2: TXYZ:  0.99999999999837019       U,V,W -0.96411215931683003       0.26376033058953396        3.0302347485125836E-002
  Comptn_2: TXYZ:  0.99999999990580501       U,V,W -0.91820184476520694       0.24568282809946140       0.31071742814432923     
  Comptn_2: TXYZ:   1.0000000000014897       U,V,W  -9.5557811069511445E-002  0.28460645949089880      -0.95386994289638283     
  Comptn_2: TXYZ:  0.99999999999857669       U,V,W   6.5528084004370157E-002  0.59031173529952774       0.80451110953979565     
  Comptn_2: TXYZ:  0.99999999999413314       U,V,W  0.85887011666857660       0.50666550025832180       -7.5047941582852218E-002
  Comptn_2: TXYZ:  0.99999999998076072       U,V,W -0.75694710016992417      -0.56895160276033607       0.32144231401846923     
  Comptn_2: TXYZ:  0.99999999999889710       U,V,W -0.58789662059428238       0.46890305556406986       0.65917181976734884     
  Comptn_2: TXYZ:  0.99999999999685563       U,V,W  0.90986804576356661       0.18264212560760029      -0.37253455309377870     
       9400                   600                   600             4.7916998E-01         1.0000000E+30           1940574       
 NEXT SEEDS:31072E28      66       0       0       0       0       7    3039       0       0
  *** Umfnst:amsq,np0,np,kpart  -3.4508406118862889E-018           0           1           7
  Comptn_2: TXYZ:  0.99999999999894285       U,V,W  0.36305281815355350       0.70633242890940906      -0.60769001234234565     
  Comptn_2: TXYZ:   1.0000000000028235       U,V,W  0.28432515809267045      -0.23319301887440247      -0.92993560015016319     
  Comptn_2: TXYZ:  0.99999999999745570       U,V,W  0.99368964326362219       -8.4562362341834785E-002   7.3689210494068291E-002
  Comptn_2: TXYZ:  0.99999999999876954       U,V,W  -7.2473052325960907E-004 -0.98255647243956967      -0.18596304264973540     
  Comptn_2: TXYZ:  0.99999999999237021       U,V,W  0.55036038999742232       0.81273996156652117      -0.19119936188990039     
  Comptn_2: TXYZ:   1.0000000000034477       U,V,W -0.30974592092373054       0.22965873195499853      -0.92266696663063641     
  *** Umfnst:amsq,np0,np,kpart  -1.4861835281022819E-017           0           1           7
  Comptn_2: TXYZ:   1.0000000000021363       U,V,W  0.53699172587057120       0.66405951323250534      -0.52025460039685356     
  Comptn_2: TXYZ:   1.0000000000030074       U,V,W  0.45415301960596288       0.18992877529501584       0.87044361971395290     
  Comptn_2: TXYZ:   1.0000000000012605       U,V,W   2.3879812726399052E-002 -0.92814691114097769      -0.37144725855075933     
  Comptn_2: TXYZ:  0.99999999999778744       U,V,W  0.23033446907058419       0.91579212440534885      -0.32904531182330743     
  Comptn_2: TXYZ:  0.99999999999862277       U,V,W -0.50375391036249084       0.41220917653278910      -0.75915452483356916     
       9600                   400                   400             4.7913626E-01         1.0000000E+30           1981757       
 NEXT SEEDS:33EE7C51      67       0       0       0       0       7    3039       0       0
  Comptn_2: TXYZ:   1.0000000000022815       U,V,W  0.99358896068212399        3.9468235444516608E-002 -0.10593977347433992     
  Comptn_2: TXYZ:   1.0000000000010181       U,V,W -0.74004847188656298      -0.41343746620749755       0.53046934010864888     
  Comptn_2: TXYZ:   1.0000000000014362       U,V,W -0.34521222834663234       0.51981344244478578      -0.78142338233194053     
  Comptn_2: TXYZ:   1.0000000000035130       U,V,W  -3.7221039135609146E-002  0.94902845161902860      -0.31298497131135150     
  Comptn_2: TXYZ:   1.0000000000254798       U,V,W -0.76139021442507726      -0.57630533481614066       0.29691261755888831     
  Comptn_2: TXYZ:  0.99999999995922184       U,V,W  0.82673575227682150       0.40941271225784703      -0.38586166809903943     
  Comptn_2: TXYZ:   1.0000000000047407       U,V,W -0.76918228626375651      -0.36541775839926061      -0.52424085337682413     
  Comptn_2: TXYZ:  0.99999999999899869       U,V,W -0.24121388965881518       0.50545270212614923      -0.82845242793297302     
  Comptn_2: TXYZ:  0.99999999999689682       U,V,W  0.30098475782551759      -0.61582169649278740       0.72812898148772831     
       9800                   200                   200             4.7888423E-01         1.0000000E+30           2023611       
 NEXT SEEDS:35A99E7F      68       0       0       0       0       7    3039       0       0
  Comptn_2: TXYZ:  0.99999999999444422       U,V,W -0.44075924251971799       0.84943740775187848       0.29015061681764109     
  Comptn_2: TXYZ:  0.99999999999506251       U,V,W -0.62747800305614021       0.75266915165224191      -0.19940036064870981     
  Comptn_2: TXYZ:  0.99999999999882339       U,V,W  0.10515390488804144      -0.65090511524045602       0.75184119815252792     
  Comptn_2: TXYZ:   1.0000000000096738       U,V,W  0.41746838448975154      -0.89037650468610963      -0.18152087445838561     
  *** Eveneu: no downsc. group selected, cusngl, rsngl, igpr ***  0.999999642      0.999999940             128
       9950                    50                    50             4.7862580E-01         1.0000000E+30           2055111       
 NEXT SEEDS:28A36D5D      69       0       0       0       0       7    3039       0       0
       9951                    49                    49             4.7861608E-01         1.0000000E+30           2055262       
 NEXT SEEDS:28E2F14C      69       0       0       0       0       7    3039       0       0
       9952                    48                    48             4.7860493E-01         1.0000000E+30           2055524       
 NEXT SEEDS:29236860      69       0       0       0       0       7    3039       0       0
       9953                    47                    47             4.7860987E-01         1.0000000E+30           2055699       
 NEXT SEEDS:297FD46D      69       0       0       0       0       7    3039       0       0
       9954                    46                    46             4.7860913E-01         1.0000000E+30           2055796       
 NEXT SEEDS:29CDDA1C      69       0       0       0       0       7    3039       0       0
       9955                    45                    45             4.7860088E-01         1.0000000E+30           2056056       
 NEXT SEEDS:2A10CE46      69       0       0       0       0       7    3039       0       0
       9956                    44                    44             4.7860156E-01         1.0000000E+30           2056340       
 NEXT SEEDS:2A6E43EC      69       0       0       0       0       7    3039       0       0
  *** Emfgeo: Ncoun  2000000000
       9957                    43                    43             4.7859311E-01         1.0000000E+30           2056536       
 NEXT SEEDS:2AAF19AF      69       0       0       0       0       7    3039       0       0
       9958                    42                    42             4.7859570E-01         1.0000000E+30           2056793       
 NEXT SEEDS:2B08A8BC      69       0       0       0       0       7    3039       0       0
  *** Umfnst:amsq,np0,np,kpart  -1.4927277311249439E-017           0           1           7
       9959                    41                    41             4.7859516E-01         1.0000000E+30           2057048       
 NEXT SEEDS:2B62FF83      69       0       0       0       0       7    3039       0       0
       9960                    40                    40             4.7858843E-01         1.0000000E+30           2057228       
 NEXT SEEDS:2BAA27BF      69       0       0       0       0       7    3039       0       0
       9961                    39                    39             4.7857872E-01         1.0000000E+30           2057353       
 NEXT SEEDS:2BE87F79      69       0       0       0       0       7    3039       0       0
       9962                    38                    38             4.7857440E-01         1.0000000E+30           2057638       
 NEXT SEEDS:2C3AAC88      69       0       0       0       0       7    3039       0       0
       9963                    37                    37             4.7857263E-01         1.0000000E+30           2057811       
 NEXT SEEDS:2C89A697      69       0       0       0       0       7    3039       0       0
  *** Eveneu: no downsc. group selected, cusngl, rsngl, igpr ***  0.999999523      0.999999821             123
       9964                    36                    36             4.7857106E-01         1.0000000E+30           2057984       
 NEXT SEEDS:2CD732AA      69       0       0       0       0       7    3039       0       0
       9965                    35                    35             4.7856821E-01         1.0000000E+30           2058150       
 NEXT SEEDS:2D206A51      69       0       0       0       0       7    3039       0       0
       9966                    34                    34             4.7855899E-01         1.0000000E+30           2058416       
 NEXT SEEDS:2D623ABB      69       0       0       0       0       7    3039       0       0
       9967                    33                    33             4.7855791E-01         1.0000000E+30           2058594       
 NEXT SEEDS:2DAEFF48      69       0       0       0       0       7    3039       0       0
  Comptn_2: TXYZ:   1.0000000000026408       U,V,W -0.51368016387830551      -0.79850007410913548      -0.31389539800434019     
       9968                    32                    32             4.7856280E-01         1.0000000E+30           2058798       
 NEXT SEEDS:2E0C9256      69       0       0       0       0       7    3039       0       0
       9969                    31                    31             4.7857485E-01         1.0000000E+30           2058962       
 NEXT SEEDS:2E750DA9      69       0       0       0       0       7    3039       0       0
       9970                    30                    30             4.7857479E-01         1.0000000E+30           2059111       
 NEXT SEEDS:2EC33B3E      69       0       0       0       0       7    3039       0       0
       9971                    29                    29             4.7858262E-01         1.0000000E+30           2059342       
 NEXT SEEDS:2F26EACA      69       0       0       0       0       7    3039       0       0
       9972                    28                    28             4.7857204E-01         1.0000000E+30           2059621       
 NEXT SEEDS:2F69A5A6      69       0       0       0       0       7    3039       0       0
       9973                    27                    27             4.7856851E-01         1.0000000E+30           2059760       
 NEXT SEEDS:2FB0A6B0      69       0       0       0       0       7    3039       0       0
       9974                    26                    26             4.7857394E-01         1.0000000E+30           2059992       
 NEXT SEEDS:300EB596      69       0       0       0       0       7    3039       0       0
       9975                    25                    25             4.7856453E-01         1.0000000E+30           2060280       
 NEXT SEEDS:3053DC46      69       0       0       0       0       7    3039       0       0
       9976                    24                    24             4.7855381E-01         1.0000000E+30           2060446       
 NEXT SEEDS:309249CF      69       0       0       0       0       7    3039       0       0
       9977                    23                    23             4.7855640E-01         1.0000000E+30           2060733       
 NEXT SEEDS:30F0707B      69       0       0       0       0       7    3039       0       0
       9978                    22                    22             4.7854631E-01         1.0000000E+30           2060985       
 NEXT SEEDS:3130B1BD      69       0       0       0       0       7    3039       0       0
       9979                    21                    21             4.7853746E-01         1.0000000E+30           2061121       
 NEXT SEEDS:3170949A      69       0       0       0       0       7    3039       0       0
       9980                    20                    20             4.7853344E-01         1.0000000E+30           2061262       
 NEXT SEEDS:31B7DE0D      69       0       0       0       0       7    3039       0       0
       9981                    19                    19             4.7852483E-01         1.0000000E+30           2061470       
 NEXT SEEDS:31F848E0      69       0       0       0       0       7    3039       0       0
       9982                    18                    18             4.7852620E-01         1.0000000E+30           2061632       
 NEXT SEEDS:3249A7AA      69       0       0       0       0       7    3039       0       0
       9983                    17                    17             4.7852131E-01         1.0000000E+30           2061854       
 NEXT SEEDS:3292C066      69       0       0       0       0       7    3039       0       0
       9984                    16                    16             4.7852654E-01         1.0000000E+30           2062008       
 NEXT SEEDS:32E9BE57      69       0       0       0       0       7    3039       0       0
       9985                    15                    15             4.7852502E-01         1.0000000E+30           2062201       
 NEXT SEEDS:333AEF91      69       0       0       0       0       7    3039       0       0
       9986                    14                    14             4.7852223E-01         1.0000000E+30           2062373       
 NEXT SEEDS:33845696      69       0       0       0       0       7    3039       0       0
       9987                    13                    13             4.7851338E-01         1.0000000E+30           2062680       
 NEXT SEEDS:33C7DD5B      69       0       0       0       0       7    3039       0       0
       9988                    12                    12             4.7851236E-01         1.0000000E+30           2063030       
 NEXT SEEDS:341A3986      69       0       0       0       0       7    3039       0       0
       9989                    11                    11             4.7850972E-01         1.0000000E+30           2063253       
 NEXT SEEDS:346BC6DA      69       0       0       0       0       7    3039       0       0
       9990                    10                    10             4.7852712E-01         1.0000000E+30           2063462       
 NEXT SEEDS:34DA4B8F      69       0       0       0       0       7    3039       0       0
       9991                     9                     9             4.7852414E-01         1.0000000E+30           2063746       
 NEXT SEEDS:352B610C      69       0       0       0       0       7    3039       0       0
       9992                     8                     8             4.7853645E-01         1.0000000E+30           2063905       
 NEXT SEEDS:35956E7C      69       0       0       0       0       7    3039       0       0
       9993                     7                     7             4.7853615E-01         1.0000000E+30           2064064       
 NEXT SEEDS:35E282AB      69       0       0       0       0       7    3039       0       0
       9994                     6                     6             4.7853009E-01         1.0000000E+30           2064122       
 NEXT SEEDS:36234EE2      69       0       0       0       0       7    3039       0       0
  Comptn_2: TXYZ:   1.0000000000019500       U,V,W  0.86789767065599932        1.8643956588141108E-002  0.49639302589236678     
       9995                     5                     5             4.7853552E-01         1.0000000E+30           2064451       
 NEXT SEEDS:368AF79B      69       0       0       0       0       7    3039       0       0
       9996                     4                     4             4.7853102E-01         1.0000000E+30           2064703       
 NEXT SEEDS:36D43BD4      69       0       0       0       0       7    3039       0       0
       9997                     3                     3             4.7852501E-01         1.0000000E+30           2064881       
 NEXT SEEDS:3718E2AC      69       0       0       0       0       7    3039       0       0
       9998                     2                     2             4.7853067E-01         1.0000000E+30           2065166       
 NEXT SEEDS:377AC9D2      69       0       0       0       0       7    3039       0       0
       9999                     1                     1             4.7852374E-01         1.0000000E+30           2065445       
 NEXT SEEDS:37C464EC      69       0       0       0       0       7    3039       0       0
      10000                     0                     1             4.7851749E-01         1.0000000E+30           2065611       
 NEXT SEEDS:380864A4      69       0       0       0       0       7    3039       0       0
