1NUMBER OF BEAM       NUMBER OF BEAM        APPROXIMATE NUMBER    AVERAGE TIME USED     TIME LEFT (RESERVED   NUMBER OF STARS
 PARTICLES HANDLED    PARTICLES LEFT        OF BEAM PARTICLES     BY A BEAM PARTICLE     10000.0 SECONDS      CREATED
                                            THAT CAN STILL BE                           FOR PRINTOUT)
                                            HANDLED

 NEXT SEEDS:30E0ED66      34       0       0       0       0       A    3039       0       0
  *** Kbar: P_min > 1.8 GeV/c:           16   8.1183253928608146     
  *** Kaon: P_min > 1.5 GeV/c:           15   6.9366625353237890     
  *** Kaon: P_min > 1.5 GeV/c:           24   2.0968057698374793     
  *** Kbar: P_min > 1.8 GeV/c:           16   5.7195038439243291     
  *** Kbar: P_min > 1.8 GeV/c:           16   8.0874824381766892     
  *** Kbar: P_min > 1.8 GeV/c:           16   9.0798501615585803     
  *** Kbar: P_min > 1.8 GeV/c:           25   3.4987325889004239     
  *** Kbar: P_min > 1.8 GeV/c:           25   3.4976339985661951     
  *** Kbar: P_min > 1.8 GeV/c:           25   3.2270248952944574     
  *** Kbar: P_min > 1.8 GeV/c:           16   2.5872350094894605     
  *** Kbar: P_min > 1.8 GeV/c:           16   3.0566020839775079     
  *** Kbar: P_min > 1.8 GeV/c:           16   1.9993120578289962     
          1                  9999                  9999             4.6313596E-01         1.0000000E+30               128       
 NEXT SEEDS:312D068A      34       0       0       0       0       A    3039       0       0
  *** Kaon: P_min > 1.5 GeV/c:           24   2.3240608545295229     
  *** Kaon: P_min > 1.5 GeV/c:           24   2.3178750802603121     
  *** Kaon: P_min > 1.5 GeV/c:           24   2.5922715278038444     
  *** Kaon: P_min > 1.5 GeV/c:           24   1.9958344778269754     
  *** Kaon: P_min > 1.5 GeV/c:           24   2.2721667864700099     
  *** Kaon: P_min > 1.5 GeV/c:           24   2.2717219477785444     
  *** Kaon: P_min > 1.5 GeV/c:           24   2.3795988988455288     
  *** Kbar: P_min > 1.8 GeV/c:           16   4.8176111234122985     
  *** Umfnst:amsq,np0,np,kpart  -7.4705221815315303E-018           0           1           7
  *** Hhflev: call to Hadriv !! ***   1.0072999879999824        5.0000000000000000        2.0856499341587815                1 T F T
  *** Hhflev: call to Hadriv !! ***  0.74313714087627658        3.5000000000000000        1.5227429281413114               13 T F T
  *** Hhflev: call to Hadriv !! ***  0.78715475323810602        3.5000000000000000        1.5491949926025890               13 T F T
  *** Hhflev: call to Hadriv !! ***  0.68128211039343833        3.5000000000000000        1.4848712999770215               14 T F T
  *** Hhflev: call to Hadriv !! ***  0.77060201349238966        3.5000000000000000        1.5407415832324693               14 T F T
  *** Umfnst:amsq,np0,np,kpart  -7.3723352753646921E-018           0           1           7
  *** Hhflev: call to Hadriv !! ***  0.81700297350280571        3.5000000000000000        1.5683621152435343               14 T F T
  Comptn_2: TXYZ:  0.99999999999890599       U,V,W  0.67842541734390949      -0.36757033596650501       0.63610612417907042     
  Comptn_2: TXYZ:  0.99999999999855571       U,V,W -0.91662383497153677       -5.9394933065050282E-002 -0.39531378307216514     
  *** Hhflev: call to Hadriv !! ***   1.0365853449343236        5.0000000000000000        1.8141389332160958               25 T F T
  Comptn_2: TXYZ:  0.99999999998821232       U,V,W -0.87521183825610649       0.38826412849681446       0.28853978007752801     
  *** Hhflev: call to Hadriv !! ***  0.63402939623489096        3.5000000000000000        1.4567817524749802               13 T F T
  *** Hhflev: call to Hadriv !! ***  0.50744208181703643        3.5000000000000000        1.3752178741883321               13 T F T
  Comptn_2: TXYZ:  0.99999999998952005       U,V,W -0.14635400488289463      -0.94807055294048581       0.28238755619074141     
  *** Hhflev: call to Hadriv !! ***  0.57987868890635963        3.5000000000000000        1.4209427198275950               14 T F T
  Comptn_2: TXYZ:   1.0000000000032117       U,V,W  0.91967771352185190       -5.2257617184295668E-002  0.38918124916374097     
  Comptn_2: TXYZ:   1.0000000001494218       U,V,W  0.45404221345387441       0.67329275210977357      -0.58354309053211750     
  Comptn_2: TXYZ:  0.99999999999531552       U,V,W -0.12021232797282977      -0.30065529743571062       0.94612651813724824     
        200                  9800                  9800             4.8160029E-01         1.0000000E+30             41360       
 NEXT SEEDS:34EF58A2      35       0       0       0       0       A    3039       0       0
  Comptn_2: TXYZ:  0.99999999999503331       U,V,W  0.10143095035411420      -0.90491310069056041       0.41333284711463492     
  Comptn_2: TXYZ:   1.0000000000027049       U,V,W -0.42173350116118513      -0.47634749566447709      -0.77151404224110820     
  Comptn_2: TXYZ:  0.99999999999881739       U,V,W  0.38125012136897851       0.45581043920410735       0.80429173094562856     
  Comptn_2: TXYZ:  0.99999999999870126       U,V,W -0.15972475478527315       0.97881212304502352       0.12812037499000439     
        400                  9600                  9600             4.8449529E-01         1.0000000E+30             83331       
 NEXT SEEDS:39E0CFD6      36       0       0       0       0       A    3039       0       0
  Comptn_2: TXYZ:   1.0000000000022164       U,V,W  0.68744049120031825      -0.37717044999881466      -0.62061906408695933     
  Comptn_2: TXYZ:   1.0000000000019416       U,V,W  0.51398707130145027      -0.81121110378074945      -0.27884374771494791     
  Comptn_2: TXYZ:   1.0000000000108045       U,V,W   9.2935542593936660E-002 -0.94279136432744792       0.32016781269072681     
  Comptn_2: TXYZ:   1.0000000000032421       U,V,W -0.19995585085530365       0.83260758886054231       0.51650969079370412     
  Comptn_2: TXYZ:  0.99999999999855982       U,V,W  0.21827390626810583      -0.92515522408197981       0.31055484732144123     
  Comptn_2: TXYZ:  0.99999999999826539       U,V,W  0.67671091117368576       0.68442962400585117       0.27132716870957552     
  Comptn_2: TXYZ:   1.0000000000045055       U,V,W  0.53298379642858151      -0.84555087704413978       -3.1176707314401142E-002
  *** Umfnst:amsq,np0,np,kpart  -7.4153608792626695E-018           0           1           7
        600                  9400                  9400             4.8766330E-01         1.0000000E+30            123726       
 NEXT SEEDS: 36098F0      38       0       0       0       0       A    3039       0       0
  Comptn_2: TXYZ:   1.0000000000498788       U,V,W -0.67580245074898926       -4.8583706162617091E-003 -0.73706678384424151     
  Comptn_2: TXYZ:   1.0000000000013203       U,V,W  0.91186758515601340        6.8436199959961641E-002 -0.40473941453495854     
  Comptn_2: TXYZ:   1.0000000000046700       U,V,W -0.71707609360582580      -0.36649685493651418       0.59285911589965679     
  Comptn_2: TXYZ:  0.99999999998361466       U,V,W -0.71292565612542802      -0.54479501312863476      -0.44151489498307228     
  Comptn_2: TXYZ:   1.0000000000013740       U,V,W  0.41730621155603309      -0.64863776564904185      -0.63649397072709490     
  Comptn_2: TXYZ:   1.0000000000439169       U,V,W  0.97193717158712600        6.5463845405929533E-002  0.22594826725558903     
  Comptn_2: TXYZ:  0.99999999999793654       U,V,W -0.22415498660015487       0.87734793615758377      -0.42428191205877397     
  Comptn_2: TXYZ:  0.99999999999897038       U,V,W  0.64066881360899686       0.26263231995898195      -0.72150380163986227     
  Comptn_2: TXYZ:  0.99999999999856848       U,V,W -0.59088716964762966      -0.80202575307401247        8.7218370487214258E-002
  Comptn_2: TXYZ:   1.0000000000021243       U,V,W  -7.2823058633176174E-002  0.86374322732572040       0.49864259683904066     
        800                  9200                  9200             4.8361659E-01         1.0000000E+30            164704       
 NEXT SEEDS: 59B63A3      39       0       0       0       0       A    3039       0       0
  Comptn_2: TXYZ:   1.0000000000014280       U,V,W -0.95692820685476754      -0.24129612777740306      -0.16144530233728815     
  *** Umfnst:amsq,np0,np,kpart  -7.3220445709126287E-018           0           1           7
  Comptn_2: TXYZ:   1.0000000000035383       U,V,W  0.48947092138280368       0.86906545887353559        7.1717817292068275E-002
  Comptn_2: TXYZ:  0.99999999999839739       U,V,W -0.69560762291138190       0.61480961930313072       0.37167077764913614     
  Comptn_2: TXYZ:  0.99999999999605316       U,V,W  -4.8967509357311201E-002 -0.96185693786280146      -0.26913456505731403     
  Comptn_2: TXYZ:   1.0000000000010247       U,V,W  0.64235041319833641      -0.66284933478573294       0.38472939326111089     
  Comptn_2: TXYZ:   1.0000000000011748       U,V,W -0.36449288748103648      -0.55315533639111436       0.74910887646519342     
  Comptn_2: TXYZ:   1.0000000000010623       U,V,W -0.78712324530013689       0.25793719438455298       0.56027261262912731     
       1000                  9000                  9000             4.7945632E-01         1.0000000E+30            206700       
 NEXT SEEDS: 6FD3479      3A       0       0       0       0       A    3039       0       0
  Comptn_2: TXYZ:   1.0000000000014504       U,V,W -0.93906174990827296       0.14564792023693940       0.31136748897615618     
  Comptn_2: TXYZ:   1.0000000000201259       U,V,W -0.62818874265960289      -0.53066900880712353      -0.56900729934469041     
  Comptn_2: TXYZ:  0.99999999999894695       U,V,W  0.90888110974374081       0.41704403138314738       -3.0666329459805297E-003
  Comptn_2: TXYZ:  0.99999999999880651       U,V,W -0.62512450519523100      -0.53046757095386710       0.57255873861947837     
  Comptn_2: TXYZ:  0.99999999999544276       U,V,W   9.9010519198785119E-002  0.94386316191638642       0.31514956554092066     
  *** Umfnst:amsq,np0,np,kpart  -1.4968840775969946E-017           0           1           7
  *** Umfnst:amsq,np0,np,kpart  -7.3075599523182985E-018           0           1           7
  Comptn_2: TXYZ:   1.0000000000059801       U,V,W -0.70827652666404362       0.37338433628961809      -0.59910641725511482     
  Comptn_2: TXYZ:   1.0000000000057119       U,V,W  0.47957391186604070      -0.45116053033329662      -0.75263738874214425     
  *** Umfnst:amsq,np0,np,kpart  -7.4774864945962213E-018           0           1           7
  Comptn_2: TXYZ:   1.0000000000016886       U,V,W  0.49942209714695807       0.85006214195249807       0.16724809027954279     
       1200                  8800                  8800             4.8025649E-01         1.0000000E+30            247970       
 NEXT SEEDS: B286459      3B       0       0       0       0       A    3039       0       0
  Comptn_2: TXYZ:   1.0000000000020097       U,V,W   5.9461033940692687E-002 -0.99231140261089568       0.10854706671813119     
  Comptn_2: TXYZ:  0.99999999999869138       U,V,W -0.47408101001833103       0.75791289439505904      -0.44812413508802962     
  Comptn_2: TXYZ:   1.0000000000015401       U,V,W -0.12926220651140596      -0.97378414195444485       0.18717832900041742     
  Comptn_2: TXYZ:  0.99999999999804046       U,V,W -0.24573076088313428       0.73086148049443267       0.63675575339632573     
  Comptn_2: TXYZ:   1.0000000000010605       U,V,W  0.35425437478393373      -0.46231015849006951       0.81287954538442619     
  Comptn_2: TXYZ:  0.99999999999789757       U,V,W  -2.9369408673311170E-002  0.55893437253109823      -0.82869162239963856     
  Comptn_2: TXYZ:   1.0000000000010070       U,V,W  0.21289366328355186      -0.97114016697185868       0.10753168941566571     
  Comptn_2: TXYZ:   1.0000000000010865       U,V,W -0.12929899308056036      -0.83258916119055826      -0.53858802349981971     
  Comptn_2: TXYZ:  0.99999999998807276       U,V,W -0.58536617616175590       0.12323357745700037       0.80134881617244957     
  Comptn_2: TXYZ:  0.99999999999849976       U,V,W -0.57606461408927867       0.80196731440968705       0.15810751725071270     
  Comptn_2: TXYZ:   1.0000000000094693       U,V,W  0.88539792894059133       0.42241992164488806      -0.19398947712365100     
  Comptn_2: TXYZ:   1.0000000000021714       U,V,W  0.67047506152549730      -0.71404311654265040      -0.20150836109851866     
       1400                  8600                  8600             4.8126102E-01         1.0000000E+30            287270       
 NEXT SEEDS: F950E72      3C       0       0       0       0       A    3039       0       0
  Comptn_2: TXYZ:   1.0000000000019309       U,V,W -0.41922268366832327       0.69257209518352170      -0.58702319755948906     
  Comptn_2: TXYZ:  0.99999999999617395       U,V,W  0.88668023861618650       -2.1118075914614565E-003 -0.46237830259692458     
  Comptn_2: TXYZ:  0.99999999997954692       U,V,W  0.78135750206473631      -0.15712410345594208      -0.60398052125864865     
  Comptn_2: TXYZ:  0.99999999999790490       U,V,W -0.32806754899627322        9.3836374384068222E-002 -0.93998213713662437     
  Comptn_2: TXYZ:  0.99999999999875455       U,V,W  0.67517868684883098       -2.8260499939015915E-002  0.73711266775645612     
  Comptn_2: TXYZ:   1.0000000000010505       U,V,W  0.47327645449855282       0.88024561929319134        3.4308123432733595E-002
       1600                  8400                  8400             4.7953479E-01         1.0000000E+30            326696       
 NEXT SEEDS:115F6C7E      3D       0       0       0       0       A    3039       0       0
  Comptn_2: TXYZ:   1.0000000000011862       U,V,W  0.79531735939733350       0.28934896130699173      -0.53267952507394511     
  Comptn_2: TXYZ:   1.0000000000148506       U,V,W -0.85565223613912167       0.21066783305815306      -0.47273493092805552     
  Comptn_2: TXYZ:  0.99999999999848499       U,V,W -0.76829862385533687      -0.37169053045902700       0.52111742836674324     
  Comptn_2: TXYZ:   1.0000000000029114       U,V,W -0.83956652565333911       0.45921442679569680      -0.29025877976039283     
       1800                  8200                  8200             4.8067440E-01         1.0000000E+30            367514       
 NEXT SEEDS:16962B6E      3E       0       0       0       0       A    3039       0       0
  Comptn_2: TXYZ:   1.0000000000152043       U,V,W -0.51492262948150369      -0.31691445924526818       0.79650480926629541     
  Comptn_2: TXYZ:   1.0000000000054965       U,V,W -0.20358020731907445      -0.35610149289209403      -0.91200154931526356     
  Comptn_2: TXYZ:   1.0000000000010236       U,V,W -0.42650508313474589       0.52059247923947893      -0.73964645920908723     
  Comptn_2: TXYZ:  0.99999999999816036       U,V,W -0.76709961597664744       0.32705999689585497       0.55189667293536360     
  Comptn_2: TXYZ:   1.0000000000017946       U,V,W -0.29279114054801880      -0.77539841137929244       0.55949142231928306     
       2000                  8000                  8000             4.8200921E-01         1.0000000E+30            409415       
 NEXT SEEDS:1C608EF0      3F       0       0       0       0       A    3039       0       0
  Comptn_2: TXYZ:   1.0000000000108251       U,V,W -0.93122658157292904       -3.5120848340316257E-002  0.36274451035774291     
  Comptn_2: TXYZ:   1.0000000000043654       U,V,W -0.99800659402539704        6.2086264517603240E-002   1.1319630932227653E-002
  Comptn_2: TXYZ:   1.0000000000010043       U,V,W  0.65713942978841189      -0.43380887910929999      -0.61642325250131336     
  Comptn_2: TXYZ:   1.0000000000014331       U,V,W  0.57889119399452227       0.79828577210613361       0.16620713453382052     
  Comptn_2: TXYZ:   1.0000000000012481       U,V,W -0.59263230601887806        5.2557157261702514E-002  0.80375661433332146     
  Comptn_2: TXYZ:   1.0000000000014819       U,V,W  0.99075352704482222        5.7097370231815603E-003  0.13555385480631976     
  Comptn_2: TXYZ:   1.0000000000019234       U,V,W  0.21057161451102502       0.96597198458633926      -0.15019227729305129     
  Comptn_2: TXYZ:   1.0000000000041194       U,V,W -0.76703220465117283      -0.18804182578568174       0.61343448614115914     
  Comptn_2: TXYZ:   1.0000000000010325       U,V,W -0.19771972527311732      -0.46139533001277822       0.86488222301152362     
       2200                  7800                  7800             4.8265883E-01         1.0000000E+30            449280       
 NEXT SEEDS:20E60302      40       0       0       0       0       A    3039       0       0
  Comptn_2: TXYZ:  0.99999999999497946       U,V,W -0.64125448482847958       0.42767020804654976       0.63709565909034538     
  Comptn_2: TXYZ:   1.0000000000015197       U,V,W -0.51105511384209024       0.12686948136915532      -0.85013340442220553     
  Comptn_2: TXYZ:  0.99999999999886580       U,V,W  0.61509571056572554        1.3870723519341155E-002 -0.78833043190756058     
  Comptn_2: TXYZ:   1.0000000000093192       U,V,W -0.13678194602479721       0.76863073835721707      -0.62489798151652565     
  Comptn_2: TXYZ:   1.0000000000010352       U,V,W  -8.5363652318683592E-002 -0.34132570621231295      -0.93606079350783400     
  Comptn_2: TXYZ:  0.99999999999881062       U,V,W -0.77354583150509804      -0.37057245996658139      -0.51410397632600890     
       2400                  7600                  7600             4.8083666E-01         1.0000000E+30            491643       
 NEXT SEEDS:21DA8840      41       0       0       0       0       A    3039       0       0
  Comptn_2: TXYZ:   1.0000000000025218       U,V,W  0.39683446556904300       0.83872263886822651       0.37291653488277010     
  Comptn_2: TXYZ:  0.99999999999503386       U,V,W  -8.5364405081506334E-002  0.33634955674379086      -0.93786027425111129     
  Comptn_2: TXYZ:   1.0000000000089768       U,V,W -0.83100474560073678      -0.54776963580056304       -9.6848019561321053E-002
  Comptn_2: TXYZ:  0.99999999999894995       U,V,W  0.73467560632708206       0.65707687281503979       0.16882457368076587     
  *** Eveneu: no downsc. group selected, cusngl, rsngl, igpr ***  0.999999762      0.999999821             102
  *** Umfnst:amsq,np0,np,kpart  -1.4489130390675929E-017           0           1           7
  Comptn_2: TXYZ:   1.0000000000029270       U,V,W  0.36773577132520074      -0.57863682252612136       0.72797653128906603     
  Comptn_2: TXYZ:  0.99999999998677969       U,V,W -0.98037720993248811      -0.18817432561138503       -5.8744782002065676E-002
  Comptn_2: TXYZ:   1.0000000000022387       U,V,W  0.14286462497442187      -0.98829673075062718        5.3472150889774639E-002
  Comptn_2: TXYZ:  0.99999999999050748       U,V,W  0.93719949732221153      -0.33123188977617701      -0.10928191709886903     
  Comptn_2: TXYZ:  0.99999999999596045       U,V,W  0.96309021616332302      -0.20702111917043453       0.17204502824512247     
       2600                  7400                  7400             4.8063441E-01         1.0000000E+30            532495       
 NEXT SEEDS:25BE4E36      42       0       0       0       0       A    3039       0       0
  Comptn_2: TXYZ:   1.0000000000028002       U,V,W -0.83795485146281123      -0.51255010520159772       0.18741413119231254     
  *** Umfnst:amsq,np0,np,kpart  -1.4924297346530775E-017           0           1           7
  Comptn_2: TXYZ:   1.0000000000013842       U,V,W -0.25353161177486783      -0.45895190485715354      -0.85151915472302342     
  Comptn_2: TXYZ:  0.99999999999582090       U,V,W -0.82642194440038441       0.28227442690186422       0.48718365913332207     
  Comptn_2: TXYZ:   1.0000000000011275       U,V,W  -5.6090630054882240E-002  0.82371319131563892       0.56422550427446971     
  Comptn_2: TXYZ:   1.0000000000023630       U,V,W -0.24368824557390667      -0.16498619840379203      -0.95571731872334453     
  Comptn_2: TXYZ:  0.99999999999817024       U,V,W  0.55353747921166274       0.70895343605088534       0.43701405540075200     
  Comptn_2: TXYZ:  0.99999999999897848       U,V,W  0.98267118537192388      -0.18531112741922584        4.1385375837243998E-003
  Comptn_2: TXYZ:  0.99999999999267908       U,V,W  0.24831548937727632       0.11769756125553954      -0.96150231502711492     
  *** Umfnst:amsq,np0,np,kpart  -2.2094707968948625E-017           0           1           7
  Comptn_2: TXYZ:   1.0000000000081088       U,V,W -0.59030610499794989      -0.16024501562406357       0.79111328985038654     
  Comptn_2: TXYZ:  0.99999999999875366       U,V,W -0.95054486231635593       0.28698752538284111       0.11875447358885793     
  Comptn_2: TXYZ:  0.99999999999596967       U,V,W -0.98391350608034767        7.3661412881278920E-002 -0.16275198555157822     
       2800                  7200                  7200             4.7975047E-01         1.0000000E+30            573360       
 NEXT SEEDS:2841931A      43       0       0       0       0       A    3039       0       0
  Comptn_2: TXYZ:  0.99999999999882172       U,V,W -0.11020960209435060       0.99352995017056411        2.7424108355660337E-002
  Comptn_2: TXYZ:   1.0000000000079394       U,V,W  0.58033299527517102      -0.69698715980484849      -0.42121551926544498     
  Comptn_2: TXYZ:  0.99999999999833078       U,V,W  0.83619569849556896       0.44468828404656335      -0.32098143847824190     
  Comptn_2: TXYZ:  0.99999999999749467       U,V,W  0.62250445428781020       0.32328071237638767      -0.71272560315646416     
  Comptn_2: TXYZ:  0.99999999999824007       U,V,W  0.61364990168161171       0.78209278366151125       0.10846509073880384     
  Comptn_2: TXYZ:   1.0000000000013252       U,V,W  0.46110097309649234      -0.85536746907630068      -0.23607707524619315     
  *** Umfnst:amsq,np0,np,kpart  -7.5112118088705714E-018           0           1           7
  Comptn_2: TXYZ:  0.99999999998964484       U,V,W -0.44338851359989917      -0.87696345969517608      -0.18531518112875744     
  Comptn_2: TXYZ:   1.0000000000010192       U,V,W -0.85108562629486073      -0.36756948929679112      -0.37489455484629275     
  Comptn_2: TXYZ:  0.99999999999110523       U,V,W  0.19751125701082017        2.4227982727978770E-002 -0.98000117765135553     
       3000                  7000                  7000             4.7854583E-01         1.0000000E+30            614101       
 NEXT SEEDS:29C3E5AE      44       0       0       0       0       A    3039       0       0
  Comptn_2: TXYZ:  0.99999999999405376       U,V,W  0.79500862413628182      -0.49751269297826184       0.34704813480050234     
  Comptn_2: TXYZ:   1.0000000000010645       U,V,W -0.61307597005597714       -8.8571669074838155E-002 -0.78504325637399397     
  Comptn_2: TXYZ:  0.99999999999747546       U,V,W  0.75707135832656292       0.48126483511923368      -0.44184512770506501     
  Comptn_2: TXYZ:   1.0000000000035600       U,V,W  0.69155738467142669       0.54909102957286393       0.46930525775084675     
  Comptn_2: TXYZ:  0.99999999999858669       U,V,W -0.71276036624863082      -0.65317766131602184       0.25560047547185150     
  Comptn_2: TXYZ:   1.0000000000012288       U,V,W  0.79409251735132713       0.15612532505595311      -0.58740272110710734     
  Comptn_2: TXYZ:  0.99999999999811207       U,V,W -0.92960254391869412      -0.15696128108543661       0.33347003850124679     
  Comptn_2: TXYZ:  0.99999999999790201       U,V,W  0.61836864580057238       0.78218384106169481       -7.6214543695030557E-002
  Comptn_2: TXYZ:  0.99999999999273159       U,V,W   2.6150013517025172E-002 -0.70676514307147897       0.70696478648157779     
  Comptn_2: TXYZ:   1.0000000000012972       U,V,W  0.28176258380483843        1.5637810682484599E-002  0.95935671428618108     
  Comptn_2: TXYZ:   1.0000000000034441       U,V,W -0.46958254173722125       0.17635724992464930      -0.86509557674170878     
  Comptn_2: TXYZ:   1.0000000000025004       U,V,W  0.39085893517867021       0.18294120787068380       0.90208747206482798     
  Comptn_2: TXYZ:  0.99999999999841771       U,V,W  -5.0858828524113164E-002 -0.82847182078197001       0.55771661417764840     
       3200                  6800                  6800             4.7710828E-01         1.0000000E+30            654829       
 NEXT SEEDS:2AADB0A1      45       0       0       0       0       A    3039       0       0
  Comptn_2: TXYZ:   1.0000000000020408       U,V,W -0.70083110241000668       0.16313057635518646      -0.69442363219783942     
  Comptn_2: TXYZ:   1.0000000000016489       U,V,W  0.10717530631782779      -0.89512354580025288       0.43274390980268151     
  Comptn_2: TXYZ:  0.99999999999729572       U,V,W -0.86798175296589619      -0.49635919573817944        1.5337057139277022E-002
  Comptn_2: TXYZ:  0.99999999999731548       U,V,W   9.5403841008845802E-002  0.62223328342107942       0.77699668475553807     
  Comptn_2: TXYZ:  0.99999999999886402       U,V,W  0.55276166724081577       -3.0181240498604309E-002 -0.83279267044684246     
  Comptn_2: TXYZ:   1.0000000000096860       U,V,W -0.39545588970426593      -0.80451047264488196       0.44314505380586411     
       3400                  6600                  6600             4.7706638E-01         1.0000000E+30            696337       
 NEXT SEEDS:2EAFF8A6      46       0       0       0       0       A    3039       0       0
  Comptn_2: TXYZ:   1.0000000000015348       U,V,W  0.47197323430705751       0.39562013957775477       0.78786164474465181     
  Comptn_2: TXYZ:   1.0000000000050966       U,V,W  0.93892317570123396        7.4948779839900226E-002  0.33586597109072613     
  Comptn_2: TXYZ:   1.0000000000042293       U,V,W   8.3591394225827287E-002   7.4317563216865778E-002 -0.99372500150349374     
  Comptn_2: TXYZ:  0.99999999999444422       U,V,W  0.90185089647377481      -0.33115256119912573       0.27749403909841419     
  *** Umfnst:amsq,np0,np,kpart  -7.3701440970601984E-018           0           1           7
  Comptn_2: TXYZ:  0.99999999999227440       U,V,W  0.79770384585336274       0.59302901696914034       0.10947675248948485     
  Comptn_2: TXYZ:  0.99999999999867284       U,V,W   5.6384275405889639E-002  0.85374756185536071       0.51762526417443411     
  Comptn_2: TXYZ:  0.99999999999752243       U,V,W  0.42023059685614328      -0.28312144398748273       0.86211860751168956     
  Comptn_2: TXYZ:   1.0000000000016613       U,V,W  -9.3434336119244676E-002 -0.97212781256495218       0.21502916284378415     
       3600                  6400                  6400             4.7734858E-01         1.0000000E+30            736717       
 NEXT SEEDS:329E5AD5      47       0       0       0       0       A    3039       0       0
  Comptn_2: TXYZ:  0.99999999999748534       U,V,W -0.79377584882764829      -0.10358057334306636       0.59932542632642694     
  Comptn_2: TXYZ:   1.0000000000049221       U,V,W -0.36897806790716459      -0.23585398514160261       0.89901506277772825     
  Comptn_2: TXYZ:  0.99999999999649059       U,V,W  0.69794183341028315      -0.61261109867216135      -0.37092430353924044     
  Comptn_2: TXYZ:   1.0000000000010860       U,V,W  0.47106858744527713       0.57725199970651886       0.66698914140953036     
  Comptn_2: TXYZ:   1.0000000000012581       U,V,W -0.98421578329047232       -6.3918740312338684E-002  0.16502632080993607     
  *** Umfnst:amsq,np0,np,kpart  -7.4271156034713109E-018           0           1           7
  Comptn_2: TXYZ:  0.99999999999831046       U,V,W  0.92260520428999371        4.2477761141199721E-002 -0.38339963070373528     
       3800                  6200                  6200             4.7779073E-01         1.0000000E+30            778616       
 NEXT SEEDS:36BCB90C      48       0       0       0       0       A    3039       0       0
  Comptn_2: TXYZ:  0.99999999999509026       U,V,W  0.18409262359483591       0.93366492048080474       0.30721282882821299     
  Comptn_2: TXYZ:  0.99999999999252942       U,V,W  0.42340921310199064       0.88408628405903755      -0.19777785667653802     
  *** Eveneu: no downsc. group selected, cusngl, rsngl, igpr ***  0.999999166       1.00000000              37
  *** Umfnst:amsq,np0,np,kpart  -7.5262809455421782E-018           0           1           7
  Comptn_2: TXYZ:   1.0000000000012912       U,V,W -0.76165516273457179      -0.52578559361130672       0.37872275166917291     
  Comptn_2: TXYZ:   1.0000000000013918       U,V,W  0.65728311104334480      -0.16072971107161749      -0.73630487701590575     
  Comptn_2: TXYZ:   1.0000000000031031       U,V,W  0.26157132671893635       0.25805429423247422      -0.93004753763975856     
  Comptn_2: TXYZ:   1.0000000000037308       U,V,W -0.75414655600162206      -0.60712891250200762      -0.25031471326862231     
  Comptn_2: TXYZ:   1.0000000000010447       U,V,W -0.34857689949793524      -0.88256474050410816      -0.31555288614805477     
  *** Umfnst:amsq,np0,np,kpart  -1.4840832506795531E-017           0           1           7
  *** Umfnst:amsq,np0,np,kpart  -7.5224269540486859E-018           0           1           7
       4000                  6000                  6000             4.7822679E-01         1.0000000E+30            819092       
 NEXT SEEDS:3AC8D513      49       0       0       0       0       A    3039       0       0
  Comptn_2: TXYZ:   1.0000000000067644       U,V,W -0.47538518514107864       0.78275298406246918       0.40163004331903096     
  Comptn_2: TXYZ:  0.99999999999788858       U,V,W -0.40567964576157323      -0.91237673804131703        5.4705693430747715E-002
  Comptn_2: TXYZ:   1.0000000000011426       U,V,W -0.65432059561074141      -0.71707795716498168       0.24013279973557111     
  Comptn_2: TXYZ:   1.0000000000417828       U,V,W  0.46457471153178176       0.52174437638063864      -0.71550900983993415     
  *** Umfnst:amsq,np0,np,kpart  -2.1819796725731409E-017           0           1           7
  Comptn_2: TXYZ:   1.0000000000012705       U,V,W -0.84321309580114168      -0.30058279483722572       0.44569233616763881     
       4200                  5800                  5800             4.7803933E-01         1.0000000E+30            861061       
 NEXT SEEDS: 2252CF3      4B       0       0       0       0       A    3039       0       0
  Comptn_2: TXYZ:  0.99999999999876921       U,V,W  0.70511552395761790      -0.35998113025863177      -0.61092199480004084     
  *** Umfnst:amsq,np0,np,kpart  -7.4786631445137539E-018           0           1           7
  Comptn_2: TXYZ:   1.0000000000607934       U,V,W -0.88452251911098756       0.38737514468471090      -0.25992385524773454     
  *** Umfnst:amsq,np0,np,kpart  -1.4700436571459579E-017           0           1           7
       4400                  5600                  5600             4.7777309E-01         1.0000000E+30            901623       
 NEXT SEEDS: 4176380      4C       0       0       0       0       A    3039       0       0
  Comptn_2: TXYZ:  0.99999999999865175       U,V,W -0.43169285443762817       0.32429213634462783      -0.84171009838969013     
  Comptn_2: TXYZ:   1.0000000000010769       U,V,W -0.37574822686647025       -1.0207885922513427E-002 -0.92666556484676477     
  Comptn_2: TXYZ:  0.99999999999504652       U,V,W  0.47512405647523792       0.42032641015970285      -0.77303482449099192     
  Comptn_2: TXYZ:  0.99999999999058464       U,V,W -0.12964115663521625       0.70309135746300910      -0.69918217479973777     
  Comptn_2: TXYZ:  0.99999999998033562       U,V,W  0.33253349071955540      -0.52841596165424676       0.78115174518093511     
  Comptn_2: TXYZ:   1.0000000000035500       U,V,W  0.25594433247175630      -0.15190230220886036       0.95468224518045020     
  Comptn_2: TXYZ:   1.0000000000025360       U,V,W   3.6639670542228941E-003  0.99144649459364587       0.13046234593143424     
  *** Umfnst:amsq,np0,np,kpart  -7.4141611560307960E-018           0           1           7
  Comptn_2: TXYZ:   1.0000000000035683       U,V,W -0.34133389175872253      -0.21717074405775882       0.91450972781365891     
  *** Umfnst:amsq,np0,np,kpart  -7.4349215255901130E-018           0           1           7
  Comptn_2: TXYZ:  0.99999999999801970       U,V,W  0.24430503027923578      -0.45894555305596846      -0.85421544794532522     
       4600                  5400                  5400             4.7786566E-01         1.0000000E+30            943301       
 NEXT SEEDS: 7A658C4      4D       0       0       0       0       A    3039       0       0
  Comptn_2: TXYZ:   1.0000000000012752       U,V,W -0.39828996840233799      -0.89868884691341222       0.18363947697807603     
  Comptn_2: TXYZ:   1.0000000000012261       U,V,W -0.65235229695885977      -0.61104078134562911       0.44840343908833802     
  Comptn_2: TXYZ:   1.0000000000011611       U,V,W -0.97167099625157860        4.0777722319557341E-002  0.23279315369455134     
  Comptn_2: TXYZ:  0.99999999999888545       U,V,W  0.79773691407888947        4.9884679724918612E-002  0.60093871122063547     
  Comptn_2: TXYZ:  0.99999999999777700       U,V,W -0.74484837711180774       0.59712716846955516      -0.29772477187364643     
  Comptn_2: TXYZ:  0.99999999999845801       U,V,W -0.92801291421000798       0.27454191661871619      -0.25183083027546138     
  Comptn_2: TXYZ:   1.0000000000010660       U,V,W -0.20299313208907677      -0.72639919967894573       0.65661098911876259     
  Comptn_2: TXYZ:   1.0000000000014453       U,V,W -0.24020671467250310        9.0976517435144899E-002 -0.96644917481627601     
  Comptn_2: TXYZ:   1.0000000000010751       U,V,W -0.84075541762146244      -0.47123923102123300       0.26657815905987547     
  Comptn_2: TXYZ:  0.99999999999874645       U,V,W  0.96824287618968086      -0.24206785481533188       -6.2521087416840260E-002
       4800                  5200                  5200             4.7837208E-01         1.0000000E+30            983808       
 NEXT SEEDS: CE448A4      4E       0       0       0       0       A    3039       0       0
  Comptn_2: TXYZ:  0.99999999999891998       U,V,W  0.71457634564434969      -0.69953243066318649       -5.9181665185263910E-003
  *** Umfnst:amsq,np0,np,kpart  -1.4853596016318680E-017           0           1           7
  Comptn_2: TXYZ:  0.99999999999712652       U,V,W -0.55176733769707020      -0.31609010673784610       0.77177707239219728     
  Comptn_2: TXYZ:  0.99999999998862321       U,V,W -0.82420008977963732       0.53624419613140706       0.18203399163684253     
  Comptn_2: TXYZ:   1.0000000000013063       U,V,W  0.48069206370919915      -0.20647934565354875       0.85223319561419331     
  Comptn_2: TXYZ:  0.99999999999888378       U,V,W  0.96852080149899678       0.13589313668904879       0.20856776467957872     
  Comptn_2: TXYZ:   1.0000000000225449       U,V,W  0.17835506266723655       0.86703077410913920       0.46523876492744876     
       5000                  5000                  5000             4.7849422E-01         1.0000000E+30           1025190       
 NEXT SEEDS:1180E017      4F       0       0       0       0       A    3039       0       0
  Comptn_2: TXYZ:  0.99999999999539668       U,V,W  0.87763553446646370      -0.47476585580977826        6.5979169397394344E-002
  Comptn_2: TXYZ:   1.0000000000012950       U,V,W -0.15238238332306508       0.66838645278640740      -0.72803788293308003     
  Comptn_2: TXYZ:  0.99999999999721423       U,V,W  0.28303484758387709       0.14369696988060809       0.94828395320047321     
  Comptn_2: TXYZ:   1.0000000000044154       U,V,W -0.89562996838031239      -0.19067726633687698      -0.40185711371803734     
  *** Umfnst:amsq,np0,np,kpart  -1.4947892911407816E-017           0           1           7
  Comptn_2: TXYZ:   1.0000000000078433       U,V,W -0.36791314491358662      -0.65463216336303276       0.66037614167856873     
       5200                  4800                  4800             4.7858655E-01         1.0000000E+30           1066006       
 NEXT SEEDS:14E0B331      50       0       0       0       0       A    3039       0       0
  Comptn_2: TXYZ:  0.99999999999854194       U,V,W  0.58951844324101899      -0.78581824415758206       0.18696976286641132     
  Comptn_2: TXYZ:   1.0000000000210778       U,V,W -0.98650617288390663       -8.3505770267322532E-003  0.16351097439115847     
  Comptn_2: TXYZ:   1.0000000000021383       U,V,W  0.49064391902401816       0.31836801648168489       0.81111673069195689     
  Comptn_2: TXYZ:   1.0000000000880143       U,V,W  0.70441797731683664       0.66594421639786106       0.24558830177170421     
  Comptn_2: TXYZ:  0.99999999995334987       U,V,W  0.74402266521798310        4.6723533293970831E-002  0.66651870568784943     
  Comptn_2: TXYZ:   1.0000000000016067       U,V,W  0.81174046566856362       0.49425923802409244      -0.31110323371130960     
  Comptn_2: TXYZ:   1.0000000000011131       U,V,W  0.57980393090183213       0.80587128365355909      -0.11999531613551184     
  Comptn_2: TXYZ:   1.0000000000012275       U,V,W  -6.1211134437328951E-003  0.91786779843249100       0.39683905625848936     
       5400                  4600                  4600             4.7876454E-01         1.0000000E+30           1108295       
 NEXT SEEDS:189D2DDA      51       0       0       0       0       A    3039       0       0
  Comptn_2: TXYZ:  0.99999999997501754       U,V,W -0.90596665900380913       0.38584468669887428      -0.17420760745369535     
  Comptn_2: TXYZ:  0.99999999999877764       U,V,W -0.56761482933631058       0.44000480584135460       0.69585140393104084     
  Comptn_2: TXYZ:  0.99999999999352418       U,V,W  0.73425457069108013      -0.26587020176303611      -0.62464650901711138     
  Comptn_2: TXYZ:  0.99999999999850142       U,V,W -0.18100846357504707       0.77039769118957102      -0.61132915317566905     
  Comptn_2: TXYZ:  0.99999999999082423       U,V,W  0.81038095550113010      -0.54887638018050211       0.20498152656239199     
  Comptn_2: TXYZ:   1.0000000000012728       U,V,W -0.14684978331693266      -0.94524718664681018       0.29144964792796202     
  Comptn_2: TXYZ:  0.99999999999775979       U,V,W  0.70996530956115933       0.70003525474143302        7.6810815231866059E-002
  Comptn_2: TXYZ:   1.0000000001122156       U,V,W  0.80159110655455379      -0.56272445966334317      -0.20197247461339884     
  Comptn_2: TXYZ:   1.0000000000016531       U,V,W  0.34461328147474291       0.93860862400508083       -1.5985530211771959E-002
  Comptn_2: TXYZ:   1.0000000000014693       U,V,W -0.93144832611334749      -0.36373028360503667       -1.0212569251265791E-002
  Comptn_2: TXYZ:  0.99999999999897149       U,V,W -0.26263006879996453      -0.40814927198379536       0.87432237689549908     
       5600                  4400                  4400             4.7887825E-01         1.0000000E+30           1150052       
 NEXT SEEDS:1D167710      52       0       0       0       0       A    3039       0       0
  Comptn_2: TXYZ:  0.99999999995209965       U,V,W  0.53694973617911046       0.80932062781599257       0.23808633341880636     
  Comptn_2: TXYZ:   1.0000000000013383       U,V,W  0.15782785597748727      -0.89427160361067948      -0.41877042261180719     
  Comptn_2: TXYZ:   1.0000000000301918       U,V,W  0.40281668696921713       0.57603115000085836       0.71128533722973941     
  Comptn_2: TXYZ:   1.0000000000042713       U,V,W -0.22234252029679169      -0.43093166515279790       0.87456372188707832     
  Comptn_2: TXYZ:  0.99999999999506828       U,V,W  0.24254198043331598       0.31656282197987906       0.91703945796388098     
  Comptn_2: TXYZ:  0.99999999990825716       U,V,W  0.45175850481143698      -0.63382152814614301      -0.62784116120025146     
       5800                  4200                  4200             4.7898449E-01         1.0000000E+30           1193559       
 NEXT SEEDS:21AF31EB      53       0       0       0       0       A    3039       0       0
  Comptn_2: TXYZ:  0.99999999999894040       U,V,W  0.99977985730203711       -1.8089591008530803E-002   1.0630316514706806E-002
  Comptn_2: TXYZ:   1.0000000000011515       U,V,W -0.42134552452436935       0.88838496577594839       0.18231868129103646     
  Comptn_2: TXYZ:  0.99999999999820610       U,V,W  0.65376580232653225       0.67994378057029081       0.33206434763511083     
  Comptn_2: TXYZ:   1.0000000000011884       U,V,W -0.64379571639406663       0.66840362943211318       0.37250995116347863     
  Comptn_2: TXYZ:   1.0000000000041545       U,V,W  0.84125579093221958      -0.15474448349777958      -0.51801818409604650     
  Comptn_2: TXYZ:   1.0000000000011677       U,V,W  0.88662820546072152       0.29776882342765276      -0.35387024892915164     
  Comptn_2: TXYZ:   1.0000000000122213       U,V,W -0.99765042763962342       -8.1033010305304742E-003   6.8029116965504954E-002
       6000                  4000                  4000             4.7862234E-01         1.0000000E+30           1235416       
 NEXT SEEDS:23D70D92      54       0       0       0       0       A    3039       0       0
  Comptn_2: TXYZ:  0.99999999999819500       U,V,W  -5.7876910475737731E-002 -0.73516437176057536      -0.67541365823164767     
  Comptn_2: TXYZ:  0.99999999997074529       U,V,W -0.88298167528033034       0.15041334541251672       0.44465625668790665     
  Comptn_2: TXYZ:  0.99999999999782752       U,V,W  0.18764106391936508      -0.73725742577870790      -0.64903183224183181     
  Comptn_2: TXYZ:   1.0000000000036542       U,V,W -0.71956606981302684      -0.65443139274509576       0.23225895756074166     
  Comptn_2: TXYZ:  0.99999999999892630       U,V,W  0.68904183141556086      -0.36757248611740323      -0.62458932268162215     
  Comptn_2: TXYZ:  0.99999999999780820       U,V,W  0.70117008164695882       0.65357964582688588       0.28494589514819779     
       6200                  3800                  3800             4.7890896E-01         1.0000000E+30           1276652       
 NEXT SEEDS:29099732      55       0       0       0       0       A    3039       0       0
  Comptn_2: TXYZ:  0.99999999999879197       U,V,W -0.74920705827377887      -0.60440992530643456      -0.27088267944372646     
  Comptn_2: TXYZ:  0.99999999999868772       U,V,W -0.16032062433576755      -0.47107763932382518       0.86740022777283698     
  Comptn_2: TXYZ:  0.99999999999366096       U,V,W  0.84730204557371991      -0.22652565461152108      -0.48038044440117744     
  Comptn_2: TXYZ:   1.0000000000012925       U,V,W -0.21883070815809447        5.9972531905156945E-002  0.97391807488371640     
  *** Umfnst:amsq,np0,np,kpart  -7.3275644331880518E-018           0           1           7
  *** Umfnst:amsq,np0,np,kpart  -7.4121498284202088E-018           0           1           7
  Comptn_2: TXYZ:   1.0000000000012832       U,V,W  0.62661837300360501       0.26713743730122985      -0.73211133320535993     
  Comptn_2: TXYZ:   1.0000000000011129       U,V,W -0.72495173642272448        8.8502109530935513E-002  0.68309029891176465     
  Comptn_2: TXYZ:   1.0000000000021312       U,V,W  0.60440937968609276      -0.38385528939521407      -0.69810057910942902     
  Comptn_2: TXYZ:  0.99999999999739941       U,V,W  0.28977556657010473       -3.3740674935089032E-002  0.95649970615327362     
  Comptn_2: TXYZ:   1.0000000000085942       U,V,W  -5.4261590251030611E-002 -0.65102125419888779      -0.75711756445966216     
       6400                  3600                  3600             4.7910228E-01         1.0000000E+30           1318314       
 NEXT SEEDS:2E1DF3D3      56       0       0       0       0       A    3039       0       0
  Comptn_2: TXYZ:  0.99999999999888156       U,V,W -0.38633361669480593       0.66783965981611004       0.63618906418382792     
  Comptn_2: TXYZ:   1.0000000000015201       U,V,W  0.94530526942494575      -0.30868702350242927       0.10540526134952444     
  Comptn_2: TXYZ:  0.99999999999856437       U,V,W  0.75039147946660023       0.46220966850710266      -0.47251968200387751     
  *** Umfnst:amsq,np0,np,kpart  -7.3728967857017768E-018           0           1           7
  *** Umfnst:amsq,np0,np,kpart  -2.9800454713967094E-017           0           1           7
  Comptn_2: TXYZ:  0.99999999999802780       U,V,W  0.17444901080486375      -0.25577113827276321       0.95086732379122552     
  *** Umfnst:amsq,np0,np,kpart  -1.4823320658087350E-017           0           1           7
  Comptn_2: TXYZ:   1.0000000000012572       U,V,W   3.6337037109404946E-002 -0.84697536845880705       0.53038886202430291     
  Comptn_2: TXYZ:  0.99999999999885458       U,V,W -0.86601051672187168       0.17837678154857883       0.46712686577667739     
       6600                  3400                  3400             4.7883862E-01         1.0000000E+30           1358735       
 NEXT SEEDS:307C1192      57       0       0       0       0       A    3039       0       0
  Comptn_2: TXYZ:  0.99999999999889344       U,V,W  0.96684847599577051       -2.8986279586291630E-003  0.25533433458801991     
  Comptn_2: TXYZ:  0.99999999998493649       U,V,W  0.47497216023612054       0.83199515864808404      -0.28668014052549751     
  Comptn_2: TXYZ:  0.99999999999878664       U,V,W -0.51717782343949636      -0.43673562851384418      -0.73606323758749781     
  Comptn_2: TXYZ:   1.0000000000016604       U,V,W -0.15580972994919051      -0.97033468254735489       0.18486192658453149     
  Comptn_2: TXYZ:  0.99999999999865929       U,V,W  0.15473491078519430      -0.28590530339390974      -0.94568243341736746     
  Comptn_2: TXYZ:   1.0000000000020415       U,V,W -0.57985218599016264       0.69725797667525669      -0.42142942038637798     
  Comptn_2: TXYZ:  0.99999999999606082       U,V,W -0.64799671074511878      -0.72085335438384135       0.24590791840266490     
  Comptn_2: TXYZ:  0.99999999999577793       U,V,W -0.87529488697648183       -8.3289109544566031E-002 -0.47636308112602421     
  Comptn_2: TXYZ:  0.99999999999827693       U,V,W -0.93704936957856333        7.3431509364056069E-002 -0.34138877017736036     
  Comptn_2: TXYZ:  0.99999999999283928       U,V,W  0.53145235666818280       0.81593023179669188       0.22763182867268483     
       6800                  3200                  3200             4.7886247E-01         1.0000000E+30           1400235       
 NEXT SEEDS:34717CE4      58       0       0       0       0       A    3039       0       0
  Comptn_2: TXYZ:  0.99999999999809219       U,V,W  0.25302429324729303       0.77140464763348560      -0.58387804945404298     
  Comptn_2: TXYZ:  0.99999999999840417       U,V,W -0.96853712795024727       0.10959108477224788       0.22344043035836769     
  Comptn_2: TXYZ:  0.99999999999783562       U,V,W -0.13615950468414351       0.98667007855487121       -8.9122081251105101E-002
  Comptn_2: TXYZ:  0.99999999999891820       U,V,W   1.2972636134698234E-002 -0.72125050850231531      -0.69255282448040489     
  Comptn_2: TXYZ:   1.0000000000037619       U,V,W  0.51225456166868355       0.84929516003364114      -0.12764401747367060     
  Comptn_2: TXYZ:  0.99999999999448086       U,V,W  0.16809405280112344        7.7996358097522034E-002  0.98268049615879582     
  Comptn_2: TXYZ:  0.99999999999864253       U,V,W   3.2116348560549568E-002  0.95879416041114029      -0.28228053088244742     
  Comptn_2: TXYZ:   1.0000000000012501       U,V,W  0.45080845763686739      -0.44985072666743764      -0.77097733964176740     
       7000                  3000                  3000             4.7896323E-01         1.0000000E+30           1439826       
 NEXT SEEDS:385C8AF9      59       0       0       0       0       A    3039       0       0
  Comptn_2: TXYZ:   1.0000000000040268       U,V,W -0.32461561738452360       0.69528209462151835      -0.64125463729536136     
  Comptn_2: TXYZ:   1.0000000000013214       U,V,W -0.66225414310331843      -0.17759989081539374      -0.72792700782851227     
  Comptn_2: TXYZ:   1.0000000000010056       U,V,W -0.26404054257617560      -0.94274480772627101      -0.20375185737126600     
  Comptn_2: TXYZ:  0.99999999999894973       U,V,W -0.63119458449133958       0.73572417886109065      -0.24556736172978866     
  Comptn_2: TXYZ:   1.0000000000021787       U,V,W -0.83208095768812029       0.53478035062606466       0.14714365918809591     
  *** Umfnst:amsq,np0,np,kpart  -7.2724170085984830E-018           0           1           7
  Comptn_2: TXYZ:  0.99999999999324274       U,V,W  0.95572661288495908        3.9156350275192153E-002 -0.29163919772522462     
       7200                  2800                  2800             4.7920104E-01         1.0000000E+30           1481500       
 NEXT SEEDS: 1DBB0A9      5B       0       0       0       0       A    3039       0       0
  Comptn_2: TXYZ:   1.0000000000018965       U,V,W  0.49790763056579124      -0.86018981180609444      -0.11027909634763944     
  Comptn_2: TXYZ:  0.99999999999740219       U,V,W  0.92857060892347931      -0.37112486333620609       -4.7916651138564248E-003
  Comptn_2: TXYZ:  0.99999999997377254       U,V,W  0.48993546102079932       0.51421463113649679      -0.70395067805441158     
  Comptn_2: TXYZ:  0.99999999998920774       U,V,W  0.67764738649783496       -8.1297639652575526E-003  0.73534204728121644     
  Comptn_2: TXYZ:  0.99999999999835321       U,V,W -0.80434829061420032       0.43974979860334784       0.39955467962806068     
  Comptn_2: TXYZ:  0.99999999999774170       U,V,W  0.97750574838834581       -4.4841969736559406E-002  0.20608665559814199     
  Comptn_2: TXYZ:   1.0000000000018145       U,V,W -0.36988494745749190      -0.83059937797882810       0.41628091350357010     
  Comptn_2: TXYZ:  0.99999999999814415       U,V,W   5.0960370990026149E-002 -0.44744559657806987       0.89285803949429621     
  Comptn_2: TXYZ:   1.0000000000011573       U,V,W  0.42048621354474136       0.83601187596301330      -0.35252728613366457     
  Comptn_2: TXYZ:   1.0000000000225173       U,V,W   1.3520256933873043E-002  0.50743040298169717      -0.86158666935183703     
  Comptn_2: TXYZ:  0.99999999999846068       U,V,W   2.1170346991794986E-002  0.99977012276083277       -3.3938240226873972E-003
  Comptn_2: TXYZ:  0.99999999999801048       U,V,W -0.59174707515609093       0.10233959423599970      -0.79960115463512993     
  Comptn_2: TXYZ:  0.99999999999874956       U,V,W -0.36043694646483004       0.16605433925037261      -0.91788406895314456     
       7400                  2600                  2600             4.7906833E-01         1.0000000E+30           1523129       
 NEXT SEEDS: 520654D      5C       0       0       0       0       A    3039       0       0
  Comptn_2: TXYZ:  0.99999999999121036       U,V,W  0.20543999408486968       0.90753491922203011       0.36629875677414248     
  *** Umfnst:amsq,np0,np,kpart  -7.3594921792504685E-018           0           1           7
  Comptn_2: TXYZ:  0.99999999999222244       U,V,W   6.8998915398978511E-002  0.86214676705714055      -0.50193834453935438     
  Comptn_2: TXYZ:   1.0000000000024185       U,V,W  -7.0771078191683046E-002 -0.78014022917680137       0.62158883300295287     
  Comptn_2: TXYZ:  0.99999999999890443       U,V,W -0.87826745164482745      -0.27368897717566654       0.39209772653350417     
  Comptn_2: TXYZ:  0.99999999999698053       U,V,W  0.50533255341214378       0.26666171116160342       0.82068906551708665     
  Comptn_2: TXYZ:  0.99999999999692357       U,V,W  -5.6387310011885461E-002 -0.62664942689148262      -0.77725862300982129     
  Comptn_2: TXYZ:  0.99999999999850164       U,V,W  0.68327211268650245      -0.55886158575885503       0.46990738234946150     
  Comptn_2: TXYZ:   1.0000000000011513       U,V,W -0.39225647572731126      -0.16944299610152314      -0.90411499728921640     
  Comptn_2: TXYZ:   1.0000000000013862       U,V,W  0.67212650886138903       0.31549506879894551       0.66985731141097204     
  *** Umfnst:amsq,np0,np,kpart  -7.3058524045380774E-018           0           1           7
  Comptn_2: TXYZ:   1.0000000000027711       U,V,W  0.18806764915684937      -0.95830452992362947      -0.21513481185349548     
  Comptn_2: TXYZ:   1.0000000000748273       U,V,W  0.15483849046279374       0.98589943119549250       -6.3461433283805491E-002
  Comptn_2: TXYZ:  0.99999999999804734       U,V,W -0.73541159839717096      -0.67694827186088702        3.0179764172771684E-002
  Comptn_2: TXYZ:   1.0000000000013254       U,V,W   8.0153186119872544E-002 -0.98965476435064770      -0.11899123561936165     
       7600                  2400                  2400             4.7916561E-01         1.0000000E+30           1563580       
 NEXT SEEDS: 970FBEB      5D       0       0       0       0       A    3039       0       0
  Comptn_2: TXYZ:   1.0000000000032401       U,V,W   9.3386301394090765E-002 -0.97042501721647589      -0.22260791692025350     
  *** Eveneu: no downsc. group selected, cusngl, rsngl, igpr ***  0.999999821      0.999999881             163
  Comptn_2: TXYZ:  0.99999999999853961       U,V,W  0.39012442073823728      -0.22261589340978105       0.89344563368095287     
  Comptn_2: TXYZ:   1.0000000000025013       U,V,W  0.42985021465477757      -0.14474553085519659       0.89122248864197218     
  Comptn_2: TXYZ:  0.99999999999867284       U,V,W -0.85815616430740960       0.31230350260518236      -0.40747333645332162     
  Comptn_2: TXYZ:   1.0000000000040523       U,V,W  0.22225992671320327       0.68545692037939432      -0.69336089829575087     
  Comptn_2: TXYZ:  0.99999999999835587       U,V,W   4.3486780407306469E-002  -2.9415204881389460E-004  0.99905395920477424     
  Comptn_2: TXYZ:  0.99999999999790368       U,V,W  -4.9219628231028878E-002 -0.96788493251703522      -0.24652826531900374     
       7800                  2200                  2200             4.7895388E-01         1.0000000E+30           1604571       
 NEXT SEEDS: BF1DABE      5E       0       0       0       0       A    3039       0       0
  Comptn_2: TXYZ:   1.0000000000014517       U,V,W  -2.1784085723595581E-002 -0.99775302799997689       -6.3358888307135430E-002
  Comptn_2: TXYZ:   1.0000000000013531       U,V,W  -3.6155024234503230E-002 -0.99534151251927483        8.9376102397665136E-002
  Comptn_2: TXYZ:   1.0000000000013760       U,V,W  0.30857510054538295       0.90234608933812410      -0.30092015947918327     
  Comptn_2: TXYZ:  0.99999999999824629       U,V,W  0.83091871003303197       0.33742437680242565       0.44240127402029827     
  Comptn_2: TXYZ:   1.0000000000010938       U,V,W  0.91538290425960867       -4.8564535560434052E-002  0.39964437250652907     
  Comptn_2: TXYZ:   1.0000000000104601       U,V,W  0.69428755459182412      -0.59632074419300807      -0.40294709527984196     
  Comptn_2: TXYZ:   1.0000000000010310       U,V,W  0.56168354615775229      -0.66610758006317639      -0.49072628394968021     
  Comptn_2: TXYZ:  0.99999999999816958       U,V,W -0.97140350642465134       0.21970092796500396        9.0037380878044360E-002
  Comptn_2: TXYZ:   1.0000000000024580       U,V,W  -8.1144215782843254E-002  0.17131371948828189      -0.98186925084887733     
       8000                  2000                  2000             4.7885296E-01         1.0000000E+30           1645749       
 NEXT SEEDS: EF307C4      5F       0       0       0       0       A    3039       0       0
  Comptn_2: TXYZ:  0.99999999999782196       U,V,W -0.68959755098581610      -0.35617921734289837      -0.63054863635185754     
  Comptn_2: TXYZ:  0.99999999999891209       U,V,W   2.3922566494590569E-002  0.99741971642528837       -6.7687665769483374E-002
  Comptn_2: TXYZ:  0.99999999999772449       U,V,W -0.95400343642289820       -4.3626680330817180E-003 -0.29976392447834499     
  Comptn_2: TXYZ:   1.0000000000023352       U,V,W  0.86284786897772925       0.49397766832847445      -0.10714298015124513     
       8200                  1800                  1800             4.7881112E-01         1.0000000E+30           1686614       
 NEXT SEEDS:1274D883      60       0       0       0       0       A    3039       0       0
  Comptn_2: TXYZ:  0.99999999999822542       U,V,W  0.31903836759328641      -0.87309028261018540       0.36868398176935102     
  Comptn_2: TXYZ:   1.0000000000026246       U,V,W  0.89658600581240555       0.34715805445298997      -0.27498148921772270     
  Comptn_2: TXYZ:  0.99999999999640321       U,V,W  0.19671374452849477       0.21714832870028533      -0.95611207818573973     
  Comptn_2: TXYZ:  0.99999999999881406       U,V,W  0.18001399144471719       0.41586848600044490      -0.89143051621237035     
  Comptn_2: TXYZ:   1.0000000000027258       U,V,W -0.59211155410535810       0.29452428656765051       0.75010622722350462     
  Comptn_2: TXYZ:  0.99999999999645939       U,V,W -0.26613709400319152      -0.86135510863545051      -0.43271055455073792     
  *** Umfnst:amsq,np0,np,kpart  -2.1768596407653985E-017           0           1           7
  Comptn_2: TXYZ:   1.0000000000045672       U,V,W  0.32828832683794928       0.92069515120189038      -0.21106210702026829     
  Comptn_2: TXYZ:   1.0000000000011864       U,V,W -0.79568530140768878      -0.52334679727937328       0.30494758713976466     
  Comptn_2: TXYZ:  0.99999999999769962       U,V,W -0.65306820839121826      -0.33274172035623906       0.68028292843548144     
  Comptn_2: TXYZ:   1.0000000000013529       U,V,W  0.15689712936605815       0.15358048138111235      -0.97560049535493221     
  Comptn_2: TXYZ:   1.0000000000132958       U,V,W -0.90951465150996924        6.0968576531763574E-002  0.41117627774190169     
  Comptn_2: TXYZ:   1.0000000000014917       U,V,W  0.99914174132101918       -1.6648291849925556E-002   3.7929080267956536E-002
       8400                  1600                  1600             4.7900288E-01         1.0000000E+30           1727176       
 NEXT SEEDS:17324E89      61       0       0       0       0       A    3039       0       0
  Comptn_2: TXYZ:  0.99999999999157074       U,V,W  -2.7921402404558648E-002  0.95001314038064077      -0.31095888535857341     
  Comptn_2: TXYZ:   1.0000000000040898       U,V,W -0.18337389436832563       0.48802399568953092       0.85335021796417720     
  Comptn_2: TXYZ:   1.0000000000012252       U,V,W   3.4321831602761144E-002  0.16229335095557929      -0.98614546599995379     
  Comptn_2: TXYZ:   1.0000000000033757       U,V,W   3.1120729652556633E-002 -0.93198985461953754       0.36114596920846509     
  Comptn_2: TXYZ:   1.0000000000015505       U,V,W  0.95723761909489724      -0.19616818447927642      -0.21263627157469500     
  Comptn_2: TXYZ:  0.99999999999894629       U,V,W -0.24418988318342372      -0.92627741289926036      -0.28702169831297653     
  Comptn_2: TXYZ:   1.0000000000046125       U,V,W -0.30600801520157006       0.90414995242485929       0.29811400196423676     
  Comptn_2: TXYZ:   1.0000000000023377       U,V,W -0.17343871350111328       0.98400264207997878        4.0716250331257697E-002
  Comptn_2: TXYZ:   1.0000000000028622       U,V,W   6.5718590084870243E-002 -0.94035105500535465       0.33379778350138167     
  Comptn_2: TXYZ:  0.99999999999507738       U,V,W -0.77750105530760294      -0.49890931620583956       0.38285976962023938     
  Comptn_2: TXYZ:   1.0000000000011102       U,V,W  0.24656590663855837      -0.55474578922918738       0.79464606147460515     
  Comptn_2: TXYZ:  0.99999999999083711       U,V,W  0.20926213979131436        3.8685157784584590E-002 -0.97709406681648581     
       8600                  1400                  1400             4.7893619E-01         1.0000000E+30           1767556       
 NEXT SEEDS:1A2E5E16      62       0       0       0       0       A    3039       0       0
  Comptn_2: TXYZ:  0.99999999999852496       U,V,W  0.38494059427349825       0.66800430521461607      -0.63686025711582062     
  Comptn_2: TXYZ:   1.0000000000015006       U,V,W  0.71711207267069144       -7.4689176201204077E-002 -0.69294429948577463     
  Comptn_2: TXYZ:   1.0000000000010736       U,V,W  0.47605698185493139      -0.82099081588693501      -0.31518856301831732     
  Comptn_2: TXYZ:  0.99999999999838185       U,V,W  -6.8509523404571837E-003  0.48792613870605805       0.87285803405697493     
  Comptn_2: TXYZ:  0.99999999999814926       U,V,W  0.32137300549732828       0.94430611550228072        7.0748509247593461E-002
  Comptn_2: TXYZ:   1.0000000000015881       U,V,W -0.77929480947071994        7.7345053055201785E-002 -0.62186601668001629     
  Comptn_2: TXYZ:  0.99999999999824540       U,V,W -0.67421214771722759      -0.45364619311865795       0.58278907963148896     
  Comptn_2: TXYZ:   1.0000000000033673       U,V,W -0.98289625201940822        4.7017979572103741E-003 -0.18410011098730195     
  Comptn_2: TXYZ:  0.99999999999867495       U,V,W  0.76556610535639180      -0.28677801267298308      -0.57590529583904271     
  Comptn_2: TXYZ:  0.99999999999841160       U,V,W -0.46298820448036082      -0.38784745679443589       0.79700456257699770     
  Comptn_2: TXYZ:  0.99999999999769762       U,V,W  0.94754099650335633       0.24980971127571650      -0.19940202630732529     
  *** Umfnst:amsq,np0,np,kpart  -7.3319231109708537E-018           0           1           7
  Comptn_2: TXYZ:   1.0000000000013829       U,V,W -0.57937063411236167      -0.79069890730296422      -0.19780016764280361     
  Comptn_2: TXYZ:   1.0000000000027782       U,V,W  0.57914830919945359      -0.67795301623747406       0.45273275089030562     
  Comptn_2: TXYZ:  0.99999999999889833       U,V,W -0.19771108991755426       0.75264015331449485      -0.62804707191519071     
  Comptn_2: TXYZ:  0.99999999999830291       U,V,W -0.35148079781533514      -0.88591041534710158      -0.30269454032890053     
       8800                  1200                  1200             4.7915557E-01         1.0000000E+30           1808435       
 NEXT SEEDS:1F4C5CC7      63       0       0       0       0       A    3039       0       0
  Comptn_2: TXYZ:   1.0000000000064024       U,V,W  0.86811274087007462       0.12106524430481613      -0.48137664647016720     
  Comptn_2: TXYZ:   1.0000000000014857       U,V,W -0.75821120640016915       0.43378895516434052       0.48676781823382242     
  Comptn_2: TXYZ:  0.99999999999737521       U,V,W -0.26855711906023316      -0.70171110951997662      -0.65990801826897538     
  Comptn_2: TXYZ:   1.0000000000015545       U,V,W -0.76011662191794471       -9.7835129818721001E-002 -0.64237917810196876     
  Comptn_2: TXYZ:  0.99999999999891265       U,V,W -0.11614108427917813      -0.75228211674824763       0.64852360432149680     
  Comptn_2: TXYZ:  0.99999999999888689       U,V,W -0.28768565072288510      -0.77816145403715353      -0.55830253251961892     
  Comptn_2: TXYZ:   1.0000000000030040       U,V,W -0.28229392468105274        8.9907639604788869E-002 -0.95510562579845981     
  *** Umfnst:amsq,np0,np,kpart  -7.3865352679570519E-018           0           1           7
  Comptn_2: TXYZ:  0.99999999999889222       U,V,W -0.10588708333589736       0.42932689775860666       0.89692047609722891     
       9000                  1000                  1000             4.7959106E-01         1.0000000E+30           1849017       
 NEXT SEEDS:25EDFEB6      64       0       0       0       0       A    3039       0       0
  Comptn_2: TXYZ:   1.0000000000030798       U,V,W -0.53177145329099673      -0.25530038724787119      -0.80749045427110033     
  *** Umfnst:amsq,np0,np,kpart  -7.4805550741903579E-018           0           1           7
  *** Umfnst:amsq,np0,np,kpart  -7.2505454655582052E-018           0           1           7
  Comptn_2: TXYZ:   1.0000000000023630       U,V,W -0.17865779485620692       0.65445848365953196      -0.73468733860435265     
  Comptn_2: TXYZ:  0.99999999999891909       U,V,W -0.46278475448392342      -0.60603915694515109       0.64695193891461855     
       9200                   800                   800             4.7945436E-01         1.0000000E+30           1889458       
 NEXT SEEDS:289F6283      65       0       0       0       0       A    3039       0       0
  Comptn_2: TXYZ:   1.0000000000012388       U,V,W -0.12245013294507601       0.44594211332239303       0.88664626346053588     
  Comptn_2: TXYZ:   1.0000000000017237       U,V,W  0.26241412049262181      -0.50544578301486354      -0.82198746328657535     
  Comptn_2: TXYZ:  0.99999999999686073       U,V,W  -8.4092275088934798E-002 -0.21534979985932523       0.97290952969316535     
  Comptn_2: TXYZ:   1.0000000000025477       U,V,W  0.98659535150629374      -0.15828383324588202       -3.9696857831700072E-002
  Comptn_2: TXYZ:  0.99999999999539957       U,V,W  -4.7444857799575857E-002  0.57533451309511763      -0.81654098703334022     
  Comptn_2: TXYZ:  0.99999999998662537       U,V,W -0.90862383385633727      -0.38531606553738129      -0.16104116918859290     
       9400                   600                   600             4.7934863E-01         1.0000000E+30           1930376       
 NEXT SEEDS:2B711760      66       0       0       0       0       A    3039       0       0
  Comptn_2: TXYZ:  0.99999999999878564       U,V,W -0.21171509923738796       0.92883536098643482       0.30404208415100697     
  *** Umfnst:amsq,np0,np,kpart  -7.4320806396789569E-018           0           1           7
  Comptn_2: TXYZ:   1.0000000000139868       U,V,W -0.21971113195836978       0.38861545079080884       0.89482123908310029     
  *** Umfnst:amsq,np0,np,kpart  -7.2809139699976773E-018           0           1           7
  Comptn_2: TXYZ:   1.0000000001893712       U,V,W -0.86333226039445154        2.2484452796220467E-002 -0.50413476148152370     
       9600                   400                   400             4.7962796E-01         1.0000000E+30           1970465       
 NEXT SEEDS:30E41945      67       0       0       0       0       A    3039       0       0
  Comptn_2: TXYZ:  0.99999999999727507       U,V,W -0.50986002565969102       0.51100964869706189       0.69203460402647465     
  Comptn_2: TXYZ:  0.99999999999890155       U,V,W -0.80618593481124634       0.39555517818881292      -0.44000038581737044     
  Comptn_2: TXYZ:  0.99999999999566525       U,V,W  0.57600667952311824       0.48345273476219575      -0.65915837125183430     
  Comptn_2: TXYZ:   1.0000000000018427       U,V,W  0.25805466454393411      -0.93257037200425685      -0.25242878474691111     
  *** Umfnst:amsq,np0,np,kpart  -7.5275728902075988E-018           0           1           7
       9800                   200                   200             4.7991945E-01         1.0000000E+30           2011865       
 NEXT SEEDS:36D20203      68       0       0       0       0       A    3039       0       0
  Comptn_2: TXYZ:   1.0000000000022780       U,V,W -0.58052054792594276       0.81424492948013949       -1.0431940969617415E-003
  Comptn_2: TXYZ:   1.0000000000011389       U,V,W -0.24312750129686123       0.41720387687347327      -0.87568826829872926     
  Comptn_2: TXYZ:  0.99999999999754363       U,V,W  0.35893594594107903       0.79075381349066731      -0.49585622226497605     
  Comptn_2: TXYZ:  0.99999999999669154       U,V,W -0.58581380100066838       0.16575384703642726      -0.79331447279528788     
  Comptn_2: TXYZ:   1.0000000000271909       U,V,W -0.61235620851621775       0.70895499942260187      -0.34986094768140674     
  Comptn_2: TXYZ:  0.99999999995934419       U,V,W -0.98818951734440930       -7.9155976539354356E-002 -0.13120902845486171     
  *** Emfgeo: Ncoun  2000000000
  Comptn_2: TXYZ:   1.0000000000064786       U,V,W -0.18155059214862490       0.89416881035701934      -0.40926949688643433     
       9950                    50                    50             4.7979931E-01         1.0000000E+30           2042130       
 NEXT SEEDS:2B12E21E      69       0       0       0       0       A    3039       0       0
       9951                    49                    49             4.7978985E-01         1.0000000E+30           2042363       
 NEXT SEEDS:2B55C9DF      69       0       0       0       0       A    3039       0       0
  *** Umfnst:amsq,np0,np,kpart  -1.5019250865249149E-017           0           1           7
       9952                    48                    48             4.7980464E-01         1.0000000E+30           2042599       
 NEXT SEEDS:2BC395F9      69       0       0       0       0       A    3039       0       0
       9953                    47                    47             4.7979632E-01         1.0000000E+30           2042800       
 NEXT SEEDS:2C093B7C      69       0       0       0       0       A    3039       0       0
       9954                    46                    46             4.7979143E-01         1.0000000E+30           2042986       
 NEXT SEEDS:2C54A38A      69       0       0       0       0       A    3039       0       0
       9955                    45                    45             4.7979052E-01         1.0000000E+30           2043083       
 NEXT SEEDS:2C9FAE7F      69       0       0       0       0       A    3039       0       0
       9956                    44                    44             4.7979157E-01         1.0000000E+30           2043259       
 NEXT SEEDS:2CEFCEFF      69       0       0       0       0       A    3039       0       0
  Comptn_2: TXYZ:   1.0000000000012546       U,V,W  0.46652262125791566       -6.4192593228447947E-002  0.88217682741642278     
       9957                    43                    43             4.7979306E-01         1.0000000E+30           2043467       
 NEXT SEEDS:2D43B6B5      69       0       0       0       0       A    3039       0       0
       9958                    42                    42             4.7978945E-01         1.0000000E+30           2043680       
 NEXT SEEDS:2D8FC1B0      69       0       0       0       0       A    3039       0       0
       9959                    41                    41             4.7980168E-01         1.0000000E+30           2043856       
 NEXT SEEDS:2DFC24FC      69       0       0       0       0       A    3039       0       0
       9960                    40                    40             4.7978360E-01         1.0000000E+30           2044113       
 NEXT SEEDS:2E2F79F0      69       0       0       0       0       A    3039       0       0
       9961                    39                    39             4.7978019E-01         1.0000000E+30           2044342       
 NEXT SEEDS:2E7AC5DB      69       0       0       0       0       A    3039       0       0
  Comptn_2: TXYZ:   1.0000000000060929       U,V,W  0.25136849717310383       0.50789509669531074      -0.82392745395932110     
       9962                    38                    38             4.7977350E-01         1.0000000E+30           2044470       
 NEXT SEEDS:2EBD7BA6      69       0       0       0       0       A    3039       0       0
       9963                    37                    37             4.7977626E-01         1.0000000E+30           2044660       
 NEXT SEEDS:2F134ECE      69       0       0       0       0       A    3039       0       0
       9964                    36                    36             4.7977702E-01         1.0000000E+30           2044889       
 NEXT SEEDS:2F69E4F2      69       0       0       0       0       A    3039       0       0
       9965                    35                    35             4.7977493E-01         1.0000000E+30           2045107       
 NEXT SEEDS:2FB8045C      69       0       0       0       0       A    3039       0       0
       9966                    34                    34             4.7976373E-01         1.0000000E+30           2045352       
 NEXT SEEDS:2FF8CBC5      69       0       0       0       0       A    3039       0       0
       9967                    33                    33             4.7977855E-01         1.0000000E+30           2045502       
 NEXT SEEDS:30691EC6      69       0       0       0       0       A    3039       0       0
       9968                    32                    32             4.7977362E-01         1.0000000E+30           2045658       
 NEXT SEEDS:30B07897      69       0       0       0       0       A    3039       0       0
       9969                    31                    31             4.7976698E-01         1.0000000E+30           2045928       
 NEXT SEEDS:30FC1A63      69       0       0       0       0       A    3039       0       0
       9970                    30                    30             4.7976945E-01         1.0000000E+30           2046086       
 NEXT SEEDS:31511B0C      69       0       0       0       0       A    3039       0       0
       9971                    29                    29             4.7976570E-01         1.0000000E+30           2046301       
 NEXT SEEDS:319F72D4      69       0       0       0       0       A    3039       0       0
       9972                    28                    28             4.7975691E-01         1.0000000E+30           2046575       
 NEXT SEEDS:31E67AC9      69       0       0       0       0       A    3039       0       0
       9973                    27                    27             4.7976741E-01         1.0000000E+30           2046711       
 NEXT SEEDS:32493065      69       0       0       0       0       A    3039       0       0
       9974                    26                    26             4.7975994E-01         1.0000000E+30           2046942       
 NEXT SEEDS:328FAE1A      69       0       0       0       0       A    3039       0       0
       9975                    25                    25             4.7975571E-01         1.0000000E+30           2047119       
 NEXT SEEDS:32D9BBC3      69       0       0       0       0       A    3039       0       0
       9976                    24                    24             4.7973752E-01         1.0000000E+30           2047297       
 NEXT SEEDS:330D9FFE      69       0       0       0       0       A    3039       0       0
       9977                    23                    23             4.7973622E-01         1.0000000E+30           2047498       
 NEXT SEEDS:335F2ADB      69       0       0       0       0       A    3039       0       0
       9978                    22                    22             4.7972739E-01         1.0000000E+30           2047604       
 NEXT SEEDS:33A034E4      69       0       0       0       0       A    3039       0       0
       9979                    21                    21             4.7971469E-01         1.0000000E+30           2047809       
 NEXT SEEDS:33DD4763      69       0       0       0       0       A    3039       0       0
       9980                    20                    20             4.7971981E-01         1.0000000E+30           2047997       
 NEXT SEEDS:3439F3DF      69       0       0       0       0       A    3039       0       0
       9981                    19                    19             4.7972840E-01         1.0000000E+30           2048236       
 NEXT SEEDS:34AB5CBA      69       0       0       0       0       A    3039       0       0
       9982                    18                    18             4.7971737E-01         1.0000000E+30           2048447       
 NEXT SEEDS:34EB333E      69       0       0       0       0       A    3039       0       0
       9983                    17                    17             4.7972253E-01         1.0000000E+30           2048675       
 NEXT SEEDS:354BAAD3      69       0       0       0       0       A    3039       0       0
       9984                    16                    16             4.7971238E-01         1.0000000E+30           2048978       
 NEXT SEEDS:3595B818      69       0       0       0       0       A    3039       0       0
       9985                    15                    15             4.7972502E-01         1.0000000E+30           2049210       
 NEXT SEEDS:36054937      69       0       0       0       0       A    3039       0       0
       9986                    14                    14             4.7972104E-01         1.0000000E+30           2049477       
 NEXT SEEDS:36574DF5      69       0       0       0       0       A    3039       0       0
       9987                    13                    13             4.7973632E-01         1.0000000E+30           2049643       
 NEXT SEEDS:36D6AD6A      69       0       0       0       0       A    3039       0       0
       9988                    12                    12             4.7974299E-01         1.0000000E+30           2049877       
 NEXT SEEDS:374105B9      69       0       0       0       0       A    3039       0       0
       9989                    11                    11             4.7974859E-01         1.0000000E+30           2050154       
 NEXT SEEDS:37A613EF      69       0       0       0       0       A    3039       0       0
       9990                    10                    10             4.7975052E-01         1.0000000E+30           2050313       
 NEXT SEEDS:37F8BBE0      69       0       0       0       0       A    3039       0       0
       9991                     9                     9             4.7974346E-01         1.0000000E+30           2050529       
 NEXT SEEDS:383F71A0      69       0       0       0       0       A    3039       0       0
       9992                     8                     8             4.7974592E-01         1.0000000E+30           2050718       
 NEXT SEEDS:389A7B7B      69       0       0       0       0       A    3039       0       0
       9993                     7                     7             4.7974062E-01         1.0000000E+30           2050905       
 NEXT SEEDS:38E83BD7      69       0       0       0       0       A    3039       0       0
       9994                     6                     6             4.7974695E-01         1.0000000E+30           2051135       
 NEXT SEEDS:39538D49      69       0       0       0       0       A    3039       0       0
       9995                     5                     5             4.7974126E-01         1.0000000E+30           2051277       
 NEXT SEEDS:399C92A3      69       0       0       0       0       A    3039       0       0
       9996                     4                     4             4.7975740E-01         1.0000000E+30           2051559       
 NEXT SEEDS:3A170462      69       0       0       0       0       A    3039       0       0
       9997                     3                     3             4.7975688E-01         1.0000000E+30           2051837       
 NEXT SEEDS:3A719F14      69       0       0       0       0       A    3039       0       0
       9998                     2                     2             4.7977122E-01         1.0000000E+30           2051927       
 NEXT SEEDS:3AD9493B      69       0       0       0       0       A    3039       0       0
       9999                     1                     1             4.7976162E-01         1.0000000E+30           2052116       
 NEXT SEEDS:3B1E630B      69       0       0       0       0       A    3039       0       0
      10000                     0                     1             4.7976476E-01         1.0000000E+30           2052327       
 NEXT SEEDS:3B778B77      69       0       0       0       0       A    3039       0       0
