1NUMBER OF BEAM       NUMBER OF BEAM        APPROXIMATE NUMBER    AVERAGE TIME USED     TIME LEFT (RESERVED   NUMBER OF STARS
 PARTICLES HANDLED    PARTICLES LEFT        OF BEAM PARTICLES     BY A BEAM PARTICLE     10000.0 SECONDS      CREATED
                                            THAT CAN STILL BE                           FOR PRINTOUT)
                                            HANDLED

 NEXT SEEDS:       0       0       0       0       0       0       B    3039       0       0
  *** Kaon: P_min > 1.5 GeV/c:           15   1.5139959930887643     
  *** Kaon: P_min > 1.5 GeV/c:           15   1.5897324094669079     
  *** Kaon: P_min > 1.5 GeV/c:           24   2.5810783744372494     
  *** Kbar: P_min > 1.8 GeV/c:           25   20.344639849660609     
  *** Kbar: P_min > 1.8 GeV/c:           25   20.343716861519312     
  *** Kbar: P_min > 1.8 GeV/c:           25   21.151268513656699     
          1                  9999                  9999             4.4698191E-01         1.0000000E+30               206       
 NEXT SEEDS:  4C8871       0       0       0       0       0       B    3039       0       0
  *** Kaon: P_min > 1.5 GeV/c:           15   1.6243282143681919     
  *** Kbar: P_min > 1.8 GeV/c:           16   2.3680360774924067     
  *** Kbar: P_min > 1.8 GeV/c:           16   2.2249386565409686     
  *** Kbar: P_min > 1.8 GeV/c:           16   2.0639806833872725     
  *** Kaon: P_min > 1.5 GeV/c:           15   7.1690716716662983     
  *** Kaon: P_min > 1.5 GeV/c:           15   6.8903914494602434     
  *** Kaon: P_min > 1.5 GeV/c:           15   8.1860336541638450     
  *** Kaon: P_min > 1.5 GeV/c:           15   5.8456313157350763     
  *** Kaon: P_min > 1.5 GeV/c:           15   4.6838600954431735     
  *** Kaon: P_min > 1.5 GeV/c:           15   4.5868207665650393     
  *** Kaon: P_min > 1.5 GeV/c:           15   4.7437535670475190     
  *** Kaon: P_min > 1.5 GeV/c:           15   5.3520962764553008     
  *** Kaon: P_min > 1.5 GeV/c:           15   2.1330323419712927     
  *** Kaon: P_min > 1.5 GeV/c:           15   1.9042933363813477     
  *** Hhflev: call to Hadriv !! ***  0.83711610845406670        3.5000000000000000        1.5787349442977761               14 T F T
  *** Hhflev: call to Hadriv !! ***  0.74927438630926413        3.5000000000000000        1.5264555406893436               13 T F T
  *** Hhflev: call to Hadriv !! ***  0.73837020477588389        3.5000000000000000        1.5198537228222688               13 T F T
  *** Hhflev: call to Hadriv !! ***  0.75472389890029279        3.5000000000000000        1.5297454225043290               13 T F T
  *** Hhflev: call to Hadriv !! ***  0.74444951813327243        3.5000000000000000        1.5249768426587047               13 T F T
  *** Hhflev: call to Hadriv !! ***  0.44745213739393114        3.5000000000000000        1.3353048948735979               14 T F T
  *** Hhflev: call to Hadriv !! ***  0.79677449011015822        3.5000000000000000        1.5563752915131626               13 T F T
  *** Hhflev: call to Hadriv !! ***  0.79677449011015822        3.5000000000000000        1.5563752915131626               13 T F T
  *** Hhflev: call to Hadriv !! ***  0.66882678681060403        3.5000000000000000        1.4771438494851974               13 T F T
  *** Hhflev: call to Hadriv !! ***  0.51953834585193992        3.5000000000000000        1.3831698174765261               13 T F T
  Comptn_2: TXYZ:  0.99999999999883771       U,V,W -0.58875883260307660       0.15849424289984881       0.79261756982690201     
  Comptn_2: TXYZ:   1.0000000000018996       U,V,W  -9.8793324459037990E-002 -0.96305543030250051       0.25052767753103922     
  Comptn_2: TXYZ:   1.0000000000018392       U,V,W -0.56450887890355972       0.18521494152255968       0.80437873609244548     
  Comptn_2: TXYZ:  0.99999999999819522       U,V,W -0.98289158072361893       -2.0394694929393609E-002 -0.18305244319472447     
  Comptn_2: TXYZ:  0.99999999999698530       U,V,W   1.7691574191616155E-002 -0.43993228979600474       0.89785666372447892     
  Comptn_2: TXYZ:   1.0000000000014788       U,V,W  0.74233503389163502      -0.65495749998268238       0.14131302372753396     
  *** Umfnst:amsq,np0,np,kpart  -1.5168666727167720E-017           0           1           7
        200                  9800                  9800             4.7344714E-01         1.0000000E+30             41239       
 NEXT SEEDS: 30F1B1F       1       0       0       0       0       B    3039       0       0
  Comptn_2: TXYZ:   1.0000000000012652       U,V,W -0.85941203078142081       -9.2168809796805640E-002 -0.50290741876617773     
  Comptn_2: TXYZ:  0.99999999999873945       U,V,W -0.87010315510164205       0.45142183764193078      -0.19783534563087979     
  Comptn_2: TXYZ:  0.99999999999877187       U,V,W -0.14418481620511869       0.81597749274093445      -0.55981378164072237     
  Comptn_2: TXYZ:  0.99999999999896405       U,V,W  0.12942772284342396      -0.32466860039225676       0.93693050141291856     
  Comptn_2: TXYZ:  0.99999999999801659       U,V,W  0.96699228362536616        4.2946195617858507E-002 -0.25116040231089087     
  Comptn_2: TXYZ:   1.0000000000011733       U,V,W  0.33027501023038752      -0.93771344943812007       0.10775854658147921     
  Comptn_2: TXYZ:  0.99999999999599642       U,V,W  0.57242038091774550       0.59475293678835328      -0.56445004357127004     
  Comptn_2: TXYZ:   1.0000000000011191       U,V,W -0.51857219698971502       0.79794267815557518      -0.30719758932694674     
  *** Umfnst:amsq,np0,np,kpart  -7.4924560543600621E-018           0           1           7
        400                  9600                  9600             4.8133445E-01         1.0000000E+30             81431       
 NEXT SEEDS: 7B00346       2       0       0       0       0       B    3039       0       0
  Comptn_2: TXYZ:  0.99999999999583133       U,V,W -0.36082800130364490       0.77778737019202104      -0.51463575491878544     
  Comptn_2: TXYZ:   1.0000000000040146       U,V,W  0.26105695855968847      -0.87983586614470255       0.39716257758880147     
  Comptn_2: TXYZ:   1.0000000000010516       U,V,W  0.12922964032790674       0.92835218394632812      -0.34851387723282201     
  Comptn_2: TXYZ:  0.99999999999896938       U,V,W -0.55916030015884388      -0.20083025956675016       0.80436743194114513     
  Comptn_2: TXYZ:  0.99999999999840217       U,V,W  0.61604600538677445      -0.14533844616752845      -0.77418605987902467     
  Comptn_2: TXYZ:  0.99999999999742262       U,V,W  0.30251340896992218      -0.38655265714307063       0.87124203333313233     
  *** Umfnst:amsq,np0,np,kpart  -7.3401465362178363E-018           0           1           7
  Comptn_2: TXYZ:  0.99999999999001354       U,V,W  0.32584588916332535       0.19767833484166886       0.92452567970803301     
  Comptn_2: TXYZ:  0.99999999999850453       U,V,W  0.17112020087773772      -0.92540811227517494       0.33813858488105808     
        600                  9400                  9400             4.8114280E-01         1.0000000E+30            122818       
 NEXT SEEDS: B89F1AE       3       0       0       0       0       B    3039       0       0
  Comptn_2: TXYZ:  0.99999999998316969       U,V,W  0.16439833710930429       0.78113968132879563       0.60232382070810786     
  Comptn_2: TXYZ:   1.0000000000040794       U,V,W -0.26617331675132050      -0.82264815125120805      -0.50239604367137503     
  Comptn_2: TXYZ:   1.0000000000019782       U,V,W  0.74997113920602487      -0.61995708043837539      -0.23064368357776743     
  Comptn_2: TXYZ:  0.99999999999744871       U,V,W  0.45963388996132437       0.83140707476809439      -0.31224823974208427     
  Comptn_2: TXYZ:   1.0000000000011751       U,V,W -0.62912517521021294       0.63782937399857076       0.44426929173923924     
  Comptn_2: TXYZ:  0.99999999999891109       U,V,W  0.21825118933612941      -0.74140309392032577      -0.63457692258515408     
  *** Umfnst:amsq,np0,np,kpart  -1.5060661865488571E-017           0           1           7
        800                  9200                  9200             4.8276460E-01         1.0000000E+30            164901       
 NEXT SEEDS:10255535       4       0       0       0       0       B    3039       0       0
  Comptn_2: TXYZ:   1.0000000000040634       U,V,W  0.54700888272743953       0.29427263831000516       0.78369949378789983     
  Comptn_2: TXYZ:  0.99999999999837186       U,V,W -0.41229754598881385       0.47790243497730955       0.77564166740366147     
  Comptn_2: TXYZ:   1.0000000000011178       U,V,W  0.97823461993672467      -0.19503414280671905        7.0842864834915531E-002
  Comptn_2: TXYZ:   1.0000000000013483       U,V,W -0.61932952577198819        8.5556496798304238E-002  0.78045565175991527     
  Comptn_2: TXYZ:  0.99999999999763323       U,V,W  0.73994299633775995       0.25669558487723521       0.62176501901672232     
       1000                  9000                  9000             4.8277638E-01         1.0000000E+30            206722       
 NEXT SEEDS:13F06D37       5       0       0       0       0       B    3039       0       0
  Comptn_2: TXYZ:   1.0000000000011193       U,V,W  0.24967248053820690      -0.10993866455312684      -0.96206919839442584     
  Comptn_2: TXYZ:   1.0000000000018485       U,V,W -0.99186271984891938      -0.12536688369894478       -2.2169561280456662E-002
  Comptn_2: TXYZ:  0.99999999999896050       U,V,W -0.18173266210744821       0.15009847350403049       0.97182492650377128     
  Comptn_2: TXYZ:   1.0000000000010880       U,V,W   5.1671888887284467E-002 -0.98977726039797664       0.13293227861954371     
  Comptn_2: TXYZ:   1.0000000000033618       U,V,W -0.87612864049312833      -0.15429006823407754       0.45672002381694199     
  Comptn_2: TXYZ:   1.0000000000206763       U,V,W  0.96500242798056490      -0.26066893511014655        2.8670896059125539E-002
       1200                  8800                  8800             4.8328833E-01         1.0000000E+30            246945       
 NEXT SEEDS:180F730D       6       0       0       0       0       B    3039       0       0
  Comptn_2: TXYZ:   1.0000000000012670       U,V,W -0.34422877270323227       0.78750116847570695       0.51122251681033148     
  Comptn_2: TXYZ:   1.0000000000077862       U,V,W -0.96060910294175983       0.20608873754226842       0.18643385854358030     
  Comptn_2: TXYZ:   1.0000000000024460       U,V,W  0.82212867328861705      -0.45307706897146716       0.34471091385589858     
  Comptn_2: TXYZ:   1.0000000000014651       U,V,W -0.26875859352103504      -0.96162099499547260        5.5261925355324593E-002
  Comptn_2: TXYZ:   1.0000000000012945       U,V,W  0.83804280847751755        2.7718215841082833E-002 -0.54489994647732942     
  Comptn_2: TXYZ:  0.99999999999802458       U,V,W  0.81955025999346276      -0.36401962041152558      -0.44252354434325980     
  *** Umfnst:amsq,np0,np,kpart  -7.3708868295802463E-018           0           1           7
  Comptn_2: TXYZ:  0.99999999999825206       U,V,W  0.73090932890986693      -0.51018651392428183       0.45330042347274357     
  Comptn_2: TXYZ:   1.0000000000020295       U,V,W  0.67451809761136872        3.5812636590890179E-002 -0.73738917205040266     
  Comptn_2: TXYZ:  0.99999999999596723       U,V,W  0.61485122815534865      -0.14329500371123061       0.77551564081147006     
  Comptn_2: TXYZ:  0.99999999999877720       U,V,W  -5.4782104124090125E-002 -0.77784253860442831       0.62606701414779309     
  Comptn_2: TXYZ:  0.99999999999845679       U,V,W  0.97572077453150285      -0.20856088157574959       -6.6867995501937116E-002
       1400                  8600                  8600             4.8224554E-01         1.0000000E+30            286910       
 NEXT SEEDS:1AA53BDD       7       0       0       0       0       B    3039       0       0
  *** Umfnst:amsq,np0,np,kpart  -1.4550811917323397E-017           0           1           7
  Comptn_2: TXYZ:   1.0000000000038198       U,V,W  0.74805901620278803        9.9355899086308597E-002 -0.65615250788081880     
  Comptn_2: TXYZ:  0.99999999999688272       U,V,W -0.83312735004785310       0.30212614330827137       0.46326948111093458     
  Comptn_2: TXYZ:  0.99999999999825817       U,V,W  0.82091506746994725       0.55091584125014492       0.15030032554427564     
  *** Umfnst:amsq,np0,np,kpart  -7.5238876460634511E-018           0           1           7
  Comptn_2: TXYZ:  0.99999999999148192       U,V,W   9.4381602752349636E-002 -0.99548720719054007        9.8657677531122090E-003
  *** Eveneu: no downsc. group selected, cusngl, rsngl, igpr ***  0.999999881       1.00000000              91
  Comptn_2: TXYZ:  0.99999999995656708       U,V,W  0.97714179073616236        9.5001890489271545E-002 -0.19018033956473346     
  Comptn_2: TXYZ:   1.0000000000014109       U,V,W -0.74422528783989073        8.5342045345413453E-003  0.66787415603091382     
       1600                  8400                  8400             4.8236970E-01         1.0000000E+30            326905       
 NEXT SEEDS:1DD9A907       8       0       0       0       0       B    3039       0       0
  Comptn_2: TXYZ:   1.0000000000015572       U,V,W  0.37578223917312314       0.64954366895500470      -0.66096953851449314     
  Comptn_2: TXYZ:   1.0000000000055020       U,V,W -0.25658431174920793      -0.17330238586402871      -0.95085791473990611     
  *** Umfnst:amsq,np0,np,kpart  -7.4821007414473585E-018           0           1           7
  Comptn_2: TXYZ:  0.99999999998446665       U,V,W  0.80854429725792443       0.51227626139825588      -0.28953264300244541     
  Comptn_2: TXYZ:  0.99999999999851330       U,V,W  0.92822840487561109       0.24871570052062530      -0.27664513134180879     
  Comptn_2: TXYZ:   1.0000000000045108       U,V,W  0.15832546841383532      -0.68118041805174168       0.71479107725188129     
  Comptn_2: TXYZ:  0.99999999999810862       U,V,W -0.12382051384919635      -0.88110704864184086       0.45641959771891294     
  Comptn_2: TXYZ:  0.99999999999895917       U,V,W  -4.3064749175215411E-002  0.99659152425213515        7.0361645562343256E-002
       1800                  8200                  8200             4.8097294E-01         1.0000000E+30            368170       
 NEXT SEEDS:1FE7DE70       9       0       0       0       0       B    3039       0       0
  Comptn_2: TXYZ:  0.99999999999741196       U,V,W -0.94882615121292346       0.26866754754024735       0.16597193639465502     
  Comptn_2: TXYZ:   1.0000000000010587       U,V,W -0.92933200528918380      -0.28432496166733756       0.23558722401503474     
  Comptn_2: TXYZ:  0.99999999999887745       U,V,W  0.58464840946549401      -0.29416609814553851       0.75607707544282476     
  Comptn_2: TXYZ:   1.0000000000106397       U,V,W  0.82993735779757571      -0.27410294205725450      -0.48587195771949609     
  Comptn_2: TXYZ:  0.99999999999596723       U,V,W -0.18514194509245385      -0.79663505056066697      -0.57540859950260881     
  Comptn_2: TXYZ:   1.0000000000013767       U,V,W  0.16656410106264730      -0.30011586823620995       0.93924803213602459     
  Comptn_2: TXYZ:  0.99999999999862099       U,V,W -0.97712672971582037       -6.2375906319042329E-002 -0.20330420650927294     
  Comptn_2: TXYZ:   1.0000000000013531       U,V,W  0.73861826818570364       0.62284434950156964       0.25789139225199342     
  Comptn_2: TXYZ:  0.99999999999842371       U,V,W  0.16516295313621754       0.39749202666403960      -0.90261912656904286     
       2000                  8000                  8000             4.8115385E-01         1.0000000E+30            410281       
 NEXT SEEDS:23B84B29       A       0       0       0       0       B    3039       0       0
  *** Umfnst:amsq,np0,np,kpart  -7.4459423302381992E-018           0           1           7
  *** Umfnst:amsq,np0,np,kpart  -7.2867879087374862E-018           0           1           7
  Comptn_2: TXYZ:  0.99999999999646561       U,V,W  0.49461767049552918       0.12122735631363568       0.86061448286166353     
  Comptn_2: TXYZ:   1.0000000000010618       U,V,W  0.17042005464789156      -0.17994184466834184       0.96880232117404930     
  Comptn_2: TXYZ:   1.0000000000036808       U,V,W -0.97894164584970156       -4.1026485948876257E-002  0.19997520215127906     
       2200                  7800                  7800             4.8029764E-01         1.0000000E+30            450885       
 NEXT SEEDS:25B9878A       B       0       0       0       0       B    3039       0       0
  *** Umfnst:amsq,np0,np,kpart  -2.2639446087966883E-017           0           1           7
  Comptn_2: TXYZ:  0.99999999999796785       U,V,W -0.55332111195539824      -0.62514048005887934      -0.55048626436466463     
  Comptn_2: TXYZ:   1.0000000000028713       U,V,W -0.89388800626712595      -0.44769427801627160       -2.3109861231588980E-002
  Comptn_2: TXYZ:   1.0000000000144897       U,V,W -0.85683413399513597       0.32299293019073616      -0.40188410503787964     
  Comptn_2: TXYZ:   1.0000000000010285       U,V,W  0.59942866048766064       0.77994077255740990      -0.17993796789323824     
  Comptn_2: TXYZ:   1.0000000000016238       U,V,W  0.55502891391557796       0.80223019725895028       0.21993093307941791     
  Comptn_2: TXYZ:  0.99999999999462674       U,V,W  0.16957755712553535       0.80915481562290814       0.56259393568382876     
  Comptn_2: TXYZ:   1.0000000000025910       U,V,W -0.36602017130638842      -0.89727182699967045      -0.24684509853774017     
  Comptn_2: TXYZ:  0.99999999999730316       U,V,W -0.68529843369549326      -0.65821417150424821      -0.31164107752795189     
       2400                  7600                  7600             4.8064988E-01         1.0000000E+30            491074       
 NEXT SEEDS:29649AAB       C       0       0       0       0       B    3039       0       0
  Comptn_2: TXYZ:   1.0000000000017146       U,V,W -0.24253100052967369      -0.96435180815086952      -0.10585038450538775     
  Comptn_2: TXYZ:  0.99999999999887479       U,V,W  -2.6880475725960196E-002 -0.39444088905993624       0.91852807527109803     
  Comptn_2: TXYZ:   1.0000000000021951       U,V,W -0.79790859960565808       0.35281052108308586       0.48873981103508868     
  Comptn_2: TXYZ:  0.99999999999782552       U,V,W -0.75235835861735012       0.27009782970205976       0.60083613623572063     
  Comptn_2: TXYZ:  0.99999999999851075       U,V,W -0.77197768515565457      -0.62780949895425664       -9.9527316064651927E-002
  Comptn_2: TXYZ:   1.0000000000017706       U,V,W  0.95744355684309568      -0.28844780105868040        9.9850651387125566E-003
  *** Umfnst:amsq,np0,np,kpart  -2.1747663402285302E-017           0           1           7
  *** Umfnst:amsq,np0,np,kpart  -1.5000260731623228E-017           0           1           7
  *** Umfnst:amsq,np0,np,kpart  -7.3202092616865778E-018           0           1           7
       2600                  7400                  7400             4.8082975E-01         1.0000000E+30            531669       
 NEXT SEEDS:2CEA8A60       D       0       0       0       0       B    3039       0       0
  Comptn_2: TXYZ:  0.99999999999825306       U,V,W -0.33688444357319725       0.82496429985976505      -0.45380918416611848     
  *** Umfnst:amsq,np0,np,kpart  -7.4833277421400804E-018           0           1           7
  Comptn_2: TXYZ:   1.0000000000010734       U,V,W -0.83946923193013845       -1.3528831360019922E-002 -0.54323878669120162     
  Comptn_2: TXYZ:  0.99999999999843481       U,V,W  0.11383299467099306      -0.99302722197595283       -3.0642874169863887E-002
  Comptn_2: TXYZ:  0.99999999999860778       U,V,W  0.98494844745891330        7.0335605375163368E-002 -0.15789065350233145     
  Comptn_2: TXYZ:  0.99999999999476841       U,V,W -0.20144892747748600       0.78998946954076166       0.57908114079776851     
  *** Umfnst:amsq,np0,np,kpart  -7.4608554177201215E-018           0           1           7
  Comptn_2: TXYZ:  0.99999999999890610       U,V,W  0.42133752990952900       0.84984806111073041      -0.31659589213218664     
  Comptn_2: TXYZ:   1.0000000000029396       U,V,W  0.51689762760095448      -0.12749228294699577      -0.84650018332686017     
  Comptn_2: TXYZ:   1.0000000000012692       U,V,W  0.83100290160641066       0.15010338186798911      -0.53563341220912264     
  Comptn_2: TXYZ:   1.0000000000014240       U,V,W  0.74809841071545025      -0.47903311872941856       0.45921241168636584     
       2800                  7200                  7200             4.8079333E-01         1.0000000E+30            572190       
 NEXT SEEDS:3081EA32       E       0       0       0       0       B    3039       0       0
  Comptn_2: TXYZ:   1.0000000000020965       U,V,W -0.49559696143658982      -0.81356529883568385       0.30413016349471178     
  Comptn_2: TXYZ:  0.99999999999815481       U,V,W -0.58892098987458041       0.11131273780866380       0.80048831477095206     
  *** Umfnst:amsq,np0,np,kpart  -7.3616020687472172E-018           0           1           7
  *** Umfnst:amsq,np0,np,kpart  -7.5117890312966708E-018           0           1           7
  Comptn_2: TXYZ:   1.0000000000026992       U,V,W  0.95857214875413277      -0.26936565027261139        9.2636829008753807E-002
  Comptn_2: TXYZ:   1.0000000000018410       U,V,W -0.20357277059909507      -0.94561504925619033      -0.25371303808173096     
  Comptn_2: TXYZ:   1.0000000000012299       U,V,W  0.20845395848564746       0.91129557092757096      -0.35508777731806873     
  *** Umfnst:amsq,np0,np,kpart  -1.4831155616900889E-017           0           1           7
       3000                  7000                  7000             4.8086756E-01         1.0000000E+30            613351       
 NEXT SEEDS:34C4C66D       F       0       0       0       0       B    3039       0       0
  Comptn_2: TXYZ:  0.99999999999746159       U,V,W -0.40184665775650075       0.36551149919921500      -0.83959550237035785     
  Comptn_2: TXYZ:  0.99999999999808553       U,V,W  0.33306031942306902       -9.3989995008428195E-002 -0.93820930738412756     
  Comptn_2: TXYZ:  0.99999999994962518       U,V,W  0.45956563561526309       0.53342655675190187       0.71010952328705912     
  Comptn_2: TXYZ:  0.99999999999744649       U,V,W  0.98511072538190625      -0.17173615611758208       -7.9719142580927382E-003
  Comptn_2: TXYZ:  0.99999999999707301       U,V,W  0.26039914762077387      -0.90775886808548734      -0.32888618293811334     
  Comptn_2: TXYZ:   1.0000000000010694       U,V,W -0.16990316826175444      -0.30992018223021667       0.93545838713546026     
  Comptn_2: TXYZ:  0.99999999999452793       U,V,W -0.55981247835140202      -0.64944138706667331       0.51462206894137807     
  Comptn_2: TXYZ:  0.99999999999691402       U,V,W  -6.3098782703562506E-002 -0.85879361094092843       0.50842116146486660     
  Comptn_2: TXYZ:  0.99999999999812539       U,V,W -0.61852673900973798       0.48781309958820884      -0.61600572480963933     
  Comptn_2: TXYZ:   1.0000000000011746       U,V,W -0.71092984762238132      -0.24939577695359816       0.65755646008422985     
  Comptn_2: TXYZ:   1.0000000000014055       U,V,W  0.30949790946350220       0.62914183354211772       0.71301584647635252     
       3200                  6800                  6800             4.8096051E-01         1.0000000E+30            654264       
 NEXT SEEDS:39606856      10       0       0       0       0       B    3039       0       0
  Comptn_2: TXYZ:  0.99999999999096290       U,V,W  -2.6943123107571409E-002 -0.97824985316464108       0.20567278111488463     
  Comptn_2: TXYZ:  0.99999999999888134       U,V,W  0.95188956963636429      -0.25014470529049504      -0.17701376678526959     
  *** Umfnst:amsq,np0,np,kpart  -2.2347491502371436E-017           0           1           7
  Comptn_2: TXYZ:   1.0000000000583453       U,V,W -0.35020941543496065       0.36563591749501256       0.86235940375033238     
  *** Umfnst:amsq,np0,np,kpart  -7.2702761114314191E-018           0           1           7
  Comptn_2: TXYZ:  0.99999999999715805       U,V,W -0.36810065015099269      -0.92972809956243374        1.0371703794447740E-002
  Comptn_2: TXYZ:  0.99999999999543721       U,V,W -0.66269305433586112        3.9517652569330153E-002 -0.74784775915011892     
  Comptn_2: TXYZ:  0.99999999998746736       U,V,W  0.66394130188879785       0.39448483756459041       0.63526660589496942     
  Comptn_2: TXYZ:  0.99999999999899569       U,V,W -0.58535618923196608       0.79498055830423198      -0.15926092943693959     
  Comptn_2: TXYZ:   1.0000000000015843       U,V,W -0.27020684140293838       0.36337232106303929       0.89159902374660049     
       3400                  6600                  6600             4.8067128E-01         1.0000000E+30            694331       
 NEXT SEEDS: 1591102      12       0       0       0       0       B    3039       0       0
  Comptn_2: TXYZ:   1.0000000000142575       U,V,W  0.65932832899119376       0.47694954064908757       0.58121019457556145     
  Comptn_2: TXYZ:  0.99999999999797007       U,V,W -0.21171478154275292      -0.82547696548251337       0.52322521989297854     
  Comptn_2: TXYZ:   1.0000000000023594       U,V,W  0.67622491727799883       0.18270520481159025       0.71367966861154031     
  Comptn_2: TXYZ:  0.99999999999857181       U,V,W -0.48853518842789612       0.55244585505484878      -0.67537911346073543     
  Comptn_2: TXYZ:  0.99999999999751932       U,V,W  0.49124431601967444       0.31334592043567255      -0.81270742344474911     
  Comptn_2: TXYZ:   1.0000000000028459       U,V,W  0.21131010907848236      -0.43137209642189650      -0.87707819048968716     
  Comptn_2: TXYZ:   1.0000000000012292       U,V,W  0.88071630995545558       0.10236437959933653       0.46245033805687497     
       3600                  6400                  6400             4.7992479E-01         1.0000000E+30            736282       
 NEXT SEEDS: 3DCE01C      13       0       0       0       0       B    3039       0       0
  Comptn_2: TXYZ:  0.99999999999879885       U,V,W  -7.7041230793920334E-002 -0.67123752816669935      -0.73722780030138324     
  *** Umfnst:amsq,np0,np,kpart  -6.8814275305731008E-018           0           1           7
  Comptn_2: TXYZ:   1.0000000000035345       U,V,W -0.40488566930321035       0.67162922434948058      -0.62046899986714976     
  Comptn_2: TXYZ:  0.99999999998739297       U,V,W   3.4590595277947500E-002  0.98396789404326768       0.17495906434868402     
  Comptn_2: TXYZ:  0.99999999997485556       U,V,W -0.98049665157633115       0.19528385814157900       -2.2147933804262721E-002
  Comptn_2: TXYZ:   1.0000000000019882       U,V,W -0.22083420516860031       0.64620551188519926      -0.73051399044695131     
  Comptn_2: TXYZ:  0.99999999999894018       U,V,W  0.38091659364134500       -2.6561625011360945E-002  0.92422780133707860     
  Comptn_2: TXYZ:  0.99999999999876776       U,V,W  0.98828790406900957      -0.12795886404501644        8.3147746704050007E-002
  *** Umfnst:amsq,np0,np,kpart  -7.3759689898170379E-018           0           1           7
       3800                  6200                  6200             4.7974250E-01         1.0000000E+30            776490       
 NEXT SEEDS: 7B57AE1      14       0       0       0       0       B    3039       0       0
  Comptn_2: TXYZ:  0.99999999999212441       U,V,W -0.67717764230600608       0.71370935122937595       0.17902346974837258     
  Comptn_2: TXYZ:   1.0000000000039888       U,V,W -0.56305489090041760       0.59559207681168402       0.57292169436691154     
  Comptn_2: TXYZ:   1.0000000000028568       U,V,W  0.23212918609457844       0.15411511227350161      -0.96039813261732832     
  Comptn_2: TXYZ:  0.99999999999826084       U,V,W -0.38451828104792440       0.85413669253525537       0.35013740446165542     
  Comptn_2: TXYZ:   1.0000000000016900       U,V,W -0.94819069161563974      -0.22277573556034724       0.22650691817401736     
  Comptn_2: TXYZ:   1.0000000000014317       U,V,W  0.44335385894316914        5.6754185615524477E-002  0.89454810836351939     
  Comptn_2: TXYZ:  0.99999999998751088       U,V,W  0.10348613780433880      -0.83929066886481607      -0.53374318958306333     
  Comptn_2: TXYZ:  0.99999999999692080       U,V,W  0.27331945331907548      -0.42067700343884518       0.86505915127926158     
       4000                  6000                  6000             4.7912982E-01         1.0000000E+30            817980       
 NEXT SEEDS: A33DB21      15       0       0       0       0       B    3039       0       0
  Comptn_2: TXYZ:  0.99999999999810696       U,V,W -0.46113069768027515       -7.6853771526629089E-002  0.88399772480314809     
  Comptn_2: TXYZ:  0.99999999998809885       U,V,W  0.55639648082070003       -3.9024974931692213E-002  0.83000000448796385     
  Comptn_2: TXYZ:  0.99999999999819522       U,V,W -0.94438303175089544       0.29596470969907251       0.14333729435121256     
       4200                  5800                  5800             4.7862131E-01         1.0000000E+30            859483       
 NEXT SEEDS: CFA3B2F      16       0       0       0       0       B    3039       0       0
  Comptn_2: TXYZ:  0.99999999999845191       U,V,W  -6.5191760514643704E-002 -0.99524153319518227        7.2417711664730433E-002
  Comptn_2: TXYZ:   1.0000000000012801       U,V,W  0.98493208960401690       -4.1305125382550045E-002  0.16793649242102404     
  Comptn_2: TXYZ:   1.0000000000011180       U,V,W -0.58068560073542130      -0.57569183410123159      -0.57565887924084080     
  Comptn_2: TXYZ:   1.0000000000013205       U,V,W  0.46736233169317387      -0.81835893953543781      -0.33445642017768762     
  Comptn_2: TXYZ:   1.0000000000022813       U,V,W -0.53849204966548569       0.32380216459981170      -0.77793217612451393     
  Comptn_2: TXYZ:  0.99999999999803313       U,V,W -0.49627075318205272       0.44174958941689724      -0.74737717371094092     
       4400                  5600                  5600             4.7861456E-01         1.0000000E+30            901416       
 NEXT SEEDS:1138594B      17       0       0       0       0       B    3039       0       0
  Comptn_2: TXYZ:   1.0000000000010538       U,V,W  0.56472577096429433      -0.53626781898077880       0.62729708267728768     
  Comptn_2: TXYZ:   1.0000000000022240       U,V,W -0.61799499456209261       0.12460774079740133       0.77624422550624539     
  Comptn_2: TXYZ:   1.0000000000032336       U,V,W -0.32932415830395101      -0.94190033363026560        6.6101136660591919E-002
  Comptn_2: TXYZ:  0.99999999999895572       U,V,W -0.70683357821333459       0.62374190593313017       0.33366499290755058     
  Comptn_2: TXYZ:  0.99999999998950806       U,V,W  0.54562388205131640       0.81903294289706707       0.17742496378505734     
  Comptn_2: TXYZ:   1.0000000000010085       U,V,W  0.25038957501576320       0.41246851029424647      -0.87588514586107635     
       4600                  5400                  5400             4.7876317E-01         1.0000000E+30            941808       
 NEXT SEEDS:15C0645C      18       0       0       0       0       B    3039       0       0
  Comptn_2: TXYZ:  0.99999999999261380       U,V,W  -3.7611375039716677E-002  0.81140704579651213       0.58327008365937338     
  Comptn_2: TXYZ:   1.0000000000028018       U,V,W -0.98531178707641587       0.16685756758901249       -3.6321266351265535E-002
  Comptn_2: TXYZ:   1.0000000000055240       U,V,W   4.2647156931110430E-002  0.95550146302684880       0.29188726276555599     
  Comptn_2: TXYZ:   1.0000000000035425       U,V,W  0.26576420280765944      -0.82850962710538578       0.49289064335128785     
  *** Umfnst:amsq,np0,np,kpart  -1.4895248629204800E-017           0           1           7
  Comptn_2: TXYZ:  0.99999999999809852       U,V,W  -1.8968718010754060E-002  0.25597869460996492      -0.96649629882421451     
  Comptn_2: TXYZ:  0.99999999997463651       U,V,W  0.45968200706563778       0.80533284214314449      -0.37434137591293393     
  Comptn_2: TXYZ:   1.0000000000138172       U,V,W  0.96420504383931060       0.26454322112616069       -1.8042106441470196E-002
       4800                  5200                  5200             4.7864034E-01         1.0000000E+30            983671       
 NEXT SEEDS:196F1804      19       0       0       0       0       B    3039       0       0
  Comptn_2: TXYZ:   1.0000000000022646       U,V,W -0.94684974486860263       0.23742867673193757      -0.21703267981999375     
  Comptn_2: TXYZ:   1.0000000000014551       U,V,W  0.94428040906887278       -6.8912760415386742E-002 -0.32184707626776543     
  Comptn_2: TXYZ:  0.99999999998740852       U,V,W -0.23570358393268975       0.33178838512912989      -0.91343324222523137     
  *** Umfnst:amsq,np0,np,kpart  -7.3630822225669879E-018           0           1           7
  Comptn_2: TXYZ:  0.99999999999655231       U,V,W -0.83016028227841598        7.8870467651356080E-002  0.55191788796561880     
  Comptn_2: TXYZ:  0.99999999999886058       U,V,W -0.86064173506178676      -0.45690498480408337       0.22479688327438652     
  Comptn_2: TXYZ:   1.0000000000011247       U,V,W -0.96641413858475289      -0.15899468860651922      -0.20190196071244770     
  Comptn_2: TXYZ:  0.99999999999504863       U,V,W -0.90563319869395142      -0.42245973990075503       -3.6827674124182863E-002
       5000                  5000                  5000             4.7840606E-01         1.0000000E+30           1025098       
 NEXT SEEDS:1CC73425      1A       0       0       0       0       B    3039       0       0
  Comptn_2: TXYZ:   1.0000000000012588       U,V,W -0.91779793830529932        7.2069911673125375E-002  0.39045213826438285     
  Comptn_2: TXYZ:  0.99999999999458045       U,V,W  0.59886809918871364       0.68696215080412060       0.41163090643348710     
  Comptn_2: TXYZ:   1.0000000000045468       U,V,W   6.8279310364744106E-002 -0.97837934798309423       0.19522240450531569     
  Comptn_2: TXYZ:   1.0000000000018145       U,V,W  0.99096070322386964      -0.12540542522322085        4.7648336722822648E-002
  Comptn_2: TXYZ:  0.99999999999762812       U,V,W   9.1730977195091157E-002 -0.90916470669780125       0.40620803034352093     
  Comptn_2: TXYZ:  0.99999999999841127       U,V,W -0.84270449613657661       0.24628000587089360       0.47874344997904927     
  Comptn_2: TXYZ:  0.99999999999810540       U,V,W  0.83764717475063577      -0.40009334060303026      -0.37185014378844983     
  Comptn_2: TXYZ:  0.99999999999844991       U,V,W  0.23035895702929565      -0.39802765855491834       0.88798014276227732     
  Comptn_2: TXYZ:  0.99999999999815747       U,V,W -0.12787125545999345      -0.56939541110826042       0.81205776139022134     
  Comptn_2: TXYZ:  0.99999999999683886       U,V,W -0.63017713558945232      -0.72483334553058754       0.27837636211440042     
  Comptn_2: TXYZ:   1.0000000000211655       U,V,W -0.62963882277605876      -0.51744722454367320      -0.57948539471361471     
       5200                  4800                  4800             4.7842309E-01         1.0000000E+30           1066360       
 NEXT SEEDS:2063B9A7      1B       0       0       0       0       B    3039       0       0
  Comptn_2: TXYZ:   1.0000000000046887       U,V,W  0.59315512116309321       0.21869940110995856       0.77481454180779963     
  Comptn_2: TXYZ:  0.99999999999771649       U,V,W  0.19588618486692244       0.46713363581878298       0.86221503632372531     
  Comptn_2: TXYZ:  0.99999999999895528       U,V,W  0.62017594292514744       -6.4199314441474087E-002 -0.78183134232461171     
  Comptn_2: TXYZ:  0.99999999999882894       U,V,W -0.63380568389100844      -0.21487664548164531      -0.74304668917426397     
  Comptn_2: TXYZ:   1.0000000000022966       U,V,W  0.10709952691419033      -0.94526042437812308      -0.30824084972881849     
  Comptn_2: TXYZ:   1.0000000000012961       U,V,W  0.91462024747269055        6.1212798487801479E-002 -0.39965334505741623     
  Comptn_2: TXYZ:  0.99999999999887068       U,V,W  0.70568467682286951      -0.45886306894897189       0.53986463196898171     
  *** Umfnst:amsq,np0,np,kpart  -2.2010959251741336E-017           0           1           7
  Comptn_2: TXYZ:  0.99999999999542721       U,V,W -0.29119829540885922      -0.78531454286061830      -0.54633746120691740     
  Comptn_2: TXYZ:  0.99999999999693279       U,V,W   7.7181796393787749E-002 -0.88633304229479393       0.45657059524110366     
       5400                  4600                  4600             4.7840029E-01         1.0000000E+30           1107651       
 NEXT SEEDS:237024C8      1C       0       0       0       0       B    3039       0       0
  Comptn_2: TXYZ:   1.0000000000010341       U,V,W -0.98575874451470380       -3.8838532573862494E-002  0.16361927148517097     
  Comptn_2: TXYZ:  0.99999999999881140       U,V,W  0.78134359801482134       0.56302647250260662       0.26926450397580481     
  *** Umfnst:amsq,np0,np,kpart  -1.4857424283707039E-017           0           1           7
  Comptn_2: TXYZ:   1.0000000000338898       U,V,W  0.88061255126148197      -0.35018135484457957      -0.31920926257527071     
  Comptn_2: TXYZ:  0.99999999999431599       U,V,W  0.61855258787843415       0.73911957192402866       0.26663637115376559     
  Comptn_2: TXYZ:   1.0000000000043854       U,V,W  0.40314974803908399       0.50522572610384486       0.76303161555944143     
  Comptn_2: TXYZ:   1.0000000000034508       U,V,W  0.91383359341185866       -4.5898934306990213E-002 -0.40348661859459867     
  Comptn_2: TXYZ:   1.0000000000126770       U,V,W   4.5898450891144194E-002  0.82410778609382263       0.56457035798738886     
  *** Umfnst:amsq,np0,np,kpart  -7.2577967005015725E-018           0           1           7
  Comptn_2: TXYZ:  0.99999999999897493       U,V,W -0.71330575824863729      -0.17955867116759805       0.67746112719243001     
  *** Umfnst:amsq,np0,np,kpart  -7.4933831991710201E-018           0           1           7
       5600                  4400                  4400             4.7844086E-01         1.0000000E+30           1148619       
 NEXT SEEDS:26CDE4AD      1D       0       0       0       0       B    3039       0       0
  Comptn_2: TXYZ:   1.0000000000010387       U,V,W -0.15407581334153519       0.35766651492912321      -0.92105119718864614     
  Comptn_2: TXYZ:  0.99999999999875433       U,V,W  0.84534296708853773       0.38099297102067453       0.37448581284948723     
  Comptn_2: TXYZ:  0.99999999999608336       U,V,W -0.73300816784126255       0.66578871967223563       0.13937146993299621     
  Comptn_2: TXYZ:   1.0000000000011953       U,V,W  -6.5432429083500665E-002  0.36726451199629651       0.92781214448483595     
  *** Eveneu: no downsc. group selected, cusngl, rsngl, igpr ***  0.999999642      0.999999821             129
  Comptn_2: TXYZ:   1.0000000000010423       U,V,W -0.31928132584381075      -0.12301757315554340       0.93964148038673834     
  Comptn_2: TXYZ:   1.0000000000353495       U,V,W  0.89251756891326295      -0.37659457670662277      -0.24817113855496586     
       5800                  4200                  4200             4.7820860E-01         1.0000000E+30           1190610       
 NEXT SEEDS:29276ED8      1E       0       0       0       0       B    3039       0       0
  Comptn_2: TXYZ:  0.99999999997639322       U,V,W  0.85056341818698655      -0.38833163195326392      -0.35459894986163931     
  Comptn_2: TXYZ:  0.99999999999718692       U,V,W -0.23206371723218666       0.72654354907274410      -0.64674639731686767     
  Comptn_2: TXYZ:   1.0000000000011338       U,V,W -0.28463729701786633      -0.77117723178793440      -0.56944471752699144     
  Comptn_2: TXYZ:   1.0000000000041696       U,V,W -0.39533162536668343       0.62546790914345252      -0.67268328403552857     
  Comptn_2: TXYZ:   1.0000000000024789       U,V,W -0.18898196446637883       0.37144231459575394      -0.90901948495984186     
  Comptn_2: TXYZ:   1.0000000000012541       U,V,W -0.50478961576920511       0.35907661475482655      -0.78501683329024630     
  Comptn_2: TXYZ:   1.0000000000012141       U,V,W  0.50241267205939977      -0.78471323937201021      -0.36305184052643824     
  Comptn_2: TXYZ:   1.0000000000011420       U,V,W   2.4403228425292411E-002 -0.98225489743432792       0.18595644358247654     
  *** Umfnst:amsq,np0,np,kpart  -1.4586511392987152E-017           0           1           7
  Comptn_2: TXYZ:  0.99999999998899447       U,V,W  -8.6425718101878601E-002 -0.26232171375304669      -0.96110244705402437     
  Comptn_2: TXYZ:  0.99999999999391198       U,V,W   1.8128189885658230E-002   8.9560660571619669E-002 -0.99581637705118942     
  Comptn_2: TXYZ:   1.0000000000011631       U,V,W  -9.8846850763656846E-002 -0.68686571030963961      -0.72003110772806522     
  Comptn_2: TXYZ:  0.99999999999837241       U,V,W -0.21113693953994783      -0.88622002732005356       0.41235331444881140     
       6000                  4000                  4000             4.7832853E-01         1.0000000E+30           1231791       
 NEXT SEEDS:2D207FAA      1F       0       0       0       0       B    3039       0       0
  Comptn_2: TXYZ:   1.0000000000018596       U,V,W  0.58613881786439137       0.63859697386024550      -0.49863332336590815     
  Comptn_2: TXYZ:   1.0000000000010614       U,V,W   8.8040635642506970E-002  0.97477521553054702      -0.20509053041059744     
  Comptn_2: TXYZ:  0.99999999999828648       U,V,W  0.84716378685953586       0.19425503679925527      -0.49454878314501727     
  Comptn_2: TXYZ:  0.99999999999895295       U,V,W -0.97070693683065823       0.10828352439972377       0.21448244947167083     
  Comptn_2: TXYZ:   1.0000000000013929       U,V,W  0.34425082604760959       0.25872378476425695      -0.90252610597377725     
  Comptn_2: TXYZ:  0.99999999999720446       U,V,W  -2.2480721756494404E-002 -0.99518299320965864        9.5422362016332585E-002
  Comptn_2: TXYZ:   1.0000000000058007       U,V,W -0.16461367010450090       -4.5464499099125533E-002 -0.98530975786409059     
  Comptn_2: TXYZ:  0.99999999999794154       U,V,W -0.10178868022738641      -0.14983978729878794       0.98345671115599309     
  Comptn_2: TXYZ:  0.99999999999710509       U,V,W -0.67285982940366296       0.73303295622173437        9.9610918401566551E-002
       6200                  3800                  3800             4.7835296E-01         1.0000000E+30           1272675       
 NEXT SEEDS:305BFB38      20       0       0       0       0       B    3039       0       0
  *** Umfnst:amsq,np0,np,kpart  -2.9828978664318355E-017           0           1           7
  Comptn_2: TXYZ:   1.0000000000010147       U,V,W  0.44849339427844370       0.16713049020551507       0.87802111280610973     
  Comptn_2: TXYZ:  0.99999999999899425       U,V,W -0.15570063486104146      -0.84588857010640695      -0.51012727751630882     
  Comptn_2: TXYZ:  0.99999999997470046       U,V,W -0.41020575169974904       0.76563184204263735      -0.49551904473747754     
  Comptn_2: TXYZ:   1.0000000000019222       U,V,W -0.69181574613966745       0.41053272719535139       0.59401502783741478     
  Comptn_2: TXYZ:   1.0000000000047968       U,V,W  -3.0569566149523553E-002  0.99128305197656863       0.12815386258028383     
  Comptn_2: TXYZ:  0.99999999999670652       U,V,W  0.10868372652256575       0.96935478462168945       0.22031602101733938     
  Comptn_2: TXYZ:   1.0000000000013129       U,V,W -0.62009925930744636       0.38920672619110519      -0.68117180864688720     
  Comptn_2: TXYZ:  0.99999999999593536       U,V,W -0.45003200981970526      -0.52106544530170140       0.72523237093093940     
       6400                  3600                  3600             4.7846966E-01         1.0000000E+30           1312895       
 NEXT SEEDS:3433BB59      21       0       0       0       0       B    3039       0       0
  Comptn_2: TXYZ:  0.99999999999723188       U,V,W  -9.4182590913248987E-002  0.77753251829321601      -0.62174980704678084     
  Comptn_2: TXYZ:   1.0000000000025788       U,V,W -0.87167200140626733       0.17663429121477492       0.45715232596370470     
  Comptn_2: TXYZ:   1.0000000000019684       U,V,W -0.48150777817845380      -0.72128923978586812       0.49788763001780012     
  Comptn_2: TXYZ:  0.99999999998876787       U,V,W  0.85331235463522148      -0.51177100178142609        9.9742002944083197E-002
  Comptn_2: TXYZ:   1.0000000000018758       U,V,W -0.16161590689746319       0.76120185438555410      -0.62805416607135101     
  Comptn_2: TXYZ:   1.0000000000015237       U,V,W   7.6868104597444642E-002  0.22132101118117475      -0.97216680899260410     
  Comptn_2: TXYZ:   1.0000000000066200       U,V,W  0.44135946970743589       0.55373799877690466       0.70609917661525401     
  Comptn_2: TXYZ:   1.0000000000020990       U,V,W  0.32288185288835081       0.93503059919640963       0.14650968447132584     
       6600                  3400                  3400             4.7823845E-01         1.0000000E+30           1353049       
 NEXT SEEDS:366A232E      22       0       0       0       0       B    3039       0       0
  *** Umfnst:amsq,np0,np,kpart  -7.4399980662158457E-018           0           1           7
  Comptn_2: TXYZ:   1.0000000000010105       U,V,W -0.32757991284567822       0.67829579829221842       0.65772806745656709     
  Comptn_2: TXYZ:   1.0000000000025855       U,V,W  0.66399462257004060       0.52320506605437345      -0.53419809065148627     
  Comptn_2: TXYZ:  0.99999999999893752       U,V,W -0.75346459161264967       -7.3272718908739876E-002 -0.65339285108473710     
  Comptn_2: TXYZ:  0.99999999999732381       U,V,W -0.18194260406274054      -0.13550721097231744      -0.97392745345774934     
       6800                  3200                  3200             4.7852464E-01         1.0000000E+30           1394104       
 NEXT SEEDS:3B0A3C55      23       0       0       0       0       B    3039       0       0
  Comptn_2: TXYZ:  0.99999999999894251       U,V,W  0.46747011849174669       0.87595757128233487      -0.11903789997058922     
  Comptn_2: TXYZ:   1.0000000000049021       U,V,W -0.77151810640157237      -0.63620237759971587        2.5191736547389709E-003
  Comptn_2: TXYZ:  0.99999999999788725       U,V,W  0.27809546950330599      -0.77916654823377840      -0.56174941028280756     
  Comptn_2: TXYZ:   1.0000000000012998       U,V,W -0.88748120431194266      -0.34477065516256289       0.30579455085580065     
  Comptn_2: TXYZ:   1.0000000000011187       U,V,W  0.14087680346550258       0.37236662213395277      -0.91733136050557595     
  Comptn_2: TXYZ:  0.99999999999832145       U,V,W -0.69396071304934992       0.66618847495139732      -0.27315095567156789     
       7000                  3000                  3000             4.7851493E-01         1.0000000E+30           1434407       
 NEXT SEEDS: 2B70451      25       0       0       0       0       B    3039       0       0
  *** Umfnst:amsq,np0,np,kpart  -1.4928104408067181E-017           0           1           7
  *** Umfnst:amsq,np0,np,kpart  -7.3573029010792216E-018           0           1           7
  Comptn_2: TXYZ:   1.0000000000019460       U,V,W -0.41987381708241855       0.51854161360277828      -0.74486278782928395     
  Comptn_2: TXYZ:  0.99999999999513445       U,V,W -0.71261932390767058       0.27869618201242474      -0.64381840399308743     
  *** Umfnst:amsq,np0,np,kpart  -7.4110712396985038E-018           0           1           7
  Comptn_2: TXYZ:  0.99999999999882916       U,V,W  0.87725087299485693      -0.45239639925767960      -0.16052539913445685     
  Comptn_2: TXYZ:  0.99999999999856493       U,V,W   9.3777939965818291E-002 -0.61349489059511342       0.78411078119614075     
  Comptn_2: TXYZ:  0.99999999999748668       U,V,W   8.5579891389228280E-002  0.70204865003924510      -0.70696801565938472     
  Comptn_2: TXYZ:  0.99999999997114786       U,V,W  0.55151155647793360       0.66920990074588360       0.49798906793836295     
  Comptn_2: TXYZ:  0.99999999999787681       U,V,W -0.78719521126003933        2.1812481429748232E-003  0.61670004177369542     
  Comptn_2: TXYZ:  0.99999999999769695       U,V,W -0.30663359876825780       0.38190179878263336      -0.87185254039356508     
       7200                  2800                  2800             4.7850752E-01         1.0000000E+30           1475313       
 NEXT SEEDS: 5C4EA02      26       0       0       0       0       B    3039       0       0
  Comptn_2: TXYZ:  0.99999999999898381       U,V,W -0.25740655683619007       0.42495498048032232       0.86784510660698544     
  *** Umfnst:amsq,np0,np,kpart  -1.4997962430138497E-017           0           1           7
  Comptn_2: TXYZ:  0.99999999999712985       U,V,W  0.43090657613251437       0.34113090054142958      -0.83543355890141058     
  *** Umfnst:amsq,np0,np,kpart  -1.4541042409223805E-017           0           1           7
  Comptn_2: TXYZ:  0.99999999999113276       U,V,W -0.17988736503258451       0.23512264850504039      -0.95517426475630174     
  Comptn_2: TXYZ:  0.99999999999863298       U,V,W -0.60893617645931819       -1.1346016566008643E-002  0.79313807177932327     
  Comptn_2: TXYZ:   1.0000000000012210       U,V,W  0.24536721241567250      -0.93862097681294099      -0.24245740442251673     
       7400                  2600                  2600             4.7873400E-01         1.0000000E+30           1515823       
 NEXT SEEDS: A0CAF38      27       0       0       0       0       B    3039       0       0
  Comptn_2: TXYZ:  0.99999999999875455       U,V,W -0.63616322223939648      -0.30564079175791059      -0.70843493779057809     
  Comptn_2: TXYZ:   1.0000000000010048       U,V,W -0.44925630564162589       0.88834729358823239       -9.4909735099754755E-002
  Comptn_2: TXYZ:  0.99999999999842959       U,V,W  0.53644275930601282      -0.59350807129880678       0.59998111244417629     
  Comptn_2: TXYZ:  0.99999999999887290       U,V,W  0.99901661642216277        2.2056606328924033E-002  -3.8461750201168599E-002
  *** Umfnst:amsq,np0,np,kpart  -7.4483471168643328E-018           0           1           7
  Comptn_2: TXYZ:  0.99999999999781297       U,V,W  0.25301067736988969       0.61061668106731304       0.75042179201898307     
  Comptn_2: TXYZ:  0.99999999999808398       U,V,W -0.87607174358022633      -0.47491261432401899        8.3404489413410943E-002
       7600                  2400                  2400             4.7863779E-01         1.0000000E+30           1558233       
 NEXT SEEDS: D0D966E      28       0       0       0       0       B    3039       0       0
  Comptn_2: TXYZ:   1.0000000000021396       U,V,W  0.79379089094460298      -0.53482005160264379      -0.28959201276840929     
  Comptn_2: TXYZ:  0.99999999997750610       U,V,W  0.27963383896252481       0.95805946848130930       -6.2665548253390213E-002
  Comptn_2: TXYZ:   1.0000000000019591       U,V,W -0.82774913484441726      -0.37796176009355875       0.41470022627586900     
  Comptn_2: TXYZ:  0.99999999999658362       U,V,W  -7.1050937979109108E-002  0.82704790999045485      -0.55762309743167293     
  Comptn_2: TXYZ:   1.0000000000015010       U,V,W  0.92223634579441693       0.30885632644992711       0.23256803759140610     
  Comptn_2: TXYZ:   1.0000000000029585       U,V,W  0.12446804025984193       0.71193513490047877       0.69112666758783803     
  Comptn_2: TXYZ:  0.99999999998130140       U,V,W  0.47595667910485417      -0.63658670127868788      -0.60681348975768401     
       7800                  2200                  2200             4.7878543E-01         1.0000000E+30           1599217       
 NEXT SEEDS:1163700E      29       0       0       0       0       B    3039       0       0
  Comptn_2: TXYZ:   1.0000000000056903       U,V,W  0.80234366229820520       0.30893981914472590      -0.51068663162688921     
  Comptn_2: TXYZ:   1.0000000000014133       U,V,W  0.90971248585681153       0.13145082769262473       0.39388307018271007     
  Comptn_2: TXYZ:  0.99999999999888289       U,V,W -0.35609244055080325       -2.6209494995850235E-002  0.93408309916918952     
  Comptn_2: TXYZ:   1.0000000000010916       U,V,W  -9.0880326545224932E-002  0.77802369471768118       0.62162681466131531     
  Comptn_2: TXYZ:  0.99999999999891442       U,V,W -0.99046151770783109        5.2201772249354406E-002  0.12751845714578280     
       8000                  2000                  2000             4.7868375E-01         1.0000000E+30           1640909       
 NEXT SEEDS:1460046F      2A       0       0       0       0       B    3039       0       0
  Comptn_2: TXYZ:   1.0000000000020584       U,V,W  0.69278186627584404        7.8008018777950383E-002  0.71691563992408192     
  Comptn_2: TXYZ:  0.99999999999843747       U,V,W -0.28903447045822794      -0.14572887172415250      -0.94616181006811662     
  Comptn_2: TXYZ:  0.99999999999747624       U,V,W  0.70056267209335488       0.43507236284978035       0.56561822950750429     
  Comptn_2: TXYZ:  0.99999999999828759       U,V,W  -2.6782174971003769E-002  0.98341402699329639      -0.17938664001239957     
  Comptn_2: TXYZ:  0.99999999999863731       U,V,W -0.73393419642453039        4.7072288542182150E-002 -0.67758748141381542     
  Comptn_2: TXYZ:  0.99999999999750544       U,V,W -0.48254178448467755       0.83624583393342533      -0.26047328356827393     
  Comptn_2: TXYZ:   1.0000000000016289       U,V,W   4.1818040127594713E-003  -7.6936795404520808E-003  0.99996165917096869     
  Comptn_2: TXYZ:  0.99999999999892497       U,V,W -0.95233835550223400        1.7712559136022321E-002 -0.30452901649445252     
  Comptn_2: TXYZ:   1.0000000000020681       U,V,W  0.19575998028376773       0.11162700256394942       0.97427790820687044     
       8200                  1800                  1800             4.7904985E-01         1.0000000E+30           1681769       
 NEXT SEEDS:1A2989DC      2B       0       0       0       0       B    3039       0       0
  *** Umfnst:amsq,np0,np,kpart  -2.2297552130662868E-017           0           1           7
  Comptn_2: TXYZ:  0.99999999998679234       U,V,W  0.31968095856001355       0.87898144510415221      -0.35383004943554397     
  *** Umfnst:amsq,np0,np,kpart  -7.5032334764522617E-018           0           1           7
  Comptn_2: TXYZ:   1.0000000000017204       U,V,W  0.51666820617475917        9.4653347357606776E-002 -0.85093754680580247     
       8400                  1600                  1600             4.7901824E-01         1.0000000E+30           1723687       
 NEXT SEEDS:1D8E2316      2C       0       0       0       0       B    3039       0       0
  Comptn_2: TXYZ:   1.0000000000079479       U,V,W -0.99643663598501231        3.3088348122277011E-002  -7.7583449867603349E-002
  Comptn_2: TXYZ:  0.99999999999857425       U,V,W  0.21362652861139964       0.56906864981619520       0.79405577768088165     
  Comptn_2: TXYZ:   1.0000000000013780       U,V,W  0.72906536758313933        1.9485214527676931E-002 -0.68416665821059297     
  Comptn_2: TXYZ:  0.99999999999872968       U,V,W -0.74987419863987625       0.66134232642317059       -1.7748619499037943E-002
  Comptn_2: TXYZ:   1.0000000000010414       U,V,W -0.67993636814193970      -0.34272844654694268      -0.64824667157379956     
  Comptn_2: TXYZ:  0.99999999999774947       U,V,W -0.46588823407542179      -0.25991009514002639      -0.84581020080874936     
  *** Umfnst:amsq,np0,np,kpart  -2.9738745452190708E-017           0           1           7
  Comptn_2: TXYZ:   1.0000000000082603       U,V,W  0.78156730793537577      -0.15612575561331710       0.60396795578000706     
  Comptn_2: TXYZ:   1.0000000000042126       U,V,W -0.86773991105689685       0.27720871972036321      -0.41253214720089204     
  Comptn_2: TXYZ:   1.0000000000012876       U,V,W -0.89373690987566512      -0.44645493221689492        4.3730188959031580E-002
       8600                  1400                  1400             4.7910892E-01         1.0000000E+30           1765562       
 NEXT SEEDS:22171982      2D       0       0       0       0       B    3039       0       0
  Comptn_2: TXYZ:   1.0000000000052516       U,V,W -0.53305152492646357       0.56972484497971054      -0.62551552562000268     
  Comptn_2: TXYZ:   1.0000000000014626       U,V,W  0.43356636082192779      -0.68084335013710984      -0.59031563026839251     
  Comptn_2: TXYZ:  0.99999999999859746       U,V,W -0.78545791020578437       -2.4772164744391034E-002 -0.61841912255980258     
  Comptn_2: TXYZ:   1.0000000000019802       U,V,W -0.58200411097612914       0.10760537501951006      -0.80603492360801354     
  Comptn_2: TXYZ:   1.0000000000016618       U,V,W  0.18491674291645310      -0.83121795370894702       0.52429239134546179     
  Comptn_2: TXYZ:   1.0000000000012585       U,V,W  0.17991117104699583      -0.25484506863885059       0.95009786944515184     
  Comptn_2: TXYZ:  0.99999999999723010       U,V,W  -7.5735427535192912E-002 -0.96512986351246932      -0.25057631885254850     
  Comptn_2: TXYZ:   1.0000000000011142       U,V,W -0.49972534538149027      -0.24716082088357894      -0.83017233620774178     
       8800                  1200                  1200             4.7904860E-01         1.0000000E+30           1806457       
 NEXT SEEDS:255B01C0      2E       0       0       0       0       B    3039       0       0
  Comptn_2: TXYZ:   1.0000000000016365       U,V,W  0.97356129960331717       -7.7962115893683404E-002  0.21470981440473658     
  Comptn_2: TXYZ:   1.0000000000016165       U,V,W  0.38239692016495752       0.66269364230235084      -0.64390195829956554     
  Comptn_2: TXYZ:  0.99999999999839950       U,V,W -0.82824659275487988        6.4931206656659413E-002  0.55658918421978143     
  Comptn_2: TXYZ:  0.99999999999689593       U,V,W  0.12485518694541042       -6.9837552343430323E-002  0.98971404889109316     
  *** Eveneu: no downsc. group selected, cusngl, rsngl, igpr ***  0.999999940       1.00000000              96
  Comptn_2: TXYZ:   1.0000000000012772       U,V,W -0.39668543791117372       0.55936789816985810       0.72783804369346683     
       9000                  1000                  1000             4.7900627E-01         1.0000000E+30           1847903       
 NEXT SEEDS:2844B686      2F       0       0       0       0       B    3039       0       0
  Comptn_2: TXYZ:   1.0000000000081690       U,V,W  0.27204920599696436      -0.44754804312202684       0.85187439134078602     
  Comptn_2: TXYZ:   1.0000000000011502       U,V,W  0.44877595824262073       0.71652031103489122       0.53404005765394658     
  Comptn_2: TXYZ:  0.99999999999895917       U,V,W  0.85418669824129445       0.51862030001375103       -3.7390760359237163E-002
  Comptn_2: TXYZ:   1.0000000000019922       U,V,W -0.23216656747138131      -0.70459150612008070       0.67055909094872845     
  Comptn_2: TXYZ:   1.0000000000037250       U,V,W  0.89197752071568459       0.38850082876328429       0.23117787219339725     
  Comptn_2: TXYZ:  0.99999999999755207       U,V,W  0.43187874395080428      -0.46505240253642910      -0.77279170118222851     
  Comptn_2: TXYZ:   1.0000000000011930       U,V,W -0.62436288806804541       0.50278317434258923      -0.59781273288757575     
  Comptn_2: TXYZ:   1.0000000000030451       U,V,W -0.58765292898051058      -0.62741377156888234      -0.51089724437442641     
  *** Umfnst:amsq,np0,np,kpart  -1.4915831355481528E-017           0           1           7
  Comptn_2: TXYZ:  0.99999999999377731       U,V,W  -8.6921424402362391E-002 -0.76868190652734825      -0.63369771385978879     
  Comptn_2: TXYZ:  0.99999999999893752       U,V,W -0.48755604539652531       0.77278156995703107      -0.40632222155696240     
  Comptn_2: TXYZ:   1.0000000000016718       U,V,W  0.96977187137171228      -0.22914653695507070        8.3871223309174070E-002
  Comptn_2: TXYZ:   1.0000000000017886       U,V,W  0.74859304092651513       0.65932087590902455       -7.0031719018871286E-002
  Comptn_2: TXYZ:   1.0000000000035045       U,V,W  0.50689973048896064      -0.84697855932009070       0.16024975284157961     
  *** Umfnst:amsq,np0,np,kpart  -7.2581352187869665E-018           0           1           7
       9200                   800                   800             4.7875109E-01         1.0000000E+30           1889907       
 NEXT SEEDS:2A54FF9B      30       0       0       0       0       B    3039       0       0
  Comptn_2: TXYZ:  0.99999999999808242       U,V,W  0.72349780078902270       -8.8360792715306502E-002 -0.68464830574701097     
  Comptn_2: TXYZ:  0.99999999999894840       U,V,W -0.17512030292847669       0.21880838465609287      -0.95992487742811328     
  Comptn_2: TXYZ:  0.99999999999866784       U,V,W -0.11754871244150422       0.99278557390541344       -2.3645389557188423E-002
  Comptn_2: TXYZ:  0.99999999997488098       U,V,W  0.83064590335212074       0.50337383882680342       0.23799613779216600     
  Comptn_2: TXYZ:   1.0000000000015947       U,V,W  0.40557145797916405       0.66996823285811402       0.62181537407435172     
  Comptn_2: TXYZ:   1.0000000000011855       U,V,W  0.18095498340979077       0.86816964879962233      -0.46210037316960495     
  Comptn_2: TXYZ:  0.99999999999562539       U,V,W   2.1252806278667435E-002  0.99899131900817661       -3.9555818373663953E-002
  Comptn_2: TXYZ:  0.99999999999739519       U,V,W -0.69722451444434697      -0.64691220305627439       0.30884070002529995     
  Comptn_2: TXYZ:  0.99999999999613765       U,V,W  0.14163875872377929       0.54481267575376080      -0.82650929236237403     
  Comptn_2: TXYZ:  0.99999999998929934       U,V,W -0.27235237691218117       0.37785126579461803       0.88490259560981599     
  Comptn_2: TXYZ:   1.0000000000014699       U,V,W -0.13468298907851306       0.25481393364449190      -0.95756480285929868     
  Comptn_2: TXYZ:  0.99999999999889899       U,V,W  0.79523840285159864      -0.55723375668159036      -0.23892765232065472     
  Comptn_2: TXYZ:   1.0000000000041571       U,V,W  0.59537674263227558       0.80274531160753937        3.3563358426306422E-002
  Comptn_2: TXYZ:  0.99999999999632916       U,V,W  0.65937717786391659       0.12535081283358807      -0.74128868265373171     
       9400                   600                   600             4.7878966E-01         1.0000000E+30           1931436       
 NEXT SEEDS:2E5C5DBD      31       0       0       0       0       B    3039       0       0
  Comptn_2: TXYZ:  0.99999999999890876       U,V,W -0.70447275612708182       0.11029853231533693       0.70110795862171216     
  Comptn_2: TXYZ:  0.99999999999726330       U,V,W  0.53781852104555838      -0.84210969546952263       -4.0031227983405415E-002
  Comptn_2: TXYZ:   1.0000000000044083       U,V,W  0.65473620995032178      -0.66485054997816917       0.35957508475702582     
  Comptn_2: TXYZ:  0.99999999999891831       U,V,W -0.32659896665064991      -0.30472884149387625      -0.89469181741169734     
  Comptn_2: TXYZ:   1.0000000000088933       U,V,W  0.96457200430279255        3.7302210760543630E-002  0.26116928149490093     
  *** Eveneu: no downsc. group selected, cusngl, rsngl, igpr ***  0.999999523      0.999999762             123
       9600                   400                   400             4.7885430E-01         1.0000000E+30           1973015       
 NEXT SEEDS:3290535A      32       0       0       0       0       B    3039       0       0
  Comptn_2: TXYZ:   1.0000000000015832       U,V,W -0.46030088253478629       0.67078228349008384      -0.58152749349889632     
  Comptn_2: TXYZ:  0.99999999999887845       U,V,W -0.27181815779968588      -0.95903556661137657        7.9785155659806151E-002
  Comptn_2: TXYZ:  0.99999999999870415       U,V,W -0.38894816619226447      -0.77587001587448157      -0.49673437819554067     
  *** Eveneu: no downsc. group selected, cusngl, rsngl, igpr ***  0.999999642       1.00000000             128
  Comptn_2: TXYZ:   1.0000000000012279       U,V,W  0.90690354026162323      -0.40350668117149269      -0.12127789127507782     
  Comptn_2: TXYZ:  0.99999999999736144       U,V,W  0.31032987723872196       0.12610814533982762       0.94222720347552591     
  Comptn_2: TXYZ:  0.99999999999837796       U,V,W -0.66640490151388754      -0.65012444780991530       0.36502425891507073     
       9800                   200                   200             4.7862397E-01         1.0000000E+30           2014533       
 NEXT SEEDS:347F3A29      33       0       0       0       0       B    3039       0       0
  Comptn_2: TXYZ:  0.99999999999785638       U,V,W  0.56129362522453619      -0.20124341140206781      -0.80277677821883486     
  Comptn_2: TXYZ:  0.99999999999654876       U,V,W  -4.8797668870449229E-002  0.94622219935142560      -0.31981609866282490     
  Comptn_2: TXYZ:  0.99999999999894196       U,V,W -0.54349236862015005       0.77929512155589720       0.31195377665574142     
  Comptn_2: TXYZ:   1.0000000000010294       U,V,W -0.73984653467095995      -0.54910034628314719       0.38873630502968126     
  *** Eveneu: no downsc. group selected, cusngl, rsngl, igpr ***  0.999999762      0.999999821             108
  Comptn_2: TXYZ:  0.99999999999895084       U,V,W -0.19277690614872967       0.32765248806804870       0.92492211105448874     
  *** Umfnst:amsq,np0,np,kpart  -7.4069752812157569E-018           0           1           7
  *** Umfnst:amsq,np0,np,kpart  -1.4947539129031765E-017           0           1           7
  Comptn_2: TXYZ:   1.0000000000012939       U,V,W -0.30803908509391675       0.40484312457823096       0.86093784127399786     
       9950                    50                    50             4.7851531E-01         1.0000000E+30           2045193       
 NEXT SEEDS:27AC00B8      34       0       0       0       0       B    3039       0       0
       9951                    49                    49             4.7850603E-01         1.0000000E+30           2045488       
 NEXT SEEDS:27EEE19C      34       0       0       0       0       B    3039       0       0
       9952                    48                    48             4.7850157E-01         1.0000000E+30           2045675       
 NEXT SEEDS:28347AFE      34       0       0       0       0       B    3039       0       0
  *** Emfgeo: Ncoun  2000000000
       9953                    47                    47             4.7848906E-01         1.0000000E+30           2045971       
 NEXT SEEDS:2871E04C      34       0       0       0       0       B    3039       0       0
       9954                    46                    46             4.7848156E-01         1.0000000E+30           2046242       
 NEXT SEEDS:28B5DAE9      34       0       0       0       0       B    3039       0       0
       9955                    45                    45             4.7848176E-01         1.0000000E+30           2046359       
 NEXT SEEDS:290106F0      34       0       0       0       0       B    3039       0       0
       9956                    44                    44             4.7848421E-01         1.0000000E+30           2046597       
 NEXT SEEDS:29585328      34       0       0       0       0       B    3039       0       0
       9957                    43                    43             4.7847588E-01         1.0000000E+30           2046866       
 NEXT SEEDS:299C8886      34       0       0       0       0       B    3039       0       0
       9958                    42                    42             4.7846725E-01         1.0000000E+30           2047018       
 NEXT SEEDS:29DE7BC5      34       0       0       0       0       B    3039       0       0
       9959                    41                    41             4.7846530E-01         1.0000000E+30           2047118       
 NEXT SEEDS:2A245C83      34       0       0       0       0       B    3039       0       0
       9960                    40                    40             4.7846506E-01         1.0000000E+30           2047269       
 NEXT SEEDS:2A6F2D8B      34       0       0       0       0       B    3039       0       0
       9961                    39                    39             4.7846516E-01         1.0000000E+30           2047503       
 NEXT SEEDS:2AC20F12      34       0       0       0       0       B    3039       0       0
       9962                    38                    38             4.7845830E-01         1.0000000E+30           2047741       
 NEXT SEEDS:2B05F1C8      34       0       0       0       0       B    3039       0       0
       9963                    37                    37             4.7845767E-01         1.0000000E+30           2047916       
 NEXT SEEDS:2B5605F8      34       0       0       0       0       B    3039       0       0
       9964                    36                    36             4.7845459E-01         1.0000000E+30           2048301       
 NEXT SEEDS:2BAB714D      34       0       0       0       0       B    3039       0       0
       9965                    35                    35             4.7846597E-01         1.0000000E+30           2048539       
 NEXT SEEDS:2C153CFF      34       0       0       0       0       B    3039       0       0
       9966                    34                    34             4.7846685E-01         1.0000000E+30           2048653       
 NEXT SEEDS:2C63EDE6      34       0       0       0       0       B    3039       0       0
       9967                    33                    33             4.7846054E-01         1.0000000E+30           2048832       
 NEXT SEEDS:2CAB1112      34       0       0       0       0       B    3039       0       0
       9968                    32                    32             4.7846333E-01         1.0000000E+30           2049009       
 NEXT SEEDS:2CFC6EE3      34       0       0       0       0       B    3039       0       0
       9969                    31                    31             4.7845114E-01         1.0000000E+30           2049200       
 NEXT SEEDS:2D3A081B      34       0       0       0       0       B    3039       0       0
       9970                    30                    30             4.7845282E-01         1.0000000E+30           2049357       
 NEXT SEEDS:2D8AD8ED      34       0       0       0       0       B    3039       0       0
  Comptn_2: TXYZ:  0.99999999999864708       U,V,W   6.2715792126017078E-002 -0.15810961491615672       0.98542786599919019     
       9971                    29                    29             4.7845483E-01         1.0000000E+30           2049524       
 NEXT SEEDS:2DDBE54C      34       0       0       0       0       B    3039       0       0
       9972                    28                    28             4.7844064E-01         1.0000000E+30           2049719       
 NEXT SEEDS:2E15D3FD      34       0       0       0       0       B    3039       0       0
  Comptn_2: TXYZ:   1.0000000000011680       U,V,W -0.83948506171125281      -0.16636207666400082       0.51728956167011830     
       9973                    27                    27             4.7845146E-01         1.0000000E+30           2049801       
 NEXT SEEDS:2E72B328      34       0       0       0       0       B    3039       0       0
       9974                    26                    26             4.7844569E-01         1.0000000E+30           2050004       
 NEXT SEEDS:2EB6A8D8      34       0       0       0       0       B    3039       0       0
       9975                    25                    25             4.7844986E-01         1.0000000E+30           2050185       
 NEXT SEEDS:2F0B7D01      34       0       0       0       0       B    3039       0       0
       9976                    24                    24             4.7845511E-01         1.0000000E+30           2050334       
 NEXT SEEDS:2F65EADF      34       0       0       0       0       B    3039       0       0
       9977                    23                    23             4.7845736E-01         1.0000000E+30           2050542       
 NEXT SEEDS:2FBD818D      34       0       0       0       0       B    3039       0       0
       9978                    22                    22             4.7844518E-01         1.0000000E+30           2050760       
 NEXT SEEDS:2FF9DD28      34       0       0       0       0       B    3039       0       0
       9979                    21                    21             4.7843858E-01         1.0000000E+30           2050952       
 NEXT SEEDS:303FE7FD      34       0       0       0       0       B    3039       0       0
       9980                    20                    20             4.7844745E-01         1.0000000E+30           2051078       
 NEXT SEEDS:309B98EF      34       0       0       0       0       B    3039       0       0
       9981                    19                    19             4.7844701E-01         1.0000000E+30           2051293       
 NEXT SEEDS:30EE6C1C      34       0       0       0       0       B    3039       0       0
       9982                    18                    18             4.7844115E-01         1.0000000E+30           2051506       
 NEXT SEEDS:3138F61D      34       0       0       0       0       B    3039       0       0
       9983                    17                    17             4.7844292E-01         1.0000000E+30           2051693       
 NEXT SEEDS:318BC534      34       0       0       0       0       B    3039       0       0
       9984                    16                    16             4.7843530E-01         1.0000000E+30           2051985       
 NEXT SEEDS:31D3B503      34       0       0       0       0       B    3039       0       0
       9985                    15                    15             4.7845492E-01         1.0000000E+30           2052237       
 NEXT SEEDS:3250A417      34       0       0       0       0       B    3039       0       0
       9986                    14                    14             4.7845287E-01         1.0000000E+30           2052445       
 NEXT SEEDS:329C6EAE      34       0       0       0       0       B    3039       0       0
       9987                    13                    13             4.7846060E-01         1.0000000E+30           2052679       
 NEXT SEEDS:32FEC16D      34       0       0       0       0       B    3039       0       0
       9988                    12                    12             4.7845523E-01         1.0000000E+30           2052820       
 NEXT SEEDS:3344B0B2      34       0       0       0       0       B    3039       0       0
       9989                    11                    11             4.7845797E-01         1.0000000E+30           2053067       
 NEXT SEEDS:33A32FB8      34       0       0       0       0       B    3039       0       0
       9990                    10                    10             4.7846193E-01         1.0000000E+30           2053140       
 NEXT SEEDS:33F3C6C0      34       0       0       0       0       B    3039       0       0
       9991                     9                     9             4.7845769E-01         1.0000000E+30           2053393       
 NEXT SEEDS:34412D2C      34       0       0       0       0       B    3039       0       0
       9992                     8                     8             4.7848120E-01         1.0000000E+30           2053586       
 NEXT SEEDS:34C214D7      34       0       0       0       0       B    3039       0       0
       9993                     7                     7             4.7846918E-01         1.0000000E+30           2053889       
 NEXT SEEDS:3500A102      34       0       0       0       0       B    3039       0       0
       9994                     6                     6             4.7846411E-01         1.0000000E+30           2054078       
 NEXT SEEDS:3547E8CE      34       0       0       0       0       B    3039       0       0
       9995                     5                     5             4.7844525E-01         1.0000000E+30           2054343       
 NEXT SEEDS:357964BA      34       0       0       0       0       B    3039       0       0
       9996                     4                     4             4.7844614E-01         1.0000000E+30           2054520       
 NEXT SEEDS:35CE2599      34       0       0       0       0       B    3039       0       0
  Comptn_2: TXYZ:  0.99999999999886502       U,V,W -0.16881136608523217        9.4708245871544250E-002  0.98108769783502936     
       9997                     3                     3             4.7844190E-01         1.0000000E+30           2054663       
 NEXT SEEDS:3618106A      34       0       0       0       0       B    3039       0       0
       9998                     2                     2             4.7843736E-01         1.0000000E+30           2054862       
 NEXT SEEDS:36683BA3      34       0       0       0       0       B    3039       0       0
       9999                     1                     1             4.7843083E-01         1.0000000E+30           2055079       
 NEXT SEEDS:36B010D6      34       0       0       0       0       B    3039       0       0
      10000                     0                     1             4.7842756E-01         1.0000000E+30           2055448       
 NEXT SEEDS:3707D4A9      34       0       0       0       0       B    3039       0       0
