1NUMBER OF BEAM       NUMBER OF BEAM        APPROXIMATE NUMBER    AVERAGE TIME USED     TIME LEFT (RESERVED   NUMBER OF STARS
 PARTICLES HANDLED    PARTICLES LEFT        OF BEAM PARTICLES     BY A BEAM PARTICLE     10000.0 SECONDS      CREATED
                                            THAT CAN STILL BE                           FOR PRINTOUT)
                                            HANDLED

 NEXT SEEDS:345EE3C2      34       0       0       0       0       F    3039       0       0
  *** Kaon: P_min > 1.5 GeV/c:           15   1.5478618491389733     
  *** Kaon: P_min > 1.5 GeV/c:           15   1.5855645851779181     
          1                  9999                  9999             5.3256512E-01         1.0000000E+30               164       
 NEXT SEEDS:34B600D4      34       0       0       0       0       F    3039       0       0
  *** Kbar: P_min > 1.8 GeV/c:           25   22.100631926095179     
  *** Kaon: P_min > 1.5 GeV/c:           15   5.9526271110232836     
  *** Kaon: P_min > 1.5 GeV/c:           15   5.8212011439318738     
  *** Kaon: P_min > 1.5 GeV/c:           15   5.3357264417087595     
  *** Kaon: P_min > 1.5 GeV/c:           24   3.3033886690278562     
  *** Kaon: P_min > 1.5 GeV/c:           24   3.4708053768223466     
  *** Kbar: P_min > 1.8 GeV/c:           25   22.100505341717330     
  *** Kbar: P_min > 1.8 GeV/c:           25   25.508198638503188     
  *** Kbar: P_min > 1.8 GeV/c:           25   21.948345311942564     
  *** Kbar: P_min > 1.8 GeV/c:           25   2.0030227808669774     
  *** Kbar: P_min > 1.8 GeV/c:           25   2.0029191858159794     
  *** Kbar: P_min > 1.8 GeV/c:           25   2.0766048772863379     
  *** Kbar: P_min > 1.8 GeV/c:           25   2.6047490778584712     
  *** Kaon: P_min > 1.5 GeV/c:           24   5.3756861973944332     
  *** Kbar: P_min > 1.8 GeV/c:           16   2.1434395902264414     
  *** Kbar: P_min > 1.8 GeV/c:           16   2.7829783644342942     
  *** Kaon: P_min > 1.5 GeV/c:           15   1.7919691353468747     
  *** Kaon: P_min > 1.5 GeV/c:           24   7.2849183503016279     
  *** Hhflev: call to Hadriv !! ***  0.81038503848983312        3.5000000000000000        1.5644496681163609               13 T F T
  *** Hhflev: call to Hadriv !! ***  0.76091937283756861        3.5000000000000000        1.5349216857049994               14 T F T
  Comptn_2: TXYZ:   1.0000000000016809       U,V,W -0.29189612408278265      -0.28794047253892074      -0.91207836122845976     
  *** Hhflev: call to Hadriv !! ***  0.81164876373830375        3.5000000000000000        1.5651974529235160               14 T F T
  *** Hhflev: call to Hadriv !! ***  0.39523478856300770        3.5000000000000000        1.2986132527949654               14 T F T
  *** Hhflev: call to Hadriv !! ***  0.70202604824469905        5.0000000000000000        1.6536555521995697               16 T F T
  *** Hhflev: call to Hadriv !! ***  0.67462007560721471        3.5000000000000000        1.4821634895488818               14 T F T
  *** Hhflev: call to Hadriv !! ***   1.1133453727020040        5.0000000000000000        1.8479918554798069               16 T F T
  *** Hhflev: call to Hadriv !! ***  0.81641129583039285        5.0000000000000000        1.7108650981210991               25 T F T
  *** Hhflev: call to Hadriv !! ***   1.2448023026382888        5.0000000000000000        1.9070905767143800               16 T F T
  *** Hhflev: call to Hadriv !! ***  0.84221944006479021        3.5000000000000000        1.5831891699213383               13 T F T
  Comptn_2: TXYZ:   1.0000000000013607       U,V,W -0.60295096060124109       0.76518656571361987      -0.22569815852770603     
  Comptn_2: TXYZ:   1.0000000000015454       U,V,W   1.7133919705145217E-002  0.62831262846174951       0.77777224797016942     
  Comptn_2: TXYZ:   1.0000000000012836       U,V,W -0.40616134110696578       0.86710281991070737      -0.28838457776790705     
  Comptn_2: TXYZ:  0.99999999999665612       U,V,W  0.98159934022120865        7.2508343463212555E-002 -0.17665014973717064     
        200                  9800                  9800             4.7358988E-01         1.0000000E+30             41383       
 NEXT SEEDS:37511E2D      35       0       0       0       0       F    3039       0       0
  Comptn_2: TXYZ:   1.0000000000010634       U,V,W  0.81563948505228367      -0.52924101755510833      -0.23374382507767422     
  *** Umfnst:amsq,np0,np,kpart  -1.4597870640472247E-017           0           1           7
  Comptn_2: TXYZ:   1.0000000000012554       U,V,W -0.61571400748641736      -0.71091063493022233       0.33985633748597310     
  Seafsl: impossible to get enough invariant mass for interaction           0           0   4.7659128094563838        5.4013632490918599        1.1156830000000000     
        400                  9600                  9600             4.7864625E-01         1.0000000E+30             82173       
 NEXT SEEDS:  8A34D9      37       0       0       0       0       F    3039       0       0
  Comptn_2: TXYZ:  0.99999999999395217       U,V,W  0.98471692907376251       -7.2127971901721821E-002  0.15852484114117615     
  Comptn_2: TXYZ:   1.0000000000029716       U,V,W -0.91954552481228902      -0.11365232884561749       0.37619034536871254     
  Comptn_2: TXYZ:  0.99999999999772338       U,V,W   9.6564970838031172E-002 -0.99039663012749024        9.8943021163115930E-002
  Comptn_2: TXYZ:  0.99999999999895406       U,V,W  0.61166050650348325      -0.34045591745783632      -0.71411567203836057     
  Comptn_2: TXYZ:   1.0000000000934399       U,V,W  0.79472239071264994       0.11471819312015441      -0.59603360472431177     
  Comptn_2: TXYZ:  0.99999999999818345       U,V,W  0.33627932077775213       0.93861715540371049        7.6902886794215419E-002
  Comptn_2: TXYZ:  0.99999999999725819       U,V,W  0.62283229495790948       0.16303664939786700       0.76517905310315371     
  Comptn_2: TXYZ:   1.0000000000016165       U,V,W -0.63544783183380105       0.74921943266524238      -0.18675196046122267     
  Comptn_2: TXYZ:   1.0000000000013178       U,V,W  0.41563611177759441      -0.83084336323357810      -0.37006206014456211     
  Comptn_2: TXYZ:   1.0000000000021947       U,V,W  0.49954245789740526      -0.78079579040085179      -0.37525360285055598     
  Comptn_2: TXYZ:   1.0000000000012506       U,V,W  0.69429761808268253       0.67617406579595496      -0.24645374874594950     
  Comptn_2: TXYZ:  0.99999999999486366       U,V,W -0.67507071470699032      -0.73719189017640474        2.8768858128131569E-002
        600                  9400                  9400             4.7246524E-01         1.0000000E+30            123594       
 NEXT SEEDS: 19519CD      38       0       0       0       0       F    3039       0       0
  Comptn_2: TXYZ:  0.99999999999746547       U,V,W  0.68829587841319118      -0.58436466046823199       0.42984500387084523     
  Comptn_2: TXYZ:   1.0000000000011251       U,V,W -0.30920878855679579       0.88512501463456417      -0.34776951210324114     
  Comptn_2: TXYZ:  0.99999999999889277       U,V,W -0.96109129880980237       -2.0114537980695957E-002  0.27549758748998698     
  Comptn_2: TXYZ:  0.99999999999333999       U,V,W -0.19920146856764731      -0.53863058573969624       0.81865491326904305     
  Comptn_2: TXYZ:  0.99999999999786404       U,V,W -0.12742305106223739       0.76789382541845086      -0.62777578715658677     
  *** Umfnst:amsq,np0,np,kpart  -7.4612881072690149E-018           0           1           7
  Comptn_2: TXYZ:   1.0000000000015663       U,V,W   2.8097868376235624E-002 -0.99617885654938299       -8.2693382795977044E-002
  Comptn_2: TXYZ:  0.99999999999813549       U,V,W  0.99132221520914188       0.11608229972425477        6.1686022093368820E-002
  Comptn_2: TXYZ:   1.0000000000024669       U,V,W  0.46328759280717691        2.0175932026642585E-002 -0.88597829438437969     
        800                  9200                  9200             4.7423174E-01         1.0000000E+30            163947       
 NEXT SEEDS: 4D940C8      39       0       0       0       0       F    3039       0       0
  Comptn_2: TXYZ:  0.99999999998806532       U,V,W -0.71969120561678324       0.48564190173394195       0.49618193419971135     
  Comptn_2: TXYZ:  0.99999999999881162       U,V,W -0.81013871322088349      -0.58585191653252977       -2.1279032750207705E-002
  Comptn_2: TXYZ:  0.99999999999639411       U,V,W   5.0215404382385032E-002  0.96759686205356654      -0.24745651275163283     
  Comptn_2: TXYZ:  0.99999999999864886       U,V,W -0.12985522608527589       0.99140255193974758        1.6081052961382625E-002
  Comptn_2: TXYZ:  0.99999999999844857       U,V,W  0.22251318520932273       0.10625010126797640       0.96912269521820349     
  *** Umfnst:amsq,np0,np,kpart  -7.4543608416883505E-018           0           1           7
  Comptn_2: TXYZ:   1.0000000000011304       U,V,W -0.67206692910026788      -0.66217700062972717       0.33143274226890185     
  *** Eveneu: no downsc. group selected, cusngl, rsngl, igpr ***  0.999999762       1.00000000              92
  Comptn_2: TXYZ:  0.99999999999827904       U,V,W -0.87542482093166996       0.47485389227939123        9.0250561672185370E-002
  Comptn_2: TXYZ:   1.0000000000017786       U,V,W -0.36389893560129138       0.37955984350381300      -0.85059502107018403     
  Comptn_2: TXYZ:   1.0000000000015801       U,V,W -0.73029075263286103       0.20293741129416887      -0.65229734302519660     
  Comptn_2: TXYZ:   1.0000000000013449       U,V,W  0.21485128885807825       0.96726136325628786       0.13507175437135288     
  Comptn_2: TXYZ:   1.0000000000116656       U,V,W -0.14679074552722682      -0.94334317229559872       0.29758383074774564     
  Comptn_2: TXYZ:  0.99999999999898026       U,V,W -0.93377965659503204      -0.15214682748897701      -0.32389334018050420     
       1000                  9000                  9000             4.7461861E-01         1.0000000E+30            206057       
 NEXT SEEDS: 8266E55      3A       0       0       0       0       F    3039       0       0
  Comptn_2: TXYZ:  0.99999999999382228       U,V,W -0.60243947509991003       0.23358726021331222      -0.76321928087621416     
  Comptn_2: TXYZ:  0.99999999999716671       U,V,W  0.62489699261309539       0.78070681335952941       -7.8752414859195596E-004
  Comptn_2: TXYZ:   1.0000000000031766       U,V,W -0.26423584541211653       0.61307566145895009       0.74452511799750010     
  Comptn_2: TXYZ:   1.0000000000109885       U,V,W -0.60991666756257246       -7.4102580182080047E-002  0.78899332459198490     
  Comptn_2: TXYZ:  0.99999999999562172       U,V,W -0.54497454033460713       0.56509375753219615      -0.61941245998191619     
  *** Umfnst:amsq,np0,np,kpart  -2.1882475778600317E-017           0           1           7
  Comptn_2: TXYZ:  0.99999999999714717       U,V,W -0.30283708292255085       0.82046545073393773       0.48489807728641665     
  Comptn_2: TXYZ:  0.99999999999691491       U,V,W -0.13682288444313428      -0.97250617018417884       0.18844428153509085     
       1200                  8800                  8800             4.7524843E-01         1.0000000E+30            246939       
 NEXT SEEDS: B7AEF7F      3B       0       0       0       0       F    3039       0       0
  Comptn_2: TXYZ:   1.0000000000015206       U,V,W -0.21761874952610327       0.80232999875680000       0.55579551361191193     
  Comptn_2: TXYZ:  0.99999999999859335       U,V,W  0.88543196032073368       0.21680576407850083      -0.41110279043508502     
  Comptn_2: TXYZ:  0.99999999999422207       U,V,W -0.62353829024654317       0.77626921632719359       -9.2769091692247230E-002
  Comptn_2: TXYZ:  0.99999999999848588       U,V,W  0.41632892225870677      -0.70122997573466661       0.57874584198985701     
  Comptn_2: TXYZ:   1.0000000000017322       U,V,W -0.86011690002137442       0.50875539939767833        3.6971095237522178E-002
  Comptn_2: TXYZ:  0.99999999999894529       U,V,W  0.36030130648386915       0.41865561632783965       0.83361288585417093     
  Comptn_2: TXYZ:   1.0000000000040039       U,V,W  0.11515286646084633      -0.92856586040917222      -0.35285302922382300     
       1400                  8600                  8600             4.7642998E-01         1.0000000E+30            288364       
 NEXT SEEDS: FF9A445      3C       0       0       0       0       F    3039       0       0
  Comptn_2: TXYZ:   1.0000000000010230       U,V,W -0.97292323026231387       0.14414664084845796      -0.18067134235698035     
  Comptn_2: TXYZ:   1.0000000000175981       U,V,W  0.65938061165022077      -0.22130903698399607       0.71849809961237554     
  Comptn_2: TXYZ:  0.99999999999885714       U,V,W -0.74996162777772568      -0.41728513896914876       0.51325497528551978     
  *** Umfnst:amsq,np0,np,kpart  -7.3816217753582518E-018           0           1           7
  Comptn_2: TXYZ:   1.0000000000012177       U,V,W -0.12984079229210010      -0.35409628652361391      -0.92615181721376771     
  Comptn_2: TXYZ:   1.0000000000012059       U,V,W -0.16131414635255226      -0.89279952503382942      -0.42057907019622576     
  Comptn_2: TXYZ:  0.99999999999838507       U,V,W  0.17592103611899290       0.91571951606735102       0.36126106480297793     
  Comptn_2: TXYZ:  0.99999999999892442       U,V,W -0.18066969391820109       0.75248493409467443       0.63334420788301315     
  Comptn_2: TXYZ:  0.99999999999895395       U,V,W  0.15370237108616180       0.31598124796547211       0.93623257369930712     
  Comptn_2: TXYZ:  0.99999999999691103       U,V,W  0.96580079648266448      -0.10597604883903688      -0.23663875122817046     
  *** Umfnst:amsq,np0,np,kpart  -7.2454323493792532E-018           0           1           7
  Comptn_2: TXYZ:  0.99999999999541633       U,V,W -0.35353184574029228       0.75622547130591933      -0.55057994023667334     
  Comptn_2: TXYZ:  0.99999999999896372       U,V,W -0.19904482479496721       0.65278050162715573       0.73093007491599593     
       1600                  8400                  8400             4.7460119E-01         1.0000000E+30            330395       
 NEXT SEEDS:11033E82      3D       0       0       0       0       F    3039       0       0
  Comptn_2: TXYZ:   1.0000000000014735       U,V,W  0.43730187215732208       0.38113103126950421      -0.81455890493727878     
  Comptn_2: TXYZ:   1.0000000000027438       U,V,W  0.83730266712903756       0.22681788319729890      -0.49747149816169411     
  Comptn_2: TXYZ:  0.99999999999810729       U,V,W  0.35404442170276695       0.44247994528146695      -0.82393206363326499     
  Comptn_2: TXYZ:   1.0000000000025224       U,V,W  0.82577843433731957      -0.35109393231815034      -0.44138761658581416     
  Comptn_2: TXYZ:   1.0000000000010278       U,V,W  0.30818776092480960       0.94699313994872369       -9.0687909377365372E-002
  Comptn_2: TXYZ:   1.0000000000012155       U,V,W  0.60566459624400792      -0.16610052526661434      -0.77819085857131043     
  Comptn_2: TXYZ:   1.0000000000091867       U,V,W -0.25152068217612111       0.92586255541912266      -0.28198559346111551     
  *** Umfnst:amsq,np0,np,kpart  -7.2872346984172116E-018           0           1           7
  Comptn_2: TXYZ:  0.99999999999870748       U,V,W  0.10600223137181786      -0.26052326813943694       0.95963073820134071     
  Comptn_2: TXYZ:  0.99999999999583222       U,V,W  0.23744937064344640      -0.33440686330092717       0.91202513460655155     
  Comptn_2: TXYZ:   1.0000000000028468       U,V,W  0.98284489010034193       -3.8102412367067018E-003 -0.18439469642105166     
       1800                  8200                  8200             4.7511635E-01         1.0000000E+30            371542       
 NEXT SEEDS:14A83D18      3E       0       0       0       0       F    3039       0       0
  Comptn_2: TXYZ:  0.99999999999741462       U,V,W   5.0835518263596668E-002 -0.99718768437016614       -5.5067887382321601E-002
  *** Umfnst:amsq,np0,np,kpart  -1.4573277631043324E-017           0           1           7
  Comptn_2: TXYZ:   1.0000000000032352       U,V,W  0.92603747469565434      -0.25580405876144852      -0.27752275399271298     
  Comptn_2: TXYZ:   1.0000000000151752       U,V,W -0.66678284606696536      -0.69523546189151375      -0.26841812296211742     
  Comptn_2: TXYZ:   1.0000000000025044       U,V,W -0.68300635574513535      -0.69345189654696782       0.22940528587996312     
  Comptn_2: TXYZ:   1.0000000000025007       U,V,W -0.43018539174737214       0.86045367220797075      -0.27305678294720792     
  *** Umfnst:amsq,np0,np,kpart  -7.5242506118012498E-018           0           1           7
  Comptn_2: TXYZ:  0.99999999999874756       U,V,W -0.28846267504764445       0.95560113104674915       -6.0131218558069577E-002
  Comptn_2: TXYZ:  0.99999999999878053       U,V,W  0.10616754186172983      -0.63847694578780789       0.76228317753397334     
  Comptn_2: TXYZ:  0.99999999999406153       U,V,W   8.4958054146937911E-002  0.24340080272367004       0.96619779458612953     
  Comptn_2: TXYZ:   1.0000000000021640       U,V,W  0.32774559171875239       0.63531038032016918      -0.69925928507852575     
  *** Umfnst:amsq,np0,np,kpart  -7.5504807435597085E-018           0           1           7
  Comptn_2: TXYZ:   1.0000000000012459       U,V,W  0.48812110910358442       0.85667791797833326       0.16685540955282363     
  Comptn_2: TXYZ:   1.0000000000065987       U,V,W  0.98706452510576215       -3.9984353785683879E-002  0.15525744663840158     
  Comptn_2: TXYZ:   1.0000000000020235       U,V,W  -6.3115378327935900E-002  0.64190445384671135      -0.76418264907828171     
  *** Umfnst:amsq,np0,np,kpart  -1.5001011585763742E-017           0           1           7
       2000                  8000                  8000             4.7550465E-01         1.0000000E+30            412387       
 NEXT SEEDS:180E1DBC      3F       0       0       0       0       F    3039       0       0
  Comptn_2: TXYZ:  0.99999999999825118       U,V,W   2.3424550527835208E-002 -0.99722446540767362        7.0672880394106130E-002
  Comptn_2: TXYZ:   1.0000000000045777       U,V,W -0.89479071538296751       0.44620440361296687        1.5849475240884203E-002
  *** Umfnst:amsq,np0,np,kpart  -2.2279380725619029E-017           0           1           7
  Comptn_2: TXYZ:  0.99999999999889888       U,V,W -0.87712867068484712       0.21144755045265384      -0.43120207382282416     
  Comptn_2: TXYZ:   1.0000000000044225       U,V,W -0.98541925224422078       -2.2902686280474427E-002  0.16859526764414667     
  Comptn_2: TXYZ:  0.99999999999890576       U,V,W  0.64681604966455097      -0.75670879154498749       -9.4977906345505403E-002
       2200                  7800                  7800             4.7606857E-01         1.0000000E+30            453950       
 NEXT SEEDS:1BE987CF      40       0       0       0       0       F    3039       0       0
  Comptn_2: TXYZ:   1.0000000000054348       U,V,W  0.20300909796347355       0.76498817994963686      -0.61121223047877038     
  Comptn_2: TXYZ:   1.0000000000204872       U,V,W  0.30261469687144427      -0.40498406867156689      -0.86279328311022141     
  Comptn_2: TXYZ:   1.0000000000013063       U,V,W  0.66621123240418934       0.59115432935651313       0.45464178503834063     
  Comptn_2: TXYZ:   1.0000000000246700       U,V,W   2.0823589512332319E-002 -0.36306817091124799      -0.93152986072141175     
  *** Umfnst:amsq,np0,np,kpart  -1.4984613602041958E-017           0           1           7
  Comptn_2: TXYZ:   1.0000000000017295       U,V,W  0.34934592795710273      -0.13831759267736032      -0.92672847489297538     
  Comptn_2: TXYZ:   1.0000000000035076       U,V,W  0.59605068917498727       0.73739139168023371       0.31776958855972737     
  Comptn_2: TXYZ:  0.99999999999899802       U,V,W  0.45771837386808656      -0.68555398955935165      -0.56613568834848138     
       2400                  7600                  7600             4.7738114E-01         1.0000000E+30            494095       
 NEXT SEEDS:21123801      41       0       0       0       0       F    3039       0       0
  Comptn_2: TXYZ:  0.99999999999814337       U,V,W  0.78513261816264723      -0.23527426949995345       0.57289858614459277     
  *** Eveneu: no downsc. group selected, cusngl, rsngl, igpr ***  0.999999881       1.00000000             151
  Comptn_2: TXYZ:  0.99999999998919464       U,V,W  0.61874862411289655        2.0767367975984996E-002  0.78531449532970043     
  Comptn_2: TXYZ:   1.0000000000018296       U,V,W  0.20717018627138373      -0.86609390469987702      -0.45493061247164945     
  Comptn_2: TXYZ:   1.0000000000032609       U,V,W  0.52096014429035620      -0.80804163521234784      -0.27508043156063877     
  Comptn_2: TXYZ:  0.99999999999866307       U,V,W   1.5492627333117071E-002   4.2141419054892992E-002 -0.99899153114379313     
  Comptn_2: TXYZ:   1.0000000000036378       U,V,W  0.44944786393517688       0.86664041244619838       0.21663566909174392     
  Comptn_2: TXYZ:   1.0000000000023923       U,V,W -0.26019918377696172       0.69508189980488666      -0.67019216447808816     
  Comptn_2: TXYZ:  0.99999999999888967       U,V,W  0.30645057535277687      -0.91485008564820447       0.26293985178043044     
  Comptn_2: TXYZ:   1.0000000000017841       U,V,W  0.89905020285014814       0.25980039570654867       0.35243791956543546     
       2600                  7400                  7400             4.7773039E-01         1.0000000E+30            535014       
 NEXT SEEDS:24EE1682      42       0       0       0       0       F    3039       0       0
  Comptn_2: TXYZ:  0.99999999999842137       U,V,W -0.25825151002469227       0.90706092874103916       0.33248553219626142     
  Comptn_2: TXYZ:  0.99999999999567901       U,V,W -0.58925199726323285       0.80328346847894494       -8.6704976704950809E-002
  Comptn_2: TXYZ:  0.99999999999299582       U,V,W  0.87061897500697683      -0.21328163688481538      -0.44332103911108334     
  Comptn_2: TXYZ:  0.99999999999421352       U,V,W -0.98710257339782004      -0.11924853057337259       0.10680963225152595     
  Comptn_2: TXYZ:  0.99999999999675793       U,V,W -0.34248189108453175      -0.78760667394627859      -0.51223225340776946     
  Comptn_2: TXYZ:  0.99999999999821987       U,V,W -0.80038734829403069       0.23754705012025568      -0.55041029393374785     
  Comptn_2: TXYZ:  0.99999999999891875       U,V,W -0.96922877960127263       0.24234747221447650       -4.3165675053217001E-002
       2800                  7200                  7200             4.7804836E-01         1.0000000E+30            574769       
 NEXT SEEDS:288CB4F3      43       0       0       0       0       F    3039       0       0
  Comptn_2: TXYZ:   1.0000000000022944       U,V,W -0.30174044296093427       -2.6880672841961939E-002 -0.95301108834661363     
  Comptn_2: TXYZ:  0.99999999999879130       U,V,W  0.13635265611317493       0.17236948188214285       0.97554944256319231     
  Comptn_2: TXYZ:   1.0000000000089704       U,V,W -0.21765312086654376      -0.56145646330828924      -0.79836943753839407     
  Comptn_2: TXYZ:  0.99999999999850275       U,V,W -0.54073792860911496       0.58012686643977673       0.60914309599370142     
  Comptn_2: TXYZ:   1.0000000000018869       U,V,W -0.40551978635110686      -0.22220510684941175       0.88666712658679359     
  Comptn_2: TXYZ:  0.99999999999328903       U,V,W -0.40734214802262159      -0.61120015119937676      -0.67860647625222725     
  Comptn_2: TXYZ:  0.99999999999438194       U,V,W -0.28889446755170667      -0.46558286936429738       0.83652410507223607     
  Comptn_2: TXYZ:  0.99999999999009170       U,V,W  0.72423535821496188       0.31944850689185955      -0.61109393496082021     
  Comptn_2: TXYZ:  0.99999999999456801       U,V,W  0.32521737786890981       0.61482999873578525       0.71848293631873617     
  Comptn_2: TXYZ:   1.0000000000011575       U,V,W  0.26185114913927521       0.59312256224327520       0.76134066084346941     
  *** Eveneu: no downsc. group selected, cusngl, rsngl, igpr ***  0.999999642      0.999999762             122
       3000                  7000                  7000             4.7813729E-01         1.0000000E+30            616928       
 NEXT SEEDS:2C4DBEE6      44       0       0       0       0       F    3039       0       0
  Comptn_2: TXYZ:  0.99999999999808520       U,V,W  0.57086692343164458      -0.80376847395515938      -0.16753267145714723     
  Comptn_2: TXYZ:  0.99999999999832179       U,V,W -0.27894379610559028      -0.84904936276078047       0.44867085731974754     
  Comptn_2: TXYZ:   1.0000000000011426       U,V,W -0.89429325413081118      -0.14782133670302500      -0.42236054270326662     
  Comptn_2: TXYZ:   1.0000000000011826       U,V,W  -1.9627230358821635E-002  0.94366003060510550       0.33033394991734610     
  *** Umfnst:amsq,np0,np,kpart  -7.4486020396898212E-018           0           1           7
  Comptn_2: TXYZ:   1.0000000000110343       U,V,W   8.6877104215233203E-002 -0.95757014477164160       0.27479408038789188     
  Comptn_2: TXYZ:  0.99999999999852673       U,V,W  0.84827325810800858       0.31977623250914178       0.42210856506307692     
  Comptn_2: TXYZ:  0.99999999998930256       U,V,W -0.97199120892242519        5.1379498673981061E-002  0.22933215405353735     
  Comptn_2: TXYZ:   1.0000000000012541       U,V,W   7.1560861325785652E-002  0.91134527222323780       0.40537493499711896     
  *** Eveneu: no downsc. group selected, cusngl, rsngl, igpr ***  0.999999821       1.00000000             142
  Comptn_2: TXYZ:  0.99999999999830280       U,V,W  0.98219231813716590        1.0539833756610051E-002 -0.18758241414116128     
  *** Umfnst:amsq,np0,np,kpart  -7.4337183460292027E-018           0           1           7
       3200                  6800                  6800             4.7742550E-01         1.0000000E+30            657312       
 NEXT SEEDS:2DB9417F      45       0       0       0       0       F    3039       0       0
  Comptn_2: TXYZ:  0.99999999998188716       U,V,W  0.51161477451343274       0.34329581593095781       0.78765367087683558     
  Comptn_2: TXYZ:  0.99999999999756817       U,V,W -0.34253974660162356       0.82419732700386561      -0.45096040641651314     
  Comptn_2: TXYZ:   1.0000000001711820       U,V,W  0.76549035211894534       0.26102631408093657      -0.58812395321166377     
  Comptn_2: TXYZ:   1.0000000000011289       U,V,W -0.67917840775808536       0.34382424153455560      -0.64846093280128159     
  Comptn_2: TXYZ:  0.99999999998347067       U,V,W -0.55965524420466295       0.65226630960252763       0.51120902669572388     
       3400                  6600                  6600             4.7794265E-01         1.0000000E+30            697032       
 NEXT SEEDS:319C299C      46       0       0       0       0       F    3039       0       0
  Comptn_2: TXYZ:   1.0000000000015790       U,V,W -0.59571013783561000       0.52235462472914662      -0.61014348943959895     
  Comptn_2: TXYZ:  0.99999999999892364       U,V,W -0.55399525789440673       0.77293069394007397       0.30930146555544979     
  Comptn_2: TXYZ:  0.99999999999844480       U,V,W -0.49107109670826787      -0.87070305723956665        2.6932584165944462E-002
  Comptn_2: TXYZ:   1.0000000000081679       U,V,W   3.6325950025158704E-002  0.65745614089166793      -0.75261666747871914     
  *** Umfnst:amsq,np0,np,kpart  -7.2824740966235802E-018           0           1           7
  Comptn_2: TXYZ:  0.99999999999452793       U,V,W   2.6624552325607453E-002 -0.40090232678093685       0.91573383556010413     
       3600                  6400                  6400             4.7758674E-01         1.0000000E+30            738135       
 NEXT SEEDS:33C9EEA0      47       0       0       0       0       F    3039       0       0
  *** Umfnst:amsq,np0,np,kpart  -2.1806401873546824E-017           0           1           7
  Comptn_2: TXYZ:   1.0000000000028839       U,V,W  0.98199428941549805       0.16227975670814487        9.6708304302062231E-002
  Comptn_2: TXYZ:  0.99999999999899003       U,V,W  0.50367373751664246      -0.84393708715081317       0.18461570644559799     
  Comptn_2: TXYZ:   1.0000000004512428       U,V,W  0.63472787166188027      -0.15062077287075226       0.75791418522589993     
  Comptn_2: TXYZ:   1.0000000000109019       U,V,W  0.80045541769044348      -0.24850413463826726      -0.54545102380379262     
  Comptn_2: TXYZ:   1.0000000001105165       U,V,W  0.37975798826539631      -0.62110206398580203       0.68557719957107111     
       3800                  6200                  6200             4.7752166E-01         1.0000000E+30            779460       
 NEXT SEEDS:36BCD000      48       0       0       0       0       F    3039       0       0
  Comptn_2: TXYZ:   1.0000000000065934       U,V,W  0.47680388080385683        1.3120565025552366E-002  0.87891177602213588     
  Comptn_2: TXYZ:   1.0000000000020688       U,V,W  0.96525116511591591       0.19255609053581679      -0.17667014530474034     
  Comptn_2: TXYZ:   1.0000000000011058       U,V,W -0.93572760301698921       0.34521991810859731       -7.2367541717810013E-002
  Comptn_2: TXYZ:  0.99999999999870137       U,V,W  -9.4906174518712305E-002  0.25634201183817140       0.96191558413599054     
  Comptn_2: TXYZ:   1.0000000000170359       U,V,W  0.94511977110907708       -7.5048943292353343E-002 -0.31798785257689133     
  Comptn_2: TXYZ:   1.0000000000010698       U,V,W -0.26319802894066413      -0.70243415412652155      -0.66129649679956515     
  Comptn_2: TXYZ:   1.0000000000040257       U,V,W -0.21548239962606885      -0.41162196715991972       0.88551380091267617     
  Comptn_2: TXYZ:  0.99999999999721245       U,V,W -0.94666732238032125       0.13036194872466211       0.29466377968660140     
       4000                  6000                  6000             4.7704456E-01         1.0000000E+30            820420       
 NEXT SEEDS:389FD41E      49       0       0       0       0       F    3039       0       0
  Comptn_2: TXYZ:  0.99999999999888756       U,V,W  0.22928073766015444       0.52889757861679243       0.81712771013483376     
  Comptn_2: TXYZ:  0.99999999999298939       U,V,W  0.97086481081720066      -0.22915428960723716        7.0070183847860790E-002
  Comptn_2: TXYZ:  0.99999999999891465       U,V,W -0.82498332464102475      -0.52526593889590600       0.20856223890953629     
  Comptn_2: TXYZ:   1.0000000000029192       U,V,W  0.40450846640266036      -0.66578284170431346      -0.62698174479295332     
  Comptn_2: TXYZ:   1.0000000000029521       U,V,W  0.82596388299375967       -9.9820819366556179E-002  0.55481480515016202     
       4200                  5800                  5800             4.7683298E-01         1.0000000E+30            862815       
 NEXT SEEDS:3B44EF28      4A       0       0       0       0       F    3039       0       0
  Comptn_2: TXYZ:  0.99999999999784439       U,V,W -0.26025747103437880      -0.82751331503850700       0.49748141895211972     
  Comptn_2: TXYZ:   1.0000000000014178       U,V,W  0.43476543916689536        7.1404204798923843E-002  0.89770844512261760     
  Comptn_2: TXYZ:  0.99999999998060773       U,V,W  0.59954152927619475      -0.61266922259446233       0.51496250187685177     
  *** Umfnst:amsq,np0,np,kpart  -7.4188130086768698E-018           0           1           7
  Comptn_2: TXYZ:  0.99999999998888645       U,V,W -0.19880515612363858       0.31848612806558663      -0.92684577795733247     
  Comptn_2: TXYZ:  0.99999999999887734       U,V,W  0.55026108877374469       0.71865766801342268      -0.42513984803346716     
  Comptn_2: TXYZ:   1.0000000000015441       U,V,W -0.78545786287259034      -0.30849299444431466       0.53655197141744537     
  Comptn_2: TXYZ:  0.99999999999839839       U,V,W   2.3476797488150680E-002 -0.41909465894671172      -0.90763897383289915     
  Comptn_2: TXYZ:  0.99999999999857292       U,V,W -0.64628099405513240      -0.31526873054861682      -0.69492913614263330     
  Comptn_2: TXYZ:  0.99999999999872136       U,V,W -0.96483982354963516       0.22642540873012251      -0.13347527551133709     
       4400                  5600                  5600             4.7702926E-01         1.0000000E+30            904317       
 NEXT SEEDS: 39E1B47      4C       0       0       0       0       F    3039       0       0
  Comptn_2: TXYZ:   1.0000000000021645       U,V,W  0.47618485920730791       0.25227142459045082      -0.84238180666428519     
  Comptn_2: TXYZ:   1.0000000000011038       U,V,W  0.89159960391401327      -0.28844180860980373       0.34907229816670338     
  *** Umfnst:amsq,np0,np,kpart  -1.4661328379307988E-017           0           1           7
  Comptn_2: TXYZ:  0.99999999999600742       U,V,W -0.13336914280085921      -0.80039396586187905      -0.58445031538742853     
  Comptn_2: TXYZ:   1.0000000000013947       U,V,W  0.32324610643532381       0.36056057499661875      -0.87493315540897498     
       4600                  5400                  5400             4.7673908E-01         1.0000000E+30            945179       
 NEXT SEEDS: 5FC6500      4D       0       0       0       0       F    3039       0       0
  Comptn_2: TXYZ:   1.0000000000036262       U,V,W -0.13207473276297321       0.91531238927350933      -0.38047272571320434     
  Comptn_2: TXYZ:   1.0000000000011506       U,V,W  -8.0528575539787539E-002  0.98857059863526198      -0.12744928417454204     
  Comptn_2: TXYZ:   1.0000000000010567       U,V,W  0.97357868392048141       0.21899098611164902       -6.4710850856464219E-002
  Comptn_2: TXYZ:  0.99999999999810274       U,V,W -0.50009352962574383       0.12106090873581365      -0.85746761921405934     
  Comptn_2: TXYZ:   1.0000000000067704       U,V,W  -5.4719971398384359E-002  0.98939136409348549       0.13457508459652701     
  *** Umfnst:amsq,np0,np,kpart  -7.4677938197029523E-018           0           1           7
  Comptn_2: TXYZ:  0.99999999999895528       U,V,W  0.56286788060110382      -0.82552232847181628        4.1141635614636130E-002
  Comptn_2: TXYZ:  0.99999999999824363       U,V,W  -8.0818113371890377E-002 -0.78236804347861266      -0.61755054618443950     
  Comptn_2: TXYZ:  0.99999999999627542       U,V,W  0.14324525993128390      -0.93353818223474505       0.32861414731161886     
  Comptn_2: TXYZ:  0.99999999999576206       U,V,W  0.77439310222588631      -0.11861277781159885      -0.62148719388298446     
  Comptn_2: TXYZ:  0.99999999999825284       U,V,W  0.67389073618815587       -9.5285621824936495E-004 -0.73883040526433774     
  *** Umfnst:amsq,np0,np,kpart  -7.2478410406984304E-018           0           1           7
  Comptn_2: TXYZ:  0.99999999999785139       U,V,W  0.17605027543998197      -0.96384973252523665      -0.19999998406596831     
       4800                  5200                  5200             4.7678518E-01         1.0000000E+30            985579       
 NEXT SEEDS: 93CC9F4      4E       0       0       0       0       F    3039       0       0
  Comptn_2: TXYZ:  0.99999999999642597       U,V,W  0.80761109725843916       0.32321584796048342      -0.49325027238576524     
  Comptn_2: TXYZ:   1.0000000000038936       U,V,W -0.29229453094262681      -0.94946144879029148       0.11439783409647220     
  Comptn_2: TXYZ:  0.99999999999158695       U,V,W -0.43176405963721320      -0.90152098525090718        2.8977749212344861E-002
  Comptn_2: TXYZ:   1.0000000000013753       U,V,W   9.8868514977937139E-002   9.7587995169163833E-002 -0.99030379174589456     
       5000                  5000                  5000             4.7670215E-01         1.0000000E+30           1027212       
 NEXT SEEDS: C179B5B      4F       0       0       0       0       F    3039       0       0
  Comptn_2: TXYZ:  0.99999999999627809       U,V,W -0.65668139610832554      -0.31020542108245763      -0.68741700643245185     
  Comptn_2: TXYZ:  0.99999999999732769       U,V,W  0.43933749931715882       -4.9282539137209369E-002 -0.89696922635465182     
  *** Umfnst:amsq,np0,np,kpart  -7.2940582296713837E-018           0           1           7
  Comptn_2: TXYZ:  0.99999999999873179       U,V,W -0.59086595202906977       -5.2332493421616277E-002  0.80507064091531078     
  Comptn_2: TXYZ:  0.99999999999636380       U,V,W  0.63700588905521727       0.31262349561855984      -0.70462049877403388     
  Comptn_2: TXYZ:   1.0000000000046831       U,V,W  -9.1605544782140669E-003  0.99808921491312041       -6.1106491639151272E-002
  Comptn_2: TXYZ:   1.0000000000228477       U,V,W  0.95619514797662930       0.10661227645502436       0.27262549682279769     
  *** Umfnst:amsq,np0,np,kpart  -3.7248050027907182E-017           0           1           7
  Comptn_2: TXYZ:  0.99999999999856848       U,V,W  0.12184112089519061       0.71439104771268025       0.68905745203542423     
  Comptn_2: TXYZ:  0.99999999999729572       U,V,W  0.19177032323914034       0.23172383609614400      -0.95369188258417026     
       5200                  4800                  4800             4.7690496E-01         1.0000000E+30           1068901       
 NEXT SEEDS:103594EF      50       0       0       0       0       F    3039       0       0
  Comptn_2: TXYZ:  0.99999999998833333       U,V,W  0.54884594157249111      -0.63992876438410917      -0.53782832662622582     
  Comptn_2: TXYZ:  0.99999999999850853       U,V,W  -8.9174694298044699E-002  0.88627008676932562       0.45450325322625673     
  Comptn_2: TXYZ:  0.99999999999851530       U,V,W -0.90817100928756034      -0.31015352239383986      -0.28112312326598676     
  Comptn_2: TXYZ:   1.0000000000021385       U,V,W  0.47616484642903956       0.22976363688516699       0.84880840605677843     
  *** Umfnst:amsq,np0,np,kpart  -7.3131597263093835E-018           0           1           7
  Comptn_2: TXYZ:  0.99999999999123690       U,V,W -0.31377145038973708       0.22699233929060370       0.92196635232254387     
  Comptn_2: TXYZ:  0.99999999999667510       U,V,W  0.27452856217994537      -0.22285159742392580      -0.93539897053059207     
  Comptn_2: TXYZ:   1.0000000000010700       U,V,W -0.28761235573397670      -0.30518500369204560       0.90782225482288581     
  Comptn_2: TXYZ:  0.99999999999761346       U,V,W -0.47201965501447773       0.14794901779716696      -0.86908488274188755     
       5400                  4600                  4600             4.7673738E-01         1.0000000E+30           1110273       
 NEXT SEEDS:12BC03BC      51       0       0       0       0       F    3039       0       0
  Comptn_2: TXYZ:   1.0000000000125833       U,V,W -0.13803232565919643      -0.94057240844595924      -0.31027507401637067     
  Comptn_2: TXYZ:  0.99999999999773381       U,V,W  0.28604460921296138       0.56513815789350730       0.77381996874639469     
  Comptn_2: TXYZ:   1.0000000000023528       U,V,W  -8.6942915957195055E-002  0.84006863673280208       0.53546766003663038     
  Comptn_2: TXYZ:  0.99999999999671507       U,V,W -0.12709637256577722      -0.76069493674929589       0.63654514787351957     
  Comptn_2: TXYZ:  0.99999999999897093       U,V,W -0.96654960881585694        9.1694669231207726E-002 -0.23952858145003120     
  Comptn_2: TXYZ:  0.99999999999849498       U,V,W -0.12394079944860437      -0.83019708745762344      -0.54351768527566335     
  *** Umfnst:amsq,np0,np,kpart  -7.4024135093336901E-018           0           1           7
  Comptn_2: TXYZ:   1.0000000000593816       U,V,W -0.81199545496312453       0.57652614969663318       -9.0999889530621658E-002
  Comptn_2: TXYZ:   1.0000000000018867       U,V,W -0.22781063500859489       0.67611674062967353       0.70069142111144345     
       5600                  4400                  4400             4.7717386E-01         1.0000000E+30           1150569       
 NEXT SEEDS:172E0059      52       0       0       0       0       F    3039       0       0
  Comptn_2: TXYZ:   1.0000000000493774       U,V,W  0.99416031477361777       -1.3792511221936365E-002  0.10702819821332810     
  Comptn_2: TXYZ:  0.99999999999867639       U,V,W -0.25999898069554206       0.81472958202623491       0.51828200644756350     
  Comptn_2: TXYZ:   1.0000000000014995       U,V,W -0.96587288346860056       0.11412019643817928       0.23252129740404825     
  Comptn_2: TXYZ:   1.0000000000038540       U,V,W  0.40333344120827519       0.47462491998365763       0.78233836703657289     
  Comptn_2: TXYZ:  0.99999999997990474       U,V,W   8.3292666467656318E-002  0.88243846140143489      -0.46299534936333941     
  Comptn_2: TXYZ:  0.99999999999802447       U,V,W -0.24485652639795319        1.2330992121860618E-003 -0.96955853920466595     
  Comptn_2: TXYZ:   1.0000000000016385       U,V,W -0.98043905594800229      -0.17104166757878403       -9.7385858959590621E-002
  Comptn_2: TXYZ:   1.0000000000011822       U,V,W -0.87949906257294463       0.25506757981238337       0.40177347929293106     
  Comptn_2: TXYZ:   1.0000000000019407       U,V,W  0.34471933899132523      -0.91055151842373760      -0.22817648788503675     
       5800                  4200                  4200             4.7730903E-01         1.0000000E+30           1191818       
 NEXT SEEDS:1AB6768A      53       0       0       0       0       F    3039       0       0
  Comptn_2: TXYZ:  0.99999999999843059       U,V,W -0.50002240166837453      -0.11036800121705426      -0.85895081473596235     
  Comptn_2: TXYZ:  0.99999999998881217       U,V,W -0.55230012448869559      -0.28139154581316461       0.78471865685955322     
  Comptn_2: TXYZ:  0.99999999999868150       U,V,W  0.16000152169277726       0.67358055217751556      -0.72158766119087048     
  Comptn_2: TXYZ:  0.99999999999834599       U,V,W -0.39362693134566484       -9.5680428328648759E-002 -0.91427736193815257     
  Comptn_2: TXYZ:   1.0000000000017095       U,V,W  0.93948284458405951       0.27741727128456262      -0.20102647170703847     
  Comptn_2: TXYZ:   1.0000000000018090       U,V,W  -7.1858083911635617E-002  0.89560322774275647       0.43901170170635950     
       6000                  4000                  4000             4.7738725E-01         1.0000000E+30           1232797       
 NEXT SEEDS:1E426EBD      54       0       0       0       0       F    3039       0       0
  Comptn_2: TXYZ:  0.99999999896347536       U,V,W  -8.4188640699721873E-002 -0.50654367302149694       0.85809427166395835     
  Comptn_p: TXYZ,IPARAL:  -1.0892398094597411E-012           1
  Comptn_2: TXYZ:   1.0000000000010507       U,V,W -0.58442679279780307       0.62644580690390939      -0.51576251790299210     
  Comptn_2: TXYZ:  0.99999999999714051       U,V,W -0.90088901337126970       0.14602940017392996       0.40874735457116174     
  Comptn_2: TXYZ:   1.0000000000024802       U,V,W  0.85009028827750655       0.15000179197394914      -0.50482270569314736     
  Comptn_2: TXYZ:  0.99999999999422984       U,V,W  0.45157259748140888      -0.80780309758847579       0.37886190719652291     
       6200                  3800                  3800             4.7705555E-01         1.0000000E+30           1274239       
 NEXT SEEDS:1FE9ADA6      55       0       0       0       0       F    3039       0       0
  Comptn_2: TXYZ:  0.99999999999892497       U,V,W  -9.4113991464378932E-002   1.0660760837524208E-003 -0.99556085705061315     
  Comptn_2: TXYZ:   1.0000000000016995       U,V,W -0.14741537288510642       0.40287922082234845      -0.90330340488034366     
  *** Umfnst:amsq,np0,np,kpart  -7.2877655659024628E-018           0           1           7
  Comptn_2: TXYZ:   1.0000000000012677       U,V,W  0.94286960956524757       -4.5237762238720336E-002  0.33007642179831365     
  *** Umfnst:amsq,np0,np,kpart  -7.4756517918957658E-018           0           1           7
  Comptn_2: TXYZ:  0.99999999999894462       U,V,W  0.48385489820198302       0.77074183030080690      -0.41453765632262574     
       6400                  3600                  3600             4.7722782E-01         1.0000000E+30           1314669       
 NEXT SEEDS:2390D9AF      56       0       0       0       0       F    3039       0       0
  Comptn_2: TXYZ:  0.99999999999822675       U,V,W -0.86258321099654722      -0.33423581866538399      -0.37978496761482461     
  Comptn_2: TXYZ:  0.99999999999003186       U,V,W -0.76256720913144704       0.42332446422642533      -0.48917036861907093     
  Comptn_2: TXYZ:   1.0000000000015379       U,V,W  0.75623049124764119      -0.13575337575275626       0.64006754727967596     
  Comptn_2: TXYZ:   1.0000000000016904       U,V,W -0.43241138409312185      -0.90165122188505720       -6.7430691487224692E-003
  Comptn_2: TXYZ:   1.0000000000049645       U,V,W  0.45033971004095008       0.41251638042821631       0.79184871120915545     
  Comptn_2: TXYZ:   1.0000000000013245       U,V,W  0.90176989133931329      -0.17809223358134574      -0.39382003429639667     
       6600                  3400                  3400             4.7745706E-01         1.0000000E+30           1354832       
 NEXT SEEDS:274F0742      57       0       0       0       0       F    3039       0       0
  *** Umfnst:amsq,np0,np,kpart  -7.4894267350190060E-018           0           1           7
  Comptn_2: TXYZ:   1.0000000000026517       U,V,W -0.27856421374899298       0.87723170952092389      -0.39098146584212223     
  Comptn_2: TXYZ:  0.99999999999618350       U,V,W -0.26311083714553263       0.79276456338454793       0.54981545487051164     
  Comptn_2: TXYZ:   1.0000000000194669       U,V,W  0.16847107727289767      -0.98535639996105573        2.6272822417169550E-002
  Comptn_2: TXYZ:   1.0000000000013711       U,V,W  0.33477168921305633       0.43002140475092432       0.83845662234778118     
  Comptn_2: TXYZ:  0.99999999999822253       U,V,W -0.27074565701859399       0.74794424891916833       0.60603315892163323     
  Comptn_2: TXYZ:  0.99999999999704636       U,V,W -0.14614400140434203      -0.13878656865462347      -0.97947956548957649     
  Comptn_2: TXYZ:   1.0000000000013314       U,V,W -0.98987994645920541      -0.11509602942150110        8.3009611555873164E-002
  *** Umfnst:amsq,np0,np,kpart  -1.4746978232649285E-017           0           1           7
  Comptn_2: TXYZ:   1.0000000000011138       U,V,W -0.31705063252936583       0.83601734108866310       0.44783244836979463     
  *** Umfnst:amsq,np0,np,kpart  -7.5239312352480494E-018           0           1           7
  Comptn_2: TXYZ:   1.0000000000015272       U,V,W  0.12852723016434453      -0.54480931250101161       0.82865165426733078     
       6800                  3200                  3200             4.7739254E-01         1.0000000E+30           1395964       
 NEXT SEEDS:29F030F7      58       0       0       0       0       F    3039       0       0
  Comptn_2: TXYZ:  0.99999999999673572       U,V,W   2.5162111819938104E-002 -0.67049958450749703      -0.74148309171603533     
  Comptn_2: TXYZ:  0.99999999999827982       U,V,W  0.43470962760683562      -0.59852830496772924      -0.67289776921658984     
  Comptn_2: TXYZ:  0.99999999999853251       U,V,W -0.67359673116385643      -0.60936110744644623       0.41826604511427945     
  Comptn_2: TXYZ:   1.0000000000087317       U,V,W -0.31481129396846441      -0.70872657039890896       0.63134815879135431     
  Comptn_2: TXYZ:  0.99999999999890288       U,V,W -0.47590896986731224      -0.19262156015773968      -0.85814193870311151     
  Comptn_2: TXYZ:  0.99999999992413668       U,V,W -0.83331799999351119       0.22220148934491135       0.50616954565032302     
  *** Umfnst:amsq,np0,np,kpart  -7.4317738871641846E-018           0           1           7
  Comptn_2: TXYZ:  0.99999999999774403       U,V,W  0.29921381209062758      -0.86062019597034167       0.41207277626641314     
  Comptn_2: TXYZ:  0.99999999999891642       U,V,W -0.21451205463522882      -0.80641386281403404       0.55107282665400703     
  *** Umfnst:amsq,np0,np,kpart  -2.2138892626398289E-017           0           1           7
       7000                  3000                  3000             4.7754447E-01         1.0000000E+30           1438072       
 NEXT SEEDS:2D9EA882      59       0       0       0       0       F    3039       0       0
  Comptn_2: TXYZ:   1.0000000000016567       U,V,W  0.13702930985742512      -0.54381802170892257      -0.82794017145337762     
  Comptn_2: TXYZ:  0.99999999999873168       U,V,W  0.82996410565250045       -2.0797944929295653E-002  0.55742894508080099     
  Comptn_2: TXYZ:  0.99999999999859623       U,V,W  0.96557289288598458       0.11294368853667436       0.23433461490381191     
  Comptn_2: TXYZ:  0.99999999998749922       U,V,W  0.93705188822076479      -0.19802213943188463       0.28761257111645477     
  Comptn_2: TXYZ:   1.0000000000022204       U,V,W  0.65864837623720263       0.51181640904734849       0.55156711279063231     
  Comptn_2: TXYZ:   1.0000000000075961       U,V,W  0.92912147072274109       0.36957289743980937        1.2213358569653110E-002
       7200                  2800                  2800             4.7748532E-01         1.0000000E+30           1479787       
 NEXT SEEDS:305585AA      5A       0       0       0       0       F    3039       0       0
  *** Umfnst:amsq,np0,np,kpart  -7.2454718351071894E-018           0           1           7
  *** Umfnst:amsq,np0,np,kpart  -2.2270356566736229E-017           0           1           7
  Comptn_2: TXYZ:   1.0000000000016152       U,V,W -0.75576956302224119       0.39198023597483722      -0.52456063731078473     
  Comptn_2: TXYZ:   1.0000000000023719       U,V,W  0.92672361605257336      -0.31574647436235992       0.20368481381918002     
  Comptn_2: TXYZ:   1.0000000000093738       U,V,W  0.66247647282065714       0.73366185161611952      -0.15121246791082399     
  Comptn_2: TXYZ:  0.99999999999849298       U,V,W -0.86322799202263134        3.0930280678092004E-002  0.50386580706001816     
  Comptn_2: TXYZ:   1.0000000000020326       U,V,W  0.80897441010704085       0.57653404307900757      -0.11475583194317807     
  *** Umfnst:amsq,np0,np,kpart  -1.4672855020183983E-017           0           1           7
       7400                  2600                  2600             4.7794391E-01         1.0000000E+30           1520290       
 NEXT SEEDS:357A2278      5B       0       0       0       0       F    3039       0       0
  Comptn_2: TXYZ:  0.99999999999885203       U,V,W -0.79721120245363508       0.41869370218041624       0.43491364940150845     
  Comptn_2: TXYZ:   1.0000000000013030       U,V,W -0.51335573613683039      -0.81923003128341776       0.25559351325901503     
  *** Umfnst:amsq,np0,np,kpart  -7.3396388944759765E-018           0           1           7
  Comptn_2: TXYZ:  0.99999999999674094       U,V,W  0.63843063904720765      -0.27515803277515793       0.71881456309803582     
  Comptn_2: TXYZ:   1.0000000000011122       U,V,W  0.80142434075894364       0.57582720925128683       0.16168503680328428     
  Comptn_2: TXYZ:  0.99999999999055023       U,V,W  0.11426350789776052      -0.94277802557411028       0.31323065821855778     
  Comptn_2: TXYZ:   1.0000000000010811       U,V,W  0.97580169256264426       0.15125571960437156       0.15790112121173649     
  Comptn_2: TXYZ:  0.99999999998888911       U,V,W  0.28806862511886777      -0.55698478769041060       0.77896367918695830     
       7600                  2400                  2400             4.7831081E-01         1.0000000E+30           1561269       
 NEXT SEEDS:3B047426      5C       0       0       0       0       F    3039       0       0
  Comptn_2: TXYZ:  0.99999999999763300       U,V,W -0.30040516725236444      -0.61445687240081526       0.72952003909770724     
  Comptn_2: TXYZ:   1.0000000000013141       U,V,W -0.31080467847662163       0.71373785567881498      -0.62767724605036079     
  Comptn_2: TXYZ:  0.99999999999855682       U,V,W  0.89354340611767213       0.30511529327752385       0.32937036780857554     
  Comptn_2: TXYZ:   1.0000000000048717       U,V,W  0.87453427796060268       0.44587240098771375      -0.19075533731523819     
  Comptn_2: TXYZ:   1.0000000000054281       U,V,W  0.16026415875393241      -0.69291649155081814      -0.70298089245812889     
  Comptn_2: TXYZ:  0.99999999999844968       U,V,W -0.99448702101092312        2.6122968540420288E-002  0.10155370773096184     
  *** Umfnst:amsq,np0,np,kpart  -7.3020730832589406E-018           0           1           7
       7800                  2200                  2200             4.7829978E-01         1.0000000E+30           1602141       
 NEXT SEEDS: 2C506BE      5E       0       0       0       0       F    3039       0       0
  Comptn_2: TXYZ:   1.0000000000038114       U,V,W  0.62363140175733633        1.8623680430607692E-002 -0.78149666235577087     
  *** Umfnst:amsq,np0,np,kpart  -1.4861990789081702E-017           0           1           7
  Comptn_2: TXYZ:   1.0000000000011311       U,V,W -0.65701901725766731      -0.17107074783483256      -0.73420760701461774     
  Comptn_2: TXYZ:   1.0000000000012343       U,V,W   9.7816297800342511E-002 -0.93317086837874541       0.34586717435328751     
  Comptn_2: TXYZ:  0.99999999999830447       U,V,W -0.45478137995496581       0.75773643805366220       0.46798438744290394     
  Comptn_2: TXYZ:   1.0000000000020308       U,V,W -0.39069997433301751      -0.89848377853587635      -0.20020097343945320     
  *** Umfnst:amsq,np0,np,kpart  -2.1795468197568021E-017           0           1           7
  Comptn_2: TXYZ:   1.0000000000011058       U,V,W  0.66172123479542222       0.66167681090151120      -0.35257453869661859     
  *** Umfnst:amsq,np0,np,kpart  -6.7039176181276598E-018           0           1           7
  Comptn_2: TXYZ:  0.99999999999530687       U,V,W  -7.9678612844247709E-002  0.86446071732828167       0.49634563244456587     
  Comptn_2: TXYZ:   1.0000000000016427       U,V,W  0.74392230275207538      -0.51769182724019203      -0.42258109219226014     
       8000                  2000                  2000             4.7817337E-01         1.0000000E+30           1644701       
 NEXT SEEDS: 5E7EE63      5F       0       0       0       0       F    3039       0       0
  Comptn_2: TXYZ:   1.0000000000024798       U,V,W -0.26246213627994308      -0.59811289298144743       0.75721502512246275     
  Comptn_2: TXYZ:   1.0000000000010036       U,V,W  0.77152785261347612       0.60344328128348934       0.20149684592185935     
  Comptn_2: TXYZ:   1.0000000000018483       U,V,W -0.96760820604843900       0.11816339897375627      -0.22309587789230667     
  Comptn_2: TXYZ:  0.99999999999807443       U,V,W  -9.5193669133522008E-002  0.81922807634620898      -0.56551173664307086     
  Comptn_2: TXYZ:  0.99999999999897327       U,V,W -0.91621495721036794      -0.10727740006419140      -0.38605920740016586     
  Comptn_2: TXYZ:  0.99999999999878342       U,V,W  0.95361264474895080        7.8741013635195145E-003  0.30093341838588117     
  Comptn_2: TXYZ:  0.99999999999841738       U,V,W -0.27303313727122003      -0.20853083070653611      -0.93913140645763438     
  Comptn_2: TXYZ:  0.99999999999887990       U,V,W   4.2495997686842202E-002 -0.98218635123896725      -0.18304114733950883     
       8200                  1800                  1800             4.7830367E-01         1.0000000E+30           1686244       
 NEXT SEEDS: A5AE016      60       0       0       0       0       F    3039       0       0
  Comptn_2: TXYZ:   1.0000000000031180       U,V,W  0.30273469152670884       0.86802605340347616       0.39355111124494613     
  Comptn_2: TXYZ:   1.0000000000035159       U,V,W  0.49298275740096642      -0.74930041405916370      -0.44217291911606438     
  Comptn_2: TXYZ:  0.99999999999707812       U,V,W -0.64745323605792748      -0.32914243828305700      -0.68736421381701263     
  Comptn_2: TXYZ:  0.99999999999069100       U,V,W -0.46615869114620168       0.88111774171291279       -7.9546212344070000E-002
  Comptn_2: TXYZ:   1.0000000000018558       U,V,W  0.71915441450519069       -8.5066590063334502E-002  0.68962352291271856     
  Comptn_2: TXYZ:   1.0000000000031077       U,V,W  0.19994684088592862      -0.65218001299254169      -0.73121986534550132     
  Comptn_2: TXYZ:  0.99999999999887013       U,V,W -0.38367154335105980       0.79836130676209649      -0.46412861438032849     
  Comptn_2: TXYZ:  0.99999999999853029       U,V,W  0.75852038787821385      -0.57380123721372911       0.30886722283791812     
       8400                  1600                  1600             4.7814683E-01         1.0000000E+30           1727954       
 NEXT SEEDS: D042291      61       0       0       0       0       F    3039       0       0
  Comptn_2: TXYZ:  0.99999999999777911       U,V,W  0.33299186474275189       0.10451924555604819      -0.93711906677930656     
  Comptn_2: TXYZ:   1.0000000000084981       U,V,W  0.12248512796185196       0.83094109717842812       0.54271013115343347     
  Comptn_2: TXYZ:  0.99999999999870925       U,V,W -0.58980785561325177       0.80468574748234900       -6.7878871929195839E-002
  Comptn_2: TXYZ:  0.99999999998512379       U,V,W -0.36427610021468126       0.18573372279794853       0.91258200015840885     
  Comptn_2: TXYZ:  0.99999999999707267       U,V,W -0.38166381248955572      -0.90461656320517392      -0.18974089650855319     
  Comptn_2: TXYZ:  0.99999999999816680       U,V,W  0.36733351436216566      -0.85812935254894995       0.35872009076496880     
  Comptn_2: TXYZ:  0.99999999999888012       U,V,W  0.26610031550066182      -0.86812504121533429       0.41898631827805843     
  Comptn_2: TXYZ:  0.99999999999212419       U,V,W  -4.5614342181551137E-002   9.5031677510121426E-002 -0.99442863597599640     
  Comptn_2: TXYZ:   1.0000000000012197       U,V,W -0.33106075011338021      -0.41701428891729364       0.84646196758885139     
       8600                  1400                  1400             4.7826629E-01         1.0000000E+30           1768654       
 NEXT SEEDS:10FA4C41      62       0       0       0       0       F    3039       0       0
  Comptn_2: TXYZ:  0.99999999999256028       U,V,W  0.81010640983126336      -0.50460691793995949       0.29849533180603771     
  Comptn_2: TXYZ:  0.99999999999798439       U,V,W  0.44375668615274577      -0.74426552353166819      -0.49914810825530509     
  Comptn_2: TXYZ:  0.99999999999873079       U,V,W  0.47766765708207259       -6.3513250428854917E-003 -0.87851765494306022     
  Comptn_2: TXYZ:   1.0000000000012086       U,V,W  -8.0538512122359407E-002  0.30883421283554924      -0.94769983488896514     
  Comptn_2: TXYZ:   1.0000000000010196       U,V,W  0.70456003100138886      -0.30989548409490908       0.63840422277262832     
  Comptn_2: TXYZ:  0.99999999999888312       U,V,W -0.73540966177459666       0.40097769985788378      -0.54625041289150289     
  Comptn_2: TXYZ:  0.99999999999898503       U,V,W  0.62733228656277085       0.50067892616058174       0.59646862040982285     
  Comptn_2: TXYZ:  0.99999999999362599       U,V,W  0.62371631410187423      -0.22584648851542966      -0.74831231657780961     
  Comptn_2: TXYZ:  0.99999999999702183       U,V,W  0.17721053528141439      -0.89489854742533481       0.40957663019064228     
       8800                  1200                  1200             4.7834498E-01         1.0000000E+30           1809267       
 NEXT SEEDS:14CB8DCB      63       0       0       0       0       F    3039       0       0
  Comptn_2: TXYZ:   1.0000000000012963       U,V,W  0.61075219158054850       0.39300977427085826      -0.68740459542282828     
  Comptn_2: TXYZ:   1.0000000000065508       U,V,W -0.44756538290369008      -0.86862303629347082       0.21255410805989072     
  Comptn_2: TXYZ:   1.0000000000021398       U,V,W -0.96283088974668019       0.18865106064525605       0.19330663482968191     
  Comptn_2: TXYZ:   1.0000000000010278       U,V,W  0.99724747528174107        5.8170084613088591E-002  -4.5975148736324911E-002
  Comptn_2: TXYZ:   1.0000000000010523       U,V,W  0.13628623329780964      -0.94071263747562028       0.31062162884803968     
  Comptn_2: TXYZ:  0.99999999999563471       U,V,W -0.81106435255761156      -0.51885928880778920       0.27011044856467947     
  Comptn_2: TXYZ:  0.99999999999810796       U,V,W  0.79109602882985186       0.31866932384757263      -0.52212731704659632     
  *** Umfnst:amsq,np0,np,kpart  -2.1915478442835382E-017           0           1           7
  Comptn_2: TXYZ:  0.99999999991249766       U,V,W  0.45706492621513917      -0.71582617391791814      -0.52790580776354545     
  Comptn_2: TXYZ:  0.99999999999865541       U,V,W -0.36532681735556594      -0.91741292729264501       0.15776513352400912     
       9000                  1000                  1000             4.7852884E-01         1.0000000E+30           1851437       
 NEXT SEEDS:19AB134C      64       0       0       0       0       F    3039       0       0
  Comptn_2: TXYZ:   1.0000000000022360       U,V,W -0.51933828799243997      -0.27557565029523445      -0.80891643795368395     
  Comptn_2: TXYZ:   1.0000000000010205       U,V,W   1.8398048888897733E-002  0.49477782485995547       0.86882473251223313     
  Comptn_2: TXYZ:  0.99999999999738720       U,V,W   4.6504296537253964E-002 -0.76745929211082853      -0.63940877797674034     
  Comptn_2: TXYZ:   1.0000000000011868       U,V,W -0.42301441379530758       0.88136872704776081      -0.21035202091924088     
  Comptn_2: TXYZ:   1.0000000000069287       U,V,W  0.17318421091725611      -0.34976309160222441      -0.92069159268929468     
  Comptn_2: TXYZ:   1.0000000000020199       U,V,W  0.74252313902559663       0.10289395791775746       0.66187024516714232     
  Comptn_2: TXYZ:  0.99999999999833578       U,V,W -0.32757948242954171      -0.78721006250128056      -0.52248636363665923     
  Comptn_2: TXYZ:  0.99999999999776479       U,V,W -0.82821714625308118      -0.13278730264940464       0.54444824446889584     
  Comptn_2: TXYZ:   1.0000000000024385       U,V,W  -1.5920088229123053E-002 -0.61341030627334370       0.78960391776564676     
  Comptn_2: TXYZ:   1.0000000000035558       U,V,W  -8.9363344969228820E-003  0.97519414822694461       0.22117078286527558     
  Comptn_2: TXYZ:  0.99999999999847933       U,V,W -0.20333484104983057       -1.9188263052541288E-002  0.97892121898278717     
       9200                   800                   800             4.7860731E-01         1.0000000E+30           1891811       
 NEXT SEEDS:1D5D86CC      65       0       0       0       0       F    3039       0       0
  Comptn_2: TXYZ:  0.99999999999779088       U,V,W -0.12889679261068210      -0.72159087088300566       0.68021484246580144     
  Comptn_2: TXYZ:   1.0000000000016889       U,V,W -0.83070259109165590        4.5084581998196427E-002  0.55488790365383345     
  Comptn_2: TXYZ:  0.99999999999654277       U,V,W -0.89740989195381360       0.20386873723711574       0.39127103623617643     
  Comptn_2: TXYZ:   1.0000000000162506       U,V,W -0.53547513447432493      -0.67474088884750216      -0.50792825604925440     
  Comptn_2: TXYZ:   1.0000000000087490       U,V,W  0.80235522267182091      -0.48175971340842061       0.35232609213147725     
  Comptn_2: TXYZ:   1.0000000000021083       U,V,W  0.10404054149869779      -0.30188727902898904      -0.94764953252098394     
  Comptn_2: TXYZ:  0.99999999999855094       U,V,W -0.72059546007269049      -0.67468503062001872       0.15981956193921576     
  Comptn_2: TXYZ:   1.0000000000010820       U,V,W -0.92565217575784331       0.12229878830978436      -0.35806571449080593     
  Comptn_2: TXYZ:   1.0000000000010736       U,V,W -0.97700908394255981        6.2555067444264978E-002 -0.20381391864109055     
  Comptn_2: TXYZ:  0.99999999998700717       U,V,W -0.44516974709392798      -0.87432671944196727      -0.19333050439385602     
       9400                   600                   600             4.7883433E-01         1.0000000E+30           1932381       
 NEXT SEEDS:20F0D617      66       0       0       0       0       F    3039       0       0
  Comptn_2: TXYZ:  0.99999999999810740       U,V,W -0.18285960061167827       0.91832689945210211      -0.35105280543663753     
  Comptn_2: TXYZ:  0.99999999999888445       U,V,W -0.40668312422735653        9.8525491745618865E-002  0.90824091734728896     
  Comptn_2: TXYZ:  0.99999999999817457       U,V,W  0.93121565814035634       0.35141851354241282       -9.6656227797481620E-002
  Comptn_2: TXYZ:   1.0000000000011640       U,V,W  0.55114562935780853      -0.22050534024458557       0.80474585439414881     
  *** Umfnst:amsq,np0,np,kpart  -7.4264578917131608E-018           0           1           7
  Comptn_2: TXYZ:  0.99999999999695999       U,V,W -0.39299783942220756       0.30239284398874783       0.86839580037609210     
  Comptn_2: TXYZ:  0.99999999999801215       U,V,W  0.74189851161069242       0.57108225664545031      -0.35135687642707580     
  *** Umfnst:amsq,np0,np,kpart  -7.2663191744051726E-018           0           1           7
  Comptn_2: TXYZ:   1.0000000000011471       U,V,W -0.27732728016275132      -0.94944058286087873       0.14714672709738608     
  Comptn_2: TXYZ:   1.0000000000011149       U,V,W  0.30503056525207484      -0.83282798435292449      -0.46190248185278193     
  Comptn_2: TXYZ:   1.0000000000022218       U,V,W -0.48693933889302998       -1.5315458300193541E-002 -0.87330150405097529     
  Comptn_2: TXYZ:   1.0000000000014873       U,V,W -0.91782441614400057      -0.11857701527969056      -0.37886387077520567     
       9600                   400                   400             4.7912295E-01         1.0000000E+30           1973652       
 NEXT SEEDS:249F902A      67       0       0       0       0       F    3039       0       0
  Comptn_2: TXYZ:  0.99999999999301803       U,V,W  0.44105751609521349       0.56753442083497518      -0.69525027771044279     
  Comptn_2: TXYZ:   1.0000000000010134       U,V,W -0.70604200669797113       0.46491254489708211       0.53419192279201866     
  Comptn_2: TXYZ:  0.99999999999874456       U,V,W  0.80496926003368330       -5.3229133614252078E-002 -0.59092397965748944     
  Comptn_2: TXYZ:   1.0000000000019078       U,V,W  0.76099913710756084       0.31976969621754847       0.56447112831781965     
  Comptn_2: TXYZ:   1.0000000000051659       U,V,W  0.30405525821082335       0.76539233702587250       0.56720804858674967     
  Comptn_2: TXYZ:  0.99999999999838551       U,V,W  0.94574156007454135      -0.32435530876787766       -1.9145109564922436E-002
  Comptn_2: TXYZ:  0.99999999999892486       U,V,W  -8.2091085470413772E-002 -0.70811169067251711      -0.70131226084970422     
  *** Umfnst:amsq,np0,np,kpart  -7.3124133011565371E-018           0           1           7
  Comptn_2: TXYZ:   1.0000000000014178       U,V,W  0.76750027008269939      -0.61712980664541561      -0.17347661852305407     
  Comptn_2: TXYZ:  0.99999999999889055       U,V,W -0.65466150151002367       0.22915779239042422       0.72035062617192125     
       9800                   200                   200             4.7970183E-01         1.0000000E+30           2014602       
 NEXT SEEDS:2A31B4BA      68       0       0       0       0       F    3039       0       0
  Comptn_2: TXYZ:  0.99999999999737965       U,V,W -0.23088050355991641      -0.63424305734503861       0.73785495680581903     
  Comptn_2: TXYZ:   1.0000000000011489       U,V,W -0.27164970860561510      -0.84435651275942403      -0.46181004230784950     
  Comptn_2: TXYZ:   1.0000000000024578       U,V,W -0.51406302052360786       -2.5964398112890308E-002  0.85735935345876868     
  Comptn_2: TXYZ:   1.0000000000035327       U,V,W  0.68316830032581777      -0.20244096006769041       0.70164002958806293     
  Comptn_2: TXYZ:  0.99999999999574674       U,V,W  0.24701380226079550      -0.83674921459401042       0.48870741079373659     
  *** Umfnst:amsq,np0,np,kpart  -7.2938874506365482E-018           0           1           7
  Comptn_2: TXYZ:   1.0000000000012261       U,V,W -0.57754846641719504      -0.13737812422778006       0.80471424737233832     
  Comptn_2: TXYZ:   1.0000000000043465       U,V,W -0.15753895226591652      -0.88160932862597008       0.44491175552346363     
       9950                    50                    50             4.8012801E-01         1.0000000E+30           2044050       
 NEXT SEEDS:1F06E661      69       0       0       0       0       F    3039       0       0
       9951                    49                    49             4.8012868E-01         1.0000000E+30           2044217       
 NEXT SEEDS:1F594B59      69       0       0       0       0       F    3039       0       0
       9952                    48                    48             4.8011881E-01         1.0000000E+30           2044337       
 NEXT SEEDS:1F94D1B7      69       0       0       0       0       F    3039       0       0
       9953                    47                    47             4.8013209E-01         1.0000000E+30           2044542       
 NEXT SEEDS:2007A7A0      69       0       0       0       0       F    3039       0       0
       9954                    46                    46             4.8013497E-01         1.0000000E+30           2044685       
 NEXT SEEDS:205E51D8      69       0       0       0       0       F    3039       0       0
       9955                    45                    45             4.8013426E-01         1.0000000E+30           2044861       
 NEXT SEEDS:20A9C338      69       0       0       0       0       F    3039       0       0
  Comptn_2: TXYZ:  0.99999999997583855       U,V,W -0.16890780713652020      -0.93876706502009455       0.30031075621383962     
       9956                    44                    44             4.8013386E-01         1.0000000E+30           2045146       
 NEXT SEEDS:2102C539      69       0       0       0       0       F    3039       0       0
       9957                    43                    43             4.8013737E-01         1.0000000E+30           2045303       
 NEXT SEEDS:21569AA8      69       0       0       0       0       F    3039       0       0
  *** Emfgeo: Ncoun  2000000000
       9958                    42                    42             4.8012264E-01         1.0000000E+30           2045414       
 NEXT SEEDS:218B2BBF      69       0       0       0       0       F    3039       0       0
       9959                    41                    41             4.8013204E-01         1.0000000E+30           2045606       
 NEXT SEEDS:21E80309      69       0       0       0       0       F    3039       0       0
       9960                    40                    40             4.8013272E-01         1.0000000E+30           2045775       
 NEXT SEEDS:22356B0A      69       0       0       0       0       F    3039       0       0
       9961                    39                    39             4.8012819E-01         1.0000000E+30           2045987       
 NEXT SEEDS:227D42CE      69       0       0       0       0       F    3039       0       0
       9962                    38                    38             4.8012612E-01         1.0000000E+30           2046148       
 NEXT SEEDS:22CB9F0B      69       0       0       0       0       F    3039       0       0
       9963                    37                    37             4.8012659E-01         1.0000000E+30           2046404       
 NEXT SEEDS:231E07F5      69       0       0       0       0       F    3039       0       0
       9964                    36                    36             4.8013202E-01         1.0000000E+30           2046631       
 NEXT SEEDS:2376A8E1      69       0       0       0       0       F    3039       0       0
       9965                    35                    35             4.8013778E-01         1.0000000E+30           2046732       
 NEXT SEEDS:23CA109E      69       0       0       0       0       F    3039       0       0
       9966                    34                    34             4.8013488E-01         1.0000000E+30           2046914       
 NEXT SEEDS:2415E4A2      69       0       0       0       0       F    3039       0       0
       9967                    33                    33             4.8013854E-01         1.0000000E+30           2047083       
 NEXT SEEDS:2469BEC5      69       0       0       0       0       F    3039       0       0
       9968                    32                    32             4.8014381E-01         1.0000000E+30           2047290       
 NEXT SEEDS:24C265EE      69       0       0       0       0       F    3039       0       0
       9969                    31                    31             4.8013424E-01         1.0000000E+30           2047485       
 NEXT SEEDS:24FFE979      69       0       0       0       0       F    3039       0       0
  Comptn_2: TXYZ:   1.0000000000088012       U,V,W  0.11423767478328273      -0.91972258183366884       0.37557972007833484     
       9970                    30                    30             4.8013305E-01         1.0000000E+30           2047649       
 NEXT SEEDS:254ACFDB      69       0       0       0       0       F    3039       0       0
       9971                    29                    29             4.8012339E-01         1.0000000E+30           2047835       
 NEXT SEEDS:2587A393      69       0       0       0       0       F    3039       0       0
       9972                    28                    28             4.8014051E-01         1.0000000E+30           2047999       
 NEXT SEEDS:25F37332      69       0       0       0       0       F    3039       0       0
       9973                    27                    27             4.8014094E-01         1.0000000E+30           2048120       
 NEXT SEEDS:263E457E      69       0       0       0       0       F    3039       0       0
       9974                    26                    26             4.8013049E-01         1.0000000E+30           2048390       
 NEXT SEEDS:267DAA50      69       0       0       0       0       F    3039       0       0
       9975                    25                    25             4.8012700E-01         1.0000000E+30           2048652       
 NEXT SEEDS:26C74265      69       0       0       0       0       F    3039       0       0
       9976                    24                    24             4.8013727E-01         1.0000000E+30           2048779       
 NEXT SEEDS:27276231      69       0       0       0       0       F    3039       0       0
       9977                    23                    23             4.8013265E-01         1.0000000E+30           2048986       
 NEXT SEEDS:276D7B4A      69       0       0       0       0       F    3039       0       0
       9978                    22                    22             4.8013538E-01         1.0000000E+30           2049111       
 NEXT SEEDS:27C07170      69       0       0       0       0       F    3039       0       0
       9979                    21                    21             4.8013115E-01         1.0000000E+30           2049380       
 NEXT SEEDS:28093AF1      69       0       0       0       0       F    3039       0       0
       9980                    20                    20             4.8012815E-01         1.0000000E+30           2049689       
 NEXT SEEDS:285990A8      69       0       0       0       0       F    3039       0       0
       9981                    19                    19             4.8012501E-01         1.0000000E+30           2049966       
 NEXT SEEDS:28A4227D      69       0       0       0       0       F    3039       0       0
       9982                    18                    18             4.8013698E-01         1.0000000E+30           2050183       
 NEXT SEEDS:290DBF19      69       0       0       0       0       F    3039       0       0
       9983                    17                    17             4.8013192E-01         1.0000000E+30           2050436       
 NEXT SEEDS:295489B0      69       0       0       0       0       F    3039       0       0
       9984                    16                    16             4.8012976E-01         1.0000000E+30           2050739       
 NEXT SEEDS:29A61E1E      69       0       0       0       0       F    3039       0       0
       9985                    15                    15             4.8012109E-01         1.0000000E+30           2050899       
 NEXT SEEDS:29E64F4E      69       0       0       0       0       F    3039       0       0
       9986                    14                    14             4.8010014E-01         1.0000000E+30           2051073       
 NEXT SEEDS:2A13B1A3      69       0       0       0       0       F    3039       0       0
       9987                    13                    13             4.8009744E-01         1.0000000E+30           2051236       
 NEXT SEEDS:2A5D8AFD      69       0       0       0       0       F    3039       0       0
       9988                    12                    12             4.8010335E-01         1.0000000E+30           2051344       
 NEXT SEEDS:2AB2E0C4      69       0       0       0       0       F    3039       0       0
       9989                    11                    11             4.8009185E-01         1.0000000E+30           2051553       
 NEXT SEEDS:2AEFE090      69       0       0       0       0       F    3039       0       0
  Comptn_2: TXYZ:  0.99999999999880185       U,V,W -0.65294173511209408      -0.35635657981194502       0.66833904462655980     
       9990                    10                    10             4.8009521E-01         1.0000000E+30           2051799       
 NEXT SEEDS:2B4CC823      69       0       0       0       0       F    3039       0       0
       9991                     9                     9             4.8008821E-01         1.0000000E+30           2052022       
 NEXT SEEDS:2B901261      69       0       0       0       0       F    3039       0       0
       9992                     8                     8             4.8007784E-01         1.0000000E+30           2052294       
 NEXT SEEDS:2BD4C435      69       0       0       0       0       F    3039       0       0
       9993                     7                     7             4.8006791E-01         1.0000000E+30           2052564       
 NEXT SEEDS:2C188595      69       0       0       0       0       F    3039       0       0
       9994                     6                     6             4.8005969E-01         1.0000000E+30           2052870       
 NEXT SEEDS:2C5B3883      69       0       0       0       0       F    3039       0       0
       9995                     5                     5             4.8004518E-01         1.0000000E+30           2053131       
 NEXT SEEDS:2C913378      69       0       0       0       0       F    3039       0       0
       9996                     4                     4             4.8005440E-01         1.0000000E+30           2053383       
 NEXT SEEDS:2CF6BFED      69       0       0       0       0       F    3039       0       0
       9997                     3                     3             4.8005132E-01         1.0000000E+30           2053601       
 NEXT SEEDS:2D40D88C      69       0       0       0       0       F    3039       0       0
       9998                     2                     2             4.8004330E-01         1.0000000E+30           2053761       
 NEXT SEEDS:2D809C82      69       0       0       0       0       F    3039       0       0
       9999                     1                     1             4.8004154E-01         1.0000000E+30           2053990       
 NEXT SEEDS:2DCE8D4C      69       0       0       0       0       F    3039       0       0
      10000                     0                     1             4.8002913E-01         1.0000000E+30           2054198       
 NEXT SEEDS:2E0ACF35      69       0       0       0       0       F    3039       0       0
