1NUMBER OF BEAM       NUMBER OF BEAM        APPROXIMATE NUMBER    AVERAGE TIME USED     TIME LEFT (RESERVED   NUMBER OF STARS
 PARTICLES HANDLED    PARTICLES LEFT        OF BEAM PARTICLES     BY A BEAM PARTICLE     10000.0 SECONDS      CREATED
                                            THAT CAN STILL BE                           FOR PRINTOUT)
                                            HANDLED

 NEXT SEEDS: 1CA03D3      35       0       0       0       0       1    3039       0       0
  *** Kaon: P_min > 1.5 GeV/c:           15   2.5307831362027846     
  *** Kaon: P_min > 1.5 GeV/c:           15   2.6438808240590057     
  *** Kaon: P_min > 1.5 GeV/c:           15   1.8493553017202289     
  *** Kbar: P_min > 1.8 GeV/c:           16   2.2006180362996934     
  *** Kaon: P_min > 1.5 GeV/c:           15   2.5247179199825927     
  *** Kaon: P_min > 1.5 GeV/c:           15   2.2788398171856663     
  *** Kaon: P_min > 1.5 GeV/c:           15   1.8014317524258596     
  *** Kbar: P_min > 1.8 GeV/c:           16   2.0442134332419846     
  *** Kbar: P_min > 1.8 GeV/c:           16   2.1172178874563898     
  *** Kbar: P_min > 1.8 GeV/c:           16   2.2625259285804025     
  *** Kbar: P_min > 1.8 GeV/c:           16   2.2370609198032230     
  *** Kbar: P_min > 1.8 GeV/c:           16   1.8536021926566393     
  *** Kbar: P_min > 1.8 GeV/c:           16   2.0142827316694887     
  *** Kbar: P_min > 1.8 GeV/c:           16   2.1759892702553274     
  *** Kbar: P_min > 1.8 GeV/c:           16   1.8480488778545290     
  *** Kaon: P_min > 1.5 GeV/c:           15   1.5995690162171861     
  *** Kbar: P_min > 1.8 GeV/c:           16   2.6655750089484274     
          1                  9999                  9999             4.9161792E-01         1.0000000E+30               197       
 NEXT SEEDS: 21EB6B2      35       0       0       0       0       1    3039       0       0
  *** Kaon: P_min > 1.5 GeV/c:           15   3.7911749696401253     
  *** Kaon: P_min > 1.5 GeV/c:           15   3.2714586967021133     
  *** Kaon: P_min > 1.5 GeV/c:           15   3.7922532672808078     
  *** Hhflev: call to Hadriv !! ***  0.86510779913134761        3.5000000000000000        1.5950671299820292               14 T F T
  *** Hhflev: call to Hadriv !! ***  0.84884334648447846        5.0000000000000000        2.0334773668429764                1 T F T
  *** Hhflev: call to Hadriv !! ***  0.84884334648447846        5.0000000000000000        2.0334773668429764                1 T F T
  *** Hhflev: call to Hadriv !! ***  0.84884334648447846        5.0000000000000000        2.0334773668429764                1 T F T
  Comptn_2: TXYZ:   1.0000000000012266       U,V,W -0.38428786779016022      -0.87070097057616636      -0.30692450946159511     
  *** Umfnst:amsq,np0,np,kpart  -7.5370660253505022E-018           0           1           7
  *** Hhflev: call to Hadriv !! ***   1.2396110963398772        5.0000000000000000        1.9047156362869533               16 T F T
  *** Hhflev: call to Hadriv !! ***  0.57703648683343334        3.5000000000000000        1.4205132121692658               13 T F T
  *** Hhflev: call to Hadriv !! ***  0.54431659659309883        3.5000000000000000        1.3993552297463450               13 T F T
  Comptn_2: TXYZ:   1.0000000000014608       U,V,W  0.92672055833426015       0.29213127523684079       0.23632250165948054     
  Comptn_2: TXYZ:  0.99999999998949063       U,V,W -0.76902254226675382       0.38340659731886717      -0.51147210149473210     
  Comptn_2: TXYZ:   1.0000000000069953       U,V,W -0.77335298638209338       0.19409714812834977      -0.60353248093978706     
  Comptn_2: TXYZ:  0.99999999999432054       U,V,W -0.98640675947180156      -0.13537826693885791        9.3136618487527301E-002
  *** Umfnst:amsq,np0,np,kpart  -7.2745324814740203E-018           0           1           7
  *** Hhflev: call to Hadriv !! ***  0.84198994468401833        3.5000000000000000        1.5815897600908733               14 T F T
  Comptn_2: TXYZ:  0.99999999999619171       U,V,W -0.35322571044619622       0.71777829581378061       0.60002159589021176     
  *** Hhflev: call to Hadriv !! ***  0.84283446936736095        3.5000000000000000        1.5835492191778799               13 T F T
  *** Hhflev: call to Hadriv !! ***  0.49481833131874214        3.5000000000000000        1.3655086428995142               13 T F T
  Comptn_2: TXYZ:  0.99999999999741829       U,V,W -0.54486462294812554        2.7444740428762771E-002 -0.83807477523178875     
  Comptn_2: TXYZ:  0.99999999999788791       U,V,W  0.54655061343401456       -9.0639322528470956E-002 -0.83250642049438284     
  Comptn_2: TXYZ:  0.99999999999815903       U,V,W -0.18219673483163490       0.53880016637680228      -0.82249542887920057     
        200                  9800                  9800             4.8606005E-01         1.0000000E+30             40620       
 NEXT SEEDS: 61AB7A4      36       0       0       0       0       1    3039       0       0
  Comptn_2: TXYZ:   1.0000000000018945       U,V,W -0.28126585092309142       0.30048797332139543       0.91137067047146303     
  Comptn_2: TXYZ:  0.99999999999862466       U,V,W  0.70890838009259483       0.21752258616976405      -0.67091939392086086     
  Comptn_2: TXYZ:   1.0000000000073537       U,V,W  0.50613650893276940      -0.85666077301465293        9.9790552211317163E-002
  Comptn_2: TXYZ:  0.99999999999886624       U,V,W -0.96673434859609753      -0.20635683308859853      -0.15113423398088699     
  Comptn_2: TXYZ:   1.0000000000013749       U,V,W -0.75294798106929761      -0.58825240803625434      -0.29500583425517490     
  Comptn_2: TXYZ:  0.99999999999605327       U,V,W -0.38759954055635149      -0.51783565916989360       0.76263544780493930     
  Comptn_2: TXYZ:   1.0000000000139853       U,V,W -0.56916953690191008       0.65411027388566723       0.49818248451151703     
  *** Umfnst:amsq,np0,np,kpart  -7.4866525892037299E-018           0           1           7
  *** Umfnst:amsq,np0,np,kpart  -7.5029710142009981E-018           0           1           7
  Comptn_2: TXYZ:  0.99999999999718481       U,V,W -0.80585483469881325       0.46685048893561998       0.36420956380949931     
  *** Umfnst:amsq,np0,np,kpart  -2.9668007258797025E-017           0           1           7
  *** Umfnst:amsq,np0,np,kpart  -7.3087004235129087E-018           0           1           7
        400                  9600                  9600             4.9257886E-01         1.0000000E+30             80683       
 NEXT SEEDS: C18FC08      37       0       0       0       0       1    3039       0       0
  *** Umfnst:amsq,np0,np,kpart  -1.5022528905785795E-017           0           1           7
  *** Eveneu: no downsc. group selected, cusngl, rsngl, igpr ***  0.999999523      0.999999583             123
  Comptn_2: TXYZ:   1.0000000000023526       U,V,W  0.37513840967167766       0.55540674808892021      -0.74215531916752298     
  Comptn_2: TXYZ:  0.99999999999775424       U,V,W  0.53382010427047533      -0.72799213364426407       0.43019013194921740     
  Comptn_2: TXYZ:  0.99999999999624778       U,V,W  -3.3614921624419480E-002  0.65926062569848654      -0.75116274165061725     
  Comptn_2: TXYZ:  0.99999999999756850       U,V,W -0.95504855051129312      -0.12587038750750068       0.26840065520143241     
  Comptn_2: TXYZ:  0.99999999999885880       U,V,W  0.99428396144344511       -9.9807623773486398E-002  -3.7918890435754804E-002
        600                  9400                  9400             4.8837266E-01         1.0000000E+30            120228       
 NEXT SEEDS: EA593E4      38       0       0       0       0       1    3039       0       0
  Comptn_2: TXYZ:  0.99999999999833800       U,V,W -0.63134420511112666      -0.46828572146817748      -0.61815287570306277     
  *** Umfnst:amsq,np0,np,kpart  -7.3271278848225333E-018           0           1           7
  Comptn_2: TXYZ:   1.0000000000012543       U,V,W  0.77038086089422819       0.54714458130449373      -0.32733184433881846     
  Comptn_2: TXYZ:  0.99999999999886979       U,V,W  0.48456719773317047      -0.77185873032185981       0.41161721454018263     
  Comptn_2: TXYZ:   1.0000000000010374       U,V,W  0.11687394542935436      -0.36514973044753418      -0.92358332338501370     
  Comptn_2: TXYZ:  0.99999999999889311       U,V,W -0.85970504658054092       0.39687706052988858       0.32155222236519876     
  Comptn_2: TXYZ:  0.99999999999575673       U,V,W  0.22317861814309481       0.91692094137142988      -0.33082819056728852     
  Comptn_2: TXYZ:  0.99999999999707501       U,V,W -0.62972356443447453      -0.71794072935001907      -0.29666368421729317     
        800                  9200                  9200             4.8710324E-01         1.0000000E+30            161041       
 NEXT SEEDS:122FB4EB      39       0       0       0       0       1    3039       0       0
  Comptn_2: TXYZ:   1.0000000000015012       U,V,W  0.74818894874690756       -9.3737926954043260E-002  0.65683064638067634     
  Comptn_2: TXYZ:   1.0000000000030529       U,V,W  0.77901353270585294      -0.53654567374912432       0.32443282177563049     
  *** Umfnst:amsq,np0,np,kpart  -7.4202273317143597E-018           0           1           7
  Comptn_2: TXYZ:  0.99999999999863931       U,V,W -0.66955510875395419      -0.26100907917146543       0.69539213177183967     
  Comptn_2: TXYZ:  0.99999999999682609       U,V,W -0.96637724659448310       0.16112238618794095      -0.20038611211956692     
  *** Umfnst:amsq,np0,np,kpart  -7.4360852436622067E-018           0           1           7
  Comptn_2: TXYZ:  0.99999999983892063       U,V,W -0.27877497616918845      -0.38320543124973483      -0.88058963766415843     
  Comptn_2: TXYZ:   1.0000000000291109       U,V,W -0.10264099668046356       0.75886655266040748       0.64310681934097147     
  Comptn_2: TXYZ:  0.99999999999890821       U,V,W -0.54775974709624364       0.67843906891681627       0.48957092359253807     
  Comptn_2: TXYZ:  0.99999999999446842       U,V,W  0.53685922431064625       0.55975009192550829      -0.63123847146417233     
  Comptn_2: TXYZ:   1.0000000000012714       U,V,W -0.20054186490169790        8.1853738129574083E-002 -0.97625966114412188     
  *** Umfnst:amsq,np0,np,kpart  -7.5039223975739961E-018           0           1           7
  Comptn_2: TXYZ:  0.99999999999884959       U,V,W   6.3006196629181943E-002  0.35388455429476551       0.93316447715114492     
  Comptn_2: TXYZ:  0.99999999999844813       U,V,W -0.65864676270203404       0.46812695447366792      -0.58910236502308067     
  Comptn_2: TXYZ:   1.0000000000011304       U,V,W  0.27446809744052558      -0.95890347521629060       -7.1912368245172331E-002
  Comptn_2: TXYZ:  0.99999999993653332       U,V,W  0.98926693909626096        8.8969197134190381E-002  0.11591119492501889     
  Comptn_2: TXYZ:  0.99999999999885847       U,V,W   7.7900023383513428E-002 -0.52768117273021176      -0.84586297135042798     
       1000                  9000                  9000             4.8588880E-01         1.0000000E+30            202288       
 NEXT SEEDS:157006A0      3A       0       0       0       0       1    3039       0       0
  Comptn_2: TXYZ:   1.0000000000015570       U,V,W -0.38847727008503341       0.28510871692779527      -0.87624107993212874     
  Comptn_2: TXYZ:   1.0000000000160174       U,V,W -0.65289176758544443      -0.36301205290234861      -0.66479665258091813     
  Comptn_2: TXYZ:   1.0000000000015958       U,V,W  0.23830590798512219      -0.95176015780257472       0.19329484276772746     
  Comptn_2: TXYZ:   1.0000000000067264       U,V,W  0.68324445571148829      -0.20778335292312988      -0.70000220856384487     
  Comptn_2: TXYZ:   1.0000000000017373       U,V,W -0.15430655609408461       0.27384528965623917      -0.94931461806990569     
  Comptn_2: TXYZ:  0.99999999959506281       U,V,W -0.20171380783614978       -4.1496125748835766E-002  0.97856507748393540     
  *** Umfnst:amsq,np0,np,kpart  -7.4448727402621871E-018           0           1           7
  Comptn_2: TXYZ:   1.0000000000020861       U,V,W -0.68696892984145208      -0.61362558878991535      -0.38927795495867201     
  Comptn_2: TXYZ:  0.99999999999875755       U,V,W  0.83887298182070325      -0.18941839765010826       0.51030656570503297     
  *** Umfnst:amsq,np0,np,kpart  -7.3646610162661959E-018           0           1           7
       1200                  8800                  8800             4.8504430E-01         1.0000000E+30            243548       
 NEXT SEEDS:183AFFFB      3B       0       0       0       0       1    3039       0       0
  Comptn_2: TXYZ:  0.99999999999822708       U,V,W -0.92417818865887380       0.36105290010154789      -0.12464140136283675     
  *** Umfnst:amsq,np0,np,kpart  -7.5330017136050719E-018           0           1           7
  Comptn_2: TXYZ:   1.0000000000010587       U,V,W  0.82660461186644341      -0.19318454034393007       0.52858731446591634     
  Comptn_2: TXYZ:   1.0000000000012168       U,V,W  0.11912866427353208       0.75595712485957378       0.64369028788981097     
  Comptn_2: TXYZ:  0.99999999999800315       U,V,W  0.92947062961785853      -0.30506832814716667      -0.20740700045388394     
  Comptn_2: TXYZ:  0.99999999999712086       U,V,W  0.29146415622373922      -0.46973528246869545      -0.83330511221158332     
  Comptn_2: TXYZ:   1.0000000000010232       U,V,W -0.39569196658088579      -0.91803841801638697       -2.5166061081222324E-002
  Comptn_2: TXYZ:   1.0000000000031561       U,V,W -0.90677010271890524        6.4017567891156091E-002 -0.41673700557978222     
  Comptn_2: TXYZ:   1.0000000000021971       U,V,W -0.35359941128043459       0.47712095068820659      -0.80456389103582637     
  Comptn_2: TXYZ:  0.99999999999624956       U,V,W  0.85945777892589348      -0.50908048013081952        4.6576721544070665E-002
  Comptn_2: TXYZ:   1.0000000000012037       U,V,W -0.63591707759182725      -0.71598020596342948      -0.28806564372871435     
       1400                  8600                  8600             4.8427412E-01         1.0000000E+30            286475       
 NEXT SEEDS:1B80F4E7      3C       0       0       0       0       1    3039       0       0
  Comptn_2: TXYZ:   1.0000000000017799       U,V,W  0.24656649107451045      -0.87127060280510449      -0.42437306956098553     
  Comptn_2: TXYZ:  0.99999999999845191       U,V,W  -3.7712342008411781E-002 -0.99215460543604550      -0.11919319683076424     
  Comptn_2: TXYZ:  0.99999999999376010       U,V,W -0.47227200576259776      -0.45211904511552348      -0.75666870003361453     
  Comptn_2: TXYZ:   1.0000000000011520       U,V,W  -5.1864317546399752E-002   8.9984091991425430E-002 -0.99459185385517657     
  Comptn_2: TXYZ:  0.99999999999794420       U,V,W  0.35325980514657118      -0.16429619251485406      -0.92098548913154588     
  Comptn_2: TXYZ:   1.0000000000046159       U,V,W   2.1235130910355338E-002  0.39912680238293774      -0.91664980490883607     
  Comptn_2: TXYZ:   1.0000000000010929       U,V,W  0.20077342728798797      -0.19380859142648177      -0.96027509641009168     
       1600                  8400                  8400             4.8398232E-01         1.0000000E+30            326485       
 NEXT SEEDS:1EE9711F      3D       0       0       0       0       1    3039       0       0
  Comptn_2: TXYZ:  0.99999999999848699       U,V,W  0.29028602715577279       0.89620356902852727      -0.33548947121651196     
  Comptn_2: TXYZ:  0.99999999999760358       U,V,W -0.92625431892921739       0.37671197258866584        1.1875452451654667E-002
  Comptn_2: TXYZ:   1.0000000000066747       U,V,W  0.22811380380179003      -0.12171007372758809       0.96599728285072217     
  Comptn_2: TXYZ:   1.0000000000063145       U,V,W  0.60265792554002928      -0.47588499968276210      -0.64057543807660977     
  Comptn_2: TXYZ:   1.0000000000066804       U,V,W  0.27757704537481231       0.93317833196346101      -0.22831816537797067     
  Comptn_2: TXYZ:  0.99999999999731215       U,V,W  0.49463659698428586       0.65275670127698504       0.57379728638179017     
       1800                  8200                  8200             4.8232015E-01         1.0000000E+30            367847       
 NEXT SEEDS:20AEDF7C      3E       0       0       0       0       1    3039       0       0
  Comptn_2: TXYZ:  0.99999999999839795       U,V,W -0.67884638032244382       0.73323696257343940        3.9129894423453493E-002
  Comptn_2: TXYZ:   1.0000000000014162       U,V,W  0.43345986417315885       0.10469360189277310      -0.89507083288146561     
  Comptn_2: TXYZ:   1.0000000000010947       U,V,W  0.25853732332423363      -0.26286285542652621       0.92954912279365232     
  Comptn_2: TXYZ:   1.0000000000023397       U,V,W  0.30594643995632964        8.0843341420091974E-002  0.94861010432549264     
  Comptn_2: TXYZ:  0.99999999999817335       U,V,W  0.17596538972891551      -0.52887187787775503      -0.83025942837512012     
  Comptn_2: TXYZ:   1.0000000000014040       U,V,W  0.99118472151751469       0.11651765430961802        6.3059369373910101E-002
  Comptn_2: TXYZ:   1.0000000000198022       U,V,W -0.54507084486064628       0.80399906674438881      -0.23766210210476402     
       2000                  8000                  8000             4.8178742E-01         1.0000000E+30            409204       
 NEXT SEEDS:2350E984      3F       0       0       0       0       1    3039       0       0
  Comptn_2: TXYZ:   1.0000000000014808       U,V,W  0.81052859884172790       0.52306034330387519       0.26353608429203490     
  Comptn_2: TXYZ:   1.0000000000013780       U,V,W -0.41202056532708120      -0.85314067409700556       0.31998444329410347     
  Comptn_2: TXYZ:  0.99999999999825473       U,V,W -0.19891572242086397      -0.93766766893295639      -0.28497697803485167     
  Comptn_2: TXYZ:   1.0000000000054601       U,V,W  0.47784400642701996       0.17837309408173496       0.86014425815379525     
  Comptn_2: TXYZ:  0.99999999999855427       U,V,W  0.31784421372922367      -0.52990737335833416       0.78623993250017321     
  *** Umfnst:amsq,np0,np,kpart  -2.2150052746282479E-017           0           1           7
  Comptn_2: TXYZ:  0.99999999999886602       U,V,W  0.61046601792559585      -0.57026248843650418       0.54966529382810592     
  Comptn_2: TXYZ:  0.99999999999735112       U,V,W  0.91759153208547062       0.21063872879921064       0.33713069598042011     
  Comptn_2: TXYZ:   1.0000000000046390       U,V,W -0.70122434310033555      -0.50365900725998358       0.50459094824821182     
  Comptn_2: TXYZ:   1.0000000000010429       U,V,W  0.41203931775642744      -0.90756147087963335        8.0967754067017950E-002
  Comptn_2: TXYZ:  0.99999999999260059       U,V,W  0.57395650752738447       -4.4769071424660467E-002 -0.81766108975745055     
  Comptn_2: TXYZ:   1.0000000000019078       U,V,W  0.35103161108765768       0.45335162090000836       0.81929794082888208     
       2200                  7800                  7800             4.8183280E-01         1.0000000E+30            449761       
 NEXT SEEDS:26896C0A      40       0       0       0       0       1    3039       0       0
  Comptn_2: TXYZ:   1.0000000000011473       U,V,W -0.94651867729611894      -0.32043336576970205       -3.7747206946383116E-002
  Comptn_2: TXYZ:  0.99999999999896416       U,V,W  0.45538290410404159       0.30161171870107495       0.83764955786469386     
  Comptn_2: TXYZ:   1.0000000000016560       U,V,W  -7.9445805426715310E-002  0.94538915397793311      -0.31611344726639601     
  Comptn_2: TXYZ:  0.99999999999809996       U,V,W  0.54646060172147060      -0.65114333316612516       0.52668127974859402     
  Comptn_2: TXYZ:  0.99999999999266143       U,V,W  0.39229355449444370       0.75162793784898652      -0.53024636739883135     
  Comptn_2: TXYZ:   1.0000000000017524       U,V,W -0.61330047776769447      -0.65130871701433080      -0.44683271938480118     
  Comptn_2: TXYZ:  0.99999999999891220       U,V,W -0.81517171551369927       -7.1271264235642784E-002 -0.57481778079633017     
  Comptn_2: TXYZ:   1.0000000000018887       U,V,W -0.67092904427185118       0.69849151999013870      -0.24892531823061859     
  Comptn_2: TXYZ:   1.0000000000011455       U,V,W -0.50741264332957314       0.62347894129056414      -0.59481629025913385     
  Comptn_2: TXYZ:  0.99999999999623745       U,V,W -0.71898081602145680      -0.15332682402236308       0.67790668327180015     
  Comptn_2: TXYZ:   1.0000000000011953       U,V,W  0.80466823563254763       0.57690037685355833       0.14033882481843918     
       2400                  7600                  7600             4.8233650E-01         1.0000000E+30            490605       
 NEXT SEEDS:2A9963A9      41       0       0       0       0       1    3039       0       0
  Comptn_2: TXYZ:   1.0000000000020135       U,V,W  0.26771096038443432      -0.87144820831403003       0.41098523321200275     
  Comptn_2: TXYZ:   1.0000000000010265       U,V,W -0.86684474113534726        8.4859616350279055E-002 -0.49130340959523444     
  Comptn_2: TXYZ:   1.0000000000010105       U,V,W   5.6876177059935973E-002  0.27655256245323301      -0.95931422416464152     
  Comptn_2: TXYZ:  0.99999999999744005       U,V,W -0.19700020044943045       0.87318646402821898       0.44579851957831806     
  Comptn_2: TXYZ:  0.99999999999822797       U,V,W -0.22130538548354650       0.90118338177425361       0.37268275888230562     
  Comptn_2: TXYZ:  0.99999999999533129       U,V,W  0.22081139600025779      -0.22897536997382417       0.94805728062026873     
  Comptn_2: TXYZ:   1.0000000000010625       U,V,W  0.34677349943195424       0.32739374906526564      -0.87895476172882114     
  Comptn_2: TXYZ:  0.99999999999877831       U,V,W -0.54556186553145913       0.38983136544503338       0.74188527239181212     
  *** Umfnst:amsq,np0,np,kpart  -1.5007065681122120E-017           0           1           7
       2600                  7400                  7400             4.8339964E-01         1.0000000E+30            531326       
 NEXT SEEDS:2FCB2F69      42       0       0       0       0       1    3039       0       0
  Comptn_2: TXYZ:  0.99999999999862954       U,V,W  0.83192304384813431        1.3043874235862063E-002 -0.55473769157864494     
  Comptn_2: TXYZ:  0.99999999999880729       U,V,W  0.53420133412101478      -0.82405254135893813      -0.18859041254000886     
  Comptn_2: TXYZ:  0.99999999999170308       U,V,W  -3.0888354876879021E-004 -0.68354982947720311       0.72990378489520313     
  Comptn_2: TXYZ:   1.0000000000018543       U,V,W -0.13091557920814978      -0.95808229402771339       0.25483215847503082     
  Comptn_2: TXYZ:  0.99999999999876454       U,V,W  0.20484924931749049       0.85738922633372638       0.47214457491289608     
  Comptn_2: TXYZ:   1.0000000000025504       U,V,W -0.18704495813945954      -0.13403181034685474       0.97316476377451266     
  Comptn_2: TXYZ:  0.99999999999899736       U,V,W -0.73107513209153296       0.51322756565772920      -0.44958493867720506     
  Comptn_2: TXYZ:  0.99999999998600808       U,V,W  0.77276980875296175      -0.17389479150790521       0.61039939724113523     
  Comptn_2: TXYZ:   1.0000000000020173       U,V,W -0.61703315912760104      -0.68085061791420198       0.39460425317636805     
  Comptn_2: TXYZ:   1.0000000000011926       U,V,W -0.97728150405166214        4.6448159438625680E-002 -0.20679320666907230     
  Comptn_2: TXYZ:  0.99999999999862887       U,V,W -0.44550533225058686      -0.47153932820847899      -0.76103591300780238     
       2800                  7200                  7200             4.8330822E-01         1.0000000E+30            572066       
 NEXT SEEDS:336747F9      43       0       0       0       0       1    3039       0       0
  Comptn_2: TXYZ:   1.0000000000017941       U,V,W -0.49895729712461900      -0.17366772505592465      -0.84904719357747638     
  Comptn_2: TXYZ:   1.0000000000011724       U,V,W -0.71101428063956718       0.60645225181135665       0.35591341503335627     
  Comptn_2: TXYZ:  0.99999999999854405       U,V,W  0.19857784881889984      -0.93180666867025863       0.30381436795951089     
  Comptn_2: TXYZ:  0.99999999999896250       U,V,W -0.73006069710301347       0.66499591369178290       0.15745416259234091     
  Comptn_2: TXYZ:   1.0000000000018447       U,V,W  0.17197612997462386       0.98465709569470228       -2.9573884068042844E-002
  Comptn_2: TXYZ:  0.99999999999860600       U,V,W  -8.7315786942336437E-002 -0.52284506023946875       0.84794398183631969     
       3000                  7000                  7000             4.8412600E-01         1.0000000E+30            613111       
 NEXT SEEDS:38A56307      44       0       0       0       0       1    3039       0       0
  *** Umfnst:amsq,np0,np,kpart  -7.4450940934532796E-018           0           1           7
  Comptn_2: TXYZ:  0.99999999999885536       U,V,W  0.60026468412937106       -4.6597914604376456E-002  0.79844282408976852     
  Comptn_2: TXYZ:  0.99999999999899702       U,V,W  -9.5495936729477648E-002 -0.59186118817076760       0.80036295516736899     
  *** Umfnst:amsq,np0,np,kpart  -2.2418292804390727E-017           0           1           7
  Comptn_2: TXYZ:  0.99999999999673861       U,V,W  0.51328950810201945       0.62915068839303867      -0.58369794599920510     
  *** Umfnst:amsq,np0,np,kpart  -7.3431876708424186E-018           0           1           7
  Comptn_2: TXYZ:   1.0000000000019091       U,V,W   8.5654538632361721E-002 -0.54935768030917842      -0.83118556237395325     
  Comptn_2: TXYZ:   1.0000000000375073       U,V,W  0.28529421473791672      -0.28032550327121442      -0.91652868110622876     
  Comptn_2: TXYZ:   1.0000000000011313       U,V,W -0.85399839194312221      -0.46141587580300580      -0.24037915075280125     
       3200                  6800                  6800             4.8505095E-01         1.0000000E+30            653007       
 NEXT SEEDS: 2D22F84      46       0       0       0       0       1    3039       0       0
  Comptn_2: TXYZ:  0.99999999999300571       U,V,W  0.20165483192327827        8.9541894536942834E-002  0.97535510347654153     
  Comptn_2: TXYZ:  0.99999999999889977       U,V,W -0.72240790441360758      -0.33933569832456900      -0.60247664144115731     
  Comptn_2: TXYZ:   1.0000000000016258       U,V,W  0.24894379421797908      -0.61177130239504152       0.75084143524971836     
  Comptn_2: TXYZ:  0.99999999999743017       U,V,W   7.2513295340570494E-004 -0.99967054100216601       -2.5657038645697128E-002
  Comptn_2: TXYZ:   1.0000000000077485       U,V,W -0.98180012262982785       0.11419991771890636      -0.15174616306450162     
       3400                  6600                  6600             4.8504224E-01         1.0000000E+30            695067       
 NEXT SEEDS: 6EE5F64      47       0       0       0       0       1    3039       0       0
  Comptn_2: TXYZ:  0.99999999999869471       U,V,W  0.71753784653599695      -0.69290394098714359        7.0877128551202873E-002
  *** Umfnst:amsq,np0,np,kpart  -7.5253917968733883E-018           0           1           7
  Comptn_2: TXYZ:  0.99999999999892297       U,V,W  0.99419454052691458        7.0022881424662842E-003  0.10736937899685373     
  Comptn_2: TXYZ:   1.0000000000020219       U,V,W   5.5797533564501123E-002  0.59062579022375417       0.80501416830556849     
  Comptn_2: TXYZ:   1.0000000000011260       U,V,W  0.89622502965357498       0.44344584875953075       -1.1682270392100236E-002
  *** Umfnst:amsq,np0,np,kpart  -7.4552101595157870E-018           0           1           7
  Comptn_2: TXYZ:   1.0000000000010185       U,V,W  0.43239474028700720      -0.84082102054553154       0.32566055945097361     
       3600                  6400                  6400             4.8493156E-01         1.0000000E+30            735996       
 NEXT SEEDS: 9EDD337      48       0       0       0       0       1    3039       0       0
  Comptn_2: TXYZ:  0.99999999999845324       U,V,W -0.60953091154874528      -0.10179912270025682       0.78619908832462215     
  Comptn_2: TXYZ:  0.99999999999676870       U,V,W   2.2052016030556842E-002  0.16197930660661597       0.98654772455112205     
  *** Umfnst:amsq,np0,np,kpart  -7.5063485440890940E-018           0           1           7
  Comptn_2: TXYZ:  0.99999999999364864       U,V,W  0.27709799260993861       0.57449419166165683       0.77017733427582158     
  Comptn_2: TXYZ:  0.99999999999704459       U,V,W -0.28475546189397249      -0.80808643467008068       0.51566524123775537     
  Comptn_2: TXYZ:  0.99999999999469180       U,V,W -0.15068964972367382      -0.54267720223339211      -0.82631355043771748     
  *** Umfnst:amsq,np0,np,kpart  -1.4489077611774184E-017           0           1           7
  *** Umfnst:amsq,np0,np,kpart  -1.4933340450136435E-017           0           1           7
  Comptn_2: TXYZ:  0.99999999999806322       U,V,W  -3.5129327383867093E-002  0.90490687171111617       0.42415738103400003     
       3800                  6200                  6200             4.8516613E-01         1.0000000E+30            777093       
 NEXT SEEDS: E0B78A1      49       0       0       0       0       1    3039       0       0
  *** Umfnst:amsq,np0,np,kpart  -2.1791451569467219E-017           0           1           7
  Comptn_2: TXYZ:   1.0000000000010325       U,V,W  0.90200134191088210      -0.19577385572578088       0.38479368056955110     
  *** Umfnst:amsq,np0,np,kpart  -1.0136760572774583E-017           0           1           7
  Comptn_2: TXYZ:   1.0000000000010010       U,V,W  0.58963139648396634      -0.57321572940094256      -0.56899784169073442     
  Comptn_2: TXYZ:   1.0000000000049427       U,V,W  0.73388159087423332      -0.65617769864766728      -0.17563780452481836     
  Comptn_2: TXYZ:   1.0000000000018441       U,V,W  0.10438611261008646      -0.74345044957507245      -0.66059440545816095     
  *** Umfnst:amsq,np0,np,kpart  -7.5025203990788350E-018           0           1           7
  Comptn_2: TXYZ:  0.99999999999674571       U,V,W  0.89386615904517797        2.3436712721718322E-002  0.44772090660071484     
  Comptn_2: TXYZ:   1.0000000000091049       U,V,W  0.50085587378490004      -0.75349130547438392      -0.42590403411892908     
  Comptn_2: TXYZ:   1.0000000000010318       U,V,W  0.79296366316191325      -0.60865211317836554       -2.7408648806201086E-002
  Comptn_2: TXYZ:   1.0000000000012013       U,V,W  0.47192443093219083      -0.58627878686845702       0.65845616069604773     
  Comptn_2: TXYZ:   1.0000000000011231       U,V,W  0.19022972522702020      -0.64850516358231047       0.73705746346418355     
  Comptn_2: TXYZ:   1.0000000000010556       U,V,W -0.78314593185561776        3.6610324150259999E-002 -0.62075932017543201     
       4000                  6000                  6000             4.8480373E-01         1.0000000E+30            819790       
 NEXT SEEDS:10C6818B      4A       0       0       0       0       1    3039       0       0
  Comptn_2: TXYZ:   1.0000000000050393       U,V,W -0.33424535604621042       0.74078191694855811       0.58268532973518461     
  Comptn_2: TXYZ:   1.0000000000030713       U,V,W -0.56676854260723797       -7.7792433170159825E-002  0.82019616949569141     
  Comptn_2: TXYZ:  0.99999999999145750       U,V,W -0.71408425155149224       0.12975487342981751       0.68792975985838467     
  Comptn_2: TXYZ:  0.99999999999667977       U,V,W -0.30878649135999581       0.94965949150207507        5.2893789335641372E-002
  Comptn_2: TXYZ:  0.99999999999844369       U,V,W -0.22529081199559187      -0.38389832528943657       0.89546977942796957     
  Comptn_2: TXYZ:  0.99999999999838551       U,V,W -0.28771524742351673      -0.80671785641062854      -0.51616493153511556     
  Comptn_2: TXYZ:  0.99999999998548572       U,V,W  0.27371319680295869       0.90892299154592138      -0.31454742300741145     
  Comptn_2: TXYZ:  0.99999999999749445       U,V,W   7.3083921042339739E-002 -0.48790722777327034       0.86983060280101299     
       4200                  5800                  5800             4.8503585E-01         1.0000000E+30            859644       
 NEXT SEEDS:14EC63B1      4B       0       0       0       0       1    3039       0       0
  Comptn_2: TXYZ:  0.99999999998219746       U,V,W  0.17253606712750980      -0.87516825158981604      -0.45200866908898263     
  Comptn_2: TXYZ:  0.99999999999895661       U,V,W -0.17357599257300116       0.78599539000733287      -0.59336550429602397     
  Comptn_2: TXYZ:  0.99999999999703637       U,V,W -0.61842049060824422      -0.77338801679656566      -0.13938103267076940     
  *** Umfnst:amsq,np0,np,kpart  -2.2380048606374107E-017           0           1           7
       4400                  5600                  5600             4.8565883E-01         1.0000000E+30            901396       
 NEXT SEEDS:1A04B4BC      4C       0       0       0       0       1    3039       0       0
  Comptn_2: TXYZ:   1.0000000000014353       U,V,W -0.44359248897258396      -0.10726362336036210       0.88978661421272776     
  Comptn_2: TXYZ:  0.99999999999810707       U,V,W  0.46058987706857124      -0.88740085587993178        1.9408403428155196E-002
  *** Umfnst:amsq,np0,np,kpart  -7.3628738360390233E-018           0           1           7
  Comptn_2: TXYZ:  0.99999999999609757       U,V,W  -5.8972695653764617E-002  0.21776804310481168       0.97421727585058093     
  Comptn_2: TXYZ:   1.0000000000011144       U,V,W   1.9894548243527765E-002 -0.85015362245033543       0.52615874523367268     
  Comptn_2: TXYZ:  0.99999999999839251       U,V,W -0.42002867025890644       0.31098279042258525       0.85256414434335070     
  Comptn_2: TXYZ:  0.99999999999825029       U,V,W -0.74261880533725488      -0.60487014332913125       0.28748812091409093     
  Comptn_2: TXYZ:   1.0000000000012648       U,V,W  0.96395108526074624       -1.8435612348049801E-002 -0.26544007501363964     
  Comptn_2: TXYZ:  0.99999999999799849       U,V,W -0.89951050828976520       0.31275758129694964      -0.30506317512208625     
  *** Umfnst:amsq,np0,np,kpart  -1.4720224340903825E-017           0           1           7
  *** Umfnst:amsq,np0,np,kpart  -7.4344838376442013E-018           0           1           7
  *** Umfnst:amsq,np0,np,kpart  -2.1799417881093105E-017           0           1           7
  Comptn_2: TXYZ:   1.0000000000015854       U,V,W -0.60367231298668145      -0.59863724721281031       0.52651038430819597     
       4600                  5400                  5400             4.8568777E-01         1.0000000E+30            944098       
 NEXT SEEDS:1DBA8FE0      4D       0       0       0       0       1    3039       0       0
  Comptn_2: TXYZ:  0.99999999999413003       U,V,W -0.29916455791109797       0.83605093101070693      -0.45991239170098197     
  Comptn_2: TXYZ:  0.99999999995008393       U,V,W  0.14897418428717657       0.13975814229058869      -0.97891488599854171     
  Comptn_2: TXYZ:   1.0000000000013745       U,V,W  -5.4797502056914027E-002 -0.81556164479670290       0.57606981981891181     
  Comptn_2: TXYZ:  0.99999999959151209       U,V,W -0.30657945022858257      -0.29185305536464057      -0.90599714920267616     
  Comptn_2: TXYZ:   1.0000000000012301       U,V,W   4.3971976304746363E-002 -0.99566599092640917        8.1949373479098142E-002
  Comptn_2: TXYZ:  0.99999999999635203       U,V,W -0.17142491848955643       -6.8029802973541109E-002 -0.98284558462892946     
  Comptn_2: TXYZ:  0.99999999999855871       U,V,W  -6.9006815352736339E-002 -0.91726204917813448       0.39226061817490887     
  Comptn_2: TXYZ:  0.99999999999798106       U,V,W -0.67366570227108014       0.11922575617959713      -0.72935570241480718     
  Comptn_2: TXYZ:   1.0000000000012386       U,V,W  0.46902419935122452       0.87830137742344050        9.2752309083216744E-002
       4800                  5200                  5200             4.8630548E-01         1.0000000E+30            983838       
 NEXT SEEDS:238BBDC8      4E       0       0       0       0       1    3039       0       0
  Comptn_2: TXYZ:  0.99999999999625944       U,V,W -0.43944487926769682      -0.84850729168540440       0.29482804147224329     
  *** Umfnst:amsq,np0,np,kpart  -7.3124745646248962E-018           0           1           7
  Comptn_2: TXYZ:   1.0000000000103573       U,V,W  0.97423565303000625        9.9777623264429849E-002 -0.20226052079250678     
  Comptn_2: TXYZ:   1.0000000000010754       U,V,W  0.81893703845129950      -0.15142899892357775      -0.55354438425359653     
  Comptn_2: TXYZ:  0.99999999999683853       U,V,W  0.43649344055920380       0.51772620122083934      -0.73582134850455816     
  Comptn_2: TXYZ:   1.0000000000027978       U,V,W  0.12394840245445948       0.75661065863353016      -0.64201020612909332     
  Comptn_2: TXYZ:  0.99999999998085198       U,V,W  0.55820846172960614        3.0263607672594617E-002 -0.82914861592175271     
  Comptn_2: TXYZ:  0.99999999999858025       U,V,W -0.67893326126905151      -0.14221609740969399       0.72029452891071344     
  Comptn_2: TXYZ:   1.0000000000068552       U,V,W -0.76122421497799042      -0.36698500861395189      -0.53465848725201681     
  Comptn_2: TXYZ:  0.99999999999884848       U,V,W -0.66750750967617734       0.36625762785268989      -0.64829705734676679     
  Comptn_2: TXYZ:   1.0000000000065441       U,V,W  0.79303858405867089      -0.54319226854331859       0.27573894102125962     
       5000                  5000                  5000             4.8629896E-01         1.0000000E+30           1026393       
 NEXT SEEDS:27BBC02B      4F       0       0       0       0       1    3039       0       0
  Comptn_2: TXYZ:  0.99999999999882716       U,V,W  0.99601874427935844       -5.9665861082933702E-002  -6.6231760238039783E-002
  Comptn_2: TXYZ:  0.99999999999861555       U,V,W -0.15813883772050019       0.63586495067777093       0.75542562340880437     
  Comptn_2: TXYZ:  0.99999999999748779       U,V,W -0.58635199893622669       0.80877579002338251       -4.5530811688706763E-002
  Comptn_2: TXYZ:  0.99999999999781009       U,V,W  0.93112489503069229       0.16972130999496926       0.32280196217725177     
  Comptn_2: TXYZ:   1.0000000000014562       U,V,W -0.15626123323773555      -0.70603576509643062       0.69072130804918430     
  Comptn_2: TXYZ:   1.0000000000025007       U,V,W -0.83214313848193200       0.49021511786493477       0.25928157531264873     
  Comptn_2: TXYZ:  0.99999999999895395       U,V,W  -5.1349449554559001E-002 -0.93766996759932297       0.34371247561251295     
  Comptn_2: TXYZ:   1.0000000000010902       U,V,W  0.41765132857097953       0.66026891629398676       0.62418933499375839     
       5200                  4800                  4800             4.8574823E-01         1.0000000E+30           1068071       
 NEXT SEEDS:296DAB51      50       0       0       0       0       1    3039       0       0
  Comptn_2: TXYZ:   1.0000000000191729       U,V,W  0.67418217292636484      -0.73221875543814008       -9.6613104246159764E-002
  Comptn_2: TXYZ:   1.0000000000011728       U,V,W -0.40198815864629012       0.87974286288751813      -0.25388583164054523     
  *** Umfnst:amsq,np0,np,kpart  -7.3373931628125195E-018           0           1           7
  *** Umfnst:amsq,np0,np,kpart  -1.4868109122828856E-017           0           1           7
  Comptn_2: TXYZ:   1.0000000000017037       U,V,W  0.64742956993182332       0.37961907931426708      -0.66085119853124752     
  Comptn_2: TXYZ:   1.0000000000013707       U,V,W -0.41267169594980402       0.19288023310870006       0.89022429029948213     
  *** Umfnst:amsq,np0,np,kpart  -7.5014953882308478E-018           0           1           7
       5400                  4600                  4600             4.8604835E-01         1.0000000E+30           1109472       
 NEXT SEEDS:2E3CBFFD      51       0       0       0       0       1    3039       0       0
  Comptn_2: TXYZ:  0.99999999999727451       U,V,W -0.84369559444974840      -0.53203529175824826       -7.1527562708901371E-002
  Comptn_2: TXYZ:  0.99999999999879519       U,V,W -0.23417625107137496        3.6766844573374868E-002  0.97149867862651718     
  Comptn_2: TXYZ:  0.99999999999888511       U,V,W -0.20873822040152490       0.61148894077332017       0.76322318534909073     
  Comptn_2: TXYZ:   1.0000000000012319       U,V,W  0.47939039605652667      -0.87692172136137536       -3.4541898827377793E-002
  Comptn_2: TXYZ:  0.99999999999463385       U,V,W  0.15131927952863578      -0.88168527867939694      -0.44691559046155760     
  *** Umfnst:amsq,np0,np,kpart  -7.4956717489552266E-018           0           1           7
  Comptn_2: TXYZ:   1.0000000000019720       U,V,W  -6.7447156112201867E-002 -0.99743477321663532       -2.3974034133360078E-002
  Comptn_2: TXYZ:  0.99999999999480738       U,V,W -0.47055754535702476        5.7252955125761673E-002 -0.88050990660624961     
  Comptn_2: TXYZ:   1.0000000000012328       U,V,W  0.49953458252132066      -0.75187138157625810       0.43029597538565412     
  *** Umfnst:amsq,np0,np,kpart  -2.2348058861287144E-017           0           1           7
  Comptn_2: TXYZ:  0.99999999999865241       U,V,W  -8.4843048339138250E-003  0.71119090194592061       0.70294773458592608     
  Comptn_2: TXYZ:   1.0000000000015110       U,V,W  0.62990674067701491       0.10458844221054253      -0.76959648895193311     
       5600                  4400                  4400             4.8618512E-01         1.0000000E+30           1149632       
 NEXT SEEDS:3249669C      52       0       0       0       0       1    3039       0       0
  Comptn_2: TXYZ:  0.99999999999893407       U,V,W -0.45163208193036652      -0.80993651029487168       0.37420757857309894     
  Comptn_2: TXYZ:  0.99999999999682232       U,V,W  0.75122036256537683       0.23857728962374836      -0.61542574185660470     
  Comptn_2: TXYZ:  0.99999999999804623       U,V,W  0.77014433105776448       0.28011612070505976      -0.57307300430118246     
  Comptn_2: TXYZ:  0.99999999999834710       U,V,W -0.42665828813795370      -0.37502482619747468      -0.82299397622163184     
  Comptn_2: TXYZ:   1.0000000000049405       U,V,W  0.53747293252666850      -0.29447136086040615      -0.79019583929500925     
  *** Umfnst:amsq,np0,np,kpart  -7.3735752086354305E-018           0           1           7
  Comptn_2: TXYZ:  0.99999999999595646       U,V,W -0.23051888512587493       -2.3492996637770602E-002  0.97278421178864627     
  Comptn_2: TXYZ:  0.99999999997222710       U,V,W  0.24092155019229722      -0.45316552275925021      -0.85825276906486181     
  Comptn_2: TXYZ:  0.99999999999897859       U,V,W -0.61123562405749965       0.14522852206292214      -0.77801008236489899     
  Comptn_2: TXYZ:  0.99999999999854616       U,V,W -0.26577419719639295      -0.78216106023465426       0.56354960026226664     
  Comptn_2: TXYZ:   1.0000000000010498       U,V,W   6.8038071844789272E-002  0.58601635969355126      -0.80743770468823872     
  Comptn_2: TXYZ:  0.99999999999892308       U,V,W  0.91482250895154338      -0.12663023770937798      -0.38348997380921546     
  Comptn_2: TXYZ:   1.0000000000032656       U,V,W  0.84973230596432892      -0.31095242866116735      -0.42575062573475009     
  Comptn_2: TXYZ:  0.99999999995659983       U,V,W  0.76863240226714424      -0.60901362600881725       0.19572080491667521     
  Comptn_2: TXYZ:   1.0000000000016211       U,V,W -0.71838909227830072       0.66478402666824365       0.20488853063052659     
  Comptn_2: TXYZ:  0.99999999999882494       U,V,W  0.24683548221831586       0.22891603569441660      -0.94163139992187439     
  Comptn_2: TXYZ:  0.99999999999842193       U,V,W  0.62934320462956350      -0.77669197147309177        2.6013693206756727E-002
       5800                  4200                  4200             4.8617822E-01         1.0000000E+30           1190512       
 NEXT SEEDS:35B3705B      53       0       0       0       0       1    3039       0       0
  *** Umfnst:amsq,np0,np,kpart  -1.4495930822398391E-017           0           1           7
  Comptn_2: TXYZ:   1.0000000000014799       U,V,W -0.20579155804206550       0.12774535412687621       0.97022211845489181     
  *** Umfnst:amsq,np0,np,kpart  -1.4801297789976880E-017           0           1           7
  Comptn_2: TXYZ:   1.0000000000040692       U,V,W  0.98811430605428008       0.13276752659008650        7.7478397363965001E-002
  Comptn_2: TXYZ:  0.99999999999752331       U,V,W -0.18826492971221143        2.0604643372934106E-002  0.98190211574751873     
  Comptn_2: TXYZ:   1.0000000000021125       U,V,W -0.87274790100779853       -9.6508479209635567E-002  0.47853653437249477     
  Comptn_2: TXYZ:   1.0000000000019762       U,V,W  0.62074406406282634      -0.64501749906835926      -0.44567839618758853     
  Comptn_2: TXYZ:   1.0000000000012397       U,V,W  0.96113811226077051       -4.8890945295880783E-002  0.27170425949756005     
       6000                  4000                  4000             4.8631176E-01         1.0000000E+30           1232337       
 NEXT SEEDS:39F3A62B      54       0       0       0       0       1    3039       0       0
  Comptn_2: TXYZ:  0.99999999999854938       U,V,W -0.78656712228121961       0.15660383788280186      -0.59731683393754054     
  Comptn_2: TXYZ:  0.99999999999895040       U,V,W  0.58084589324985814       0.67945757462839040       0.44828055118846066     
  Comptn_2: TXYZ:  0.99999999999732392       U,V,W  0.80812131789880937      -0.24772327944715755       0.53439041194127057     
  Comptn_2: TXYZ:  0.99999999999315170       U,V,W -0.17229220043018501      -0.39388709261021404       0.90286674317927407     
  Comptn_2: TXYZ:   1.0000000000011244       U,V,W -0.43535170573514392        7.0182122084089471E-002  0.89752067500108268     
  Comptn_2: TXYZ:  0.99999999999414613       U,V,W  0.97994794956985132       0.19636545840006647        3.3802705147991219E-002
  Comptn_2: TXYZ:   1.0000000000089480       U,V,W  0.15484646634209298      -0.43079231815927699      -0.88906723620054251     
  Comptn_2: TXYZ:  0.99999999999883982       U,V,W -0.39160451119751372      -0.10930356233479444       0.91361843133198661     
  Comptn_2: TXYZ:  0.99999999999618949       U,V,W   2.2500899361684645E-002 -0.71462199497592849       0.69914884954545187     
  Comptn_2: TXYZ:  0.99999999999873812       U,V,W -0.86276623103555039        3.9120378758276786E-002  0.50408732036152060     
  Comptn_2: TXYZ:  0.99999999999829914       U,V,W  0.99864652521944208        4.7260899435443093E-002  -2.1714627558083066E-002
  Comptn_2: TXYZ:  0.99999999999840183       U,V,W  0.72360482348810962       0.47983021301061513      -0.49614415859237049     
       6200                  3800                  3800             4.8622321E-01         1.0000000E+30           1273411       
 NEXT SEEDS: 1AF6BDC      56       0       0       0       0       1    3039       0       0
  Comptn_2: TXYZ:   1.0000000000015032       U,V,W  0.14649126393154788      -0.27972216162331875       0.94883919706661501     
  Comptn_2: TXYZ:  0.99999999999881806       U,V,W  0.29782706299438855      -0.72766967237200220      -0.61789634119080006     
  Comptn_2: TXYZ:   1.0000000000012863       U,V,W -0.27817460047063092      -0.68070139983507971      -0.67769056059299970     
  Comptn_2: TXYZ:  0.99999999999864408       U,V,W  0.99050999016123953       -7.0707917495155925E-002  0.11785732812567673     
  Comptn_2: TXYZ:   1.0000000000037974       U,V,W -0.39322692043375440       0.28127630953821381      -0.87536062668053916     
       6400                  3600                  3600             4.8635722E-01         1.0000000E+30           1313887       
 NEXT SEEDS: 5A1C456      57       0       0       0       0       1    3039       0       0
  Comptn_2: TXYZ:   1.0000000000026947       U,V,W -0.60623612101090529      -0.75358449870518207      -0.25414202504821048     
  Comptn_2: TXYZ:   1.0000000000612181       U,V,W -0.88648428300797377      -0.43745888901361241       0.15091499747882153     
  Comptn_2: TXYZ:   1.0000000000010434       U,V,W -0.80302130265832972      -0.29724686790113708      -0.51652791502582573     
  Comptn_2: TXYZ:  0.99999999999895572       U,V,W -0.84023143119972943      -0.36519106729829787       0.40080746798000177     
  Comptn_2: TXYZ:   1.0000000000015210       U,V,W -0.17260908590015589      -0.50291618992991971       0.84692467750834055     
  Comptn_2: TXYZ:   1.0000000000045293       U,V,W -0.38917705492626453       0.80905833774154878      -0.44041551522889222     
  Comptn_2: TXYZ:  0.99999999999899414       U,V,W  0.46570550141718314      -0.45619559690763722      -0.75829015773043551     
  Comptn_2: TXYZ:  0.99999999999840927       U,V,W  0.54234916134601008      -0.59376485886982344       0.59439101571018682     
       6600                  3400                  3400             4.8642230E-01         1.0000000E+30           1353423       
 NEXT SEEDS: 921852B      58       0       0       0       0       1    3039       0       0
  Comptn_2: TXYZ:  0.99999999999754285       U,V,W -0.73375843814228858      -0.53399095705101329      -0.42006215283011983     
  Comptn_2: TXYZ:   1.0000000000023326       U,V,W  0.91711668854005701      -0.28187746103805367       0.28185470824946890     
  Comptn_2: TXYZ:  0.99999999999891243       U,V,W  0.41257258467359748      -0.13377101748601206      -0.90104893166543221     
  Comptn_2: TXYZ:   1.0000000000017537       U,V,W  0.70437249131506263       0.14869842266183042      -0.69408081127362209     
  Comptn_2: TXYZ:   1.0000000000011622       U,V,W  0.59020662482827646       0.70129639972620339       0.39979932433790033     
  Comptn_2: TXYZ:   1.0000000000011926       U,V,W   4.3561757714897453E-002 -0.97813906351466562      -0.20333800848005268     
  Comptn_2: TXYZ:   1.0000000000225124       U,V,W -0.75467937147013231        8.3030478582713840E-002  0.65081870434575251     
  Comptn_2: TXYZ:   1.0000000000155596       U,V,W  0.13643364488152088       0.27549409334653774      -0.95157178661994379     
       6800                  3200                  3200             4.8674883E-01         1.0000000E+30           1393615       
 NEXT SEEDS: E36E485      59       0       0       0       0       1    3039       0       0
  Comptn_2: TXYZ:   1.0000000000019709       U,V,W  0.35168876049567643       0.43075767080814192       0.83112143804797256     
  *** Umfnst:amsq,np0,np,kpart  -7.4922075407746296E-018           0           1           7
  Comptn_2: TXYZ:  0.99999999998762124       U,V,W  0.63841866605889663       0.46770899625389006       0.61128545020994807     
  Comptn_2: TXYZ:  0.99999999999791667       U,V,W  -6.0535859716601692E-002 -0.94166153320635715       0.33107244911913369     
  Comptn_2: TXYZ:  0.99999999997596800       U,V,W  0.19982550760755657       -9.5130581798116509E-002  0.97520251173389738     
  Comptn_2: TXYZ:   1.0000000000017093       U,V,W  0.18403584294897257       0.81020550100973243       0.55650503559746767     
  Comptn_2: TXYZ:   1.0000000000014708       U,V,W  0.41090816047410783       0.78232706964105247       0.46810131356801321     
  *** Eveneu: no downsc. group selected, cusngl, rsngl, igpr ***  0.999999404       1.00000000              68
  Comptn_2: TXYZ:  0.99999999999881639       U,V,W -0.89208772839297268      -0.45025724985539739        3.8051199746348630E-002
  Comptn_2: TXYZ:   1.0000000000013523       U,V,W -0.47992478200313471       0.12916195068525127       0.86774961487503788     
  Comptn_2: TXYZ:   1.0000000000020297       U,V,W  0.95790689986451660       0.15188822415782965      -0.24360693454038085     
  Comptn_2: TXYZ:  0.99999999999408684       U,V,W  0.81081232663395042       0.18703089410693252       0.55461952329690689     
  Comptn_2: TXYZ:   1.0000000000090694       U,V,W -0.23309927977544476       0.95769678270424663       0.16876491985946984     
  Comptn_2: TXYZ:  0.99999999999728684       U,V,W -0.13413123425450735      -0.78636511040620860      -0.60302464719983107     
       7000                  3000                  3000             4.8708708E-01         1.0000000E+30           1434725       
 NEXT SEEDS:136BB5B3      5A       0       0       0       0       1    3039       0       0
  Comptn_2: TXYZ:   1.0000000000012401       U,V,W  -6.2981814073790332E-002 -0.51122420849081607      -0.85713657006929367     
  Comptn_2: TXYZ:   1.0000000000028653       U,V,W   5.0769919898101534E-003 -0.39923604471452023       0.91683412063246550     
  Comptn_2: TXYZ:  0.99999999999843803       U,V,W  0.97812192689848576        1.2584336417944542E-003  0.20802863375891434     
  Comptn_2: TXYZ:  0.99999999999407763       U,V,W -0.49938612910739266       0.72709100048450637      -0.47111800120951841     
  Comptn_2: TXYZ:   1.0000000000014295       U,V,W  0.49530294319082202       0.11638329234490641      -0.86088903102019998     
  *** Umfnst:amsq,np0,np,kpart  -7.4614108307618816E-018           0           1           7
  Comptn_2: TXYZ:   1.0000000000024136       U,V,W  0.77906257046787530      -0.26271333285011167       0.56924793898721049     
  Comptn_2: TXYZ:  0.99999999999782885       U,V,W -0.69703746721547333      -0.37464180644309408      -0.61137736804752763     
  Comptn_2: TXYZ:   1.0000000000032094       U,V,W -0.38820102453735572       0.26550857400509642      -0.88249938338853084     
       7200                  2800                  2800             4.8721269E-01         1.0000000E+30           1476964       
 NEXT SEEDS:17A36AE1      5B       0       0       0       0       1    3039       0       0
  Comptn_2: TXYZ:   1.0000000000010378       U,V,W  0.30165836010855429       0.45359318998999909       0.83860327436300430     
  Comptn_2: TXYZ:  0.99999999999865974       U,V,W  0.60876833948447739      -0.66654306063127322       0.43025743127140359     
  Comptn_2: TXYZ:  0.99999999998343259       U,V,W  0.25346908209306207       0.80005036449748834      -0.54375806998496046     
  Comptn_2: TXYZ:   1.0000000000023048       U,V,W  0.61157390531311862      -0.59649947716604856      -0.51977469357693451     
  Comptn_2: TXYZ:   1.0000000000065641       U,V,W  0.99406564995798163        7.4616494390554067E-002  -7.9157200209735379E-002
       7400                  2600                  2600             4.8724002E-01         1.0000000E+30           1519496       
 NEXT SEEDS:1B77B98B      5C       0       0       0       0       1    3039       0       0
  *** Umfnst:amsq,np0,np,kpart  -1.4827228706285928E-017           0           1           7
  Comptn_2: TXYZ:   1.0000000000024423       U,V,W -0.75548289089791609      -0.51250696793239570      -0.40814483873217355     
  Comptn_2: TXYZ:  0.99999999999635625       U,V,W  0.38826237042742662       0.54982859323018118      -0.73955449411990726     
  Comptn_2: TXYZ:  0.99999999999885647       U,V,W  -2.3715616293742414E-003  0.98314829635526202      -0.18279442843817861     
  Comptn_2: TXYZ:  0.99999999999793843       U,V,W -0.31996343039746122      -0.14855313824206462       0.93571115646050806     
  Comptn_2: TXYZ:  0.99999999999842604       U,V,W -0.83409592853569592       0.49965156402528521      -0.23373552696517397     
  Comptn_2: TXYZ:   1.0000000000089293       U,V,W -0.13174290140597122      -0.77319686030588297       0.62033089811099273     
       7600                  2400                  2400             4.8741078E-01         1.0000000E+30           1560740       
 NEXT SEEDS:206805B5      5D       0       0       0       0       1    3039       0       0
  Comptn_2: TXYZ:  0.99999999999865741       U,V,W  0.20878901381693993       0.60789145656599430       0.76607775371830300     
  Comptn_2: TXYZ:   1.0000000000017726       U,V,W  0.23401900060573055      -0.96880231744802536       -8.1591525691109723E-002
  Comptn_2: TXYZ:  0.99999999996392508       U,V,W -0.30155746507830372       0.95261616215589129       -3.9818875158061928E-002
  Comptn_2: TXYZ:  0.99999999999889855       U,V,W  -6.5396606976577232E-002 -0.97898551657463573       0.19315962862861191     
  Comptn_2: TXYZ:  0.99999999999411537       U,V,W -0.33144311078702060       0.81768172234077485       0.47068255252958124     
  *** Umfnst:amsq,np0,np,kpart  -7.3920733911200427E-018           0           1           7
  Comptn_2: TXYZ:   1.0000000000030091       U,V,W  0.39035572838238508       0.81945407181019192      -0.41966347174344776     
  Comptn_2: TXYZ:   1.0000000000016422       U,V,W  -9.1604105512367084E-002  0.99563430167929945        1.7917175405045782E-002
  Comptn_2: TXYZ:   1.0000000000018188       U,V,W -0.95669216393524259        9.9035543843612572E-002 -0.27373721800720041     
  Comptn_2: TXYZ:  0.99999999999886879       U,V,W -0.64040967082181055      -0.70952793961360783       0.29401625197331782     
  Comptn_2: TXYZ:   1.0000000000013294       U,V,W -0.56667035876434824       -1.7252438089634836E-002 -0.82376395762328514     
  *** Umfnst:amsq,np0,np,kpart  -7.4615271199445417E-018           0           1           7
  Comptn_2: TXYZ:   1.0000000000044176       U,V,W  0.47305808995798770      -0.32285343762756458      -0.81974490016210666     
  *** Umfnst:amsq,np0,np,kpart  -7.2614149347890699E-018           0           1           7
  Comptn_2: TXYZ:   1.0000000000011076       U,V,W  0.46026224037233021       0.71589719352414960      -0.52502369317279118     
       7800                  2200                  2200             4.8730368E-01         1.0000000E+30           1602669       
 NEXT SEEDS:23A7957E      5E       0       0       0       0       1    3039       0       0
  Comptn_2: TXYZ:   1.0000000000032454       U,V,W -0.10531037759557194      -0.50231527540556442       0.85824768480209457     
  Comptn_2: TXYZ:   1.0000000000044640       U,V,W   4.1593396480408273E-002 -0.99044637315232187       0.13147612438423550     
  Comptn_2: TXYZ:   1.0000000000056217       U,V,W  0.95640084794578328       -1.6174194215022197E-002  0.29160900791248423     
  *** Umfnst:amsq,np0,np,kpart  -1.4853255079393605E-017           0           1           7
  Comptn_2: TXYZ:  0.99999999999850908       U,V,W   8.7266688928131941E-002  0.85804024348942332       0.50611408353714182     
  Comptn_2: TXYZ:   1.0000000000055573       U,V,W -0.39904239153899823       0.88077563410418946      -0.25494990121346817     
  *** Umfnst:amsq,np0,np,kpart  -7.3073086512160144E-018           0           1           7
  Comptn_2: TXYZ:  0.99999999999696243       U,V,W  0.88029517701660609       0.26134741919142357       0.39595192612266317     
  Comptn_2: TXYZ:  0.99999999999841138       U,V,W -0.95189564557532158       0.29359370861121192       -8.7734908657090216E-002
       8000                  2000                  2000             4.8703979E-01         1.0000000E+30           1643997       
 NEXT SEEDS:25BAA036      5F       0       0       0       0       1    3039       0       0
  Comptn_2: TXYZ:  0.99999999999878142       U,V,W  0.21428180292235766      -0.18248115013723254      -0.95957487398311869     
  *** Umfnst:amsq,np0,np,kpart  -1.4953412461589756E-017           0           1           7
  Comptn_2: TXYZ:   1.0000000000013836       U,V,W   5.3968477043000007E-002 -0.94439640254108070      -0.32434987028594264     
  Comptn_2: TXYZ:   1.0000000000015832       U,V,W  0.18225201196874252      -0.98322952570353728       -6.6260032995444362E-003
  Comptn_2: TXYZ:   1.0000000000015346       U,V,W  0.70841897566270262       0.37506685693948327      -0.59788578152359406     
  Comptn_2: TXYZ:   1.0000000000012998       U,V,W  0.53750437934415629       0.83722187230540257       0.10074015445982454     
  Comptn_2: TXYZ:   1.0000000000264315       U,V,W -0.13858617728152467      -0.45483466717192300       0.87972683091487625     
  Comptn_2: TXYZ:   1.0000000000015352       U,V,W  0.86469537008217223      -0.40178613323328705       0.30144621427616869     
  Comptn_2: TXYZ:   1.0000000000010680       U,V,W -0.50207525800416875       0.86480864557103487       -5.1421636212367616E-003
  Comptn_2: TXYZ:  0.99999999999841971       U,V,W -0.96388653931244672      -0.23114397583339041       0.13226942869245306     
  Comptn_2: TXYZ:   1.0000000000024802       U,V,W -0.88783734894438737      -0.34340566140549811      -0.30629625126098858     
  Comptn_2: TXYZ:   1.0000000000051932       U,V,W  0.71346934928959627      -0.69756841924952084        6.6028691454533828E-002
       8200                  1800                  1800             4.8682724E-01         1.0000000E+30           1683359       
 NEXT SEEDS:27A86EE7      60       0       0       0       0       1    3039       0       0
  Comptn_2: TXYZ:   1.0000000000066567       U,V,W  -3.1142050488440987E-002 -0.95570890562852640      -0.29266134080256734     
  Comptn_2: TXYZ:  0.99999999999839595       U,V,W   6.9747782616964571E-002  0.70646975770276299       0.70429803937666335     
  *** Umfnst:amsq,np0,np,kpart  -7.4644989959300458E-018           0           1           7
  Comptn_2: TXYZ:   1.0000000000020819       U,V,W  0.80269779527681351       -7.3449756910022757E-002  0.59184574229243481     
  Comptn_2: TXYZ:  0.99999999999814526       U,V,W   2.6604472801665224E-002 -0.95296522336039047      -0.30190973003659849     
  *** Umfnst:amsq,np0,np,kpart  -7.5182863035126850E-018           0           1           7
       8400                  1600                  1600             4.8674435E-01         1.0000000E+30           1724728       
 NEXT SEEDS:2B3B2EB2      61       0       0       0       0       1    3039       0       0
  Comptn_2: TXYZ:   1.0000000000049285       U,V,W -0.45548917809489353      -0.26059428004285823       0.85124628037502248     
  Comptn_2: TXYZ:   1.0000000000011702       U,V,W -0.54384808144015029      -0.76216161715067798      -0.35119643172632209     
  *** Umfnst:amsq,np0,np,kpart  -7.5078968796381914E-018           0           1           7
  Comptn_2: TXYZ:   1.0000000000027960       U,V,W -0.54345425395395575       0.18096883315166679       0.81969979583373664     
  Comptn_2: TXYZ:   1.0000000000017986       U,V,W -0.11156626124041935      -0.98861648216998210       0.10094761283201592     
       8600                  1400                  1400             4.8671091E-01         1.0000000E+30           1766466       
 NEXT SEEDS:2EF467A9      62       0       0       0       0       1    3039       0       0
  Comptn_2: TXYZ:   1.0000000000011178       U,V,W  0.34766385752293161       0.63527346123107664       0.68960675143800643     
  Comptn_2: TXYZ:   1.0000000000018818       U,V,W -0.34382212074520169      -0.66114282227248689       0.66684069900218645     
  Comptn_2: TXYZ:   1.0000000000020084       U,V,W -0.76905984682727535       0.10870342387114817      -0.62986547582694641     
  *** Umfnst:amsq,np0,np,kpart  -2.9868486006839198E-017           0           1           7
  Comptn_2: TXYZ:   1.0000000000018239       U,V,W  0.99699378966856245        2.6353127006501609E-002  -7.2862171674479725E-002
  Comptn_2: TXYZ:   1.0000000000030029       U,V,W  0.55342732925201688       0.72117938834777817       0.41667551051424567     
  Comptn_2: TXYZ:  0.99999999999820388       U,V,W  0.25006164807687270        3.9487841234539189E-002  0.96742435495180601     
  *** Umfnst:amsq,np0,np,kpart  -7.3752724551226305E-018           0           1           7
       8800                  1200                  1200             4.8650368E-01         1.0000000E+30           1806983       
 NEXT SEEDS:31F7F764      63       0       0       0       0       1    3039       0       0
  Comptn_2: TXYZ:  0.99999999999755296       U,V,W  0.19484442314248440      -0.93962447942731731      -0.28132097047459581     
  Comptn_2: TXYZ:   1.0000000000192972       U,V,W -0.55292851414279198       0.40489093487769878       0.72823992551974559     
  Comptn_2: TXYZ:  0.99999999999784395       U,V,W -0.22220942569006041      -0.90944400243774126       0.35147486049838506     
  Comptn_2: TXYZ:   1.0000000000042759       U,V,W -0.22012557166694080       0.79141362973354035      -0.57027116302208469     
  Comptn_2: TXYZ:   1.0000000000016451       U,V,W -0.25978160886652546      -0.78981632527444035      -0.55561109422539801     
  Comptn_2: TXYZ:   1.0000000000036144       U,V,W  0.12654478346553333       0.90238250861844072      -0.41193716258765178     
  Comptn_2: TXYZ:   1.0000000000037585       U,V,W -0.98092048590144909        2.4416277182325530E-002  0.19287002294597125     
  Comptn_2: TXYZ:  0.99999999999872446       U,V,W -0.73364031201267355        1.4305123662836650E-002  0.67938741232500210     
  Comptn_2: TXYZ:   1.0000000000010445       U,V,W  0.15636683449690025      -0.98114221595033491      -0.11361938721243803     
  Comptn_2: TXYZ:   1.0000000000034828       U,V,W  0.44337710468327174      -0.88433110450747399       0.14620273816434803     
       9000                  1000                  1000             4.8657524E-01         1.0000000E+30           1848185       
 NEXT SEEDS:3660C0F9      64       0       0       0       0       1    3039       0       0
  Comptn_2: TXYZ:   1.0000000000015186       U,V,W -0.95978246704115122       0.27818758681469546       -3.7805852776209292E-002
  Comptn_2: TXYZ:  0.99999999998941558       U,V,W  0.17308539857353367      -0.97796407157492382      -0.11673782377042130     
  Comptn_2: TXYZ:  0.99999999999886269       U,V,W -0.54142472436938149       0.53901679419489312       0.64522876828010567     
  Comptn_2: TXYZ:  0.99999999999463940       U,V,W -0.12990232566918536       0.92520004175029413      -0.35655331792823119     
  Comptn_2: TXYZ:  0.99999999999898448       U,V,W  0.12523284438378379       0.21834979082646555      -0.96780168605586248     
  Comptn_2: TXYZ:  0.99999999999826006       U,V,W  0.25118550324798150      -0.52041398382332460      -0.81613425880638957     
  Comptn_2: TXYZ:   1.0000000000019362       U,V,W   7.8742998745241266E-002 -0.60056194474310587      -0.79569145444507683     
       9200                   800                   800             4.8635949E-01         1.0000000E+30           1889997       
 NEXT SEEDS:38CDB01C      65       0       0       0       0       1    3039       0       0
  Comptn_2: TXYZ:  0.99999999998214151       U,V,W  0.48039347903520735       -4.8340272711641319E-002 -0.87571988861550665     
  *** Umfnst:amsq,np0,np,kpart  -2.9889908497399806E-017           0           1           7
  Comptn_2: TXYZ:   1.0000000000011728       U,V,W  0.58863630911632470       0.37205617094777566       0.71769178708604642     
  Comptn_2: TXYZ:  0.99999999999771250       U,V,W  0.83765547724715361      -0.45712450529573267      -0.29894897239108786     
  Comptn_2: TXYZ:  0.99999999999604083       U,V,W -0.54296913178498230      -0.71624729538147847      -0.43837693117158949     
  Comptn_2: TXYZ:  0.99999999999840694       U,V,W -0.36969981744101688       0.92512103789105993       -8.6447152838331931E-002
       9400                   600                   600             4.8625966E-01         1.0000000E+30           1931763       
 NEXT SEEDS:  A0E3A3      67       0       0       0       0       1    3039       0       0
  Comptn_2: TXYZ:  0.99999999999843159       U,V,W -0.89241104819242167      -0.25403902926585431       0.37291646875969064     
  Comptn_2: TXYZ:  0.99999999998057931       U,V,W  0.62854117802614695       0.56265607801765327      -0.53698615007826334     
  Comptn_2: TXYZ:  0.99999999999667077       U,V,W  0.95451945506942693       0.11969488408499274      -0.27306728953595893     
  Comptn_2: TXYZ:   1.0000000000010221       U,V,W  0.99406230103768589      -0.10130319316298397       -3.9721589994186957E-002
  Comptn_2: TXYZ:   1.0000000000045217       U,V,W  0.41819337459790518       0.37641159559053250      -0.82669741269216956     
  Comptn_2: TXYZ:   1.0000000000020823       U,V,W   1.6791207106223283E-002 -0.77331988264725382      -0.63379366868755938     
  Comptn_2: TXYZ:   1.0000000000035134       U,V,W  0.23604767000671245      -0.30351485774548381       0.92312525077350926     
  Comptn_2: TXYZ:   1.0000000000011082       U,V,W -0.10017376145236767      -0.25376822887458417      -0.96206387705362317     
  Comptn_2: TXYZ:  0.99999999999801548       U,V,W  0.68952032498881266       0.34375870863513569      -0.63748856590753178     
  *** Eveneu: no downsc. group selected, cusngl, rsngl, igpr ***  0.999999642      0.999999702             122
  Comptn_2: TXYZ:  0.99999999999899569       U,V,W -0.48514646725331545       0.35898228692320255      -0.79734849531808294     
  Comptn_2: TXYZ:  0.99999999999821387       U,V,W  0.69098139061796360       0.28142927313265531       0.66583953175063471     
  Comptn_2: TXYZ:   1.0000000000040834       U,V,W  0.50166799134760254      -0.69444987175757689      -0.51581838090284293     
       9600                   400                   400             4.8615671E-01         1.0000000E+30           1973060       
 NEXT SEEDS: 4325439      68       0       0       0       0       1    3039       0       0
  Comptn_2: TXYZ:  0.99999999999847944       U,V,W -0.95753693020005670       0.28618535663014200       -3.4942366147838300E-002
  Comptn_2: TXYZ:   1.0000000000020233       U,V,W  0.99780104429469141       -1.5366037986083825E-002  -6.4474497927915930E-002
  Comptn_2: TXYZ:  0.99999999999895262       U,V,W -0.34338971237632165       0.23276873381682606       0.90989132427470221     
  Comptn_2: TXYZ:   1.0000000000012281       U,V,W -0.12691971071077779      -0.99061647658901775        5.0698948161482349E-002
  Comptn_2: TXYZ:  0.99999999999592526       U,V,W -0.61159894287234806       0.76505851288554538       0.20157431615835719     
  *** Umfnst:amsq,np0,np,kpart  -1.4605892840097182E-017           0           1           7
  Comptn_2: TXYZ:  0.99999999999887990       U,V,W  0.99187952435776561        1.8206228902755583E-002 -0.12587113405317751     
  Comptn_2: TXYZ:  0.99999999999852229       U,V,W  0.66774341282180671       0.55031045095899955       0.50127551525773839     
       9800                   200                   200             4.8589280E-01         1.0000000E+30           2013928       
 NEXT SEEDS: 6891D63      69       0       0       0       0       1    3039       0       0
  Comptn_2: TXYZ:  0.99999999999667788       U,V,W  0.68254490962563708      -0.61197859273353572      -0.39951802009007054     
  Comptn_2: TXYZ:  0.99999999999813094       U,V,W -0.53762504252658161      -0.65022216274019229      -0.53681510106170549     
  Comptn_2: TXYZ:  0.99999999999825828       U,V,W -0.77545124701224211       0.35250294828622941      -0.52384829383604270     
  Comptn_2: TXYZ:   1.0000000000011320       U,V,W  0.33619168767416274       0.67499264908870771      -0.65678007949095019     
  Comptn_2: TXYZ:  0.99999999999678457       U,V,W  0.51265542281201704      -0.45328018384031310      -0.72919235623798784     
  Comptn_2: TXYZ:  0.99999999999645450       U,V,W -0.39425824840508783       -4.6606224271869223E-002  0.91781713506565499     
  *** Emfgeo: Ncoun  2000000000
  *** Umfnst:amsq,np0,np,kpart  -7.4265601380780633E-018           0           1           7
  Comptn_2: TXYZ:  0.99999999998923295       U,V,W  0.98332025795908606      -0.18167300275456455       -8.7287081890394802E-003
       9950                    50                    50             4.8559722E-01         1.0000000E+30           2045425       
 NEXT SEEDS:357EDDE9      69       0       0       0       0       1    3039       0       0
       9951                    49                    49             4.8559435E-01         1.0000000E+30           2045651       
 NEXT SEEDS:35CDE42C      69       0       0       0       0       1    3039       0       0
       9952                    48                    48             4.8558304E-01         1.0000000E+30           2045908       
 NEXT SEEDS:360F11B9      69       0       0       0       0       1    3039       0       0
       9953                    47                    47             4.8559621E-01         1.0000000E+30           2046029       
 NEXT SEEDS:3679D4D2      69       0       0       0       0       1    3039       0       0
       9954                    46                    46             4.8559766E-01         1.0000000E+30           2046206       
 NEXT SEEDS:36D19455      69       0       0       0       0       1    3039       0       0
       9955                    45                    45             4.8557973E-01         1.0000000E+30           2046392       
 NEXT SEEDS:37063494      69       0       0       0       0       1    3039       0       0
       9956                    44                    44             4.8556289E-01         1.0000000E+30           2046670       
 NEXT SEEDS:373EB7F2      69       0       0       0       0       1    3039       0       0
       9957                    43                    43             4.8556272E-01         1.0000000E+30           2046902       
 NEXT SEEDS:37950A73      69       0       0       0       0       1    3039       0       0
       9958                    42                    42             4.8554892E-01         1.0000000E+30           2047094       
 NEXT SEEDS:37D032B1      69       0       0       0       0       1    3039       0       0
       9959                    41                    41             4.8555964E-01         1.0000000E+30           2047190       
 NEXT SEEDS:383003C6      69       0       0       0       0       1    3039       0       0
       9960                    40                    40             4.8555633E-01         1.0000000E+30           2047397       
 NEXT SEEDS:388139EC      69       0       0       0       0       1    3039       0       0
       9961                    39                    39             4.8556822E-01         1.0000000E+30           2047660       
 NEXT SEEDS:38F30021      69       0       0       0       0       1    3039       0       0
  Comptn_2: TXYZ:  0.99999999999860423       U,V,W  0.82044676576268927       0.10338509096106741       0.56229763250001241     
       9962                    38                    38             4.8555595E-01         1.0000000E+30           2047811       
 NEXT SEEDS:3931844A      69       0       0       0       0       1    3039       0       0
       9963                    37                    37             4.8556063E-01         1.0000000E+30           2047930       
 NEXT SEEDS:3987EF57      69       0       0       0       0       1    3039       0       0
       9964                    36                    36             4.8554841E-01         1.0000000E+30           2048218       
 NEXT SEEDS:39CAE841      69       0       0       0       0       1    3039       0       0
       9965                    35                    35             4.8554476E-01         1.0000000E+30           2048342       
 NEXT SEEDS:3A1818E8      69       0       0       0       0       1    3039       0       0
       9966                    34                    34             4.8553161E-01         1.0000000E+30           2048534       
 NEXT SEEDS:3A53FFE3      69       0       0       0       0       1    3039       0       0
  Comptn_2: TXYZ:   1.0000000000027560       U,V,W -0.86902773907615227       0.44230954386306109       0.22170488521139475     
       9967                    33                    33             4.8552410E-01         1.0000000E+30           2048709       
 NEXT SEEDS:3A9A9A7F      69       0       0       0       0       1    3039       0       0
       9968                    32                    32             4.8551737E-01         1.0000000E+30           2048973       
 NEXT SEEDS:3AE4F3CF      69       0       0       0       0       1    3039       0       0
  Comptn_2: TXYZ:   1.0000000000103952       U,V,W -0.56783163051790098       0.42943153676376866       0.70225052127177889     
       9969                    31                    31             4.8550770E-01         1.0000000E+30           2049143       
 NEXT SEEDS:3B2641A2      69       0       0       0       0       1    3039       0       0
       9970                    30                    30             4.8552885E-01         1.0000000E+30           2049369       
 NEXT SEEDS:   BC633      6A       0       0       0       0       1    3039       0       0
       9971                    29                    29             4.8552432E-01         1.0000000E+30           2049573       
 NEXT SEEDS:  5A52BB      6A       0       0       0       0       1    3039       0       0
       9972                    28                    28             4.8551696E-01         1.0000000E+30           2049823       
 NEXT SEEDS:  A12F83      6A       0       0       0       0       1    3039       0       0
  Comptn_2: TXYZ:   1.0000000000011182       U,V,W  -6.4800766573114288E-003 -0.99549320633580063        9.4611229496823768E-002
       9973                    27                    27             4.8551929E-01         1.0000000E+30           2049995       
 NEXT SEEDS:  F8210D      6A       0       0       0       0       1    3039       0       0
       9974                    26                    26             4.8550846E-01         1.0000000E+30           2050169       
 NEXT SEEDS: 13CEF57      6A       0       0       0       0       1    3039       0       0
       9975                    25                    25             4.8550849E-01         1.0000000E+30           2050410       
 NEXT SEEDS: 196F020      6A       0       0       0       0       1    3039       0       0
       9976                    24                    24             4.8551670E-01         1.0000000E+30           2050591       
 NEXT SEEDS: 1FDAA56      6A       0       0       0       0       1    3039       0       0
       9977                    23                    23             4.8552065E-01         1.0000000E+30           2050836       
 NEXT SEEDS: 263D482      6A       0       0       0       0       1    3039       0       0
       9978                    22                    22             4.8551344E-01         1.0000000E+30           2051058       
 NEXT SEEDS: 2AAC913      6A       0       0       0       0       1    3039       0       0
       9979                    21                    21             4.8551234E-01         1.0000000E+30           2051187       
 NEXT SEEDS: 2FA208B      6A       0       0       0       0       1    3039       0       0
       9980                    20                    20             4.8551428E-01         1.0000000E+30           2051355       
 NEXT SEEDS: 356ED06      6A       0       0       0       0       1    3039       0       0
       9981                    19                    19             4.8550018E-01         1.0000000E+30           2051493       
 NEXT SEEDS: 3910955      6A       0       0       0       0       1    3039       0       0
       9982                    18                    18             4.8549229E-01         1.0000000E+30           2051710       
 NEXT SEEDS: 3D7775F      6A       0       0       0       0       1    3039       0       0
       9983                    17                    17             4.8548724E-01         1.0000000E+30           2051931       
 NEXT SEEDS: 42A5A74      6A       0       0       0       0       1    3039       0       0
       9984                    16                    16             4.8547651E-01         1.0000000E+30           2052172       
 NEXT SEEDS: 46CD95D      6A       0       0       0       0       1    3039       0       0
       9985                    15                    15             4.8547176E-01         1.0000000E+30           2052388       
 NEXT SEEDS: 4BACE15      6A       0       0       0       0       1    3039       0       0
       9986                    14                    14             4.8546285E-01         1.0000000E+30           2052630       
 NEXT SEEDS: 5024458      6A       0       0       0       0       1    3039       0       0
       9987                    13                    13             4.8544900E-01         1.0000000E+30           2052801       
 NEXT SEEDS: 53EB25D      6A       0       0       0       0       1    3039       0       0
       9988                    12                    12             4.8543818E-01         1.0000000E+30           2053079       
 NEXT SEEDS: 585B05D      6A       0       0       0       0       1    3039       0       0
       9989                    11                    11             4.8542723E-01         1.0000000E+30           2053285       
 NEXT SEEDS: 5C95871      6A       0       0       0       0       1    3039       0       0
       9990                    10                    10             4.8541651E-01         1.0000000E+30           2053580       
 NEXT SEEDS: 6107350      6A       0       0       0       0       1    3039       0       0
       9991                     9                     9             4.8541568E-01         1.0000000E+30           2053807       
 NEXT SEEDS: 66604D6      6A       0       0       0       0       1    3039       0       0
       9992                     8                     8             4.8540849E-01         1.0000000E+30           2054024       
 NEXT SEEDS: 6AD8BF4      6A       0       0       0       0       1    3039       0       0
       9993                     7                     7             4.8540403E-01         1.0000000E+30           2054189       
 NEXT SEEDS: 6F9A608      6A       0       0       0       0       1    3039       0       0
       9994                     6                     6             4.8539186E-01         1.0000000E+30           2054365       
 NEXT SEEDS: 738A086      6A       0       0       0       0       1    3039       0       0
       9995                     5                     5             4.8538487E-01         1.0000000E+30           2054587       
 NEXT SEEDS: 7835898      6A       0       0       0       0       1    3039       0       0
       9996                     4                     4             4.8537833E-01         1.0000000E+30           2054837       
 NEXT SEEDS: 7D2CC90      6A       0       0       0       0       1    3039       0       0
       9997                     3                     3             4.8535923E-01         1.0000000E+30           2055076       
 NEXT SEEDS: 8066E48      6A       0       0       0       0       1    3039       0       0
       9998                     2                     2             4.8536933E-01         1.0000000E+30           2055236       
 NEXT SEEDS: 86F06E9      6A       0       0       0       0       1    3039       0       0
       9999                     1                     1             4.8535556E-01         1.0000000E+30           2055514       
 NEXT SEEDS: 8AD2339      6A       0       0       0       0       1    3039       0       0
      10000                     0                     1             4.8533588E-01         1.0000000E+30           2055688       
 NEXT SEEDS: 8DEB38F      6A       0       0       0       0       1    3039       0       0
