1NUMBER OF BEAM       NUMBER OF BEAM        APPROXIMATE NUMBER    AVERAGE TIME USED     TIME LEFT (RESERVED   NUMBER OF STARS
 PARTICLES HANDLED    PARTICLES LEFT        OF BEAM PARTICLES     BY A BEAM PARTICLE     10000.0 SECONDS      CREATED
                                            THAT CAN STILL BE                           FOR PRINTOUT)
                                            HANDLED

 NEXT SEEDS:       0       0       0       0       0       0      10    3039       0       0
  *** Kaon: P_min > 1.5 GeV/c:           24   22.226792442685610     
  *** Kbar: P_min > 1.8 GeV/c:           16   22.120849091732445     
  *** Kaon: P_min > 1.5 GeV/c:           24   5.9713373455781493     
  *** Kbar: P_min > 1.8 GeV/c:           25   13.117113708205132     
  *** Kaon: P_min > 1.5 GeV/c:           15   2.1936047729431820     
  *** Kaon: P_min > 1.5 GeV/c:           15   1.5740154197041651     
  *** Kaon: P_min > 1.5 GeV/c:           15   1.5659550354438005     
  *** Kaon: P_min > 1.5 GeV/c:           15   1.8083194167795640     
  *** Kaon: P_min > 1.5 GeV/c:           15   1.5625217684732644     
  *** Kaon: P_min > 1.5 GeV/c:           24   1.8331339352138036     
  *** Kbar: P_min > 1.8 GeV/c:           16   22.113311655470930     
  *** Kbar: P_min > 1.8 GeV/c:           16   22.123178260132853     
  *** Kbar: P_min > 1.8 GeV/c:           25   3.5342840390442021     
  *** Kbar: P_min > 1.8 GeV/c:           25   3.7505959664690462     
  *** Kaon: P_min > 1.5 GeV/c:           15   1.9459606705785228     
  *** Kbar: P_min > 1.8 GeV/c:           16   2.5580430993043395     
  *** Kbar: P_min > 1.8 GeV/c:           16   2.5806225776835801     
  *** Kbar: P_min > 1.8 GeV/c:           25   2.0332619762308224     
  *** Kbar: P_min > 1.8 GeV/c:           16   2.2488508583566249     
  *** Kbar: P_min > 1.8 GeV/c:           16   1.8888469968585244     
          1                  9999                  9999             3.7645793E-01         1.0000000E+30               183       
 NEXT SEEDS:  40022D       0       0       0       0       0      10    3039       0       0
  *** Hhflev: call to Hadriv !! ***  0.80663894417729598        3.5000000000000000        1.5622310848896395               13 T F T
  *** Hhflev: call to Hadriv !! ***  0.92323448257781637        5.0000000000000000        2.0583216580167210                1 T F T
  *** Hhflev: call to Hadriv !! ***  0.42169214566231500        3.5000000000000000        1.3179351691133674               13 T F T
  *** Hhflev: call to Hadriv !! ***  0.77866509511844539        3.5000000000000000        1.5441247320712221               14 T F T
  *** Hhflev: call to Hadriv !! ***  0.67974127168116050        3.5000000000000000        1.4853396567809636               14 T F T
  Comptn_2: TXYZ:   1.0000000000023537       U,V,W  -2.9456060233684411E-002  0.97455338733489305       0.22221169130347107     
  *** Hhflev: call to Hadriv !! ***  0.71437622289279168        3.5000000000000000        1.5052370702444868               13 T F T
  *** Hhflev: call to Hadriv !! ***  0.75690479667719868        3.5000000000000000        1.5325028865998938               13 T F T
  *** Hhflev: call to Hadriv !! ***  0.72410188309566992        3.5000000000000000        1.5111767056392758               13 T F T
  Comptn_2: TXYZ:  0.99999999999873668       U,V,W  -1.0634197825325487E-002  0.99040889447672387       0.13775752457394891     
  Comptn_2: TXYZ:   1.0000000000018214       U,V,W -0.39641611517480868      -0.30892166053688641      -0.86453552343594708     
  *** Hhflev: call to Hadriv !! ***  0.72561758678818644        3.5000000000000000        1.5121005313694769               14 T F T
  Comptn_2: TXYZ:   1.0000000000019411       U,V,W -0.35739436687040893       0.80167717093394941       0.47914818181287089     
  Comptn_2: TXYZ:   1.0000000000241160       U,V,W -0.49061500686253012       -2.6387509621486060E-003  0.87137245312137068     
  *** Hhflev: call to Hadriv !! ***  0.87419826525441025        3.5000000000000000        1.6018117339038407               14 T F T
  Comptn_2: TXYZ:  0.99999999999374689       U,V,W -0.52298216870521230       0.32411179768600107      -0.78831541518029979     
  Comptn_2: TXYZ:   1.0000000000019518       U,V,W -0.65152714303452097        3.2706813580958283E-002  0.75791994711618926     
  Comptn_2: TXYZ:  0.99999999999713451       U,V,W   5.5277348023405892E-003 -0.59622843160907735       0.80279580310691045     
  Comptn_2: TXYZ:  0.99999999999884648       U,V,W -0.50416449690540333      -0.86348681007385863        1.4446068234647669E-002
  Comptn_2: TXYZ:   1.0000000000056233       U,V,W  0.72460525508157936      -0.14651001380835282       0.67341075144940987     
  Comptn_2: TXYZ:   1.0000000000011651       U,V,W  0.56180011610683067       -2.7531220114276778E-002  0.82681476853194624     
  Comptn_2: TXYZ:  0.99999999999311195       U,V,W -0.83991568805161876       0.37289685253020366       0.39432166353239495     
        200                  9800                  9800             4.4155776E-01         1.0000000E+30             41440       
 NEXT SEEDS: 2A8D0B0       1       0       0       0       0      10    3039       0       0
  Comptn_2: TXYZ:  0.99999999999674061       U,V,W  0.78389097551931286      -0.14536174068187080      -0.60364302600299879     
  Comptn_2: TXYZ:   1.0000000000103659       U,V,W  0.46470976472187431      -0.88537071980680082       -1.2787614761691657E-002
  Comptn_2: TXYZ:  0.99999999999323452       U,V,W  0.48874453223798042       0.82241023091143006      -0.29115321446434450     
  Comptn_2: TXYZ:   1.0000000000017217       U,V,W  0.31523907099103976       0.52643328205297735       0.78961530359369192     
  Comptn_2: TXYZ:   1.0000000000162195       U,V,W -0.93114844172551159      -0.29789466233077633      -0.21028872923483988     
  Comptn_2: TXYZ:   1.0000000000010381       U,V,W  0.29169765997798436      -0.10977240323624926       0.95019076750521236     
  Comptn_2: TXYZ:   1.0000000000012808       U,V,W  0.61393620247492109      -0.17890404934205151       0.76881446423761446     
  *** Umfnst:amsq,np0,np,kpart  -1.5215517911994749E-017           0           1           7
  Comptn_2: TXYZ:   1.0000000000025253       U,V,W  0.88983548233054321       0.42974836230349922      -0.15332696920488331     
  *** Umfnst:amsq,np0,np,kpart  -7.5107711938910085E-018           0           1           7
  Comptn_2: TXYZ:  0.99999999999852252       U,V,W -0.36288736172731717       0.77943132553510708      -0.51068539383038525     
  Comptn_2: TXYZ:  0.99999999999785549       U,V,W -0.62453090660429922       0.77259398399274914      -0.11427896828410411     
  Comptn_2: TXYZ:  0.99999999998967271       U,V,W   3.8216466550125006E-003 -0.99873832955555264       -5.0071389865883553E-002
        400                  9600                  9600             4.4999206E-01         1.0000000E+30             82651       
 NEXT SEEDS: 81F7BAF       2       0       0       0       0      10    3039       0       0
  Comptn_2: TXYZ:   1.0000000000105924       U,V,W  0.98701751930243375      -0.15439839717873838       -4.4244226169059431E-002
  Comptn_2: TXYZ:  0.99999999999856248       U,V,W -0.32357364662605193      -0.84398987937514747      -0.42776299363082515     
  Comptn_2: TXYZ:  0.99999999999730227       U,V,W -0.69024311640520253      -0.12318590567585375       0.71301449697418917     
  Comptn_2: TXYZ:  0.99999999999769840       U,V,W  0.32110317948367140      -0.94609254842646351        4.2445705732092165E-002
  Comptn_2: TXYZ:  0.99999999999753142       U,V,W -0.98381687004296481       0.15622043434512989        8.7747034761378018E-002
  Comptn_2: TXYZ:   1.0000000000011369       U,V,W -0.42295905255641308       0.69214020848296798       0.58484833218781773     
  Comptn_2: TXYZ:   1.0000000000136857       U,V,W -0.27585756114545745      -0.20539640075196530       0.93899676492025463     
  Comptn_2: TXYZ:   1.0000000000023253       U,V,W -0.48539560878631249      -0.77514615287934063      -0.40440022830068756     
        600                  9400                  9400             4.4987701E-01         1.0000000E+30            123030       
 NEXT SEEDS: C36DC59       3       0       0       0       0      10    3039       0       0
  Comptn_2: TXYZ:   1.0000000000011331       U,V,W  0.35837363609308071      -0.90256982397506746      -0.23861276119305330     
  Comptn_2: TXYZ:  0.99999999999819000       U,V,W -0.67870424184730638      -0.34063685903920771       0.65063590614149636     
  Comptn_2: TXYZ:   1.0000000000013431       U,V,W -0.16400502385987892       0.90021670864982539      -0.40337603996486848     
  Comptn_2: TXYZ:   1.0000000000015310       U,V,W -0.12498374284778269      -0.38319312156968977       0.91517325988414200     
  Comptn_2: TXYZ:   1.0000000000020313       U,V,W  -7.7010896444059673E-002 -0.54207211309402226       0.83679576124445987     
  Comptn_2: TXYZ:  0.99999999999850664       U,V,W  0.36084686833405044       0.92855339731699349       -8.7052432149164360E-002
  Comptn_2: TXYZ:  0.99999999999829647       U,V,W -0.99237785635563203        7.3186481691607241E-003 -0.12301474546684688     
  Comptn_2: TXYZ:   1.0000000000018856       U,V,W -0.26286675575690310        1.9248183055063706E-002 -0.96464012780352704     
        800                  9200                  9200             4.5098770E-01         1.0000000E+30            165169       
 NEXT SEEDS:11403D82       4       0       0       0       0      10    3039       0       0
  Comptn_2: TXYZ:   1.0000000000013003       U,V,W  -1.6373519622625565E-002 -0.84826791540454849      -0.52931413314938958     
  Comptn_2: TXYZ:   1.0000000000034841       U,V,W  0.61373736777714072      -0.76431291629685916       0.19786917238231183     
  Comptn_2: TXYZ:   1.0000000000041922       U,V,W -0.64042141052263535       0.37859313468490541      -0.66822724826053559     
  Comptn_2: TXYZ:  0.99999999999813227       U,V,W  0.32345898033629794       0.87476631899554746      -0.36077441038537472     
  Comptn_2: TXYZ:   1.0000000000043765       U,V,W -0.33235353589662964       0.48395924562532500      -0.80952120154764984     
  Comptn_2: TXYZ:   1.0000000000147093       U,V,W  0.30784788909170402       0.82427791234579928       0.47517954545133989     
       1000                  9000                  9000             4.4784610E-01         1.0000000E+30            206719       
 NEXT SEEDS:13490CB7       5       0       0       0       0      10    3039       0       0
  Comptn_2: TXYZ:  0.99999999999879652       U,V,W  0.78025501580360368        9.9731271403413757E-004 -0.62546072273122411     
  Comptn_2: TXYZ:  0.99999999998103273       U,V,W  0.10822923382067984       0.87535027891543693      -0.47122003579038108     
  Comptn_2: TXYZ:   1.0000000000028830       U,V,W -0.37894029646696836       0.66439801102644935      -0.64418905195641685     
  Comptn_2: TXYZ:  0.99999999999859701       U,V,W -0.36743764113329114      -0.35109448496245932       0.86123297806455668     
  Comptn_2: TXYZ:   1.0000000000055320       U,V,W  0.33955195696344731       0.92390109412702515       0.17638377702813557     
  Comptn_2: TXYZ:   1.0000000000051912       U,V,W  0.86488316353858607       0.38190728173688626       0.32576669809699865     
  Comptn_2: TXYZ:   1.0000000000036202       U,V,W  0.58493732831416878       0.30750738419474644      -0.75052483677357884     
  Comptn_2: TXYZ:   1.0000000000019633       U,V,W -0.32859537017290741      -0.78028270166875302      -0.53215034358666458     
  Comptn_2: TXYZ:  0.99999999999893963       U,V,W  0.75546050025088718      -0.64346095959183458       0.12343996938096780     
       1200                  8800                  8800             4.4539759E-01         1.0000000E+30            246976       
 NEXT SEEDS:147E9939       6       0       0       0       0      10    3039       0       0
  *** Eveneu: no downsc. group selected, cusngl, rsngl, igpr ***  0.999999404      0.999999702              73
  Comptn_2: TXYZ:   1.0000000000226170       U,V,W  0.85398327328987023      -0.33434774626806529       0.39865292364311244     
  Comptn_2: TXYZ:   1.0000000000019436       U,V,W -0.76828497418071962      -0.63967722832310159        2.3478543714404054E-002
  Comptn_2: TXYZ:   1.0000000000011209       U,V,W -0.29486875826472669       0.90028536363570311      -0.32021661328523976     
  Comptn_2: TXYZ:   1.0000000000023752       U,V,W -0.61188764578141530       0.24033831910496417       0.75354561992772062     
  Comptn_2: TXYZ:  0.99999999999623290       U,V,W  0.31252520168144216       0.23950873968540520       0.91921899562863452     
  *** Umfnst:amsq,np0,np,kpart  -7.4479549748125476E-018           0           1           7
  Comptn_2: TXYZ:  0.99999999999882438       U,V,W -0.80192601271745900       0.26693335371057358       0.53447287564733159     
  Comptn_2: TXYZ:  0.99999999999822542       U,V,W  -2.0237330169663892E-002 -0.96198275032743041       0.27235939223441896     
  Comptn_2: TXYZ:  0.99999999999808353       U,V,W  0.80996767054417518       0.28612306910405749      -0.51194331912605406     
  Comptn_2: TXYZ:  0.99999999999841438       U,V,W -0.18410593985404944       0.65757690364615584      -0.73054610990683244     
  Comptn_2: TXYZ:  0.99999999999133438       U,V,W  0.73876786366078306       0.59705997382684473       0.31263626032068714     
  *** Umfnst:amsq,np0,np,kpart  -7.5320334777706742E-018           0           1           7
       1400                  8600                  8600             4.4528704E-01         1.0000000E+30            288410       
 NEXT SEEDS:182EE9A3       7       0       0       0       0      10    3039       0       0
  Comptn_2: TXYZ:   1.0000000000025888       U,V,W -0.16826900818810275      -0.14263728205851578      -0.97536667292508028     
  *** Umfnst:amsq,np0,np,kpart  -7.5422262358976858E-018           0           1           7
  Comptn_2: TXYZ:   1.0000000000019391       U,V,W  -8.7833188522452588E-002 -0.75451286381749583       0.65038117233653026     
  Comptn_2: TXYZ:  0.99999999999875888       U,V,W  0.50177081535115242       0.77488221643933386      -0.38442632519985409     
  Comptn_2: TXYZ:   1.0000000000010949       U,V,W  0.30710255074924220      -0.90195056088061776      -0.30360041016366068     
       1600                  8400                  8400             4.4427479E-01         1.0000000E+30            329637       
 NEXT SEEDS:1A69CE02       8       0       0       0       0      10    3039       0       0
  Comptn_2: TXYZ:  0.99999999999895750       U,V,W  0.81086626492348302       0.43479760446515670       0.39172304445789052     
  Comptn_2: TXYZ:   1.0000000000010676       U,V,W  -7.7918934317629862E-002 -0.98612452717075350      -0.14658463967322888     
  Comptn_2: TXYZ:  0.99999999999816269       U,V,W -0.59313922779500672       0.55145754116789192      -0.58658369968655677     
  Comptn_2: TXYZ:  0.99999999999839650       U,V,W  -7.1990739139293325E-002 -0.92642843948284792      -0.36952358516602146     
  Comptn_2: TXYZ:  0.99999999999709477       U,V,W -0.93926740698898215       0.34275650190284068       -1.7167369298075386E-002
       1800                  8200                  8200             4.4465739E-01         1.0000000E+30            370423       
 NEXT SEEDS:1E7051CE       9       0       0       0       0      10    3039       0       0
  Comptn_2: TXYZ:  0.99999999999884270       U,V,W -0.55072993839932849       -4.9946704233661876E-002  0.83318777096505059     
  Comptn_2: TXYZ:  0.99999999999385036       U,V,W  0.21757865246697605       0.86979961027844865      -0.44284101881370930     
  Comptn_2: TXYZ:   1.0000000000021421       U,V,W -0.58051388705347051       -5.9577261488961142E-002 -0.81206784005629018     
  Comptn_2: TXYZ:  0.99999999999775824       U,V,W -0.70168869676550116      -0.69560275057021670      -0.15417453171143336     
  Comptn_2: TXYZ:  0.99999999999859279       U,V,W   5.2764315232181502E-002  0.63629412195663093      -0.76963999207428913     
  Comptn_2: TXYZ:   1.0000000000126887       U,V,W -0.41249946602372667       0.87514663301887907      -0.25290820717910378     
  Comptn_2: TXYZ:  0.99999999999268607       U,V,W  0.13084071442608547      -0.80201861232460203      -0.58279228969340124     
  Comptn_2: TXYZ:  0.99999999999368239       U,V,W -0.34574974491522426        9.2402161313842157E-002 -0.93376600627205875     
       2000                  8000                  8000             4.4515601E-01         1.0000000E+30            409304       
 NEXT SEEDS:22AA4FFA       A       0       0       0       0      10    3039       0       0
  Comptn_2: TXYZ:  0.99999999999834721       U,V,W -0.63522000534587164      -0.67452022716467752       0.37618879296498164     
  Comptn_2: TXYZ:   1.0000000000018763       U,V,W   7.6336864416632011E-002 -0.84471453711948152       0.52974525378896331     
  Comptn_2: TXYZ:  0.99999999993538669       U,V,W  0.90338577994916314      -0.11888935866215888      -0.41201875311438130     
  *** Umfnst:amsq,np0,np,kpart  -1.4811422417617795E-017           0           1           7
  Comptn_2: TXYZ:   1.0000000000025804       U,V,W -0.61387526054171815       0.75605710930617676       0.22701280132407931     
  Comptn_2: TXYZ:  0.99999999998886846       U,V,W  0.59680977817471748        8.7782794520848029E-002 -0.79756646723017610     
  Comptn_2: TXYZ:   1.0000000000015512       U,V,W -0.24209323672658201       0.14474352136828372       0.95939573573927639     
  Comptn_2: TXYZ:  0.99999999999861622       U,V,W  0.84473543642724280       0.48590878867335618      -0.22430936568204984     
       2200                  7800                  7800             4.4360965E-01         1.0000000E+30            450687       
 NEXT SEEDS:23B8BD35       B       0       0       0       0      10    3039       0       0
  Comptn_2: TXYZ:   1.0000000000010525       U,V,W -0.25470803391213792      -0.42735626266716137       0.86746206961504768     
  *** Umfnst:amsq,np0,np,kpart  -7.3970517619732004E-018           0           1           7
  Comptn_2: TXYZ:   1.0000000000016569       U,V,W  0.91348665378490423        1.7120338590558504E-002 -0.40650833615691084     
  Comptn_2: TXYZ:  0.99999999999882039       U,V,W -0.52653648922790808       0.62600174415595689       0.57522268889889006     
  Comptn_2: TXYZ:   1.0000000000038654       U,V,W   8.1173963869659360E-002 -0.71725702614799047      -0.69206440887744947     
  Comptn_2: TXYZ:   1.0000000000011771       U,V,W  0.84780450588418521       0.52555026121909165        7.0883303648983542E-002
  Comptn_2: TXYZ:  0.99999999999889566       U,V,W  -9.0274440197831041E-002  0.81555711482166893       0.57159174058904938     
       2400                  7600                  7600             4.4309695E-01         1.0000000E+30            492529       
 NEXT SEEDS:26538454       C       0       0       0       0      10    3039       0       0
  Comptn_2: TXYZ:   1.0000000000014044       U,V,W -0.87785090464986126      -0.34013684027475222      -0.33717164633867469     
  Comptn_2: TXYZ:   1.0000000000296181       U,V,W  0.91503483333900704       0.39793923048029001       -6.5997141230724310E-002
  Comptn_2: TXYZ:   1.0000000000029829       U,V,W  0.31000386754909925       0.12794553740183545       0.94208680150320490     
  Comptn_2: TXYZ:   1.0000000000012352       U,V,W  0.45724277084690518      -0.73860131667682793      -0.49537575991638505     
  Comptn_2: TXYZ:   1.0000000000011551       U,V,W -0.83230323991704580       0.15936158993297767      -0.53091920334338738     
  Comptn_2: TXYZ:   1.0000000000387212       U,V,W -0.60742915479394810      -0.65289540570620375      -0.45250128303990778     
  Comptn_2: TXYZ:   1.0000000000012532       U,V,W -0.11884475447391374      -0.11881757285249961      -0.98577802202967035     
  Comptn_2: TXYZ:   1.0000000000036340       U,V,W -0.43315644418660426       0.48721620249186515       0.75828481910998136     
  Comptn_2: TXYZ:   1.0000000000015481       U,V,W -0.98853749628909782       -3.7138844365344426E-002  0.14633634091105563     
       2600                  7400                  7400             4.4308591E-01         1.0000000E+30            533228       
 NEXT SEEDS:2989F532       D       0       0       0       0      10    3039       0       0
  Comptn_2: TXYZ:  0.99999999999799905       U,V,W -0.91056910901744814      -0.17972852637207382       0.37223857203316868     
  Comptn_2: TXYZ:  0.99999999999875921       U,V,W  0.38608975120946099       -2.3975611481233727E-002  0.92214959418950926     
  Comptn_2: TXYZ:  0.99999999999825462       U,V,W  0.51769115232758978       0.60971656976259681      -0.60020127903639064     
  Comptn_2: TXYZ:   1.0000000000013529       U,V,W -0.66727315443000634      -0.60675868652054987      -0.43196114838054456     
  Comptn_2: TXYZ:  0.99999999999875522       U,V,W -0.33839196090622181       0.68676944615864244      -0.64330289025912890     
  Comptn_2: TXYZ:   1.0000000000019098       U,V,W  0.50871864928375032       0.37968126894998022      -0.77268846884197728     
  Comptn_2: TXYZ:  0.99999999999759781       U,V,W  0.76399589697110315      -0.61400308990723573      -0.19826869393145330     
  Comptn_2: TXYZ:   1.0000000000029732       U,V,W -0.73561629309973142      -0.20340161283755265       0.64613965458271139     
  Comptn_2: TXYZ:  0.99999999999865885       U,V,W -0.50049704768632797       0.45561474600227569      -0.73615073760827698     
  Comptn_2: TXYZ:   1.0000000000091194       U,V,W  0.73613950203863965       0.56420026690723546      -0.37386721221474772     
  Comptn_2: TXYZ:   1.0000000000017328       U,V,W -0.58652801328027948       0.12642554921237803       0.80000091884045332     
  Comptn_2: TXYZ:  0.99999999999512412       U,V,W  -9.4305953440670720E-002  0.16140070086063929      -0.98237274030912758     
  *** Umfnst:amsq,np0,np,kpart  -1.4724534003669628E-017           0           1           7
  *** Umfnst:amsq,np0,np,kpart  -1.4910486632501190E-017           0           1           7
  Comptn_2: TXYZ:   1.0000000000029869       U,V,W  0.94200854146799529      -0.13599095099209890      -0.30680021032031846     
  Comptn_2: TXYZ:  0.99999999999711842       U,V,W -0.66896292742586638       -7.0138034929172477E-003  0.74326267785184541     
  Comptn_2: TXYZ:   1.0000000000010731       U,V,W -0.53412952374586808      -0.59790415380510353       0.59767572706835637     
  Comptn_2: TXYZ:  0.99999999999847733       U,V,W -0.58431489208453513      -0.48642360151202269      -0.64959078409317694     
       2800                  7200                  7200             4.4362368E-01         1.0000000E+30            573155       
 NEXT SEEDS:2D87C483       E       0       0       0       0      10    3039       0       0
  Comptn_2: TXYZ:  0.99999999999893852       U,V,W  0.90370737693208358       -8.6287416293203023E-002  0.41936554301338946     
  *** Umfnst:amsq,np0,np,kpart  -7.2807127064716918E-018           0           1           7
       3000                  7000                  7000             4.4329759E-01         1.0000000E+30            613982       
 NEXT SEEDS:2FBBBF8B       F       0       0       0       0      10    3039       0       0
  Comptn_2: TXYZ:  0.99999999999788891       U,V,W -0.26949815642862207      -0.46901284553219114      -0.84106937550077276     
  Comptn_2: TXYZ:   1.0000000000014522       U,V,W  0.37228412080331807      -0.90929838940094854      -0.18595959892405034     
  Comptn_2: TXYZ:   1.0000000000129243       U,V,W -0.64390018959267081      -0.39458861605577589      -0.65550924473620853     
  Comptn_2: TXYZ:  0.99999999999886013       U,V,W   7.7060919802613981E-002 -0.64987020637049397      -0.75612851388504509     
  Comptn_2: TXYZ:   1.0000000000274984       U,V,W  0.80563499690936169        6.5242428261740315E-002  0.58880869332650221     
  Comptn_2: TXYZ:   1.0000000000031348       U,V,W -0.13348268999706969       0.14478566324395103       0.98041801451895516     
  Comptn_2: TXYZ:  0.99999999999854616       U,V,W -0.65879092028664843       0.40747861343888303      -0.63242051116036890     
  Comptn_2: TXYZ:  0.99999999999884648       U,V,W  0.82051969567819505      -0.56923606116468228       -5.2131906475082701E-002
  Comptn_2: TXYZ:  0.99999999999880473       U,V,W -0.68100806549301751      -0.69283720985100672       0.23707512602155223     
  *** Umfnst:amsq,np0,np,kpart  -1.4585555739069468E-017           0           1           7
  Comptn_2: TXYZ:   1.0000000000019285       U,V,W  0.33818364232254794      -0.94046364783486780       -3.4058055853456892E-002
       3200                  6800                  6800             4.4362329E-01         1.0000000E+30            655933       
 NEXT SEEDS:345B2D5F      10       0       0       0       0      10    3039       0       0
  Comptn_2: TXYZ:   1.0000000000011742       U,V,W -0.78171269314749203       -6.3542785171222249E-002 -0.62039308492757472     
  Comptn_2: TXYZ:   1.0000000000110079       U,V,W -0.70283240977614980       0.12332279904512689       0.70058410702422691     
  Comptn_2: TXYZ:  0.99999999999797562       U,V,W  0.14084342217012757       0.98935643626221026       -3.6564633950334269E-002
  Comptn_2: TXYZ:  0.99999999999879385       U,V,W -0.29870539716973710      -0.77277237091963968       0.55999816825030990     
  Comptn_2: TXYZ:   1.0000000000011540       U,V,W  0.16698990187771301       0.90367312091443885      -0.39432126902918085     
  Comptn_2: TXYZ:   1.0000000000104408       U,V,W  0.21780872738659696      -0.80841002862354117       0.54683871836726894     
  *** Umfnst:amsq,np0,np,kpart  -1.4944799179819124E-017           0           1           7
  Comptn_2: TXYZ:   1.0000000000014047       U,V,W -0.65469505640295722       0.70410904487179948      -0.27496333583344423     
  Comptn_2: TXYZ:   1.0000000000010858       U,V,W  0.61302953083372103      -0.59694759147889709      -0.51754069149625082     
       3400                  6600                  6600             4.4307719E-01         1.0000000E+30            697944       
 NEXT SEEDS:3670219F      11       0       0       0       0      10    3039       0       0
  *** Umfnst:amsq,np0,np,kpart  -1.0336046954097775E-017           0           1           7
  Comptn_2: TXYZ:   1.0000000000062463       U,V,W  0.78782905258576363       0.55320815994316774      -0.27071408474691339     
  Comptn_2: TXYZ:   1.0000000000082132       U,V,W  0.79060536825765837       -7.6193864564714886E-002 -0.60756698946953946     
  Comptn_2: TXYZ:  0.99999999999878664       U,V,W  0.90623825315977413        7.5842541963993426E-002 -0.41590880891987325     
  Comptn_2: TXYZ:  0.99999999999849032       U,V,W  0.16367117272388043       0.62610894552443597       0.76236430632077656     
  Comptn_2: TXYZ:   1.0000000000011571       U,V,W   9.5550060964263217E-002 -0.40099639327893044      -0.91108291523229212     
  *** Umfnst:amsq,np0,np,kpart  -1.5020259749567174E-017           0           1           7
  Comptn_2: TXYZ:   1.0000000000040277       U,V,W -0.41726580672994373        4.5838589752579040E-002  0.90762771565633216     
  Comptn_2: TXYZ:   1.0000000000020128       U,V,W -0.78673001008262133      -0.60656885003399452      -0.11458674184149231     
       3600                  6400                  6400             4.4254288E-01         1.0000000E+30            739947       
 NEXT SEEDS:385B031D      12       0       0       0       0      10    3039       0       0
  Comptn_2: TXYZ:  0.99999999999878830       U,V,W -0.91030802161071556      -0.17029457854721386      -0.37727849436112848     
  *** Umfnst:amsq,np0,np,kpart  -7.4558481266985506E-018           0           1           7
  Comptn_2: TXYZ:  0.99999999994339772       U,V,W  0.90695180495333716       -8.8865433329544885E-002  0.41175400203815116     
  Comptn_2: TXYZ:   1.0000000000051514       U,V,W  0.76939934853176517      -0.63303306143243887        8.5403662787499002E-002
  Comptn_2: TXYZ:   1.0000000000011893       U,V,W -0.13733783766440411      -0.91517735240147424       0.37893103857863508     
       3800                  6200                  6200             4.4279347E-01         1.0000000E+30            780074       
 NEXT SEEDS:  7B4840      14       0       0       0       0      10    3039       0       0
  Comptn_2: TXYZ:   1.0000000000046236       U,V,W  0.66656481206622975       0.70102680861779021       0.25348129106285455     
  Comptn_2: TXYZ:  0.99999999999723999       U,V,W -0.13409564960350195       0.84547342010158388      -0.51690719926925510     
  *** Umfnst:amsq,np0,np,kpart  -7.3602999406596232E-018           0           1           7
  Comptn_2: TXYZ:  0.99999999999590228       U,V,W -0.86977992306118779      -0.49304526193999720        1.9729549262365254E-002
  Comptn_2: TXYZ:   1.0000000000010654       U,V,W  0.99192118554132636      -0.11215392650188249        5.9277807361315382E-002
  *** Umfnst:amsq,np0,np,kpart  -1.4946668142529910E-017           0           1           7
       4000                  6000                  6000             4.4317351E-01         1.0000000E+30            821508       
 NEXT SEEDS: 519515C      15       0       0       0       0      10    3039       0       0
  Comptn_2: TXYZ:   1.0000000000014391       U,V,W  0.38245101182134533       0.89273165106214236       0.23824655873722378     
  Comptn_2: TXYZ:  0.99999999999304878       U,V,W  0.53259429226821453      -0.18530241696689842      -0.82583674785189487     
  Comptn_2: TXYZ:   1.0000000000011604       U,V,W -0.97551359848201713      -0.13825661144388571       0.17105066082854137     
  Comptn_2: TXYZ:  0.99999999999799782       U,V,W   3.8036798585473264E-002 -0.98687163362026808      -0.15696362861194757     
  Comptn_2: TXYZ:   1.0000000000020244       U,V,W -0.24639052384591764       0.94499284251448579       0.21512842061743243     
  Comptn_2: TXYZ:   1.0000000000091573       U,V,W  -3.1270962235367961E-002  0.62646218098699080       0.77882428231473000     
  Comptn_2: TXYZ:  0.99999999999708478       U,V,W  -1.0357601235355673E-002 -0.93581532270409440      -0.35233847630647119     
  Comptn_2: TXYZ:  0.99999999999834577       U,V,W -0.38861968045620288       0.38321636243692581      -0.83792598928609152     
  Comptn_2: TXYZ:   1.0000000000022076       U,V,W -0.43586198845820157      -0.33593592674606043      -0.83496789168250984     
  Comptn_2: TXYZ:   1.0000000000013367       U,V,W  0.35691188284857667       0.87768898169585086       0.31980612766568584     
  Comptn_2: TXYZ:  0.99999999999348543       U,V,W  0.84851183208797920       0.51229930510305621      -0.13257862871184045     
  Comptn_2: TXYZ:  0.99999999999883760       U,V,W  0.45271880989160707       0.83641607616263869      -0.30895602713955839     
       4200                  5800                  5800             4.4378507E-01         1.0000000E+30            861111       
 NEXT SEEDS: 9F41C5D      16       0       0       0       0      10    3039       0       0
  *** Umfnst:amsq,np0,np,kpart  -7.4039989209478640E-018           0           1           7
  Comptn_2: TXYZ:  0.99999999999831934       U,V,W -0.28749645514926669      -0.64077784823822093       0.71186342614445408     
  Comptn_2: TXYZ:  0.99999999999836897       U,V,W  0.25381055909872785      -0.39066206829795647       0.88485216193527094     
  Comptn_2: TXYZ:  0.99999999999424927       U,V,W  0.12018532142791116       0.62022988566695858      -0.77515829185597340     
  Comptn_2: TXYZ:  0.99999999999519507       U,V,W  -2.1244214679747131E-002  -6.5794819565141438E-002 -0.99760699930194274     
  Comptn_2: TXYZ:  0.99999999999895417       U,V,W  0.75702901844771020      -0.11525001150579683       0.64313645525266594     
  Comptn_2: TXYZ:   1.0000000000013356       U,V,W -0.14314469226078330       -4.4939804894186697E-002  0.98868094500449111     
  Comptn_2: TXYZ:  0.99999999999780509       U,V,W  -7.3758473564899063E-002 -0.16913326206837098      -0.98282939884666298     
  Comptn_2: TXYZ:   1.0000000000010789       U,V,W  0.37697420439559437       0.78518114750395540      -0.49130541908853331     
  Comptn_2: TXYZ:   1.0000000000013296       U,V,W -0.59299144420216920      -0.11026518798529139      -0.79762317884006073     
  Comptn_2: TXYZ:  0.99999999999757594       U,V,W  -6.7209446488618596E-003  0.97671578865174780       0.21443203375194919     
       4400                  5600                  5600             4.4339238E-01         1.0000000E+30            902540       
 NEXT SEEDS: C58AFA2      17       0       0       0       0      10    3039       0       0
  *** Umfnst:amsq,np0,np,kpart  -7.3182409524395037E-018           0           1           7
  *** Umfnst:amsq,np0,np,kpart  -7.2611975489922959E-018           0           1           7
  Comptn_2: TXYZ:   1.0000000000017146       U,V,W -0.75836967598625193        4.4903965131062762E-002  0.65027614784930421     
  *** Umfnst:amsq,np0,np,kpart  -7.4403963276356535E-018           0           1           7
  Comptn_2: TXYZ:  0.99999999999637545       U,V,W -0.18453377745944977      -0.45502453691415212      -0.87114864161002004     
  Comptn_2: TXYZ:  0.99999999999895595       U,V,W   9.9755127798445642E-002  0.69770045141756754      -0.70941031467592452     
  Comptn_2: TXYZ:  0.99999999999886002       U,V,W  0.45962677011129927      -0.88409982382252394       -8.4325166545326624E-002
  Comptn_2: TXYZ:   1.0000000000010321       U,V,W  0.10566205328121114       0.34363175365614040       0.93314133354848039     
  Comptn_2: TXYZ:   1.0000000000104352       U,V,W  -4.6356741232870036E-002   6.1166174142083793E-002 -0.99705052614876255     
  Comptn_2: TXYZ:   1.0000000000323410       U,V,W  0.59621156476353576       0.79082147232472266      -0.13832269873276459     
  Comptn_2: TXYZ:  0.99999999999032385       U,V,W  0.92196280804160224       0.37859659089144948        8.1542638807803769E-002
  Comptn_2: TXYZ:  0.99999999999826983       U,V,W -0.26938385686769095       0.42646250232380500       0.86345936312548943     
  Comptn_2: TXYZ:  0.99999999999892131       U,V,W -0.23219784870494564      -0.84347446989923114      -0.48439134765592939     
       4600                  5400                  5400             4.4342860E-01         1.0000000E+30            942678       
 NEXT SEEDS: FB9CE65      18       0       0       0       0      10    3039       0       0
  Comptn_2: TXYZ:   1.0000000000027482       U,V,W  0.97910927569564876      -0.10711697585477964      -0.17283223001864201     
  *** Umfnst:amsq,np0,np,kpart  -7.4112097617722288E-018           0           1           7
  Comptn_2: TXYZ:  0.99999999999807987       U,V,W -0.98625082046461898      -0.11378990593412652       0.11983812598020904     
  Comptn_2: TXYZ:   1.0000000000012623       U,V,W -0.79958549123607980       0.60055191516600104       -6.6286987227215377E-004
       4800                  5200                  5200             4.4349768E-01         1.0000000E+30            984691       
 NEXT SEEDS:1388DFC5      19       0       0       0       0      10    3039       0       0
  Comptn_2: TXYZ:   1.0000000009298151       U,V,W -0.53552532808885189       0.81306403591497656      -0.22834074845894747     
  Comptn_2: TXYZ:   1.0000000000049847       U,V,W -0.17782670613242146      -0.44904777126970452       0.87563334890169031     
  Comptn_2: TXYZ:   1.0000000000111207       U,V,W -0.31452995543208573      -0.42551532818157511      -0.84853262319697365     
  Comptn_2: TXYZ:   1.0000000000583018       U,V,W -0.26822014591198240      -0.87003037724974774       0.41364851752172171     
  Comptn_2: TXYZ:   1.0000000000050584       U,V,W -0.38451957518917146      -0.11731441061101577       0.91563203600812670     
  Comptn_2: TXYZ:  0.99999999998529043       U,V,W  0.34170730834131291      -0.90556522827109376      -0.25137170238065210     
  Comptn_2: TXYZ:  0.99999999999888156       U,V,W -0.22030588997604639      -0.96504460441376416      -0.14196558150701577     
  Comptn_2: TXYZ:   1.0000000000015954       U,V,W  0.31154707212309063      -0.93521004804403063       0.16828721844099448     
  Comptn_2: TXYZ:  0.99999999999896216       U,V,W -0.16797612556521369       0.76297322672662560      -0.62422421976195608     
  Comptn_2: TXYZ:   1.0000000000027882       U,V,W  0.98099781751731996        7.8935648105300515E-002 -0.17723556496154913     
       5000                  5000                  5000             4.4323590E-01         1.0000000E+30           1027220       
 NEXT SEEDS:1669834E      1A       0       0       0       0      10    3039       0       0
  Comptn_2: TXYZ:   1.0000000000131106       U,V,W  0.34133932224202113       0.86616152875219399       0.36503653682080994     
  Comptn_2: TXYZ:   1.0000000000015163       U,V,W -0.45264294760256263       0.49814949751379345      -0.73956841476224167     
  Comptn_2: TXYZ:   1.0000000000027613       U,V,W  0.22111479199773498      -0.16486164164361128      -0.96121219711213257     
  Comptn_2: TXYZ:  0.99999999999876521       U,V,W  0.75267181323464882      -0.50164651282393180      -0.42642222940698105     
  *** Umfnst:amsq,np0,np,kpart  -3.6531950243179956E-017           0           1           7
  Comptn_2: TXYZ:  0.99999999999683120       U,V,W -0.53944519905084576      -0.67550690866991692       0.50268209989717860     
       5200                  4800                  4800             4.4286031E-01         1.0000000E+30           1068411       
 NEXT SEEDS:18BD0C8D      1B       0       0       0       0      10    3039       0       0
  Comptn_2: TXYZ:   1.0000000000011533       U,V,W -0.57461548971292586       0.81139996998211572      -0.10699125055886327     
  Comptn_2: TXYZ:   1.0000000000016056       U,V,W -0.36653875055231566       0.92985444125945094        3.1938415978679302E-002
  *** Umfnst:amsq,np0,np,kpart  -3.4690472130720947E-018           0           1           7
  Comptn_2: TXYZ:   1.0000000000029887       U,V,W -0.70775930245894614        1.1104586399191874E-002  0.70636637656864565     
  Comptn_2: TXYZ:   1.0000000002072000       U,V,W -0.29636167370654221       0.90519085942762878       0.30462972043733316     
  Comptn_2: TXYZ:  0.99999999999870137       U,V,W  0.81441341643970233       0.24826640178317660      -0.52449459565123036     
  *** Umfnst:amsq,np0,np,kpart  -7.4100002102438310E-018           0           1           7
       5400                  4600                  4600             4.4283462E-01         1.0000000E+30           1109094       
 NEXT SEEDS:1BEB570D      1C       0       0       0       0      10    3039       0       0
  Comptn_2: TXYZ:  0.99999999999749845       U,V,W  0.32848571827047124       0.21872628744035438      -0.91883401334103354     
  Comptn_2: TXYZ:   1.0000000000010825       U,V,W   9.6300273891703370E-002 -0.57226977039398008      -0.81439153184613033     
  Comptn_2: TXYZ:  0.99999999999825406       U,V,W -0.74068037331873171      -0.33422488783397419      -0.58282613953995366     
  Comptn_2: TXYZ:   1.0000000000025937       U,V,W  0.14481296225201490      -0.49797522004399752      -0.85501455320276420     
  Comptn_2: TXYZ:  0.99999999999825628       U,V,W  0.85469257389958742       0.34009015016940225       0.39222352539962202     
  Comptn_2: TXYZ:   1.0000000000010514       U,V,W -0.22464226617677596      -0.70777903800468422      -0.66976464941737390     
  Comptn_2: TXYZ:   1.0000000000030524       U,V,W  0.85733965016267177      -0.14722501468256866       0.49324792884888780     
       5600                  4400                  4400             4.4261005E-01         1.0000000E+30           1150504       
 NEXT SEEDS:1E7D8A97      1D       0       0       0       0      10    3039       0       0
  Comptn_2: TXYZ:   1.0000000000022724       U,V,W -0.70269735648677134       -9.5411478953863593E-002  0.70506246168166697     
  Comptn_2: TXYZ:  0.99999999999850175       U,V,W   2.7836722749484011E-002 -0.96083671863170395       0.27571346901109095     
  Comptn_2: TXYZ:  0.99999999999685829       U,V,W -0.47834867135861359       -3.5614728212863156E-002 -0.87744751395204901     
  Comptn_2: TXYZ:   1.0000000000071281       U,V,W -0.19982831904931686      -0.69406372761882729      -0.69162430908471606     
  Comptn_2: TXYZ:  0.99999999999840650       U,V,W -0.44353317296139494      -0.86258138237027993       0.24337560122037871     
  *** Umfnst:amsq,np0,np,kpart  -7.3615551370799787E-018           0           1           7
  Comptn_2: TXYZ:  0.99999999999777256       U,V,W -0.99007605727368286       -9.9600815349134564E-002   9.9141708644541637E-002
  Comptn_2: TXYZ:   1.0000000000011708       U,V,W   6.5573982842806799E-002  0.82975326385028503       0.55426489506832510     
       5800                  4200                  4200             4.4274727E-01         1.0000000E+30           1190658       
 NEXT SEEDS:2255DD0B      1E       0       0       0       0      10    3039       0       0
  Comptn_2: TXYZ:   1.0000000000011453       U,V,W  0.46904147495460080       0.78822790625071981      -0.39836774791788088     
  Comptn_2: TXYZ:   1.0000000000022213       U,V,W  0.99990348964628128       -1.2202962951590735E-002   6.6407146161064912E-003
  Comptn_2: TXYZ:  0.99999999999611489       U,V,W  0.57451410476400988        1.1031873120472824E-002  0.81842033283562610     
  Comptn_2: TXYZ:  0.99999999999867450       U,V,W -0.77542781678529416       0.63137527888010148        8.7725807685572477E-003
  Comptn_2: TXYZ:  0.99999999999894318       U,V,W   4.5077885675262053E-002 -0.64259951255122871       0.76487505560772107     
  Comptn_2: TXYZ:   1.0000000000017852       U,V,W -0.81480799927377490      -0.57972373575400837        2.8834917495998980E-003
  Comptn_2: TXYZ:   1.0000000000011087       U,V,W -0.80503268586185328      -0.56284754116409630      -0.18741670176558500     
  *** Umfnst:amsq,np0,np,kpart  -7.4416988994044373E-018           0           1           7
       6000                  4000                  4000             4.4269736E-01         1.0000000E+30           1231596       
 NEXT SEEDS:25F5A22B      1F       0       0       0       0      10    3039       0       0
  Comptn_2: TXYZ:  0.99999999999742584       U,V,W -0.54630750574588660        4.4150757504205274E-002 -0.83642024113177627     
  Comptn_2: TXYZ:  0.99999999999894540       U,V,W  0.45465170510423236       0.88996608849319725        3.5386273848459382E-002
  *** Umfnst:amsq,np0,np,kpart  -1.4582306754285656E-017           0           1           7
  Comptn_2: TXYZ:   1.0000000000012497       U,V,W -0.50022377104432536      -0.80457442317934635       0.32005652071011781     
  Comptn_2: TXYZ:   1.0000000000040234       U,V,W -0.20491249522163457      -0.88426819423470393      -0.41961962534057307     
  Comptn_2: TXYZ:  0.99999999999360756       U,V,W  0.72957504379662197       0.40674742788709750       0.54979704016118092     
  Comptn_2: TXYZ:  0.99999999999887579       U,V,W -0.96483214456836208       -7.9374570747347661E-002  0.25059650900434605     
       6200                  3800                  3800             4.4249359E-01         1.0000000E+30           1272636       
 NEXT SEEDS:28745984      20       0       0       0       0      10    3039       0       0
  Comptn_2: TXYZ:   1.0000000000025879       U,V,W -0.20749074491742903       0.96633261883912880      -0.15214749601524602     
  Comptn_2: TXYZ:  0.99999999999784295       U,V,W  0.18441616507914205       0.88983700251265729      -0.41734971788014263     
  Comptn_2: TXYZ:  0.99999999999786726       U,V,W -0.99167124126438644       -5.1871772939392713E-002 -0.11788752444233630     
  *** Umfnst:amsq,np0,np,kpart  -7.3475530341170161E-018           0           1           7
  Comptn_2: TXYZ:  0.99999999999895628       U,V,W -0.66038308888096253      -0.46742825092969831       0.58771166923228435     
  Comptn_2: TXYZ:  0.99999999999894973       U,V,W  0.77143450666000035       0.13507800626142341      -0.62180602615094571     
  Comptn_2: TXYZ:  0.99999999999899802       U,V,W  0.55933890880901238      -0.82874514196181792        1.7929717399546519E-002
  Comptn_2: TXYZ:  0.99999999999593436       U,V,W   4.8089797162845116E-002 -0.97410307539597607      -0.22093114291306293     
  Comptn_2: TXYZ:  0.99999999999792544       U,V,W -0.79861559580548658       0.53012953586100764       0.28491368051037114     
       6400                  3600                  3600             4.4228822E-01         1.0000000E+30           1314591       
 NEXT SEEDS:2B23E2B2      21       0       0       0       0      10    3039       0       0
  Comptn_2: TXYZ:  0.99999999999664413       U,V,W  0.54683414567262645      -0.70907375829922614      -0.44518178580726264     
  *** Umfnst:amsq,np0,np,kpart  -1.4832235580605712E-017           0           1           7
  *** Umfnst:amsq,np0,np,kpart  -1.4984006916154813E-017           0           1           7
  Comptn_2: TXYZ:   1.0000000000010201       U,V,W  0.23935043001102940       -3.2744005306209800E-002 -0.97038095703237204     
  Comptn_2: TXYZ:   1.0000000000012856       U,V,W  0.93530360657432077       0.15850915473455984      -0.31635741084363644     
  *** Umfnst:amsq,np0,np,kpart  -2.2286859407042269E-017           0           1           7
  Comptn_2: TXYZ:  0.99999999999691946       U,V,W  0.30534026876480169      -0.31100637289524258      -0.90002353096244292     
  Comptn_2: TXYZ:  0.99999999999832356       U,V,W  0.39470530762214828      -0.23478602647330149      -0.88830357530863679     
  Comptn_2: TXYZ:   1.0000000000043743       U,V,W -0.29250755466134137       0.68831970428342770      -0.66381873667861413     
  Comptn_2: TXYZ:   1.0000000000013691       U,V,W  0.10985029904349375       0.54933649905050430      -0.82834915501397077     
  Comptn_2: TXYZ:  0.99999999998935030       U,V,W -0.47913624033422764      -0.32452667575785199       0.81554331577745742     
  Comptn_2: TXYZ:   1.0000000000019811       U,V,W -0.40012688787462025      -0.62117703492557297       0.67382309613341818     
  Comptn_2: TXYZ:  0.99999999999837041       U,V,W  0.89387339112809983        1.0551909010494853E-002  0.44819528985449608     
       6600                  3400                  3400             4.4225087E-01         1.0000000E+30           1354551       
 NEXT SEEDS:2E25610D      22       0       0       0       0      10    3039       0       0
  Comptn_2: TXYZ:   1.0000000000015299       U,V,W  0.22490015625037074       0.17488722047062311      -0.95855849056598963     
  Comptn_2: TXYZ:  0.99999999998871036       U,V,W  0.18467312018591997       0.54542431982056883       0.81756232179435528     
  *** Umfnst:amsq,np0,np,kpart  -1.4709547629798204E-017           0           1           7
  Comptn_2: TXYZ:   1.0000000000013680       U,V,W  0.12614440433866303        9.7220583622387835E-002 -0.98723641919022320     
  Comptn_2: TXYZ:  0.99999999999617661       U,V,W -0.89192961292349082       0.22447856378359177      -0.39251871291440921     
       6800                  3200                  3200             4.4241510E-01         1.0000000E+30           1394881       
 NEXT SEEDS:322D883F      23       0       0       0       0      10    3039       0       0
  Comptn_2: TXYZ:  0.99999999999442990       U,V,W -0.34256030039440688       0.82181921191319418       0.45526434465978127     
  Comptn_2: TXYZ:   1.0000000000357319       U,V,W  0.72149107274555035      -0.60674251551279212      -0.33363775543756446     
  Comptn_2: TXYZ:   1.0000000000013689       U,V,W -0.88859667780526230      -0.41222001507054173      -0.20117306820263536     
  Comptn_2: TXYZ:  0.99999999999876565       U,V,W  0.59685326918966108       0.75893764356003857      -0.26034559386307166     
  Comptn_2: TXYZ:   1.0000000000020550       U,V,W   5.8214412020042516E-002  0.53339224304229305      -0.84386242794517585     
  Comptn_2: TXYZ:  0.99999999999858025       U,V,W -0.68270895173070123      -0.70399331395054077       0.19570871502894960     
  Comptn_2: TXYZ:   1.0000000000018299       U,V,W -0.92279482708121563       0.31138272141183876      -0.22691519984376640     
  Comptn_2: TXYZ:   1.0000000001920564       U,V,W -0.12751445486719604      -0.98628090034355864       0.10483343745903539     
  *** Umfnst:amsq,np0,np,kpart  -7.4657708685590094E-018           0           1           7
  Comptn_2: TXYZ:   1.0000000000037499       U,V,W -0.29768789323097167      -0.47040790917946068      -0.83072156418914744     
  Comptn_2: TXYZ:  0.99999999999704303       U,V,W  0.25786086599348579       0.46570228741528297      -0.84653951666907190     
  Comptn_2: TXYZ:   1.0000000000010145       U,V,W -0.77924892144701374      -0.14452413448475454      -0.60982283736845488     
       7000                  3000                  3000             4.4240685E-01         1.0000000E+30           1434311       
 NEXT SEEDS:35421FA5      24       0       0       0       0      10    3039       0       0
  Comptn_2: TXYZ:   1.0000000000021918       U,V,W  -7.6177274470637713E-002  0.64294490605487908      -0.76211473587282086     
  Comptn_2: TXYZ:  0.99999999999065703       U,V,W  0.98070857023420821        6.0634425733383068E-002 -0.18583370704964963     
  Comptn_2: TXYZ:  0.99999999999623668       U,V,W -0.54399904078562611       -7.5103250475393679E-002 -0.83571798197034486     
  Comptn_2: TXYZ:  0.99999999999876144       U,V,W -0.86104176826100431       0.27521930651668924      -0.42762297252275516     
  Comptn_2: TXYZ:  0.99999999999886080       U,V,W   2.6287447553514198E-002  0.99389351480127175       0.10716646553822784     
  Comptn_2: TXYZ:  0.99999999999285394       U,V,W  0.34094601994729601       0.86078328970810958      -0.37789937765791137     
       7200                  2800                  2800             4.4260933E-01         1.0000000E+30           1475440       
 NEXT SEEDS:39E990E6      25       0       0       0       0      10    3039       0       0
  *** Umfnst:amsq,np0,np,kpart  -1.5053192867863279E-017           0           1           7
  Comptn_2: TXYZ:  0.99999999999851119       U,V,W -0.98801663765890524        8.6370325544663729E-002  0.12791907822139592     
  Comptn_2: TXYZ:  0.99999999999854428       U,V,W  -9.6751622207520427E-002  0.42945222060235827       0.89789192769423032     
  Comptn_2: TXYZ:  0.99999999999757072       U,V,W  0.80768909733248151      -0.54876130535497225       0.21563708352906019     
  Comptn_2: TXYZ:  0.99999999999420508       U,V,W -0.48231391700713289      -0.58872775602018979      -0.64867011241992145     
  *** Umfnst:amsq,np0,np,kpart  -3.4618319043990363E-018           0           1           7
  Comptn_2: TXYZ:   1.0000000000042486       U,V,W  0.76729138707253242       0.22575488819776979      -0.60024882988921391     
  Comptn_2: TXYZ:   1.0000000000069460       U,V,W  0.14828374773162523       0.89161570379521926       0.42782399057482223     
  Comptn_2: TXYZ:  0.99999999999898492       U,V,W -0.73972915628159797      -0.58046742101703863       0.34037971220936214     
  Comptn_2: TXYZ:   1.0000000000011378       U,V,W  0.72297869181812757      -0.59412673155933882       0.35258366102912930     
  Comptn_2: TXYZ:   1.0000000000013722       U,V,W -0.42952797342656623      -0.21589031388817403      -0.87686777362080370     
  Comptn_2: TXYZ:   1.0000000014417627       U,V,W  -4.0356411313723584E-002 -0.93110220839287194      -0.36251901885771076     
       7400                  2600                  2600             4.4249714E-01         1.0000000E+30           1516784       
 NEXT SEEDS: 14132C3      27       0       0       0       0      10    3039       0       0
  Comptn_2: TXYZ:  0.99999999999877531       U,V,W  0.14715326821774966       0.73617721195891928       0.66059747823012671     
  Comptn_2: TXYZ:  0.99999999999805478       U,V,W -0.14359408611893087       0.96742356959850939      -0.20850030075518333     
  Comptn_2: TXYZ:   1.0000000000013256       U,V,W  0.89564167203282707       0.31584463259802931      -0.31315836788849083     
  Comptn_2: TXYZ:   1.0000000000017659       U,V,W  0.83598420329759193      -0.17534258102782907       0.51998595280753079     
  Comptn_2: TXYZ:   1.0000000000013505       U,V,W -0.99856019899013315       -3.8463080754993939E-002   3.7391448393596427E-002
  Comptn_2: TXYZ:  0.99999999999812372       U,V,W -0.73946425554032658      -0.47650348104499685       0.47553869172583063     
  Comptn_2: TXYZ:  0.99999999999635025       U,V,W -0.96217813096091520       0.20392745202592266      -0.18062900821054484     
  Comptn_2: TXYZ:   1.0000000000013418       U,V,W -0.37595587591489910      -0.80503899643557020       0.45887840827872139     
  *** Umfnst:amsq,np0,np,kpart  -1.5053564986860096E-017           0           1           7
       7600                  2400                  2400             4.4244029E-01         1.0000000E+30           1557556       
 NEXT SEEDS: 441B221      28       0       0       0       0      10    3039       0       0
  Comptn_2: TXYZ:   1.0000000000044533       U,V,W -0.15867522262288958       0.97705290705363979      -0.14209078276954301     
  Comptn_2: TXYZ:  0.99999999999621969       U,V,W  0.15637441554915910       0.85344545589397569      -0.49716988642897775     
  Comptn_2: TXYZ:  0.99999999999868172       U,V,W -0.80440036393004988       0.58585475457337211        9.8560950947415904E-002
  Comptn_2: TXYZ:   1.0000000000037841       U,V,W -0.50073314135885028      -0.75188504621440444       0.42887667041685162     
  Comptn_2: TXYZ:   1.0000000000013132       U,V,W  0.24981279084527586       0.42913531799214238       0.86800717069802502     
  Comptn_2: TXYZ:  0.99999999999765354       U,V,W   7.3567909679823629E-002 -0.37271616828991228      -0.92502455132730432     
  *** Umfnst:amsq,np0,np,kpart  -1.5079795375750876E-017           0           1           7
       7800                  2200                  2200             4.4228247E-01         1.0000000E+30           1599380       
 NEXT SEEDS: 675327B      29       0       0       0       0      10    3039       0       0
  Comptn_2: TXYZ:   1.0000000000105296       U,V,W -0.85951246617334220       0.48458464047286753       0.16253014096139395     
  Comptn_2: TXYZ:  0.99999999999685840       U,V,W -0.65624686635827345      -0.29622343771463022       0.69396810109711193     
  Comptn_2: TXYZ:   1.0000000000010487       U,V,W -0.35042222634912434       0.65852628569318350       0.66599353925748517     
  Comptn_2: TXYZ:  0.99999999999775024       U,V,W  0.67738837320249701      -0.72698150179657617      -0.11244059717655119     
  Comptn_2: TXYZ:   1.0000000000012468       U,V,W  0.13709084532126781       0.95028373738424410      -0.27958347339100698     
  Comptn_2: TXYZ:   1.0000000000024984       U,V,W -0.89792696634093261       0.14157383219200881      -0.41675413994192922     
  Comptn_2: TXYZ:  0.99999999999087075       U,V,W -0.20591286582160251       0.95043671468179269       0.23295910170003253     
       8000                  2000                  2000             4.4204356E-01         1.0000000E+30           1640634       
 NEXT SEEDS: 887F855      2A       0       0       0       0      10    3039       0       0
  Comptn_2: TXYZ:  0.99999999999140421       U,V,W  -7.2105774104088027E-002  0.70072513662829294       0.70977816268853644     
  Comptn_2: TXYZ:   1.0000000000031359       U,V,W  0.17341985534412885      -0.31817566689292676       0.93203529910234550     
  Comptn_2: TXYZ:   1.0000000000017120       U,V,W -0.69326168584271741      -0.71391738128523663        9.8540385847911693E-002
  Comptn_2: TXYZ:  0.99999999999826694       U,V,W  0.51108325773041940       0.15144397238371532      -0.84608429065582413     
  Comptn_2: TXYZ:  0.99999999999787970       U,V,W  0.37801801352888198      -0.56156887369539277      -0.73603178025275895     
  Comptn_2: TXYZ:   1.0000000000010612       U,V,W  0.56442508017136461       0.51422995690730033       0.64574908462476799     
  Comptn_2: TXYZ:  0.99999999999838540       U,V,W  0.99944403463419018        3.1989555818142890E-002  -9.3962732545946892E-003
  Comptn_2: TXYZ:  0.99999999999893674       U,V,W  0.38050389612953683      -0.92421607817760276       -3.2271130553340299E-002
  Comptn_2: TXYZ:   1.0000000000114855       U,V,W  0.41097045254969089       0.37548230727099963       0.83073240220243871     
  Comptn_2: TXYZ:   1.0000000000010429       U,V,W -0.18782857350609561       0.71104405275842453      -0.67759632674076897     
       8200                  1800                  1800             4.4211453E-01         1.0000000E+30           1682109       
 NEXT SEEDS: C530EE5      2B       0       0       0       0      10    3039       0       0
  *** Umfnst:amsq,np0,np,kpart  -7.5403066265272192E-018           0           1           7
  Comptn_2: TXYZ:   1.0000000000011826       U,V,W  0.91167018547762524        8.7207808481174709E-002 -0.40156228788605830     
  Comptn_2: TXYZ:  0.99999999999682609       U,V,W -0.82496726508171037       0.20891071619526258      -0.52515266751603917     
  Comptn_2: TXYZ:   1.0000000000010696       U,V,W  0.21389858563928499      -0.19518379769088645       0.95715760467205513     
  Comptn_2: TXYZ:  0.99999999999889377       U,V,W  0.40999422820839726       0.48722982171488027       0.77104593486145845     
  *** Umfnst:amsq,np0,np,kpart  -7.4364442718056164E-018           0           1           7
  Comptn_2: TXYZ:   1.0000000000074656       U,V,W  -2.1167910172493976E-002  0.11309984317287917       0.99335811521357442     
       8400                  1600                  1600             4.4225581E-01         1.0000000E+30           1723484       
 NEXT SEEDS:10AB3104      2C       0       0       0       0      10    3039       0       0
  Comptn_2: TXYZ:  0.99999999999857914       U,V,W -0.32143613129714765      -0.20266410376483343      -0.92498976996532178     
  Comptn_2: TXYZ:   1.0000000000312106       U,V,W   2.2698443562035209E-002  0.99874517947689145        4.4641316767581429E-002
  Comptn_2: TXYZ:  0.99999999999817701       U,V,W  0.36076044311177213      -0.66541663813569585       0.65350791913806461     
  Comptn_2: TXYZ:   1.0000000000011307       U,V,W  -9.3784696632418729E-002  0.92121170656458640       0.37758895954073957     
  Comptn_2: TXYZ:  0.99999999996577993       U,V,W  0.91555661643641884      -0.18317467940848076       0.35805463115127623     
  Comptn_2: TXYZ:  0.99999999999798750       U,V,W  -5.7894195505987511E-002 -0.50472968159929366      -0.86133397160298841     
  Comptn_2: TXYZ:   1.0000000000010509       U,V,W  0.12273711213420313       0.85515079888825096       0.50363946674857907     
  Comptn_2: TXYZ:  0.99999999999884603       U,V,W -0.29860763756637709       0.25804694217996793      -0.91882819635524982     
  Comptn_2: TXYZ:   1.0000000000012910       U,V,W  0.99259946650135089       -5.1370686406229993E-002  0.11003341165608482     
  Comptn_2: TXYZ:   1.0000000000010396       U,V,W  0.95542149719844005       0.12102812522295636       0.26929900779087035     
  Comptn_2: TXYZ:  0.99999999999897493       U,V,W -0.43543129081629672      -0.35572611585778396      -0.82695738794315332     
       8600                  1400                  1400             4.4221087E-01         1.0000000E+30           1763554       
 NEXT SEEDS:13DF3D05      2D       0       0       0       0      10    3039       0       0
  Comptn_2: TXYZ:  0.99999999999855382       U,V,W -0.80651892963331662       0.35653970438917781       0.47160010107691974     
  Comptn_2: TXYZ:  0.99999999990737476       U,V,W -0.68582279916159905      -0.61677827654814621      -0.38630511986747251     
  Comptn_2: TXYZ:  0.99999999998728573       U,V,W   8.2981327970912844E-002  0.34133462188498243       0.93627174212303643     
  Comptn_2: TXYZ:  0.99999999999885825       U,V,W -0.62681997760780916      -0.43216411031744428       0.64832931248258063     
  Comptn_2: TXYZ:   1.0000000000012819       U,V,W -0.73204174546316780       0.26193770501157587       0.62889070719306162     
  Comptn_2: TXYZ:   1.0000000000014584       U,V,W  0.60075495321643313       -2.1493890741766108E-002 -0.79914422906516736     
  Comptn_2: TXYZ:   1.0000000000052478       U,V,W -0.21749736364384376      -0.85546593018874972      -0.46997121092628902     
  Comptn_2: TXYZ:  0.99999999999865774       U,V,W  0.89198581137650024       0.42086084887731090       0.16503774775466873     
  Comptn_2: TXYZ:  0.99999999999661848       U,V,W  0.33483424387935656      -0.14797032491008186       0.93058627330751165     
  Comptn_2: TXYZ:   1.0000000000013689       U,V,W  -9.9741001369011428E-003 -0.95646708612912335       0.29166972842496364     
       8800                  1200                  1200             4.4263528E-01         1.0000000E+30           1804305       
 NEXT SEEDS:1A27A6E6      2E       0       0       0       0      10    3039       0       0
  Comptn_2: TXYZ:   1.0000000000018350       U,V,W -0.80592127809655523       0.59182057277543265       -1.5469426389131513E-002
  Comptn_2: TXYZ:  0.99999999999889322       U,V,W  0.74036822185524187      -0.64682475790390370      -0.18295526400832784     
  Comptn_2: TXYZ:  0.99999999999739009       U,V,W -0.67715971944643627      -0.52295254226599042       0.51766335865517021     
  *** Umfnst:amsq,np0,np,kpart  -7.2809731848971595E-018           0           1           7
  Comptn_2: TXYZ:   1.0000000000031795       U,V,W -0.34574455999555109       0.18603826009602642       0.91970129119030020     
  Comptn_2: TXYZ:   1.0000000000020512       U,V,W  0.88161573981567631      -0.42965304768631540      -0.19532523115350386     
  Comptn_2: TXYZ:  0.99999999999871492       U,V,W  -2.1701577900557822E-002   5.7990220470388820E-002 -0.99808124711625390     
       9000                  1000                  1000             4.4253476E-01         1.0000000E+30           1845396       
 NEXT SEEDS:1CD66226      2F       0       0       0       0      10    3039       0       0
  Comptn_2: TXYZ:  0.99999999999897127       U,V,W  -4.7349599216559568E-003  0.92359072610259363       0.38335068907045855     
  Comptn_2: TXYZ:   1.0000000000576801       U,V,W  0.86873490749511006      -0.33718139883319509       0.36277867197236446     
  Comptn_2: TXYZ:  0.99999999999771894       U,V,W  0.60528083875168370      -0.77802965746487374      -0.16824077491163791     
  Comptn_2: TXYZ:  0.99999999999835765       U,V,W  0.79475951111402310       0.57312134851689223      -0.19972290646376933     
  Comptn_2: TXYZ:   1.0000000000088538       U,V,W -0.42526743819158241       0.67622997233497273      -0.60154852716856055     
  Comptn_2: TXYZ:   1.0000000000554365       U,V,W -0.19715856315769997       0.78248245314966880      -0.59063500704064609     
  Comptn_2: TXYZ:   1.0000000000011386       U,V,W  0.87919085817069131       0.18010473858159060      -0.44111871197068808     
       9200                   800                   800             4.4259111E-01         1.0000000E+30           1885599       
 NEXT SEEDS:203EBD0A      30       0       0       0       0      10    3039       0       0
  Comptn_2: TXYZ:   1.0000000000010285       U,V,W -0.56387199135222943      -0.74678113901212129      -0.35265607578100600     
  Comptn_2: TXYZ:  0.99999999999898659       U,V,W  0.76987731387146141       0.39196622814524318       0.50363816136055561     
  Comptn_2: TXYZ:   1.0000000000034113       U,V,W  0.79780037932700765        9.7406699702375477E-002 -0.59500125176522545     
  *** Umfnst:amsq,np0,np,kpart  -7.4141362685629919E-018           0           1           7
       9400                   600                   600             4.4245931E-01         1.0000000E+30           1926696       
 NEXT SEEDS:22A074F4      31       0       0       0       0      10    3039       0       0
  Comptn_2: TXYZ:  0.99999999999826594       U,V,W -0.37190869945887073      -0.33328361119767180      -0.86637518072259923     
  Comptn_2: TXYZ:   1.0000000000011591       U,V,W  0.98165863303992396       -9.7432673160540162E-003 -0.19039799610645858     
  Comptn_2: TXYZ:  0.99999999999740175       U,V,W -0.94860835720682801        3.6137015569096320E-002 -0.31438241162718317     
  Comptn_2: TXYZ:  0.99999999999869416       U,V,W -0.82993314999568790      -0.20761506188466683      -0.51779045241830701     
  Comptn_2: TXYZ:   1.0000000000045766       U,V,W  0.64877941079812729      -0.41010001364730897       0.64101735930900361     
       9600                   400                   400             4.4261900E-01         1.0000000E+30           1967527       
 NEXT SEEDS:26E109F1      32       0       0       0       0      10    3039       0       0
  Comptn_2: TXYZ:  0.99999999999868439       U,V,W -0.15470932488756173       0.87831514511681164      -0.45235774631363768     
  Comptn_2: TXYZ:  0.99999999999814992       U,V,W -0.70187458954162096      -0.60340908517118663       0.37850962535555510     
  Comptn_2: TXYZ:   1.0000000000121707       U,V,W  0.90014783371773532      -0.12087973805864749       0.41847576559737831     
  Comptn_2: TXYZ:  0.99999999999110223       U,V,W -0.80760153575696592      -0.16053439627479804      -0.56745789892006826     
  Comptn_2: TXYZ:  0.99999999999818812       U,V,W  0.17604159722527157      -0.77320967566683763       0.60922586410931956     
  Comptn_2: TXYZ:  0.99999999999820466       U,V,W -0.53817062676719019       0.79910627520806088       0.26795808889882977     
  Comptn_2: TXYZ:   1.0000000000013305       U,V,W -0.48846387148483572      -0.71449640526098079      -0.50089712828535227     
  Comptn_2: TXYZ:   1.0000000000020115       U,V,W  0.49632887641276113      -0.67881267813326929      -0.54117556711883807     
  Comptn_2: TXYZ:   1.0000000000023190       U,V,W  0.42116492006331274       0.22989770443804503      -0.87736375329990679     
  Comptn_2: TXYZ:  0.99999999999679978       U,V,W -0.92190962517075192       0.36788141908445482       0.12143271596539051     
  Comptn_2: TXYZ:  0.99999999997733569       U,V,W -0.64660613069440842       -4.8434869859370622E-003 -0.76280866038578665     
  Comptn_2: TXYZ:   1.0000000000040170       U,V,W -0.63267937450412148      -0.48573698060320680      -0.60313878565017731     
  Comptn_2: TXYZ:  0.99999999999869715       U,V,W   9.3213882675293291E-002  0.62624838673922056      -0.77403109122425917     
  Comptn_2: TXYZ:   1.0000000000105593       U,V,W  0.33215138950262713      -0.90970818297031997      -0.24921170979484941     
  Comptn_2: TXYZ:   1.0000000000035059       U,V,W  0.90479488525939189      -0.41136513741109582       0.11011330226044436     
       9800                   200                   200             4.4261209E-01         1.0000000E+30           2009028       
 NEXT SEEDS:29DF92A2      33       0       0       0       0      10    3039       0       0
  Comptn_2: TXYZ:  0.99999999983738541       U,V,W  0.80164316917228007       0.58155251899722771      -0.13843733891110332     
  Comptn_2: TXYZ:   1.0000000000011207       U,V,W -0.95461605607575439      -0.22240647337967445      -0.19809983867310166     
  Comptn_2: TXYZ:  0.99999999999291822       U,V,W -0.97248338511290910       -9.5590474190657915E-002 -0.21245829453391707     
  *** Umfnst:amsq,np0,np,kpart  -3.3463570360807633E-018           0           1           7
  *** Umfnst:amsq,np0,np,kpart  -7.4279795976749678E-018           0           1           7
  *** Umfnst:amsq,np0,np,kpart  -7.2981048061561637E-018           0           1           7
  Comptn_2: TXYZ:   1.0000000000010039       U,V,W -0.98997277898464109       -4.9033602087135530E-002  0.13247491361307340     
  Comptn_2: TXYZ:  0.99999999999664180       U,V,W  0.11985581896458086      -0.97598174279945482      -0.18191816945844153     
       9950                    50                    50             4.4286057E-01         1.0000000E+30           2039277       
 NEXT SEEDS:1F1AAAE0      34       0       0       0       0      10    3039       0       0
       9951                    49                    49             4.4285047E-01         1.0000000E+30           2039472       
 NEXT SEEDS:1F56D3C0      34       0       0       0       0      10    3039       0       0
       9952                    48                    48             4.4284252E-01         1.0000000E+30           2039721       
 NEXT SEEDS:1F995A9B      34       0       0       0       0      10    3039       0       0
       9953                    47                    47             4.4283772E-01         1.0000000E+30           2040026       
 NEXT SEEDS:1FE17311      34       0       0       0       0      10    3039       0       0
       9954                    46                    46             4.4283276E-01         1.0000000E+30           2040264       
 NEXT SEEDS:202A2EAF      34       0       0       0       0      10    3039       0       0
       9955                    45                    45             4.4283233E-01         1.0000000E+30           2040466       
 NEXT SEEDS:207F4C1E      34       0       0       0       0      10    3039       0       0
       9956                    44                    44             4.4283557E-01         1.0000000E+30           2040678       
 NEXT SEEDS:20D82BD6      34       0       0       0       0      10    3039       0       0
       9957                    43                    43             4.4283680E-01         1.0000000E+30           2040987       
 NEXT SEEDS:21342B00      34       0       0       0       0      10    3039       0       0
       9958                    42                    42             4.4283386E-01         1.0000000E+30           2041102       
 NEXT SEEDS:21798C7F      34       0       0       0       0      10    3039       0       0
       9959                    41                    41             4.4281312E-01         1.0000000E+30           2041258       
 NEXT SEEDS:21A2A4F4      34       0       0       0       0      10    3039       0       0
       9960                    40                    40             4.4282960E-01         1.0000000E+30           2041369       
 NEXT SEEDS:220D68F0      34       0       0       0       0      10    3039       0       0
       9961                    39                    39             4.4284088E-01         1.0000000E+30           2041534       
 NEXT SEEDS:2274F652      34       0       0       0       0      10    3039       0       0
       9962                    38                    38             4.4282471E-01         1.0000000E+30           2041795       
 NEXT SEEDS:22A81A1A      34       0       0       0       0      10    3039       0       0
       9963                    37                    37             4.4282104E-01         1.0000000E+30           2042014       
 NEXT SEEDS:22F555CF      34       0       0       0       0      10    3039       0       0
       9964                    36                    36             4.4280742E-01         1.0000000E+30           2042238       
 NEXT SEEDS:232CB6C1      34       0       0       0       0      10    3039       0       0
       9965                    35                    35             4.4280630E-01         1.0000000E+30           2042414       
 NEXT SEEDS:23792A9E      34       0       0       0       0      10    3039       0       0
       9966                    34                    34             4.4279082E-01         1.0000000E+30           2042676       
 NEXT SEEDS:23AEF8A2      34       0       0       0       0      10    3039       0       0
       9967                    33                    33             4.4279014E-01         1.0000000E+30           2042885       
 NEXT SEEDS:23F9F790      34       0       0       0       0      10    3039       0       0
       9968                    32                    32             4.4277987E-01         1.0000000E+30           2043065       
 NEXT SEEDS:24362BF6      34       0       0       0       0      10    3039       0       0
       9969                    31                    31             4.4277953E-01         1.0000000E+30           2043274       
 NEXT SEEDS:2487CB0A      34       0       0       0       0      10    3039       0       0
       9970                    30                    30             4.4278919E-01         1.0000000E+30           2043528       
 NEXT SEEDS:24EF3719      34       0       0       0       0      10    3039       0       0
       9971                    29                    29             4.4278983E-01         1.0000000E+30           2043767       
 NEXT SEEDS:253E7667      34       0       0       0       0      10    3039       0       0
  Comptn_2: TXYZ:  0.99999999999770295       U,V,W  0.93302697764894749       0.20919145008164719      -0.29274493367044130     
       9972                    28                    28             4.4278578E-01         1.0000000E+30           2044067       
 NEXT SEEDS:2589DA2F      34       0       0       0       0      10    3039       0       0
       9973                    27                    27             4.4279592E-01         1.0000000E+30           2044239       
 NEXT SEEDS:25EDE204      34       0       0       0       0      10    3039       0       0
       9974                    26                    26             4.4280538E-01         1.0000000E+30           2044444       
 NEXT SEEDS:26542C0E      34       0       0       0       0      10    3039       0       0
       9975                    25                    25             4.4280372E-01         1.0000000E+30           2044495       
 NEXT SEEDS:269A400E      34       0       0       0       0      10    3039       0       0
  *** Emfgeo: Ncoun  2000000000
       9976                    24                    24             4.4280020E-01         1.0000000E+30           2044690       
 NEXT SEEDS:26E1EF2D      34       0       0       0       0      10    3039       0       0
       9977                    23                    23             4.4279747E-01         1.0000000E+30           2044844       
 NEXT SEEDS:2729A37C      34       0       0       0       0      10    3039       0       0
       9978                    22                    22             4.4279713E-01         1.0000000E+30           2044969       
 NEXT SEEDS:2776118A      34       0       0       0       0      10    3039       0       0
       9979                    21                    21             4.4280032E-01         1.0000000E+30           2045142       
 NEXT SEEDS:27CA7213      34       0       0       0       0      10    3039       0       0
       9980                    20                    20             4.4280297E-01         1.0000000E+30           2045298       
 NEXT SEEDS:281D0166      34       0       0       0       0      10    3039       0       0
       9981                    19                    19             4.4281002E-01         1.0000000E+30           2045407       
 NEXT SEEDS:287425A8      34       0       0       0       0      10    3039       0       0
       9982                    18                    18             4.4280245E-01         1.0000000E+30           2045614       
 NEXT SEEDS:28B5B932      34       0       0       0       0      10    3039       0       0
  Comptn_2: TXYZ:   1.0000000000011722       U,V,W  0.33413441653782172      -0.32533268495223078       0.88459755583421895     
       9983                    17                    17             4.4280969E-01         1.0000000E+30           2045841       
 NEXT SEEDS:2912CB06      34       0       0       0       0      10    3039       0       0
       9984                    16                    16             4.4281151E-01         1.0000000E+30           2045982       
 NEXT SEEDS:296223CE      34       0       0       0       0      10    3039       0       0
       9985                    15                    15             4.4280662E-01         1.0000000E+30           2046186       
 NEXT SEEDS:29A7DBD8      34       0       0       0       0      10    3039       0       0
       9986                    14                    14             4.4280614E-01         1.0000000E+30           2046455       
 NEXT SEEDS:29F93B6F      34       0       0       0       0      10    3039       0       0
       9987                    13                    13             4.4279740E-01         1.0000000E+30           2046635       
 NEXT SEEDS:2A362D68      34       0       0       0       0      10    3039       0       0
       9988                    12                    12             4.4279872E-01         1.0000000E+30           2046819       
 NEXT SEEDS:2A854E2E      34       0       0       0       0      10    3039       0       0
       9989                    11                    11             4.4279853E-01         1.0000000E+30           2047114       
 NEXT SEEDS:2ADB6773      34       0       0       0       0      10    3039       0       0
       9990                    10                    10             4.4281814E-01         1.0000000E+30           2047267       
 NEXT SEEDS:2B563E2E      34       0       0       0       0      10    3039       0       0
       9991                     9                     9             4.4280862E-01         1.0000000E+30           2047498       
 NEXT SEEDS:2B96B2FE      34       0       0       0       0      10    3039       0       0
       9992                     8                     8             4.4280046E-01         1.0000000E+30           2047729       
 NEXT SEEDS:2BD6CCAA      34       0       0       0       0      10    3039       0       0
       9993                     7                     7             4.4279421E-01         1.0000000E+30           2047879       
 NEXT SEEDS:2C17BE36      34       0       0       0       0      10    3039       0       0
       9994                     6                     6             4.4280414E-01         1.0000000E+30           2048042       
 NEXT SEEDS:2C7EDB0F      34       0       0       0       0      10    3039       0       0
       9995                     5                     5             4.4280004E-01         1.0000000E+30           2048341       
 NEXT SEEDS:2CCC2A96      34       0       0       0       0      10    3039       0       0
       9996                     4                     4             4.4282438E-01         1.0000000E+30           2048564       
 NEXT SEEDS:2D4F055A      34       0       0       0       0      10    3039       0       0
       9997                     3                     3             4.4280944E-01         1.0000000E+30           2048720       
 NEXT SEEDS:2D81358C      34       0       0       0       0      10    3039       0       0
       9998                     2                     2             4.4281726E-01         1.0000000E+30           2048920       
 NEXT SEEDS:2DE3B42F      34       0       0       0       0      10    3039       0       0
       9999                     1                     1             4.4281897E-01         1.0000000E+30           2049056       
 NEXT SEEDS:2E32370A      34       0       0       0       0      10    3039       0       0
      10000                     0                     1             4.4281976E-01         1.0000000E+30           2049198       
 NEXT SEEDS:2E7D685A      34       0       0       0       0      10    3039       0       0
