1NUMBER OF BEAM       NUMBER OF BEAM        APPROXIMATE NUMBER    AVERAGE TIME USED     TIME LEFT (RESERVED   NUMBER OF STARS
 PARTICLES HANDLED    PARTICLES LEFT        OF BEAM PARTICLES     BY A BEAM PARTICLE     10000.0 SECONDS      CREATED
                                            THAT CAN STILL BE                           FOR PRINTOUT)
                                            HANDLED

 NEXT SEEDS: 1E77B98      35       0       0       0       0       2    3039       0       0
  *** Kaon: P_min > 1.5 GeV/c:           24   4.5309365936014681     
  *** Kbar: P_min > 1.8 GeV/c:           25   2.1749465326176560     
  *** Kbar: P_min > 1.8 GeV/c:           25   2.1417038976478731     
  *** Kbar: P_min > 1.8 GeV/c:           25   1.8703329510477256     
  *** Kbar: P_min > 1.8 GeV/c:           16   2.5576833123626104     
  *** Kaon: P_min > 1.5 GeV/c:           24   1.5781439539602269     
  *** Kaon: P_min > 1.5 GeV/c:           24   1.7082160268807050     
  *** Kaon: P_min > 1.5 GeV/c:           24   4.5307115437146397     
  *** Kaon: P_min > 1.5 GeV/c:           24   4.9601061489473466     
  *** Kaon: P_min > 1.5 GeV/c:           15   2.6853657850169474     
  *** Kaon: P_min > 1.5 GeV/c:           15   2.6190801134468953     
  *** Kaon: P_min > 1.5 GeV/c:           15   2.3834979006577526     
  *** Kaon: P_min > 1.5 GeV/c:           15   3.1888233136778008     
  *** Kaon: P_min > 1.5 GeV/c:           24   4.5107132094112332     
  *** Kbar: P_min > 1.8 GeV/c:           16   5.0003710775387145     
  *** Kbar: P_min > 1.8 GeV/c:           16   4.9576189728979791     
  *** Kbar: P_min > 1.8 GeV/c:           16   6.6747350426658736     
  *** Kaon: P_min > 1.5 GeV/c:           24   4.5084801978107816     
  *** Kaon: P_min > 1.5 GeV/c:           24   5.0814793448134452     
  *** Kaon: P_min > 1.5 GeV/c:           24   3.6880875105978994     
          1                  9999                  9999             5.4962301E-01         1.0000000E+30               243       
 NEXT SEEDS: 24E6E7F      35       0       0       0       0       2    3039       0       0
  Comptn_2: TXYZ:  0.99999999999843048       U,V,W -0.57213415238852861      -0.77648068366708145      -0.26408381162235628     
  Comptn_2: TXYZ:   1.0000000000049802       U,V,W -0.13334327027771309      -0.73484414857938418      -0.66499898464228124     
  *** Hhflev: call to Hadriv !! ***   1.2275709956416465        5.0000000000000000        2.1602205742483664                1 T F T
  *** Hhflev: call to Hadriv !! ***   1.2275709956416465        5.0000000000000000        2.1602205742483664                1 T F T
  *** Hhflev: call to Hadriv !! ***   1.2275709956416465        5.0000000000000000        2.1602205742483664                1 T F T
  *** Hhflev: call to Hadriv !! ***  0.86348313372713281        3.5000000000000000        1.5941233903311884               14 T F T
  *** Hhflev: call to Hadriv !! ***   1.1001867954583415        5.0000000000000000        2.1166631842495938                1 T F T
  *** Hhflev: call to Hadriv !! ***   1.1001867954583415        5.0000000000000000        2.1166631842495938                1 T F T
  Comptn_2: TXYZ:  0.99999999997463551       U,V,W -0.54745068075050085       0.81592981835000034       0.18589320495323136     
  *** Hhflev: call to Hadriv !! ***  0.67993998963744839        3.5000000000000000        1.4840402859638611               14 T F T
  *** Hhflev: call to Hadriv !! ***  0.94480565861510557        5.0000000000000000        2.0662591363227905                8 T F T
  *** Hhflev: call to Hadriv !! ***  0.94480565861510557        5.0000000000000000        2.0662591363227905                8 T F T
  *** Hhflev: call to Hadriv !! ***  0.94480565861510557        5.0000000000000000        2.0662591363227905                8 T F T
  Comptn_2: TXYZ:  0.99999999999788325       U,V,W -0.57908346421601209      -0.20026288852792362      -0.79028926156687618     
  Comptn_2: TXYZ:  0.99999999999735889       U,V,W  0.43855453315154591       0.58645838183265653      -0.68098200257261610     
  *** Umfnst:amsq,np0,np,kpart  -1.3320296816671289E-017           0           1           7
  Comptn_2: TXYZ:   1.0000000000081326       U,V,W -0.76804377236049248      -0.30398897911976519       0.56364835165209115     
  Comptn_2: TXYZ:  0.99999999999865019       U,V,W  0.44367016201884457       0.88792898418280863      -0.12140389771711568     
  Comptn_2: TXYZ:   1.0000000000014766       U,V,W -0.85704231775667949      -0.30801543761030103      -0.41304352769347474     
  *** Eveneu: no downsc. group selected, cusngl, rsngl, igpr ***  0.999999285      0.999999344              31
        200                  9800                  9800             4.6468977E-01         1.0000000E+30             41609       
 NEXT SEEDS: 50C3421      36       0       0       0       0       2    3039       0       0
  Comptn_2: TXYZ:  0.99999999999795763       U,V,W -0.71089185773958619       0.17920272777564605       0.68008760388297418     
  Comptn_2: TXYZ:   1.0000000000073648       U,V,W  -5.1888983698773927E-002 -0.89147786641528626       0.45008304463701165     
  Comptn_2: TXYZ:  0.99999999996301314       U,V,W  0.53300984035371357      -0.57613697383832374      -0.61965046391134138     
  *** Umfnst:amsq,np0,np,kpart  -1.4567241976402183E-017           0           1           7
  Comptn_2: TXYZ:  0.99999999999790390       U,V,W  0.47042734311548884      -0.65981822902850151      -0.58595052648572477     
  Comptn_2: TXYZ:   1.0000000000029627       U,V,W  0.98293549147150294      -0.18337929781611706        1.4486294940581956E-002
  Comptn_2: TXYZ:   1.0000000000020692       U,V,W  0.49056095186617199      -0.34875149629537816      -0.79857519767267959     
  *** Eveneu: no downsc. group selected, cusngl, rsngl, igpr ***  0.999999881       1.00000000             153
        400                  9600                  9600             4.6610301E-01         1.0000000E+30             81290       
 NEXT SEEDS: 8833421      37       0       0       0       0       2    3039       0       0
  Comptn_2: TXYZ:  0.99999999998779932       U,V,W  0.63745134532567693      -0.50513364128968874      -0.58180390748748323     
  Comptn_2: TXYZ:   1.0000000000212030       U,V,W  0.60115739596743367       0.26191644612143250      -0.75498977512677357     
  Comptn_2: TXYZ:   1.0000000000017368       U,V,W -0.89104842076152480      -0.24048820179694630       0.38496511096020214     
  Comptn_2: TXYZ:  0.99999999985482235       U,V,W  0.83032747404324425       0.53038839035670549       0.17101006133736973     
  Comptn_2: TXYZ:   1.0000000000059410       U,V,W -0.56298980989176073       0.12005966638633936       0.81769685732010799     
  Comptn_2: TXYZ:  0.99999999999678757       U,V,W  0.68587234940838471       0.29981450425457368       0.66309153467103954     
        600                  9400                  9400             4.6453264E-01         1.0000000E+30            121745       
 NEXT SEEDS: AAFAE45      38       0       0       0       0       2    3039       0       0
  *** Umfnst:amsq,np0,np,kpart  -1.4497012297411568E-017           0           1           7
  Comptn_2: TXYZ:   1.0000000000148650       U,V,W -0.61411617496445992       0.59371443802589852       0.51996585439957244     
  Comptn_2: TXYZ:   1.0000000000022489       U,V,W  0.57270700974771671      -0.47403618618466226       0.66880219435613242     
  Comptn_2: TXYZ:  0.99999999999772382       U,V,W   7.6637767011767721E-002  -4.4350864184288241E-002 -0.99607211260595019     
  Comptn_2: TXYZ:   1.0000000000022689       U,V,W  0.34204073474834473      -0.42802452646255773       0.83654237222126682     
  Comptn_2: TXYZ:   1.0000000000010123       U,V,W  0.81821289191215030       0.51707927174145141      -0.25130994855973832     
  *** Umfnst:amsq,np0,np,kpart  -7.4300224456871365E-018           0           1           7
  Comptn_2: TXYZ:  0.99999999999845968       U,V,W -0.14853721906860073       0.12537542522207445       0.98092695818812636     
        800                  9200                  9200             4.6564969E-01         1.0000000E+30            162898       
 NEXT SEEDS: E668ED4      39       0       0       0       0       2    3039       0       0
  Comptn_2: TXYZ:  0.99999999999302291       U,V,W  0.31004037533489281      -0.62403308589064466      -0.71725704832299897     
  Comptn_2: TXYZ:   1.0000000000022427       U,V,W  0.59714337859194444      -0.48616302062459482       0.63801669475273926     
  Comptn_2: TXYZ:  0.99999999999698563       U,V,W  -5.1491647733170338E-002 -0.35381429037721546       0.93389724174321032     
  Comptn_2: TXYZ:  0.99999999999810474       U,V,W  0.75645783556311486      -0.65395370477396142        1.0774740167761365E-002
  Comptn_2: TXYZ:   1.0000000000012810       U,V,W  0.14408760925828901       0.85016446804237944      -0.50641794808016982     
  Comptn_2: TXYZ:  0.99999999999899358       U,V,W -0.62364614363983151      -0.77167654712152967      -0.12482305133569582     
  Comptn_2: TXYZ:   1.0000000000016909       U,V,W -0.73806472920969668      -0.49791029014501476      -0.45535238932722777     
  Comptn_2: TXYZ:   1.0000000000270166       U,V,W  0.71724296575749946       0.69609947669498240        3.1749750288383893E-002
  *** Umfnst:amsq,np0,np,kpart  -1.4862790120359201E-017           0           1           7
  Comptn_2: TXYZ:   1.0000000000027394       U,V,W -0.22308575421121546       0.95810272582940748      -0.17964385051821807     
       1000                  9000                  9000             4.6651249E-01         1.0000000E+30            203661       
 NEXT SEEDS:1235D626      3A       0       0       0       0       2    3039       0       0
  Comptn_2: TXYZ:   1.0000000000055922       U,V,W   7.1486105678303602E-002 -0.72685458776187772       0.68306086474783001     
  Comptn_2: TXYZ:   1.0000000000029752       U,V,W -0.58720517704702502        6.2470474760985439E-002  0.80702386571605444     
  Comptn_2: TXYZ:  0.99999999999518763       U,V,W  0.94431715665894966        8.6800092922061367E-002  0.31738123999925705     
  Comptn_2: TXYZ:  0.99999999998339828       U,V,W -0.20121672803327328       0.67693984193385148      -0.70800019685417759     
  *** Umfnst:amsq,np0,np,kpart  -7.3960703904058471E-018           0           1           7
  Comptn_2: TXYZ:   1.0000000000010172       U,V,W  0.90932248031116636       0.27462644528712765       0.31259069460033828     
  Comptn_2: TXYZ:  0.99999999998720512       U,V,W -0.97093285153114550      -0.23170511808370975       -6.0017797848786358E-002
       1200                  8800                  8800             4.6701178E-01         1.0000000E+30            243944       
 NEXT SEEDS:15907703      3B       0       0       0       0       2    3039       0       0
  Comptn_2: TXYZ:  0.99999999998447642       U,V,W -0.90715836423215279        2.9076597572640139E-002  0.41978357955227352     
  Comptn_2: TXYZ:   1.0000000000055647       U,V,W -0.59955632822328653      -0.60539394023831505       0.52347911745904696     
  Comptn_2: TXYZ:  0.99999999999867117       U,V,W  0.31310208064464007        1.8637955122693839E-002  0.94953657840207129     
  *** Umfnst:amsq,np0,np,kpart  -7.4391640048247244E-018           0           1           7
  Comptn_2: TXYZ:   1.0000000000056644       U,V,W  0.49437836212584330       0.59014792231278790       0.63821271129407364     
  Comptn_2: TXYZ:   1.0000000000150604       U,V,W -0.82924582931868329      -0.32610663192050993       0.45387863927496142     
  Comptn_2: TXYZ:  0.99999999999771172       U,V,W -0.16794097334840785       0.68133011150586675       0.71245007447813791     
  *** Umfnst:amsq,np0,np,kpart  -7.2501090154792735E-018           0           1           7
  Comptn_2: TXYZ:   1.0000000000023097       U,V,W  0.82461533637811613        3.2239324876314868E-002 -0.56477444430837664     
       1400                  8600                  8600             4.6644580E-01         1.0000000E+30            285786       
 NEXT SEEDS:184C2EC8      3C       0       0       0       0       2    3039       0       0
  Comptn_2: TXYZ:  0.99999999955496433       U,V,W -0.91380807980505097       0.39878835292495296        7.6958705871220445E-002
  Comptn_2: TXYZ:  0.99999999999727951       U,V,W -0.54934988311207178      -0.76769078872644059      -0.32994781227734826     
  Comptn_2: TXYZ:  0.99999999999672728       U,V,W  0.49158573026834773      -0.85045719307929701       0.18725926554631656     
  *** Umfnst:amsq,np0,np,kpart  -7.4401625453420536E-018           0           1           7
  Comptn_2: TXYZ:  0.99999999999816003       U,V,W  0.35099272980372120      -0.93053247557774021      -0.10446729401230925     
  Comptn_2: TXYZ:  0.99999999999821088       U,V,W   5.8159476511647767E-002 -0.98607122742539310      -0.15582364946913740     
  Comptn_2: TXYZ:  0.99999999999793665       U,V,W -0.32316949968944186      -0.94261909362343843       -8.3849381661046607E-002
  Comptn_2: TXYZ:  0.99999999999189382       U,V,W  0.66704813844258215        4.6934502844237613E-002 -0.74353475603696140     
  Comptn_2: TXYZ:  0.99999999999617994       U,V,W -0.33202073844481106       0.21300965957058793       0.91890647737860931     
  Comptn_2: TXYZ:  0.99999999999235978       U,V,W -0.72557374233718974       0.64639897836694615       0.23603200035023519     
  Comptn_2: TXYZ:   1.0000000000056861       U,V,W  0.11064357488072574      -0.90998798740934572      -0.39959962726958054     
  Comptn_2: TXYZ:  0.99999999999477085       U,V,W  0.62586319610480246      -0.53671627904235208      -0.56588947292486758     
  Comptn_2: TXYZ:   1.0000000000017089       U,V,W -0.54280648767429795      -0.83897141611566894        3.8575638442807758E-002
  Comptn_2: TXYZ:  0.99999999999768163       U,V,W  0.64660981832467712      -0.63880861913420262      -0.41691640764506133     
       1600                  8400                  8400             4.6634370E-01         1.0000000E+30            327333       
 NEXT SEEDS:1BB7D29E      3D       0       0       0       0       2    3039       0       0
  Comptn_2: TXYZ:  0.99999999999864020       U,V,W  0.99531970672898140        9.2127819597664029E-002  -2.9174410906733783E-002
  Comptn_2: TXYZ:   1.0000000000011662       U,V,W -0.98594944864732348        5.4450520156620996E-002  0.15792031398106587     
  Comptn_2: TXYZ:  0.99999999999895428       U,V,W  0.76447299604717855      -0.47503792516263132      -0.43579812754392044     
  Comptn_2: TXYZ:  0.99999999999828759       U,V,W  0.42687656389698247      -0.60780449225568134       0.66958949990841887     
  Comptn_2: TXYZ:  0.99999999999812073       U,V,W -0.58098735063884988      -0.69125154879824890      -0.42968010738198359     
  Comptn_2: TXYZ:  0.99999999998674838       U,V,W  0.43389767474457130      -0.57831152726424762       0.69086075678916359     
  *** Eveneu: no downsc. group selected, cusngl, rsngl, igpr ***  0.999999762      0.999999881              74
       1800                  8200                  8200             4.6605781E-01         1.0000000E+30            367319       
 NEXT SEEDS:1E6DAD86      3E       0       0       0       0       2    3039       0       0
  *** Umfnst:amsq,np0,np,kpart  -1.6606429558721245E-017           0           1           7
  Comptn_2: TXYZ:   1.0000000000022253       U,V,W -0.81651239812637044      -0.16160466809872265      -0.55424853175885858     
  Comptn_2: TXYZ:   1.0000000000018634       U,V,W -0.80309905865185538       0.59480294352915131        3.5232944291166746E-002
  Comptn_2: TXYZ:  0.99999999999718892       U,V,W  0.66535865941381012      -0.21001064763085253       0.71637516862459449     
  Comptn_2: TXYZ:  0.99999999999899436       U,V,W -0.25705135314216676      -0.49418035567055085      -0.83048803598613219     
  *** Umfnst:amsq,np0,np,kpart  -7.4848236477094888E-018           0           1           7
  Comptn_2: TXYZ:   1.0000000000075500       U,V,W  0.95737395296395533       0.16216849984746773       0.23903240753283228     
  Comptn_2: TXYZ:   1.0000000000010449       U,V,W  0.25295766844491396      -0.67857492958149379       0.68960023413527693     
  Comptn_2: TXYZ:  0.99999999999834865       U,V,W -0.76985020291991191      -0.17039588801009131       0.61505764478768299     
  Comptn_2: TXYZ:   1.0000000000116829       U,V,W  -3.0477965642091931E-002 -0.53696257962607585      -0.84305532541068295     
  Comptn_2: TXYZ:  0.99999999999887701       U,V,W -0.96882856121288796       0.17191299099589941       0.17837360371951405     
       2000                  8000                  8000             4.6708524E-01         1.0000000E+30            409515       
 NEXT SEEDS:22EA4632      3F       0       0       0       0       2    3039       0       0
  Comptn_2: TXYZ:   1.0000000000018821       U,V,W -0.56284905469574298       0.73996432141036905      -0.36831202080529835     
  Comptn_2: TXYZ:   1.0000000000012665       U,V,W -0.97656803188920804      -0.19843199258739475       -8.3304402111181730E-002
  Comptn_2: TXYZ:   1.0000000000054694       U,V,W -0.98004273225568195        9.3224680386327918E-002 -0.17557164328317398     
  Comptn_2: TXYZ:   1.0000000000025788       U,V,W  0.73179329617875055      -0.48069332366253548      -0.48312783014092986     
  Comptn_2: TXYZ:   1.0000000000041482       U,V,W -0.74791889006306178      -0.38945439993961628       0.53753381685123713     
       2200                  7800                  7800             4.6787090E-01         1.0000000E+30            450471       
 NEXT SEEDS:274FB5E8      40       0       0       0       0       2    3039       0       0
  Comptn_2: TXYZ:   1.0000000000010538       U,V,W -0.51262460395000886       0.79250827163107829      -0.33037350805182797     
  Comptn_2: TXYZ:  0.99999999999575984       U,V,W  0.38934494086585403       0.73966810623838519      -0.54890947307515603     
  Comptn_2: TXYZ:  0.99999999999756406       U,V,W  -7.9663824454723198E-003   6.6872612000523191E-002 -0.99772971816646017     
  Comptn_2: TXYZ:  0.99999999999846823       U,V,W  0.75402740820139158       0.42576072480866856       0.50017044383885523     
  Comptn_2: TXYZ:   1.0000000000015006       U,V,W  0.95394127982512344       -7.5852611043384588E-002 -0.29024544104086658     
  Comptn_2: TXYZ:  0.99999999999878930       U,V,W  0.91023107034983752        6.6010105013702969E-002 -0.40880565627772114     
  Comptn_2: TXYZ:   1.0000000000013480       U,V,W  0.69148600196736432       0.32650550336580864      -0.64439216736113281     
  Comptn_2: TXYZ:  0.99999999999887002       U,V,W  -3.0090397920217171E-002  0.51551177156478190       0.85635400467914735     
  Comptn_2: TXYZ:   1.0000000000040792       U,V,W -0.94228601821439639      -0.20108785173741239      -0.26769522925403422     
  Comptn_2: TXYZ:   1.0000000000240385       U,V,W  0.84344289000964068       0.39241613313964763      -0.36689735590209693     
  Comptn_2: TXYZ:  0.99999999999865441       U,V,W -0.34892160086711677      -0.47073409495730800       0.81034753550048322     
       2400                  7600                  7600             4.6876056E-01         1.0000000E+30            490944       
 NEXT SEEDS:2BB5831C      41       0       0       0       0       2    3039       0       0
  *** Umfnst:amsq,np0,np,kpart  -1.4819365067166748E-017           0           1           7
  *** Umfnst:amsq,np0,np,kpart  -2.2810936399764869E-017           0           1           7
  *** Umfnst:amsq,np0,np,kpart  -7.3226842911837307E-018           0           1           7
  *** Eveneu: no downsc. group selected, cusngl, rsngl, igpr ***  0.999999642      0.999999940             129
       2600                  7400                  7400             4.6900933E-01         1.0000000E+30            531590       
 NEXT SEEDS:2F8F1C30      42       0       0       0       0       2    3039       0       0
  Comptn_2: TXYZ:  0.99999999999832279       U,V,W  0.98151284225501634      -0.10855837109368593      -0.15763128037381335     
  *** Umfnst:amsq,np0,np,kpart  -1.4854199284157015E-017           0           1           7
  Comptn_2: TXYZ:   1.0000000000474971       U,V,W  0.46067913822088524        4.6519397077020130E-002 -0.88634681550234617     
  Comptn_2: TXYZ:   1.0000000000071760       U,V,W -0.72262623239045265        2.9304933037508363E-003  0.69123276866577466     
       2800                  7200                  7200             4.6873760E-01         1.0000000E+30            572884       
 NEXT SEEDS:328CA6E8      43       0       0       0       0       2    3039       0       0
  Comptn_2: TXYZ:   1.0000000000014726       U,V,W -0.35527695887901700      -0.48274838737360426      -0.80045754227150256     
  Comptn_2: TXYZ:   1.0000000000045957       U,V,W -0.88361153504788170       0.29485804967835350       0.36371607838367481     
  Comptn_2: TXYZ:  0.99999999998921352       U,V,W -0.26521979242215821       0.91267558899087220      -0.31093686008082955     
  Comptn_2: TXYZ:  0.99999999999611455       U,V,W -0.14522055623770314      -0.58652676527176362       0.79680445760673813     
  Comptn_2: TXYZ:   1.0000000000017357       U,V,W -0.10370605837196933      -0.93474316648396183       0.33985330095531197     
  Comptn_2: TXYZ:  0.99999999998400158       U,V,W  -5.8308413232509793E-002 -0.99550570664318805        7.4622496414654904E-002
  Comptn_2: TXYZ:   1.0000000000020413       U,V,W  0.10423041831089819      -0.79281667521680177       0.60048125649261763     
  Comptn_2: TXYZ:   1.0000000000010312       U,V,W  -6.3491044387166795E-002  0.80606548595702066      -0.58841084255180931     
  Comptn_2: TXYZ:  0.99999999999872846       U,V,W -0.12920517565414258       0.45591132802072920       0.88059689050398404     
  Comptn_2: TXYZ:  0.99999999999708744       U,V,W   8.4847189499711817E-002 -0.79768181774895908      -0.59708012198012739     
  *** Umfnst:amsq,np0,np,kpart  -1.5002796853178760E-017           0           1           7
  Comptn_2: TXYZ:   1.0000000000013123       U,V,W -0.52572797510806879      -0.83131245626612049       0.18035990753732278     
       3000                  7000                  7000             4.6847235E-01         1.0000000E+30            614034       
 NEXT SEEDS:3593473D      44       0       0       0       0       2    3039       0       0
  Comptn_2: TXYZ:   1.0000000000029194       U,V,W -0.12090290685573279      -0.78215172856249637      -0.61124558127110618     
  Comptn_2: TXYZ:   1.0000000000014155       U,V,W  0.24506349184819953       0.94735609804512411       0.20605899267273031     
  *** Umfnst:amsq,np0,np,kpart  -1.5018110031824285E-017           0           1           7
  Comptn_2: TXYZ:   1.0000000000253271       U,V,W -0.32880966440504267      -0.55865247966025322       0.76144048460048452     
  Comptn_2: TXYZ:  0.99999999999808109       U,V,W  0.84909921900485941      -0.52811702972821806        1.1086892912956614E-002
  Comptn_2: TXYZ:  0.99999999999777300       U,V,W -0.87617973503176927        3.6508773245948589E-002  0.48059981418380460     
  Comptn_2: TXYZ:   1.0000000000014759       U,V,W -0.66010509782347526      -0.56041286745562502       0.50019863836190126     
  Comptn_2: TXYZ:   1.0000000000012301       U,V,W -0.41542686359724001       0.85192738737119100       0.31881067681288044     
  Comptn_2: TXYZ:   1.0000000000038796       U,V,W  0.38780293004263910      -0.55062349172980163      -0.73920407047682346     
       3200                  6800                  6800             4.6882769E-01         1.0000000E+30            654456       
 NEXT SEEDS:3A173E02      45       0       0       0       0       2    3039       0       0
  Comptn_2: TXYZ:  0.99999999999480094       U,V,W -0.71731334712256967      -0.10595239297020953      -0.68864769836143580     
  Comptn_2: TXYZ:  0.99999999999880984       U,V,W  0.73481237825340928      -0.28458938417632140       0.61567820424189179     
  Comptn_2: TXYZ:  0.99999999999883427       U,V,W -0.11483400673827759       0.97021483226132688      -0.21329868765511151     
  Comptn_2: TXYZ:  0.99999999999735278       U,V,W -0.17366777011686452      -0.76958020114294357       0.61448012142686537     
  Comptn_2: TXYZ:  0.99999999999682243       U,V,W   3.6643675648093677E-003 -0.99784803791963661        6.5466522949549244E-002
  Comptn_2: TXYZ:   1.0000000000011400       U,V,W  -2.5246355367158912E-004 -0.59397198721237032       0.80448568332213455     
  Comptn_2: TXYZ:  0.99999999999773292       U,V,W  0.53005077184061733       0.73365191273377484       0.42520706745181513     
       3400                  6600                  6600             4.6804392E-01         1.0000000E+30            696422       
 NEXT SEEDS:  6194C0      47       0       0       0       0       2    3039       0       0
  Comptn_2: TXYZ:   1.0000000000011138       U,V,W -0.68523041644577987      -0.61177171747819870      -0.39521467846277147     
  Comptn_2: TXYZ:  0.99999999999740785       U,V,W  0.19379172925958699       0.59651251827917795      -0.77885658577444161     
  Comptn_2: TXYZ:  0.99999999999826927       U,V,W  0.92940861561900356       -6.5424082447620435E-002  0.36320698595611223     
  Comptn_2: TXYZ:   1.0000000000044238       U,V,W -0.34678001052949270      -0.14080779320347858       0.92731698446364885     
  Comptn_2: TXYZ:  0.99999999999414579       U,V,W  0.41973350731535675       0.22015865211962193       0.88054185063957435     
  Comptn_2: TXYZ:  0.99999999999743516       U,V,W  0.92696623604006056        1.1745585370562139E-002 -0.37496084924090511     
       3600                  6400                  6400             4.6782354E-01         1.0000000E+30            737865       
 NEXT SEEDS: 2FAAC2D      48       0       0       0       0       2    3039       0       0
  Comptn_2: TXYZ:  0.99999999997818156       U,V,W -0.44919328252754553      -0.14343106337631870       0.88184631595819951     
  *** Umfnst:amsq,np0,np,kpart  -1.4827282084673354E-017           0           1           7
  Comptn_2: TXYZ:   1.0000000000014020       U,V,W -0.65551421140526145       0.58076398602032242       0.48271555929856547     
  Comptn_2: TXYZ:  0.99999999999899769       U,V,W -0.95173206647809572        5.1412832956273746E-002 -0.30259344712624170     
  *** Umfnst:amsq,np0,np,kpart  -1.4767183970709186E-017           0           1           7
  Comptn_2: TXYZ:  0.99999999999332856       U,V,W -0.11464359947069624      -0.10301289013941073       0.98805120796386703     
  Comptn_2: TXYZ:   1.0000000000123599       U,V,W   1.0626612557729231E-003  0.93215983245116263       0.36204546334408860     
  *** Umfnst:amsq,np0,np,kpart  -7.4132439238515065E-018           0           1           7
  Comptn_2: TXYZ:   1.0000000001221898       U,V,W  -5.2577532304212582E-002 -0.60448339310687516       0.79488076506919469     
       3800                  6200                  6200             4.6808470E-01         1.0000000E+30            779198       
 NEXT SEEDS: 6F8BF64      49       0       0       0       0       2    3039       0       0
  Comptn_2: TXYZ:   1.0000000000014311       U,V,W  0.37852218831300632       0.71744556252320280      -0.58480151998086427     
  Comptn_2: TXYZ:   1.0000000000015756       U,V,W -0.43154525308094094      -0.46795594534605378       0.77122365612068933     
  Comptn_2: TXYZ:  0.99999999999812750       U,V,W -0.66995713897448894       0.44608297105514794       0.59343695104859862     
  Comptn_2: TXYZ:   1.0000000000023037       U,V,W -0.10106681303835430      -0.91131794061518434      -0.39910538760767622     
       4000                  6000                  6000             4.6798311E-01         1.0000000E+30            820235       
 NEXT SEEDS: 9ECE0EC      4A       0       0       0       0       2    3039       0       0
  Comptn_2: TXYZ:   1.0000000000053710       U,V,W -0.30667868800914277      -0.57794434592780419       0.75625955553397439     
  Comptn_2: TXYZ:   1.0000000000021052       U,V,W -0.39636717632777163      -0.87551928608364094       0.27633139746986046     
  Comptn_2: TXYZ:   1.0000000000020033       U,V,W -0.47639548142255705      -0.62521465265285769      -0.61818604270101396     
  Comptn_2: TXYZ:   1.0000000000025577       U,V,W  0.33278672276058074      -0.37840040902037231       0.86375119543190504     
  Comptn_2: TXYZ:   1.0000000000016325       U,V,W  0.27455691069756938      -0.74401079608574361       0.60915222900166555     
  *** Umfnst:amsq,np0,np,kpart  -7.2896626487519691E-018           0           1           7
  Comptn_2: TXYZ:  0.99999999999741473       U,V,W  0.12652258822239659      -0.72633264680835907       0.67559819482239902     
  Comptn_2: TXYZ:  0.99999999999886069       U,V,W  0.25405579296046366      -0.96708815329670461       -1.4005635125201366E-002
  Comptn_2: TXYZ:  0.99999999999774614       U,V,W -0.13305706570978515       0.28425924550998616      -0.94946958803562609     
       4200                  5800                  5800             4.6821006E-01         1.0000000E+30            860586       
 NEXT SEEDS: DA03075      4B       0       0       0       0       2    3039       0       0
  Comptn_2: TXYZ:   1.0000000000013198       U,V,W  0.56729689817807127      -0.49026598478027950      -0.66167476412984172     
  *** Umfnst:amsq,np0,np,kpart  -6.6123330556843053E-018           0           1           7
  Comptn_2: TXYZ:  0.99999999999280598       U,V,W -0.22950218516658083       0.27029259658207733      -0.93502441638145939     
  Comptn_2: TXYZ:  0.99999999999789579       U,V,W -0.13094464811548789      -0.98299410578927215      -0.12874815381727256     
  Comptn_2: TXYZ:  0.99999999999878164       U,V,W -0.12246456202308820      -0.43105596493188614       0.89397605456964868     
  Comptn_2: TXYZ:   1.0000000000021632       U,V,W  0.42698450183740988       0.89821144968390243       0.10440510930775559     
  Comptn_2: TXYZ:  0.99999999999775346       U,V,W  0.13737997297666027       -7.6666745257412572E-002  0.98754693721074371     
  Comptn_2: TXYZ:  0.99999999999883948       U,V,W -0.48179198957878100       0.86291729633291858      -0.15248022319646992     
  Comptn_2: TXYZ:   1.0000000000010685       U,V,W  0.16215497349278962      -0.25170060615237883      -0.95412398011744060     
  Comptn_2: TXYZ:   1.0000000000058404       U,V,W -0.97169278825018957        1.1567653504627629E-002  0.23596464705715903     
  Comptn_2: TXYZ:   1.0000000000025029       U,V,W  0.60635746736866736      -0.76293465545096950       0.22419039515703787     
  Comptn_2: TXYZ:   1.0000000000015334       U,V,W  0.89924349835908401      -0.39589358978099654       0.18608975315896803     
       4400                  5600                  5600             4.6797240E-01         1.0000000E+30            900890       
 NEXT SEEDS:105584BC      4C       0       0       0       0       2    3039       0       0
  *** Umfnst:amsq,np0,np,kpart  -1.4594459519807167E-017           0           1           7
  Comptn_2: TXYZ:   1.0000000000047931       U,V,W  0.93548931414007086        1.5106751413611619E-003  0.35335175250046547     
  Comptn_2: TXYZ:   1.0000000000136680       U,V,W -0.70234570030432764       0.60464329615597734      -0.37565542947137942     
  Comptn_2: TXYZ:  0.99999999999815281       U,V,W -0.90744951432345289       -8.5587430271260700E-002  0.41135163878589864     
  Comptn_2: TXYZ:   1.0000000000046780       U,V,W -0.11915716413230371       0.12330504437687750       0.98518903580573891     
  Comptn_2: TXYZ:   1.0000000000022260       U,V,W -0.66605209137063204       0.58047152482387787      -0.46843080647164470     
  *** Umfnst:amsq,np0,np,kpart  -7.2839904499127358E-018           0           1           7
  Comptn_2: TXYZ:  0.99999999999888500       U,V,W -0.88821038260503649      -0.42753173798153910       0.16822285590841801     
       4600                  5400                  5400             4.6775984E-01         1.0000000E+30            942956       
 NEXT SEEDS:130B51C4      4D       0       0       0       0       2    3039       0       0
  Comptn_2: TXYZ:  0.99999999999707778       U,V,W  0.95149423703425740        2.1063644316711816E-002 -0.30694468520528773     
  Comptn_2: TXYZ:  0.99999999999620615       U,V,W -0.47755263509992574      -0.73526341597985834       0.48096901129589753     
  Comptn_2: TXYZ:  0.99999999999818068       U,V,W -0.64267944912960928      -0.64455263821872677       0.41414372170772040     
  Comptn_2: TXYZ:   1.0000000000155480       U,V,W -0.42352852844479116      -0.67048015094554358       0.60916332194000233     
  Comptn_2: TXYZ:   1.0000000000012752       U,V,W -0.56505091120267537       -5.3120907345430624E-002  0.82334417891492961     
  Comptn_2: TXYZ:  0.99999999999766465       U,V,W   2.2076211854027861E-002  0.99813015221714763       -5.6998597375852000E-002
       4800                  5200                  5200             4.6779062E-01         1.0000000E+30            984963       
 NEXT SEEDS:162981DF      4E       0       0       0       0       2    3039       0       0
  Comptn_2: TXYZ:  0.99999999999893019       U,V,W  0.12354602019377126       0.12912284277406627       0.98390226769082822     
  Comptn_2: TXYZ:   1.0000000000010703       U,V,W -0.94373662347122789      -0.32601942738835987        5.5430302953908495E-002
  Comptn_2: TXYZ:  0.99999999999883205       U,V,W  -1.5364187735322332E-002 -0.99311934007554381      -0.11609443613706105     
  *** Umfnst:amsq,np0,np,kpart  -7.5007363060377036E-018           0           1           7
  Comptn_2: TXYZ:  0.99999999999830025       U,V,W -0.49806393629693702      -0.82592134080286961       0.26417088061535310     
  Comptn_2: TXYZ:   1.0000000000050624       U,V,W  0.48991643367952520      -0.76914968631553471      -0.41035429576953675     
  *** Eveneu: no downsc. group selected, cusngl, rsngl, igpr ***  0.999999642      0.999999940             122
  Comptn_2: TXYZ:  0.99999999999829903       U,V,W  0.94342724448698334        3.8319243311647710E-002 -0.32935796627684510     
  Comptn_2: TXYZ:  0.99999999999841804       U,V,W  0.98926717303678924       0.13564546461405769       -5.4320974584904036E-002
  Comptn_2: TXYZ:   1.0000000000019524       U,V,W -0.63462913471067850      -0.77145880754966356       -4.5794864694407522E-002
       5000                  5000                  5000             4.6785946E-01         1.0000000E+30           1025930       
 NEXT SEEDS:1952534F      4F       0       0       0       0       2    3039       0       0
  Comptn_2: TXYZ:   1.0000000000027027       U,V,W  -3.5647991238292320E-002 -0.98171476879409347       0.18699019614658141     
  Comptn_2: TXYZ:   1.0000000000216580       U,V,W -0.32934123247275693       0.88177303196371781       0.33765466488188167     
  Comptn_2: TXYZ:   1.0000000000048124       U,V,W -0.83665101944350795        6.9409152831628518E-002  0.54332075348926878     
       5200                  4800                  4800             4.6763892E-01         1.0000000E+30           1068254       
 NEXT SEEDS:1C448BCA      50       0       0       0       0       2    3039       0       0
  Comptn_2: TXYZ:   1.0000000000020985       U,V,W -0.98298060719864644        5.7584911951380491E-002 -0.17445086353764694     
  Comptn_2: TXYZ:   1.0000000000012146       U,V,W -0.95803741715113233      -0.10883079014941899      -0.26517949855721312     
  Comptn_2: TXYZ:   1.0000000000023315       U,V,W -0.96709209675424290       0.20213935845049491      -0.15450746313054253     
  Comptn_2: TXYZ:   1.0000000000018856       U,V,W -0.10258412660154859       0.87217012725574250       0.47832600399098624     
  Comptn_2: TXYZ:   1.0000000000028351       U,V,W -0.25373680148798883      -0.10314045470639144      -0.96175864029206348     
  Comptn_2: TXYZ:   1.0000000000010907       U,V,W -0.12406288254969411      -0.94343154865525136       0.30748221765901462     
  Comptn_2: TXYZ:  0.99999999999725153       U,V,W -0.29723361040088037       0.62095035515503127       0.72530878753683226     
  Comptn_2: TXYZ:  0.99999999999009948       U,V,W -0.93797175555677370      -0.19471297794979137      -0.28687251870084651     
  Comptn_2: TXYZ:  0.99999999999852418       U,V,W -0.88017889221742962       0.43528005822346927       0.18925218256705989     
  Comptn_2: TXYZ:  0.99999999999771316       U,V,W  0.94588459471353659       -7.5659202054509933E-002  0.31555984951478955     
  Comptn_2: TXYZ:  0.99999999999887601       U,V,W -0.63163364701571467       0.11676370874855735      -0.76642362455484481     
  Comptn_2: TXYZ:   1.0000000000018128       U,V,W  0.73712191851708297       0.29098500549079276      -0.60990081474206193     
  Comptn_2: TXYZ:  0.99999999999715938       U,V,W  0.12513980771191768       0.98231907469113366      -0.13924533751956858     
       5400                  4600                  4600             4.6778817E-01         1.0000000E+30           1108890       
 NEXT SEEDS:2023A868      51       0       0       0       0       2    3039       0       0
  Comptn_2: TXYZ:  0.99999999999159717       U,V,W -0.68748152827238584      -0.20586124859593724      -0.69641244575494454     
  *** Umfnst:amsq,np0,np,kpart  -2.1885236663478538E-017           0           1           7
  Comptn_2: TXYZ:   1.0000000000023315       U,V,W  0.99277038857236644       -9.2103101848977076E-002   7.6967358055222590E-002
  Comptn_2: TXYZ:  0.99999999999887346       U,V,W -0.38102948080616805       0.86447698243009086       0.32786595066279745     
  *** Umfnst:amsq,np0,np,kpart  -7.3000956916493181E-018           0           1           7
  Comptn_2: TXYZ:   1.0000000000063842       U,V,W   2.0739109010378343E-002 -0.51335244754091747       0.85792724281700572     
  Comptn_2: TXYZ:  0.99999999999865630       U,V,W -0.45310086775107550       0.80470482281035061      -0.38360103204715301     
       5600                  4400                  4400             4.6755963E-01         1.0000000E+30           1150442       
 NEXT SEEDS:224FC92F      52       0       0       0       0       2    3039       0       0
  Comptn_2: TXYZ:  0.99999999999696332       U,V,W -0.80706097365066398       0.41087942340111994       0.42406448122021345     
  Comptn_2: TXYZ:   1.0000000000010787       U,V,W   6.7546729183916909E-002  0.53287167467709295       0.84349583146833851     
  *** Eveneu: no downsc. group selected, cusngl, rsngl, igpr ***  0.999999940       1.00000000             148
  Comptn_2: TXYZ:   1.0000000000140690       U,V,W  0.31710240785687205      -0.22180090843818334      -0.92209024502021464     
  Comptn_2: TXYZ:   1.0000000000022202       U,V,W -0.47142240167594451      -0.85028520481476022       0.23404270907983005     
       5800                  4200                  4200             4.6744173E-01         1.0000000E+30           1192332       
 NEXT SEEDS:24DF8C53      53       0       0       0       0       2    3039       0       0
  Comptn_2: TXYZ:   1.0000000000036724       U,V,W  0.61915799735093913      -0.50434360046145343       0.60189775460091610     
  Comptn_2: TXYZ:  0.99999999999857081       U,V,W  0.55133337209613842       0.69900688117392562       0.45543483933837692     
  *** Umfnst:amsq,np0,np,kpart  -7.3226916200538776E-018           0           1           7
  Comptn_2: TXYZ:   1.0000000000027907       U,V,W  0.76970545860505979      -0.53283377313810831      -0.35162718495556078     
  Comptn_2: TXYZ:   1.0000000000010365       U,V,W -0.32020614293481486       0.28222584977107540      -0.90433212690296472     
       6000                  4000                  4000             4.6693155E-01         1.0000000E+30           1233569       
 NEXT SEEDS:25AA3F91      54       0       0       0       0       2    3039       0       0
  Comptn_2: TXYZ:   1.0000000000098117       U,V,W -0.62202453434920812      -0.77750578334671161       -9.2575566646274865E-002
  Comptn_2: TXYZ:  0.99999999999864508       U,V,W -0.46590115658712250       -4.4803751499608246E-002  0.88370172351364573     
  Comptn_2: TXYZ:   1.0000000000021769       U,V,W  0.86746617794237757       0.47341123589711032      -0.15291903692670417     
  Comptn_2: TXYZ:   1.0000000000111082       U,V,W -0.52087830189108786      -0.77376936690632192      -0.36050903104853660     
  Comptn_2: TXYZ:   1.0000000000024329       U,V,W  0.61526351627939846       0.24557774158970958       0.74909437214121510     
  Comptn_2: TXYZ:   1.0000000000017810       U,V,W -0.79913843065803647       -8.2645102382670643E-002 -0.59543896051513912     
  Comptn_2: TXYZ:  0.99999999999865441       U,V,W -0.84199495627238807       0.28004072973203620       0.46110918804732393     
  Comptn_2: TXYZ:  0.99999999999897971       U,V,W -0.74698939002394127      -0.58636654208967087      -0.31333868179406466     
  Comptn_2: TXYZ:  0.99999999999862688       U,V,W  -7.3128903151079783E-002  0.92246408428249360       0.37909388907156938     
       6200                  3800                  3800             4.6719604E-01         1.0000000E+30           1274720       
 NEXT SEEDS:29C40D2F      55       0       0       0       0       2    3039       0       0
  Comptn_2: TXYZ:   1.0000000000054572       U,V,W  0.80601944440093121       0.49211515778696935      -0.32886977168687537     
  Comptn_2: TXYZ:   1.0000000000045464       U,V,W -0.87673466728941207      -0.25363902929387905       0.40866069788557979     
  Comptn_2: TXYZ:   1.0000000000031544       U,V,W  0.83417178071794851       -4.8050705206463817E-003 -0.55148377270259985     
  Comptn_2: TXYZ:  0.99999999999795264       U,V,W  0.61984353408733739       0.67631495230435945       0.39798502300667593     
  Comptn_2: TXYZ:  0.99999999999840516       U,V,W   1.2174879390300930E-002 -0.96655244114759553       0.25617991884974256     
  Comptn_2: TXYZ:   1.0000000000041163       U,V,W -0.64088680408680432       0.48440039840808424       0.59550009099378620     
  Comptn_2: TXYZ:  0.99999999999790046       U,V,W -0.27698807073517173       0.80304142822618019       0.52763820295801622     
  Comptn_2: TXYZ:  0.99999999999852940       U,V,W -0.86694809699404018      -0.33792128377736574       0.36634710738205456     
  Comptn_2: TXYZ:  0.99999999999887035       U,V,W -0.26504283061508715       -7.7884943920025762E-005 -0.96423663686480410     
       6400                  3600                  3600             4.6727882E-01         1.0000000E+30           1315265       
 NEXT SEEDS:2CFA6457      56       0       0       0       0       2    3039       0       0
  *** Umfnst:amsq,np0,np,kpart  -7.3132302933998128E-018           0           1           7
  Comptn_2: TXYZ:   1.0000000000014468       U,V,W -0.41493269371035524      -0.89732625279935974      -0.15045416487679830     
  Comptn_2: TXYZ:  0.99999999999873090       U,V,W  -9.5703553083851034E-002  0.24722144873208746      -0.96422112879394284     
  Comptn_2: TXYZ:   1.0000000000013032       U,V,W -0.73503595345212069       0.59526408802610575       0.32462719023594389     
  Comptn_2: TXYZ:  0.99999999999828026       U,V,W  0.81761127493478547       0.14775829855770439      -0.55648835415049547     
  Comptn_2: TXYZ:   1.0000000000057452       U,V,W -0.57436591098425982      -0.37266429754455999      -0.72885192024209289     
  Comptn_2: TXYZ:  0.99999999999603140       U,V,W  0.11291922643918895       0.98840295885507046      -0.10153245403785149     
  Comptn_2: TXYZ:  0.99999999999867306       U,V,W -0.51891447713327832        7.3121137910348466E-002  0.85169305774490445     
  Comptn_2: TXYZ:  0.99999999999874412       U,V,W  0.29507407581637679       0.46279718683656057      -0.83591270694733488     
  Comptn_2: TXYZ:   1.0000000000013323       U,V,W -0.91495601527574166       0.30660369884575189       0.26239219113032419     
  Comptn_2: TXYZ:  0.99999999999122180       U,V,W  0.96727141204219791      -0.24856502415102000        5.1004354774050853E-002
  Comptn_2: TXYZ:  0.99999999999826206       U,V,W -0.92670769644944784        4.2738057032906340E-002 -0.37334475196615813     
       6600                  3400                  3400             4.6776385E-01         1.0000000E+30           1356775       
 NEXT SEEDS:3205C4A0      57       0       0       0       0       2    3039       0       0
  Comptn_2: TXYZ:  0.99999999999770950       U,V,W -0.29313444258754884       0.33738452217721715       0.89456351521948818     
  Comptn_2: TXYZ:   1.0000000000036651       U,V,W -0.45709386710201727       0.88610808230011884       -7.6665919050086018E-002
  Comptn_2: TXYZ:  0.99999999999879063       U,V,W -0.97343582229563808      -0.21129809006579592        8.8180593131099272E-002
  Comptn_2: TXYZ:   1.0000000000011648       U,V,W  0.67508849244389157       0.56376843455366554       0.47583682031964258     
  Comptn_2: TXYZ:   1.0000000000245826       U,V,W  0.44264426116947675       0.27372178951907244      -0.85389837804084578     
  Comptn_2: TXYZ:   1.0000000000040372       U,V,W  0.37154908564083655       0.17813389187745088      -0.91116386754967849     
       6800                  3200                  3200             4.6778865E-01         1.0000000E+30           1397060       
 NEXT SEEDS:34E07DD8      58       0       0       0       0       2    3039       0       0
  Comptn_2: TXYZ:   1.0000000000018363       U,V,W -0.46031327000996836       0.49033135325858268      -0.74005868515015294     
  Comptn_2: TXYZ:  0.99999999999865741       U,V,W -0.11860888835471428      -0.14189541178141951      -0.98275003114591541     
  Comptn_2: TXYZ:   1.0000000000019924       U,V,W  0.80188082377176606       0.58833834342980396       0.10413999289120568     
  Comptn_2: TXYZ:  0.99999999999773892       U,V,W -0.81834327632299164        9.5561226138840993E-002 -0.56672950704329139     
  Comptn_2: TXYZ:   1.0000000000010312       U,V,W -0.25667219882652148      -0.96649254926633787       -3.3962572407446601E-003
  Comptn_2: TXYZ:  0.99999999999600386       U,V,W -0.28790109168674149       0.88628593901717778       0.36278119535337794     
  Comptn_2: TXYZ:  0.99999999995657340       U,V,W -0.66290078440272282      -0.66397730424293400      -0.34597209344846647     
       7000                  3000                  3000             4.6819883E-01         1.0000000E+30           1437555       
 NEXT SEEDS:3A126A0E      59       0       0       0       0       2    3039       0       0
  Comptn_2: TXYZ:   1.0000000000023617       U,V,W  0.62104354258377725      -0.47988064273287989       0.61969305865697066     
  Comptn_2: TXYZ:  0.99999999999802769       U,V,W  -2.5663051779673651E-002 -0.96784452244723418       0.25023666426058888     
  Comptn_2: TXYZ:   1.0000000000011013       U,V,W  -9.8951928669038125E-002  0.73014484469736729      -0.67608950707405313     
  Comptn_2: TXYZ:   1.0000000000028151       U,V,W -0.52234946358550793       0.65067923692029694      -0.55115113039489216     
  Comptn_2: TXYZ:   1.0000000000011444       U,V,W   6.4399373844352681E-002 -0.58062444727211471       0.81162058369631751     
  Comptn_2: TXYZ:   1.0000000000033586       U,V,W  0.28020361016945117       0.83848354516548795       0.46736632456573091     
       7200                  2800                  2800             4.6818949E-01         1.0000000E+30           1476890       
 NEXT SEEDS: 11F7050      5B       0       0       0       0       2    3039       0       0
  Comptn_2: TXYZ:   1.0000000000074936       U,V,W   2.2239613985711060E-002   2.1160529988719645E-002 -0.99952870471430511     
  Comptn_2: TXYZ:  0.99999999999836320       U,V,W  -3.9651118129796714E-002  0.82635135023337725      -0.56175727391542907     
  Comptn_2: TXYZ:  0.99999999999418465       U,V,W -0.50102608250244440      -0.10286226587511749       0.85929751477906358     
  Comptn_2: TXYZ:  0.99999999999513967       U,V,W  0.45328960108446381       0.60790639115002421       0.65190364099518661     
  *** Umfnst:amsq,np0,np,kpart  -7.2734622119855689E-018           0           1           7
  Comptn_2: TXYZ:   1.0000000000922480       U,V,W -0.82050826717429004      -0.41178902705934206       0.39647948343440476     
  Comptn_2: TXYZ:  0.99999999999883038       U,V,W  0.22098138823683477      -0.97505181750948600        2.1004266785574544E-002
  Comptn_2: TXYZ:  0.99999999999883993       U,V,W -0.18044636293659977      -0.98352304882772401       -1.1023725613931390E-002
  Comptn_2: TXYZ:  0.99999999999595612       U,V,W  -9.9918321924604925E-002  0.94868095572790878      -0.30003461996727765     
  Comptn_2: TXYZ:  0.99999999999701017       U,V,W -0.80272912458395318       0.16647844929460121       0.57263503076755207     
  Comptn_2: TXYZ:  0.99999999999650768       U,V,W  0.92891712513343094       0.35402797884877657       0.10852264658862509     
  Comptn_2: TXYZ:  0.99999999999831790       U,V,W  0.97073416392092682      -0.12652272299847311       0.20412541135318918     
  Comptn_2: TXYZ:  0.99999999999893019       U,V,W -0.41907209570442916      -0.55887499700596432      -0.71556782789782503     
       7400                  2600                  2600             4.6816861E-01         1.0000000E+30           1517344       
 NEXT SEEDS: 4180B83      5C       0       0       0       0       2    3039       0       0
  Comptn_2: TXYZ:  0.99999999999756350       U,V,W -0.78007826503581157      -0.35919867833784735       0.51230284978382201     
  Comptn_2: TXYZ:  0.99999999999883915       U,V,W -0.17241037967970385       0.19499789420476077       0.96553119174537727     
  Comptn_2: TXYZ:  0.99999999999825628       U,V,W  0.21396831616516465       0.69197318989959200       0.68948579690656686     
  Comptn_2: TXYZ:  0.99999999999884670       U,V,W  0.70486161436554085       0.23692307750222241      -0.66860867474160557     
  Comptn_2: TXYZ:  0.99999999999046152       U,V,W -0.54219431875293367       0.71069998170009585      -0.44825311679227298     
       7600                  2400                  2400             4.6813094E-01         1.0000000E+30           1559222       
 NEXT SEEDS: 721B5E8      5D       0       0       0       0       2    3039       0       0
  Comptn_2: TXYZ:   1.0000000000032425       U,V,W  0.10922096372366291        6.9775333677739582E-003  0.99399300556624559     
  *** Umfnst:amsq,np0,np,kpart  -7.4443471812088471E-018           0           1           7
  Comptn_2: TXYZ:  0.99999999999690026       U,V,W  0.54520348075181069      -0.69637896286343448      -0.46670065851063214     
  *** Umfnst:amsq,np0,np,kpart  -7.5340417175161895E-018           0           1           7
  Comptn_2: TXYZ:   1.0000000000012508       U,V,W  0.44898804980016394      -0.75204327480513200       0.48253564009124650     
  Comptn_2: TXYZ:   1.0000000000028779       U,V,W  -1.4794724447988017E-002 -0.88041624590345435      -0.47397083252100458     
  Comptn_2: TXYZ:  0.99999999999606293       U,V,W   4.7298628599943271E-002  0.97670073820737002       0.20932870733324194     
  Comptn_2: TXYZ:   1.0000000000041771       U,V,W  0.63454494562235197       0.64399960511730114       0.42733736157521207     
  *** Umfnst:amsq,np0,np,kpart  -7.3028284094358808E-018           0           1           7
  Comptn_2: TXYZ:  0.99999999999584110       U,V,W -0.21064038966758325       0.50250142645360540       0.83852426479418085     
       7800                  2200                  2200             4.6833207E-01         1.0000000E+30           1600713       
 NEXT SEEDS: B766675      5E       0       0       0       0       2    3039       0       0
  Comptn_2: TXYZ:  0.99999999999458677       U,V,W  0.10804635813076402      -0.79444168043530539       0.59765240807378461     
  Comptn_2: TXYZ:   1.0000000000010303       U,V,W -0.63955233693407187      -0.47074807474542268       0.60775740098058506     
  *** Umfnst:amsq,np0,np,kpart  -2.8986383109849823E-017           0           1           7
       8000                  2000                  2000             4.6810449E-01         1.0000000E+30           1642301       
 NEXT SEEDS: D2EB747      5F       0       0       0       0       2    3039       0       0
  Comptn_2: TXYZ:  0.99999999999486855       U,V,W  0.31549580457723891      -0.58050874171800615      -0.75064771902538041     
  Comptn_2: TXYZ:   1.0000000000014220       U,V,W -0.99629390790370032        5.9111918655815998E-002  -6.2483839096387328E-002
  *** Umfnst:amsq,np0,np,kpart  -7.4274550505489191E-018           0           1           7
  Comptn_2: TXYZ:   1.0000000000362208       U,V,W -0.62300754380925127      -0.59535753518954948      -0.50735688197363515     
  *** Umfnst:amsq,np0,np,kpart  -7.5472845280114113E-018           0           1           7
  *** Umfnst:amsq,np0,np,kpart  -7.4636396509670687E-018           0           1           7
  Comptn_2: TXYZ:   1.0000000000045457       U,V,W -0.21492887543261219      -0.66408991240351156       0.71609368573791699     
  Comptn_2: TXYZ:  0.99999999999282752       U,V,W  0.58670588288944003      -0.66483588941660798       0.46235208133994377     
  Comptn_2: TXYZ:   1.0000000000018470       U,V,W  0.98050508330763719       0.17919464191037093       -8.0616759550011352E-002
  Comptn_2: TXYZ:  0.99999999999770683       U,V,W -0.69887247530388663      -0.70933467897249614       -9.1769147687614350E-002
  Comptn_2: TXYZ:  0.99999999999898914       U,V,W  0.18494984432961203       -5.2337977937270352E-002  0.98135329578438735     
  Comptn_2: TXYZ:   1.0000000000093547       U,V,W  -2.6696972099387040E-003 -0.85710505991184505       0.51513472897842405     
       8200                  1800                  1800             4.6809576E-01         1.0000000E+30           1683609       
 NEXT SEEDS:107AB297      60       0       0       0       0       2    3039       0       0
  Comptn_2: TXYZ:   1.0000000000019251       U,V,W  0.12597196040420044      -0.70638053941702594      -0.69653255396051605     
  Comptn_2: TXYZ:   1.0000000000029730       U,V,W  0.46626065410129058      -0.76245534017736816       0.44862329038406301     
  Comptn_2: TXYZ:   1.0000000000011549       U,V,W -0.13431326649661202       0.97680163393728492      -0.16678883170528991     
  Comptn_2: TXYZ:   1.0000000000038751       U,V,W -0.52851935673807304      -0.53218859690829845      -0.66139442610126764     
  Comptn_2: TXYZ:  0.99999999998950595       U,V,W  0.41783109381555050      -0.64747589773993752      -0.63733204758294448     
  Comptn_2: TXYZ:   1.0000000000021556       U,V,W   1.9965089299017080E-002 -0.96523827069232127       0.26060789704522591     
  Comptn_2: TXYZ:   1.0000000000011493       U,V,W -0.64985790069980709       0.48727841072622979      -0.58330477397267089     
       8400                  1600                  1600             4.6783522E-01         1.0000000E+30           1725607       
 NEXT SEEDS:11E1CF7C      61       0       0       0       0       2    3039       0       0
  Comptn_2: TXYZ:   1.0000000000062375       U,V,W  0.52990308963107680      -0.54927648200796853       0.64614089943187025     
  Comptn_2: TXYZ:   1.0000000000030067       U,V,W  0.28166854583863565       -5.7309379867476196E-002 -0.95779876031834599     
  Comptn_2: TXYZ:   1.0000000000059268       U,V,W  0.55049640807840916       0.62904351593640229       0.54886971109459637     
  Comptn_2: TXYZ:   1.0000000000011808       U,V,W  -5.6183245786802338E-002  0.88871705119496269      -0.45500048990014363     
  Comptn_2: TXYZ:   1.0000000000018523       U,V,W -0.56688918918038667      -0.54403336202542718       0.61859869721457272     
  Comptn_2: TXYZ:   1.0000000000012699       U,V,W  0.85352814204851057      -0.51393743914197643       -8.5778898224881939E-002
  Comptn_2: TXYZ:   1.0000000000030700       U,V,W  0.33299606181945762      -0.63211193200825022      -0.69967716000209634     
  Comptn_2: TXYZ:  0.99999999999374989       U,V,W  0.69627118280189393       0.62431735328639348       0.35416702610332607     
  Comptn_2: TXYZ:  0.99999999999595279       U,V,W -0.57304444832022483      -0.64720898789830983       0.50273311630423478     
  Comptn_2: TXYZ:   1.0000000000030549       U,V,W  0.53593405352242485      -0.19877267743764548      -0.82052672898714718     
  Comptn_2: TXYZ:   1.0000000000019660       U,V,W  0.57568509716030292      -0.73318138409025124       0.36198304785307567     
  Comptn_2: TXYZ:  0.99999999999885125       U,V,W -0.57091224777401628       0.69161276938137206       0.44241494388085556     
       8600                  1400                  1400             4.6786382E-01         1.0000000E+30           1766390       
 NEXT SEEDS:154BB0BA      62       0       0       0       0       2    3039       0       0
  Comptn_2: TXYZ:   1.0000000000181968       U,V,W  0.37870739964676403      -0.86460902149994467      -0.33019985677145769     
  Comptn_2: TXYZ:  0.99999999999770495       U,V,W  0.59256339922879420      -0.68292556590064635       0.42717828752337539     
  Comptn_2: TXYZ:  0.99999999999828082       U,V,W  0.77088630077510345       0.53848278310154107       0.34025079511850720     
  Comptn_2: TXYZ:  0.99999999999284117       U,V,W  0.14803258208163683       0.60587190727324014       0.78166846336037565     
  Comptn_2: TXYZ:   1.0000000000010814       U,V,W  0.43723086697481506       0.88287378365784264       0.17135650292655313     
       8800                  1200                  1200             4.6786715E-01         1.0000000E+30           1808112       
 NEXT SEEDS:18DC1AEC      63       0       0       0       0       2    3039       0       0
  Comptn_2: TXYZ:   1.0000000000012854       U,V,W  0.98742817195183363        8.2198581149214078E-002  0.13501480842560021     
  Comptn_2: TXYZ:  0.99999999999862632       U,V,W -0.59451384025607013      -0.80392066435751985        1.6274494203202039E-002
  *** Umfnst:amsq,np0,np,kpart  -7.4530809888940195E-018           0           1           7
  Comptn_2: TXYZ:   1.0000000000027549       U,V,W  0.27676416700764150       0.95101734741021460       0.13772291308333706     
  Comptn_2: TXYZ:  0.99999999998890921       U,V,W  0.99741182138228512       -1.0320436415156564E-002   7.1155794900924718E-002
  Comptn_2: TXYZ:   1.0000000000020588       U,V,W -0.20427779337040874      -0.42680829256389785      -0.88096836750048269     
  *** Umfnst:amsq,np0,np,kpart  -7.4222853148084972E-018           0           1           7
  Comptn_2: TXYZ:  0.99999999999325628       U,V,W -0.28747647341762672      -0.78355827035476311       0.55081186823022676     
  Comptn_2: TXYZ:   1.0000000000010747       U,V,W  0.16655259708419834       0.76556991881210834      -0.62142009286440469     
  Comptn_2: TXYZ:   1.0000000000030864       U,V,W  0.61670472501537432       0.63761732262722859       0.46164860232917704     
       9000                  1000                  1000             4.6796218E-01         1.0000000E+30           1849357       
 NEXT SEEDS:1CC78496      64       0       0       0       0       2    3039       0       0
  Comptn_2: TXYZ:  0.99999999999892419       U,V,W -0.15910917064557850       0.10050745426647723      -0.98213162226469031     
  Comptn_2: TXYZ:   1.0000000000011620       U,V,W  0.39329223560216064      -0.50736083427683809       0.76675041653599862     
  Comptn_2: TXYZ:   1.0000000000013636       U,V,W -0.11285701418357919       0.61383054979761198      -0.78132922029455187     
       9200                   800                   800             4.6797188E-01         1.0000000E+30           1889938       
 NEXT SEEDS:204EEAE1      65       0       0       0       0       2    3039       0       0
  Comptn_2: TXYZ:   1.0000000000010409       U,V,W -0.63541516752071381       0.67779379349772384      -0.36992315199461245     
  Comptn_2: TXYZ:  0.99999999999897671       U,V,W -0.95539409825842103      -0.24616229019801139      -0.16317550029469885     
  Comptn_2: TXYZ:   1.0000000000012312       U,V,W  0.82280972188428336      -0.28120287914593689      -0.49387154436551128     
  Comptn_2: TXYZ:   1.0000000000010627       U,V,W  0.63383080278890702       0.24047632944000696      -0.73513920342755057     
  Comptn_2: TXYZ:   1.0000000000020515       U,V,W  0.90296047867659723      -0.42910033590973740       -2.3136025422104467E-002
  Comptn_2: TXYZ:  0.99999999999750955       U,V,W  0.43056751685504135       0.21742997127863362      -0.87597706649007989     
  Comptn_2: TXYZ:   1.0000000000419615       U,V,W  0.76219109962568155      -0.55272115342829409       0.33699266200653710     
  Comptn_2: TXYZ:   1.0000000000012270       U,V,W -0.41830321537859039      -0.84585787638907917       0.33097865936600357     
  Comptn_2: TXYZ:  0.99999999999839828       U,V,W  0.44270034540353720      -0.89635783433479688       -2.3643963386454914E-002
  Comptn_2: TXYZ:  0.99999999999869238       U,V,W  -3.7120270406774125E-002 -0.93563258910502256       0.35101815298963146     
  Comptn_2: TXYZ:   1.0000000000013478       U,V,W  0.46262410345113381       0.88043481065783169       0.10398789876370529     
  Comptn_2: TXYZ:  0.99999999999894917       U,V,W  0.93663311943129557       0.33875402449588421       -8.9241865014081156E-002
  Comptn_2: TXYZ:  0.99999999999889144       U,V,W -0.60863161228938623      -0.71288378219948967      -0.34837375561006922     
  Comptn_2: TXYZ:  0.99999999999729472       U,V,W  0.28670994477662415        9.6620607492070576E-002 -0.95313265906239053     
  Comptn_2: TXYZ:   1.0000000000034590       U,V,W  0.85578041754931888       0.34812636795170704       0.38268513020409500     
  Comptn_2: TXYZ:  0.99999999999299383       U,V,W -0.28134071111870185       0.57452489231921788      -0.76861469694887319     
  Comptn_2: TXYZ:   1.0000000000016209       U,V,W -0.79017583661080693       0.12939944269978199      -0.59906421314164504     
  Comptn_2: TXYZ:  0.99999999998487832       U,V,W -0.46473888361146010      -0.31197319938064538       0.82866790266828616     
       9400                   600                   600             4.6810671E-01         1.0000000E+30           1931065       
 NEXT SEEDS:24B3DB36      66       0       0       0       0       2    3039       0       0
  *** Eveneu: no downsc. group selected, cusngl, rsngl, igpr ***  0.999999821      0.999999940             124
  *** Umfnst:amsq,np0,np,kpart  -1.4607885624909053E-017           0           1           7
  Comptn_2: TXYZ:  0.99999999999597844       U,V,W -0.66933630733712235       0.74055126475050770        5.9772334342127920E-002
  Comptn_2: TXYZ:   1.0000000000164311       U,V,W  -2.3883380388829423E-002 -0.48749317486931432       0.87280008513603491     
  *** Eveneu: no downsc. group selected, cusngl, rsngl, igpr ***  0.999999881       1.00000000             137
  Comptn_2: TXYZ:   1.0000000000010330       U,V,W  0.78070539967776398      -0.14860396676940013       0.60697276707889847     
  Comptn_2: TXYZ:  0.99999999999831657       U,V,W  0.99953354641044756        2.2472528010354154E-002   2.0680306653773073E-002
  Comptn_2: TXYZ:   1.0000000000023603       U,V,W  0.22020427645771523      -0.69622440120717499       0.68321421223200929     
  Comptn_2: TXYZ:  0.99999999998122413       U,V,W -0.96302807166687998      -0.18285452400436952       0.19784123992214120     
  Comptn_2: TXYZ:   1.0000000000040636       U,V,W  0.17804685504069084       0.62899170302466700      -0.75674880570788616     
  Comptn_2: TXYZ:  0.99999999999796030       U,V,W -0.80493832322266456      -0.20449789415251018      -0.55700530257137970     
  Comptn_2: TXYZ:   1.0000000000023170       U,V,W -0.13034371850143600       0.96497620127262429       0.22766520600871587     
  Comptn_2: TXYZ:  0.99999999999812961       U,V,W  0.87697870694530167        5.1516070961987737E-002 -0.47775981622078234     
  Comptn_2: TXYZ:  0.99999999999899469       U,V,W -0.48926256798053558      -0.65554557835044847      -0.57522355156692129     
       9600                   400                   400             4.6797266E-01         1.0000000E+30           1971735       
 NEXT SEEDS:271D6F25      67       0       0       0       0       2    3039       0       0
  Comptn_2: TXYZ:   1.0000000000027951       U,V,W -0.13446325463088016      -0.35751533776772959       0.92417661538133089     
  Comptn_2: TXYZ:  0.99999999999774514       U,V,W  0.64803822795181176       0.72552068650983870       0.23165963946512846     
  Comptn_2: TXYZ:   1.0000000000013518       U,V,W -0.81200428230077470       0.23510803342549025       0.53420338649745958     
  Comptn_2: TXYZ:   1.0000000000014524       U,V,W -0.69423663161148497       0.11928860932867735       0.70979273525066588     
  Comptn_2: TXYZ:  0.99999999999869893       U,V,W -0.46692889232706847      -0.22962074799390564       0.85396236544688264     
  Comptn_2: TXYZ:   1.0000000000010774       U,V,W -0.56844138983568371      -0.26781011247452113      -0.77791524601278894     
  Comptn_2: TXYZ:  0.99999999999235767       U,V,W  0.42906160592255560      -0.65918605872832003      -0.61755961517390290     
  Comptn_2: TXYZ:  0.99999999999735578       U,V,W  0.39021798050359280      -0.70890579729814363       0.58752233850819380     
  Comptn_2: TXYZ:   1.0000000000021685       U,V,W  0.78117370759932747       0.26865335849058170      -0.56355391182159309     
  Comptn_2: TXYZ:  0.99999999999363354       U,V,W -0.38444968941973912        6.9801077766466005E-002 -0.92050325683364065     
  Comptn_2: TXYZ:   1.0000000000045401       U,V,W  0.72154063907694876      -0.52197977299711518      -0.45488044885095746     
       9800                   200                   200             4.6814492E-01         1.0000000E+30           2010887       
 NEXT SEEDS:2B6DE556      68       0       0       0       0       2    3039       0       0
  Comptn_2: TXYZ:   1.0000000000027551       U,V,W  0.44934702831096374      -0.71799797384288411       0.53156952293032589     
  Comptn_2: TXYZ:   1.0000000000019393       U,V,W  -2.1985929532547743E-002 -0.75770348593183146      -0.65222852307399126     
  Comptn_2: TXYZ:  0.99999999999692268       U,V,W  0.83354366134666691      -0.55167257694898808        2.9365497921517658E-002
  Comptn_2: TXYZ:   1.0000000000013887       U,V,W   2.1487985628482420E-002 -0.78662015731086399      -0.61706320145285787     
  Comptn_2: TXYZ:   1.0000000000018801       U,V,W -0.60027896994693375       0.31510131299346256      -0.73510293210619437     
  Comptn_2: TXYZ:   1.0000000000010087       U,V,W -0.61592065045901379      -0.14762923715157683      -0.77385228608384793     
  Comptn_2: TXYZ:  0.99999999999568046       U,V,W  0.43823393128936727       -2.7212394763012071E-003  0.89885683861116572     
  Comptn_2: TXYZ:  0.99999999999828693       U,V,W -0.25199025175191991       0.74635664343943375       0.61599730016787646     
       9950                    50                    50             4.6800364E-01         1.0000000E+30           2041492       
 NEXT SEEDS:1E393125      69       0       0       0       0       2    3039       0       0
  Comptn_2: TXYZ:  0.99999999999826450       U,V,W  -7.2020236016001604E-002 -0.94193893304630905      -0.32796971203762837     
       9951                    49                    49             4.6800263E-01         1.0000000E+30           2041623       
 NEXT SEEDS:1E83C06F      69       0       0       0       0       2    3039       0       0
       9952                    48                    48             4.6800648E-01         1.0000000E+30           2041848       
 NEXT SEEDS:1EDB05A8      69       0       0       0       0       2    3039       0       0
       9953                    47                    47             4.6800028E-01         1.0000000E+30           2042069       
 NEXT SEEDS:1F20A70B      69       0       0       0       0       2    3039       0       0
  Comptn_2: TXYZ:  0.99999999999870570       U,V,W -0.46265778857984685       0.86955910643128220      -0.17266942719410849     
       9954                    46                    46             4.6800894E-01         1.0000000E+30           2042277       
 NEXT SEEDS:1F884F67      69       0       0       0       0       2    3039       0       0
       9955                    45                    45             4.6802245E-01         1.0000000E+30           2042468       
 NEXT SEEDS:1FEFD48B      69       0       0       0       0       2    3039       0       0
       9956                    44                    44             4.6800492E-01         1.0000000E+30           2042625       
 NEXT SEEDS:2023C6CC      69       0       0       0       0       2    3039       0       0
       9957                    43                    43             4.6799788E-01         1.0000000E+30           2042858       
 NEXT SEEDS:20680B60      69       0       0       0       0       2    3039       0       0
       9958                    42                    42             4.6800247E-01         1.0000000E+30           2043123       
 NEXT SEEDS:20C3F8EE      69       0       0       0       0       2    3039       0       0
       9959                    41                    41             4.6799357E-01         1.0000000E+30           2043366       
 NEXT SEEDS:21085168      69       0       0       0       0       2    3039       0       0
       9960                    40                    40             4.6798777E-01         1.0000000E+30           2043511       
 NEXT SEEDS:214A1364      69       0       0       0       0       2    3039       0       0
       9961                    39                    39             4.6799480E-01         1.0000000E+30           2043751       
 NEXT SEEDS:21AB3ABF      69       0       0       0       0       2    3039       0       0
       9962                    38                    38             4.6798557E-01         1.0000000E+30           2044010       
 NEXT SEEDS:21EC5FD0      69       0       0       0       0       2    3039       0       0
       9963                    37                    37             4.6797854E-01         1.0000000E+30           2044214       
 NEXT SEEDS:222E0749      69       0       0       0       0       2    3039       0       0
  Comptn_2: TXYZ:  0.99999999999818756       U,V,W  0.90116879929543003       0.43284684729208323       -2.3203490339266608E-002
       9964                    36                    36             4.6799635E-01         1.0000000E+30           2044417       
 NEXT SEEDS:22ABB35F      69       0       0       0       0       2    3039       0       0
       9965                    35                    35             4.6798075E-01         1.0000000E+30           2044617       
 NEXT SEEDS:22DE9F8E      69       0       0       0       0       2    3039       0       0
       9966                    34                    34             4.6797901E-01         1.0000000E+30           2044799       
 NEXT SEEDS:2328E892      69       0       0       0       0       2    3039       0       0
       9967                    33                    33             4.6797297E-01         1.0000000E+30           2045021       
 NEXT SEEDS:2374016D      69       0       0       0       0       2    3039       0       0
       9968                    32                    32             4.6796428E-01         1.0000000E+30           2045156       
 NEXT SEEDS:23B2C389      69       0       0       0       0       2    3039       0       0
       9969                    31                    31             4.6797959E-01         1.0000000E+30           2045296       
 NEXT SEEDS:241ED652      69       0       0       0       0       2    3039       0       0
       9970                    30                    30             4.6798549E-01         1.0000000E+30           2045459       
 NEXT SEEDS:247A9B7C      69       0       0       0       0       2    3039       0       0
       9971                    29                    29             4.6797930E-01         1.0000000E+30           2045730       
 NEXT SEEDS:24BFE404      69       0       0       0       0       2    3039       0       0
       9972                    28                    28             4.6796621E-01         1.0000000E+30           2046012       
 NEXT SEEDS:24F9B304      69       0       0       0       0       2    3039       0       0
       9973                    27                    27             4.6796198E-01         1.0000000E+30           2046163       
 NEXT SEEDS:2546C451      69       0       0       0       0       2    3039       0       0
       9974                    26                    26             4.6796054E-01         1.0000000E+30           2046257       
 NEXT SEEDS:258E436D      69       0       0       0       0       2    3039       0       0
       9975                    25                    25             4.6795651E-01         1.0000000E+30           2046467       
 NEXT SEEDS:25D4425A      69       0       0       0       0       2    3039       0       0
       9976                    24                    24             4.6794499E-01         1.0000000E+30           2046705       
 NEXT SEEDS:26118B1A      69       0       0       0       0       2    3039       0       0
       9977                    23                    23             4.6793298E-01         1.0000000E+30           2046977       
 NEXT SEEDS:264D44DB      69       0       0       0       0       2    3039       0       0
       9978                    22                    22             4.6795949E-01         1.0000000E+30           2047162       
 NEXT SEEDS:26D1904A      69       0       0       0       0       2    3039       0       0
       9979                    21                    21             4.6796524E-01         1.0000000E+30           2047427       
 NEXT SEEDS:2732F564      69       0       0       0       0       2    3039       0       0
       9980                    20                    20             4.6796830E-01         1.0000000E+30           2047675       
 NEXT SEEDS:278FE9CE      69       0       0       0       0       2    3039       0       0
       9981                    19                    19             4.6796285E-01         1.0000000E+30           2047844       
 NEXT SEEDS:27D8A39D      69       0       0       0       0       2    3039       0       0
       9982                    18                    18             4.6794914E-01         1.0000000E+30           2048114       
 NEXT SEEDS:28104B4B      69       0       0       0       0       2    3039       0       0
       9983                    17                    17             4.6793988E-01         1.0000000E+30           2048233       
 NEXT SEEDS:284E2DAB      69       0       0       0       0       2    3039       0       0
       9984                    16                    16             4.6794187E-01         1.0000000E+30           2048493       
 NEXT SEEDS:28A575C9      69       0       0       0       0       2    3039       0       0
       9985                    15                    15             4.6794195E-01         1.0000000E+30           2048738       
 NEXT SEEDS:28F8E235      69       0       0       0       0       2    3039       0       0
       9986                    14                    14             4.6792760E-01         1.0000000E+30           2048900       
 NEXT SEEDS:292DC698      69       0       0       0       0       2    3039       0       0
       9987                    13                    13             4.6793414E-01         1.0000000E+30           2049158       
 NEXT SEEDS:298D995B      69       0       0       0       0       2    3039       0       0
       9988                    12                    12             4.6793891E-01         1.0000000E+30           2049410       
 NEXT SEEDS:29EA0A28      69       0       0       0       0       2    3039       0       0
       9989                    11                    11             4.6796089E-01         1.0000000E+30           2049595       
 NEXT SEEDS:2A6855D4      69       0       0       0       0       2    3039       0       0
       9990                    10                    10             4.6795335E-01         1.0000000E+30           2049764       
 NEXT SEEDS:2AAD0136      69       0       0       0       0       2    3039       0       0
       9991                     9                     9             4.6796794E-01         1.0000000E+30           2049976       
 NEXT SEEDS:2B1A88CE      69       0       0       0       0       2    3039       0       0
       9992                     8                     8             4.6796426E-01         1.0000000E+30           2050206       
 NEXT SEEDS:2B62CAE9      69       0       0       0       0       2    3039       0       0
       9993                     7                     7             4.6798266E-01         1.0000000E+30           2050366       
 NEXT SEEDS:2BD29E49      69       0       0       0       0       2    3039       0       0
  Comptn_2: TXYZ:   1.0000000000011515       U,V,W  0.10184925239739684      -0.51381748881824763      -0.85183232972912748     
  *** Emfgeo: Ncoun  2000000000
       9994                     6                     6             4.6797653E-01         1.0000000E+30           2050649       
 NEXT SEEDS:2C1AAFC1      69       0       0       0       0       2    3039       0       0
       9995                     5                     5             4.6797783E-01         1.0000000E+30           2050854       
 NEXT SEEDS:2C6DFE60      69       0       0       0       0       2    3039       0       0
       9996                     4                     4             4.6798963E-01         1.0000000E+30           2051011       
 NEXT SEEDS:2CD277CC      69       0       0       0       0       2    3039       0       0
       9997                     3                     3             4.6798741E-01         1.0000000E+30           2051160       
 NEXT SEEDS:2D1D420D      69       0       0       0       0       2    3039       0       0
       9998                     2                     2             4.6798949E-01         1.0000000E+30           2051415       
 NEXT SEEDS:2D78CA30      69       0       0       0       0       2    3039       0       0
       9999                     1                     1             4.6800222E-01         1.0000000E+30           2051596       
 NEXT SEEDS:2DE0E6E4      69       0       0       0       0       2    3039       0       0
      10000                     0                     1             4.6800083E-01         1.0000000E+30           2051866       
 NEXT SEEDS:2E341D1E      69       0       0       0       0       2    3039       0       0
