1NUMBER OF BEAM       NUMBER OF BEAM        APPROXIMATE NUMBER    AVERAGE TIME USED     TIME LEFT (RESERVED   NUMBER OF STARS
 PARTICLES HANDLED    PARTICLES LEFT        OF BEAM PARTICLES     BY A BEAM PARTICLE     10000.0 SECONDS      CREATED
                                            THAT CAN STILL BE                           FOR PRINTOUT)
                                            HANDLED

 NEXT SEEDS:       0       0       0       0       0       0       3    3039       0       0
  *** Kaon: P_min > 1.5 GeV/c:           15   2.5175188373360768     
  *** Kbar: P_min > 1.8 GeV/c:           16   4.7580474903925074     
  *** Kaon: P_min > 1.5 GeV/c:           24   7.5282748846694743     
  *** Kbar: P_min > 1.8 GeV/c:           16   2.1527664998990357     
  *** Kbar: P_min > 1.8 GeV/c:           16   2.3673383187652011     
  *** Kaon: P_min > 1.5 GeV/c:           24   2.5559422036431161     
  *** Kbar: P_min > 1.8 GeV/c:           16   2.1002766433141775     
  *** Kbar: P_min > 1.8 GeV/c:           16   1.8296260099903927     
  *** Kbar: P_min > 1.8 GeV/c:           16   1.9046439936166064     
  *** Kaon: P_min > 1.5 GeV/c:           24   2.5554501184210063     
  *** Kaon: P_min > 1.5 GeV/c:           24   2.9554200254261449     
  *** Kaon: P_min > 1.5 GeV/c:           24   2.1101747795559702     
  *** Kaon: P_min > 1.5 GeV/c:           24   6.2308270888559063     
  *** Kbar: P_min > 1.8 GeV/c:           16   4.5567710719895347     
  *** Kbar: P_min > 1.8 GeV/c:           16   5.0357709299766773     
  *** Kaon: P_min > 1.5 GeV/c:           15   2.4880601255476873     
  *** Kaon: P_min > 1.5 GeV/c:           15   2.6034675246631300     
  *** Kaon: P_min > 1.5 GeV/c:           15   2.1688874388030532     
  *** Kaon: P_min > 1.5 GeV/c:           15   2.4758332086906774     
  *** Kaon: P_min > 1.5 GeV/c:           15   2.2574995656592032     
          1                  9999                  9999             4.5609021E-01         1.0000000E+30               161       
 NEXT SEEDS:  48BAAF       0       0       0       0       0       3    3039       0       0
  *** Hhflev: call to Hadriv !! ***  0.85283742610047619        3.5000000000000000        1.5893946499979068               13 T F T
  *** Hhflev: call to Hadriv !! ***  0.34931542917837705        3.5000000000000000        1.2671730248146578               13 T F T
  *** Hhflev: call to Hadriv !! ***  0.63277042594768584        3.5000000000000000        1.4559885744293333               13 T F T
  *** Hhflev: call to Hadriv !! ***  0.73177895668319648        3.5000000000000000        1.5172868326886155               13 T F T
  *** Hhflev: call to Hadriv !! ***  0.88974925292073503        5.0000000000000000        1.7431509647885699               15 T F T
  Comptn_2: TXYZ:  0.99999999999850264       U,V,W   2.4024461821795740E-002 -0.98239168381094233       0.18528196029775046     
  *** Hhflev: call to Hadriv !! ***  0.84470774736400367        3.5000000000000000        1.5846454089914201               13 T F T
  *** Hhflev: call to Hadriv !! ***  0.49518988340108039        3.5000000000000000        1.3671299807566495               14 T F T
  *** Hhflev: call to Hadriv !! ***  0.42604909565590909        3.5000000000000000        1.3208821478417425               13 T F T
  Comptn_2: TXYZ:   1.0000000000025913       U,V,W  0.96112271983956710      -0.26640998747469524        7.2586747995188716E-002
  *** Hhflev: call to Hadriv !! ***  0.72004194273224897        3.5000000000000000        1.5101326678655080               13 T F T
  *** Hhflev: call to Hadriv !! ***  0.64210306598612799        3.5000000000000000        1.4618598130771232               14 T F T
  Comptn_2: TXYZ:  0.99999999999730116       U,V,W  -9.0472974088712022E-002 -0.38474349839709987      -0.91857883787838546     
  Comptn_2: TXYZ:  0.99999999999877276       U,V,W -0.72913241325802147      -0.21582706386227812       0.64944946103595669     
  Comptn_2: TXYZ:   1.0000000000016749       U,V,W -0.95633334852642626      -0.28998847116032067       -3.6513190657728956E-002
  Comptn_2: TXYZ:   1.0000000000050413       U,V,W  0.81105261872097856       -3.0030723523097436E-002  0.58420185322845697     
  Comptn_2: TXYZ:  0.99999999994340383       U,V,W  0.37554569631726054       -9.4252992655668777E-002 -0.92199880872831841     
  Comptn_2: TXYZ:   1.0000000000030540       U,V,W  0.99941152414248879       -7.5845939441876453E-004   3.4293296044395127E-002
  Comptn_2: TXYZ:  0.99999999995320465       U,V,W   6.9151648187244064E-002  0.99638262024189928        4.9393558143542293E-002
  Comptn_2: TXYZ:  0.99999999999553724       U,V,W  0.31400072588672856       0.18019350486086533       0.93216621100751240     
  Comptn_2: TXYZ:  0.99999999999882394       U,V,W  0.38253678826870541      -0.73575247029356028      -0.55886841749808269     
        200                  9800                  9800             4.7684488E-01         1.0000000E+30             41325       
 NEXT SEEDS: 3BF336E       1       0       0       0       0       3    3039       0       0
  Comptn_2: TXYZ:   1.0000000000011031       U,V,W  0.37189466748279187       0.56540807371537061       0.73621197115806325     
  *** Umfnst:amsq,np0,np,kpart  -7.4393054781788468E-018           0           1           7
  Comptn_2: TXYZ:   1.0000000000045848       U,V,W -0.62221007204773571      -0.66228764809726215       0.41740831020085523     
  Comptn_2: TXYZ:   1.0000000000010507       U,V,W  -7.1761825948158275E-002 -0.88088409812604951      -0.46786049844616429     
  Comptn_2: TXYZ:   1.0000000000024487       U,V,W -0.13551183166305236       0.97785458616394916       0.15948966047962188     
  Comptn_2: TXYZ:  0.99999999999768607       U,V,W  0.88368117450598760       0.11237312822139955      -0.45440055223903641     
        400                  9600                  9600             4.7507592E-01         1.0000000E+30             83810       
 NEXT SEEDS: 77332B2       2       0       0       0       0       3    3039       0       0
  Comptn_2: TXYZ:  0.99999999999875133       U,V,W  0.13615156329949230       0.80584263414285962      -0.57626417623131232     
  Comptn_2: TXYZ:   1.0000000000190590       U,V,W  0.25176311193527923      -0.90020259529184443      -0.35531763665423455     
  Comptn_2: TXYZ:  0.99999999999893463       U,V,W   1.7869323590592678E-002 -0.54351690968246658      -0.83920799338577012     
  Comptn_2: TXYZ:  0.99999999999509770       U,V,W   5.0017254821856483E-002 -0.35484029056964062      -0.93358804748327628     
  Comptn_2: TXYZ:  0.99999999999897415       U,V,W  0.82575317549462213       0.56116468957810639        5.6796869017837537E-002
  Comptn_2: TXYZ:  0.99999999999852451       U,V,W  0.34180813202554816       0.52548508346146150       0.77912298640152500     
  Comptn_2: TXYZ:   1.0000000000321199       U,V,W -0.79840796002514480      -0.56385597164813817      -0.21121357114859052     
  Comptn_2: TXYZ:   1.0000000000015237       U,V,W -0.44966854044606208      -0.73653125345746417       0.50529191208153001     
        600                  9400                  9400             4.7740253E-01         1.0000000E+30            122429       
 NEXT SEEDS: B594383       3       0       0       0       0       3    3039       0       0
  Comptn_2: TXYZ:  0.99999999999109845       U,V,W -0.64239370208804303       0.56127945763657827       0.52181960670705507     
  Comptn_2: TXYZ:  0.99999999999871636       U,V,W  0.91740059152366271       0.32631451690402002      -0.22780472060176038     
  Comptn_2: TXYZ:   1.0000000000011711       U,V,W -0.30967822320184268      -0.32849481152309190       0.89229510638472576     
  Comptn_2: TXYZ:   1.0000000000024061       U,V,W -0.20651889019789138       0.52873669523863498       0.82327847967863477     
  Comptn_2: TXYZ:   1.0000000000031783       U,V,W  0.33942946848577549       0.84446476268686865      -0.41432704534805964     
  Comptn_2: TXYZ:  0.99999999998752798       U,V,W -0.96032260385247525       0.17849664600068138      -0.21428822619088805     
  Comptn_2: TXYZ:  0.99999999999804323       U,V,W -0.19154185569944104      -0.97205863690944128       0.13569717728463182     
  Comptn_2: TXYZ:  0.99999999999889266       U,V,W -0.84675436380436864        7.3020386274109228E-002 -0.52694883106951806     
  Comptn_2: TXYZ:  0.99999999999805778       U,V,W  0.94143686858616782      -0.18660381764532730      -0.28084806872207224     
  Comptn_2: TXYZ:  0.99999999999303069       U,V,W -0.85101649315646810       -6.7906921901027317E-002  0.52072985158009288     
        800                  9200                  9200             4.7799353E-01         1.0000000E+30            163873       
 NEXT SEEDS: F9A67C1       4       0       0       0       0       3    3039       0       0
  *** Umfnst:amsq,np0,np,kpart  -1.4558518965457765E-017           0           1           7
  Comptn_2: TXYZ:  0.99999999999683786       U,V,W   5.0366177370705145E-002  0.39426757871014573       0.91761447490323489     
  Comptn_2: TXYZ:  0.99999999999681477       U,V,W  0.25099828112617217      -0.27029823187029933      -0.92948304380247393     
  Comptn_2: TXYZ:   1.0000000000012759       U,V,W  0.59646358689249723       0.78819196236405276      -0.15160679396819887     
  Comptn_2: TXYZ:   1.0000000000015659       U,V,W  0.84733060177952524      -0.11308850073495336       0.51888519182092097     
  Comptn_2: TXYZ:  0.99999999999841749       U,V,W  0.82142103154500390      -0.12285498094144032      -0.55693279899089942     
  Comptn_2: TXYZ:   1.0000000000073037       U,V,W  0.28565000258950768        6.8370414446235372E-002 -0.95589202447576049     
  Comptn_2: TXYZ:  0.99999999998031686       U,V,W -0.70534258948821105      -0.36747785981589232       0.60617807118000666     
  *** Umfnst:amsq,np0,np,kpart  -1.4861751850371447E-017           0           1           7
  Comptn_2: TXYZ:  0.99999999999845468       U,V,W -0.19458085791990243       0.96313841010467449       0.18574900460204180     
  Comptn_2: TXYZ:  0.99999999999872125       U,V,W -0.55583001104002250       0.77416781267594104      -0.30284847142179672     
       1000                  9000                  9000             4.7691402E-01         1.0000000E+30            205964       
 NEXT SEEDS:12EBA39A       5       0       0       0       0       3    3039       0       0
  Comptn_2: TXYZ:  0.99999999999662159       U,V,W -0.25652277489534825      -0.10826791579494000      -0.96045516520347363     
  Comptn_2: TXYZ:  0.99999999999509959       U,V,W -0.81905447131076059      -0.20584817089235230      -0.53551498910975681     
  Comptn_2: TXYZ:  0.99999999999889666       U,V,W -0.39149611679307128      -0.83681778965049602       0.38270978228848662     
  *** Umfnst:amsq,np0,np,kpart  -7.2911757855099705E-018           0           1           7
  Comptn_2: TXYZ:   1.0000000000016234       U,V,W  0.56469271642082219       0.28115177412123415       0.77593544572430684     
  Comptn_2: TXYZ:   1.0000000000095792       U,V,W -0.88120758975773050      -0.38838377083547471      -0.26950181875929502     
       1200                  8800                  8800             4.7691321E-01         1.0000000E+30            247308       
 NEXT SEEDS:16AD41C0       6       0       0       0       0       3    3039       0       0
  Comptn_2: TXYZ:  0.99999999999843803       U,V,W -0.81490213879626694      -0.37324725560108796       0.44341965492066748     
  Comptn_2: TXYZ:  0.99999999999591560       U,V,W  0.83712529426260573       0.54690010937875400        1.1023251025363834E-002
  Comptn_2: TXYZ:   1.0000000000011413       U,V,W -0.86881144379133524       0.41666417510906228      -0.26750259871455739     
  Comptn_2: TXYZ:   1.0000000000023432       U,V,W -0.14453998516079025       0.41368606557739174       0.89887264494986141     
  Comptn_2: TXYZ:   1.0000000000010132       U,V,W  0.45322960905672005       0.49531769487185429       0.74110950784761798     
  Comptn_2: TXYZ:   1.0000000000025671       U,V,W  0.98555726539335708      -0.12960601891296619       0.10899154322454052     
  Comptn_2: TXYZ:  0.99999999999863465       U,V,W  0.12487393119891976       0.80490966754596505      -0.58010941071198463     
  Comptn_2: TXYZ:  0.99999999999838773       U,V,W  0.23414179043037464      -0.33113089900211179       0.91407327370320779     
       1400                  8600                  8600             4.7571822E-01         1.0000000E+30            287983       
 NEXT SEEDS:19414BA7       7       0       0       0       0       3    3039       0       0
  Comptn_2: TXYZ:   1.0000000000018963       U,V,W  0.36416582624460858      -0.66444598440228475       0.65260614830781094     
  Comptn_2: TXYZ:  0.99999999999872047       U,V,W  0.89886888560392109      -0.34984058530755036       0.26390583806266221     
  Comptn_2: TXYZ:  0.99999999999509936       U,V,W  0.39659629409872821       0.90005253693013287       0.18060124658452992     
  Comptn_2: TXYZ:   1.0000000000014926       U,V,W -0.69340476930553407      -0.69592569780893854       0.18675451543396093     
  Comptn_2: TXYZ:   1.0000000000019877       U,V,W  0.34809539500993480       0.26193359368440561       0.90012242971411283     
  Comptn_2: TXYZ:  0.99999999999789391       U,V,W  0.24472300257963031       0.26889976942750593      -0.93155974902747829     
  Comptn_2: TXYZ:  0.99999999999798039       U,V,W  0.23361006555528263      -0.85249074622994847      -0.46763860497348020     
  *** Umfnst:amsq,np0,np,kpart  -7.4363671345255971E-018           0           1           7
  Comptn_2: TXYZ:  0.99999999999868505       U,V,W -0.45135979323256947       0.77219304343083905       0.44720492028683623     
  Comptn_2: TXYZ:  0.99999999999803191       U,V,W  -3.2669166302667918E-003  0.13690487926381323      -0.99057881124498293     
       1600                  8400                  8400             4.7698995E-01         1.0000000E+30            328869       
 NEXT SEEDS:1E506A41       8       0       0       0       0       3    3039       0       0
  Comptn_2: TXYZ:  0.99999999999576039       U,V,W  0.33069147908230079      -0.85262680026718840      -0.40456233774816042     
       1800                  8200                  8200             4.7750659E-01         1.0000000E+30            369431       
 NEXT SEEDS:22652F80       9       0       0       0       0       3    3039       0       0
  Comptn_2: TXYZ:   1.0000000000010705       U,V,W  0.80804967833712738      -0.44786505672448840       0.38271740005584576     
  *** Umfnst:amsq,np0,np,kpart  -2.2447427548673363E-017           0           1           7
  *** Umfnst:amsq,np0,np,kpart  -7.5394476005658055E-018           0           1           7
  Comptn_2: TXYZ:   1.0000000000018168       U,V,W -0.22764640132379554       -7.3955388108998932E-002  0.97093136551240811     
  Comptn_2: TXYZ:  0.99999999999805300       U,V,W -0.33626718374648590        7.9866196965618030E-002 -0.93837400417717731     
  Comptn_2: TXYZ:   1.0000000000127487       U,V,W  0.22984570155647788       0.64157364877263490      -0.73181569174849415     
  Comptn_2: TXYZ:   1.0000000000010767       U,V,W -0.44674122340515865      -0.89422713998979919       -2.7930295687710327E-002
  *** Eveneu: no downsc. group selected, cusngl, rsngl, igpr ***  0.999999881       1.00000000             160
  Comptn_2: TXYZ:   1.0000000000012277       U,V,W  0.44039953873742732       0.84852192167720908       0.29335779300080844     
  Comptn_2: TXYZ:   1.0000000000053415       U,V,W  0.30373754442753409      -0.41174795655899743      -0.85918980695767289     
  Comptn_2: TXYZ:   1.0000000000011735       U,V,W  0.87052106073542390      -0.47045113963793028      -0.14446040298510354     
  Comptn_2: TXYZ:  0.99999999997426570       U,V,W  0.15468828695486536       -9.5505083518553094E-002  0.98333631727672355     
       2000                  8000                  8000             4.7833424E-01         1.0000000E+30            410121       
 NEXT SEEDS:2730715C       A       0       0       0       0       3    3039       0       0
  Comptn_2: TXYZ:  0.99999999999791611       U,V,W -0.27254240593063628      -0.42309361508547738       0.86412523967383237     
  Comptn_2: TXYZ:  0.99999999999746247       U,V,W -0.23250938794299714       0.87805837765876049      -0.41827367827667672     
  Comptn_2: TXYZ:  0.99999999999867384       U,V,W  0.50372182236316831      -0.53150739521358759      -0.68100236013325954     
  Comptn_2: TXYZ:  0.99999999999406819       U,V,W  -8.9278619078086763E-002 -0.86519729668018641      -0.49341966518053937     
  Comptn_2: TXYZ:  0.99999999999835321       U,V,W -0.48596096010575707       0.79611423056468311      -0.36061624636703016     
  Comptn_2: TXYZ:  0.99999999999768008       U,V,W  0.89349685225046294       -2.3702195267745196E-002  0.44844350921346177     
  Comptn_2: TXYZ:  0.99999999999717715       U,V,W -0.28286594038463875       0.63431940160356248       0.71946213000879311     
  Comptn_2: TXYZ:  0.99999999999886091       U,V,W -0.12608717834774552      -0.88446056515915572       0.44925664395032783     
  *** Umfnst:amsq,np0,np,kpart  -1.4839336447948575E-017           0           1           7
  Comptn_2: TXYZ:  0.99999999999520961       U,V,W  0.95490717531942693      -0.11926618810994682      -0.27189678720500865     
  Comptn_2: TXYZ:   1.0000000000013525       U,V,W  0.30457031200866425       0.47786653015901237      -0.82394205160198197     
  *** Umfnst:amsq,np0,np,kpart  -2.0331126515614825E-017           0           1           7
  Comptn_2: TXYZ:   1.0000000000046163       U,V,W -0.36051854089230062      -0.93184251050617917        4.1181516376212812E-002
  Comptn_2: TXYZ:   1.0000000000020335       U,V,W  0.99953419592111903        1.0752301414534315E-002   2.8561848690983993E-002
       2200                  7800                  7800             4.7926398E-01         1.0000000E+30            452332       
 NEXT SEEDS:2C3344B8       B       0       0       0       0       3    3039       0       0
  Comptn_2: TXYZ:   1.0000000000013998       U,V,W  0.38982804682335370      -0.64569818583938599      -0.65658811039723730     
  Comptn_2: TXYZ:  0.99999999999875744       U,V,W -0.22238036311538423       0.67184765693450998      -0.70651801107334578     
  Comptn_2: TXYZ:   1.0000000000018092       U,V,W -0.71988166006230614       0.29558384567732077       0.62801320502227753     
  Comptn_2: TXYZ:   1.0000000000017841       U,V,W  -2.8119543054529572E-002  0.25817370011757390      -0.96568920045105067     
  Comptn_2: TXYZ:  0.99999999996875677       U,V,W   2.3619540678453177E-002 -0.50001099744500266       0.86569689828539254     
  Comptn_2: TXYZ:  0.99999999999837397       U,V,W -0.56935272184909635        6.9492834955710236E-002 -0.81915091650514427     
  Comptn_2: TXYZ:  0.99999999999538580       U,V,W  0.31917219330151170      -0.88038216251821666      -0.35079389809150996     
  Comptn_2: TXYZ:  0.99999999999857714       U,V,W -0.28708733568934264      -0.89070247130960922       0.35246272042348892     
  Comptn_2: TXYZ:   1.0000000000033218       U,V,W -0.67161445568132905      -0.49487484846632412       0.55139179108745040     
  Comptn_2: TXYZ:   1.0000000000027345       U,V,W -0.80810571089004135        4.0449583231037423E-002  0.58764699543694654     
       2400                  7600                  7600             4.7927048E-01         1.0000000E+30            493932       
 NEXT SEEDS:30274B73       C       0       0       0       0       3    3039       0       0
  Comptn_2: TXYZ:  0.99999999999399436       U,V,W -0.71819150278186328       0.66085190738877486      -0.21788924210832761     
  *** Umfnst:amsq,np0,np,kpart  -7.4206706218705287E-018           0           1           7
  Comptn_2: TXYZ:  0.99999999999846079       U,V,W -0.75112640755746796       0.36859077258959871      -0.54767687757479422     
  Comptn_2: TXYZ:   1.0000000000011044       U,V,W -0.61786168452594215        5.3305560391407880E-002  0.78447782379569375     
  Comptn_2: TXYZ:   1.0000000000039919       U,V,W -0.91022743696255404      -0.17647130027607716       0.37462500341467120     
  Comptn_2: TXYZ:  0.99999999999850075       U,V,W  0.15923179304347457       0.47864282544708914      -0.86345021960196888     
  Comptn_2: TXYZ:   1.0000000000025284       U,V,W  -8.6858509904175207E-004 -0.98756695770337033       0.15719653181595206     
  Comptn_2: TXYZ:   1.0000000000046090       U,V,W -0.28790999453698518      -0.92749090970394832       0.23847106211627533     
       2600                  7400                  7400             4.7989808E-01         1.0000000E+30            535052       
 NEXT SEEDS:3505140A       D       0       0       0       0       3    3039       0       0
  Comptn_2: TXYZ:  0.99999999997973310       U,V,W -0.56568858384498100       0.40624030615765605       0.71761078569105052     
  Comptn_2: TXYZ:  0.99999999999318001       U,V,W -0.15924038343456459        2.6614013977265927E-002 -0.98688104376201835     
  Comptn_2: TXYZ:   1.0000000000120834       U,V,W -0.16679887019556361       0.37844383453753494      -0.91047152674539689     
  Comptn_2: TXYZ:   1.0000000000016023       U,V,W -0.61707245238076069       0.34401028991278437      -0.70772770819610997     
  *** Umfnst:amsq,np0,np,kpart  -7.2847766935001535E-018           0           1           7
  *** Umfnst:amsq,np0,np,kpart  -1.5064069980313094E-017           0           1           7
  Comptn_2: TXYZ:  0.99999999999645928       U,V,W  0.54957085592970145      -0.70232989982427085       0.45244290924047448     
  Comptn_2: TXYZ:   1.0000000000014442       U,V,W  0.91712087036370527       0.33560267351010964       0.21508173952623366     
  Comptn_2: TXYZ:  0.99999999999823697       U,V,W -0.85267033781070012       0.19274248272610350      -0.48559615975479176     
       2800                  7200                  7200             4.8000184E-01         1.0000000E+30            576227       
 NEXT SEEDS:38C18584       E       0       0       0       0       3    3039       0       0
  Comptn_2: TXYZ:   1.0000000000032496       U,V,W  0.66305734525336391      -0.25118264459684170      -0.70516823238298798     
  Comptn_2: TXYZ:  0.99999999999208200       U,V,W -0.49286069436007551       0.10785185292000676      -0.86339812008638717     
  Comptn_2: TXYZ:  0.99999999999881517       U,V,W  0.79839222398802079        9.5749722218023692E-002 -0.59447611168948455     
  Comptn_2: TXYZ:  0.99999999999661127       U,V,W  0.90165489320659375       0.40552460783708000      -0.15022731439987780     
  Comptn_2: TXYZ:  0.99999999999621081       U,V,W -0.62736550492575560       0.77832634956591562       -2.4912181696080893E-002
       3000                  7000                  7000             4.8023401E-01         1.0000000E+30            617995       
 NEXT SEEDS: 143A15B      10       0       0       0       0       3    3039       0       0
  Comptn_2: TXYZ:  0.99999999999811839       U,V,W -0.70291637541380680       0.71023892302073011       -3.8330684830668815E-002
  Comptn_2: TXYZ:   1.0000000000013665       U,V,W  -9.5643912704851175E-002  0.93702950791965800      -0.33589870980954473     
  Comptn_2: TXYZ:   1.0000000000021030       U,V,W -0.83956458848637538       0.42988989968440450       0.33215354267437647     
  Comptn_2: TXYZ:   1.0000000000092852       U,V,W -0.31093776802605788      -0.90222596949210043      -0.29884110225719951     
  Comptn_2: TXYZ:  0.99999999999710232       U,V,W  -5.4726336801550701E-002 -0.75473575511432678      -0.65374227950270480     
  Comptn_2: TXYZ:   1.0000000000174554       U,V,W -0.63412172370627218      -0.25122587493282822       0.73128325517919279     
  Comptn_2: TXYZ:  0.99999999999877187       U,V,W  0.13316239497210347       0.86962183841919893      -0.47542153370296347     
  Comptn_2: TXYZ:  0.99999999999832889       U,V,W  0.92749396183268362       0.11460105578468216      -0.35583921759030090     
  Comptn_2: TXYZ:   1.0000000000016838       U,V,W -0.12986165785311599      -0.12226785644729432       0.98396469504810380     
       3200                  6800                  6800             4.8017129E-01         1.0000000E+30            657844       
 NEXT SEEDS: 46F9C92      11       0       0       0       0       3    3039       0       0
  Comptn_2: TXYZ:   1.0000000000040403       U,V,W -0.51093277088695288      -0.45129531201127548      -0.73162848836992822     
  Comptn_2: TXYZ:   1.0000000000013562       U,V,W  0.24961664308889908      -0.77276195489732868      -0.58354990579867660     
  Comptn_2: TXYZ:  0.99999999996532074       U,V,W  0.67207907243405707      -0.74045811462423217       -5.6125616812323642E-003
  Comptn_2: TXYZ:   1.0000000000017184       U,V,W -0.60937837914946158      -0.36338307082530719       0.70470613369294810     
  Comptn_2: TXYZ:  0.99999999999886480       U,V,W -0.69196804882237473       0.13831577035438158       0.70855413842492965     
       3400                  6600                  6600             4.7981970E-01         1.0000000E+30            698895       
 NEXT SEEDS: 7426B0F      12       0       0       0       0       3    3039       0       0
  *** Umfnst:amsq,np0,np,kpart  -7.4175946334949313E-018           0           1           7
  *** Umfnst:amsq,np0,np,kpart  -1.4886863147214561E-017           0           1           7
  *** Umfnst:amsq,np0,np,kpart  -7.4801877650313462E-018           0           1           7
  Comptn_2: TXYZ:   1.0000000000073537       U,V,W  0.31301127818274388       0.94085566302872436       0.12967097240530734     
       3600                  6400                  6400             4.7987519E-01         1.0000000E+30            740108       
 NEXT SEEDS: AE43826      13       0       0       0       0       3    3039       0       0
  Comptn_2: TXYZ:   1.0000000000051839       U,V,W   2.2489586726180733E-002 -0.99649273663547133        8.0600523117524858E-002
  Comptn_2: TXYZ:  0.99999999999498212       U,V,W  0.66021676303235743       0.61354614799699903      -0.43321466974711598     
  Comptn_2: TXYZ:  0.99999999999653599       U,V,W -0.39259461797190909       0.78876296169259774      -0.47299308261109729     
  Comptn_2: TXYZ:  0.99999999999624634       U,V,W  0.65328405111385734       0.68093592142480475       0.33097767216213470     
  *** Umfnst:amsq,np0,np,kpart  -7.4070132651879398E-018           0           1           7
  Comptn_2: TXYZ:  0.99999999999796163       U,V,W -0.53941731051880737       0.69652598115109043      -0.47316014486865754     
  Comptn_2: TXYZ:  0.99999999999708944       U,V,W  0.40337246585612974        9.3665719677886727E-003 -0.91498793495641628     
  Comptn_2: TXYZ:   1.0000000000015605       U,V,W -0.82904136018977859       0.12075557729329489      -0.54599314432399737     
  Comptn_2: TXYZ:   1.0000000000013254       U,V,W  0.26805984669887550      -0.80136650925056330       0.53474819909997606     
  Comptn_2: TXYZ:   1.0000000000014997       U,V,W  0.55664810451854407      -0.73166345728920135       0.39346089132850892     
  Comptn_2: TXYZ:  0.99999999999490086       U,V,W  0.52333384622758672      -0.47404249958061939      -0.70809984746425414     
  Comptn_2: TXYZ:   1.0000000000030624       U,V,W -0.83806195003578665      -0.53431571012835377       0.11026735607291016     
  Comptn_2: TXYZ:   1.0000000000017057       U,V,W -0.79165282347699950      -0.41379444444199720       0.44951080613433447     
  Comptn_2: TXYZ:  0.99999999999693145       U,V,W -0.73541567052171075      -0.20190422968363464       0.64683728524559569     
       3800                  6200                  6200             4.7939123E-01         1.0000000E+30            780619       
 NEXT SEEDS: CC1901A      14       0       0       0       0       3    3039       0       0
  Comptn_2: TXYZ:   1.0000000000028941       U,V,W -0.17031402524792583      -0.16665297267647361       0.97119509857949637     
  *** Umfnst:amsq,np0,np,kpart  -7.4838111517048664E-018           0           1           7
  Comptn_2: TXYZ:  0.99999999999469791       U,V,W -0.86560330369992045      -0.13518839687662876       0.48213589159946224     
  Comptn_2: TXYZ:  0.99999999999857558       U,V,W  0.87983138241419923       0.11244185194923872      -0.46179385925748306     
  Comptn_2: TXYZ:  0.99999999999848532       U,V,W -0.73374201237156278      -0.67907682431146732        2.1847790791454713E-002
  Comptn_2: TXYZ:  0.99999999999651568       U,V,W  0.24391616769835878       0.37805526170942017       0.89307285381747192     
  Comptn_2: TXYZ:  0.99999999982486054       U,V,W  0.20632936582057937      -0.97160023953404107       0.11584976116648704     
  Comptn_2: TXYZ:   1.0000000000029476       U,V,W  0.93579219419942916        8.0749555166050868E-003 -0.35245959253759906     
  *** Umfnst:amsq,np0,np,kpart  -1.4586063677059348E-017           0           1           7
  Comptn_2: TXYZ:  0.99999999999562061       U,V,W  0.49174672625744620      -0.48391311788666513       0.72388759593455632     
       4000                  6000                  6000             4.7963706E-01         1.0000000E+30            820859       
 NEXT SEEDS:10B4E95D      15       0       0       0       0       3    3039       0       0
  Comptn_2: TXYZ:  0.99999999999232625       U,V,W  0.69206326950191510      -0.69726944317923767      -0.18671838315270861     
  Comptn_2: TXYZ:  0.99999999999895972       U,V,W -0.57228877027343295      -0.24820935219060658      -0.78158664324756799     
  *** Umfnst:amsq,np0,np,kpart  -7.4411993784866114E-018           0           1           7
  Comptn_2: TXYZ:  0.99999999999819833       U,V,W  -6.0058171237185931E-002  0.14737818809581427      -0.98725512697551387     
  Comptn_2: TXYZ:   1.0000000000010436       U,V,W -0.98380497004376311       -3.0435903812431775E-002  0.17663928407167617     
  Comptn_2: TXYZ:   1.0000000000032785       U,V,W  0.71557372468651437      -0.69060359949843075      -0.10498053582144706     
  Comptn_2: TXYZ:  0.99999999999673228       U,V,W -0.21839025596183603      -0.93693018396997374       0.27288738787940936     
       4200                  5800                  5800             4.8033288E-01         1.0000000E+30            862433       
 NEXT SEEDS:168D4A0C      16       0       0       0       0       3    3039       0       0
  Comptn_2: TXYZ:   1.0000000000015095       U,V,W   3.3310375027149064E-002 -0.52269172186142043       0.85187075475954899     
  Comptn_2: TXYZ:  0.99999999999607136       U,V,W  0.23370476573379051       0.36263852975235977      -0.90215041939159590     
  Comptn_2: TXYZ:   1.0000000000013758       U,V,W  0.15121799180289486      -0.86503699988573857       0.47837653348085141     
  Comptn_2: TXYZ:  0.99999999999849487       U,V,W   4.5864753182669915E-002 -0.99369898217394459      -0.10226806559456492     
  Comptn_2: TXYZ:  0.99999999999896994       U,V,W  0.63531203152697913       0.22572493485183287       0.73853021358788595     
  Comptn_2: TXYZ:   1.0000000000223546       U,V,W -0.78439942094379944      -0.42232661174500663      -0.45426620109509486     
  Comptn_2: TXYZ:   1.0000000000091080       U,V,W  0.22987811281134896       0.84909013345341577       0.47560697906092742     
  Comptn_2: TXYZ:   1.0000000000040254       U,V,W  0.30808981158811832       0.46800533660274724       0.82828236303266323     
  Comptn_2: TXYZ:  0.99999999999580103       U,V,W   7.6841160811014220E-002 -0.38067638672529824      -0.92151013265768711     
  Comptn_2: TXYZ:   1.0000000000051270       U,V,W -0.54244597714036047      -0.16529362868801911       0.82366885227287412     
  Comptn_2: TXYZ:  0.99999999998209155       U,V,W  0.15046495890436518       0.98459744519123404       -8.9040255204565710E-002
  Comptn_2: TXYZ:   1.0000000000050946       U,V,W -0.60984368380304943       0.75147233165738569       0.25175387997811072     
       4400                  5600                  5600             4.8093756E-01         1.0000000E+30            902320       
 NEXT SEEDS:1BFF2573      17       0       0       0       0       3    3039       0       0
  Comptn_2: TXYZ:   1.0000000000145224       U,V,W  0.34491969048875148      -0.90427167351778248      -0.25164091003057365     
  *** Umfnst:amsq,np0,np,kpart  -7.4429536237826298E-018           0           1           7
  Comptn_2: TXYZ:   1.0000000000011098       U,V,W  -2.2147930203220589E-002 -0.92440470712686462      -0.38076949277813554     
  *** Umfnst:amsq,np0,np,kpart  -1.4576054723250621E-017           0           1           7
  Comptn_2: TXYZ:  0.99999999999701228       U,V,W -0.36707251658985740        9.6341205620198878E-002  0.92518978575265720     
  *** Umfnst:amsq,np0,np,kpart  -7.3928034820779125E-018           0           1           7
  Comptn_2: TXYZ:   1.0000000001503133       U,V,W  -1.8099304609481948E-002 -0.25859125796017679      -0.96581725840323429     
       4600                  5400                  5400             4.8154605E-01         1.0000000E+30            943173       
 NEXT SEEDS:219FAF99      18       0       0       0       0       3    3039       0       0
  Comptn_2: TXYZ:  0.99999999999871492       U,V,W -0.76245665493965475       0.18949235677935405      -0.61866994113109541     
  *** Umfnst:amsq,np0,np,kpart  -7.4585482491345094E-018           0           1           7
  Comptn_2: TXYZ:   1.0000000000020544       U,V,W -0.59476048631132983       0.80390086989250875        1.8317507561178559E-003
  Comptn_2: TXYZ:   1.0000000000070131       U,V,W -0.52606279755428886      -0.81800038530221997       0.23266564568450576     
  Comptn_2: TXYZ:   1.0000000000037577       U,V,W  0.38897760700927508       0.62695359817570306      -0.67500044961735739     
       4800                  5200                  5200             4.8177831E-01         1.0000000E+30            983394       
 NEXT SEEDS:2613C2B7      19       0       0       0       0       3    3039       0       0
  Comptn_2: TXYZ:  0.99999999999859690       U,V,W  0.21476069277935750       0.96882932212837147      -0.12348112981264592     
  Comptn_2: TXYZ:  0.99999999999856570       U,V,W -0.84243820079839082      -0.31457879316544179       0.43742206245765658     
  Comptn_2: TXYZ:  0.99999999999870326       U,V,W -0.94949416336833004       -6.2106667362886725E-003  0.31372322411142761     
  Comptn_2: TXYZ:   1.0000000000020020       U,V,W  0.43338790933837146       0.59272819730778892      -0.67885801472588980     
  Comptn_2: TXYZ:  0.99999999999863509       U,V,W  0.27107180908893014       0.30405493217820734       0.91327469719356369     
  Comptn_2: TXYZ:  0.99999999999618017       U,V,W  0.72262727484340061       0.47265031284021575       0.50439221189529349     
  Comptn_2: TXYZ:  0.99999999999813249       U,V,W  -5.1448993630884843E-002 -0.42687669118639876       0.90284510940374130     
       5000                  5000                  5000             4.8176289E-01         1.0000000E+30           1024976       
 NEXT SEEDS:29DA7746      1A       0       0       0       0       3    3039       0       0
  Comptn_2: TXYZ:   1.0000000000010079       U,V,W -0.83450561606069940        5.9846005678657832E-002 -0.54773974875708120     
  Comptn_2: TXYZ:  0.99999999998698907       U,V,W -0.10099126004706704      -0.63057522521580722      -0.76952949958083394     
  Comptn_2: TXYZ:  0.99999999999553679       U,V,W  0.92961877321170294       0.33012073948273013      -0.16379631818597318     
  Comptn_2: TXYZ:   1.0000000000078149       U,V,W  0.27119794190699054       0.92363640734646424       0.27082736814683983     
  Comptn_2: TXYZ:   1.0000000000123554       U,V,W  0.58990606477260599       0.80298624669609353        8.4993660785812608E-002
  Comptn_2: TXYZ:   1.0000000000075244       U,V,W  0.76140018994901482       0.58102440978320402       0.28754197256958491     
  Comptn_2: TXYZ:   1.0000000000013083       U,V,W  0.68028363803529146       0.32503339527733033       0.65693794514951520     
  Comptn_2: TXYZ:   1.0000000000017673       U,V,W -0.36282288898942738        7.1605362905301728E-002 -0.92910291315350690     
       5200                  4800                  4800             4.8195050E-01         1.0000000E+30           1067086       
 NEXT SEEDS:2EFE4BBB      1B       0       0       0       0       3    3039       0       0
  Comptn_2: TXYZ:   1.0000000000039921       U,V,W   2.5016302282523384E-002  0.99811976569484784        5.5956393319831932E-002
  Comptn_2: TXYZ:  0.99999999999721934       U,V,W  0.32705977335044034       0.37019365400371385      -0.86947602795508772     
  Comptn_2: TXYZ:  0.99999999999889488       U,V,W  0.74103002465172096      -0.32263751474873459      -0.58887990001385226     
  Comptn_2: TXYZ:   1.0000000000038927       U,V,W  0.99814417433848934       -4.5582340209250560E-002   4.0378923946487788E-002
       5400                  4600                  4600             4.8184715E-01         1.0000000E+30           1107308       
 NEXT SEEDS:3243D13D      1C       0       0       0       0       3    3039       0       0
  *** Umfnst:amsq,np0,np,kpart  -1.4521057997949298E-017           0           1           7
  Comptn_2: TXYZ:   1.0000000000013294       U,V,W -0.95702273472198840       0.15071821686879616      -0.24777309040827333     
  Comptn_2: TXYZ:   1.0000000000017695       U,V,W -0.27090090683018531        9.0001431034423263E-003  0.96256516460158181     
  Comptn_2: TXYZ:   1.0000000000016596       U,V,W  0.31545710933663429       0.72590258544530828       0.61118920852257475     
  Comptn_2: TXYZ:  0.99999999999752121       U,V,W  0.18190433670034523       0.14299157526414774       0.97286392763356488     
  Comptn_2: TXYZ:  0.99999999998793809       U,V,W  0.11521155556924612       0.34423438143701901      -0.93178805964013378     
  Comptn_2: TXYZ:   1.0000000000130900       U,V,W  0.17520902776567482      -0.59879321843439470       0.78150398473678706     
  Comptn_2: TXYZ:  0.99999999999864220       U,V,W -0.48399442061631248       0.71292794944336180       0.50742796504864174     
  Comptn_2: TXYZ:   1.0000000000050784       U,V,W  0.41893220161828282      -0.71998454155767888       0.55327937822615070     
       5600                  4400                  4400             4.8186367E-01         1.0000000E+30           1147400       
 NEXT SEEDS:36083448      1D       0       0       0       0       3    3039       0       0
  Comptn_2: TXYZ:  0.99999999999828759       U,V,W  0.51796561717541767      -0.54391771353091656      -0.66020083333003754     
  Comptn_2: TXYZ:   1.0000000000051854       U,V,W  0.14920017344138081      -0.98836629417343091       -2.9519091993591928E-002
  Comptn_2: TXYZ:   1.0000000000014575       U,V,W -0.56295901513347246       0.38902221079129617       0.72920426959286289     
  Comptn_2: TXYZ:  0.99999999999888445       U,V,W -0.87817737562355980       -2.3348281146311933E-002  0.47776495759872795     
  Comptn_2: TXYZ:   1.0000000000050264       U,V,W  0.27598858878509702       -2.4167725440676691E-002  0.96085702365776626     
  Comptn_2: TXYZ:   1.0000000000029454       U,V,W  0.92595298216942368      -0.29239346273803335       0.23899191986876644     
  Comptn_2: TXYZ:   1.0000000000099039       U,V,W  0.66926331826284979      -0.41667110136116081      -0.61520062104014528     
  Comptn_2: TXYZ:  0.99999999999894240       U,V,W  0.25386458367010079       0.82694598414423215      -0.50171018772262954     
  *** Eveneu: no downsc. group selected, cusngl, rsngl, igpr ***  0.999999523      0.999999642              58
       5800                  4200                  4200             4.8194917E-01         1.0000000E+30           1188590       
 NEXT SEEDS:3AAA8FE5      1E       0       0       0       0       3    3039       0       0
  Comptn_2: TXYZ:  0.99999999999709122       U,V,W  0.10899375052559890      -0.67324562914868968       0.73134170206247617     
  Comptn_2: TXYZ:  0.99999999999886724       U,V,W   7.4430000817358177E-003  0.99972554833819527       -2.2213278653662627E-002
  Comptn_2: TXYZ:   1.0000000000026881       U,V,W -0.19458292609951400       0.85977667366847399       0.47214569392171057     
  *** Umfnst:amsq,np0,np,kpart  -7.2464459782333286E-018           0           1           7
       6000                  4000                  4000             4.8173979E-01         1.0000000E+30           1229540       
 NEXT SEEDS: 241B4F7      20       0       0       0       0       3    3039       0       0
  Comptn_2: TXYZ:   1.0000000000022440       U,V,W  0.87476622225200806       -1.0749979520952024E-002  0.48442594310120679     
  Comptn_2: TXYZ:   1.0000000000013294       U,V,W -0.36754001676761305        6.7539273865087068E-002  0.92755203765695482     
  Comptn_2: TXYZ:  0.99999999999871270       U,V,W  -5.8181116194333526E-003  0.41882023378999378      -0.90805052796856600     
  Comptn_2: TXYZ:   1.0000000000034974       U,V,W  0.15071051575796446       -7.5178549832727981E-002 -0.98571523580013398     
  Comptn_2: TXYZ:  0.99999999999848155       U,V,W  0.82634156343126364      -0.54103585897946971       0.15633240176880747     
  Comptn_2: TXYZ:  0.99999999999898348       U,V,W -0.40986186524304458       0.30424453163246312       0.85991192362370406     
  *** Umfnst:amsq,np0,np,kpart  -1.5105948792671486E-017           0           1           7
  *** Umfnst:amsq,np0,np,kpart  -7.5087613545143776E-018           0           1           7
       6200                  3800                  3800             4.8166272E-01         1.0000000E+30           1270921       
 NEXT SEEDS: 64AD398      21       0       0       0       0       3    3039       0       0
  Comptn_2: TXYZ:  0.99999999999875500       U,V,W -0.13384797421258554      -0.91940151297352679      -0.36984534300154692     
  Comptn_2: TXYZ:   1.0000000000013376       U,V,W  0.11818130238369662      -0.99250115603270572       -3.1219145439514762E-002
  *** Umfnst:amsq,np0,np,kpart  -7.3585169387714045E-018           0           1           7
  Comptn_2: TXYZ:   1.0000000000017586       U,V,W -0.37315826351425230       0.69577528348040829      -0.61371790365814149     
  Comptn_2: TXYZ:   1.0000000000016556       U,V,W -0.81801946696865757       -6.5234017836118596E-002  0.57147937371258273     
       6400                  3600                  3600             4.8111058E-01         1.0000000E+30           1313253       
 NEXT SEEDS: 832AFF5      22       0       0       0       0       3    3039       0       0
  Comptn_2: TXYZ:   1.0000000000010507       U,V,W -0.54537646256386196       -4.1907276110194402E-002 -0.83714293540076135     
  *** Umfnst:amsq,np0,np,kpart  -7.3665937369607364E-018           0           1           7
  Comptn_2: TXYZ:   1.0000000000015072       U,V,W  0.32169688146327502       0.47226651627912292      -0.82065550266838017     
  Comptn_2: TXYZ:  0.99999999995689559       U,V,W  0.99748939323763430        2.3299259612940659E-002   6.6873423994891823E-002
  Comptn_2: TXYZ:   1.0000000000012250       U,V,W  0.30846868772869129      -0.12022862094402242       0.94360592802189558     
  Comptn_2: TXYZ:  0.99999999999512057       U,V,W  -4.3882386665359263E-003  0.99674313066947662        8.0522511260745055E-002
  Comptn_2: TXYZ:  0.99999999999766764       U,V,W  0.56985973908231813       0.15235929634791034      -0.80749397681163515     
  Comptn_2: TXYZ:   1.0000000000043243       U,V,W -0.91004699881094098       0.34350753758833719       0.23198498136629553     
  Comptn_2: TXYZ:   1.0000000001241314       U,V,W -0.60774424294731944       0.46365620721226719      -0.64472463641624245     
  Comptn_2: TXYZ:  0.99999999999782641       U,V,W  0.65060761720274840       0.75720256327358726       -5.7913785988290556E-002
  Comptn_2: TXYZ:  0.99999999999878797       U,V,W -0.93678849147613619      -0.25800615940697691       0.23634750674528959     
       6600                  3400                  3400             4.8049202E-01         1.0000000E+30           1353392       
 NEXT SEEDS: 92DB18E      23       0       0       0       0       3    3039       0       0
  Comptn_2: TXYZ:  0.99999999999624734       U,V,W -0.92688399304041269      -0.26833810671564362       0.26245137440290023     
  *** Umfnst:amsq,np0,np,kpart  -2.2647572175546118E-017           0           1           7
  Comptn_2: TXYZ:   1.0000000000025562       U,V,W  0.48872240822551305      -0.28207782053882724      -0.82558010565957574     
  *** Umfnst:amsq,np0,np,kpart  -1.4898132175841982E-017           0           1           7
  Comptn_2: TXYZ:  0.99999999998697309       U,V,W  0.77741524931985850      -0.60437833698135535       0.17421927533877124     
  Comptn_2: TXYZ:  0.99999999999772959       U,V,W  0.18348741294050797       0.69164345467553823      -0.69854255482011673     
  Comptn_2: TXYZ:  0.99999999999878031       U,V,W  0.16979160549678340       0.89439232475197494      -0.41380331091759359     
       6800                  3200                  3200             4.8070718E-01         1.0000000E+30           1394493       
 NEXT SEEDS: E173E83      24       0       0       0       0       3    3039       0       0
  Comptn_2: TXYZ:  0.99999999999533928       U,V,W  0.17682521205753687      -0.80014822660417906       0.57314540898303790     
  Comptn_2: TXYZ:  0.99999999999854450       U,V,W   6.8818944861988030E-002  0.40103324324996947       0.91347484400778001     
  Comptn_2: TXYZ:  0.99999999999630096       U,V,W -0.67918677329807053      -0.16678653811979416       0.71476400138456242     
  Comptn_2: TXYZ:  0.99999999999842515       U,V,W  0.89351321313896248      -0.19899631124940953      -0.40253522337012981     
  *** Umfnst:amsq,np0,np,kpart  -7.5237521725227170E-018           0           1           7
  Comptn_2: TXYZ:   1.0000000000010221       U,V,W -0.14648443860885596      -0.72397108055539405      -0.67409805204133733     
  Comptn_2: TXYZ:  0.99999999999398548       U,V,W -0.23252510459940368       0.69295439783520729      -0.68245606323474561     
       7000                  3000                  3000             4.8038191E-01         1.0000000E+30           1435931       
 NEXT SEEDS:1096D919      25       0       0       0       0       3    3039       0       0
  Comptn_2: TXYZ:  0.99999999999791878       U,V,W  0.43682233574017459       0.72500925920228099       0.53249208545045690     
  Comptn_2: TXYZ:  0.99999999999781142       U,V,W -0.70429183636467485      -0.63312237071859556      -0.32113715593738235     
  Comptn_2: TXYZ:  0.99999999999875233       U,V,W  -7.4927799419413077E-002 -0.88627060095523014       0.45706700466711858     
  Comptn_2: TXYZ:  0.99999999997436451       U,V,W  0.49498607609928058       -8.1019009715532775E-003  0.86886313285974381     
  Comptn_2: TXYZ:  0.99999999999607447       U,V,W  0.27252781834377515       0.92598019968046197      -0.26132213458600972     
  Comptn_2: TXYZ:   1.0000000000052309       U,V,W -0.45497656410049103       0.13757759470028930       0.87981175916273457     
  Comptn_2: TXYZ:   1.0000000000016656       U,V,W -0.43986186849354425      -0.38300567014777442      -0.81229809385575180     
  Comptn_2: TXYZ:  0.99999999998375233       U,V,W  0.84155622276536235      -0.34255180526776030       0.41766180650910201     
  Comptn_2: TXYZ:  0.99999999999842371       U,V,W  0.32659479579518802       0.32871973434519330       0.88615979123967747     
  Comptn_2: TXYZ:  0.99999999999873479       U,V,W  0.66104334529631004        4.3440730228638813E-003  0.75033514156526770     
       7200                  2800                  2800             4.8036164E-01         1.0000000E+30           1478592       
 NEXT SEEDS:142703BC      26       0       0       0       0       3    3039       0       0
  Comptn_2: TXYZ:  0.99999999999677847       U,V,W -0.43395768308556626       0.88686717417576943       0.15857914319755650     
  Comptn_2: TXYZ:   1.0000000000019511       U,V,W  0.93035313134557640        1.5198623323726679E-003 -0.36666161650208551     
  Comptn_2: TXYZ:  0.99999999999693190       U,V,W  0.22616610870312570       0.51806857911148185      -0.82489625930078514     
  Comptn_2: TXYZ:  0.99999999999868927       U,V,W  0.89195999886638200        9.3386587280974709E-003 -0.45201786455198106     
  *** Umfnst:amsq,np0,np,kpart  -2.2328976563879961E-017           0           1           7
       7400                  2600                  2600             4.8042213E-01         1.0000000E+30           1519964       
 NEXT SEEDS:1793CBCF      27       0       0       0       0       3    3039       0       0
  Comptn_2: TXYZ:   1.0000000000040674       U,V,W  0.14932631513711669       0.91734937368374680      -0.36901460433657007     
  *** Umfnst:amsq,np0,np,kpart  -7.2959536661005391E-018           0           1           7
  Comptn_2: TXYZ:  0.99999999999821898       U,V,W -0.14277905625750265      -0.73185518482630840       0.66633484790703079     
  Comptn_2: TXYZ:  0.99999999998505484       U,V,W -0.83300623851721411      -0.15947720677792177      -0.52978073492225919     
  Comptn_2: TXYZ:  0.99999999999539302       U,V,W  0.43686696020279214       0.31415800952381012      -0.84288314974888578     
  Comptn_2: TXYZ:  0.99999999999895506       U,V,W -0.82592752785145507       -1.7349549255470720E-002 -0.56350928286654778     
  Comptn_2: TXYZ:   1.0000000000011759       U,V,W -0.61984129917927078       0.62303553168305825       0.47709903593838732     
       7600                  2400                  2400             4.8052825E-01         1.0000000E+30           1562162       
 NEXT SEEDS:1B278A5B      28       0       0       0       0       3    3039       0       0
  Comptn_2: TXYZ:  0.99999999999422040       U,V,W  0.31717331624662393       0.11431867427879183      -0.94145224423041185     
  Comptn_2: TXYZ:  0.99999999999417732       U,V,W -0.77794233312792826       0.15751264973657442       0.60827254704993550     
  Comptn_2: TXYZ:   1.0000000000023122       U,V,W  0.15014464501539493       0.69257955800769366      -0.70554244479363604     
  Comptn_2: TXYZ:   1.0000000000099112       U,V,W -0.30867661429925874       0.87257242934745705       0.37859754798114409     
  Comptn_2: TXYZ:  0.99999999999100553       U,V,W -0.11989049696427401       0.30732382789396695       0.94402242215810972     
  Comptn_2: TXYZ:   1.0000000000033018       U,V,W  -8.6126688950258767E-003  0.26821529385675902      -0.96332049603397252     
  Comptn_2: TXYZ:   1.0000000000026565       U,V,W  0.83481018846602240       0.46960145444724333      -0.28734373704156901     
  Comptn_2: TXYZ:  0.99999999999885147       U,V,W -0.18721931455030472       0.87879865582576322       0.43893262669457300     
  Comptn_2: TXYZ:  0.99999999999812239       U,V,W  0.64863475735793230      -0.65987237940562871      -0.37926428047325089     
  Comptn_2: TXYZ:  0.99999999999827172       U,V,W  0.34449329330527689      -0.93019337075302033      -0.12674645507109972     
  Comptn_2: TXYZ:   1.0000000000011795       U,V,W  0.51132140213888988      -0.59140606094156567      -0.62352970642743255     
  *** Umfnst:amsq,np0,np,kpart  -1.4907210947610012E-017           0           1           7
  Comptn_2: TXYZ:  0.99999999999871636       U,V,W -0.95936907673143246      -0.26834304399704934       -8.7195099338167381E-002
       7800                  2200                  2200             4.8067239E-01         1.0000000E+30           1603024       
 NEXT SEEDS:1F023604      29       0       0       0       0       3    3039       0       0
  Comptn_2: TXYZ:   1.0000000000031593       U,V,W -0.90234658516886235       0.24631575879547540      -0.35369363467026282     
  Comptn_2: TXYZ:   1.0000000000036531       U,V,W  0.68724420308180356      -0.41086950922957755       0.59906731818682601     
  *** Umfnst:amsq,np0,np,kpart  -7.4049173961408686E-018           0           1           7
  Comptn_2: TXYZ:   1.0000000000031102       U,V,W   8.6135883922395351E-002   5.3355597246097730E-002  0.99485365242659185     
  Comptn_2: TXYZ:  0.99999999998887379       U,V,W  0.21699097583089610       0.71655273657438945       0.66292314192867252     
  Comptn_2: TXYZ:  0.99999999999761013       U,V,W  0.86626573158541831        9.2641804870225997E-002  0.49091870841186847     
  Comptn_2: TXYZ:   1.0000000000035283       U,V,W  0.85144520467977713      -0.52375399131892308        2.6885312139498296E-002
  Comptn_2: TXYZ:  0.99999999995229616       U,V,W -0.13978200080492797       0.77400853495808519      -0.61755305846162400     
  Comptn_2: TXYZ:  0.99999999999642863       U,V,W  0.89456763013385654      -0.21102061179844611       0.39397849752154457     
  Comptn_2: TXYZ:   1.0000000000013551       U,V,W  -7.7911299908492992E-003 -0.37254813899338046      -0.92798016273376760     
  Comptn_2: TXYZ:   1.0000000000261520       U,V,W -0.55828709031828794       0.62985747980178530      -0.53999544437692748     
       8000                  2000                  2000             4.8096698E-01         1.0000000E+30           1643474       
 NEXT SEEDS:23E0D83C      2A       0       0       0       0       3    3039       0       0
  Comptn_2: TXYZ:   1.0000000000013853       U,V,W -0.87562881658706004       0.10408586330341052      -0.47163577962673031     
  Comptn_2: TXYZ:  0.99999999999626288       U,V,W  0.98873506818724000        1.2702867877337098E-002 -0.14913618635571879     
  Comptn_2: TXYZ:  0.99999999999875144       U,V,W -0.80042935953150618       0.47503381055246052       0.36558955022093187     
  Comptn_2: TXYZ:  0.99999999999895639       U,V,W  0.21752324010360136      -0.81733826404309795      -0.53351832409468614     
  Comptn_2: TXYZ:   1.0000000000012277       U,V,W -0.51192766489068475      -0.36020052424547799       0.77986258292989108     
  *** Umfnst:amsq,np0,np,kpart  -1.4906076139356470E-017           0           1           7
  Comptn_2: TXYZ:  0.99999999999868050       U,V,W -0.98609195621083656       0.16309907758094155        3.1958485371056611E-002
  Comptn_2: TXYZ:  0.99999999999867717       U,V,W -0.78833687597223268       0.45003213525745878       0.41951882820277575     
  Comptn_2: TXYZ:   1.0000000000015739       U,V,W -0.55080372873236172      -0.49669738826378307      -0.67075103943865599     
  Comptn_2: TXYZ:   1.0000000000033036       U,V,W  0.16543876755153519       -9.3439433697035668E-002  0.98178362505427330     
       8200                  1800                  1800             4.8085277E-01         1.0000000E+30           1682869       
 NEXT SEEDS:2604DE30      2B       0       0       0       0       3    3039       0       0
  Comptn_2: TXYZ:   1.0000000000010154       U,V,W  0.12505869792261848      -0.96264434691536671       0.24015866302676159     
  Comptn_2: TXYZ:  0.99999999999893374       U,V,W -0.18447764043596493      -0.59928532005502366       0.77898979797213030     
  Comptn_2: TXYZ:   1.0000000000066431       U,V,W  0.36154783319029038      -0.87617895501011844       0.31873751445260723     
  Comptn_2: TXYZ:  0.99999999999322897       U,V,W   6.4408351208413706E-002   1.0436934957894550E-002  0.99786904685761613     
  Comptn_2: TXYZ:   1.0000000000011473       U,V,W -0.53848717683926850       0.76192129854261470       0.35987149818783593     
  Comptn_2: TXYZ:   1.0000000000012643       U,V,W  -7.7198604006696314E-002  0.86376678978012222      -0.49794307748338440     
  *** Umfnst:amsq,np0,np,kpart  -7.2750527463681370E-018           0           1           7
  Comptn_2: TXYZ:  0.99999999999782263       U,V,W  0.50222867714613528       0.71184188011704030      -0.49096587820469040     
  Comptn_2: TXYZ:   1.0000000000039340       U,V,W  0.80793861406491629      -0.13619682506242015       0.57331110293601739     
       8400                  1600                  1600             4.8101435E-01         1.0000000E+30           1723299       
 NEXT SEEDS:2A47C3A5      2C       0       0       0       0       3    3039       0       0
  Comptn_2: TXYZ:   1.0000000000013671       U,V,W -0.26273318030558812      -0.95649643315032762       0.12683000172900449     
  *** Umfnst:amsq,np0,np,kpart  -1.4906390153047414E-017           0           1           7
  Comptn_2: TXYZ:   1.0000000000032674       U,V,W  0.68813666542266105      -0.70922205714529696      -0.15320575499256250     
  Comptn_2: TXYZ:   1.0000000000011138       U,V,W -0.18623249957099119      -0.97045007445071985      -0.15344089775300063     
  Comptn_2: TXYZ:  0.99999999999861799       U,V,W  0.18445547828308406      -0.82802137983822988      -0.52948727185907929     
  Comptn_2: TXYZ:   1.0000000000544604       U,V,W  0.28758603609725242      -0.82909048798839535      -0.47948225683907708     
  Comptn_2: TXYZ:   1.0000000000048506       U,V,W  0.65077987370629842      -0.63832616617473725       0.41112681931531370     
  Comptn_2: TXYZ:  0.99999999998742162       U,V,W  0.38942209878425160       0.90187969262748879       0.18698515714365271     
  Comptn_2: TXYZ:   1.0000000000015947       U,V,W  0.77654117773517584       0.58091182232405458      -0.24397797844765989     
  Comptn_2: TXYZ:  0.99999999999826195       U,V,W  0.46295078548700097       0.88534825515464988        4.2837335466245463E-002
  Comptn_2: TXYZ:   1.0000000000014009       U,V,W -0.15469858799350789       0.66484016371713039      -0.73079128592423359     
  Comptn_2: TXYZ:   1.0000000000010174       U,V,W -0.66343988388807063      -0.63996435523606721       0.38767659781689900     
  Comptn_2: TXYZ:  0.99999999999581768       U,V,W -0.76300908593502470      -0.62431401124251806      -0.16747880505512569     
  Comptn_2: TXYZ:   1.0000000000010949       U,V,W  0.74986062855504088       0.28344428485023343      -0.59780295677578721     
  Comptn_2: TXYZ:  0.99999999998459843       U,V,W -0.10365299012070750       0.11380435481380324      -0.98808128534501094     
  Comptn_2: TXYZ:  0.99999999999834699       U,V,W -0.17322476969752643       -1.7280183666258608E-002  0.98473071162325709     
  Comptn_2: TXYZ:   1.0000000000045131       U,V,W -0.91384633534447346       0.11463669940712862      -0.38954242712576104     
  Comptn_2: TXYZ:  0.99999999999897016       U,V,W -0.43679222436605869      -0.35786546540594344       0.82531500737724883     
  Comptn_2: TXYZ:  0.99999999999504785       U,V,W -0.96469205978553429       -1.3323723159970768E-002 -0.26304316790775495     
  Comptn_2: TXYZ:  0.99999999999563860       U,V,W  0.47838588478172284       0.42863142748677774       0.76643463166006143     
       8600                  1400                  1400             4.8126976E-01         1.0000000E+30           1764778       
 NEXT SEEDS:2F96B6EF      2D       0       0       0       0       3    3039       0       0
  Comptn_2: TXYZ:   1.0000000000018638       U,V,W  0.54220079318628223       0.75371795359955840       0.37138598020351310     
  Comptn_2: TXYZ:   1.0000000000045772       U,V,W  0.56394772960051398       0.42587925930411075      -0.70752372029323851     
  *** Umfnst:amsq,np0,np,kpart  -7.4390289832630971E-018           0           1           7
  Comptn_2: TXYZ:   1.0000000000011280       U,V,W  0.12393970332396265       0.66976621281068915      -0.73215583731765932     
  Comptn_2: TXYZ:   1.0000000000045097       U,V,W  0.91591142813863902       0.27504821539315571       0.29232641861212016     
  Comptn_2: TXYZ:   1.0000000000011704       U,V,W -0.13966513203980924       0.96311647141318246       0.23000068127310769     
  Comptn_2: TXYZ:  0.99999999999631672       U,V,W  0.56117015655679126      -0.18259303248385095      -0.80730901139197897     
  Comptn_2: TXYZ:   1.0000000000012945       U,V,W  0.29510711216431673       -6.2795273772550786E-002  0.95339841931018654     
  Comptn_2: TXYZ:   1.0000000000019789       U,V,W  -7.1427987069839105E-002 -0.77106099025424157      -0.63274243731022040     
       8800                  1200                  1200             4.8128879E-01         1.0000000E+30           1804129       
 NEXT SEEDS:32E4D0EA      2E       0       0       0       0       3    3039       0       0
  Comptn_2: TXYZ:   1.0000000000015239       U,V,W -0.64050128746663404      -0.53299081903780632      -0.55288234514814860     
  Comptn_2: TXYZ:   1.0000000000025975       U,V,W -0.25676046584408851      -0.21889906112195945       0.94135926416116433     
  Comptn_2: TXYZ:  0.99999999999879141       U,V,W  0.26402118758585402      -0.81679746533335185       0.51296658090908664     
  Comptn_2: TXYZ:  0.99999999999760103       U,V,W -0.23815225015098704       0.96630711115922274       -9.7642576106636625E-002
  Comptn_2: TXYZ:  0.99999999999766120       U,V,W  0.87361281199206786       0.47346376205919682      -0.11239537685209910     
  Comptn_2: TXYZ:   1.0000000000015978       U,V,W  0.24456373514200891      -0.88468821309778911       0.39688202914824444     
  Comptn_2: TXYZ:   1.0000000000016018       U,V,W  0.45066374857919023      -0.54525613813467544       0.70682241726236583     
       9000                  1000                  1000             4.8087186E-01         1.0000000E+30           1846069       
 NEXT SEEDS:34CD7828      2F       0       0       0       0       3    3039       0       0
  *** Umfnst:amsq,np0,np,kpart  -7.4102313889154362E-018           0           1           7
  Comptn_2: TXYZ:   1.0000000000429241       U,V,W -0.36727366878221801       0.87576776731557970      -0.31327443239635500     
  Comptn_2: TXYZ:  0.99999999999893741       U,V,W -0.97004085598427636       -1.4254177974720506E-002 -0.24252331048889886     
  Comptn_2: TXYZ:   1.0000000000020404       U,V,W -0.99020318336028268       0.10021768389785279       -9.7232049753941396E-002
  Comptn_2: TXYZ:   1.0000000000024376       U,V,W -0.49167913397424456       0.56248234397664021       0.66472945017602392     
  Comptn_2: TXYZ:  0.99999999999698042       U,V,W  0.17612177048042099      -0.45643079372665341      -0.87215368628348955     
  Comptn_2: TXYZ:  0.99999999999881417       U,V,W  0.91772654674100096      -0.33014965644159133      -0.22086011354961954     
  *** Eveneu: no downsc. group selected, cusngl, rsngl, igpr ***  0.999999881      0.999999940              94
  Comptn_2: TXYZ:   1.0000000000020801       U,V,W  0.37332005838814553       0.13881633578446204       0.91725795658938125     
       9200                   800                   800             4.8099737E-01         1.0000000E+30           1887645       
 NEXT SEEDS:39EE7F05      30       0       0       0       0       3    3039       0       0
  Comptn_2: TXYZ:  0.99999999999830802       U,V,W -0.83185510341363056       0.40615232738734619      -0.37822926100560750     
  Comptn_2: TXYZ:   1.0000000000013738       U,V,W  0.91410222025322696      -0.29825995835017238       0.27469642912576830     
  Comptn_2: TXYZ:   1.0000000000011779       U,V,W  0.28927121140522161      -0.17247604724893861       0.94158068129009287     
  Comptn_2: TXYZ:  0.99999999999846156       U,V,W  0.16072475278937759       0.49142119153312791      -0.85596306366070252     
  Comptn_2: TXYZ:  0.99999999999592770       U,V,W -0.54747213968158803      -0.82208258799001044      -0.15637926586359896     
  Comptn_2: TXYZ:   1.0000000000033931       U,V,W -0.55238609869365973       -5.8785047620659725E-002  0.83151302825008599     
  Comptn_2: TXYZ:   1.0000000000012030       U,V,W -0.71150842635269429      -0.41286209009386710       0.56859533395345352     
  Comptn_2: TXYZ:   1.0000000000023275       U,V,W  0.37675896227865768      -0.41081039584443602       0.83023340273152968     
       9400                   600                   600             4.8104113E-01         1.0000000E+30           1929191       
 NEXT SEEDS: 34DB889      32       0       0       0       0       3    3039       0       0
  Comptn_2: TXYZ:   1.0000000000011455       U,V,W -0.33125459927163092      -0.92090583817177674       0.20543326820082974     
  Comptn_2: TXYZ:  0.99999999999887801       U,V,W  0.97745921021106774      -0.18515202256891428      -0.10145058359158909     
  Comptn_2: TXYZ:   1.0000000000010392       U,V,W   3.9359886586730397E-002 -0.93808467598819334      -0.34416266503652793     
  Comptn_2: TXYZ:   1.0000000000013332       U,V,W  0.23231621739461161        6.6791950225805863E-002  0.97034427422530101     
  Comptn_2: TXYZ:   1.0000000000011771       U,V,W  0.10559813313276933      -0.99325479257557869       -4.7895211719911401E-002
  Comptn_2: TXYZ:  0.99999999999772615       U,V,W  0.29080281475692971      -0.89184047311923464       0.34648851847302620     
  Comptn_2: TXYZ:   1.0000000000026801       U,V,W  0.30735695787104333       0.29775927595406415      -0.90380922435780064     
  Comptn_2: TXYZ:   1.0000000000010372       U,V,W  0.95356415519751003       -2.0735956935808986E-003  0.30118283836300463     
       9600                   400                   400             4.8099416E-01         1.0000000E+30           1969696       
 NEXT SEEDS: 73B1C4C      33       0       0       0       0       3    3039       0       0
  Comptn_2: TXYZ:   1.0000000000011242       U,V,W -0.80588900877061320      -0.56185089944171551       0.18672566063714413     
  Comptn_2: TXYZ:   1.0000000000010911       U,V,W  0.25317370777711901       0.25667865705901960      -0.93274816574563957     
  Comptn_2: TXYZ:  0.99999999999799161       U,V,W  0.45456328599151874      -0.83024085673760695      -0.32260244703068963     
  Comptn_2: TXYZ:  0.99999999999871891       U,V,W  0.86457034306040370       0.33009039802078266      -0.37889108069947497     
  *** Umfnst:amsq,np0,np,kpart  -7.4699004114364485E-018           0           1           7
  Comptn_2: TXYZ:   1.0000000000013833       U,V,W   6.9214054996550090E-002  0.95130390016401023      -0.30038359496660405     
  *** Umfnst:amsq,np0,np,kpart  -1.4611255277289419E-017           0           1           7
  Comptn_2: TXYZ:  0.99999999999290035       U,V,W -0.44930454381754714      -0.62792671501788710      -0.63547892763226344     
  Comptn_2: TXYZ:   1.0000000000017879       U,V,W -0.40967257267932666       0.89155618809513015       0.19312158518759759     
  Comptn_2: TXYZ:   1.0000000000014186       U,V,W -0.41121379022224858      -0.77255004821001449      -0.48380744283565491     
  Comptn_2: TXYZ:   1.0000000000012814       U,V,W  0.65623818266022726      -0.53689394523256340       0.53018519329824443     
  Comptn_2: TXYZ:  0.99999999999415967       U,V,W  0.71590779494962220        7.9774441898962323E-002 -0.69362242433779375     
  Comptn_2: TXYZ:  0.99999999996700140       U,V,W -0.17241750304484071      -0.52831299287134925       0.83135887928986563     
  Comptn_2: TXYZ:  0.99999999999360911       U,V,W -0.34026328722767119      -0.68119046004949446       0.64822870385087583     
  Comptn_2: TXYZ:  0.99999999999856015       U,V,W  0.82298889630827277      -0.31739542692996281       0.47111508096833177     
  Comptn_2: TXYZ:  0.99999999999893507       U,V,W   2.3821982110305839E-002 -0.79479469964027161       0.60641066826945067     
       9800                   200                   200             4.8105932E-01         1.0000000E+30           2009560       
 NEXT SEEDS: B6DF8EE      34       0       0       0       0       3    3039       0       0
  *** Umfnst:amsq,np0,np,kpart  -7.4314352432827544E-018           0           1           7
  Comptn_2: TXYZ:  0.99999999998318134       U,V,W -0.92775683592687774        4.3242212119253054E-002  0.37067150479253641     
  Comptn_2: TXYZ:  0.99999999999880462       U,V,W -0.93649037394827594      -0.22332163891026369      -0.27039457297707870     
  *** Emfgeo: Ncoun  2000000000
  Comptn_2: TXYZ:  0.99999999999077804       U,V,W  0.95632387801136787       0.16899014804144485      -0.23850989539431477     
  Comptn_2: TXYZ:   1.0000000000012832       U,V,W -0.25889180909036291       0.26433663596777990      -0.92903238591151371     
       9950                    50                    50             4.8070401E-01         1.0000000E+30           2040820       
 NEXT SEEDS:398AA4B4      34       0       0       0       0       3    3039       0       0
       9951                    49                    49             4.8069412E-01         1.0000000E+30           2041029       
 NEXT SEEDS:39CFDA76      34       0       0       0       0       3    3039       0       0
  Comptn_2: TXYZ:   1.0000000000034688       U,V,W  -7.4140189523120625E-002 -0.58397848720323986       0.80837637198569823     
       9952                    48                    48             4.8070058E-01         1.0000000E+30           2041285       
 NEXT SEEDS:3A359519      34       0       0       0       0       3    3039       0       0
       9953                    47                    47             4.8070276E-01         1.0000000E+30           2041469       
 NEXT SEEDS:3A9084E8      34       0       0       0       0       3    3039       0       0
       9954                    46                    46             4.8069700E-01         1.0000000E+30           2041703       
 NEXT SEEDS:3AD8AD05      34       0       0       0       0       3    3039       0       0
       9955                    45                    45             4.8068996E-01         1.0000000E+30           2041954       
 NEXT SEEDS:3B1F8AFB      34       0       0       0       0       3    3039       0       0
       9956                    44                    44             4.8067900E-01         1.0000000E+30           2042129       
 NEXT SEEDS:3B5D5B5D      34       0       0       0       0       3    3039       0       0
       9957                    43                    43             4.8067795E-01         1.0000000E+30           2042347       
 NEXT SEEDS:  194411      35       0       0       0       0       3    3039       0       0
  Comptn_2: TXYZ:  0.99999999999458744       U,V,W   6.4540783965284731E-002  0.57617770069283514      -0.81477220400799855     
       9958                    42                    42             4.8068426E-01         1.0000000E+30           2042537       
 NEXT SEEDS:  7A5F9B      35       0       0       0       0       3    3039       0       0
       9959                    41                    41             4.8067619E-01         1.0000000E+30           2042744       
 NEXT SEEDS:  BF5454      35       0       0       0       0       3    3039       0       0
       9960                    40                    40             4.8069103E-01         1.0000000E+30           2042949       
 NEXT SEEDS: 133618B      35       0       0       0       0       3    3039       0       0
       9961                    39                    39             4.8066993E-01         1.0000000E+30           2043177       
 NEXT SEEDS: 162ED70      35       0       0       0       0       3    3039       0       0
       9962                    38                    38             4.8067848E-01         1.0000000E+30           2043447       
 NEXT SEEDS: 1D0B34B      35       0       0       0       0       3    3039       0       0
       9963                    37                    37             4.8067650E-01         1.0000000E+30           2043694       
 NEXT SEEDS: 228BFEE      35       0       0       0       0       3    3039       0       0
       9964                    36                    36             4.8067442E-01         1.0000000E+30           2043883       
 NEXT SEEDS: 2757582      35       0       0       0       0       3    3039       0       0
       9965                    35                    35             4.8069969E-01         1.0000000E+30           2044009       
 NEXT SEEDS: 2FABAF0      35       0       0       0       0       3    3039       0       0
       9966                    34                    34             4.8070643E-01         1.0000000E+30           2044208       
 NEXT SEEDS: 35ECA48      35       0       0       0       0       3    3039       0       0
       9967                    33                    33             4.8070263E-01         1.0000000E+30           2044335       
 NEXT SEEDS: 3AA7BFF      35       0       0       0       0       3    3039       0       0
       9968                    32                    32             4.8069785E-01         1.0000000E+30           2044486       
 NEXT SEEDS: 3F398C8      35       0       0       0       0       3    3039       0       0
       9969                    31                    31             4.8069798E-01         1.0000000E+30           2044733       
 NEXT SEEDS: 448957D      35       0       0       0       0       3    3039       0       0
       9970                    30                    30             4.8069497E-01         1.0000000E+30           2044986       
 NEXT SEEDS: 49BF935      35       0       0       0       0       3    3039       0       0
       9971                    29                    29             4.8069617E-01         1.0000000E+30           2045206       
 NEXT SEEDS: 4F6A4F6      35       0       0       0       0       3    3039       0       0
       9972                    28                    28             4.8068552E-01         1.0000000E+30           2045512       
 NEXT SEEDS: 53F81C5      35       0       0       0       0       3    3039       0       0
       9973                    27                    27             4.8070332E-01         1.0000000E+30           2045667       
 NEXT SEEDS: 5B9BF94      35       0       0       0       0       3    3039       0       0
       9974                    26                    26             4.8069620E-01         1.0000000E+30           2045920       
 NEXT SEEDS: 601D214      35       0       0       0       0       3    3039       0       0
       9975                    25                    25             4.8069671E-01         1.0000000E+30           2046086       
 NEXT SEEDS: 6548081      35       0       0       0       0       3    3039       0       0
       9976                    24                    24             4.8068142E-01         1.0000000E+30           2046187       
 NEXT SEEDS: 68C4F8E      35       0       0       0       0       3    3039       0       0
       9977                    23                    23             4.8067372E-01         1.0000000E+30           2046464       
 NEXT SEEDS: 6D5CEF2      35       0       0       0       0       3    3039       0       0
       9978                    22                    22             4.8066322E-01         1.0000000E+30           2046735       
 NEXT SEEDS: 716C5A4      35       0       0       0       0       3    3039       0       0
       9979                    21                    21             4.8066526E-01         1.0000000E+30           2046867       
 NEXT SEEDS: 76A469C      35       0       0       0       0       3    3039       0       0
       9980                    20                    20             4.8066612E-01         1.0000000E+30           2047059       
 NEXT SEEDS: 7C7ADCF      35       0       0       0       0       3    3039       0       0
       9981                    19                    19             4.8067055E-01         1.0000000E+30           2047320       
 NEXT SEEDS: 8236B21      35       0       0       0       0       3    3039       0       0
       9982                    18                    18             4.8066579E-01         1.0000000E+30           2047537       
 NEXT SEEDS: 86DC951      35       0       0       0       0       3    3039       0       0
       9983                    17                    17             4.8065261E-01         1.0000000E+30           2047767       
 NEXT SEEDS: 8AC8772      35       0       0       0       0       3    3039       0       0
       9984                    16                    16             4.8064946E-01         1.0000000E+30           2047968       
 NEXT SEEDS: 8F9D06D      35       0       0       0       0       3    3039       0       0
       9985                    15                    15             4.8064377E-01         1.0000000E+30           2048159       
 NEXT SEEDS: 9419E3E      35       0       0       0       0       3    3039       0       0
       9986                    14                    14             4.8065495E-01         1.0000000E+30           2048326       
 NEXT SEEDS: 9B34BFC      35       0       0       0       0       3    3039       0       0
       9987                    13                    13             4.8064496E-01         1.0000000E+30           2048516       
 NEXT SEEDS: 9F87A8A      35       0       0       0       0       3    3039       0       0
       9988                    12                    12             4.8063824E-01         1.0000000E+30           2048834       
 NEXT SEEDS: A46E93B      35       0       0       0       0       3    3039       0       0
       9989                    11                    11             4.8062864E-01         1.0000000E+30           2049064       
 NEXT SEEDS: A8802CF      35       0       0       0       0       3    3039       0       0
       9990                    10                    10             4.8062462E-01         1.0000000E+30           2049311       
 NEXT SEEDS: ADF1976      35       0       0       0       0       3    3039       0       0
       9991                     9                     9             4.8062265E-01         1.0000000E+30           2049604       
 NEXT SEEDS: B36692D      35       0       0       0       0       3    3039       0       0
       9992                     8                     8             4.8062332E-01         1.0000000E+30           2049951       
 NEXT SEEDS: B97AAA2      35       0       0       0       0       3    3039       0       0
       9993                     7                     7             4.8063146E-01         1.0000000E+30           2050170       
 NEXT SEEDS: BFA6830      35       0       0       0       0       3    3039       0       0
       9994                     6                     6             4.8062920E-01         1.0000000E+30           2050420       
 NEXT SEEDS: C4A8CD3      35       0       0       0       0       3    3039       0       0
       9995                     5                     5             4.8062156E-01         1.0000000E+30           2050616       
 NEXT SEEDS: C8DE943      35       0       0       0       0       3    3039       0       0
       9996                     4                     4             4.8062199E-01         1.0000000E+30           2050848       
 NEXT SEEDS: CE41E24      35       0       0       0       0       3    3039       0       0
       9997                     3                     3             4.8061704E-01         1.0000000E+30           2051091       
 NEXT SEEDS: D35BA87      35       0       0       0       0       3    3039       0       0
       9998                     2                     2             4.8061380E-01         1.0000000E+30           2051316       
 NEXT SEEDS: D82A5CE      35       0       0       0       0       3    3039       0       0
       9999                     1                     1             4.8062663E-01         1.0000000E+30           2051532       
 NEXT SEEDS: DF56F0E      35       0       0       0       0       3    3039       0       0
      10000                     0                     1             4.8062110E-01         1.0000000E+30           2051711       
 NEXT SEEDS: E3E314F      35       0       0       0       0       3    3039       0       0
