1NUMBER OF BEAM       NUMBER OF BEAM        APPROXIMATE NUMBER    AVERAGE TIME USED     TIME LEFT (RESERVED   NUMBER OF STARS
 PARTICLES HANDLED    PARTICLES LEFT        OF BEAM PARTICLES     BY A BEAM PARTICLE     10000.0 SECONDS      CREATED
                                            THAT CAN STILL BE                           FOR PRINTOUT)
                                            HANDLED

 NEXT SEEDS:       0       0       0       0       0       0       5    3039       0       0
          1                  2152                  2152             4.3134928E-02         1.0000000E+30                 0       
 NEXT SEEDS:   83FB5       0       0       0       0       0       5    3039       0       0
         40                  2113                  2113             8.4878796E-02         1.0000000E+30                 3       
 NEXT SEEDS: 28CF62A       0       0       0       0       0       5    3039       0       0
         80                  2073                  2073             7.3796466E-02         1.0000000E+30                 4       
 NEXT SEEDS: 443B5FD       0       0       0       0       0       5    3039       0       0
  Comptn_2: TXYZ:  0.99999999999876665       U,V,W   1.0492800535361946E-002 -0.87316401760919504       0.48731355356511585     
        120                  2033                  2033             9.7969288E-02         1.0000000E+30                 4       
 NEXT SEEDS: 8B57A3C       0       0       0       0       0       5    3039       0       0
  Comptn_2: TXYZ:  0.99999999998388722       U,V,W  0.66204572280485507       0.49783531519000235       0.56022804271952964     
        160                  1993                  1993             9.3011881E-02         1.0000000E+30                 9       
 NEXT SEEDS: B0080DC       0       0       0       0       0       5    3039       0       0
        200                  1953                  1953             7.9324714E-02         1.0000000E+30                54       
 NEXT SEEDS: BB5FD14       0       0       0       0       0       5    3039       0       0
        240                  1913                  1913             7.9756460E-02         1.0000000E+30                61       
 NEXT SEEDS: DF7A288       0       0       0       0       0       5    3039       0       0
        280                  1873                  1873             7.6100957E-02         1.0000000E+30                62       
 NEXT SEEDS: F932B41       0       0       0       0       0       5    3039       0       0
        320                  1833                  1833             7.1241040E-02         1.0000000E+30                66       
 NEXT SEEDS:10AA0F3E       0       0       0       0       0       5    3039       0       0
        360                  1793                  1793             6.9362736E-02         1.0000000E+30                67       
 NEXT SEEDS:12424BD6       0       0       0       0       0       5    3039       0       0
        400                  1753                  1753             6.6987620E-02         1.0000000E+30               117       
 NEXT SEEDS:139761B4       0       0       0       0       0       5    3039       0       0
  Comptn_2: TXYZ:  0.99999999999869682       U,V,W  0.85680537872801765       0.41518194711386514       0.30579158551564944     
        440                  1713                  1713             6.4432210E-02         1.0000000E+30               119       
 NEXT SEEDS:14BF1AC1       0       0       0       0       0       5    3039       0       0
  *** Kaon: P_min > 1.5 GeV/c:           24   3.0857577758542694     
  *** Kaon: P_min > 1.5 GeV/c:           24   3.0852841402839730     
  *** Kaon: P_min > 1.5 GeV/c:           24   3.4612418209758689     
  *** Kaon: P_min > 1.5 GeV/c:           24   3.6951638515283176     
  *** Kaon: P_min > 1.5 GeV/c:           15   1.7998918334040714     
  *** Kaon: P_min > 1.5 GeV/c:           15   1.8389153311743778     
        480                  1673                  1673             6.4603282E-02         1.0000000E+30               304       
 NEXT SEEDS:16B7E6ED       0       0       0       0       0       5    3039       0       0
  Comptn_2: TXYZ:   1.0000000000019247       U,V,W -0.16468387585216249      -0.80219677941969625      -0.57389855211953744     
        520                  1633                  1633             6.2413796E-02         1.0000000E+30               309       
 NEXT SEEDS:17CA1F97       0       0       0       0       0       5    3039       0       0
        560                  1593                  1593             6.0340371E-02         1.0000000E+30               338       
 NEXT SEEDS:18C482FA       0       0       0       0       0       5    3039       0       0
        600                  1553                  1553             5.8469410E-02         1.0000000E+30               338       
 NEXT SEEDS:19B3C757       0       0       0       0       0       5    3039       0       0
        640                  1513                  1513             5.7251346E-02         1.0000000E+30               340       
 NEXT SEEDS:1AD55F00       0       0       0       0       0       5    3039       0       0
  Comptn_2: TXYZ:  0.99999999999865496       U,V,W -0.20660374140397764       0.96984331615132646       0.12930133855893189     
        680                  1473                  1473             6.4013981E-02         1.0000000E+30               342       
 NEXT SEEDS:1FE96E7F       0       0       0       0       0       5    3039       0       0
  Comptn_2: TXYZ:  0.99999999999872391       U,V,W  0.34688471801953824      -0.67122852990777571      -0.65507499802776437     
        720                  1433                  1433             6.3151333E-02         1.0000000E+30               356       
 NEXT SEEDS:2150042D       0       0       0       0       0       5    3039       0       0
  Comptn_2: TXYZ:   1.0000000000034612       U,V,W   2.7316419758790289E-002 -0.72788764736425549      -0.68515208970676866     
  Comptn_2: TXYZ:   1.0000000000012887       U,V,W -0.61809539083239429      -0.59893996061661170      -0.50914537355220091     
        760                  1393                  1393             6.4293847E-02         1.0000000E+30               362       
 NEXT SEEDS:23DE5087       0       0       0       0       0       5    3039       0       0
        800                  1353                  1353             6.3307467E-02         1.0000000E+30               363       
 NEXT SEEDS:25350283       0       0       0       0       0       5    3039       0       0
  Comptn_2: TXYZ:  0.99999999999737910       U,V,W  0.15922212762471588      -0.35876905547561933       0.91974620352854397     
        840                  1313                  1313             6.7145784E-02         1.0000000E+30               366       
 NEXT SEEDS:299296C6       0       0       0       0       0       5    3039       0       0
  Comptn_2: TXYZ:  0.99999999999866707       U,V,W  0.80920967485105422       0.33074777407848899      -0.48557760663795335     
  *** Kaon: P_min > 1.5 GeV/c:           15   54.308909189992541     
  *** Kaon: P_min > 1.5 GeV/c:           15   41.232599151799043     
  *** Kaon: P_min > 1.5 GeV/c:           24   11.301245396356478     
  *** Kaon: P_min > 1.5 GeV/c:           24   11.301150412823558     
  *** Kaon: P_min > 1.5 GeV/c:           24   11.308326723953167     
  *** Kaon: P_min > 1.5 GeV/c:           15   6.2902637680000701     
  *** Kaon: P_min > 1.5 GeV/c:           24   3.2957240456064514     
  *** Kaon: P_min > 1.5 GeV/c:           15   6.1845536875761953     
  *** Kaon: P_min > 1.5 GeV/c:           15   5.4344341615786727     
  *** Kaon: P_min > 1.5 GeV/c:           15   5.9562844895530915     
  *** Kaon: P_min > 1.5 GeV/c:           24   3.0542232553663293     
        880                  1273                  1273             6.5882371E-02         1.0000000E+30               557       
 NEXT SEEDS:2ABAD894       0       0       0       0       0       5    3039       0       0
        920                  1233                  1233             6.4118999E-02         1.0000000E+30               567       
 NEXT SEEDS:2B778AD8       0       0       0       0       0       5    3039       0       0
  *** Kbar: P_min > 1.8 GeV/c:           16   3.8677435144210501     
  *** Kbar: P_min > 1.8 GeV/c:           16   4.6602797009030015     
  *** Kbar: P_min > 1.8 GeV/c:           25   2.3493630418779308     
        960                  1193                  1193             6.2674833E-02         1.0000000E+30               581       
 NEXT SEEDS:2C57AEC7       0       0       0       0       0       5    3039       0       0
       1000                  1153                  1153             6.1247692E-02         1.0000000E+30               596       
 NEXT SEEDS:2D1CB0C9       0       0       0       0       0       5    3039       0       0
       1040                  1113                  1113             6.0535721E-02         1.0000000E+30               602       
 NEXT SEEDS:2E54279C       0       0       0       0       0       5    3039       0       0
  Comptn_2: TXYZ:  0.99999999999831324       U,V,W -0.33565927348880109       0.91186491927793156       0.23629477588286818     
       1080                  1073                  1073             5.9207016E-02         1.0000000E+30               607       
 NEXT SEEDS:2F06529A       0       0       0       0       0       5    3039       0       0
  Comptn_2: TXYZ:  0.99999999999745048       U,V,W  0.47008006181215478       0.34295303913163622       0.81326991118232428     
       1120                  1033                  1033             5.9016967E-02         1.0000000E+30              1273       
 NEXT SEEDS:30A38AEA       0       0       0       0       0       5    3039       0       0
  Comptn_2: TXYZ:  0.99999999999825484       U,V,W -0.79013714394761791      -0.61197041087797999       -3.4285710761082555E-002
       1160                   993                   993             5.8047292E-02         1.0000000E+30              1275       
 NEXT SEEDS:31851C9C       0       0       0       0       0       5    3039       0       0
       1200                   953                   953             5.6570902E-02         1.0000000E+30              1295       
 NEXT SEEDS:31E9B498       0       0       0       0       0       5    3039       0       0
       1240                   913                   913             5.5503436E-02         1.0000000E+30              1297       
 NEXT SEEDS:3293A5D1       0       0       0       0       0       5    3039       0       0
       1280                   873                   873             5.4924300E-02         1.0000000E+30              1300       
 NEXT SEEDS:33AD4543       0       0       0       0       0       5    3039       0       0
       1320                   833                   833             5.5056939E-02         1.0000000E+30              1304       
 NEXT SEEDS:356AD380       0       0       0       0       0       5    3039       0       0
  *** Hhflev: call to Hadriv !! ***  0.61149172928307682        3.5000000000000000        1.4425280952259321               14 T F T
  *** Hhflev: call to Hadriv !! ***  0.72794747985093577        3.5000000000000000        1.5135196422004584               14 T F T
       1360                   793                   793             5.6351715E-02         1.0000000E+30              2588       
 NEXT SEEDS:38688577       0       0       0       0       0       5    3039       0       0
       1400                   753                   753             5.5823465E-02         1.0000000E+30              2597       
 NEXT SEEDS:3985220E       0       0       0       0       0       5    3039       0       0
       1440                   713                   713             5.5170147E-02         1.0000000E+30              2604       
 NEXT SEEDS:3A77F8C5       0       0       0       0       0       5    3039       0       0
       1480                   673                   673             5.4752590E-02         1.0000000E+30              2608       
 NEXT SEEDS:   90B99       1       0       0       0       0       5    3039       0       0
       1520                   633                   633             5.4783001E-02         1.0000000E+30              2614       
 NEXT SEEDS: 1AB5EC1       1       0       0       0       0       5    3039       0       0
       1560                   593                   593             5.4656369E-02         1.0000000E+30              2616       
 NEXT SEEDS: 3215C0A       1       0       0       0       0       5    3039       0       0
       1600                   553                   553             5.3917177E-02         1.0000000E+30              2618       
 NEXT SEEDS: 3DC02DE       1       0       0       0       0       5    3039       0       0
       1640                   513                   513             5.3439678E-02         1.0000000E+30              2623       
 NEXT SEEDS: 4DAC6FE       1       0       0       0       0       5    3039       0       0
       1680                   473                   473             5.2862451E-02         1.0000000E+30              2629       
 NEXT SEEDS: 5B490B7       1       0       0       0       0       5    3039       0       0
  Comptn_2: TXYZ:   1.0000000000012637       U,V,W -0.62618404887573575       0.63276641329227346      -0.45552190193676267     
       1720                   433                   433             5.5131830E-02         1.0000000E+30              2664       
 NEXT SEEDS: A026F29       1       0       0       0       0       5    3039       0       0
       1760                   393                   393             5.4590917E-02         1.0000000E+30              2816       
 NEXT SEEDS: AF56917       1       0       0       0       0       5    3039       0       0
       1800                   353                   353             5.4245765E-02         1.0000000E+30              2872       
 NEXT SEEDS: C1E838F       1       0       0       0       0       5    3039       0       0
       1840                   313                   313             5.4675664E-02         1.0000000E+30              2951       
 NEXT SEEDS: E4B215E       1       0       0       0       0       5    3039       0       0
       1880                   273                   273             5.6089570E-02         1.0000000E+30              2953       
 NEXT SEEDS:11FB330A       1       0       0       0       0       5    3039       0       0
       1920                   233                   233             5.5370790E-02         1.0000000E+30              2958       
 NEXT SEEDS:12A29788       1       0       0       0       0       5    3039       0       0
       1960                   193                   193             5.5381804E-02         1.0000000E+30              2961       
 NEXT SEEDS:14592578       1       0       0       0       0       5    3039       0       0
  Comptn_2: TXYZ:  0.99999999999883071       U,V,W  -7.9417743722921763E-002 -0.23749034971291394       0.96813798385045757     
       2000                   153                   153             5.4890017E-02         1.0000000E+30              2962       
 NEXT SEEDS:1540EB79       1       0       0       0       0       5    3039       0       0
       2040                   113                   113             5.4384589E-02         1.0000000E+30              2963       
 NEXT SEEDS:1621C458       1       0       0       0       0       5    3039       0       0
       2080                    73                    73             5.3820454E-02         1.0000000E+30              2964       
 NEXT SEEDS:16E428FB       1       0       0       0       0       5    3039       0       0
       2103                    50                    50             5.3513453E-02         1.0000000E+30              2965       
 NEXT SEEDS:1752D108       1       0       0       0       0       5    3039       0       0
       2104                    49                    49             5.3488429E-02         1.0000000E+30              2965       
 NEXT SEEDS:1752EDD3       1       0       0       0       0       5    3039       0       0
       2105                    48                    48             5.3473283E-02         1.0000000E+30              2965       
 NEXT SEEDS:17573B55       1       0       0       0       0       5    3039       0       0
       2106                    47                    47             5.3479659E-02         1.0000000E+30              2965       
 NEXT SEEDS:1764705D       1       0       0       0       0       5    3039       0       0
       2107                    46                    46             5.3455806E-02         1.0000000E+30              2965       
 NEXT SEEDS:1764E81C       1       0       0       0       0       5    3039       0       0
       2108                    45                    45             5.3430505E-02         1.0000000E+30              2965       
 NEXT SEEDS:1764E820       1       0       0       0       0       5    3039       0       0
       2109                    44                    44             5.3410090E-02         1.0000000E+30              2965       
 NEXT SEEDS:17668D8B       1       0       0       0       0       5    3039       0       0
       2110                    43                    43             5.3384832E-02         1.0000000E+30              2965       
 NEXT SEEDS:17668D8F       1       0       0       0       0       5    3039       0       0
       2111                    42                    42             5.3359857E-02         1.0000000E+30              2965       
 NEXT SEEDS:1766A3DF       1       0       0       0       0       5    3039       0       0
       2112                    41                    41             5.3344172E-02         1.0000000E+30              2965       
 NEXT SEEDS:176AB32F       1       0       0       0       0       5    3039       0       0
       2113                    40                    40             5.3319280E-02         1.0000000E+30              2965       
 NEXT SEEDS:176ACA9F       1       0       0       0       0       5    3039       0       0
       2114                    39                    39             5.3317708E-02         1.0000000E+30              2965       
 NEXT SEEDS:1774D1A5       1       0       0       0       0       5    3039       0       0
       2115                    38                    38             5.3322969E-02         1.0000000E+30              2965       
 NEXT SEEDS:178101AD       1       0       0       0       0       5    3039       0       0
       2116                    37                    37             5.3323932E-02         1.0000000E+30              2965       
 NEXT SEEDS:178BD306       1       0       0       0       0       5    3039       0       0
       2117                    36                    36             5.3305277E-02         1.0000000E+30              2965       
 NEXT SEEDS:178DF56C       1       0       0       0       0       5    3039       0       0
       2118                    35                    35             5.3280163E-02         1.0000000E+30              2965       
 NEXT SEEDS:178DF570       1       0       0       0       0       5    3039       0       0
       2119                    34                    34             5.3255073E-02         1.0000000E+30              2965       
 NEXT SEEDS:178DF574       1       0       0       0       0       5    3039       0       0
       2120                    33                    33             5.3230007E-02         1.0000000E+30              2965       
 NEXT SEEDS:178DF58A       1       0       0       0       0       5    3039       0       0
       2121                    32                    32             5.3221878E-02         1.0000000E+30              2965       
 NEXT SEEDS:17945E0E       1       0       0       0       0       5    3039       0       0
       2122                    31                    31             5.3197275E-02         1.0000000E+30              2965       
 NEXT SEEDS:1794817C       1       0       0       0       0       5    3039       0       0
       2123                    30                    30             5.3177097E-02         1.0000000E+30              2965       
 NEXT SEEDS:17967BB6       1       0       0       0       0       5    3039       0       0
       2124                    29                    29             5.3153103E-02         1.0000000E+30              2965       
 NEXT SEEDS:1796DB7E       1       0       0       0       0       5    3039       0       0
       2125                    28                    28             5.3131084E-02         1.0000000E+30              2965       
 NEXT SEEDS:1797FFF2       1       0       0       0       0       5    3039       0       0
       2126                    27                    27             5.3106150E-02         1.0000000E+30              2965       
 NEXT SEEDS:1797FFF6       1       0       0       0       0       5    3039       0       0
       2127                    26                    26             5.3081233E-02         1.0000000E+30              2965       
 NEXT SEEDS:1797FFFA       1       0       0       0       0       5    3039       0       0
       2128                    25                    25             5.3056335E-02         1.0000000E+30              2965       
 NEXT SEEDS:1797FFFE       1       0       0       0       0       5    3039       0       0
       2129                    24                    24             5.3031465E-02         1.0000000E+30              2965       
 NEXT SEEDS:17980002       1       0       0       0       0       5    3039       0       0
       2130                    23                    23             5.3007119E-02         1.0000000E+30              2965       
 NEXT SEEDS:17982929       1       0       0       0       0       5    3039       0       0
       2131                    22                    22             5.2982556E-02         1.0000000E+30              2965       
 NEXT SEEDS:17983FBE       1       0       0       0       0       5    3039       0       0
       2132                    21                    21             5.2964819E-02         1.0000000E+30              2965       
 NEXT SEEDS:179ACCFE       1       0       0       0       0       5    3039       0       0
       2133                    20                    20             5.2940338E-02         1.0000000E+30              2965       
 NEXT SEEDS:179AE5FB       1       0       0       0       0       5    3039       0       0
       2134                    19                    19             5.2958243E-02         1.0000000E+30              2965       
 NEXT SEEDS:17A9B773       1       0       0       0       0       5    3039       0       0
       2135                    18                    18             5.2933495E-02         1.0000000E+30              2965       
 NEXT SEEDS:17A9B777       1       0       0       0       0       5    3039       0       0
       2136                    17                    17             5.2912328E-02         1.0000000E+30              2965       
 NEXT SEEDS:17ABE83E       1       0       0       0       0       5    3039       0       0
       2137                    16                    16             5.2887622E-02         1.0000000E+30              2965       
 NEXT SEEDS:17ABE842       1       0       0       0       0       5    3039       0       0
       2138                    15                    15             5.2863548E-02         1.0000000E+30              2965       
 NEXT SEEDS:17AC1D69       1       0       0       0       0       5    3039       0       0
       2139                    14                    14             5.2838884E-02         1.0000000E+30              2965       
 NEXT SEEDS:17AC1D6D       1       0       0       0       0       5    3039       0       0
       2140                    13                    13             5.2814243E-02         1.0000000E+30              2965       
 NEXT SEEDS:17AC1D71       1       0       0       0       0       5    3039       0       0
       2141                    12                    12             5.2790238E-02         1.0000000E+30              2965       
 NEXT SEEDS:17AC50FE       1       0       0       0       0       5    3039       0       0
       2142                    11                    11             5.2879082E-02         1.0000000E+30              2984       
 NEXT SEEDS:17DC721E       1       0       0       0       0       5    3039       0       0
       2143                    10                    10             5.2879449E-02         1.0000000E+30              2984       
 NEXT SEEDS:17E6A4CF       1       0       0       0       0       5    3039       0       0
       2144                     9                     9             5.2951046E-02         1.0000000E+30              2984       
 NEXT SEEDS:180D719F       1       0       0       0       0       5    3039       0       0
       2145                     8                     8             5.2943888E-02         1.0000000E+30              2984       
 NEXT SEEDS:1814C1FD       1       0       0       0       0       5    3039       0       0
       2146                     7                     7             5.2919285E-02         1.0000000E+30              2984       
 NEXT SEEDS:1814C201       1       0       0       0       0       5    3039       0       0
       2147                     6                     6             5.2895422E-02         1.0000000E+30              2984       
 NEXT SEEDS:1814FC0C       1       0       0       0       0       5    3039       0       0
       2148                     5                     5             5.2889654E-02         1.0000000E+30              2984       
 NEXT SEEDS:181D0B42       1       0       0       0       0       5    3039       0       0
       2149                     4                     4             5.2961352E-02         1.0000000E+30              2984       
 NEXT SEEDS:18469200       1       0       0       0       0       5    3039       0       0
       2150                     3                     3             5.2937716E-02         1.0000000E+30              2984       
 NEXT SEEDS:1846DDC1       1       0       0       0       0       5    3039       0       0
       2151                     2                     2             5.2913705E-02         1.0000000E+30              2984       
 NEXT SEEDS:18470F05       1       0       0       0       0       5    3039       0       0
       2152                     1                     1             5.2890478E-02         1.0000000E+30              2984       
 NEXT SEEDS:184784EB       1       0       0       0       0       5    3039       0       0
       2153                     0                     1             5.2872950E-02         1.0000000E+30              2984       
 NEXT SEEDS:1849E6CE       1       0       0       0       0       5    3039       0       0
