1NUMBER OF BEAM       NUMBER OF BEAM        APPROXIMATE NUMBER    AVERAGE TIME USED     TIME LEFT (RESERVED   NUMBER OF STARS
 PARTICLES HANDLED    PARTICLES LEFT        OF BEAM PARTICLES     BY A BEAM PARTICLE     10000.0 SECONDS      CREATED
                                            THAT CAN STILL BE                           FOR PRINTOUT)
                                            HANDLED

 NEXT SEEDS:351D8D05       4       0       0       0       0      3B    3039       0       0
          1                  2152                  2152             1.2707710E-04         1.0000000E+30                 0       
 NEXT SEEDS:351D8D1E       4       0       0       0       0      3B    3039       0       0
  *** Kaon: P_min > 1.5 GeV/c:           15   3.8008947321191835     
  *** Kaon: P_min > 1.5 GeV/c:           15   3.7310216777069094     
  *** Kaon: P_min > 1.5 GeV/c:           15   3.3012948143360248     
  *** Kaon: P_min > 1.5 GeV/c:           15   4.3074218001862921     
  *** Kaon: P_min > 1.5 GeV/c:           24   1.8032463175463802     
  *** Kaon: P_min > 1.5 GeV/c:           24   1.8914740943774584     
  *** Kbar: P_min > 1.8 GeV/c:           25   6.3001428036929541     
  *** Kbar: P_min > 1.8 GeV/c:           25   6.3755107851554014     
  *** Kbar: P_min > 1.8 GeV/c:           16   2.0819359864402056     
         40                  2113                  2113             6.8827498E-02         1.0000000E+30               363       
 NEXT SEEDS:371D7AE9       4       0       0       0       0      3B    3039       0       0
         80                  2073                  2073             4.7839016E-02         1.0000000E+30               364       
 NEXT SEEDS:37E382E8       4       0       0       0       0      3B    3039       0       0
        120                  2033                  2033             4.1259817E-02         1.0000000E+30               364       
 NEXT SEEDS:38B60F9E       4       0       0       0       0      3B    3039       0       0
        160                  1993                  1993             4.1114688E-02         1.0000000E+30               364       
 NEXT SEEDS:39E64E21       4       0       0       0       0      3B    3039       0       0
  Comptn_2: TXYZ:  0.99999999999888201       U,V,W  -8.5803124544568732E-002  0.70120639277590158       0.70777639021620331     
        200                  1953                  1953             3.7078404E-02         1.0000000E+30               394       
 NEXT SEEDS:3A7DD179       4       0       0       0       0      3B    3039       0       0
        240                  1913                  1913             3.6155633E-02         1.0000000E+30               395       
 NEXT SEEDS:3B66AD49       4       0       0       0       0      3B    3039       0       0
  Comptn_2: TXYZ:  0.99999999999468681       U,V,W   1.9259732858003531E-002  0.22290637589148332      -0.97464958332307816     
        280                  1873                  1873             3.5950027E-02         1.0000000E+30               397       
 NEXT SEEDS:  CD54A8       5       0       0       0       0      3B    3039       0       0
  Comptn_2: TXYZ:   1.0000000000064431       U,V,W -0.92189604479440845      -0.26081221114594655       0.28650422879258031     
        320                  1833                  1833             3.4352213E-02         1.0000000E+30               399       
 NEXT SEEDS: 17B1392       5       0       0       0       0      3B    3039       0       0
        360                  1793                  1793             3.4268369E-02         1.0000000E+30               401       
 NEXT SEEDS: 278FAAA       5       0       0       0       0      3B    3039       0       0
        400                  1753                  1753             3.3059537E-02         1.0000000E+30               401       
 NEXT SEEDS: 31A41DC       5       0       0       0       0      3B    3039       0       0
        440                  1713                  1713             3.3555505E-02         1.0000000E+30               405       
 NEXT SEEDS: 43803BF       5       0       0       0       0      3B    3039       0       0
        480                  1673                  1673             3.3683636E-02         1.0000000E+30               407       
 NEXT SEEDS: 5417575       5       0       0       0       0      3B    3039       0       0
  Comptn_2: TXYZ:  0.99999999999678335       U,V,W  0.39408326296462803       0.73979529606205574      -0.54534512170953775     
        520                  1633                  1633             3.3590909E-02         1.0000000E+30               411       
 NEXT SEEDS: 634446A       5       0       0       0       0      3B    3039       0       0
        560                  1593                  1593             3.3406000E-02         1.0000000E+30               412       
 NEXT SEEDS: 71ADD06       5       0       0       0       0      3B    3039       0       0
        600                  1553                  1553             3.2602611E-02         1.0000000E+30               412       
 NEXT SEEDS: 7B8FFAF       5       0       0       0       0      3B    3039       0       0
        640                  1513                  1513             3.1856342E-02         1.0000000E+30               413       
 NEXT SEEDS: 8503D88       5       0       0       0       0      3B    3039       0       0
        680                  1473                  1473             3.1675713E-02         1.0000000E+30               425       
 NEXT SEEDS: 9227003       5       0       0       0       0      3B    3039       0       0
        720                  1433                  1433             3.1815496E-02         1.0000000E+30               427       
 NEXT SEEDS: A20CAD0       5       0       0       0       0      3B    3039       0       0
        760                  1393                  1393             3.1867904E-02         1.0000000E+30               436       
 NEXT SEEDS: B153E9D       5       0       0       0       0      3B    3039       0       0
        800                  1353                  1353             3.1022850E-02         1.0000000E+30               549       
 NEXT SEEDS: B834075       5       0       0       0       0      3B    3039       0       0
  *** Hhflev: call to Hadriv !! ***  0.73223502522968154        3.5000000000000000        1.5175642257533422               14 T F T
  *** Kaon: P_min > 1.5 GeV/c:           15   13.806877022549154     
  *** Kaon: P_min > 1.5 GeV/c:           15   11.128063188629811     
  *** Kaon: P_min > 1.5 GeV/c:           24   11.679546804287785     
  *** Kaon: P_min > 1.5 GeV/c:           24   11.677166330489642     
  *** Kaon: P_min > 1.5 GeV/c:           24   14.060980736261078     
  *** Kaon: P_min > 1.5 GeV/c:           24   9.4247359067567835     
  *** Kaon: P_min > 1.5 GeV/c:           15   4.4826034287259695     
  *** Kbar: P_min > 1.8 GeV/c:           25   27.721420449681478     
  *** Kbar: P_min > 1.8 GeV/c:           25   23.567282388067810     
  *** Kbar: P_min > 1.8 GeV/c:           25   33.781529379420931     
  *** Kaon: P_min > 1.5 GeV/c:           15   4.2075976260192416     
        840                  1313                  1313             3.2022575E-02         1.0000000E+30               847       
 NEXT SEEDS: CFCF565       5       0       0       0       0      3B    3039       0       0
        880                  1273                  1273             3.1647874E-02         1.0000000E+30               856       
 NEXT SEEDS: DB04181       5       0       0       0       0      3B    3039       0       0
        920                  1233                  1233             3.1656857E-02         1.0000000E+30               888       
 NEXT SEEDS: E9DCC37       5       0       0       0       0      3B    3039       0       0
        960                  1193                  1193             3.2282520E-02         1.0000000E+30               890       
 NEXT SEEDS: FFD5562       5       0       0       0       0      3B    3039       0       0
       1000                  1153                  1153             3.2897267E-02         1.0000000E+30               921       
 NEXT SEEDS:11585296       5       0       0       0       0      3B    3039       0       0
  Comptn_2: TXYZ:  0.99999999999156941       U,V,W -0.22019003489245392       0.47366837938604078      -0.85273361309111717     
  Comptn_2: TXYZ:  0.99999999999767064       U,V,W   7.0634748944343073E-002 -0.34102911992070306       0.93739525900515996     
       1040                  1113                  1113             3.8074678E-02         1.0000000E+30               924       
 NEXT SEEDS:164989EE       5       0       0       0       0      3B    3039       0       0
       1080                  1073                  1073             3.8266045E-02         1.0000000E+30               927       
 NEXT SEEDS:178C06A5       5       0       0       0       0      3B    3039       0       0
       1120                  1033                  1033             3.8923281E-02         1.0000000E+30               942       
 NEXT SEEDS:1937BAB8       5       0       0       0       0      3B    3039       0       0
       1160                   993                   993             3.8424404E-02         1.0000000E+30               942       
 NEXT SEEDS:19ECCE21       5       0       0       0       0      3B    3039       0       0
       1200                   953                   953             4.2358908E-02         1.0000000E+30               943       
 NEXT SEEDS:1E6E157C       5       0       0       0       0      3B    3039       0       0
       1240                   913                   913             4.2014052E-02         1.0000000E+30              1232       
 NEXT SEEDS:1F59643C       5       0       0       0       0      3B    3039       0       0
       1280                   873                   873             4.1639654E-02         1.0000000E+30              1241       
 NEXT SEEDS:20398DFB       5       0       0       0       0      3B    3039       0       0
       1320                   833                   833             4.1165621E-02         1.0000000E+30              1242       
 NEXT SEEDS:20F0EABF       5       0       0       0       0      3B    3039       0       0
       1360                   793                   793             4.1135926E-02         1.0000000E+30              1243       
 NEXT SEEDS:2212D5E0       5       0       0       0       0      3B    3039       0       0
       1400                   753                   753             4.0771177E-02         1.0000000E+30              1252       
 NEXT SEEDS:22E131FB       5       0       0       0       0      3B    3039       0       0
       1440                   713                   713             4.0403640E-02         1.0000000E+30              1257       
 NEXT SEEDS:23B1F744       5       0       0       0       0      3B    3039       0       0
  Comptn_2: TXYZ:   1.0000000000010312       U,V,W  0.20450178652342821       0.95337958452806504      -0.22191527012545009     
       1480                   673                   673             4.0401663E-02         1.0000000E+30              1257       
 NEXT SEEDS:24D9136A       5       0       0       0       0      3B    3039       0       0
       1520                   633                   633             4.1108428E-02         1.0000000E+30              1259       
 NEXT SEEDS:26D51986       5       0       0       0       0      3B    3039       0       0
  Comptn_2: TXYZ:   1.0000000000025715       U,V,W   8.2875859599475632E-002  0.41750392947166404       0.90488787193438469     
       1560                   593                   593             4.0914375E-02         1.0000000E+30              1259       
 NEXT SEEDS:27C8E447       5       0       0       0       0      3B    3039       0       0
  Comptn_2: TXYZ:   1.0000000000070337       U,V,W  0.95704827738440201       0.27993104858039430       -7.5479817191506982E-002
  Comptn_2: TXYZ:  0.99999999999764744       U,V,W -0.77362447867810857      -0.26002658563034942      -0.57783331571751262     
  Comptn_2: TXYZ:   1.0000000000015983       U,V,W -0.42419730961642088      -0.10497140529858484      -0.89946520031929467     
  Comptn_2: TXYZ:  0.99999999999851041       U,V,W  0.92750480834477322       0.21301071013324702      -0.30718279226604750     
       1600                   553                   553             4.4455920E-02         1.0000000E+30              1260       
 NEXT SEEDS:2D3CFA12       5       0       0       0       0      3B    3039       0       0
       1640                   513                   513             4.4309831E-02         1.0000000E+30              1273       
 NEXT SEEDS:2E5B9AE6       5       0       0       0       0      3B    3039       0       0
       1680                   473                   473             4.4549343E-02         1.0000000E+30              1478       
 NEXT SEEDS:2FECA127       5       0       0       0       0      3B    3039       0       0
       1720                   433                   433             4.4394578E-02         1.0000000E+30              1481       
 NEXT SEEDS:3108A932       5       0       0       0       0      3B    3039       0       0
  Comptn_2: TXYZ:   1.0000000000850284       U,V,W  0.86486246119790167      -0.29836899962856478       0.40371879242411524     
       1760                   393                   393             4.4422952E-02         1.0000000E+30              1485       
 NEXT SEEDS:3255C59B       5       0       0       0       0      3B    3039       0       0
       1800                   353                   353             4.4023620E-02         1.0000000E+30              1485       
 NEXT SEEDS:331C2D0F       5       0       0       0       0      3B    3039       0       0
       1840                   313                   313             4.4127560E-02         1.0000000E+30              1501       
 NEXT SEEDS:348EB727       5       0       0       0       0      3B    3039       0       0
       1880                   273                   273             4.3932582E-02         1.0000000E+30              1501       
 NEXT SEEDS:35965D46       5       0       0       0       0      3B    3039       0       0
       1920                   233                   233             4.3466453E-02         1.0000000E+30              1508       
 NEXT SEEDS:363977DE       5       0       0       0       0      3B    3039       0       0
       1960                   193                   193             4.3977975E-02         1.0000000E+30              1510       
 NEXT SEEDS:383ADB9D       5       0       0       0       0      3B    3039       0       0
       2000                   153                   153             4.4362881E-02         1.0000000E+30              1510       
 NEXT SEEDS:3A0441BF       5       0       0       0       0      3B    3039       0       0
       2040                   113                   113             4.4177669E-02         1.0000000E+30              1515       
 NEXT SEEDS:3B0125D7       5       0       0       0       0      3B    3039       0       0
       2080                    73                    73             4.4410974E-02         1.0000000E+30              1520       
 NEXT SEEDS: 1117873       6       0       0       0       0      3B    3039       0       0
       2103                    50                    50             4.4529918E-02         1.0000000E+30              1522       
 NEXT SEEDS: 2010F4B       6       0       0       0       0      3B    3039       0       0
       2104                    49                    49             4.4555748E-02         1.0000000E+30              1522       
 NEXT SEEDS: 21422C9       6       0       0       0       0      3B    3039       0       0
       2105                    48                    48             4.4534839E-02         1.0000000E+30              1522       
 NEXT SEEDS: 21432D8       6       0       0       0       0      3B    3039       0       0
       2106                    47                    47             4.4513746E-02         1.0000000E+30              1522       
 NEXT SEEDS: 21432DC       6       0       0       0       0      3B    3039       0       0
       2107                    46                    46             4.4492670E-02         1.0000000E+30              1522       
 NEXT SEEDS: 21432E0       6       0       0       0       0      3B    3039       0       0
       2108                    45                    45             4.4471618E-02         1.0000000E+30              1522       
 NEXT SEEDS: 21432E4       6       0       0       0       0      3B    3039       0       0
       2109                    44                    44             4.4450582E-02         1.0000000E+30              1522       
 NEXT SEEDS: 21432E8       6       0       0       0       0      3B    3039       0       0
       2110                    43                    43             4.4429588E-02         1.0000000E+30              1522       
 NEXT SEEDS: 21432EC       6       0       0       0       0      3B    3039       0       0
       2111                    42                    42             4.4417005E-02         1.0000000E+30              1522       
 NEXT SEEDS: 217A3A7       6       0       0       0       0      3B    3039       0       0
       2112                    41                    41             4.6261412E-02         1.0000000E+30              2133       
 NEXT SEEDS: 511877F       6       0       0       0       0      3B    3039       0       0
       2113                    40                    40             4.6252557E-02         1.0000000E+30              2133       
 NEXT SEEDS: 516876E       6       0       0       0       0      3B    3039       0       0
       2114                    39                    39             4.6266461E-02         1.0000000E+30              2133       
 NEXT SEEDS: 525514B       6       0       0       0       0      3B    3039       0       0
       2115                    38                    38             4.6244647E-02         1.0000000E+30              2133       
 NEXT SEEDS: 5255163       6       0       0       0       0      3B    3039       0       0
       2116                    37                    37             4.6222853E-02         1.0000000E+30              2133       
 NEXT SEEDS: 52551B0       6       0       0       0       0      3B    3039       0       0
       2117                    36                    36             4.6227197E-02         1.0000000E+30              2133       
 NEXT SEEDS: 5300168       6       0       0       0       0      3B    3039       0       0
       2118                    35                    35             4.6205433E-02         1.0000000E+30              2133       
 NEXT SEEDS: 530017E       6       0       0       0       0      3B    3039       0       0
       2119                    34                    34             4.6183714E-02         1.0000000E+30              2133       
 NEXT SEEDS: 5300364       6       0       0       0       0      3B    3039       0       0
       2120                    33                    33             4.6161983E-02         1.0000000E+30              2133       
 NEXT SEEDS: 5300368       6       0       0       0       0      3B    3039       0       0
       2121                    32                    32             4.6317925E-02         1.0000000E+30              2133       
 NEXT SEEDS: 579CAB3       6       0       0       0       0      3B    3039       0       0
       2122                    31                    31             4.6425319E-02         1.0000000E+30              2133       
 NEXT SEEDS: 5AC2673       6       0       0       0       0      3B    3039       0       0
       2123                    30                    30             4.6403516E-02         1.0000000E+30              2133       
 NEXT SEEDS: 5AC268A       6       0       0       0       0      3B    3039       0       0
       2124                    29                    29             4.6381719E-02         1.0000000E+30              2133       
 NEXT SEEDS: 5AC268E       6       0       0       0       0      3B    3039       0       0
       2125                    28                    28             4.6396869E-02         1.0000000E+30              2133       
 NEXT SEEDS: 5BA1997       6       0       0       0       0      3B    3039       0       0
       2126                    27                    27             4.6467452E-02         1.0000000E+30              2133       
 NEXT SEEDS: 5DEB885       6       0       0       0       0      3B    3039       0       0
       2127                    26                    26             4.6445681E-02         1.0000000E+30              2133       
 NEXT SEEDS: 5DEB89E       6       0       0       0       0      3B    3039       0       0
       2128                    25                    25             4.6424260E-02         1.0000000E+30              2133       
 NEXT SEEDS: 5DED932       6       0       0       0       0      3B    3039       0       0
       2129                    24                    24             4.6422365E-02         1.0000000E+30              2133       
 NEXT SEEDS: 5E6F2C9       6       0       0       0       0      3B    3039       0       0
       2130                    23                    23             4.6446898E-02         1.0000000E+30              2133       
 NEXT SEEDS: 5F9634E       6       0       0       0       0      3B    3039       0       0
       2131                    22                    22             4.6430924E-02         1.0000000E+30              2133       
 NEXT SEEDS: 5FBCBBA       6       0       0       0       0      3B    3039       0       0
       2132                    21                    21             4.6409207E-02         1.0000000E+30              2133       
 NEXT SEEDS: 5FBCBCF       6       0       0       0       0      3B    3039       0       0
       2133                    20                    20             4.6412623E-02         1.0000000E+30              2133       
 NEXT SEEDS: 6064B4E       6       0       0       0       0      3B    3039       0       0
       2134                    19                    19             4.6434440E-02         1.0000000E+30              2133       
 NEXT SEEDS: 617462B       6       0       0       0       0      3B    3039       0       0
       2135                    18                    18             4.6423987E-02         1.0000000E+30              2133       
 NEXT SEEDS: 61BCD36       6       0       0       0       0      3B    3039       0       0
       2136                    17                    17             4.6402314E-02         1.0000000E+30              2133       
 NEXT SEEDS: 61BCD3A       6       0       0       0       0      3B    3039       0       0
       2137                    16                    16             4.6380654E-02         1.0000000E+30              2133       
 NEXT SEEDS: 61BCD51       6       0       0       0       0      3B    3039       0       0
       2138                    15                    15             4.6386833E-02         1.0000000E+30              2135       
 NEXT SEEDS: 626E5D5       6       0       0       0       0      3B    3039       0       0
       2139                    14                    14             4.6389077E-02         1.0000000E+30              2147       
 NEXT SEEDS: 6305B96       6       0       0       0       0      3B    3039       0       0
       2140                    13                    13             4.6407433E-02         1.0000000E+30              2147       
 NEXT SEEDS: 640795C       6       0       0       0       0      3B    3039       0       0
       2141                    12                    12             4.6385814E-02         1.0000000E+30              2147       
 NEXT SEEDS: 6407960       6       0       0       0       0      3B    3039       0       0
       2142                    11                    11             4.6364209E-02         1.0000000E+30              2147       
 NEXT SEEDS: 6407964       6       0       0       0       0      3B    3039       0       0
       2143                    10                    10             4.6393241E-02         1.0000000E+30              2147       
 NEXT SEEDS: 654CB97       6       0       0       0       0      3B    3039       0       0
       2144                     9                     9             4.6371809E-02         1.0000000E+30              2147       
 NEXT SEEDS: 654D93B       6       0       0       0       0      3B    3039       0       0
       2145                     8                     8             4.6350859E-02         1.0000000E+30              2147       
 NEXT SEEDS: 6551151       6       0       0       0       0      3B    3039       0       0
       2146                     7                     7             4.6346325E-02         1.0000000E+30              2147       
 NEXT SEEDS: 65C243B       6       0       0       0       0      3B    3039       0       0
       2147                     6                     6             4.6324796E-02         1.0000000E+30              2147       
 NEXT SEEDS: 65C243F       6       0       0       0       0      3B    3039       0       0
       2148                     5                     5             4.6303282E-02         1.0000000E+30              2147       
 NEXT SEEDS: 65C2443       6       0       0       0       0      3B    3039       0       0
       2149                     4                     4             4.6321204E-02         1.0000000E+30              2147       
 NEXT SEEDS: 66C8F24       6       0       0       0       0      3B    3039       0       0
       2150                     3                     3             4.6299716E-02         1.0000000E+30              2147       
 NEXT SEEDS: 66C8F28       6       0       0       0       0      3B    3039       0       0
       2151                     2                     2             4.6282742E-02         1.0000000E+30              2147       
 NEXT SEEDS: 66E2769       6       0       0       0       0      3B    3039       0       0
       2152                     1                     1             4.6261292E-02         1.0000000E+30              2147       
 NEXT SEEDS: 66E276D       6       0       0       0       0      3B    3039       0       0
       2153                     0                     1             4.6240779E-02         1.0000000E+30              2147       
 NEXT SEEDS: 66E8186       6       0       0       0       0      3B    3039       0       0
