1NUMBER OF BEAM       NUMBER OF BEAM        APPROXIMATE NUMBER    AVERAGE TIME USED     TIME LEFT (RESERVED   NUMBER OF STARS
 PARTICLES HANDLED    PARTICLES LEFT        OF BEAM PARTICLES     BY A BEAM PARTICLE     10000.0 SECONDS      CREATED
                                            THAT CAN STILL BE                           FOR PRINTOUT)
                                            HANDLED

 NEXT SEEDS:1849E6CE       1       0       0       0       0       5    3039       0       0
          1                  2152                  2152             2.7852297E-01         1.0000000E+30                 0       
 NEXT SEEDS:187FBA0B       1       0       0       0       0       5    3039       0       0
         40                  2113                  2113             3.5595846E-02         1.0000000E+30                 2       
 NEXT SEEDS:1959088D       1       0       0       0       0       5    3039       0       0
         80                  2073                  2073             5.8174586E-02         1.0000000E+30                 4       
 NEXT SEEDS:1BB96BD8       1       0       0       0       0       5    3039       0       0
        120                  2033                  2033             4.6394543E-02         1.0000000E+30                 4       
 NEXT SEEDS:1C646517       1       0       0       0       0       5    3039       0       0
        160                  1993                  1993             4.9352041E-02         1.0000000E+30                11       
 NEXT SEEDS:1E221372       1       0       0       0       0       5    3039       0       0
        200                  1953                  1953             4.4858143E-02         1.0000000E+30                13       
 NEXT SEEDS:1EE6CDDD       1       0       0       0       0       5    3039       0       0
  Comptn_2: TXYZ:  0.99999999999861511       U,V,W  0.74558421082994641      -0.50491730458221973      -0.43492838501657616     
        240                  1913                  1913             4.3090588E-02         1.0000000E+30                15       
 NEXT SEEDS:1FE4CC45       1       0       0       0       0       5    3039       0       0
  Comptn_2: TXYZ:   1.0000000000016642       U,V,W -0.20720711328796426       0.95221957727008677      -0.22437265623981517     
  Comptn_2: TXYZ:  0.99999999999867195       U,V,W  0.44997950758506278      -0.64230699940459601       0.62045157850394794     
        280                  1873                  1873             4.5147329E-02         1.0000000E+30                19       
 NEXT SEEDS:21954367       1       0       0       0       0       5    3039       0       0
        320                  1833                  1833             4.3479232E-02         1.0000000E+30                42       
 NEXT SEEDS:22827C57       1       0       0       0       0       5    3039       0       0
  Comptn_2: TXYZ:   1.0000000000034897       U,V,W  0.24262910842739416      -0.53360251539208536       0.81018483774658279     
  *** Kaon: P_min > 1.5 GeV/c:           24   2.1212643356229486     
  *** Kbar: P_min > 1.8 GeV/c:           25   2.0846514271501575     
  *** Kbar: P_min > 1.8 GeV/c:           25   2.0845129709570269     
  *** Kbar: P_min > 1.8 GeV/c:           25   2.0513446536482847     
  *** Kbar: P_min > 1.8 GeV/c:           25   2.7403744863207877     
  *** Kbar: P_min > 1.8 GeV/c:           25   2.3691645435040884     
  *** Kbar: P_min > 1.8 GeV/c:           25   2.1211233775985425     
  *** Kbar: P_min > 1.8 GeV/c:           25   2.2486046139262319     
  *** Kaon: P_min > 1.5 GeV/c:           15   1.8505032502772754     
        360                  1793                  1793             4.3804162E-02         1.0000000E+30               201       
 NEXT SEEDS:23E08A1E       1       0       0       0       0       5    3039       0       0
        400                  1753                  1753             4.2721242E-02         1.0000000E+30               214       
 NEXT SEEDS:24D94E3E       1       0       0       0       0       5    3039       0       0
  Comptn_2: TXYZ:   1.0000000000014304       U,V,W -0.51688346779952354       0.31353337025259265       0.79657285068913808     
  Comptn_2: TXYZ:   1.0000000000011131       U,V,W  0.36502908636138187       0.92816461226717628       -7.2554935367694640E-002
        440                  1713                  1713             4.9580217E-02         1.0000000E+30               216       
 NEXT SEEDS:28365F26       1       0       0       0       0       5    3039       0       0
        480                  1673                  1673             4.8297388E-02         1.0000000E+30               255       
 NEXT SEEDS:29333BC3       1       0       0       0       0       5    3039       0       0
        520                  1633                  1633             4.8524192E-02         1.0000000E+30               257       
 NEXT SEEDS:2AAD0C92       1       0       0       0       0       5    3039       0       0
        560                  1593                  1593             4.7305665E-02         1.0000000E+30               262       
 NEXT SEEDS:2B9677E2       1       0       0       0       0       5    3039       0       0
        600                  1553                  1553             4.6457668E-02         1.0000000E+30               282       
 NEXT SEEDS:2C9B8D9E       1       0       0       0       0       5    3039       0       0
        640                  1513                  1513             4.5490103E-02         1.0000000E+30               282       
 NEXT SEEDS:2D828469       1       0       0       0       0       5    3039       0       0
        680                  1473                  1473             4.4255651E-02         1.0000000E+30               282       
 NEXT SEEDS:2E3625B5       1       0       0       0       0       5    3039       0       0
        720                  1433                  1433             4.4631637E-02         1.0000000E+30               302       
 NEXT SEEDS:2FB03AEB       1       0       0       0       0       5    3039       0       0
        760                  1393                  1393             4.4308775E-02         1.0000000E+30               303       
 NEXT SEEDS:30D03271       1       0       0       0       0       5    3039       0       0
        800                  1353                  1353             4.3600251E-02         1.0000000E+30               304       
 NEXT SEEDS:31B1B84F       1       0       0       0       0       5    3039       0       0
  Comptn_2: TXYZ:   1.0000000000011762       U,V,W  0.49637960457588193       0.86005889320612106       0.11792365487606560     
  *** Kaon: P_min > 1.5 GeV/c:           24   5.5849173848664364     
  *** Kaon: P_min > 1.5 GeV/c:           24   4.8836461276022831     
  *** Kaon: P_min > 1.5 GeV/c:           15   3.5842509810063596     
  *** Kaon: P_min > 1.5 GeV/c:           15   1.6257224963646784     
        840                  1313                  1313             4.3385834E-02         1.0000000E+30               428       
 NEXT SEEDS:32CDBB26       1       0       0       0       0       5    3039       0       0
        880                  1273                  1273             4.2764167E-02         1.0000000E+30               430       
 NEXT SEEDS:33A8B21D       1       0       0       0       0       5    3039       0       0
        920                  1233                  1233             4.2235840E-02         1.0000000E+30               431       
 NEXT SEEDS:348B7B3E       1       0       0       0       0       5    3039       0       0
  *** Kaon: P_min > 1.5 GeV/c:           15   27.204755505718285     
  *** Kaon: P_min > 1.5 GeV/c:           15   25.592934164194361     
  *** Kaon: P_min > 1.5 GeV/c:           15   3.8556134455662230     
  *** Kaon: P_min > 1.5 GeV/c:           15   4.3113949319473202     
  *** Kbar: P_min > 1.8 GeV/c:           16   4.8439164681519404     
  *** Kbar: P_min > 1.8 GeV/c:           16   4.1736554561972108     
        960                  1193                  1193             4.2139301E-02         1.0000000E+30               482       
 NEXT SEEDS:35B65F9B       1       0       0       0       0       5    3039       0       0
  Comptn_2: TXYZ:   1.0000000000020748       U,V,W   5.4254692885649547E-002  0.54845331510985318       0.83441919288027577     
       1000                  1153                  1153             4.2180456E-02         1.0000000E+30               486       
 NEXT SEEDS:36F4FE76       1       0       0       0       0       5    3039       0       0
       1040                  1113                  1113             4.1896719E-02         1.0000000E+30               488       
 NEXT SEEDS:37F9CE45       1       0       0       0       0       5    3039       0       0
       1080                  1073                  1073             4.1974440E-02         1.0000000E+30               511       
 NEXT SEEDS:394667AE       1       0       0       0       0       5    3039       0       0
       1120                  1033                  1033             4.1429385E-02         1.0000000E+30               515       
 NEXT SEEDS:3A0AD5C2       1       0       0       0       0       5    3039       0       0
       1160                   993                   993             4.1878215E-02         1.0000000E+30               519       
 NEXT SEEDS:   31D56       2       0       0       0       0       5    3039       0       0
       1200                   953                   953             4.1398209E-02         1.0000000E+30               522       
 NEXT SEEDS:  C9B6C1       2       0       0       0       0       5    3039       0       0
  Comptn_2: TXYZ:  0.99999999998476230       U,V,W -0.57177341156523198       0.74668973879005307       0.33989645452322748     
       1240                   913                   913             4.3420497E-02         1.0000000E+30               529       
 NEXT SEEDS: 3C4421F       2       0       0       0       0       5    3039       0       0
  *** Kaon: P_min > 1.5 GeV/c:           15   2.9606939327958615     
       1280                   873                   873             4.3414481E-02         1.0000000E+30               700       
 NEXT SEEDS: 50CA1E8       2       0       0       0       0       5    3039       0       0
       1320                   833                   833             4.2735081E-02         1.0000000E+30               701       
 NEXT SEEDS: 5A70C66       2       0       0       0       0       5    3039       0       0
       1360                   793                   793             4.4129945E-02         1.0000000E+30               714       
 NEXT SEEDS: 862A927       2       0       0       0       0       5    3039       0       0
       1400                   753                   753             4.3597822E-02         1.0000000E+30               740       
 NEXT SEEDS: 91AA7BA       2       0       0       0       0       5    3039       0       0
       1440                   713                   713             4.3493349E-02         1.0000000E+30              1083       
 NEXT SEEDS: A3EA41D       2       0       0       0       0       5    3039       0       0
       1480                   673                   673             4.3089917E-02         1.0000000E+30              1084       
 NEXT SEEDS: B10617E       2       0       0       0       0       5    3039       0       0
       1520                   633                   633             4.3294248E-02         1.0000000E+30              1087       
 NEXT SEEDS: C8C9D16       2       0       0       0       0       5    3039       0       0
  Comptn_2: TXYZ:   1.0000000000016982       U,V,W  -7.7934939445075457E-002  0.84043997261398218       0.53627119785421939     
       1560                   593                   593             4.3145912E-02         1.0000000E+30              1089       
 NEXT SEEDS: DA150E5       2       0       0       0       0       5    3039       0       0
  *** Hhflev: call to Hadriv !! ***  0.73403779286957727        3.5000000000000000        1.5186602803159188               13 T F T
       1600                   553                   553             4.2941574E-02         1.0000000E+30              1187       
 NEXT SEEDS: E9F0651       2       0       0       0       0       5    3039       0       0
  Comptn_2: TXYZ:  0.99999999999881595       U,V,W  0.25275058012120155      -0.96377786337384386       -8.5143257617737333E-002
       1640                   513                   513             4.3141466E-02         1.0000000E+30              1189       
 NEXT SEEDS:1025477D       2       0       0       0       0       5    3039       0       0
       1680                   473                   473             4.3529568E-02         1.0000000E+30              1191       
 NEXT SEEDS:11B94810       2       0       0       0       0       5    3039       0       0
       1720                   433                   433             4.3579189E-02         1.0000000E+30              1194       
 NEXT SEEDS:13115989       2       0       0       0       0       5    3039       0       0
       1760                   393                   393             4.3383437E-02         1.0000000E+30              1195       
 NEXT SEEDS:14112EF5       2       0       0       0       0       5    3039       0       0
  Comptn_2: TXYZ:  0.99999999999656908       U,V,W  0.14001908298000387       0.12115908129524655       0.98270806113397668     
       1800                   353                   353             4.3685602E-02         1.0000000E+30              1196       
 NEXT SEEDS:15BE417B       2       0       0       0       0       5    3039       0       0
       1840                   313                   313             4.5939933E-02         1.0000000E+30              1202       
 NEXT SEEDS:1A1A511B       2       0       0       0       0       5    3039       0       0
       1880                   273                   273             4.5938503E-02         1.0000000E+30              1222       
 NEXT SEEDS:1B71315C       2       0       0       0       0       5    3039       0       0
       1920                   233                   233             4.5851317E-02         1.0000000E+30              1228       
 NEXT SEEDS:1CA939CA       2       0       0       0       0       5    3039       0       0
       1960                   193                   193             4.5520976E-02         1.0000000E+30              1278       
 NEXT SEEDS:1D85BA95       2       0       0       0       0       5    3039       0       0
  Comptn_2: TXYZ:   1.0000000000012030       U,V,W  0.94530704269397248        9.5019899278533160E-002  0.31203495601531017     
       2000                   153                   153             4.6246688E-02         1.0000000E+30              1285       
 NEXT SEEDS:1FECB0CF       2       0       0       0       0       5    3039       0       0
  Comptn_2: TXYZ:   1.0000000000017122       U,V,W  0.77566817449204706       0.54531579670367591      -0.31775708481058729     
       2040                   113                   113             4.7047820E-02         1.0000000E+30              1293       
 NEXT SEEDS:22802314       2       0       0       0       0       5    3039       0       0
       2080                    73                    73             4.7204629E-02         1.0000000E+30              1293       
 NEXT SEEDS:2422D68D       2       0       0       0       0       5    3039       0       0
       2103                    50                    50             4.7204772E-02         1.0000000E+30              1293       
 NEXT SEEDS:24EDE5E6       2       0       0       0       0       5    3039       0       0
       2104                    49                    49             4.7182401E-02         1.0000000E+30              1293       
 NEXT SEEDS:24EDE5EA       2       0       0       0       0       5    3039       0       0
       2105                    48                    48             4.7172893E-02         1.0000000E+30              1293       
 NEXT SEEDS:24F2CA40       2       0       0       0       0       5    3039       0       0
       2106                    47                    47             4.7151023E-02         1.0000000E+30              1293       
 NEXT SEEDS:24F2EF68       2       0       0       0       0       5    3039       0       0
       2107                    46                    46             4.7128706E-02         1.0000000E+30              1293       
 NEXT SEEDS:24F2EF7C       2       0       0       0       0       5    3039       0       0
       2108                    45                    45             4.7134919E-02         1.0000000E+30              1293       
 NEXT SEEDS:24FE924D       2       0       0       0       0       5    3039       0       0
       2109                    44                    44             4.7112657E-02         1.0000000E+30              1293       
 NEXT SEEDS:24FE9433       2       0       0       0       0       5    3039       0       0
       2110                    43                    43             4.7090383E-02         1.0000000E+30              1293       
 NEXT SEEDS:24FE9437       2       0       0       0       0       5    3039       0       0
       2111                    42                    42             4.7068130E-02         1.0000000E+30              1293       
 NEXT SEEDS:24FE943B       2       0       0       0       0       5    3039       0       0
       2112                    41                    41             4.7061782E-02         1.0000000E+30              1293       
 NEXT SEEDS:250516B2       2       0       0       0       0       5    3039       0       0
       2113                    40                    40             4.7057859E-02         1.0000000E+30              1293       
 NEXT SEEDS:250CB5F9       2       0       0       0       0       5    3039       0       0
       2114                    39                    39             4.7036772E-02         1.0000000E+30              1293       
 NEXT SEEDS:250D1CE7       2       0       0       0       0       5    3039       0       0
       2115                    38                    38             4.7026523E-02         1.0000000E+30              1293       
 NEXT SEEDS:2511F8E6       2       0       0       0       0       5    3039       0       0
       2116                    37                    37             4.7057567E-02         1.0000000E+30              1293       
 NEXT SEEDS:2526BE4D       2       0       0       0       0       5    3039       0       0
       2117                    36                    36             4.7038474E-02         1.0000000E+30              1293       
 NEXT SEEDS:2527D5D7       2       0       0       0       0       5    3039       0       0
       2118                    35                    35             4.7041877E-02         1.0000000E+30              1293       
 NEXT SEEDS:25320A1F       2       0       0       0       0       5    3039       0       0
       2119                    34                    34             4.7086159E-02         1.0000000E+30              1293       
 NEXT SEEDS:254DB882       2       0       0       0       0       5    3039       0       0
       2120                    33                    33             4.7064010E-02         1.0000000E+30              1293       
 NEXT SEEDS:254DB886       2       0       0       0       0       5    3039       0       0
       2121                    32                    32             4.7043392E-02         1.0000000E+30              1293       
 NEXT SEEDS:254E37E7       2       0       0       0       0       5    3039       0       0
       2122                    31                    31             4.7021280E-02         1.0000000E+30              1293       
 NEXT SEEDS:254E37EB       2       0       0       0       0       5    3039       0       0
       2123                    30                    30             4.7001087E-02         1.0000000E+30              1293       
 NEXT SEEDS:254EEB44       2       0       0       0       0       5    3039       0       0
       2124                    29                    29             4.6983032E-02         1.0000000E+30              1293       
 NEXT SEEDS:25501957       2       0       0       0       0       5    3039       0       0
       2125                    28                    28             4.6960979E-02         1.0000000E+30              1293       
 NEXT SEEDS:2550195B       2       0       0       0       0       5    3039       0       0
  Comptn_2: TXYZ:  0.99999999999603251       U,V,W  0.19318599751959908        4.6126673819671282E-002  0.98007729303393398     
       2126                    27                    27             4.6959231E-02         1.0000000E+30              1293       
 NEXT SEEDS:25588ED7       2       0       0       0       0       5    3039       0       0
       2127                    26                    26             4.6945339E-02         1.0000000E+30              1293       
 NEXT SEEDS:255BE8BF       2       0       0       0       0       5    3039       0       0
       2128                    25                    25             4.6953706E-02         1.0000000E+30              1293       
 NEXT SEEDS:256892EF       2       0       0       0       0       5    3039       0       0
       2129                    24                    24             4.6931709E-02         1.0000000E+30              1293       
 NEXT SEEDS:256892F3       2       0       0       0       0       5    3039       0       0
       2130                    23                    23             4.6912154E-02         1.0000000E+30              1293       
 NEXT SEEDS:25696D55       2       0       0       0       0       5    3039       0       0
       2131                    22                    22             4.6890580E-02         1.0000000E+30              1293       
 NEXT SEEDS:25698A73       2       0       0       0       0       5    3039       0       0
       2132                    21                    21             4.6868643E-02         1.0000000E+30              1293       
 NEXT SEEDS:25698A77       2       0       0       0       0       5    3039       0       0
       2133                    20                    20             4.6846724E-02         1.0000000E+30              1293       
 NEXT SEEDS:25698A7B       2       0       0       0       0       5    3039       0       0
       2134                    19                    19             4.6824825E-02         1.0000000E+30              1293       
 NEXT SEEDS:25698A7F       2       0       0       0       0       5    3039       0       0
       2135                    18                    18             4.6817916E-02         1.0000000E+30              1293       
 NEXT SEEDS:256FCFF2       2       0       0       0       0       5    3039       0       0
       2136                    17                    17             4.6796455E-02         1.0000000E+30              1293       
 NEXT SEEDS:256FF305       2       0       0       0       0       5    3039       0       0
       2137                    16                    16             4.6779987E-02         1.0000000E+30              1293       
 NEXT SEEDS:2571A2BC       2       0       0       0       0       5    3039       0       0
       2138                    15                    15             4.6792796E-02         1.0000000E+30              1293       
 NEXT SEEDS:258011E3       2       0       0       0       0       5    3039       0       0
       2139                    14                    14             4.6771408E-02         1.0000000E+30              1293       
 NEXT SEEDS:258031EC       2       0       0       0       0       5    3039       0       0
       2140                    13                    13             4.6750219E-02         1.0000000E+30              1293       
 NEXT SEEDS:2580656D       2       0       0       0       0       5    3039       0       0
       2141                    12                    12             4.6741087E-02         1.0000000E+30              1293       
 NEXT SEEDS:2585430E       2       0       0       0       0       5    3039       0       0
       2142                    11                    11             4.6757199E-02         1.0000000E+30              1294       
 NEXT SEEDS:25946843       2       0       0       0       0       5    3039       0       0
       2143                    10                    10             4.6753413E-02         1.0000000E+30              1294       
 NEXT SEEDS:259BE471       2       0       0       0       0       5    3039       0       0
       2144                     9                     9             4.6731955E-02         1.0000000E+30              1294       
 NEXT SEEDS:259BFBDC       2       0       0       0       0       5    3039       0       0
       2145                     8                     8             4.6725232E-02         1.0000000E+30              1295       
 NEXT SEEDS:25A24C94       2       0       0       0       0       5    3039       0       0
       2146                     7                     7             4.6734939E-02         1.0000000E+30              1295       
 NEXT SEEDS:25AF948D       2       0       0       0       0       5    3039       0       0
       2147                     6                     6             4.6713229E-02         1.0000000E+30              1295       
 NEXT SEEDS:25AF9491       2       0       0       0       0       5    3039       0       0
       2148                     5                     5             4.6691535E-02         1.0000000E+30              1295       
 NEXT SEEDS:25AF9495       2       0       0       0       0       5    3039       0       0
       2149                     4                     4             4.6692941E-02         1.0000000E+30              1295       
 NEXT SEEDS:25B94093       2       0       0       0       0       5    3039       0       0
       2150                     3                     3             4.6848853E-02         1.0000000E+30              1295       
 NEXT SEEDS:25FFC894       2       0       0       0       0       5    3039       0       0
       2151                     2                     2             4.6827634E-02         1.0000000E+30              1295       
 NEXT SEEDS:25FFF18E       2       0       0       0       0       5    3039       0       0
       2152                     1                     1             4.6831527E-02         1.0000000E+30              1296       
 NEXT SEEDS:260A796E       2       0       0       0       0       5    3039       0       0
       2153                     0                     1             4.6810282E-02         1.0000000E+30              1296       
 NEXT SEEDS:260AA036       2       0       0       0       0       5    3039       0       0
