1NUMBER OF BEAM       NUMBER OF BEAM        APPROXIMATE NUMBER    AVERAGE TIME USED     TIME LEFT (RESERVED   NUMBER OF STARS
 PARTICLES HANDLED    PARTICLES LEFT        OF BEAM PARTICLES     BY A BEAM PARTICLE     10000.0 SECONDS      CREATED
                                            THAT CAN STILL BE                           FOR PRINTOUT)
                                            HANDLED

 NEXT SEEDS:372DA10E       0       0       0       0       0      36    3039       0       0
          1                  2152                  2152             8.5830688E-05         1.0000000E+30                 0       
 NEXT SEEDS:372DA112       0       0       0       0       0      36    3039       0       0
         40                  2113                  2113             6.5663695E-03         1.0000000E+30                 0       
 NEXT SEEDS:375D4C69       0       0       0       0       0      36    3039       0       0
         80                  2073                  2073             6.5681487E-03         1.0000000E+30                 4       
 NEXT SEEDS:378C8291       0       0       0       0       0      36    3039       0       0
        120                  2033                  2033             1.0400065E-02         1.0000000E+30                16       
 NEXT SEEDS:380CF63B       0       0       0       0       0      36    3039       0       0
        160                  1993                  1993             1.0011068E-02         1.0000000E+30                17       
 NEXT SEEDS:384DFD03       0       0       0       0       0      36    3039       0       0
        200                  1953                  1953             1.0305189E-02         1.0000000E+30                18       
 NEXT SEEDS:389FF9BA       0       0       0       0       0      36    3039       0       0
        240                  1913                  1913             1.0190712E-02         1.0000000E+30                21       
 NEXT SEEDS:38E6417B       0       0       0       0       0      36    3039       0       0
        280                  1873                  1873             9.8241355E-03         1.0000000E+30                23       
 NEXT SEEDS:391E9E81       0       0       0       0       0      36    3039       0       0
        320                  1833                  1833             9.4226085E-03         1.0000000E+30                41       
 NEXT SEEDS:394F8174       0       0       0       0       0      36    3039       0       0
  *** Hhflev: call to Hadriv !! ***  0.59740738654496262        3.5000000000000000        1.4321606182099276               13 T F T
  *** Kbar: P_min > 1.8 GeV/c:           25   2.9574144823185708     
  *** Kaon: P_min > 1.5 GeV/c:           24   2.1300543548133044     
  *** Kbar: P_min > 1.8 GeV/c:           16   2.7388422896282867     
  *** Kbar: P_min > 1.8 GeV/c:           16   2.7178046230440978     
  *** Kbar: P_min > 1.8 GeV/c:           16   3.0749403628288472     
  *** Kbar: P_min > 1.8 GeV/c:           16   2.8383485828614021     
  *** Kbar: P_min > 1.8 GeV/c:           16   1.9769473355441793     
  *** Kbar: P_min > 1.8 GeV/c:           25   2.9568936085254771     
  *** Kbar: P_min > 1.8 GeV/c:           25   3.0145412259490509     
  *** Kbar: P_min > 1.8 GeV/c:           25   3.4916433052798768     
  *** Kaon: P_min > 1.5 GeV/c:           15   6.8944103849782428     
  *** Kbar: P_min > 1.8 GeV/c:           16   2.2325383818346562     
  *** Kbar: P_min > 1.8 GeV/c:           16   1.8699787853884842     
  *** Kaon: P_min > 1.5 GeV/c:           15   6.6397813653157591     
  *** Kaon: P_min > 1.5 GeV/c:           15   8.4784574891873525     
  *** Kaon: P_min > 1.5 GeV/c:           15   2.7860478934312987     
  *** Kaon: P_min > 1.5 GeV/c:           15   2.4395782847212106     
  *** Kaon: P_min > 1.5 GeV/c:           15   2.2239506748990818     
  *** Kaon: P_min > 1.5 GeV/c:           15   2.3391348153258198     
  *** Kaon: P_min > 1.5 GeV/c:           15   2.4140902721353412     
        360                  1793                  1793             9.8569771E-03         1.0000000E+30               270       
 NEXT SEEDS:39B2F234       0       0       0       0       0      36    3039       0       0
        400                  1753                  1753             9.9553400E-03         1.0000000E+30               271       
 NEXT SEEDS:3A031DA6       0       0       0       0       0      36    3039       0       0
        440                  1713                  1713             9.5892792E-03         1.0000000E+30               276       
 NEXT SEEDS:3A2E120F       0       0       0       0       0      36    3039       0       0
        480                  1673                  1673             9.3605146E-03         1.0000000E+30               276       
 NEXT SEEDS:3A61019E       0       0       0       0       0      36    3039       0       0
        520                  1633                  1633             9.1582633E-03         1.0000000E+30               278       
 NEXT SEEDS:3A92FFDD       0       0       0       0       0      36    3039       0       0
        560                  1593                  1593             9.0537050E-03         1.0000000E+30               278       
 NEXT SEEDS:3ACACB60       0       0       0       0       0      36    3039       0       0
        600                  1553                  1553             9.0476183E-03         1.0000000E+30               278       
 NEXT SEEDS:3B0A621A       0       0       0       0       0      36    3039       0       0
        640                  1513                  1513             8.8119451E-03         1.0000000E+30               280       
 NEXT SEEDS:3B308477       0       0       0       0       0      36    3039       0       0
        680                  1473                  1473             8.7244977E-03         1.0000000E+30               280       
 NEXT SEEDS:3B662F05       0       0       0       0       0      36    3039       0       0
        720                  1433                  1433             8.6083892E-03         1.0000000E+30               280       
 NEXT SEEDS:3B9683BE       0       0       0       0       0      36    3039       0       0
        760                  1393                  1393             8.5384033E-03         1.0000000E+30               281       
 NEXT SEEDS:  318367       1       0       0       0       0      36    3039       0       0
        800                  1353                  1353             8.4399644E-03         1.0000000E+30               282       
 NEXT SEEDS:  61A795       1       0       0       0       0      36    3039       0       0
        840                  1313                  1313             8.3935775E-03         1.0000000E+30               283       
 NEXT SEEDS:  985BB5       1       0       0       0       0      36    3039       0       0
        880                  1273                  1273             8.4356191E-03         1.0000000E+30               349       
 NEXT SEEDS:  DDA5E3       1       0       0       0       0      36    3039       0       0
        920                  1233                  1233             8.3494376E-03         1.0000000E+30               350       
 NEXT SEEDS: 10C2C70       1       0       0       0       0      36    3039       0       0
        960                  1193                  1193             8.6326055E-03         1.0000000E+30               351       
 NEXT SEEDS: 1790930       1       0       0       0       0      36    3039       0       0
       1000                  1153                  1153             8.4852087E-03         1.0000000E+30               351       
 NEXT SEEDS: 19C30A8       1       0       0       0       0      36    3039       0       0
       1040                  1113                  1113             8.6252563E-03         1.0000000E+30               353       
 NEXT SEEDS: 1F51636       1       0       0       0       0      36    3039       0       0
       1080                  1073                  1073             8.5575044E-03         1.0000000E+30               354       
 NEXT SEEDS: 2275739       1       0       0       0       0      36    3039       0       0
  Comptn_2: TXYZ:  0.99999999999829670       U,V,W -0.45312522018991785       0.38251510868911820       0.80520787778727509     
       1120                  1033                  1033             8.7786421E-03         1.0000000E+30               357       
 NEXT SEEDS: 29439F0       1       0       0       0       0      36    3039       0       0
       1160                   993                   993             8.8612460E-03         1.0000000E+30               358       
 NEXT SEEDS: 2E517C8       1       0       0       0       0      36    3039       0       0
       1200                   953                   953             8.7911830E-03         1.0000000E+30               363       
 NEXT SEEDS: 3171976       1       0       0       0       0      36    3039       0       0
       1240                   913                   913             8.6699911E-03         1.0000000E+30               363       
 NEXT SEEDS: 33B6449       1       0       0       0       0      36    3039       0       0
       1280                   873                   873             8.5354539E-03         1.0000000E+30               366       
 NEXT SEEDS: 35A4D6B       1       0       0       0       0      36    3039       0       0
       1320                   833                   833             8.4575330E-03         1.0000000E+30               367       
 NEXT SEEDS: 385529D       1       0       0       0       0      36    3039       0       0
       1360                   793                   793             8.4821689E-03         1.0000000E+30               368       
 NEXT SEEDS: 3CA9268       1       0       0       0       0      36    3039       0       0
       1400                   753                   753             8.4148940E-03         1.0000000E+30               369       
 NEXT SEEDS: 3F749C1       1       0       0       0       0      36    3039       0       0
       1440                   713                   713             8.3233703E-03         1.0000000E+30               372       
 NEXT SEEDS: 41CF520       1       0       0       0       0      36    3039       0       0
       1480                   673                   673             8.3096119E-03         1.0000000E+30               372       
 NEXT SEEDS: 45639C3       1       0       0       0       0      36    3039       0       0
       1520                   633                   633             8.2695279E-03         1.0000000E+30               373       
 NEXT SEEDS: 4872DBF       1       0       0       0       0      36    3039       0       0
       1560                   593                   593             8.2555986E-03         1.0000000E+30               375       
 NEXT SEEDS: 4BFFA4B       1       0       0       0       0      36    3039       0       0
       1600                   553                   553             8.4266676E-03         1.0000000E+30               375       
 NEXT SEEDS: 5320E19       1       0       0       0       0      36    3039       0       0
       1640                   513                   513             8.4937673E-03         1.0000000E+30               394       
 NEXT SEEDS: 58474BC       1       0       0       0       0      36    3039       0       0
       1680                   473                   473             8.5425634E-03         1.0000000E+30               396       
 NEXT SEEDS: 5D1DEEE       1       0       0       0       0      36    3039       0       0
  Comptn_2: TXYZ:   1.0000000000055753       U,V,W -0.12744303204365792      -0.96456794709168037       0.23101287633470946     
       1720                   433                   433             8.6664894E-03         1.0000000E+30               397       
 NEXT SEEDS: 639C0F8       1       0       0       0       0      36    3039       0       0
  *** Hhflev: call to Hadriv !! ***  0.76742926447444304        3.5000000000000000        1.5373913418638576               14 T F T
       1760                   393                   393             8.6122129E-03         1.0000000E+30               448       
 NEXT SEEDS: 667871B       1       0       0       0       0      36    3039       0       0
       1800                   353                   353             8.6264892E-03         1.0000000E+30               450       
 NEXT SEEDS: 6AB289A       1       0       0       0       0      36    3039       0       0
       1840                   313                   313             8.5809859E-03         1.0000000E+30               452       
 NEXT SEEDS: 6DA26C8       1       0       0       0       0      36    3039       0       0
       1880                   273                   273             8.6000936E-03         1.0000000E+30               457       
 NEXT SEEDS: 72044A0       1       0       0       0       0      36    3039       0       0
       1920                   233                   233             8.5613684E-03         1.0000000E+30               459       
 NEXT SEEDS: 7517692       1       0       0       0       0      36    3039       0       0
       1960                   193                   193             8.5382672E-03         1.0000000E+30               462       
 NEXT SEEDS: 788BC9A       1       0       0       0       0      36    3039       0       0
       2000                   153                   153             8.4993664E-03         1.0000000E+30               465       
 NEXT SEEDS: 7B852E5       1       0       0       0       0      36    3039       0       0
       2040                   113                   113             8.5203466E-03         1.0000000E+30               467       
 NEXT SEEDS: 7FD7AF1       1       0       0       0       0      36    3039       0       0
       2080                    73                    73             8.5061886E-03         1.0000000E+30               467       
 NEXT SEEDS: 8365437       1       0       0       0       0      36    3039       0       0
       2103                    50                    50             8.5025454E-03         1.0000000E+30               473       
 NEXT SEEDS: 85914CA       1       0       0       0       0      36    3039       0       0
       2104                    49                    49             8.5069504E-03         1.0000000E+30               473       
 NEXT SEEDS: 85C6D29       1       0       0       0       0      36    3039       0       0
       2105                    48                    48             8.5406547E-03         1.0000000E+30               473       
 NEXT SEEDS: 869F5CE       1       0       0       0       0      36    3039       0       0
       2106                    47                    47             8.5366591E-03         1.0000000E+30               473       
 NEXT SEEDS: 869F5D2       1       0       0       0       0      36    3039       0       0
       2107                    46                    46             8.5326609E-03         1.0000000E+30               473       
 NEXT SEEDS: 869F5D6       1       0       0       0       0      36    3039       0       0
       2108                    45                    45             8.5332042E-03         1.0000000E+30               473       
 NEXT SEEDS: 86BC777       1       0       0       0       0      36    3039       0       0
       2109                    44                    44             8.5292214E-03         1.0000000E+30               473       
 NEXT SEEDS: 86BC78F       1       0       0       0       0      36    3039       0       0
       2110                    43                    43             8.5252297E-03         1.0000000E+30               473       
 NEXT SEEDS: 86BC793       1       0       0       0       0      36    3039       0       0
       2111                    42                    42             8.5212419E-03         1.0000000E+30               473       
 NEXT SEEDS: 86BC797       1       0       0       0       0      36    3039       0       0
       2112                    41                    41             8.5172587E-03         1.0000000E+30               473       
 NEXT SEEDS: 86BC79B       1       0       0       0       0      36    3039       0       0
       2113                    40                    40             8.5196575E-03         1.0000000E+30               473       
 NEXT SEEDS: 86E52E6       1       0       0       0       0      36    3039       0       0
       2114                    39                    39             8.5158566E-03         1.0000000E+30               473       
 NEXT SEEDS: 86E618F       1       0       0       0       0      36    3039       0       0
       2115                    38                    38             8.5121359E-03         1.0000000E+30               473       
 NEXT SEEDS: 86E7832       1       0       0       0       0      36    3039       0       0
       2116                    37                    37             8.5170441E-03         1.0000000E+30               473       
 NEXT SEEDS: 871F9F8       1       0       0       0       0      36    3039       0       0
       2117                    36                    36             8.5130777E-03         1.0000000E+30               473       
 NEXT SEEDS: 871F9FC       1       0       0       0       0      36    3039       0       0
       2118                    35                    35             8.5097112E-03         1.0000000E+30               473       
 NEXT SEEDS: 8722DEA       1       0       0       0       0      36    3039       0       0
       2119                    34                    34             8.5102724E-03         1.0000000E+30               473       
 NEXT SEEDS: 873F590       1       0       0       0       0      36    3039       0       0
       2120                    33                    33             8.5063157E-03         1.0000000E+30               473       
 NEXT SEEDS: 873F594       1       0       0       0       0      36    3039       0       0
       2121                    32                    32             8.5023538E-03         1.0000000E+30               473       
 NEXT SEEDS: 873F598       1       0       0       0       0      36    3039       0       0
       2122                    31                    31             8.4983973E-03         1.0000000E+30               473       
 NEXT SEEDS: 873F59C       1       0       0       0       0      36    3039       0       0
       2123                    30                    30             8.4950052E-03         1.0000000E+30               473       
 NEXT SEEDS: 87427A4       1       0       0       0       0      36    3039       0       0
       2124                    29                    29             8.4915149E-03         1.0000000E+30               473       
 NEXT SEEDS: 8744BAA       1       0       0       0       0      36    3039       0       0
       2125                    28                    28             8.4875925E-03         1.0000000E+30               473       
 NEXT SEEDS: 8744CDE       1       0       0       0       0      36    3039       0       0
       2126                    27                    27             8.4836495E-03         1.0000000E+30               473       
 NEXT SEEDS: 8744CE2       1       0       0       0       0      36    3039       0       0
       2127                    26                    26             8.4797121E-03         1.0000000E+30               473       
 NEXT SEEDS: 8744CE6       1       0       0       0       0      36    3039       0       0
       2128                    25                    25             8.4757766E-03         1.0000000E+30               473       
 NEXT SEEDS: 8744CEA       1       0       0       0       0      36    3039       0       0
       2129                    24                    24             8.4786230E-03         1.0000000E+30               473       
 NEXT SEEDS: 87708D3       1       0       0       0       0      36    3039       0       0
       2130                    23                    23             8.4862889E-03         1.0000000E+30               474       
 NEXT SEEDS: 87B7841       1       0       0       0       0      36    3039       0       0
       2131                    22                    22             8.4922542E-03         1.0000000E+30               474       
 NEXT SEEDS: 87F6D6E       1       0       0       0       0      36    3039       0       0
       2132                    21                    21             8.4938257E-03         1.0000000E+30               474       
 NEXT SEEDS: 881B2DE       1       0       0       0       0      36    3039       0       0
       2133                    20                    20             8.4898990E-03         1.0000000E+30               474       
 NEXT SEEDS: 881B2E2       1       0       0       0       0      36    3039       0       0
       2134                    19                    19             8.4859689E-03         1.0000000E+30               474       
 NEXT SEEDS: 881B2E6       1       0       0       0       0      36    3039       0       0
       2135                    18                    18             8.4820487E-03         1.0000000E+30               474       
 NEXT SEEDS: 881B2FB       1       0       0       0       0      36    3039       0       0
       2136                    17                    17             8.4931374E-03         1.0000000E+30               474       
 NEXT SEEDS: 8874219       1       0       0       0       0      36    3039       0       0
       2137                    16                    16             8.4892237E-03         1.0000000E+30               474       
 NEXT SEEDS: 887422C       1       0       0       0       0      36    3039       0       0
       2138                    15                    15             8.4853932E-03         1.0000000E+30               474       
 NEXT SEEDS: 8874922       1       0       0       0       0      36    3039       0       0
       2139                    14                    14             8.4814832E-03         1.0000000E+30               474       
 NEXT SEEDS: 8874939       1       0       0       0       0      36    3039       0       0
       2140                    13                    13             8.4778114E-03         1.0000000E+30               474       
 NEXT SEEDS: 8875C32       1       0       0       0       0      36    3039       0       0
       2141                    12                    12             8.4745260E-03         1.0000000E+30               474       
 NEXT SEEDS: 887898A       1       0       0       0       0      36    3039       0       0
       2142                    11                    11             8.4706213E-03         1.0000000E+30               474       
 NEXT SEEDS: 887898E       1       0       0       0       0      36    3039       0       0
       2143                    10                    10             8.4667220E-03         1.0000000E+30               474       
 NEXT SEEDS: 88789A6       1       0       0       0       0      36    3039       0       0
       2144                     9                     9             8.4692850E-03         1.0000000E+30               474       
 NEXT SEEDS: 88A2AB0       1       0       0       0       0      36    3039       0       0
       2145                     8                     8             8.4696920E-03         1.0000000E+30               474       
 NEXT SEEDS: 88BF7AD       1       0       0       0       0      36    3039       0       0
       2146                     7                     7             8.4658021E-03         1.0000000E+30               474       
 NEXT SEEDS: 88BF7B1       1       0       0       0       0      36    3039       0       0
       2147                     6                     6             8.4619123E-03         1.0000000E+30               474       
 NEXT SEEDS: 88BF7B5       1       0       0       0       0      36    3039       0       0
       2148                     5                     5             8.4580209E-03         1.0000000E+30               474       
 NEXT SEEDS: 88BF7B9       1       0       0       0       0      36    3039       0       0
       2149                     4                     4             8.4547995E-03         1.0000000E+30               474       
 NEXT SEEDS: 88C2E2E       1       0       0       0       0      36    3039       0       0
       2150                     3                     3             8.4509212E-03         1.0000000E+30               474       
 NEXT SEEDS: 88C2E32       1       0       0       0       0      36    3039       0       0
       2151                     2                     2             8.4470411E-03         1.0000000E+30               474       
 NEXT SEEDS: 88C2E36       1       0       0       0       0      36    3039       0       0
       2152                     1                     1             8.4440714E-03         1.0000000E+30               474       
 NEXT SEEDS: 88C7755       1       0       0       0       0      36    3039       0       0
       2153                     0                     1             8.4402034E-03         1.0000000E+30               474       
 NEXT SEEDS: 88C7759       1       0       0       0       0      36    3039       0       0
