1NUMBER OF BEAM       NUMBER OF BEAM        APPROXIMATE NUMBER    AVERAGE TIME USED     TIME LEFT (RESERVED   NUMBER OF STARS
 PARTICLES HANDLED    PARTICLES LEFT        OF BEAM PARTICLES     BY A BEAM PARTICLE     10000.0 SECONDS      CREATED
                                            THAT CAN STILL BE                           FOR PRINTOUT)
                                            HANDLED

 NEXT SEEDS:398A8A88       1       0       0       0       0      24    3039       0       0
          1                  2846                  2846             2.1243811E-02         1.0000000E+30                 0       
 NEXT SEEDS:398DCCB4       1       0       0       0       0      24    3039       0       0
         50                  2797                  2797             1.0562420E-02         1.0000000E+30                 2       
 NEXT SEEDS:39E9670B       1       0       0       0       0      24    3039       0       0
        100                  2747                  2747             1.3323650E-02         1.0000000E+30                 5       
 NEXT SEEDS:3A7DB10A       1       0       0       0       0      24    3039       0       0
        150                  2697                  2697             1.6225832E-02         1.0000000E+30                 9       
 NEXT SEEDS:3B3E67AD       1       0       0       0       0      24    3039       0       0
        200                  2647                  2647             1.8547734E-02         1.0000000E+30                 9       
 NEXT SEEDS:  8F84DB       2       0       0       0       0      24    3039       0       0
        250                  2597                  2597             1.9129249E-02         1.0000000E+30                23       
 NEXT SEEDS: 14F427F       2       0       0       0       0      24    3039       0       0
        300                  2547                  2547             2.0866811E-02         1.0000000E+30                30       
 NEXT SEEDS: 25365C3       2       0       0       0       0      24    3039       0       0
        350                  2497                  2497             2.1634634E-02         1.0000000E+30                33       
 NEXT SEEDS: 33E0D41       2       0       0       0       0      24    3039       0       0
        400                  2447                  2447             2.1072569E-02         1.0000000E+30                40       
 NEXT SEEDS: 3D92DCD       2       0       0       0       0      24    3039       0       0
        450                  2397                  2397             2.0465442E-02         1.0000000E+30                48       
 NEXT SEEDS: 465C148       2       0       0       0       0      24    3039       0       0
        500                  2347                  2347             2.0034102E-02         1.0000000E+30                56       
 NEXT SEEDS: 4F1FC47       2       0       0       0       0      24    3039       0       0
        550                  2297                  2297             1.9378030E-02         1.0000000E+30                68       
 NEXT SEEDS: 5636795       2       0       0       0       0      24    3039       0       0
        600                  2247                  2247             1.9134086E-02         1.0000000E+30               117       
 NEXT SEEDS: 5F7733E       2       0       0       0       0      24    3039       0       0
        650                  2197                  2197             1.8564473E-02         1.0000000E+30               118       
 NEXT SEEDS: 660780F       2       0       0       0       0      24    3039       0       0
        700                  2147                  2147             1.8801383E-02         1.0000000E+30               123       
 NEXT SEEDS: 725001C       2       0       0       0       0      24    3039       0       0
        750                  2097                  2097             1.8478530E-02         1.0000000E+30               136       
 NEXT SEEDS: 7A18F0D       2       0       0       0       0      24    3039       0       0
        800                  2047                  2047             1.8446235E-02         1.0000000E+30               145       
 NEXT SEEDS: 83F5A9F       2       0       0       0       0      24    3039       0       0
        850                  1997                  1997             1.8644464E-02         1.0000000E+30               146       
 NEXT SEEDS: 9018D8B       2       0       0       0       0      24    3039       0       0
        900                  1947                  1947             1.8402906E-02         1.0000000E+30               147       
 NEXT SEEDS: 9825C13       2       0       0       0       0      24    3039       0       0
        950                  1897                  1897             1.8271825E-02         1.0000000E+30               147       
 NEXT SEEDS: A10EADD       2       0       0       0       0      24    3039       0       0
       1000                  1847                  1847             1.7994266E-02         1.0000000E+30               148       
 NEXT SEEDS: A82F1B7       2       0       0       0       0      24    3039       0       0
       1050                  1797                  1797             1.7906395E-02         1.0000000E+30               151       
 NEXT SEEDS: B12C461       2       0       0       0       0      24    3039       0       0
       1100                  1747                  1747             1.7771523E-02         1.0000000E+30               153       
 NEXT SEEDS: B983C87       2       0       0       0       0      24    3039       0       0
       1150                  1697                  1697             1.7617925E-02         1.0000000E+30               156       
 NEXT SEEDS: C19F587       2       0       0       0       0      24    3039       0       0
       1200                  1647                  1647             1.7886942E-02         1.0000000E+30               159       
 NEXT SEEDS: CEF0B05       2       0       0       0       0      24    3039       0       0
       1250                  1597                  1597             1.8376869E-02         1.0000000E+30               160       
 NEXT SEEDS: DFF230E       2       0       0       0       0      24    3039       0       0
       1300                  1547                  1547             1.8150578E-02         1.0000000E+30               165       
 NEXT SEEDS: E704454       2       0       0       0       0      24    3039       0       0
       1350                  1497                  1497             1.8049860E-02         1.0000000E+30               166       
 NEXT SEEDS: EFBDD01       2       0       0       0       0      24    3039       0       0
       1400                  1447                  1447             1.8145700E-02         1.0000000E+30               169       
 NEXT SEEDS: FB5B857       2       0       0       0       0      24    3039       0       0
       1450                  1397                  1397             1.8497086E-02         1.0000000E+30               172       
 NEXT SEEDS:10BB372C       2       0       0       0       0      24    3039       0       0
       1500                  1347                  1347             1.8412735E-02         1.0000000E+30               176       
 NEXT SEEDS:114A7422       2       0       0       0       0      24    3039       0       0
  *** Kaon: P_min > 1.5 GeV/c:           24   1.8655458459419589     
  *** Kaon: P_min > 1.5 GeV/c:           24   1.8352005137875329     
       1550                  1297                  1297             1.8364158E-02         1.0000000E+30               236       
 NEXT SEEDS:11E03487       2       0       0       0       0      24    3039       0       0
       1600                  1247                  1247             1.8163604E-02         1.0000000E+30               238       
 NEXT SEEDS:124B606D       2       0       0       0       0      24    3039       0       0
       1650                  1197                  1197             1.8417025E-02         1.0000000E+30               248       
 NEXT SEEDS:1339C1A4       2       0       0       0       0      24    3039       0       0
       1700                  1147                  1147             1.8368909E-02         1.0000000E+30               327       
 NEXT SEEDS:13D02302       2       0       0       0       0      24    3039       0       0
       1750                  1097                  1097             1.8379898E-02         1.0000000E+30               328       
 NEXT SEEDS:14796C3F       2       0       0       0       0      24    3039       0       0
       1800                  1047                  1047             1.8352332E-02         1.0000000E+30               370       
 NEXT SEEDS:15156975       2       0       0       0       0      24    3039       0       0
       1850                   997                   997             1.8221870E-02         1.0000000E+30               370       
 NEXT SEEDS:158D582D       2       0       0       0       0      24    3039       0       0
       1900                   947                   947             1.8218436E-02         1.0000000E+30               375       
 NEXT SEEDS:162F83C1       2       0       0       0       0      24    3039       0       0
       1950                   897                   897             1.8147217E-02         1.0000000E+30               381       
 NEXT SEEDS:16BAD544       2       0       0       0       0      24    3039       0       0
       2000                   847                   847             1.8086197E-02         1.0000000E+30               381       
 NEXT SEEDS:17475DC2       2       0       0       0       0      24    3039       0       0
       2050                   797                   797             1.7971241E-02         1.0000000E+30               383       
 NEXT SEEDS:17BDEFEE       2       0       0       0       0      24    3039       0       0
       2100                   747                   747             1.8080811E-02         1.0000000E+30               383       
 NEXT SEEDS:1886637E       2       0       0       0       0      24    3039       0       0
       2150                   697                   697             1.8094516E-02         1.0000000E+30               442       
 NEXT SEEDS:192D4195       2       0       0       0       0      24    3039       0       0
       2200                   647                   647             1.8077163E-02         1.0000000E+30               447       
 NEXT SEEDS:19C7D4A5       2       0       0       0       0      24    3039       0       0
       2250                   597                   597             1.8253387E-02         1.0000000E+30               462       
 NEXT SEEDS:1AB1322A       2       0       0       0       0      24    3039       0       0
       2300                   547                   547             1.8130634E-02         1.0000000E+30               463       
 NEXT SEEDS:1B21B9F4       2       0       0       0       0      24    3039       0       0
       2350                   497                   497             1.7992571E-02         1.0000000E+30               468       
 NEXT SEEDS:1B8A26D9       2       0       0       0       0      24    3039       0       0
       2400                   447                   447             1.8009863E-02         1.0000000E+30               469       
 NEXT SEEDS:1C349C99       2       0       0       0       0      24    3039       0       0
       2450                   397                   397             1.7997731E-02         1.0000000E+30               482       
 NEXT SEEDS:1CD1E115       2       0       0       0       0      24    3039       0       0
       2500                   347                   347             1.7975796E-02         1.0000000E+30               484       
 NEXT SEEDS:1D6C5056       2       0       0       0       0      24    3039       0       0
  Comptn_2: TXYZ:   1.0000000000017202       U,V,W -0.48203942060160188       0.35549529382981859       0.80078779526953525     
       2550                   297                   297             1.8294836E-02         1.0000000E+30               491       
 NEXT SEEDS:1E9EDE7C       2       0       0       0       0      24    3039       0       0
  *** Kaon: P_min > 1.5 GeV/c:           15   4.0193670833555801     
  *** Kaon: P_min > 1.5 GeV/c:           15   4.5990409360605069     
  *** Kaon: P_min > 1.5 GeV/c:           15   4.6125379031263876     
  *** Kaon: P_min > 1.5 GeV/c:           15   1.8673300842482936     
  *** Kaon: P_min > 1.5 GeV/c:           15   1.8016889351350465     
  *** Kaon: P_min > 1.5 GeV/c:           15   1.5704118853822591     
  *** Kaon: P_min > 1.5 GeV/c:           15   1.9203717596891599     
  *** Kaon: P_min > 1.5 GeV/c:           24   1.5424839527555354     
  *** Kbar: P_min > 1.8 GeV/c:           25   1.8159585880699469     
  *** Kbar: P_min > 1.8 GeV/c:           25   1.8202667490437776     
  *** Kbar: P_min > 1.8 GeV/c:           25   5.8870155831015758     
  *** Kbar: P_min > 1.8 GeV/c:           25   7.1254321520747537     
  *** Kbar: P_min > 1.8 GeV/c:           25   1.9491721239965385     
  *** Kbar: P_min > 1.8 GeV/c:           25   2.1661363998100280     
  *** Kbar: P_min > 1.8 GeV/c:           25   2.0596551593178791     
  *** Kaon: P_min > 1.5 GeV/c:           15   3.9087448647664416     
  *** Kaon: P_min > 1.5 GeV/c:           15   3.1538928703601310     
  *** Kaon: P_min > 1.5 GeV/c:           15   3.6821423691237083     
       2600                   247                   247             1.8202733E-02         1.0000000E+30               624       
 NEXT SEEDS:1F19DBBA       2       0       0       0       0      24    3039       0       0
       2650                   197                   197             1.8195788E-02         1.0000000E+30               636       
 NEXT SEEDS:1FBDA21E       2       0       0       0       0      24    3039       0       0
       2700                   147                   147             1.8192777E-02         1.0000000E+30               704       
 NEXT SEEDS:205FD25E       2       0       0       0       0      24    3039       0       0
       2750                    97                    97             1.8193476E-02         1.0000000E+30               704       
 NEXT SEEDS:21055FFA       2       0       0       0       0      24    3039       0       0
       2797                    50                    50             1.8064000E-02         1.0000000E+30               741       
 NEXT SEEDS:215F6B01       2       0       0       0       0      24    3039       0       0
       2798                    49                    49             1.8062248E-02         1.0000000E+30               741       
 NEXT SEEDS:2161F71D       2       0       0       0       0      24    3039       0       0
       2799                    48                    48             1.8060006E-02         1.0000000E+30               741       
 NEXT SEEDS:21643674       2       0       0       0       0      24    3039       0       0
       2800                    47                    47             1.8053601E-02         1.0000000E+30               741       
 NEXT SEEDS:21643678       2       0       0       0       0      24    3039       0       0
       2801                    46                    46             1.8055331E-02         1.0000000E+30               741       
 NEXT SEEDS:2168500A       2       0       0       0       0      24    3039       0       0
       2802                    45                    45             1.8048931E-02         1.0000000E+30               741       
 NEXT SEEDS:2168500E       2       0       0       0       0      24    3039       0       0
       2803                    44                    44             1.8042528E-02         1.0000000E+30               741       
 NEXT SEEDS:21685012       2       0       0       0       0      24    3039       0       0
       2804                    43                    43             1.8041688E-02         1.0000000E+30               743       
 NEXT SEEDS:216B4E0F       2       0       0       0       0      24    3039       0       0
       2805                    42                    42             1.8035297E-02         1.0000000E+30               743       
 NEXT SEEDS:216B4E13       2       0       0       0       0      24    3039       0       0
       2806                    41                    41             1.8028909E-02         1.0000000E+30               743       
 NEXT SEEDS:216B4E17       2       0       0       0       0      24    3039       0       0
       2807                    40                    40             1.8022523E-02         1.0000000E+30               743       
 NEXT SEEDS:216B4E1B       2       0       0       0       0      24    3039       0       0
       2808                    39                    39             1.8016140E-02         1.0000000E+30               743       
 NEXT SEEDS:216B4E1F       2       0       0       0       0      24    3039       0       0
       2809                    38                    38             1.8009763E-02         1.0000000E+30               743       
 NEXT SEEDS:216B4E23       2       0       0       0       0      24    3039       0       0
       2810                    37                    37             1.8003392E-02         1.0000000E+30               743       
 NEXT SEEDS:216B4E27       2       0       0       0       0      24    3039       0       0
       2811                    36                    36             1.8001940E-02         1.0000000E+30               743       
 NEXT SEEDS:216E05A3       2       0       0       0       0      24    3039       0       0
       2812                    35                    35             1.7995582E-02         1.0000000E+30               743       
 NEXT SEEDS:216E05A7       2       0       0       0       0      24    3039       0       0
       2813                    34                    34             1.8004217E-02         1.0000000E+30               743       
 NEXT SEEDS:2175BB95       2       0       0       0       0      24    3039       0       0
       2814                    33                    33             1.8004825E-02         1.0000000E+30               743       
 NEXT SEEDS:21794BCC       2       0       0       0       0      24    3039       0       0
       2815                    32                    32             1.8010785E-02         1.0000000E+30               743       
 NEXT SEEDS:217F9690       2       0       0       0       0      24    3039       0       0
       2816                    31                    31             1.8004433E-02         1.0000000E+30               743       
 NEXT SEEDS:217F9694       2       0       0       0       0      24    3039       0       0
       2817                    30                    30             1.8008091E-02         1.0000000E+30               743       
 NEXT SEEDS:2184A8E9       2       0       0       0       0      24    3039       0       0
       2818                    29                    29             1.8001744E-02         1.0000000E+30               743       
 NEXT SEEDS:2184A8ED       2       0       0       0       0      24    3039       0       0
       2819                    28                    28             1.7995395E-02         1.0000000E+30               743       
 NEXT SEEDS:2184A8F1       2       0       0       0       0      24    3039       0       0
       2820                    27                    27             1.7989050E-02         1.0000000E+30               743       
 NEXT SEEDS:2184A8F5       2       0       0       0       0      24    3039       0       0
       2821                    26                    26             1.7990215E-02         1.0000000E+30               743       
 NEXT SEEDS:21887611       2       0       0       0       0      24    3039       0       0
       2822                    25                    25             1.7992236E-02         1.0000000E+30               743       
 NEXT SEEDS:218CB7C0       2       0       0       0       0      24    3039       0       0
       2823                    24                    24             1.7985903E-02         1.0000000E+30               743       
 NEXT SEEDS:218CB7C4       2       0       0       0       0      24    3039       0       0
       2824                    23                    23             1.7983113E-02         1.0000000E+30               743       
 NEXT SEEDS:218E79B2       2       0       0       0       0      24    3039       0       0
       2825                    22                    22             1.7976791E-02         1.0000000E+30               743       
 NEXT SEEDS:218E79B6       2       0       0       0       0      24    3039       0       0
       2826                    21                    21             1.7970466E-02         1.0000000E+30               743       
 NEXT SEEDS:218E79BA       2       0       0       0       0      24    3039       0       0
       2827                    20                    20             1.7964149E-02         1.0000000E+30               743       
 NEXT SEEDS:218E79BE       2       0       0       0       0      24    3039       0       0
       2828                    19                    19             1.7962542E-02         1.0000000E+30               743       
 NEXT SEEDS:21910E73       2       0       0       0       0      24    3039       0       0
       2829                    18                    18             1.7963149E-02         1.0000000E+30               743       
 NEXT SEEDS:21948BB9       2       0       0       0       0      24    3039       0       0
       2830                    17                    17             1.7956846E-02         1.0000000E+30               743       
 NEXT SEEDS:21948BBD       2       0       0       0       0      24    3039       0       0
       2831                    16                    16             1.7959964E-02         1.0000000E+30               743       
 NEXT SEEDS:21994F63       2       0       0       0       0      24    3039       0       0
       2832                    15                    15             1.7957016E-02         1.0000000E+30               743       
 NEXT SEEDS:219B2271       2       0       0       0       0      24    3039       0       0
       2833                    14                    14             1.7954743E-02         1.0000000E+30               743       
 NEXT SEEDS:219D348F       2       0       0       0       0      24    3039       0       0
       2834                    13                    13             1.7948449E-02         1.0000000E+30               743       
 NEXT SEEDS:219D3493       2       0       0       0       0      24    3039       0       0
       2835                    12                    12             1.7945493E-02         1.0000000E+30               743       
 NEXT SEEDS:219F1AF1       2       0       0       0       0      24    3039       0       0
       2836                    11                    11             1.7942202E-02         1.0000000E+30               743       
 NEXT SEEDS:21A0B32D       2       0       0       0       0      24    3039       0       0
       2837                    10                    10             1.7940525E-02         1.0000000E+30               743       
 NEXT SEEDS:21A2EFCE       2       0       0       0       0      24    3039       0       0
       2838                     9                     9             1.7934246E-02         1.0000000E+30               743       
 NEXT SEEDS:21A2EFD2       2       0       0       0       0      24    3039       0       0
       2839                     8                     8             1.7927967E-02         1.0000000E+30               743       
 NEXT SEEDS:21A2EFD6       2       0       0       0       0      24    3039       0       0
       2840                     7                     7             1.7921691E-02         1.0000000E+30               743       
 NEXT SEEDS:21A2EFDA       2       0       0       0       0      24    3039       0       0
       2841                     6                     6             1.7919122E-02         1.0000000E+30               745       
 NEXT SEEDS:21A4F5AC       2       0       0       0       0      24    3039       0       0
       2842                     5                     5             1.7923580E-02         1.0000000E+30               745       
 NEXT SEEDS:21AA89F4       2       0       0       0       0      24    3039       0       0
       2843                     4                     4             1.7925113E-02         1.0000000E+30               745       
 NEXT SEEDS:21AE71E2       2       0       0       0       0      24    3039       0       0
       2844                     3                     3             1.7928268E-02         1.0000000E+30               745       
 NEXT SEEDS:21B33D7D       2       0       0       0       0      24    3039       0       0
       2845                     2                     2             1.7930699E-02         1.0000000E+30               745       
 NEXT SEEDS:21B7B0CA       2       0       0       0       0      24    3039       0       0
       2846                     1                     1             1.7931704E-02         1.0000000E+30               745       
 NEXT SEEDS:21BB9FEE       2       0       0       0       0      24    3039       0       0
       2847                     0                     1             1.7934459E-02         1.0000000E+30               745       
 NEXT SEEDS:21C03552       2       0       0       0       0      24    3039       0       0
