1NUMBER OF BEAM       NUMBER OF BEAM        APPROXIMATE NUMBER    AVERAGE TIME USED     TIME LEFT (RESERVED   NUMBER OF STARS
 PARTICLES HANDLED    PARTICLES LEFT        OF BEAM PARTICLES     BY A BEAM PARTICLE     10000.0 SECONDS      CREATED
                                            THAT CAN STILL BE                           FOR PRINTOUT)
                                            HANDLED

 NEXT SEEDS:       0       0       0       0       0       0      24    3039       0       0
          1                  2846                  2846             4.1944027E-02         1.0000000E+30                 0       
 NEXT SEEDS:   71386       0       0       0       0       0      24    3039       0       0
         50                  2797                  2797             1.6589599E-02         1.0000000E+30                 7       
 NEXT SEEDS:  930F08       0       0       0       0       0      24    3039       0       0
        100                  2747                  2747             1.5533330E-02         1.0000000E+30                10       
 NEXT SEEDS: 1134695       0       0       0       0       0      24    3039       0       0
        150                  2697                  2697             1.4527653E-02         1.0000000E+30                11       
 NEXT SEEDS: 182378B       0       0       0       0       0      24    3039       0       0
        200                  2647                  2647             1.9075779E-02         1.0000000E+30                14       
 NEXT SEEDS: 2A380B9       0       0       0       0       0      24    3039       0       0
        250                  2597                  2597             1.9114512E-02         1.0000000E+30                17       
 NEXT SEEDS: 34CCD97       0       0       0       0       0      24    3039       0       0
        300                  2547                  2547             1.9109337E-02         1.0000000E+30                19       
 NEXT SEEDS: 3F3E00A       0       0       0       0       0      24    3039       0       0
        350                  2497                  2497             2.0444875E-02         1.0000000E+30                20       
 NEXT SEEDS: 4E499D2       0       0       0       0       0      24    3039       0       0
  Comptn_2: TXYZ:  0.99999999999686218       U,V,W  0.67159609530963849      -0.73944980785717007        4.6611869965744290E-002
        400                  2447                  2447             2.1159257E-02         1.0000000E+30                40       
 NEXT SEEDS: 5C0DE97       0       0       0       0       0      24    3039       0       0
        450                  2397                  2397             2.0356953E-02         1.0000000E+30                46       
 NEXT SEEDS: 6393D36       0       0       0       0       0      24    3039       0       0
  *** Kaon: P_min > 1.5 GeV/c:           24   2.3314918635306037     
  *** Kaon: P_min > 1.5 GeV/c:           24   1.8779155478160237     
  *** Kbar: P_min > 1.8 GeV/c:           25   2.3437239826153222     
  *** Kbar: P_min > 1.8 GeV/c:           25   2.3916122785984926     
  *** Kbar: P_min > 1.8 GeV/c:           25   2.3105805746096775     
  *** Kbar: P_min > 1.8 GeV/c:           25   2.9186754563276720     
        500                  2347                  2347             2.2103261E-02         1.0000000E+30               114       
 NEXT SEEDS: 7848EFE       0       0       0       0       0      24    3039       0       0
        550                  2297                  2297             2.2143729E-02         1.0000000E+30               137       
 NEXT SEEDS: 8481B27       0       0       0       0       0      24    3039       0       0
        600                  2247                  2247             2.1861740E-02         1.0000000E+30               166       
 NEXT SEEDS: 8EBC859       0       0       0       0       0      24    3039       0       0
        650                  2197                  2197             2.2198796E-02         1.0000000E+30               169       
 NEXT SEEDS: 9D42D8D       0       0       0       0       0      24    3039       0       0
        700                  2147                  2147             2.1977995E-02         1.0000000E+30               169       
 NEXT SEEDS: A7B532A       0       0       0       0       0      24    3039       0       0
  Comptn_2: TXYZ:   1.0000000000064537       U,V,W -0.59041094788321402      -0.76112830071883764      -0.26851186653657066     
        750                  2097                  2097             2.2019870E-02         1.0000000E+30               170       
 NEXT SEEDS: B4398D9       0       0       0       0       0      24    3039       0       0
        800                  2047                  2047             2.2472537E-02         1.0000000E+30               173       
 NEXT SEEDS: C473830       0       0       0       0       0      24    3039       0       0
        850                  1997                  1997             2.2417123E-02         1.0000000E+30               225       
 NEXT SEEDS: D038D48       0       0       0       0       0      24    3039       0       0
  Comptn_2: TXYZ:   1.0000000000014442       U,V,W  0.76910844693707681      -0.63824574814168145       -3.3385053999467118E-002
        900                  1947                  1947             2.3010348E-02         1.0000000E+30               227       
 NEXT SEEDS: E24DFD1       0       0       0       0       0      24    3039       0       0
  Comptn_2: TXYZ:   1.0000000000107800       U,V,W -0.70490824772775795      -0.38937131678517289       0.59286958090387998     
        950                  1897                  1897             2.2548279E-02         1.0000000E+30               230       
 NEXT SEEDS: EA2BB8A       0       0       0       0       0      24    3039       0       0
       1000                  1847                  1847             2.2911212E-02         1.0000000E+30               235       
 NEXT SEEDS: FA907F3       0       0       0       0       0      24    3039       0       0
       1050                  1797                  1797             2.2723248E-02         1.0000000E+30               237       
 NEXT SEEDS:1051A767       0       0       0       0       0      24    3039       0       0
  Comptn_2: TXYZ:   1.0000000000015301       U,V,W -0.17463028723855700       0.65865380455631750      -0.73190124232986342     
       1100                  1747                  1747             2.2726614E-02         1.0000000E+30               238       
 NEXT SEEDS:111D14AD       0       0       0       0       0      24    3039       0       0
       1150                  1697                  1697             2.2755133E-02         1.0000000E+30               239       
 NEXT SEEDS:11E948EF       0       0       0       0       0      24    3039       0       0
       1200                  1647                  1647             2.2509235E-02         1.0000000E+30               239       
 NEXT SEEDS:127D1EBD       0       0       0       0       0      24    3039       0       0
       1250                  1597                  1597             2.2430129E-02         1.0000000E+30               248       
 NEXT SEEDS:1334EFFD       0       0       0       0       0      24    3039       0       0
       1300                  1547                  1547             2.2023295E-02         1.0000000E+30               257       
 NEXT SEEDS:139CE15A       0       0       0       0       0      24    3039       0       0
       1350                  1497                  1497             2.1974937E-02         1.0000000E+30               261       
 NEXT SEEDS:144DB346       0       0       0       0       0      24    3039       0       0
       1400                  1447                  1447             2.2201724E-02         1.0000000E+30               269       
 NEXT SEEDS:1548C28F       0       0       0       0       0      24    3039       0       0
       1450                  1397                  1397             2.2178608E-02         1.0000000E+30               296       
 NEXT SEEDS:16095A6C       0       0       0       0       0      24    3039       0       0
       1500                  1347                  1347             2.1864045E-02         1.0000000E+30               303       
 NEXT SEEDS:1679929B       0       0       0       0       0      24    3039       0       0
       1550                  1297                  1297             2.1593759E-02         1.0000000E+30               311       
 NEXT SEEDS:16EF381D       0       0       0       0       0      24    3039       0       0
  Comptn_2: TXYZ:   1.0000000000020561       U,V,W  0.40814207604637431      -0.56107558760021448      -0.72014875599537476     
       1600                  1247                  1247             2.1835282E-02         1.0000000E+30               337       
 NEXT SEEDS:17ED8CFA       0       0       0       0       0      24    3039       0       0
       1650                  1197                  1197             2.1892326E-02         1.0000000E+30               349       
 NEXT SEEDS:18C02654       0       0       0       0       0      24    3039       0       0
       1700                  1147                  1147             2.1705202E-02         1.0000000E+30               351       
 NEXT SEEDS:19486DB9       0       0       0       0       0      24    3039       0       0
       1750                  1097                  1097             2.1574363E-02         1.0000000E+30               354       
 NEXT SEEDS:19DF46E3       0       0       0       0       0      24    3039       0       0
       1800                  1047                  1047             2.1431866E-02         1.0000000E+30               357       
 NEXT SEEDS:1A6E8E28       0       0       0       0       0      24    3039       0       0
       1850                   997                   997             2.1196846E-02         1.0000000E+30               359       
 NEXT SEEDS:1ADEB936       0       0       0       0       0      24    3039       0       0
  Comptn_2: TXYZ:  0.99999999999813116       U,V,W  0.35033634049764473      -0.87758822577293216       0.32726648852207063     
       1900                   947                   947             2.1226905E-02         1.0000000E+30               376       
 NEXT SEEDS:1BA318E4       0       0       0       0       0      24    3039       0       0
       1950                   897                   897             2.1115052E-02         1.0000000E+30               379       
 NEXT SEEDS:1C378845       0       0       0       0       0      24    3039       0       0
       2000                   847                   847             2.1278038E-02         1.0000000E+30               386       
 NEXT SEEDS:1D2C97CB       0       0       0       0       0      24    3039       0       0
       2050                   797                   797             2.1382086E-02         1.0000000E+30               390       
 NEXT SEEDS:1E11732F       0       0       0       0       0      24    3039       0       0
       2100                   747                   747             2.1331996E-02         1.0000000E+30               399       
 NEXT SEEDS:1EBCAA11       0       0       0       0       0      24    3039       0       0
       2150                   697                   697             2.1279890E-02         1.0000000E+30               403       
 NEXT SEEDS:1F669C64       0       0       0       0       0      24    3039       0       0
       2200                   647                   647             2.1112867E-02         1.0000000E+30               405       
 NEXT SEEDS:1FE30D16       0       0       0       0       0      24    3039       0       0
       2250                   597                   597             2.0912613E-02         1.0000000E+30               406       
 NEXT SEEDS:204E4DBD       0       0       0       0       0      24    3039       0       0
       2300                   547                   547             2.0828622E-02         1.0000000E+30               406       
 NEXT SEEDS:20E4BD89       0       0       0       0       0      24    3039       0       0
       2350                   497                   497             2.0763183E-02         1.0000000E+30               409       
 NEXT SEEDS:21843342       0       0       0       0       0      24    3039       0       0
       2400                   447                   447             2.0670510E-02         1.0000000E+30               437       
 NEXT SEEDS:2212BB27       0       0       0       0       0      24    3039       0       0
       2450                   397                   397             2.0564306E-02         1.0000000E+30               457       
 NEXT SEEDS:229A7EFE       0       0       0       0       0      24    3039       0       0
       2500                   347                   347             2.0353040E-02         1.0000000E+30               465       
 NEXT SEEDS:22F439A7       0       0       0       0       0      24    3039       0       0
  *** Kbar: P_min > 1.8 GeV/c:           25   10.844467376614515     
  *** Kbar: P_min > 1.8 GeV/c:           25   10.586241565717007     
  *** Kbar: P_min > 1.8 GeV/c:           25   8.6873825996663765     
  *** Kbar: P_min > 1.8 GeV/c:           25   13.395697232680101     
  *** Kbar: P_min > 1.8 GeV/c:           25   12.735383087735402     
  *** Kbar: P_min > 1.8 GeV/c:           16   1.9972027313662668     
  *** Kaon: P_min > 1.5 GeV/c:           15   1.5519388671377639     
  *** Kbar: P_min > 1.8 GeV/c:           16   2.1229105641481913     
  *** Kbar: P_min > 1.8 GeV/c:           16   2.1012031733258962     
  *** Kbar: P_min > 1.8 GeV/c:           16   2.0542305992111389     
  *** Kbar: P_min > 1.8 GeV/c:           16   2.2321975253112853     
  *** Kbar: P_min > 1.8 GeV/c:           16   1.9009861755719484     
  *** Kbar: P_min > 1.8 GeV/c:           16   1.8429833185305864     
  *** Kbar: P_min > 1.8 GeV/c:           16   2.0842040613949555     
       2550                   297                   297             2.0214332E-02         1.0000000E+30               513       
 NEXT SEEDS:236810AF       0       0       0       0       0      24    3039       0       0
       2600                   247                   247             2.0093386E-02         1.0000000E+30               517       
 NEXT SEEDS:23E22555       0       0       0       0       0      24    3039       0       0
       2650                   197                   197             2.0056501E-02         1.0000000E+30               529       
 NEXT SEEDS:2481951F       0       0       0       0       0      24    3039       0       0
       2700                   147                   147             1.9983452E-02         1.0000000E+30               532       
 NEXT SEEDS:250F941F       0       0       0       0       0      24    3039       0       0
       2750                    97                    97             2.0024162E-02         1.0000000E+30               541       
 NEXT SEEDS:25D70F0A       0       0       0       0       0      24    3039       0       0
       2797                    50                    50             1.9962588E-02         1.0000000E+30               544       
 NEXT SEEDS:265E8F54       0       0       0       0       0      24    3039       0       0
       2798                    49                    49             1.9964390E-02         1.0000000E+30               544       
 NEXT SEEDS:2662EEC9       0       0       0       0       0      24    3039       0       0
       2799                    48                    48             1.9960531E-02         1.0000000E+30               544       
 NEXT SEEDS:26649CFA       0       0       0       0       0      24    3039       0       0
       2800                    47                    47             1.9953446E-02         1.0000000E+30               544       
 NEXT SEEDS:26649CFE       0       0       0       0       0      24    3039       0       0
       2801                    46                    46             2.0019431E-02         1.0000000E+30               544       
 NEXT SEEDS:26891978       0       0       0       0       0      24    3039       0       0
       2802                    45                    45             2.0024559E-02         1.0000000E+30               544       
 NEXT SEEDS:268F1BCE       0       0       0       0       0      24    3039       0       0
       2803                    44                    44             2.0017462E-02         1.0000000E+30               544       
 NEXT SEEDS:268F1BD2       0       0       0       0       0      24    3039       0       0
       2804                    43                    43             2.0024798E-02         1.0000000E+30               554       
 NEXT SEEDS:2696168C       0       0       0       0       0      24    3039       0       0
       2805                    42                    42             2.0017705E-02         1.0000000E+30               554       
 NEXT SEEDS:26961690       0       0       0       0       0      24    3039       0       0
       2806                    41                    41             2.0010612E-02         1.0000000E+30               554       
 NEXT SEEDS:26961694       0       0       0       0       0      24    3039       0       0
       2807                    40                    40             2.0011170E-02         1.0000000E+30               554       
 NEXT SEEDS:2699D253       0       0       0       0       0      24    3039       0       0
       2808                    39                    39             2.0009868E-02         1.0000000E+30               554       
 NEXT SEEDS:269C9A07       0       0       0       0       0      24    3039       0       0
       2809                    38                    38             2.0012773E-02         1.0000000E+30               554       
 NEXT SEEDS:26A173A7       0       0       0       0       0      24    3039       0       0
       2810                    37                    37             2.0005697E-02         1.0000000E+30               554       
 NEXT SEEDS:26A173AB       0       0       0       0       0      24    3039       0       0
       2811                    36                    36             2.0036920E-02         1.0000000E+30               555       
 NEXT SEEDS:26B421EB       0       0       0       0       0      24    3039       0       0
       2812                    35                    35             2.0035570E-02         1.0000000E+30               555       
 NEXT SEEDS:26B6F3B2       0       0       0       0       0      24    3039       0       0
       2813                    34                    34             2.0036412E-02         1.0000000E+30               555       
 NEXT SEEDS:26BAC888       0       0       0       0       0      24    3039       0       0
       2814                    33                    33             2.0032552E-02         1.0000000E+30               555       
 NEXT SEEDS:26BC7E94       0       0       0       0       0      24    3039       0       0
       2815                    32                    32             2.0033072E-02         1.0000000E+30               555       
 NEXT SEEDS:26C0255C       0       0       0       0       0      24    3039       0       0
       2816                    31                    31             2.0033312E-02         1.0000000E+30               555       
 NEXT SEEDS:26C3F5FF       0       0       0       0       0      24    3039       0       0
       2817                    30                    30             2.0034165E-02         1.0000000E+30               555       
 NEXT SEEDS:26C7E02A       0       0       0       0       0      24    3039       0       0
       2818                    29                    29             2.0031896E-02         1.0000000E+30               555       
 NEXT SEEDS:26CA35F9       0       0       0       0       0      24    3039       0       0
       2819                    28                    28             2.0031134E-02         1.0000000E+30               555       
 NEXT SEEDS:26CD9052       0       0       0       0       0      24    3039       0       0
       2820                    27                    27             2.0267694E-02         1.0000000E+30               555       
 NEXT SEEDS:2748401F       0       0       0       0       0      24    3039       0       0
       2821                    26                    26             2.0264559E-02         1.0000000E+30               555       
 NEXT SEEDS:274A64CC       0       0       0       0       0      24    3039       0       0
       2822                    25                    25             2.0264159E-02         1.0000000E+30               555       
 NEXT SEEDS:274DC051       0       0       0       0       0      24    3039       0       0
       2823                    24                    24             2.0273565E-02         1.0000000E+30               555       
 NEXT SEEDS:2756A892       0       0       0       0       0      24    3039       0       0
       2824                    23                    23             2.0280182E-02         1.0000000E+30               555       
 NEXT SEEDS:275D94C4       0       0       0       0       0      24    3039       0       0
       2825                    22                    22             2.0285413E-02         1.0000000E+30               555       
 NEXT SEEDS:276386B9       0       0       0       0       0      24    3039       0       0
       2826                    21                    21             2.0281650E-02         1.0000000E+30               555       
 NEXT SEEDS:276528DF       0       0       0       0       0      24    3039       0       0
       2827                    20                    20             2.0286448E-02         1.0000000E+30               555       
 NEXT SEEDS:276B1DCE       0       0       0       0       0      24    3039       0       0
       2828                    19                    19             2.0286193E-02         1.0000000E+30               555       
 NEXT SEEDS:276E85C1       0       0       0       0       0      24    3039       0       0
       2829                    18                    18             2.0279068E-02         1.0000000E+30               555       
 NEXT SEEDS:276E85C5       0       0       0       0       0      24    3039       0       0
       2830                    17                    17             2.0271942E-02         1.0000000E+30               555       
 NEXT SEEDS:276E85C9       0       0       0       0       0      24    3039       0       0
       2831                    16                    16             2.0277174E-02         1.0000000E+30               555       
 NEXT SEEDS:2774AB3B       0       0       0       0       0      24    3039       0       0
       2832                    15                    15             2.0273674E-02         1.0000000E+30               557       
 NEXT SEEDS:27768A00       0       0       0       0       0      24    3039       0       0
       2833                    14                    14             2.0270484E-02         1.0000000E+30               557       
 NEXT SEEDS:27789852       0       0       0       0       0      24    3039       0       0
       2834                    13                    13             2.0266861E-02         1.0000000E+30               557       
 NEXT SEEDS:277A7797       0       0       0       0       0      24    3039       0       0
       2835                    12                    12             2.0267309E-02         1.0000000E+30               557       
 NEXT SEEDS:277E2670       0       0       0       0       0      24    3039       0       0
       2836                    11                    11             2.0268280E-02         1.0000000E+30               558       
 NEXT SEEDS:27822285       0       0       0       0       0      24    3039       0       0
       2837                    10                    10             2.0266000E-02         1.0000000E+30               558       
 NEXT SEEDS:278485CF       0       0       0       0       0      24    3039       0       0
       2838                     9                     9             2.0258902E-02         1.0000000E+30               558       
 NEXT SEEDS:278485D3       0       0       0       0       0      24    3039       0       0
       2839                     8                     8             2.0256712E-02         1.0000000E+30               558       
 NEXT SEEDS:27872607       0       0       0       0       0      24    3039       0       0
       2840                     7                     7             2.0283926E-02         1.0000000E+30               558       
 NEXT SEEDS:27987486       0       0       0       0       0      24    3039       0       0
       2841                     6                     6             2.0289744E-02         1.0000000E+30               558       
 NEXT SEEDS:279ECBFE       0       0       0       0       0      24    3039       0       0
       2842                     5                     5             2.0282648E-02         1.0000000E+30               558       
 NEXT SEEDS:279ECC02       0       0       0       0       0      24    3039       0       0
       2843                     4                     4             2.0275554E-02         1.0000000E+30               558       
 NEXT SEEDS:279ECC06       0       0       0       0       0      24    3039       0       0
       2844                     3                     3             2.0268462E-02         1.0000000E+30               558       
 NEXT SEEDS:279ECC0A       0       0       0       0       0      24    3039       0       0
       2845                     2                     2             2.0261375E-02         1.0000000E+30               558       
 NEXT SEEDS:279ECC0E       0       0       0       0       0      24    3039       0       0
       2846                     1                     1             2.0254295E-02         1.0000000E+30               558       
 NEXT SEEDS:279ECC12       0       0       0       0       0      24    3039       0       0
       2847                     0                     1             2.0253383E-02         1.0000000E+30               558       
 NEXT SEEDS:27A210A3       0       0       0       0       0      24    3039       0       0
