1NUMBER OF BEAM       NUMBER OF BEAM        APPROXIMATE NUMBER    AVERAGE TIME USED     TIME LEFT (RESERVED   NUMBER OF STARS
 PARTICLES HANDLED    PARTICLES LEFT        OF BEAM PARTICLES     BY A BEAM PARTICLE     10000.0 SECONDS      CREATED
                                            THAT CAN STILL BE                           FOR PRINTOUT)
                                            HANDLED

 NEXT SEEDS:27A210A3       0       0       0       0       0      24    3039       0       0
          1                  2846                  2846             1.9138098E-02         1.0000000E+30                 0       
 NEXT SEEDS:27A50D71       0       0       0       0       0      24    3039       0       0
         50                  2797                  2797             2.0695024E-02         1.0000000E+30                 9       
 NEXT SEEDS:285DEAAE       0       0       0       0       0      24    3039       0       0
        100                  2747                  2747             1.6613030E-02         1.0000000E+30                14       
 NEXT SEEDS:28CF8282       0       0       0       0       0      24    3039       0       0
        150                  2697                  2697             1.7491153E-02         1.0000000E+30                16       
 NEXT SEEDS:297E09A1       0       0       0       0       0      24    3039       0       0
        200                  2647                  2647             1.5911741E-02         1.0000000E+30                18       
 NEXT SEEDS:29E2782F       0       0       0       0       0      24    3039       0       0
        250                  2597                  2597             1.6320772E-02         1.0000000E+30                27       
 NEXT SEEDS:2A83BBF0       0       0       0       0       0      24    3039       0       0
  Comptn_2: TXYZ:  0.99999999999883804       U,V,W  0.85580549597610656        4.9977827087452908E-002  0.51487782031812657     
        300                  2547                  2547             1.7289934E-02         1.0000000E+30                36       
 NEXT SEEDS:2B4C5DB1       0       0       0       0       0      24    3039       0       0
        350                  2497                  2497             1.7391994E-02         1.0000000E+30                45       
 NEXT SEEDS:2BEE64D1       0       0       0       0       0      24    3039       0       0
        400                  2447                  2447             1.7677885E-02         1.0000000E+30                46       
 NEXT SEEDS:2C9AF5F1       0       0       0       0       0      24    3039       0       0
        450                  2397                  2397             1.6925978E-02         1.0000000E+30                47       
 NEXT SEEDS:2CFBFF80       0       0       0       0       0      24    3039       0       0
        500                  2347                  2347             1.7458301E-02         1.0000000E+30                51       
 NEXT SEEDS:2DC7FB8C       0       0       0       0       0      24    3039       0       0
        550                  2297                  2297             1.7516430E-02         1.0000000E+30                53       
 NEXT SEEDS:2E697610       0       0       0       0       0      24    3039       0       0
  Comptn_2: TXYZ:   1.0000000000011264       U,V,W  0.48919582480585433      -0.85309809958272176      -0.18141410496980370     
        600                  2247                  2247             1.7944481E-02         1.0000000E+30                57       
 NEXT SEEDS:2F329EEB       0       0       0       0       0      24    3039       0       0
        650                  2197                  2197             1.8652240E-02         1.0000000E+30                65       
 NEXT SEEDS:3024AD49       0       0       0       0       0      24    3039       0       0
        700                  2147                  2147             1.8902098E-02         1.0000000E+30                67       
 NEXT SEEDS:30E93373       0       0       0       0       0      24    3039       0       0
        750                  2097                  2097             1.9055902E-02         1.0000000E+30                72       
 NEXT SEEDS:31AA17A9       0       0       0       0       0      24    3039       0       0
        800                  2047                  2047             1.9027309E-02         1.0000000E+30                81       
 NEXT SEEDS:324F9334       0       0       0       0       0      24    3039       0       0
        850                  1997                  1997             1.9424000E-02         1.0000000E+30               227       
 NEXT SEEDS:33366AA0       0       0       0       0       0      24    3039       0       0
        900                  1947                  1947             1.9298000E-02         1.0000000E+30               228       
 NEXT SEEDS:33CFC93A       0       0       0       0       0      24    3039       0       0
        950                  1897                  1897             1.8819198E-02         1.0000000E+30               234       
 NEXT SEEDS:342A583B       0       0       0       0       0      24    3039       0       0
       1000                  1847                  1847             1.8553756E-02         1.0000000E+30               238       
 NEXT SEEDS:34A2D34E       0       0       0       0       0      24    3039       0       0
  *** Kaon: P_min > 1.5 GeV/c:           15   4.0846462208187511     
  *** Kaon: P_min > 1.5 GeV/c:           15   3.9762519877033911     
  *** Kaon: P_min > 1.5 GeV/c:           24   2.8332248092683825     
  *** Kaon: P_min > 1.5 GeV/c:           24   2.8331729665456811     
  *** Kaon: P_min > 1.5 GeV/c:           24   2.9717636289795761     
  *** Kbar: P_min > 1.8 GeV/c:           25   3.1722391674574686     
  *** Kbar: P_min > 1.8 GeV/c:           25   3.1504976537597402     
  *** Kbar: P_min > 1.8 GeV/c:           25   4.0238748706070187     
  *** Kbar: P_min > 1.8 GeV/c:           25   3.3066144767252696     
  *** Kbar: P_min > 1.8 GeV/c:           25   3.1532902436082137     
  *** Kbar: P_min > 1.8 GeV/c:           25   3.4633016080296364     
  *** Kbar: P_min > 1.8 GeV/c:           16   1.8478662767685015     
       1050                  1797                  1797             1.8382779E-02         1.0000000E+30               329       
 NEXT SEEDS:352807B8       0       0       0       0       0      24    3039       0       0
       1100                  1747                  1747             1.8769390E-02         1.0000000E+30               332       
 NEXT SEEDS:36181B17       0       0       0       0       0      24    3039       0       0
       1150                  1697                  1697             1.8754544E-02         1.0000000E+30               334       
 NEXT SEEDS:36BCC372       0       0       0       0       0      24    3039       0       0
  *** Kaon: P_min > 1.5 GeV/c:           24   8.4680946718086982     
  *** Kaon: P_min > 1.5 GeV/c:           24   10.778271043748250     
  *** Kaon: P_min > 1.5 GeV/c:           15   1.9482723109034121     
  *** Kaon: P_min > 1.5 GeV/c:           15   2.5174646758410471     
       1200                  1647                  1647             1.8505883E-02         1.0000000E+30               366       
 NEXT SEEDS:372FB042       0       0       0       0       0      24    3039       0       0
       1250                  1597                  1597             1.8454101E-02         1.0000000E+30               380       
 NEXT SEEDS:37C99A78       0       0       0       0       0      24    3039       0       0
       1300                  1547                  1547             1.8618338E-02         1.0000000E+30               383       
 NEXT SEEDS:3896AB90       0       0       0       0       0      24    3039       0       0
       1350                  1497                  1497             1.8982823E-02         1.0000000E+30               389       
 NEXT SEEDS:3994B69B       0       0       0       0       0      24    3039       0       0
       1400                  1447                  1447             1.8805953E-02         1.0000000E+30               399       
 NEXT SEEDS:3A1129F7       0       0       0       0       0      24    3039       0       0
       1450                  1397                  1397             1.8931729E-02         1.0000000E+30               400       
 NEXT SEEDS:3ADB2545       0       0       0       0       0      24    3039       0       0
       1500                  1347                  1347             1.9238863E-02         1.0000000E+30               403       
 NEXT SEEDS:  3672CE       1       0       0       0       0      24    3039       0       0
       1550                  1297                  1297             1.9249470E-02         1.0000000E+30               429       
 NEXT SEEDS:  E32475       1       0       0       0       0      24    3039       0       0
       1600                  1247                  1247             1.9435721E-02         1.0000000E+30               434       
 NEXT SEEDS: 1C3437F       1       0       0       0       0      24    3039       0       0
       1650                  1197                  1197             1.9362190E-02         1.0000000E+30               437       
 NEXT SEEDS: 25927D8       1       0       0       0       0      24    3039       0       0
       1700                  1147                  1147             1.9431575E-02         1.0000000E+30               443       
 NEXT SEEDS: 318C7D6       1       0       0       0       0      24    3039       0       0
       1750                  1097                  1097             1.9328464E-02         1.0000000E+30               452       
 NEXT SEEDS: 3A6B029       1       0       0       0       0      24    3039       0       0
       1800                  1047                  1047             1.9166004E-02         1.0000000E+30               459       
 NEXT SEEDS: 41E667F       1       0       0       0       0      24    3039       0       0
       1850                   997                   997             1.9185808E-02         1.0000000E+30               463       
 NEXT SEEDS: 4C9E835       1       0       0       0       0      24    3039       0       0
       1900                   947                   947             1.9170184E-02         1.0000000E+30               465       
 NEXT SEEDS: 57082E2       1       0       0       0       0      24    3039       0       0
       1950                   897                   897             1.9102649E-02         1.0000000E+30               467       
 NEXT SEEDS: 6070D78       1       0       0       0       0      24    3039       0       0
       2000                   847                   847             1.9070090E-02         1.0000000E+30               469       
 NEXT SEEDS: 6A6ED61       1       0       0       0       0      24    3039       0       0
       2050                   797                   797             1.9187327E-02         1.0000000E+30               471       
 NEXT SEEDS: 77E73E9       1       0       0       0       0      24    3039       0       0
       2100                   747                   747             1.9065631E-02         1.0000000E+30               475       
 NEXT SEEDS: 7FBDAD6       1       0       0       0       0      24    3039       0       0
       2150                   697                   697             1.8989441E-02         1.0000000E+30               477       
 NEXT SEEDS: 887860E       1       0       0       0       0      24    3039       0       0
       2200                   647                   647             1.9157639E-02         1.0000000E+30               517       
 NEXT SEEDS: 9724D17       1       0       0       0       0      24    3039       0       0
  Comptn_2: TXYZ:   1.0000000000010465       U,V,W  0.91466838348540236      -0.40304812535224954        3.0560708487939792E-002
       2250                   597                   597             1.9084661E-02         1.0000000E+30               522       
 NEXT SEEDS: A00E671       1       0       0       0       0      24    3039       0       0
       2300                   547                   547             1.9292079E-02         1.0000000E+30               525       
 NEXT SEEDS: AFA6A5A       1       0       0       0       0      24    3039       0       0
       2350                   497                   497             1.9390475E-02         1.0000000E+30               529       
 NEXT SEEDS: BD11AD9       1       0       0       0       0      24    3039       0       0
       2400                   447                   447             1.9397199E-02         1.0000000E+30               547       
 NEXT SEEDS: C805E76       1       0       0       0       0      24    3039       0       0
       2450                   397                   397             1.9697945E-02         1.0000000E+30               551       
 NEXT SEEDS: DB23FD2       1       0       0       0       0      24    3039       0       0
       2500                   347                   347             1.9561085E-02         1.0000000E+30               554       
 NEXT SEEDS: E246205       1       0       0       0       0      24    3039       0       0
       2550                   297                   297             1.9500874E-02         1.0000000E+30               555       
 NEXT SEEDS: EB65B4E       1       0       0       0       0      24    3039       0       0
       2600                   247                   247             1.9768451E-02         1.0000000E+30               571       
 NEXT SEEDS: FE1739F       1       0       0       0       0      24    3039       0       0
       2650                   197                   197             1.9680579E-02         1.0000000E+30               577       
 NEXT SEEDS:106693C9       1       0       0       0       0      24    3039       0       0
       2700                   147                   147             1.9577307E-02         1.0000000E+30               581       
 NEXT SEEDS:10E56C6D       1       0       0       0       0      24    3039       0       0
       2750                    97                    97             1.9689358E-02         1.0000000E+30               585       
 NEXT SEEDS:11CBE86B       1       0       0       0       0      24    3039       0       0
       2797                    50                    50             1.9563066E-02         1.0000000E+30               615       
 NEXT SEEDS:122F258F       1       0       0       0       0      24    3039       0       0
       2798                    49                    49             1.9556143E-02         1.0000000E+30               615       
 NEXT SEEDS:122F2593       1       0       0       0       0      24    3039       0       0
       2799                    48                    48             1.9553265E-02         1.0000000E+30               615       
 NEXT SEEDS:12311D58       1       0       0       0       0      24    3039       0       0
       2800                    47                    47             1.9549622E-02         1.0000000E+30               615       
 NEXT SEEDS:1232D3EC       1       0       0       0       0      24    3039       0       0
       2801                    46                    46             1.9548635E-02         1.0000000E+30               615       
 NEXT SEEDS:1235F16E       1       0       0       0       0      24    3039       0       0
       2802                    45                    45             1.9541723E-02         1.0000000E+30               615       
 NEXT SEEDS:1235F172       1       0       0       0       0      24    3039       0       0
       2803                    44                    44             1.9581119E-02         1.0000000E+30               615       
 NEXT SEEDS:124C83B0       1       0       0       0       0      24    3039       0       0
       2804                    43                    43             1.9584828E-02         1.0000000E+30               615       
 NEXT SEEDS:1251CEF5       1       0       0       0       0      24    3039       0       0
       2805                    42                    42             1.9577931E-02         1.0000000E+30               615       
 NEXT SEEDS:1251CEF9       1       0       0       0       0      24    3039       0       0
       2806                    41                    41             1.9577607E-02         1.0000000E+30               615       
 NEXT SEEDS:1254F5FB       1       0       0       0       0      24    3039       0       0
       2807                    40                    40             1.9570633E-02         1.0000000E+30               615       
 NEXT SEEDS:1254F5FF       1       0       0       0       0      24    3039       0       0
       2808                    39                    39             1.9566886E-02         1.0000000E+30               615       
 NEXT SEEDS:12573A1A       1       0       0       0       0      24    3039       0       0
       2809                    38                    38             1.9563770E-02         1.0000000E+30               615       
 NEXT SEEDS:12592EE6       1       0       0       0       0      24    3039       0       0
       2810                    37                    37             1.9564114E-02         1.0000000E+30               615       
 NEXT SEEDS:125CB980       1       0       0       0       0      24    3039       0       0
       2811                    36                    36             1.9557223E-02         1.0000000E+30               615       
 NEXT SEEDS:125CB984       1       0       0       0       0      24    3039       0       0
       2812                    35                    35             1.9550310E-02         1.0000000E+30               615       
 NEXT SEEDS:125CB988       1       0       0       0       0      24    3039       0       0
       2813                    34                    34             1.9543400E-02         1.0000000E+30               615       
 NEXT SEEDS:125CB98C       1       0       0       0       0      24    3039       0       0
       2814                    33                    33             1.9544290E-02         1.0000000E+30               615       
 NEXT SEEDS:126095EF       1       0       0       0       0      24    3039       0       0
       2815                    32                    32             1.9545814E-02         1.0000000E+30               615       
 NEXT SEEDS:1264C180       1       0       0       0       0      24    3039       0       0
       2816                    31                    31             1.9554950E-02         1.0000000E+30               615       
 NEXT SEEDS:126C6995       1       0       0       0       0      24    3039       0       0
       2817                    30                    30             1.9548075E-02         1.0000000E+30               615       
 NEXT SEEDS:126C6999       1       0       0       0       0      24    3039       0       0
       2818                    29                    29             1.9546113E-02         1.0000000E+30               615       
 NEXT SEEDS:126F108D       1       0       0       0       0      24    3039       0       0
       2819                    28                    28             1.9539256E-02         1.0000000E+30               615       
 NEXT SEEDS:126F1091       1       0       0       0       0      24    3039       0       0
       2820                    27                    27             1.9533173E-02         1.0000000E+30               615       
 NEXT SEEDS:126F6BED       1       0       0       0       0      24    3039       0       0
       2821                    26                    26             1.9531737E-02         1.0000000E+30               615       
 NEXT SEEDS:12721362       1       0       0       0       0      24    3039       0       0
       2822                    25                    25             1.9524904E-02         1.0000000E+30               615       
 NEXT SEEDS:12721366       1       0       0       0       0      24    3039       0       0
       2823                    24                    24             1.9521171E-02         1.0000000E+30               615       
 NEXT SEEDS:1273CE40       1       0       0       0       0      24    3039       0       0
       2824                    23                    23             1.9523501E-02         1.0000000E+30               616       
 NEXT SEEDS:12786417       1       0       0       0       0      24    3039       0       0
       2825                    22                    22             1.9521332E-02         1.0000000E+30               616       
 NEXT SEEDS:127A9FFF       1       0       0       0       0      24    3039       0       0
       2826                    21                    21             1.9514506E-02         1.0000000E+30               616       
 NEXT SEEDS:127AA003       1       0       0       0       0      24    3039       0       0
       2827                    20                    20             1.9509584E-02         1.0000000E+30               616       
 NEXT SEEDS:127B826E       1       0       0       0       0      24    3039       0       0
       2828                    19                    19             1.9502758E-02         1.0000000E+30               616       
 NEXT SEEDS:127B8272       1       0       0       0       0      24    3039       0       0
       2829                    18                    18             1.9495900E-02         1.0000000E+30               616       
 NEXT SEEDS:127B8276       1       0       0       0       0      24    3039       0       0
       2830                    17                    17             1.9489050E-02         1.0000000E+30               616       
 NEXT SEEDS:127B827A       1       0       0       0       0      24    3039       0       0
       2831                    16                    16             1.9482205E-02         1.0000000E+30               616       
 NEXT SEEDS:127B827E       1       0       0       0       0      24    3039       0       0
       2832                    15                    15             1.9479564E-02         1.0000000E+30               616       
 NEXT SEEDS:127DB010       1       0       0       0       0      24    3039       0       0
       2833                    14                    14             1.9472768E-02         1.0000000E+30               616       
 NEXT SEEDS:127DB014       1       0       0       0       0      24    3039       0       0
       2834                    13                    13             1.9477578E-02         1.0000000E+30               616       
 NEXT SEEDS:12838700       1       0       0       0       0      24    3039       0       0
       2835                    12                    12             1.9474396E-02         1.0000000E+30               616       
 NEXT SEEDS:12856E04       1       0       0       0       0      24    3039       0       0
       2836                    11                    11             1.9473920E-02         1.0000000E+30               617       
 NEXT SEEDS:12888A4D       1       0       0       0       0      24    3039       0       0
       2837                    10                    10             1.9478828E-02         1.0000000E+30               618       
 NEXT SEEDS:128E604D       1       0       0       0       0      24    3039       0       0
       2838                     9                     9             1.9472031E-02         1.0000000E+30               618       
 NEXT SEEDS:128E6051       1       0       0       0       0      24    3039       0       0
       2839                     8                     8             1.9477149E-02         1.0000000E+30               618       
 NEXT SEEDS:12947A33       1       0       0       0       0      24    3039       0       0
       2840                     7                     7             1.9485435E-02         1.0000000E+30               618       
 NEXT SEEDS:129C37CA       1       0       0       0       0      24    3039       0       0
       2841                     6                     6             1.9478646E-02         1.0000000E+30               618       
 NEXT SEEDS:129C37CE       1       0       0       0       0      24    3039       0       0
       2842                     5                     5             1.9480680E-02         1.0000000E+30               618       
 NEXT SEEDS:12A0A524       1       0       0       0       0      24    3039       0       0
       2843                     4                     4             1.9485839E-02         1.0000000E+30               618       
 NEXT SEEDS:12A6666F       1       0       0       0       0      24    3039       0       0
       2844                     3                     3             1.9483755E-02         1.0000000E+30               618       
 NEXT SEEDS:12A8BAE5       1       0       0       0       0      24    3039       0       0
       2845                     2                     2             1.9488108E-02         1.0000000E+30               618       
 NEXT SEEDS:12AE3513       1       0       0       0       0      24    3039       0       0
       2846                     1                     1             1.9549667E-02         1.0000000E+30               618       
 NEXT SEEDS:12D1801A       1       0       0       0       0      24    3039       0       0
       2847                     0                     1             1.9557992E-02         1.0000000E+30               618       
 NEXT SEEDS:12D920D1       1       0       0       0       0      24    3039       0       0
