1NUMBER OF BEAM       NUMBER OF BEAM        APPROXIMATE NUMBER    AVERAGE TIME USED     TIME LEFT (RESERVED   NUMBER OF STARS
 PARTICLES HANDLED    PARTICLES LEFT        OF BEAM PARTICLES     BY A BEAM PARTICLE     10000.0 SECONDS      CREATED
                                            THAT CAN STILL BE                           FOR PRINTOUT)
                                            HANDLED

 NEXT SEEDS:27DF30EC       0       0       0       0       0      36    3039       0       0
          1                  2152                  2152             7.0340633E-03         1.0000000E+30                 1       
 NEXT SEEDS:27E07671       0       0       0       0       0      36    3039       0       0
         40                  2113                  2113             1.2380177E-02         1.0000000E+30                13       
 NEXT SEEDS:283D08C2       0       0       0       0       0      36    3039       0       0
         80                  2073                  2073             1.0475951E-02         1.0000000E+30                14       
 NEXT SEEDS:287EAC07       0       0       0       0       0      36    3039       0       0
        120                  2033                  2033             1.1665608E-02         1.0000000E+30                14       
 NEXT SEEDS:28E94750       0       0       0       0       0      36    3039       0       0
        160                  1993                  1993             1.2002158E-02         1.0000000E+30                15       
 NEXT SEEDS:294A07E8       0       0       0       0       0      36    3039       0       0
        200                  1953                  1953             1.0969450E-02         1.0000000E+30                16       
 NEXT SEEDS:297DAB1C       0       0       0       0       0      36    3039       0       0
        240                  1913                  1913             1.1522971E-02         1.0000000E+30                16       
 NEXT SEEDS:29EB9DC0       0       0       0       0       0      36    3039       0       0
        280                  1873                  1873             1.0815886E-02         1.0000000E+30                17       
 NEXT SEEDS:2A1C96E6       0       0       0       0       0      36    3039       0       0
        320                  1833                  1833             1.0211304E-02         1.0000000E+30                18       
 NEXT SEEDS:2A49B2BF       0       0       0       0       0      36    3039       0       0
        360                  1793                  1793             1.0422550E-02         1.0000000E+30                23       
 NEXT SEEDS:2AA4DC78       0       0       0       0       0      36    3039       0       0
        400                  1753                  1753             1.0522143E-02         1.0000000E+30               120       
 NEXT SEEDS:2AFA6AD4       0       0       0       0       0      36    3039       0       0
        440                  1713                  1713             1.0381896E-02         1.0000000E+30               121       
 NEXT SEEDS:2B3CDFF8       0       0       0       0       0      36    3039       0       0
        480                  1673                  1673             1.0619538E-02         1.0000000E+30               122       
 NEXT SEEDS:2B9EC766       0       0       0       0       0      36    3039       0       0
        520                  1633                  1633             1.0421006E-02         1.0000000E+30               159       
 NEXT SEEDS:2BDA4830       0       0       0       0       0      36    3039       0       0
        560                  1593                  1593             1.0265452E-02         1.0000000E+30               160       
 NEXT SEEDS:2C18113B       0       0       0       0       0      36    3039       0       0
        600                  1553                  1553             1.0058947E-02         1.0000000E+30               160       
 NEXT SEEDS:2C4DD076       0       0       0       0       0      36    3039       0       0
        640                  1513                  1513             9.8536357E-03         1.0000000E+30               160       
 NEXT SEEDS:2C80C6D6       0       0       0       0       0      36    3039       0       0
        680                  1473                  1473             9.6962438E-03         1.0000000E+30               160       
 NEXT SEEDS:2CB78181       0       0       0       0       0      36    3039       0       0
        720                  1433                  1433             9.7250912E-03         1.0000000E+30               160       
 NEXT SEEDS:2D03841B       0       0       0       0       0      36    3039       0       0
        760                  1393                  1393             9.5510558E-03         1.0000000E+30               161       
 NEXT SEEDS:2D32C00D       0       0       0       0       0      36    3039       0       0
        800                  1353                  1353             9.4889319E-03         1.0000000E+30               202       
 NEXT SEEDS:2D7033BA       0       0       0       0       0      36    3039       0       0
        840                  1313                  1313             9.3577578E-03         1.0000000E+30               205       
 NEXT SEEDS:2DA2C48B       0       0       0       0       0      36    3039       0       0
        880                  1273                  1273             9.2767683E-03         1.0000000E+30               206       
 NEXT SEEDS:2DDBC237       0       0       0       0       0      36    3039       0       0
        920                  1233                  1233             9.2270633E-03         1.0000000E+30               208       
 NEXT SEEDS:2E1978CF       0       0       0       0       0      36    3039       0       0
        960                  1193                  1193             9.2214415E-03         1.0000000E+30               271       
 NEXT SEEDS:2E5DF863       0       0       0       0       0      36    3039       0       0
       1000                  1153                  1153             9.1344252E-03         1.0000000E+30               290       
 NEXT SEEDS:2E93BB5F       0       0       0       0       0      36    3039       0       0
       1040                  1113                  1113             9.2740811E-03         1.0000000E+30               291       
 NEXT SEEDS:2EF2A341       0       0       0       0       0      36    3039       0       0
       1080                  1073                  1073             9.1912022E-03         1.0000000E+30               294       
 NEXT SEEDS:2F27BB32       0       0       0       0       0      36    3039       0       0
       1120                  1033                  1033             9.5285850E-03         1.0000000E+30               299       
 NEXT SEEDS:2FB3F278       0       0       0       0       0      36    3039       0       0
       1160                   993                   993             9.7355908E-03         1.0000000E+30               306       
 NEXT SEEDS:3026406B       0       0       0       0       0      36    3039       0       0
       1200                   953                   953             1.0335809E-02         1.0000000E+30               306       
 NEXT SEEDS:30F91A2F       0       0       0       0       0      36    3039       0       0
       1240                   913                   913             1.0150949E-02         1.0000000E+30               306       
 NEXT SEEDS:311A39AE       0       0       0       0       0      36    3039       0       0
       1280                   873                   873             9.9415228E-03         1.0000000E+30               310       
 NEXT SEEDS:31336596       0       0       0       0       0      36    3039       0       0
       1320                   833                   833             9.9336602E-03         1.0000000E+30               311       
 NEXT SEEDS:317AB9F0       0       0       0       0       0      36    3039       0       0
  Comptn_2: TXYZ:  0.99999999999884159       U,V,W  0.20654031534264305      -0.93314382535031370       0.29425108215193774     
       1360                   793                   793             1.0148919E-02         1.0000000E+30               312       
 NEXT SEEDS:31FE48E5       0       0       0       0       0      36    3039       0       0
       1400                   753                   753             9.9793863E-03         1.0000000E+30               313       
 NEXT SEEDS:321AE7CC       0       0       0       0       0      36    3039       0       0
       1440                   713                   713             1.0038489E-02         1.0000000E+30               314       
 NEXT SEEDS:3274F8A7       0       0       0       0       0      36    3039       0       0
       1480                   673                   673             1.0270145E-02         1.0000000E+30               316       
 NEXT SEEDS:3301F691       0       0       0       0       0      36    3039       0       0
       1520                   633                   633             1.0167806E-02         1.0000000E+30               324       
 NEXT SEEDS:33322A94       0       0       0       0       0      36    3039       0       0
       1560                   593                   593             1.0040802E-02         1.0000000E+30               324       
 NEXT SEEDS:3358DEC8       0       0       0       0       0      36    3039       0       0
       1600                   553                   553             1.0004291E-02         1.0000000E+30               326       
 NEXT SEEDS:3398651A       0       0       0       0       0      36    3039       0       0
       1640                   513                   513             9.8554361E-03         1.0000000E+30               329       
 NEXT SEEDS:33B4E96E       0       0       0       0       0      36    3039       0       0
  Comptn_2: TXYZ:  0.99999999999821065       U,V,W  0.63993586283824300       0.76725425707613937        4.2461705691430041E-002
       1680                   473                   473             9.8298419E-03         1.0000000E+30               330       
 NEXT SEEDS:33F6B9AE       0       0       0       0       0      36    3039       0       0
       1720                   433                   433             9.7512861E-03         1.0000000E+30               331       
 NEXT SEEDS:342748B7       0       0       0       0       0      36    3039       0       0
       1760                   393                   393             9.6663708E-03         1.0000000E+30               335       
 NEXT SEEDS:345476D9       0       0       0       0       0      36    3039       0       0
       1800                   353                   353             9.7587676E-03         1.0000000E+30               337       
 NEXT SEEDS:34B75495       0       0       0       0       0      36    3039       0       0
  *** Kaon: P_min > 1.5 GeV/c:           24   4.8290029813875517     
  *** Kaon: P_min > 1.5 GeV/c:           24   4.8278935496794464     
  *** Kaon: P_min > 1.5 GeV/c:           24   4.8757274775352561     
  *** Kaon: P_min > 1.5 GeV/c:           24   5.3540434111895285     
  *** Kaon: P_min > 1.5 GeV/c:           24   4.4875567928518985     
  *** Kaon: P_min > 1.5 GeV/c:           24   5.5418766942108260     
  *** Kaon: P_min > 1.5 GeV/c:           24   2.6845954156674727     
  *** Kaon: P_min > 1.5 GeV/c:           24   2.8662418662183793     
  *** Kaon: P_min > 1.5 GeV/c:           24   2.5232315508955434     
  *** Kaon: P_min > 1.5 GeV/c:           24   3.2007623892365253     
       1840                   313                   313             9.9067279E-03         1.0000000E+30               415       
 NEXT SEEDS:35333CD0       0       0       0       0       0      36    3039       0       0
       1880                   273                   273             9.8844949E-03         1.0000000E+30               416       
 NEXT SEEDS:3574BEC7       0       0       0       0       0      36    3039       0       0
       1920                   233                   233             9.7706949E-03         1.0000000E+30               417       
 NEXT SEEDS:3595AD36       0       0       0       0       0      36    3039       0       0
       1960                   193                   193             9.7843574E-03         1.0000000E+30               417       
 NEXT SEEDS:35E4C42E       0       0       0       0       0      36    3039       0       0
       2000                   153                   153             9.7222247E-03         1.0000000E+30               417       
 NEXT SEEDS:3617727F       0       0       0       0       0      36    3039       0       0
       2040                   113                   113             9.7394359E-03         1.0000000E+30               417       
 NEXT SEEDS:3666960B       0       0       0       0       0      36    3039       0       0
       2080                    73                    73             9.7545106E-03         1.0000000E+30               418       
 NEXT SEEDS:36B4F7C3       0       0       0       0       0      36    3039       0       0
       2103                    50                    50             9.6913078E-03         1.0000000E+30               419       
 NEXT SEEDS:36C5FDAB       0       0       0       0       0      36    3039       0       0
       2104                    49                    49             9.6902952E-03         1.0000000E+30               419       
 NEXT SEEDS:36C77A54       0       0       0       0       0      36    3039       0       0
       2105                    48                    48             9.6857533E-03         1.0000000E+30               419       
 NEXT SEEDS:36C77A6B       0       0       0       0       0      36    3039       0       0
       2106                    47                    47             9.6812067E-03         1.0000000E+30               419       
 NEXT SEEDS:36C77A6F       0       0       0       0       0      36    3039       0       0
       2107                    46                    46             9.6766662E-03         1.0000000E+30               419       
 NEXT SEEDS:36C77A86       0       0       0       0       0      36    3039       0       0
       2108                    45                    45             9.6721301E-03         1.0000000E+30               419       
 NEXT SEEDS:36C77A9C       0       0       0       0       0      36    3039       0       0
       2109                    44                    44             9.6675955E-03         1.0000000E+30               419       
 NEXT SEEDS:36C77AA0       0       0       0       0       0      36    3039       0       0
       2110                    43                    43             9.6630661E-03         1.0000000E+30               419       
 NEXT SEEDS:36C77AB8       0       0       0       0       0      36    3039       0       0
       2111                    42                    42             9.6585384E-03         1.0000000E+30               419       
 NEXT SEEDS:36C77ABC       0       0       0       0       0      36    3039       0       0
       2112                    41                    41             9.6540203E-03         1.0000000E+30               419       
 NEXT SEEDS:36C77AD3       0       0       0       0       0      36    3039       0       0
       2113                    40                    40             9.6495020E-03         1.0000000E+30               419       
 NEXT SEEDS:36C77AD7       0       0       0       0       0      36    3039       0       0
       2114                    39                    39             9.7152576E-03         1.0000000E+30               419       
 NEXT SEEDS:36E3B851       0       0       0       0       0      36    3039       0       0
       2115                    38                    38             9.7107254E-03         1.0000000E+30               419       
 NEXT SEEDS:36E3B855       0       0       0       0       0      36    3039       0       0
       2116                    37                    37             9.7061867E-03         1.0000000E+30               419       
 NEXT SEEDS:36E3B859       0       0       0       0       0      36    3039       0       0
       2117                    36                    36             9.7016504E-03         1.0000000E+30               419       
 NEXT SEEDS:36E3B85D       0       0       0       0       0      36    3039       0       0
       2118                    35                    35             9.6971212E-03         1.0000000E+30               419       
 NEXT SEEDS:36E3B861       0       0       0       0       0      36    3039       0       0
       2119                    34                    34             9.6984812E-03         1.0000000E+30               419       
 NEXT SEEDS:36E622DC       0       0       0       0       0      36    3039       0       0
       2120                    33                    33             9.7679871E-03         1.0000000E+30               419       
 NEXT SEEDS:37041F1F       0       0       0       0       0      36    3039       0       0
       2121                    32                    32             9.7634636E-03         1.0000000E+30               419       
 NEXT SEEDS:37041F37       0       0       0       0       0      36    3039       0       0
       2122                    31                    31             9.7589183E-03         1.0000000E+30               419       
 NEXT SEEDS:37041F4B       0       0       0       0       0      36    3039       0       0
       2123                    30                    30             9.7620300E-03         1.0000000E+30               419       
 NEXT SEEDS:3707417D       0       0       0       0       0      36    3039       0       0
       2124                    29                    29             9.7643368E-03         1.0000000E+30               419       
 NEXT SEEDS:370A0143       0       0       0       0       0      36    3039       0       0
       2125                    28                    28             9.7609697E-03         1.0000000E+30               419       
 NEXT SEEDS:370A69D2       0       0       0       0       0      36    3039       0       0
       2126                    27                    27             9.7564386E-03         1.0000000E+30               419       
 NEXT SEEDS:370A69E6       0       0       0       0       0      36    3039       0       0
       2127                    26                    26             9.7519010E-03         1.0000000E+30               419       
 NEXT SEEDS:370A69EA       0       0       0       0       0      36    3039       0       0
       2128                    25                    25             9.7540783E-03         1.0000000E+30               421       
 NEXT SEEDS:370D1D7D       0       0       0       0       0      36    3039       0       0
       2129                    24                    24             9.7571915E-03         1.0000000E+30               421       
 NEXT SEEDS:3710409F       0       0       0       0       0      36    3039       0       0
       2130                    23                    23             9.7526680E-03         1.0000000E+30               421       
 NEXT SEEDS:371040A3       0       0       0       0       0      36    3039       0       0
       2131                    22                    22             9.7481460E-03         1.0000000E+30               421       
 NEXT SEEDS:371040A7       0       0       0       0       0      36    3039       0       0
       2132                    21                    21             9.7436238E-03         1.0000000E+30               421       
 NEXT SEEDS:371040AB       0       0       0       0       0      36    3039       0       0
       2133                    20                    20             9.7433257E-03         1.0000000E+30               421       
 NEXT SEEDS:37120AAA       0       0       0       0       0      36    3039       0       0
       2134                    19                    19             9.7389798E-03         1.0000000E+30               421       
 NEXT SEEDS:37121943       0       0       0       0       0      36    3039       0       0
       2135                    18                    18             9.7385920E-03         1.0000000E+30               423       
 NEXT SEEDS:3713BDD7       0       0       0       0       0      36    3039       0       0
       2136                    17                    17             9.7400897E-03         1.0000000E+30               423       
 NEXT SEEDS:37163F05       0       0       0       0       0      36    3039       0       0
       2137                    16                    16             9.7365288E-03         1.0000000E+30               423       
 NEXT SEEDS:37168E6C       0       0       0       0       0      36    3039       0       0
       2138                    15                    15             9.7324627E-03         1.0000000E+30               423       
 NEXT SEEDS:3716B430       0       0       0       0       0      36    3039       0       0
       2139                    14                    14             9.7405303E-03         1.0000000E+30               423       
 NEXT SEEDS:371BF028       0       0       0       0       0      36    3039       0       0
       2140                    13                    13             9.7417773E-03         1.0000000E+30               423       
 NEXT SEEDS:371E4EA6       0       0       0       0       0      36    3039       0       0
       2141                    12                    12             9.7372851E-03         1.0000000E+30               423       
 NEXT SEEDS:371E4EAA       0       0       0       0       0      36    3039       0       0
       2142                    11                    11             9.7378104E-03         1.0000000E+30               423       
 NEXT SEEDS:37205419       0       0       0       0       0      36    3039       0       0
       2143                    10                    10             9.7333260E-03         1.0000000E+30               423       
 NEXT SEEDS:3720542F       0       0       0       0       0      36    3039       0       0
       2144                     9                     9             9.7288432E-03         1.0000000E+30               423       
 NEXT SEEDS:37205433       0       0       0       0       0      36    3039       0       0
       2145                     8                     8             9.7284442E-03         1.0000000E+30               423       
 NEXT SEEDS:37221305       0       0       0       0       0      36    3039       0       0
       2146                     7                     7             9.7239660E-03         1.0000000E+30               423       
 NEXT SEEDS:37221309       0       0       0       0       0      36    3039       0       0
       2147                     6                     6             9.7196110E-03         1.0000000E+30               423       
 NEXT SEEDS:37221DA6       0       0       0       0       0      36    3039       0       0
       2148                     5                     5             9.7153835E-03         1.0000000E+30               423       
 NEXT SEEDS:372234C2       0       0       0       0       0      36    3039       0       0
       2149                     4                     4             9.7109141E-03         1.0000000E+30               423       
 NEXT SEEDS:372234C6       0       0       0       0       0      36    3039       0       0
       2150                     3                     3             9.7064480E-03         1.0000000E+30               423       
 NEXT SEEDS:372234CA       0       0       0       0       0      36    3039       0       0
       2151                     2                     2             9.7250932E-03         1.0000000E+30               423       
 NEXT SEEDS:372BB8E5       0       0       0       0       0      36    3039       0       0
       2152                     1                     1             9.7206335E-03         1.0000000E+30               423       
 NEXT SEEDS:372BB8F9       0       0       0       0       0      36    3039       0       0
       2153                     0                     1             9.7211079E-03         1.0000000E+30               423       
 NEXT SEEDS:372DA10E       0       0       0       0       0      36    3039       0       0
