1NUMBER OF BEAM       NUMBER OF BEAM        APPROXIMATE NUMBER    AVERAGE TIME USED     TIME LEFT (RESERVED   NUMBER OF STARS
 PARTICLES HANDLED    PARTICLES LEFT        OF BEAM PARTICLES     BY A BEAM PARTICLE     10000.0 SECONDS      CREATED
                                            THAT CAN STILL BE                           FOR PRINTOUT)
                                            HANDLED

 NEXT SEEDS:3A251F4D       0       0       0       0       0   181CD    3039       0       0
          1                  2152                  2152             3.0550957E-03         1.0000000E+30                 0       
 NEXT SEEDS:3A25890E       0       0       0       0       0   181CD    3039       0       0
         40                  2113                  2113             8.8794768E-03         1.0000000E+30                 2       
 NEXT SEEDS:3A63C2CA       0       0       0       0       0   181CD    3039       0       0
         80                  2073                  2073             1.3170815E-02         1.0000000E+30                 3       
 NEXT SEEDS:3ADFC1A2       0       0       0       0       0   181CD    3039       0       0
        120                  2033                  2033             1.1350642E-02         1.0000000E+30                 6       
 NEXT SEEDS:3B17C785       0       0       0       0       0   181CD    3039       0       0
        160                  1993                  1993             1.0392119E-02         1.0000000E+30                25       
 NEXT SEEDS:3B4E4FEB       0       0       0       0       0   181CD    3039       0       0
        200                  1953                  1953             9.5175302E-03         1.0000000E+30                25       
 NEXT SEEDS:3B795ADF       0       0       0       0       0   181CD    3039       0       0
        240                  1913                  1913             1.0085463E-02         1.0000000E+30                31       
 NEXT SEEDS:  3B7AA5       1       0       0       0       0   181CD    3039       0       0
        280                  1873                  1873             1.0159328E-02         1.0000000E+30                34       
 NEXT SEEDS:  894033       1       0       0       0       0   181CD    3039       0       0
        320                  1833                  1833             1.0004903E-02         1.0000000E+30                36       
 NEXT SEEDS:  C91334       1       0       0       0       0   181CD    3039       0       0
        360                  1793                  1793             1.0055025E-02         1.0000000E+30                39       
 NEXT SEEDS: 11472ED       1       0       0       0       0   181CD    3039       0       0
        400                  1753                  1753             1.0021012E-02         1.0000000E+30                46       
 NEXT SEEDS: 15B55BB       1       0       0       0       0   181CD    3039       0       0
        440                  1713                  1713             9.5254091E-03         1.0000000E+30                46       
 NEXT SEEDS: 17C39F4       1       0       0       0       0   181CD    3039       0       0
        480                  1673                  1673             9.5881109E-03         1.0000000E+30                58       
 NEXT SEEDS: 1C671EA       1       0       0       0       0   181CD    3039       0       0
        520                  1633                  1633             9.4211005E-03         1.0000000E+30                59       
 NEXT SEEDS: 1FB9B79       1       0       0       0       0   181CD    3039       0       0
        560                  1593                  1593             9.2273265E-03         1.0000000E+30                60       
 NEXT SEEDS: 22B98FF       1       0       0       0       0   181CD    3039       0       0
        600                  1553                  1553             9.6387080E-03         1.0000000E+30                63       
 NEXT SEEDS: 29A70E6       1       0       0       0       0   181CD    3039       0       0
        640                  1513                  1513             9.5781084E-03         1.0000000E+30                64       
 NEXT SEEDS: 2D85184       1       0       0       0       0   181CD    3039       0       0
        680                  1473                  1473             9.6212313E-03         1.0000000E+30                69       
 NEXT SEEDS: 3233EE5       1       0       0       0       0   181CD    3039       0       0
        720                  1433                  1433             9.5986906E-03         1.0000000E+30                70       
 NEXT SEEDS: 365DDBF       1       0       0       0       0   181CD    3039       0       0
        760                  1393                  1393             9.7074242E-03         1.0000000E+30                72       
 NEXT SEEDS: 3B7B686       1       0       0       0       0   181CD    3039       0       0
        800                  1353                  1353             9.5869359E-03         1.0000000E+30                75       
 NEXT SEEDS: 3EBCEF4       1       0       0       0       0   181CD    3039       0       0
        840                  1313                  1313             9.5108654E-03         1.0000000E+30                75       
 NEXT SEEDS: 42676E3       1       0       0       0       0   181CD    3039       0       0
        880                  1273                  1273             9.6924725E-03         1.0000000E+30               106       
 NEXT SEEDS: 4843E84       1       0       0       0       0   181CD    3039       0       0
        920                  1233                  1233             9.5839840E-03         1.0000000E+30               118       
 NEXT SEEDS: 4B82808       1       0       0       0       0   181CD    3039       0       0
        960                  1193                  1193             9.6309550E-03         1.0000000E+30               122       
 NEXT SEEDS: 5048A03       1       0       0       0       0   181CD    3039       0       0
       1000                  1153                  1153             9.9600618E-03         1.0000000E+30               122       
 NEXT SEEDS: 58924A2       1       0       0       0       0   181CD    3039       0       0
       1040                  1113                  1113             9.8468723E-03         1.0000000E+30               125       
 NEXT SEEDS: 5BAFF16       1       0       0       0       0   181CD    3039       0       0
       1080                  1073                  1073             9.7111629E-03         1.0000000E+30               126       
 NEXT SEEDS: 5E6FAAB       1       0       0       0       0   181CD    3039       0       0
       1120                  1033                  1033             1.0485988E-02         1.0000000E+30               130       
 NEXT SEEDS: 6CE34A3       1       0       0       0       0   181CD    3039       0       0
       1160                   993                   993             1.0446113E-02         1.0000000E+30               133       
 NEXT SEEDS: 711ABDD       1       0       0       0       0   181CD    3039       0       0
       1200                   953                   953             1.0305836E-02         1.0000000E+30               134       
 NEXT SEEDS: 73EE83E       1       0       0       0       0   181CD    3039       0       0
       1240                   913                   913             1.0198850E-02         1.0000000E+30               135       
 NEXT SEEDS: 76F95E4       1       0       0       0       0   181CD    3039       0       0
       1280                   873                   873             1.0121380E-02         1.0000000E+30               137       
 NEXT SEEDS: 7A66E82       1       0       0       0       0   181CD    3039       0       0
       1320                   833                   833             9.9905077E-03         1.0000000E+30               138       
 NEXT SEEDS: 7D02FC5       1       0       0       0       0   181CD    3039       0       0
       1360                   793                   793             9.8598023E-03         1.0000000E+30               140       
 NEXT SEEDS: 7F8728A       1       0       0       0       0   181CD    3039       0       0
       1400                   753                   753             9.9490566E-03         1.0000000E+30               140       
 NEXT SEEDS: 85726A7       1       0       0       0       0   181CD    3039       0       0
       1440                   713                   713             9.8745682E-03         1.0000000E+30               140       
 NEXT SEEDS: 88B6620       1       0       0       0       0   181CD    3039       0       0
       1480                   673                   673             9.7637362E-03         1.0000000E+30               140       
 NEXT SEEDS: 8B4D7DB       1       0       0       0       0   181CD    3039       0       0
       1520                   633                   633             9.7555165E-03         1.0000000E+30               147       
 NEXT SEEDS: 8FA4489       1       0       0       0       0   181CD    3039       0       0
       1560                   593                   593             9.7042834E-03         1.0000000E+30               150       
 NEXT SEEDS: 932C1D9       1       0       0       0       0   181CD    3039       0       0
       1600                   553                   553             9.6901421E-03         1.0000000E+30               152       
 NEXT SEEDS: 97475EE       1       0       0       0       0   181CD    3039       0       0
       1640                   513                   513             9.6029414E-03         1.0000000E+30               153       
 NEXT SEEDS: 9A0D277       1       0       0       0       0   181CD    3039       0       0
       1680                   473                   473             9.7158414E-03         1.0000000E+30               216       
 NEXT SEEDS: A09B903       1       0       0       0       0   181CD    3039       0       0
       1720                   433                   433             9.6688984E-03         1.0000000E+30               221       
 NEXT SEEDS: A3F2182       1       0       0       0       0   181CD    3039       0       0
       1760                   393                   393             9.6629591E-03         1.0000000E+30               234       
 NEXT SEEDS: A83F2A9       1       0       0       0       0   181CD    3039       0       0
       1800                   353                   353             9.5923173E-03         1.0000000E+30               240       
 NEXT SEEDS: AB2B3F9       1       0       0       0       0   181CD    3039       0       0
       1840                   313                   313             9.7309935E-03         1.0000000E+30               243       
 NEXT SEEDS: B23A926       1       0       0       0       0   181CD    3039       0       0
  Comptn_2: TXYZ:  0.99999999999849409       U,V,W   8.8474038079496609E-002  -5.7948193962062078E-002 -0.99439144777141819     
       1880                   273                   273             9.6844789E-03         1.0000000E+30               245       
 NEXT SEEDS: B599067       1       0       0       0       0   181CD    3039       0       0
       1920                   233                   233             9.6280569E-03         1.0000000E+30               245       
 NEXT SEEDS: B8C10A6       1       0       0       0       0   181CD    3039       0       0
       1960                   193                   193             9.6349506E-03         1.0000000E+30               247       
 NEXT SEEDS: BD53F47       1       0       0       0       0   181CD    3039       0       0
       2000                   153                   153             9.6425937E-03         1.0000000E+30               248       
 NEXT SEEDS: C1E29AE       1       0       0       0       0   181CD    3039       0       0
       2040                   113                   113             9.5632145E-03         1.0000000E+30               251       
 NEXT SEEDS: C4421A0       1       0       0       0       0   181CD    3039       0       0
       2080                    73                    73             9.5555657E-03         1.0000000E+30               254       
 NEXT SEEDS: C8514C1       1       0       0       0       0   181CD    3039       0       0
       2103                    50                    50             9.5700037E-03         1.0000000E+30               255       
 NEXT SEEDS: CB292AB       1       0       0       0       0   181CD    3039       0       0
       2104                    49                    49             9.5660409E-03         1.0000000E+30               255       
 NEXT SEEDS: CB2BAE7       1       0       0       0       0   181CD    3039       0       0
       2105                    48                    48             9.5619867E-03         1.0000000E+30               255       
 NEXT SEEDS: CB2DF1F       1       0       0       0       0   181CD    3039       0       0
       2106                    47                    47             9.5624021E-03         1.0000000E+30               255       
 NEXT SEEDS: CB4D785       1       0       0       0       0   181CD    3039       0       0
       2107                    46                    46             9.5639144E-03         1.0000000E+30               255       
 NEXT SEEDS: CB73EC2       1       0       0       0       0   181CD    3039       0       0
       2108                    45                    45             9.6454244E-03         1.0000000E+30               255       
 NEXT SEEDS: CD7EF27       1       0       0       0       0   181CD    3039       0       0
       2109                    44                    44             9.6482045E-03         1.0000000E+30               255       
 NEXT SEEDS: CDAE091       1       0       0       0       0   181CD    3039       0       0
       2110                    43                    43             9.6512956E-03         1.0000000E+30               255       
 NEXT SEEDS: CDD9D36       1       0       0       0       0   181CD    3039       0       0
       2111                    42                    42             9.6471520E-03         1.0000000E+30               255       
 NEXT SEEDS: CDDBB80       1       0       0       0       0   181CD    3039       0       0
       2112                    41                    41             9.6432615E-03         1.0000000E+30               255       
 NEXT SEEDS: CDDEF29       1       0       0       0       0   181CD    3039       0       0
       2113                    40                    40             9.6437392E-03         1.0000000E+30               255       
 NEXT SEEDS: CDFDFD0       1       0       0       0       0   181CD    3039       0       0
       2114                    39                    39             9.6453794E-03         1.0000000E+30               255       
 NEXT SEEDS: CE23F60       1       0       0       0       0   181CD    3039       0       0
       2115                    38                    38             9.6465238E-03         1.0000000E+30               255       
 NEXT SEEDS: CE45358       1       0       0       0       0   181CD    3039       0       0
       2116                    37                    37             9.8708297E-03         1.0000000E+30               255       
 NEXT SEEDS: D3F8EC7       1       0       0       0       0   181CD    3039       0       0
       2117                    36                    36             9.8722801E-03         1.0000000E+30               255       
 NEXT SEEDS: D41CA66       1       0       0       0       0   181CD    3039       0       0
       2118                    35                    35             9.8713013E-03         1.0000000E+30               255       
 NEXT SEEDS: D433C22       1       0       0       0       0   181CD    3039       0       0
       2119                    34                    34             9.8672153E-03         1.0000000E+30               255       
 NEXT SEEDS: D43648C       1       0       0       0       0   181CD    3039       0       0
       2120                    33                    33             9.8626140E-03         1.0000000E+30               255       
 NEXT SEEDS: D436490       1       0       0       0       0   181CD    3039       0       0
       2121                    32                    32             9.8580225E-03         1.0000000E+30               255       
 NEXT SEEDS: D436494       1       0       0       0       0   181CD    3039       0       0
       2122                    31                    31             9.8616651E-03         1.0000000E+30               255       
 NEXT SEEDS: D46A945       1       0       0       0       0   181CD    3039       0       0
       2123                    30                    30             9.8573119E-03         1.0000000E+30               255       
 NEXT SEEDS: D46BC79       1       0       0       0       0   181CD    3039       0       0
       2124                    29                    29             9.8629872E-03         1.0000000E+30               255       
 NEXT SEEDS: D4A63A6       1       0       0       0       0   181CD    3039       0       0
       2125                    28                    28             9.8584024E-03         1.0000000E+30               255       
 NEXT SEEDS: D4A63AA       1       0       0       0       0   181CD    3039       0       0
       2126                    27                    27             9.8538155E-03         1.0000000E+30               255       
 NEXT SEEDS: D4A63AE       1       0       0       0       0   181CD    3039       0       0
       2127                    26                    26             9.8495810E-03         1.0000000E+30               255       
 NEXT SEEDS: D4A7F90       1       0       0       0       0   181CD    3039       0       0
       2128                    25                    25             9.8506090E-03         1.0000000E+30               255       
 NEXT SEEDS: D4C83F0       1       0       0       0       0   181CD    3039       0       0
       2129                    24                    24             9.8522569E-03         1.0000000E+30               255       
 NEXT SEEDS: D4F05C5       1       0       0       0       0   181CD    3039       0       0
       2130                    23                    23             9.8585302E-03         1.0000000E+30               255       
 NEXT SEEDS: D5362AE       1       0       0       0       0   181CD    3039       0       0
       2131                    22                    22             9.8559572E-03         1.0000000E+30               255       
 NEXT SEEDS: D541195       1       0       0       0       0   181CD    3039       0       0
       2132                    21                    21             9.8556599E-03         1.0000000E+30               255       
 NEXT SEEDS: D55D241       1       0       0       0       0   181CD    3039       0       0
       2133                    20                    20             9.8518030E-03         1.0000000E+30               255       
 NEXT SEEDS: D56073B       1       0       0       0       0   181CD    3039       0       0
       2134                    19                    19             9.8528727E-03         1.0000000E+30               256       
 NEXT SEEDS: D582D0B       1       0       0       0       0   181CD    3039       0       0
       2135                    18                    18             9.8537020E-03         1.0000000E+30               256       
 NEXT SEEDS: D5A0FD6       1       0       0       0       0   181CD    3039       0       0
       2136                    17                    17             9.8496880E-03         1.0000000E+30               256       
 NEXT SEEDS: D5A3A8F       1       0       0       0       0   181CD    3039       0       0
       2137                    16                    16             9.8451324E-03         1.0000000E+30               256       
 NEXT SEEDS: D5A3A93       1       0       0       0       0   181CD    3039       0       0
       2138                    15                    15             9.8405784E-03         1.0000000E+30               256       
 NEXT SEEDS: D5A3A97       1       0       0       0       0   181CD    3039       0       0
       2139                    14                    14             9.8414601E-03         1.0000000E+30               256       
 NEXT SEEDS: D5C66AD       1       0       0       0       0   181CD    3039       0       0
       2140                    13                    13             9.8369352E-03         1.0000000E+30               256       
 NEXT SEEDS: D5C6781       1       0       0       0       0   181CD    3039       0       0
       2141                    12                    12             9.8409117E-03         1.0000000E+30               256       
 NEXT SEEDS: D5FCE02       1       0       0       0       0   181CD    3039       0       0
       2142                    11                    11             9.8448391E-03         1.0000000E+30               256       
 NEXT SEEDS: D63323E       1       0       0       0       0   181CD    3039       0       0
       2143                    10                    10             9.8447612E-03         1.0000000E+30               256       
 NEXT SEEDS: D64DE6A       1       0       0       0       0   181CD    3039       0       0
       2144                     9                     9             9.8402245E-03         1.0000000E+30               256       
 NEXT SEEDS: D64DE6E       1       0       0       0       0   181CD    3039       0       0
       2145                     8                     8             9.8356868E-03         1.0000000E+30               256       
 NEXT SEEDS: D64DE72       1       0       0       0       0   181CD    3039       0       0
       2146                     7                     7             9.8311507E-03         1.0000000E+30               256       
 NEXT SEEDS: D64DE76       1       0       0       0       0   181CD    3039       0       0
       2147                     6                     6             9.8265717E-03         1.0000000E+30               256       
 NEXT SEEDS: D64DE7A       1       0       0       0       0   181CD    3039       0       0
       2148                     5                     5             9.8219969E-03         1.0000000E+30               256       
 NEXT SEEDS: D650814       1       0       0       0       0   181CD    3039       0       0
       2149                     4                     4             9.8174264E-03         1.0000000E+30               256       
 NEXT SEEDS: D65082B       1       0       0       0       0   181CD    3039       0       0
       2150                     3                     3             9.8128602E-03         1.0000000E+30               256       
 NEXT SEEDS: D65082F       1       0       0       0       0   181CD    3039       0       0
       2151                     2                     2             9.8150701E-03         1.0000000E+30               256       
 NEXT SEEDS: D682419       1       0       0       0       0   181CD    3039       0       0
       2152                     1                     1             9.8205325E-03         1.0000000E+30               256       
 NEXT SEEDS: D6C2172       1       0       0       0       0   181CD    3039       0       0
       2153                     0                     1             9.8160243E-03         1.0000000E+30               256       
 NEXT SEEDS: D6C2176       1       0       0       0       0   181CD    3039       0       0
