1NUMBER OF BEAM       NUMBER OF BEAM        APPROXIMATE NUMBER    AVERAGE TIME USED     TIME LEFT (RESERVED   NUMBER OF STARS
 PARTICLES HANDLED    PARTICLES LEFT        OF BEAM PARTICLES     BY A BEAM PARTICLE     10000.0 SECONDS      CREATED
                                            THAT CAN STILL BE                           FOR PRINTOUT)
                                            HANDLED

 NEXT SEEDS:       0       0       0       0       0       0       6    3039       0       0
          1                  2152                  2152             2.4349689E-03         1.0000000E+30                 0       
 NEXT SEEDS:    4872       0       0       0       0       0       6    3039       0       0
         40                  2113                  2113             3.7846625E-02         1.0000000E+30                44       
 NEXT SEEDS: 11844C2       0       0       0       0       0       6    3039       0       0
         80                  2073                  2073             4.1623735E-02         1.0000000E+30                50       
 NEXT SEEDS: 26CF7DE       0       0       0       0       0       6    3039       0       0
        120                  2033                  2033             4.2301540E-02         1.0000000E+30                58       
 NEXT SEEDS: 3AEB37A       0       0       0       0       0       6    3039       0       0
  *** Kaon: P_min > 1.5 GeV/c:           24   3.2110595045068164     
  *** Kbar: P_min > 1.8 GeV/c:           25   2.0812313772111271     
  *** Kbar: P_min > 1.8 GeV/c:           25   2.0800547873608890     
  *** Kbar: P_min > 1.8 GeV/c:           25   1.9809883054159081     
  *** Kbar: P_min > 1.8 GeV/c:           25   1.9334312749757023     
  *** Kaon: P_min > 1.5 GeV/c:           24   3.2092274355180548     
  *** Kaon: P_min > 1.5 GeV/c:           24   3.6448665434129706     
  *** Kaon: P_min > 1.5 GeV/c:           24   4.0224826170764372     
  *** Kaon: P_min > 1.5 GeV/c:           24   3.0647453377158218     
  Comptn_2: TXYZ:   1.0000000000031002       U,V,W  0.71071090615794219       0.70329228653260145        1.6430690034269446E-002
  *** Kaon: P_min > 1.5 GeV/c:           24   6.2835929184036585     
  *** Kaon: P_min > 1.5 GeV/c:           24   6.2712550077483256     
  *** Kaon: P_min > 1.5 GeV/c:           24   5.4230251225891903     
  *** Kaon: P_min > 1.5 GeV/c:           24   4.7846543275434446     
  *** Kaon: P_min > 1.5 GeV/c:           24   4.1666409281117476     
  *** Kaon: P_min > 1.5 GeV/c:           24   5.6902258086075328     
  *** Kaon: P_min > 1.5 GeV/c:           24   4.1402121983325335     
  *** Kaon: P_min > 1.5 GeV/c:           24   4.3161081875757166     
  *** Kbar: P_min > 1.8 GeV/c:           25   8.0824378325762929     
  *** Kbar: P_min > 1.8 GeV/c:           25   8.0823806389143691     
  *** Kbar: P_min > 1.8 GeV/c:           25   6.7099866654444948     
        160                  1993                  1993             5.0039089E-02         1.0000000E+30               256       
 NEXT SEEDS: 5D09E70       0       0       0       0       0       6    3039       0       0
        200                  1953                  1953             5.1584167E-02         1.0000000E+30               258       
 NEXT SEEDS: 7682A96       0       0       0       0       0       6    3039       0       0
        240                  1913                  1913             5.0999320E-02         1.0000000E+30               258       
 NEXT SEEDS: 8BF3C51       0       0       0       0       0       6    3039       0       0
  Comptn_2: TXYZ:   1.0000000000011726       U,V,W  0.24125509080072050      -0.79247394533422622      -0.56016160804745851     
        280                  1873                  1873             5.0160885E-02         1.0000000E+30               277       
 NEXT SEEDS: A0D4461       0       0       0       0       0       6    3039       0       0
        320                  1833                  1833             4.9164248E-02         1.0000000E+30               288       
 NEXT SEEDS: B463BC4       0       0       0       0       0       6    3039       0       0
        360                  1793                  1793             4.7785881E-02         1.0000000E+30               288       
 NEXT SEEDS: C53F5FF       0       0       0       0       0       6    3039       0       0
        400                  1753                  1753             4.5831614E-02         1.0000000E+30               288       
 NEXT SEEDS: D28427F       0       0       0       0       0       6    3039       0       0
  Comptn_2: TXYZ:   1.0000000000026656       U,V,W -0.72644249323678167      -0.63231189131248122       0.26918947997168630     
        440                  1713                  1713             4.4501422E-02         1.0000000E+30               289       
 NEXT SEEDS: E05C2D4       0       0       0       0       0       6    3039       0       0
        480                  1673                  1673             4.3170933E-02         1.0000000E+30               307       
 NEXT SEEDS: ED76445       0       0       0       0       0       6    3039       0       0
        520                  1633                  1633             4.2945506E-02         1.0000000E+30               355       
 NEXT SEEDS: FF92669       0       0       0       0       0       6    3039       0       0
  Comptn_2: TXYZ:  0.99999999999879030       U,V,W   4.2601054043217346E-002   3.1548088609113734E-002 -0.99859394565474346     
        560                  1593                  1593             4.3220401E-02         1.0000000E+30               355       
 NEXT SEEDS:11570883       0       0       0       0       0       6    3039       0       0
        600                  1553                  1553             4.6653004E-02         1.0000000E+30               356       
 NEXT SEEDS:141803FD       0       0       0       0       0       6    3039       0       0
  *** Hhflev: call to Hadriv !! ***  0.81913363958105945        3.5000000000000000        1.5673042409409998               23 T F T
        640                  1513                  1513             5.2516624E-02         1.0000000E+30               401       
 NEXT SEEDS:1810BCD3       0       0       0       0       0       6    3039       0       0
        680                  1473                  1473             5.4051851E-02         1.0000000E+30               404       
 NEXT SEEDS:1A64F5FF       0       0       0       0       0       6    3039       0       0
        720                  1433                  1433             6.1091696E-02         1.0000000E+30               407       
 NEXT SEEDS:1FBE19F2       0       0       0       0       0       6    3039       0       0
        760                  1393                  1393             5.9926663E-02         1.0000000E+30               408       
 NEXT SEEDS:20E097D1       0       0       0       0       0       6    3039       0       0
        800                  1353                  1353             5.9158170E-02         1.0000000E+30               408       
 NEXT SEEDS:2229AFCF       0       0       0       0       0       6    3039       0       0
  Comptn_2: TXYZ:  0.99999999996221223       U,V,W  0.33022538668268453        3.2214932672445684E-002 -0.94335220997535885     
        840                  1313                  1313             5.9132810E-02         1.0000000E+30               415       
 NEXT SEEDS:23D70588       0       0       0       0       0       6    3039       0       0
        880                  1273                  1273             5.8156891E-02         1.0000000E+30               416       
 NEXT SEEDS:24F22D64       0       0       0       0       0       6    3039       0       0
        920                  1233                  1233             5.8418666E-02         1.0000000E+30               416       
 NEXT SEEDS:26C1BD0E       0       0       0       0       0       6    3039       0       0
  Comptn_2: TXYZ:   1.0000000000019631       U,V,W  0.86185481588733737       0.12372260685712178       0.49183228125677658     
        960                  1193                  1193             6.1122864E-02         1.0000000E+30               416       
 NEXT SEEDS:2A502935       0       0       0       0       0       6    3039       0       0
       1000                  1153                  1153             6.0038465E-02         1.0000000E+30               425       
 NEXT SEEDS:2B4C6822       0       0       0       0       0       6    3039       0       0
       1040                  1113                  1113             6.2563462E-02         1.0000000E+30               700       
 NEXT SEEDS:2EFA915E       0       0       0       0       0       6    3039       0       0
       1080                  1073                  1073             6.2014825E-02         1.0000000E+30               728       
 NEXT SEEDS:305846DB       0       0       0       0       0       6    3039       0       0
       1120                  1033                  1033             6.0930782E-02         1.0000000E+30               728       
 NEXT SEEDS:313C4744       0       0       0       0       0       6    3039       0       0
  Comptn_2: TXYZ:  0.99999999999728839       U,V,W -0.10079694938711725      -0.99449736381773501       -2.8547650535813318E-002
  Comptn_2: TXYZ:   1.0000000000092428       U,V,W -0.88820574084329706      -0.43798214856129647      -0.13878832618013348     
       1160                   993                   993             6.4772696E-02         1.0000000E+30               729       
 NEXT SEEDS:36267C00       0       0       0       0       0       6    3039       0       0
       1200                   953                   953             6.4065531E-02         1.0000000E+30               732       
 NEXT SEEDS:376C4EA8       0       0       0       0       0       6    3039       0       0
  Comptn_2: TXYZ:  0.99999999999766609       U,V,W  0.81119811330153091       -9.7253939659282196E-002  0.57662751598796547     
       1240                   913                   913             6.3711036E-02         1.0000000E+30               735       
 NEXT SEEDS:38F70537       0       0       0       0       0       6    3039       0       0
       1280                   873                   873             6.2592332E-02         1.0000000E+30               736       
 NEXT SEEDS:39C1F604       0       0       0       0       0       6    3039       0       0
       1320                   833                   833             6.1665771E-02         1.0000000E+30               854       
 NEXT SEEDS:3AABACE9       0       0       0       0       0       6    3039       0       0
       1360                   793                   793             6.5397334E-02         1.0000000E+30               984       
 NEXT SEEDS: 4A02B83       1       0       0       0       0       6    3039       0       0
       1400                   753                   753             6.4437031E-02         1.0000000E+30               985       
 NEXT SEEDS: 58766D7       1       0       0       0       0       6    3039       0       0
       1440                   713                   713             6.3586737E-02         1.0000000E+30              1096       
 NEXT SEEDS: 681E875       1       0       0       0       0       6    3039       0       0
       1480                   673                   673             6.2927265E-02         1.0000000E+30              1119       
 NEXT SEEDS: 7A1DA46       1       0       0       0       0       6    3039       0       0
  Comptn_2: TXYZ:  0.99999999999827627       U,V,W  0.96808994818790683       -9.7234953150802994E-002 -0.23097016279505311     
       1520                   633                   633             6.3371220E-02         1.0000000E+30              1119       
 NEXT SEEDS: 9F5978D       1       0       0       0       0       6    3039       0       0
       1560                   593                   593             6.2479086E-02         1.0000000E+30              1121       
 NEXT SEEDS: AC662F8       1       0       0       0       0       6    3039       0       0
       1600                   553                   553             6.1982673E-02         1.0000000E+30              1130       
 NEXT SEEDS: C00ACD0       1       0       0       0       0       6    3039       0       0
       1640                   513                   513             6.3727271E-02         1.0000000E+30              1132       
 NEXT SEEDS: FB69FD0       1       0       0       0       0       6    3039       0       0
       1680                   473                   473             6.4376049E-02         1.0000000E+30              1133       
 NEXT SEEDS:1242FA92       1       0       0       0       0       6    3039       0       0
       1720                   433                   433             6.3505549E-02         1.0000000E+30              1133       
 NEXT SEEDS:1302D2D3       1       0       0       0       0       6    3039       0       0
  Comptn_2: TXYZ:   1.0000000000036713       U,V,W -0.15819803321153358       0.81452623921794043       0.55814011495067462     
       1760                   393                   393             6.2691345E-02         1.0000000E+30              1133       
 NEXT SEEDS:13C83708       1       0       0       0       0       6    3039       0       0
       1800                   353                   353             6.3880080E-02         1.0000000E+30              1241       
 NEXT SEEDS:17236217       1       0       0       0       0       6    3039       0       0
  Comptn_2: TXYZ:   1.0000000000083045       U,V,W  -5.5194513449634997E-002   3.4743978558978483E-002 -0.99787094438472135     
       1840                   313                   313             6.3253323E-02         1.0000000E+30              1267       
 NEXT SEEDS:1821F085       1       0       0       0       0       6    3039       0       0
       1880                   273                   273             6.2866847E-02         1.0000000E+30              1492       
 NEXT SEEDS:19676E37       1       0       0       0       0       6    3039       0       0
       1920                   233                   233             6.3307984E-02         1.0000000E+30              1494       
 NEXT SEEDS:1BC32FB2       1       0       0       0       0       6    3039       0       0
       1960                   193                   193             6.2928537E-02         1.0000000E+30              1655       
 NEXT SEEDS:1D037F97       1       0       0       0       0       6    3039       0       0
       2000                   153                   153             6.2335216E-02         1.0000000E+30              1657       
 NEXT SEEDS:1DEF0EB0       1       0       0       0       0       6    3039       0       0
       2040                   113                   113             6.1843344E-02         1.0000000E+30              1745       
 NEXT SEEDS:1EFBD6F6       1       0       0       0       0       6    3039       0       0
       2080                    73                    73             6.1778291E-02         1.0000000E+30              1747       
 NEXT SEEDS:20A9A114       1       0       0       0       0       6    3039       0       0
       2103                    50                    50             6.1505707E-02         1.0000000E+30              1748       
 NEXT SEEDS:2143C1BB       1       0       0       0       0       6    3039       0       0
       2104                    49                    49             6.1535240E-02         1.0000000E+30              1748       
 NEXT SEEDS:215A4644       1       0       0       0       0       6    3039       0       0
       2105                    48                    48             6.1539714E-02         1.0000000E+30              1748       
 NEXT SEEDS:21677847       1       0       0       0       0       6    3039       0       0
       2106                    47                    47             6.1549690E-02         1.0000000E+30              1748       
 NEXT SEEDS:21767F2E       1       0       0       0       0       6    3039       0       0
       2107                    46                    46             6.1523788E-02         1.0000000E+30              1748       
 NEXT SEEDS:21778BFE       1       0       0       0       0       6    3039       0       0
       2108                    45                    45             6.1555138E-02         1.0000000E+30              1748       
 NEXT SEEDS:218D1EC6       1       0       0       0       0       6    3039       0       0
       2109                    44                    44             6.1549624E-02         1.0000000E+30              1748       
 NEXT SEEDS:21965956       1       0       0       0       0       6    3039       0       0
       2110                    43                    43             6.1535163E-02         1.0000000E+30              1749       
 NEXT SEEDS:219BF123       1       0       0       0       0       6    3039       0       0
       2111                    42                    42             6.1506743E-02         1.0000000E+30              1749       
 NEXT SEEDS:219C242C       1       0       0       0       0       6    3039       0       0
       2112                    41                    41             6.1478755E-02         1.0000000E+30              1749       
 NEXT SEEDS:219C86EF       1       0       0       0       0       6    3039       0       0
       2113                    40                    40             6.1450251E-02         1.0000000E+30              1750       
 NEXT SEEDS:219CAE69       1       0       0       0       0       6    3039       0       0
       2114                    39                    39             6.1421241E-02         1.0000000E+30              1750       
 NEXT SEEDS:219CAE81       1       0       0       0       0       6    3039       0       0
       2115                    38                    38             6.1394877E-02         1.0000000E+30              1750       
 NEXT SEEDS:219D96F6       1       0       0       0       0       6    3039       0       0
       2116                    37                    37             6.1437822E-02         1.0000000E+30              1750       
 NEXT SEEDS:21B97F3B       1       0       0       0       0       6    3039       0       0
       2117                    36                    36             6.1408859E-02         1.0000000E+30              1750       
 NEXT SEEDS:21B97F3F       1       0       0       0       0       6    3039       0       0
       2118                    35                    35             6.1379915E-02         1.0000000E+30              1750       
 NEXT SEEDS:21B97F43       1       0       0       0       0       6    3039       0       0
       2119                    34                    34             6.1386507E-02         1.0000000E+30              1750       
 NEXT SEEDS:21C7B777       1       0       0       0       0       6    3039       0       0
       2120                    33                    33             6.1395079E-02         1.0000000E+30              1750       
 NEXT SEEDS:21D6DDEA       1       0       0       0       0       6    3039       0       0
       2121                    32                    32             6.1366190E-02         1.0000000E+30              1750       
 NEXT SEEDS:21D6DDEE       1       0       0       0       0       6    3039       0       0
       2122                    31                    31             6.1338580E-02         1.0000000E+30              1750       
 NEXT SEEDS:21D740CD       1       0       0       0       0       6    3039       0       0
       2123                    30                    30             6.1310363E-02         1.0000000E+30              1750       
 NEXT SEEDS:21D771E5       1       0       0       0       0       6    3039       0       0
       2124                    29                    29             6.1286290E-02         1.0000000E+30              1750       
 NEXT SEEDS:21D8E46A       1       0       0       0       0       6    3039       0       0
       2125                    28                    28             6.1257743E-02         1.0000000E+30              1750       
 NEXT SEEDS:21D8F70F       1       0       0       0       0       6    3039       0       0
       2126                    27                    27             6.1228980E-02         1.0000000E+30              1750       
 NEXT SEEDS:21D8F713       1       0       0       0       0       6    3039       0       0
       2127                    26                    26             6.1200244E-02         1.0000000E+30              1750       
 NEXT SEEDS:21D8F717       1       0       0       0       0       6    3039       0       0
       2128                    25                    25             6.1181587E-02         1.0000000E+30              1750       
 NEXT SEEDS:21DCB7CB       1       0       0       0       0       6    3039       0       0
       2129                    24                    24             6.1153502E-02         1.0000000E+30              1750       
 NEXT SEEDS:21DCE4D8       1       0       0       0       0       6    3039       0       0
       2130                    23                    23             6.1124899E-02         1.0000000E+30              1750       
 NEXT SEEDS:21DCE7F9       1       0       0       0       0       6    3039       0       0
       2131                    22                    22             6.1096266E-02         1.0000000E+30              1750       
 NEXT SEEDS:21DCE7FD       1       0       0       0       0       6    3039       0       0
       2132                    21                    21             6.1070422E-02         1.0000000E+30              1750       
 NEXT SEEDS:21DDC36A       1       0       0       0       0       6    3039       0       0
       2133                    20                    20             6.1041840E-02         1.0000000E+30              1750       
 NEXT SEEDS:21DDC36E       1       0       0       0       0       6    3039       0       0
       2134                    19                    19             6.1014137E-02         1.0000000E+30              1750       
 NEXT SEEDS:21DE02D0       1       0       0       0       0       6    3039       0       0
       2135                    18                    18             6.0985973E-02         1.0000000E+30              1750       
 NEXT SEEDS:21DE1EA6       1       0       0       0       0       6    3039       0       0
       2136                    17                    17             6.1091808E-02         1.0000000E+30              1904       
 NEXT SEEDS:2212093F       1       0       0       0       0       6    3039       0       0
       2137                    16                    16             6.1109368E-02         1.0000000E+30              1904       
 NEXT SEEDS:222267F6       1       0       0       0       0       6    3039       0       0
       2138                    15                    15             6.1081349E-02         1.0000000E+30              1904       
 NEXT SEEDS:22229065       1       0       0       0       0       6    3039       0       0
       2139                    14                    14             6.1110975E-02         1.0000000E+30              1904       
 NEXT SEEDS:2239C694       1       0       0       0       0       6    3039       0       0
  Comptn_2: TXYZ:   1.0000000000011924       U,V,W -0.25812549916884109       0.96467552928610623        5.2653108897764866E-002
       2140                    13                    13             6.1119382E-02         1.0000000E+30              1904       
 NEXT SEEDS:2248997E       1       0       0       0       0       6    3039       0       0
       2141                    12                    12             6.1092388E-02         1.0000000E+30              1904       
 NEXT SEEDS:22491C91       1       0       0       0       0       6    3039       0       0
       2142                    11                    11             6.1064394E-02         1.0000000E+30              1904       
 NEXT SEEDS:2249423A       1       0       0       0       0       6    3039       0       0
       2143                    10                    10             6.1035949E-02         1.0000000E+30              1904       
 NEXT SEEDS:2249423E       1       0       0       0       0       6    3039       0       0
       2144                     9                     9             6.1007531E-02         1.0000000E+30              1904       
 NEXT SEEDS:22494242       1       0       0       0       0       6    3039       0       0
       2145                     8                     8             6.1003475E-02         1.0000000E+30              1904       
 NEXT SEEDS:22533E8D       1       0       0       0       0       6    3039       0       0
       2146                     7                     7             6.1064582E-02         1.0000000E+30              1904       
 NEXT SEEDS:227761B5       1       0       0       0       0       6    3039       0       0
       2147                     6                     6             6.1065598E-02         1.0000000E+30              1904       
 NEXT SEEDS:22832731       1       0       0       0       0       6    3039       0       0
       2148                     5                     5             6.1037226E-02         1.0000000E+30              1904       
 NEXT SEEDS:22832735       1       0       0       0       0       6    3039       0       0
       2149                     4                     4             6.1120690E-02         1.0000000E+30              1904       
 NEXT SEEDS:22AE939D       1       0       0       0       0       6    3039       0       0
       2150                     3                     3             6.1102127E-02         1.0000000E+30              1904       
 NEXT SEEDS:22B25154       1       0       0       0       0       6    3039       0       0
       2151                     2                     2             6.1138679E-02         1.0000000E+30              1904       
 NEXT SEEDS:22CCFAFA       1       0       0       0       0       6    3039       0       0
       2152                     1                     1             6.1175431E-02         1.0000000E+30              1904       
 NEXT SEEDS:22E7BB05       1       0       0       0       0       6    3039       0       0
       2153                     0                     1             6.1147073E-02         1.0000000E+30              1904       
 NEXT SEEDS:22E7BB09       1       0       0       0       0       6    3039       0       0
