1NUMBER OF BEAM       NUMBER OF BEAM        APPROXIMATE NUMBER    AVERAGE TIME USED     TIME LEFT (RESERVED   NUMBER OF STARS
 PARTICLES HANDLED    PARTICLES LEFT        OF BEAM PARTICLES     BY A BEAM PARTICLE     10000.0 SECONDS      CREATED
                                            THAT CAN STILL BE                           FOR PRINTOUT)
                                            HANDLED

 NEXT SEEDS: 703A871       6       0       0       0       0      3C    3039       0       0
          1                  2152                  2152             4.6519041E-02         1.0000000E+30                 0       
 NEXT SEEDS: 70BFD52       6       0       0       0       0      3C    3039       0       0
  Comptn_2: TXYZ:   1.0000000000010778       U,V,W  0.29003184842025576       0.73961847394514280       0.60732696293023736     
         40                  2113                  2113             7.6171130E-02         1.0000000E+30                 2       
 NEXT SEEDS: 9284415       6       0       0       0       0      3C    3039       0       0
         80                  2073                  2073             8.3430287E-02         1.0000000E+30                 9       
 NEXT SEEDS: BAD5CB5       6       0       0       0       0      3C    3039       0       0
        120                  2033                  2033             8.3364318E-02         1.0000000E+30                10       
 NEXT SEEDS: E0692A9       6       0       0       0       0      3C    3039       0       0
        160                  1993                  1993             7.8149401E-02         1.0000000E+30                63       
 NEXT SEEDS: FB7022E       6       0       0       0       0      3C    3039       0       0
  Comptn_2: TXYZ:  0.99999999999813727       U,V,W  0.54519815807596217       0.80189567676747231       0.24438144776220838     
        200                  1953                  1953             6.9602956E-02         1.0000000E+30                64       
 NEXT SEEDS:10B825B5       6       0       0       0       0      3C    3039       0       0
        240                  1913                  1913             6.2873084E-02         1.0000000E+30                65       
 NEXT SEEDS:118B3DF0       6       0       0       0       0      3C    3039       0       0
        280                  1873                  1873             6.1537299E-02         1.0000000E+30                68       
 NEXT SEEDS:130CF831       6       0       0       0       0      3C    3039       0       0
  Comptn_2: TXYZ:  0.99999999999890044       U,V,W  0.95226822606201944       0.17764361980277954      -0.24824981364536924     
  Comptn_2: TXYZ:  0.99999999999828260       U,V,W  0.56960768131196104       0.70114281690431213      -0.42888907620989869     
        320                  1833                  1833             6.1499303E-02         1.0000000E+30                82       
 NEXT SEEDS:14CB8938       6       0       0       0       0      3C    3039       0       0
        360                  1793                  1793             5.8732631E-02         1.0000000E+30                84       
 NEXT SEEDS:15D3A362       6       0       0       0       0      3C    3039       0       0
        400                  1753                  1753             5.4984745E-02         1.0000000E+30                85       
 NEXT SEEDS:166B83DF       6       0       0       0       0      3C    3039       0       0
        440                  1713                  1713             5.8629322E-02         1.0000000E+30                90       
 NEXT SEEDS:19137A09       6       0       0       0       0      3C    3039       0       0
        480                  1673                  1673             5.7457868E-02         1.0000000E+30                94       
 NEXT SEEDS:1A53378D       6       0       0       0       0      3C    3039       0       0
        520                  1633                  1633             5.5718304E-02         1.0000000E+30                94       
 NEXT SEEDS:1B4AFC70       6       0       0       0       0      3C    3039       0       0
  Comptn_2: TXYZ:   1.0000000000011886       U,V,W -0.72259270135022646      -0.39736951389104647       0.56564764419783842     
        560                  1593                  1593             5.6655018E-02         1.0000000E+30               102       
 NEXT SEEDS:1D3C9ED3       6       0       0       0       0      3C    3039       0       0
        600                  1553                  1553             6.2511971E-02         1.0000000E+30               104       
 NEXT SEEDS:216959DF       6       0       0       0       0      3C    3039       0       0
        640                  1513                  1513             6.0813766E-02         1.0000000E+30               104       
 NEXT SEEDS:22693244       6       0       0       0       0      3C    3039       0       0
  Comptn_2: TXYZ:  0.99999999996599498       U,V,W  0.56939966512986118       0.38287301401749119      -0.72745603059783548     
        680                  1473                  1473             5.9506629E-02         1.0000000E+30               108       
 NEXT SEEDS:238042B5       6       0       0       0       0      3C    3039       0       0
  Comptn_2: TXYZ:   1.0000000000024212       U,V,W -0.95626233091947022       0.28358377298601228       -7.1711910906770981E-002
        720                  1433                  1433             5.9182718E-02         1.0000000E+30               108       
 NEXT SEEDS:2505686D       6       0       0       0       0      3C    3039       0       0
        760                  1393                  1393             5.8085783E-02         1.0000000E+30               110       
 NEXT SEEDS:26182F8C       6       0       0       0       0      3C    3039       0       0
        800                  1353                  1353             5.8912983E-02         1.0000000E+30               115       
 NEXT SEEDS:28379A67       6       0       0       0       0      3C    3039       0       0
  Comptn_2: TXYZ:  0.99999999999864686       U,V,W  0.35472829391113692       0.91737075119910272      -0.18055121805718954     
        840                  1313                  1313             5.7936023E-02         1.0000000E+30               118       
 NEXT SEEDS:29454EDB       6       0       0       0       0      3C    3039       0       0
        880                  1273                  1273             5.6236336E-02         1.0000000E+30               120       
 NEXT SEEDS:29D9DD50       6       0       0       0       0      3C    3039       0       0
        920                  1233                  1233             5.8419949E-02         1.0000000E+30               121       
 NEXT SEEDS:2CB4A0F0       6       0       0       0       0      3C    3039       0       0
        960                  1193                  1193             5.8012453E-02         1.0000000E+30               121       
 NEXT SEEDS:2E1B16B6       6       0       0       0       0      3C    3039       0       0
       1000                  1153                  1153             5.6651561E-02         1.0000000E+30               125       
 NEXT SEEDS:2EC8A18F       6       0       0       0       0      3C    3039       0       0
       1040                  1113                  1113             5.5633732E-02         1.0000000E+30               127       
 NEXT SEEDS:2FA540F7       6       0       0       0       0      3C    3039       0       0
       1080                  1073                  1073             5.4937557E-02         1.0000000E+30               139       
 NEXT SEEDS:30B0E8DB       6       0       0       0       0      3C    3039       0       0
       1120                  1033                  1033             5.3958491E-02         1.0000000E+30               140       
 NEXT SEEDS:3177296B       6       0       0       0       0      3C    3039       0       0
       1160                   993                   993             5.5743487E-02         1.0000000E+30               151       
 NEXT SEEDS:34663B6B       6       0       0       0       0      3C    3039       0       0
       1200                   953                   953             5.5474453E-02         1.0000000E+30               158       
 NEXT SEEDS:35C07962       6       0       0       0       0      3C    3039       0       0
       1240                   913                   913             5.5287189E-02         1.0000000E+30               159       
 NEXT SEEDS:372127D3       6       0       0       0       0      3C    3039       0       0
       1280                   873                   873             5.4847008E-02         1.0000000E+30               163       
 NEXT SEEDS:384F47EE       6       0       0       0       0      3C    3039       0       0
       1320                   833                   833             5.3885905E-02         1.0000000E+30               169       
 NEXT SEEDS:38F573FF       6       0       0       0       0      3C    3039       0       0
       1360                   793                   793             5.2930630E-02         1.0000000E+30               170       
 NEXT SEEDS:399106A0       6       0       0       0       0      3C    3039       0       0
  Comptn_2: TXYZ:   1.0000000000021210       U,V,W   9.2317912133694335E-002  0.75729764269192934       0.64651193606509949     
       1400                   753                   753             5.3422672E-02         1.0000000E+30               170       
 NEXT SEEDS:3B8877CD       6       0       0       0       0      3C    3039       0       0
  Comptn_2: TXYZ:  0.99999999999824707       U,V,W   6.4817274556354221E-002 -0.34155697165588350       0.93762335510086103     
       1440                   713                   713             5.3737158E-02         1.0000000E+30               170       
 NEXT SEEDS: 1AD8D18       7       0       0       0       0      3C    3039       0       0
       1480                   673                   673             5.3448672E-02         1.0000000E+30               187       
 NEXT SEEDS: 2E81123       7       0       0       0       0      3C    3039       0       0
  Comptn_2: TXYZ:   1.0000000000044076       U,V,W -0.54875451803147257       0.20105037067620657      -0.81144761223101369     
       1520                   633                   633             5.5775753E-02         1.0000000E+30               190       
 NEXT SEEDS: 7020FBB       7       0       0       0       0      3C    3039       0       0
  Comptn_2: TXYZ:  0.99999999999830258       U,V,W   2.5930793926335127E-002  0.83386696263549531       0.55135603973268132     
       1560                   593                   593             5.6409014E-02         1.0000000E+30               191       
 NEXT SEEDS: 946B8E7       7       0       0       0       0      3C    3039       0       0
       1600                   553                   553             5.5583243E-02         1.0000000E+30               206       
 NEXT SEEDS: 9EDF428       7       0       0       0       0      3C    3039       0       0
       1640                   513                   513             5.5023970E-02         1.0000000E+30               206       
 NEXT SEEDS: AD29669       7       0       0       0       0      3C    3039       0       0
       1680                   473                   473             5.4502364E-02         1.0000000E+30               219       
 NEXT SEEDS: BBEC6BD       7       0       0       0       0      3C    3039       0       0
  Comptn_2: TXYZ:  0.99999999998653299       U,V,W -0.14215286824973816      -0.89335400723777525      -0.42627594324230245     
       1720                   433                   433             5.4169535E-02         1.0000000E+30               219       
 NEXT SEEDS: CDC4D7C       7       0       0       0       0      3C    3039       0       0
       1760                   393                   393             5.3869104E-02         1.0000000E+30               220       
 NEXT SEEDS: DF9B5A1       7       0       0       0       0      3C    3039       0       0
  Comptn_2: TXYZ:   1.0000000000010332       U,V,W -0.26223513733810933       0.61344756773414844       0.74492604625382342     
  Comptn_2: TXYZ:   1.0000000000041751       U,V,W -0.26233205604495424      -0.93662419886129555       0.23220034987664917     
       1800                   353                   353             5.5789006E-02         1.0000000E+30               222       
 NEXT SEEDS:120B28B9       7       0       0       0       0      3C    3039       0       0
       1840                   313                   313             5.6626224E-02         1.0000000E+30               223       
 NEXT SEEDS:14CD1B51       7       0       0       0       0      3C    3039       0       0
  Comptn_2: TXYZ:  0.99999999999650646       U,V,W  0.99827424164960732        3.2423707045239780E-002   4.8961634744484783E-002
       1880                   273                   273             5.6543634E-02         1.0000000E+30               228       
 NEXT SEEDS:164A3F80       7       0       0       0       0      3C    3039       0       0
       1920                   233                   233             5.6380244E-02         1.0000000E+30               229       
 NEXT SEEDS:17ABEBD7       7       0       0       0       0      3C    3039       0       0
       1960                   193                   193             5.6109806E-02         1.0000000E+30               230       
 NEXT SEEDS:18D94B2D       7       0       0       0       0      3C    3039       0       0
       2000                   153                   153             5.5623688E-02         1.0000000E+30               232       
 NEXT SEEDS:19C23D78       7       0       0       0       0      3C    3039       0       0
  *** Kaon: P_min > 1.5 GeV/c:           24   2.5795726161649104     
  *** Kbar: P_min > 1.8 GeV/c:           16   7.4791565335270773     
  *** Kbar: P_min > 1.8 GeV/c:           16   7.4707149472396317     
  *** Kbar: P_min > 1.8 GeV/c:           16   10.854194725824318     
  *** Kbar: P_min > 1.8 GeV/c:           25   2.4394626450314405     
  *** Kaon: P_min > 1.5 GeV/c:           24   2.3987093966224133     
  *** Kaon: P_min > 1.5 GeV/c:           24   2.7098062683105288     
  *** Kaon: P_min > 1.5 GeV/c:           24   1.7567044710650943     
  *** Kaon: P_min > 1.5 GeV/c:           24   1.6730037775598867     
  *** Kbar: P_min > 1.8 GeV/c:           25   2.5140774761436169     
  *** Kaon: P_min > 1.5 GeV/c:           24   2.5133971988412602     
  *** Kaon: P_min > 1.5 GeV/c:           24   2.6446849610385010     
  *** Kaon: P_min > 1.5 GeV/c:           24   2.0594150986576141     
  *** Kaon: P_min > 1.5 GeV/c:           24   4.5414150000535196     
  *** Kbar: P_min > 1.8 GeV/c:           16   3.9089235762134291     
  *** Kbar: P_min > 1.8 GeV/c:           16   3.7274619676635408     
  *** Kbar: P_min > 1.8 GeV/c:           16   4.2860274719877047     
  *** Kaon: P_min > 1.5 GeV/c:           24   4.5413251355663888     
  *** Kaon: P_min > 1.5 GeV/c:           24   5.1540673778360766     
  *** Kaon: P_min > 1.5 GeV/c:           24   5.1146293078837086     
       2040                   113                   113             5.6361348E-02         1.0000000E+30               802       
 NEXT SEEDS:1C6A82F3       7       0       0       0       0      3C    3039       0       0
       2080                    73                    73             5.6358770E-02         1.0000000E+30               820       
 NEXT SEEDS:1E009CD7       7       0       0       0       0      3C    3039       0       0
       2103                    50                    50             5.6007138E-02         1.0000000E+30               820       
 NEXT SEEDS:1E666687       7       0       0       0       0      3C    3039       0       0
       2104                    49                    49             5.5980592E-02         1.0000000E+30               820       
 NEXT SEEDS:1E66669F       7       0       0       0       0      3C    3039       0       0
       2105                    48                    48             5.5956237E-02         1.0000000E+30               820       
 NEXT SEEDS:1E673344       7       0       0       0       0      3C    3039       0       0
       2106                    47                    47             5.6016047E-02         1.0000000E+30               820       
 NEXT SEEDS:1E885E02       7       0       0       0       0      3C    3039       0       0
       2107                    46                    46             5.6052289E-02         1.0000000E+30               820       
 NEXT SEEDS:1EA00EAD       7       0       0       0       0      3C    3039       0       0
       2108                    45                    45             5.6052351E-02         1.0000000E+30               820       
 NEXT SEEDS:1EAA44FF       7       0       0       0       0      3C    3039       0       0
       2109                    44                    44             5.6025835E-02         1.0000000E+30               820       
 NEXT SEEDS:1EAA4503       7       0       0       0       0      3C    3039       0       0
       2110                    43                    43             5.5999336E-02         1.0000000E+30               820       
 NEXT SEEDS:1EAA4507       7       0       0       0       0      3C    3039       0       0
       2111                    42                    42             5.6024487E-02         1.0000000E+30               820       
 NEXT SEEDS:1EBE631C       7       0       0       0       0      3C    3039       0       0
       2112                    41                    41             5.5998022E-02         1.0000000E+30               820       
 NEXT SEEDS:1EBE6320       7       0       0       0       0      3C    3039       0       0
       2113                    40                    40             5.6036791E-02         1.0000000E+30               821       
 NEXT SEEDS:1ED6D014       7       0       0       0       0      3C    3039       0       0
       2114                    39                    39             5.6099274E-02         1.0000000E+30               821       
 NEXT SEEDS:1EF9D931       7       0       0       0       0      3C    3039       0       0
       2115                    38                    38             5.6098952E-02         1.0000000E+30               822       
 NEXT SEEDS:1F0425B4       7       0       0       0       0      3C    3039       0       0
       2116                    37                    37             5.6072725E-02         1.0000000E+30               822       
 NEXT SEEDS:1F043603       7       0       0       0       0      3C    3039       0       0
       2117                    36                    36             5.6046963E-02         1.0000000E+30               822       
 NEXT SEEDS:1F046892       7       0       0       0       0      3C    3039       0       0
       2118                    35                    35             5.6025915E-02         1.0000000E+30               822       
 NEXT SEEDS:1F064AC1       7       0       0       0       0      3C    3039       0       0
       2119                    34                    34             5.6027058E-02         1.0000000E+30               822       
 NEXT SEEDS:1F10F696       7       0       0       0       0      3C    3039       0       0
       2120                    33                    33             5.6011538E-02         1.0000000E+30               822       
 NEXT SEEDS:1F15485E       7       0       0       0       0      3C    3039       0       0
       2121                    32                    32             5.6002353E-02         1.0000000E+30               822       
 NEXT SEEDS:1F1BEF01       7       0       0       0       0      3C    3039       0       0
       2122                    31                    31             5.5976605E-02         1.0000000E+30               822       
 NEXT SEEDS:1F1C24F4       7       0       0       0       0      3C    3039       0       0
       2123                    30                    30             5.5950562E-02         1.0000000E+30               822       
 NEXT SEEDS:1F1C3C79       7       0       0       0       0      3C    3039       0       0
       2124                    29                    29             5.5924277E-02         1.0000000E+30               822       
 NEXT SEEDS:1F1C3C8F       7       0       0       0       0      3C    3039       0       0
       2125                    28                    28             5.5898014E-02         1.0000000E+30               822       
 NEXT SEEDS:1F1C3C93       7       0       0       0       0      3C    3039       0       0
       2126                    27                    27             5.5871771E-02         1.0000000E+30               822       
 NEXT SEEDS:1F1C3C97       7       0       0       0       0      3C    3039       0       0
       2127                    26                    26             5.5845554E-02         1.0000000E+30               822       
 NEXT SEEDS:1F1C3C9B       7       0       0       0       0      3C    3039       0       0
       2128                    25                    25             5.5836523E-02         1.0000000E+30               822       
 NEXT SEEDS:1F227281       7       0       0       0       0      3C    3039       0       0
       2129                    24                    24             5.5810719E-02         1.0000000E+30               822       
 NEXT SEEDS:1F22926C       7       0       0       0       0      3C    3039       0       0
       2130                    23                    23             5.5800378E-02         1.0000000E+30               822       
 NEXT SEEDS:1F284D66       7       0       0       0       0      3C    3039       0       0
       2131                    22                    22             5.5774250E-02         1.0000000E+30               822       
 NEXT SEEDS:1F284D6A       7       0       0       0       0      3C    3039       0       0
  Comptn_2: TXYZ:   1.0000000000011626       U,V,W -0.97889227814907598       0.19397523399321770       -6.4370151301289980E-002
       2132                    21                    21             5.5798171E-02         1.0000000E+30               822       
 NEXT SEEDS:1F3C5C07       7       0       0       0       0      3C    3039       0       0
  Comptn_2: TXYZ:  0.99999999999861311       U,V,W  0.62999211222067686      -0.72688051681048371       0.27341297119863839     
       2133                    20                    20             5.7394830E-02         1.0000000E+30               822       
 NEXT SEEDS:219215AC       7       0       0       0       0      3C    3039       0       0
       2134                    19                    19             5.7368363E-02         1.0000000E+30               822       
 NEXT SEEDS:219231AA       7       0       0       0       0      3C    3039       0       0
       2135                    18                    18             5.7341761E-02         1.0000000E+30               822       
 NEXT SEEDS:21923E75       7       0       0       0       0      3C    3039       0       0
       2136                    17                    17             5.7314976E-02         1.0000000E+30               822       
 NEXT SEEDS:21923E8A       7       0       0       0       0      3C    3039       0       0
       2137                    16                    16             5.7349323E-02         1.0000000E+30               822       
 NEXT SEEDS:21A7CC9D       7       0       0       0       0      3C    3039       0       0
       2138                    15                    15             5.7355972E-02         1.0000000E+30               822       
 NEXT SEEDS:21B4DA31       7       0       0       0       0      3C    3039       0       0
       2139                    14                    14             5.7329564E-02         1.0000000E+30               822       
 NEXT SEEDS:21B4F70F       7       0       0       0       0      3C    3039       0       0
       2140                    13                    13             5.7302835E-02         1.0000000E+30               822       
 NEXT SEEDS:21B4F727       7       0       0       0       0      3C    3039       0       0
       2141                    12                    12             5.7277093E-02         1.0000000E+30               822       
 NEXT SEEDS:21B54FB8       7       0       0       0       0      3C    3039       0       0
       2142                    11                    11             5.7250798E-02         1.0000000E+30               822       
 NEXT SEEDS:21B56CA3       7       0       0       0       0      3C    3039       0       0
       2143                    10                    10             5.7224137E-02         1.0000000E+30               822       
 NEXT SEEDS:21B56CA7       7       0       0       0       0      3C    3039       0       0
       2144                     9                     9             5.7252400E-02         1.0000000E+30               822       
 NEXT SEEDS:21CB4601       7       0       0       0       0      3C    3039       0       0
       2145                     8                     8             5.7261782E-02         1.0000000E+30               822       
 NEXT SEEDS:21D7ECBE       7       0       0       0       0      3C    3039       0       0
       2146                     7                     7             5.7282777E-02         1.0000000E+30               822       
 NEXT SEEDS:21E9C23E       7       0       0       0       0      3C    3039       0       0
       2147                     6                     6             5.7256193E-02         1.0000000E+30               822       
 NEXT SEEDS:21E9C437       7       0       0       0       0      3C    3039       0       0
       2148                     5                     5             5.7279441E-02         1.0000000E+30               822       
 NEXT SEEDS:21FD6689       7       0       0       0       0      3C    3039       0       0
       2149                     4                     4             5.7252847E-02         1.0000000E+30               822       
 NEXT SEEDS:21FD668D       7       0       0       0       0      3C    3039       0       0
       2150                     3                     3             5.7265813E-02         1.0000000E+30               822       
 NEXT SEEDS:220D4FA6       7       0       0       0       0      3C    3039       0       0
       2151                     2                     2             5.7239250E-02         1.0000000E+30               822       
 NEXT SEEDS:220D4FAA       7       0       0       0       0      3C    3039       0       0
       2152                     1                     1             5.7226535E-02         1.0000000E+30               822       
 NEXT SEEDS:2212C565       7       0       0       0       0      3C    3039       0       0
       2153                     0                     1             5.7200012E-02         1.0000000E+30               822       
 NEXT SEEDS:2212C569       7       0       0       0       0      3C    3039       0       0
