1NUMBER OF BEAM       NUMBER OF BEAM        APPROXIMATE NUMBER    AVERAGE TIME USED     TIME LEFT (RESERVED   NUMBER OF STARS
 PARTICLES HANDLED    PARTICLES LEFT        OF BEAM PARTICLES     BY A BEAM PARTICLE     10000.0 SECONDS      CREATED
                                            THAT CAN STILL BE                           FOR PRINTOUT)
                                            HANDLED

 NEXT SEEDS:       0       0       0       0       0       0      19    3039       0       0
          1                  2846                  2846             8.0108643E-05         1.0000000E+30                 0       
 NEXT SEEDS:       4       0       0       0       0       0      19    3039       0       0
  Comptn_2: TXYZ:   1.0000000000025684       U,V,W  0.76243229325534401       0.38615054231945578      -0.51921552063700460     
  Comptn_2: TXYZ:   1.0000000000011318       U,V,W -0.95940253219695038       0.24888665871162630       0.13267332938678322     
         50                  2797                  2797             1.7867048E-01         1.0000000E+30                68       
 NEXT SEEDS: 66077CF       0       0       0       0       0      19    3039       0       0
  Comptn_2: TXYZ:   1.0000000000020315       U,V,W  0.82095802846430743      -0.33488676058179578       0.46247029427743769     
  Comptn_2: TXYZ:   1.0000000000013998       U,V,W  0.12209677709557365       -9.8079235133482712E-002 -0.98766028605989042     
  Comptn_2: TXYZ:  0.99999999999617417       U,V,W -0.71537294646702776        6.5728601608654458E-002 -0.69564452013210598     
        100                  2747                  2747             2.4942236E-01         1.0000000E+30                90       
 NEXT SEEDS:11DBC449       0       0       0       0       0      19    3039       0       0
  Comptn_2: TXYZ:  0.99999999999652545       U,V,W  0.87347121575436404      -0.31034951279349343      -0.37514159347366416     
        150                  2697                  2697             2.1460524E-01         1.0000000E+30                96       
 NEXT SEEDS:1703AFB1       0       0       0       0       0      19    3039       0       0
        200                  2647                  2647             2.1016559E-01         1.0000000E+30               121       
 NEXT SEEDS:1DF06C56       0       0       0       0       0      19    3039       0       0
        250                  2597                  2597             1.8981013E-01         1.0000000E+30               161       
 NEXT SEEDS:21C4788A       0       0       0       0       0      19    3039       0       0
  Comptn_2: TXYZ:  0.99999999998776690       U,V,W -0.19990877078629410      -0.81970823160203565       0.53676335418352039     
  *** Kaon: P_min > 1.5 GeV/c:           15   2.6977098561820423     
  *** Kaon: P_min > 1.5 GeV/c:           15   2.5982080517445052     
  *** Kbar: P_min > 1.8 GeV/c:           16   2.0186807116578711     
  *** Kbar: P_min > 1.8 GeV/c:           16   2.6578638785957005     
  *** Kaon: P_min > 1.5 GeV/c:           15   2.2785310830888958     
  *** Kaon: P_min > 1.5 GeV/c:           15   1.8369532195661149     
  *** Kaon: P_min > 1.5 GeV/c:           15   2.2503883689829380     
  *** Kaon: P_min > 1.5 GeV/c:           15   1.7939788856328041     
  *** Kaon: P_min > 1.5 GeV/c:           24   1.7339469309479578     
  *** Kaon: P_min > 1.5 GeV/c:           24   1.5039464967211482     
  *** Kaon: P_min > 1.5 GeV/c:           24   1.5445564394166182     
  *** Kaon: P_min > 1.5 GeV/c:           24   6.1668234262977126     
  *** Kaon: P_min > 1.5 GeV/c:           24   7.0924646843204870     
  *** Kaon: P_min > 1.5 GeV/c:           24   1.5393449531293504     
  *** Kaon: P_min > 1.5 GeV/c:           24   1.8265562256791992     
  *** Kaon: P_min > 1.5 GeV/c:           24   1.7872542319707048     
  *** Kaon: P_min > 1.5 GeV/c:           24   1.7105923354402965     
  *** Kaon: P_min > 1.5 GeV/c:           24   1.7813846511529048     
  *** Kaon: P_min > 1.5 GeV/c:           24   1.9370397461265680     
  *** Kaon: P_min > 1.5 GeV/c:           24   1.7267219265879870     
  *** Hhflev: call to Hadriv !! ***  0.53296394939895331        3.5000000000000000        1.3905719234864033               13 T F T
        300                  2547                  2547             1.7808048E-01         1.0000000E+30               588       
 NEXT SEEDS:2607E5CD       0       0       0       0       0      19    3039       0       0
        350                  2497                  2497             1.7359094E-01         1.0000000E+30               599       
 NEXT SEEDS:2B41B969       0       0       0       0       0      19    3039       0       0
  Comptn_2: TXYZ:   1.0000000000161153       U,V,W   6.5006835249405981E-002  0.96733818415439288       0.24501214023769080     
        400                  2447                  2447             1.6981116E-01         1.0000000E+30               602       
 NEXT SEEDS:3063191F       0       0       0       0       0      19    3039       0       0
  Comptn_2: TXYZ:   1.0000000000011184       U,V,W  0.69991640802415134       0.68790380118431216       0.19210773564815753     
        450                  2397                  2397             1.6894025E-01         1.0000000E+30               773       
 NEXT SEEDS:362D376E       0       0       0       0       0      19    3039       0       0
        500                  2347                  2347             1.6300255E-01         1.0000000E+30               782       
 NEXT SEEDS:3A13D90F       0       0       0       0       0      19    3039       0       0
  Comptn_2: TXYZ:   1.0000000000021523       U,V,W  0.27979947672747585       0.32784199779206347      -0.90234798016557427     
        550                  2297                  2297             1.7932018E-01         1.0000000E+30               861       
 NEXT SEEDS: AC4D999       1       0       0       0       0      19    3039       0       0
        600                  2247                  2247             1.7844169E-01         1.0000000E+30              1827       
 NEXT SEEDS:10B7984B       1       0       0       0       0      19    3039       0       0
  Comptn_2: TXYZ:   1.0000000000012692       U,V,W -0.25790812557235654       0.46982872707881285      -0.84424188830957991     
        650                  2197                  2197             1.7477195E-01         1.0000000E+30              2118       
 NEXT SEEDS:155F06F9       1       0       0       0       0      19    3039       0       0
        700                  2147                  2147             1.7192224E-01         1.0000000E+30              2124       
 NEXT SEEDS:1A28E5F3       1       0       0       0       0      19    3039       0       0
  Comptn_2: TXYZ:  0.99999999999586298       U,V,W  0.33019781680343385      -0.80225357436201250      -0.49735159012260510     
        750                  2097                  2097             1.7789008E-01         1.0000000E+30              2132       
 NEXT SEEDS:23BE2E4B       1       0       0       0       0      19    3039       0       0
  Comptn_2: TXYZ:  0.99999999999861178       U,V,W  0.33381280289954418       0.93666901675586489       0.10592528342451146     
  Comptn_2: TXYZ:  0.99999999999706213       U,V,W -0.61974129795653710       0.65905757099765161       0.42610308813112852     
        800                  2047                  2047             1.7704586E-01         1.0000000E+30              2145       
 NEXT SEEDS:29B5C0AC       1       0       0       0       0      19    3039       0       0
        850                  1997                  1997             1.7318783E-01         1.0000000E+30              2148       
 NEXT SEEDS:2DBA7CFC       1       0       0       0       0      19    3039       0       0
  Comptn_2: TXYZ:   1.0000000000053189       U,V,W  0.92661113197108591        8.1403835438067063E-002  0.36710383502294519     
        900                  1947                  1947             1.6913034E-01         1.0000000E+30              2155       
 NEXT SEEDS:314C4B4D       1       0       0       0       0      19    3039       0       0
  Comptn_2: TXYZ:  0.99999999999794942       U,V,W  0.42057806064913805       0.68430667697596448       0.59568319327027552     
        950                  1897                  1897             1.7266778E-01         1.0000000E+30              2162       
 NEXT SEEDS:3A1A1CF6       1       0       0       0       0      19    3039       0       0
  Comptn_2: TXYZ:   1.0000000000012677       U,V,W -0.79948350388454514        1.2918990488412163E-002  0.60054910432246800     
       1000                  1847                  1847             1.7116663E-01         1.0000000E+30              2288       
 NEXT SEEDS: 3CA4EB1       2       0       0       0       0      19    3039       0       0
  Comptn_2: TXYZ:   1.0000000000019011       U,V,W  0.52270169653434806       0.55826780252615293      -0.64429806542052859     
       1050                  1797                  1797             1.7139798E-01         1.0000000E+30              2314       
 NEXT SEEDS: A30C3C1       2       0       0       0       0      19    3039       0       0
  Comptn_2: TXYZ:   1.0000000000042601       U,V,W -0.29433052881338995       0.23404342871320966       0.92660305055015613     
       1100                  1747                  1747             1.7238333E-01         1.0000000E+30              2323       
 NEXT SEEDS:114E86AE       2       0       0       0       0      19    3039       0       0
       1150                  1697                  1697             1.7198534E-01         1.0000000E+30              2333       
 NEXT SEEDS:175BD9F5       2       0       0       0       0      19    3039       0       0
  Comptn_2: TXYZ:  0.99999999999156564       U,V,W  0.10799551006462593       0.90701488127020502       0.40701471097718667     
  Comptn_2: TXYZ:  0.99999999999287537       U,V,W   1.9178198565583671E-003 -0.98384361997906566      -0.17901970111236665     
       1200                  1647                  1647             1.7510508E-01         1.0000000E+30              2368       
 NEXT SEEDS:20A71A90       2       0       0       0       0      19    3039       0       0
  Comptn_2: TXYZ:  0.99999999999898714       U,V,W  0.10554772508989174      -0.18265985606003368      -0.97749427349292617     
       1250                  1597                  1597             1.7214982E-01         1.0000000E+30              2380       
 NEXT SEEDS:2456A566       2       0       0       0       0      19    3039       0       0
       1300                  1547                  1547             1.7254161E-01         1.0000000E+30              2385       
 NEXT SEEDS:2B28E521       2       0       0       0       0      19    3039       0       0
  Comptn_2: TXYZ:  0.99999999999877498       U,V,W -0.95006712375607094        8.9841036645537997E-002  0.29883281026536679     
  Comptn_2: TXYZ:   1.0000000000020375       U,V,W  0.18064122834766483       0.68375583196752387      -0.70699837968236068     
       1350                  1497                  1497             1.7889181E-01         1.0000000E+30              2390       
 NEXT SEEDS:380EF78F       2       0       0       0       0      19    3039       0       0
       1400                  1447                  1447             1.7907540E-01         1.0000000E+30              2398       
 NEXT SEEDS: 35EDD7F       3       0       0       0       0      19    3039       0       0
  Comptn_2: TXYZ:  0.99999999999882805       U,V,W  0.79908949140124363      -0.45387957107786292      -0.39427061732914481     
  Comptn_2: TXYZ:  0.99999999999863542       U,V,W  0.28323596631180692      -0.10782161443986582       0.95297003460005669     
  Comptn_2: TXYZ:   1.0000000000013296       U,V,W  0.91347722859107705       0.25811506303100629       0.31454088300790772     
       1450                  1397                  1397             1.7828916E-01         1.0000000E+30              2411       
 NEXT SEEDS: 919FBED       3       0       0       0       0      19    3039       0       0
  Comptn_2: TXYZ:  0.99999999999849409       U,V,W   8.1956143228609335E-002 -0.94517665475778756       0.31610802249620917     
       1500                  1347                  1347             1.7806645E-01         1.0000000E+30              2921       
 NEXT SEEDS: F69F904       3       0       0       0       0      19    3039       0       0
       1550                  1297                  1297             1.7649458E-01         1.0000000E+30              2927       
 NEXT SEEDS:142655B5       3       0       0       0       0      19    3039       0       0
  Comptn_2: TXYZ:   1.0000000000011473       U,V,W   2.2317348214855315E-002 -0.45085611781288271       0.89231759872844618     
  Comptn_2: TXYZ:  0.99999999999811151       U,V,W   3.2623698358882791E-002 -0.81536711584497112      -0.57802435995566270     
  Eventv: ekin+am < pla,ij,igreyt   3.0734778590077640        3.1220713661329458               30           6
       1600                  1247                  1247             1.7605332E-01         1.0000000E+30              2971       
 NEXT SEEDS:1A2F85B4       3       0       0       0       0      19    3039       0       0
  Comptn_2: TXYZ:  0.99999999999876554       U,V,W  0.25509652797109794       0.37332279357198672      -0.89193937754505725     
       1650                  1197                  1197             1.7380027E-01         1.0000000E+30              2974       
 NEXT SEEDS:1DED0EFD       3       0       0       0       0      19    3039       0       0
       1700                  1147                  1147             1.7506080E-01         1.0000000E+30              2990       
 NEXT SEEDS:25FBB24C       3       0       0       0       0      19    3039       0       0
  Comptn_2: TXYZ:   1.0000000000013938       U,V,W  0.51793592418457735       0.70405068518947189       0.48585492806464003     
       1750                  1097                  1097             1.7355539E-01         1.0000000E+30              2995       
 NEXT SEEDS:2A7F8549       3       0       0       0       0      19    3039       0       0
  Comptn_2: TXYZ:   1.0000000000012454       U,V,W   7.9880391483399649E-002  0.14789455598090484      -0.98577194287974912     
  Comptn_2: TXYZ:  0.99999999998889111       U,V,W -0.25828360325153810      -0.54525214581494197      -0.79748960981601158     
  Comptn_2: TXYZ:   1.0000000000174325       U,V,W -0.79902599282192455        2.0759723017334863E-002 -0.60093801403523628     
  Comptn_2: TXYZ:   1.0000000000042819       U,V,W -0.70993136477608232       0.47466903944878425      -0.52027565799316378     
       1800                  1047                  1047             1.8117201E-01         1.0000000E+30              3000       
 NEXT SEEDS:3AD781C2       3       0       0       0       0      19    3039       0       0
  Comptn_2: TXYZ:   1.0000000000014744       U,V,W -0.62208694013857624      -0.28304723248404429      -0.72999459113997633     
  Comptn_2: TXYZ:   1.0000000000042373       U,V,W  -4.3808792266560204E-002 -0.96703903342863740       0.25083121326858304     
  Comptn_2: TXYZ:  0.99999999999878653       U,V,W  0.30059399108186113       0.56922550876482347      -0.76526176743366214     
  Comptn_2: TXYZ:   1.0000000000013394       U,V,W  0.44248444931336905        6.5510857382648169E-002  0.89438014271459210     
  Comptn_2: TXYZ:   1.0000000000049800       U,V,W  0.81822265950546580       0.18574970702624327       0.54406683947512136     
       1850                   997                   997             1.9290265E-01         1.0000000E+30              3255       
 NEXT SEEDS:15F85FF1       4       0       0       0       0      19    3039       0       0
  Comptn_2: TXYZ:  0.99999999998334621       U,V,W  -4.4132996001678748E-002  0.35581860431048540      -0.93351239920731643     
  Comptn_2: TXYZ:  0.99999999999808542       U,V,W  0.44462543781742170      -0.21755914687359734      -0.86889368604875017     
  Comptn_2: TXYZ:   1.0000000000018587       U,V,W  0.91309689562816565       0.40466038125771853       -5.0040334095839967E-002
  Comptn_2: TXYZ:   1.0000000000043892       U,V,W  0.36292921737855011       0.93105493595646749        3.7670803130282593E-002
       1900                   947                   947             1.9289577E-01         1.0000000E+30              4420       
 NEXT SEEDS:1D1A74B3       4       0       0       0       0      19    3039       0       0
  Comptn_2: TXYZ:   1.0000000000010916       U,V,W -0.99823785033062951       -2.8015864780918776E-002  -5.2309707406489991E-002
  Comptn_2: TXYZ:  0.99999999999826106       U,V,W  0.23859850950995565      -0.94021960370373847      -0.24301820522148887     
  Comptn_2: TXYZ:  0.99999999998278732       U,V,W -0.40796167842614750      -0.47724200130632255      -0.77833626480310159     
       1950                   897                   897             1.9361491E-01         1.0000000E+30              4425       
 NEXT SEEDS:25689CE7       4       0       0       0       0      19    3039       0       0
  Comptn_2: TXYZ:  0.99999999999860245       U,V,W -0.64100686284963615       0.48621329780121547       0.59389126178075458     
       2000                   847                   847             1.9466745E-01         1.0000000E+30              4440       
 NEXT SEEDS:2E3B423B       4       0       0       0       0      19    3039       0       0
       2050                   797                   797             1.9376986E-01         1.0000000E+30              4444       
 NEXT SEEDS:341A2CD6       4       0       0       0       0      19    3039       0       0
  Comptn_2: TXYZ:   1.0000000000191061       U,V,W  0.91262784865571689      -0.23438953931076867      -0.33492081711776223     
       2100                   747                   747             1.9334888E-01         1.0000000E+30              4447       
 NEXT SEEDS:3AB6D980       4       0       0       0       0      19    3039       0       0
  Comptn_2: TXYZ:   1.0000000000040841       U,V,W -0.95039158660900114       -2.3329766565495902E-002 -0.31017987378118050     
  Comptn_2: TXYZ:   1.0000000000014109       U,V,W -0.92530736801531965      -0.20741882207344275       0.31746449714517411     
       2150                   697                   697             1.9283098E-01         1.0000000E+30              4451       
 NEXT SEEDS: 5808A41       5       0       0       0       0      19    3039       0       0
       2200                   647                   647             1.9228711E-01         1.0000000E+30              4466       
 NEXT SEEDS: BBBE766       5       0       0       0       0      19    3039       0       0
  Comptn_2: TXYZ:   1.0000000000010683       U,V,W -0.48579358568861153       0.18977384619265764       0.85322358113575092     
       2250                   597                   597             1.9303090E-01         1.0000000E+30              4471       
 NEXT SEEDS:141C20FD       5       0       0       0       0      19    3039       0       0
  Comptn_2: TXYZ:  0.99999999999837108       U,V,W -0.25004715200348926      -0.19427603126970183       0.94854269563758109     
       2300                   547                   547             1.9125036E-01         1.0000000E+30              4485       
 NEXT SEEDS:184C1DC5       5       0       0       0       0      19    3039       0       0
       2350                   497                   497             1.9055585E-01         1.0000000E+30              4622       
 NEXT SEEDS:1E329824       5       0       0       0       0      19    3039       0       0
       2400                   447                   447             1.9202755E-01         1.0000000E+30              4638       
 NEXT SEEDS:27E46B34       5       0       0       0       0      19    3039       0       0
       2450                   397                   397             1.8976962E-01         1.0000000E+30              4666       
 NEXT SEEDS:2AF0055E       5       0       0       0       0      19    3039       0       0
  Comptn_2: TXYZ:  0.99999999999742717       U,V,W   9.8335574253603397E-002  0.76502350505365158       0.63645043133701051     
  Comptn_2: TXYZ:   1.0000000000012690       U,V,W  0.96720663621366931      -0.16407372428385969       0.19388433630680879     
  Comptn_2: TXYZ:  0.99999999999837563       U,V,W  0.49518641435384581       0.50697108310583161       0.70552869249397432     
  Comptn_2: TXYZ:   1.0000000000010134       U,V,W  0.10315439205112398      -0.84194188739381559      -0.52961592654801848     
  Comptn_2: TXYZ:   1.0000000000012443       U,V,W  0.59659623230649039       0.32532530274537663       0.73364595207264216     
  Comptn_2: TXYZ:   1.0000000000072002       U,V,W   9.2701672926864376E-002  0.57781877222777212       0.81088338637867707     
       2500                   347                   347             1.9276206E-01         1.0000000E+30              4670       
 NEXT SEEDS:37923063       5       0       0       0       0      19    3039       0       0
       2550                   297                   297             1.9240404E-01         1.0000000E+30              4688       
 NEXT SEEDS: 247A539       6       0       0       0       0      19    3039       0       0
  Comptn_2: TXYZ:  0.99999999999632805       U,V,W  -8.2857328619250659E-002 -0.14326589243967192       0.98620968721356306     
       2600                   247                   247             1.9098710E-01         1.0000000E+30              4692       
 NEXT SEEDS: 6B1713A       6       0       0       0       0      19    3039       0       0
  Comptn_2: TXYZ:  0.99999999999627565       U,V,W -0.63101599239087136      -0.51845089718847248       0.57708533558539443     
       2650                   197                   197             1.9005273E-01         1.0000000E+30              4710       
 NEXT SEEDS: BEF8158       6       0       0       0       0      19    3039       0       0
       2700                   147                   147             1.9028558E-01         1.0000000E+30              4956       
 NEXT SEEDS:13A446FD       6       0       0       0       0      19    3039       0       0
       2750                    97                    97             1.8877337E-01         1.0000000E+30              4968       
 NEXT SEEDS:179C8766       6       0       0       0       0      19    3039       0       0
  Comptn_2: TXYZ:  0.99999999999852873       U,V,W  0.95794576473385717      -0.20165643928599053       0.20414355811901075     
       2797                    50                    50             1.8803721E-01         1.0000000E+30              5000       
 NEXT SEEDS:1C9DE442       6       0       0       0       0      19    3039       0       0
       2798                    49                    49             1.8807244E-01         1.0000000E+30              5000       
 NEXT SEEDS:1CD484AA       6       0       0       0       0      19    3039       0       0
       2799                    48                    48             1.8816382E-01         1.0000000E+30              5000       
 NEXT SEEDS:1D256F41       6       0       0       0       0      19    3039       0       0
       2800                    47                    47             1.8809666E-01         1.0000000E+30              5000       
 NEXT SEEDS:1D256F45       6       0       0       0       0      19    3039       0       0
       2801                    46                    46             1.8802955E-01         1.0000000E+30              5000       
 NEXT SEEDS:1D256F49       6       0       0       0       0      19    3039       0       0
       2802                    45                    45             1.8802359E-01         1.0000000E+30              5000       
 NEXT SEEDS:1D45EBEE       6       0       0       0       0      19    3039       0       0
       2803                    44                    44             1.8802772E-01         1.0000000E+30              5000       
 NEXT SEEDS:1D6C1A26       6       0       0       0       0      19    3039       0       0
       2804                    43                    43             1.8804196E-01         1.0000000E+30              5000       
 NEXT SEEDS:1D96F28D       6       0       0       0       0      19    3039       0       0
       2805                    42                    42             1.8797497E-01         1.0000000E+30              5000       
 NEXT SEEDS:1D96F291       6       0       0       0       0      19    3039       0       0
       2806                    41                    41             1.8790802E-01         1.0000000E+30              5000       
 NEXT SEEDS:1D96F295       6       0       0       0       0      19    3039       0       0
       2807                    40                    40             1.8785649E-01         1.0000000E+30              5000       
 NEXT SEEDS:1D9F9183       6       0       0       0       0      19    3039       0       0
       2808                    39                    39             1.8778964E-01         1.0000000E+30              5000       
 NEXT SEEDS:1D9F9187       6       0       0       0       0      19    3039       0       0
       2809                    38                    38             1.8773849E-01         1.0000000E+30              5000       
 NEXT SEEDS:1DA81B40       6       0       0       0       0      19    3039       0       0
       2810                    37                    37             1.8768660E-01         1.0000000E+30              5001       
 NEXT SEEDS:1DB09297       6       0       0       0       0      19    3039       0       0
       2811                    36                    36             1.8761988E-01         1.0000000E+30              5001       
 NEXT SEEDS:1DB0929B       6       0       0       0       0      19    3039       0       0
       2812                    35                    35             1.8756562E-01         1.0000000E+30              5001       
 NEXT SEEDS:1DB6894F       6       0       0       0       0      19    3039       0       0
       2813                    34                    34             1.8749898E-01         1.0000000E+30              5001       
 NEXT SEEDS:1DB68953       6       0       0       0       0      19    3039       0       0
       2814                    33                    33             1.8745534E-01         1.0000000E+30              5001       
 NEXT SEEDS:1DC2A8A9       6       0       0       0       0      19    3039       0       0
       2815                    32                    32             1.8738879E-01         1.0000000E+30              5001       
 NEXT SEEDS:1DC2A8AD       6       0       0       0       0      19    3039       0       0
       2816                    31                    31             1.8732229E-01         1.0000000E+30              5001       
 NEXT SEEDS:1DC2A8B1       6       0       0       0       0      19    3039       0       0
       2817                    30                    30             1.8732257E-01         1.0000000E+30              5001       
 NEXT SEEDS:1DE6826F       6       0       0       0       0      19    3039       0       0
       2818                    29                    29             1.8725614E-01         1.0000000E+30              5001       
 NEXT SEEDS:1DE68273       6       0       0       0       0      19    3039       0       0
       2819                    28                    28             1.8763725E-01         1.0000000E+30              5001       
 NEXT SEEDS:1ED66839       6       0       0       0       0      19    3039       0       0
       2820                    27                    27             1.8761566E-01         1.0000000E+30              5001       
 NEXT SEEDS:1EEE8915       6       0       0       0       0      19    3039       0       0
       2821                    26                    26             1.8760872E-01         1.0000000E+30              5001       
 NEXT SEEDS:1F0EC307       6       0       0       0       0      19    3039       0       0
       2822                    25                    25             1.8754228E-01         1.0000000E+30              5001       
 NEXT SEEDS:1F0EC30B       6       0       0       0       0      19    3039       0       0
       2823                    24                    24             1.8747589E-01         1.0000000E+30              5001       
 NEXT SEEDS:1F0EC30F       6       0       0       0       0      19    3039       0       0
       2824                    23                    23             1.8740953E-01         1.0000000E+30              5001       
 NEXT SEEDS:1F0EC313       6       0       0       0       0      19    3039       0       0
       2825                    22                    22             1.8734323E-01         1.0000000E+30              5001       
 NEXT SEEDS:1F0EC317       6       0       0       0       0      19    3039       0       0
       2826                    21                    21             1.8727698E-01         1.0000000E+30              5001       
 NEXT SEEDS:1F0EC31B       6       0       0       0       0      19    3039       0       0
       2827                    20                    20             1.8721076E-01         1.0000000E+30              5001       
 NEXT SEEDS:1F0EC31F       6       0       0       0       0      19    3039       0       0
       2828                    19                    19             1.8714460E-01         1.0000000E+30              5001       
 NEXT SEEDS:1F0EC323       6       0       0       0       0      19    3039       0       0
       2829                    18                    18             1.8714061E-01         1.0000000E+30              5001       
 NEXT SEEDS:1F3081AC       6       0       0       0       0      19    3039       0       0
       2830                    17                    17             1.8715540E-01         1.0000000E+30              5001       
 NEXT SEEDS:1F5C1F8B       6       0       0       0       0      19    3039       0       0
       2831                    16                    16             1.8708933E-01         1.0000000E+30              5001       
 NEXT SEEDS:1F5C1F8F       6       0       0       0       0      19    3039       0       0
       2832                    15                    15             1.8709187E-01         1.0000000E+30              5001       
 NEXT SEEDS:1F82A9ED       6       0       0       0       0      19    3039       0       0
       2833                    14                    14             1.8702587E-01         1.0000000E+30              5001       
 NEXT SEEDS:1F82A9F1       6       0       0       0       0      19    3039       0       0
       2834                    13                    13             1.8704342E-01         1.0000000E+30              5001       
 NEXT SEEDS:1FAED133       6       0       0       0       0      19    3039       0       0
       2835                    12                    12             1.8697747E-01         1.0000000E+30              5001       
 NEXT SEEDS:1FAED137       6       0       0       0       0      19    3039       0       0
       2836                    11                    11             1.8694300E-01         1.0000000E+30              5001       
 NEXT SEEDS:1FBFE9B2       6       0       0       0       0      19    3039       0       0
       2837                    10                    10             1.8710503E-01         1.0000000E+30              5001       
 NEXT SEEDS:202FD4E1       6       0       0       0       0      19    3039       0       0
       2838                     9                     9             1.8707321E-01         1.0000000E+30              5001       
 NEXT SEEDS:20413358       6       0       0       0       0      19    3039       0       0
       2839                     8                     8             1.8700736E-01         1.0000000E+30              5001       
 NEXT SEEDS:2041335C       6       0       0       0       0      19    3039       0       0
       2840                     7                     7             1.8694153E-01         1.0000000E+30              5001       
 NEXT SEEDS:20413360       6       0       0       0       0      19    3039       0       0
       2841                     6                     6             1.8690525E-01         1.0000000E+30              5001       
 NEXT SEEDS:2050E102       6       0       0       0       0      19    3039       0       0
       2842                     5                     5             1.8683952E-01         1.0000000E+30              5001       
 NEXT SEEDS:2050E106       6       0       0       0       0      19    3039       0       0
       2843                     4                     4             1.8679214E-01         1.0000000E+30              5001       
 NEXT SEEDS:205B4BE4       6       0       0       0       0      19    3039       0       0
       2844                     3                     3             1.8680393E-01         1.0000000E+30              5001       
 NEXT SEEDS:20857E21       6       0       0       0       0      19    3039       0       0
       2845                     2                     2             1.8684908E-01         1.0000000E+30              5001       
 NEXT SEEDS:20C1AF39       6       0       0       0       0      19    3039       0       0
       2846                     1                     1             1.8678343E-01         1.0000000E+30              5001       
 NEXT SEEDS:20C1AF3D       6       0       0       0       0      19    3039       0       0
       2847                     0                     1             1.8678441E-01         1.0000000E+30              5001       
 NEXT SEEDS:20E927B5       6       0       0       0       0      19    3039       0       0
