1NUMBER OF BEAM       NUMBER OF BEAM        APPROXIMATE NUMBER    AVERAGE TIME USED     TIME LEFT (RESERVED   NUMBER OF STARS
 PARTICLES HANDLED    PARTICLES LEFT        OF BEAM PARTICLES     BY A BEAM PARTICLE     10000.0 SECONDS      CREATED
                                            THAT CAN STILL BE                           FOR PRINTOUT)
                                            HANDLED

 NEXT SEEDS:1D4219B0       3       0       0       0       0       7    3039       0       0
          1                  2152                  2152             9.1469288E-03         1.0000000E+30                 0       
 NEXT SEEDS:1D43DB21       3       0       0       0       0       7    3039       0       0
         40                  2113                  2113             3.9667892E-02         1.0000000E+30                 0       
 NEXT SEEDS:1E6204B9       3       0       0       0       0       7    3039       0       0
  *** Kaon: P_min > 1.5 GeV/c:           15   3.7172883862989550     
  *** Kaon: P_min > 1.5 GeV/c:           15   4.5166277869373239     
         80                  2073                  2073             4.0375334E-02         1.0000000E+30                45       
 NEXT SEEDS:1F946565       3       0       0       0       0       7    3039       0       0
  Comptn_2: TXYZ:  0.99999999999810030       U,V,W   9.8863968131155389E-002  0.52314579312048082      -0.84648945353371374     
        120                  2033                  2033             4.4282850E-02         1.0000000E+30                47       
 NEXT SEEDS:211AAB1C       3       0       0       0       0       7    3039       0       0
        160                  1993                  1993             4.7803035E-02         1.0000000E+30                70       
 NEXT SEEDS:22B87772       3       0       0       0       0       7    3039       0       0
        200                  1953                  1953             4.7880828E-02         1.0000000E+30                78       
 NEXT SEEDS:241BFFC6       3       0       0       0       0       7    3039       0       0
        240                  1913                  1913             6.7414552E-02         1.0000000E+30               151       
 NEXT SEEDS:28FFFB53       3       0       0       0       0       7    3039       0       0
        280                  1873                  1873             6.1939449E-02         1.0000000E+30               151       
 NEXT SEEDS:29D226A5       3       0       0       0       0       7    3039       0       0
  Comptn_2: TXYZ:   1.0000000000063931       U,V,W  0.38927513761692012      -0.92107027858065038        9.7164373658387149E-003
  *** Kaon: P_min > 1.5 GeV/c:           24   4.6640471780560384     
  *** Kaon: P_min > 1.5 GeV/c:           24   4.9562236651631553     
  *** Kaon: P_min > 1.5 GeV/c:           24   3.9851368558908784     
  *** Kaon: P_min > 1.5 GeV/c:           24   4.6306108589380424     
  *** Kaon: P_min > 1.5 GeV/c:           15   2.4202642654571624     
  *** Kaon: P_min > 1.5 GeV/c:           15   1.8265969918226295     
        320                  1833                  1833             6.2077986E-02         1.0000000E+30               208       
 NEXT SEEDS:2BA1ABE0       3       0       0       0       0       7    3039       0       0
  Comptn_2: TXYZ:  0.99999999999829803       U,V,W -0.89753979525416128      -0.34074432550030309      -0.27984928188716118     
  Comptn_2: TXYZ:  0.99999999998835332       U,V,W  0.12892019115719222      -0.49222565429101905       0.86086786997664433     
        360                  1793                  1793             6.2918111E-02         1.0000000E+30               211       
 NEXT SEEDS:2D95EA64       3       0       0       0       0       7    3039       0       0
  Comptn_2: TXYZ:  0.99999999999761080       U,V,W  0.78693687622425301      -0.45419913811097246      -0.41765236234849112     
        400                  1753                  1753             7.0462831E-02         1.0000000E+30               213       
 NEXT SEEDS:3172C76B       3       0       0       0       0       7    3039       0       0
  Comptn_2: TXYZ:  0.99999999999895106       U,V,W -0.10467977758254166      -0.59054981613473956       0.80018314080430741     
        440                  1713                  1713             7.9602769E-02         1.0000000E+30               229       
 NEXT SEEDS:36532B4F       3       0       0       0       0       7    3039       0       0
        480                  1673                  1673             7.7775191E-02         1.0000000E+30               231       
 NEXT SEEDS:37FBDB95       3       0       0       0       0       7    3039       0       0
  Comptn_2: TXYZ:   1.0000000000018050       U,V,W -0.64308504944053624      -0.20634897411563902      -0.73746980959852948     
  Comptn_2: TXYZ:  0.99999999999851419       U,V,W -0.99127734174309978       -2.1338870014574240E-002  0.13005339046618136     
  Comptn_2: TXYZ:   1.0000000000209133       U,V,W  0.98703596635911606       -8.1170234877873781E-002 -0.13846080349438239     
        520                  1633                  1633             7.6003198E-02         1.0000000E+30               234       
 NEXT SEEDS:3990022E       3       0       0       0       0       7    3039       0       0
        560                  1593                  1593             7.9217290E-02         1.0000000E+30               238       
 NEXT SEEDS: 1953028       4       0       0       0       0       7    3039       0       0
  Comptn_2: TXYZ:   1.0000000000010312       U,V,W -0.79179782672107990      -0.54015992409128444      -0.28510253945993469     
        600                  1553                  1553             7.7426000E-02         1.0000000E+30               248       
 NEXT SEEDS: 31ED492       4       0       0       0       0       7    3039       0       0
        640                  1513                  1513             7.5010239E-02         1.0000000E+30               249       
 NEXT SEEDS: 43064D6       4       0       0       0       0       7    3039       0       0
        680                  1473                  1473             7.2325358E-02         1.0000000E+30               252       
 NEXT SEEDS: 4FD014C       4       0       0       0       0       7    3039       0       0
  Comptn_2: TXYZ:  0.99999999997037514       U,V,W  0.46630961989732356       0.48903809961058187       0.73715471611518524     
        720                  1433                  1433             7.0823881E-02         1.0000000E+30               271       
 NEXT SEEDS: 64A6E85       4       0       0       0       0       7    3039       0       0
        760                  1393                  1393             6.8850446E-02         1.0000000E+30               276       
 NEXT SEEDS: 7454666       4       0       0       0       0       7    3039       0       0
        800                  1353                  1353             6.7550330E-02         1.0000000E+30               276       
 NEXT SEEDS: 8852BF2       4       0       0       0       0       7    3039       0       0
        840                  1313                  1313             6.6276127E-02         1.0000000E+30               283       
 NEXT SEEDS: 9A62618       4       0       0       0       0       7    3039       0       0
        880                  1273                  1273             6.5145579E-02         1.0000000E+30               284       
 NEXT SEEDS: ACC3990       4       0       0       0       0       7    3039       0       0
        920                  1233                  1233             6.3347737E-02         1.0000000E+30               285       
 NEXT SEEDS: B7D7B9E       4       0       0       0       0       7    3039       0       0
        960                  1193                  1193             6.2298667E-02         1.0000000E+30               286       
 NEXT SEEDS: C90EE77       4       0       0       0       0       7    3039       0       0
       1000                  1153                  1153             6.2049892E-02         1.0000000E+30               295       
 NEXT SEEDS: E355650       4       0       0       0       0       7    3039       0       0
       1040                  1113                  1113             6.0890450E-02         1.0000000E+30               299       
 NEXT SEEDS: F1C98DD       4       0       0       0       0       7    3039       0       0
       1080                  1073                  1073             6.1920035E-02         1.0000000E+30               307       
 NEXT SEEDS:11B0AABF       4       0       0       0       0       7    3039       0       0
  Comptn_2: TXYZ:  0.99999999999878519       U,V,W -0.82167536002309660      -0.13392248200901236      -0.55399853027083523     
  Comptn_2: TXYZ:  0.99999999999297495       U,V,W  0.99972992524919757        8.6964371365922943E-003   2.1551068078821345E-002
       1120                  1033                  1033             6.4046434E-02         1.0000000E+30               308       
 NEXT SEEDS:1534DE84       4       0       0       0       0       7    3039       0       0
       1160                   993                   993             6.3729059E-02         1.0000000E+30               324       
 NEXT SEEDS:16B89742       4       0       0       0       0       7    3039       0       0
       1200                   953                   953             6.3253196E-02         1.0000000E+30               341       
 NEXT SEEDS:181DF5F6       4       0       0       0       0       7    3039       0       0
       1240                   913                   913             6.2571959E-02         1.0000000E+30               352       
 NEXT SEEDS:1952D38E       4       0       0       0       0       7    3039       0       0
       1280                   873                   873             6.1908891E-02         1.0000000E+30               357       
 NEXT SEEDS:1A7FA9C9       4       0       0       0       0       7    3039       0       0
  Comptn_2: TXYZ:  0.99999999999810485       U,V,W -0.83224468907935290      -0.31953959397790399       0.45305984745699135     
       1320                   833                   833             6.0773765E-02         1.0000000E+30               359       
 NEXT SEEDS:1B3288D7       4       0       0       0       0       7    3039       0       0
       1360                   793                   793             6.4212970E-02         1.0000000E+30               359       
 NEXT SEEDS:207AD84E       4       0       0       0       0       7    3039       0       0
       1400                   753                   753             6.4129298E-02         1.0000000E+30               366       
 NEXT SEEDS:223ABF34       4       0       0       0       0       7    3039       0       0
  Comptn_2: TXYZ:  0.99999999999873035       U,V,W -0.69307294226626270       0.60785688073411848      -0.38750472157291682     
       1440                   713                   713             6.3683692E-02         1.0000000E+30               369       
 NEXT SEEDS:2398BF5D       4       0       0       0       0       7    3039       0       0
       1480                   673                   673             6.3129541E-02         1.0000000E+30               369       
 NEXT SEEDS:24CAC5AC       4       0       0       0       0       7    3039       0       0
       1520                   633                   633             6.2388247E-02         1.0000000E+30               370       
 NEXT SEEDS:25CFC7DF       4       0       0       0       0       7    3039       0       0
       1560                   593                   593             6.4640346E-02         1.0000000E+30               374       
 NEXT SEEDS:29DB9EF9       4       0       0       0       0       7    3039       0       0
       1600                   553                   553             6.3705227E-02         1.0000000E+30               377       
 NEXT SEEDS:2AA6459A       4       0       0       0       0       7    3039       0       0
       1640                   513                   513             6.5328558E-02         1.0000000E+30               380       
 NEXT SEEDS:2E6BF30C       4       0       0       0       0       7    3039       0       0
       1680                   473                   473             6.5946372E-02         1.0000000E+30               384       
 NEXT SEEDS:30FE8E78       4       0       0       0       0       7    3039       0       0
  Comptn_2: TXYZ:  0.99999999999818345       U,V,W -0.21784173070591351       0.75497247971921411       0.61851559012514512     
       1720                   433                   433             6.6910511E-02         1.0000000E+30               385       
 NEXT SEEDS:34301D7F       4       0       0       0       0       7    3039       0       0
  Comptn_2: TXYZ:   1.0000000000012075       U,V,W  0.50908334673445665      -0.54861249591621686      -0.66321827131302058     
       1760                   393                   393             6.6541860E-02         1.0000000E+30               385       
 NEXT SEEDS:35A21109       4       0       0       0       0       7    3039       0       0
       1800                   353                   353             6.5928694E-02         1.0000000E+30               385       
 NEXT SEEDS:36C0F704       4       0       0       0       0       7    3039       0       0
  Comptn_2: TXYZ:  0.99999999999888589       U,V,W  0.18624724301352558       0.98083558218688793       -5.7214728740554222E-002
       1840                   313                   313             6.7365130E-02         1.0000000E+30               390       
 NEXT SEEDS:3A867F59       4       0       0       0       0       7    3039       0       0
  Comptn_2: TXYZ:  0.99999999999870059       U,V,W -0.51804903526797830      -0.82983657288063206      -0.20735587613170026     
       1880                   273                   273             6.7199234E-02         1.0000000E+30               396       
 NEXT SEEDS:  9507D7       5       0       0       0       0       7    3039       0       0
  *** Kaon: P_min > 1.5 GeV/c:           15   6.5231280559788072     
  *** Kaon: P_min > 1.5 GeV/c:           15   6.4750141072504999     
  *** Kaon: P_min > 1.5 GeV/c:           15   6.9614237390700087     
  *** Kaon: P_min > 1.5 GeV/c:           15   5.5066994263128670     
  *** Kbar: P_min > 1.8 GeV/c:           16   3.4828217830027013     
  *** Kaon: P_min > 1.5 GeV/c:           24   11.653349554434289     
  *** Kbar: P_min > 1.8 GeV/c:           16   3.9474869289579706     
  *** Kaon: P_min > 1.5 GeV/c:           15   6.8196537962654267     
  *** Kaon: P_min > 1.5 GeV/c:           15   6.3103475588986342     
  *** Kaon: P_min > 1.5 GeV/c:           15   6.2642567329385095     
  *** Kaon: P_min > 1.5 GeV/c:           24   2.8306100497928939     
  *** Kaon: P_min > 1.5 GeV/c:           24   3.0128986288940993     
       1920                   233                   233             6.7424891E-02         1.0000000E+30               582       
 NEXT SEEDS: 2D2813F       5       0       0       0       0       7    3039       0       0
       1960                   193                   193             6.6672856E-02         1.0000000E+30               583       
 NEXT SEEDS: 3B3EBF8       5       0       0       0       0       7    3039       0       0
       2000                   153                   153             6.6703184E-02         1.0000000E+30               595       
 NEXT SEEDS: 5AE7B53       5       0       0       0       0       7    3039       0       0
  Comptn_2: TXYZ:   1.0000000000253977       U,V,W -0.48145108097321554       0.72017012294639926      -0.49955965676832648     
       2040                   113                   113             6.6616019E-02         1.0000000E+30               598       
 NEXT SEEDS: 77F022A       5       0       0       0       0       7    3039       0       0
       2080                    73                    73             6.6493003E-02         1.0000000E+30               602       
 NEXT SEEDS: 93F7E5A       5       0       0       0       0       7    3039       0       0
       2103                    50                    50             6.6242849E-02         1.0000000E+30               604       
 NEXT SEEDS: 9F4AE4B       5       0       0       0       0       7    3039       0       0
       2104                    49                    49             6.6247742E-02         1.0000000E+30               604       
 NEXT SEEDS: A038319       5       0       0       0       0       7    3039       0       0
       2105                    48                    48             6.6216329E-02         1.0000000E+30               604       
 NEXT SEEDS: A03831D       5       0       0       0       0       7    3039       0       0
       2106                    47                    47             6.6194610E-02         1.0000000E+30               604       
 NEXT SEEDS: A066C80       5       0       0       0       0       7    3039       0       0
       2107                    46                    46             6.6163252E-02         1.0000000E+30               604       
 NEXT SEEDS: A066C84       5       0       0       0       0       7    3039       0       0
       2108                    45                    45             6.6176794E-02         1.0000000E+30               604       
 NEXT SEEDS: A17EA3D       5       0       0       0       0       7    3039       0       0
       2109                    44                    44             6.6146849E-02         1.0000000E+30               604       
 NEXT SEEDS: A18546B       5       0       0       0       0       7    3039       0       0
       2110                    43                    43             6.6116100E-02         1.0000000E+30               604       
 NEXT SEEDS: A187BD4       5       0       0       0       0       7    3039       0       0
       2111                    42                    42             6.6132096E-02         1.0000000E+30               604       
 NEXT SEEDS: A2BC6D3       5       0       0       0       0       7    3039       0       0
       2112                    41                    41             6.6101202E-02         1.0000000E+30               604       
 NEXT SEEDS: A2BE4E1       5       0       0       0       0       7    3039       0       0
       2113                    40                    40             6.6073985E-02         1.0000000E+30               604       
 NEXT SEEDS: A2D538C       5       0       0       0       0       7    3039       0       0
       2114                    39                    39             6.6104963E-02         1.0000000E+30               604       
 NEXT SEEDS: A46880A       5       0       0       0       0       7    3039       0       0
       2115                    38                    38             6.6073765E-02         1.0000000E+30               604       
 NEXT SEEDS: A46880E       5       0       0       0       0       7    3039       0       0
       2116                    37                    37             6.6053176E-02         1.0000000E+30               604       
 NEXT SEEDS: A4A2F85       5       0       0       0       0       7    3039       0       0
       2117                    36                    36             6.6048102E-02         1.0000000E+30               604       
 NEXT SEEDS: A54A271       5       0       0       0       0       7    3039       0       0
       2118                    35                    35             6.6017401E-02         1.0000000E+30               604       
 NEXT SEEDS: A54C472       5       0       0       0       0       7    3039       0       0
       2119                    34                    34             6.6071282E-02         1.0000000E+30               604       
 NEXT SEEDS: A73E315       5       0       0       0       0       7    3039       0       0
       2120                    33                    33             6.6108925E-02         1.0000000E+30               604       
 NEXT SEEDS: A8DD942       5       0       0       0       0       7    3039       0       0
       2121                    32                    32             6.6079914E-02         1.0000000E+30               604       
 NEXT SEEDS: A8E8E9B       5       0       0       0       0       7    3039       0       0
       2122                    31                    31             6.6066614E-02         1.0000000E+30               604       
 NEXT SEEDS: A95B9C6       5       0       0       0       0       7    3039       0       0
       2123                    30                    30             6.6049359E-02         1.0000000E+30               606       
 NEXT SEEDS: A9A94C0       5       0       0       0       0       7    3039       0       0
       2124                    29                    29             6.6018320E-02         1.0000000E+30               606       
 NEXT SEEDS: A9A94C4       5       0       0       0       0       7    3039       0       0
       2125                    28                    28             6.5987812E-02         1.0000000E+30               606       
 NEXT SEEDS: A9AC039       5       0       0       0       0       7    3039       0       0
       2126                    27                    27             6.5956824E-02         1.0000000E+30               606       
 NEXT SEEDS: A9AC03D       5       0       0       0       0       7    3039       0       0
       2127                    26                    26             6.5926245E-02         1.0000000E+30               606       
 NEXT SEEDS: A9ADFB7       5       0       0       0       0       7    3039       0       0
       2128                    25                    25             6.5895724E-02         1.0000000E+30               606       
 NEXT SEEDS: A9B0023       5       0       0       0       0       7    3039       0       0
       2129                    24                    24             6.5864830E-02         1.0000000E+30               606       
 NEXT SEEDS: A9B0039       5       0       0       0       0       7    3039       0       0
       2130                    23                    23             6.5838349E-02         1.0000000E+30               606       
 NEXT SEEDS: A9C586E       5       0       0       0       0       7    3039       0       0
       2131                    22                    22             6.5808692E-02         1.0000000E+30               606       
 NEXT SEEDS: A9CC76E       5       0       0       0       0       7    3039       0       0
       2132                    21                    21             6.5777882E-02         1.0000000E+30               606       
 NEXT SEEDS: A9CC772       5       0       0       0       0       7    3039       0       0
       2133                    20                    20             6.5747416E-02         1.0000000E+30               606       
 NEXT SEEDS: A9CE0C4       5       0       0       0       0       7    3039       0       0
       2134                    19                    19             6.5727218E-02         1.0000000E+30               606       
 NEXT SEEDS: AA05831       5       0       0       0       0       7    3039       0       0
       2135                    18                    18             6.5758968E-02         1.0000000E+30               613       
 NEXT SEEDS: AB95753       5       0       0       0       0       7    3039       0       0
       2136                    17                    17             6.5728446E-02         1.0000000E+30               613       
 NEXT SEEDS: AB96681       5       0       0       0       0       7    3039       0       0
       2137                    16                    16             6.5698839E-02         1.0000000E+30               613       
 NEXT SEEDS: AB9BE96       5       0       0       0       0       7    3039       0       0
       2138                    15                    15             6.5810898E-02         1.0000000E+30               709       
 NEXT SEEDS: AF3E9B4       5       0       0       0       0       7    3039       0       0
       2139                    14                    14             6.5780195E-02         1.0000000E+30               709       
 NEXT SEEDS: AF3E9B8       5       0       0       0       0       7    3039       0       0
       2140                    13                    13             6.5754519E-02         1.0000000E+30               709       
 NEXT SEEDS: AF59EB8       5       0       0       0       0       7    3039       0       0
       2141                    12                    12             6.5727357E-02         1.0000000E+30               709       
 NEXT SEEDS: AF6CB6E       5       0       0       0       0       7    3039       0       0
       2142                    11                    11             6.5703140E-02         1.0000000E+30               709       
 NEXT SEEDS: AF8CE1F       5       0       0       0       0       7    3039       0       0
       2143                    10                    10             6.5673235E-02         1.0000000E+30               709       
 NEXT SEEDS: AF9092A       5       0       0       0       0       7    3039       0       0
       2144                     9                     9             6.5660916E-02         1.0000000E+30               709       
 NEXT SEEDS: B0042CF       5       0       0       0       0       7    3039       0       0
       2145                     8                     8             6.5630888E-02         1.0000000E+30               709       
 NEXT SEEDS: B006C69       5       0       0       0       0       7    3039       0       0
       2146                     7                     7             6.5600945E-02         1.0000000E+30               709       
 NEXT SEEDS: B00981E       5       0       0       0       0       7    3039       0       0
       2147                     6                     6             6.5623636E-02         1.0000000E+30               709       
 NEXT SEEDS: B15E216       5       0       0       0       0       7    3039       0       0
       2148                     5                     5             6.5617984E-02         1.0000000E+30               709       
 NEXT SEEDS: B1EAE24       5       0       0       0       0       7    3039       0       0
       2149                     4                     4             6.5621382E-02         1.0000000E+30               709       
 NEXT SEEDS: B2C9080       5       0       0       0       0       7    3039       0       0
       2150                     3                     3             6.5601201E-02         1.0000000E+30               711       
 NEXT SEEDS: B30B670       5       0       0       0       0       7    3039       0       0
       2151                     2                     2             6.5570760E-02         1.0000000E+30               711       
 NEXT SEEDS: B30B674       5       0       0       0       0       7    3039       0       0
       2152                     1                     1             6.5552876E-02         1.0000000E+30               711       
 NEXT SEEDS: B35BDBC       5       0       0       0       0       7    3039       0       0
       2153                     0                     1             6.5524683E-02         1.0000000E+30               711       
 NEXT SEEDS: B366E84       5       0       0       0       0       7    3039       0       0
