1NUMBER OF BEAM       NUMBER OF BEAM        APPROXIMATE NUMBER    AVERAGE TIME USED     TIME LEFT (RESERVED   NUMBER OF STARS
 PARTICLES HANDLED    PARTICLES LEFT        OF BEAM PARTICLES     BY A BEAM PARTICLE     10000.0 SECONDS      CREATED
                                            THAT CAN STILL BE                           FOR PRINTOUT)
                                            HANDLED

 NEXT SEEDS:       0       0       0       0       0       0      3D    3039       0       0
          1                  2152                  2152             7.7009201E-05         1.0000000E+30                 0       
 NEXT SEEDS:       4       0       0       0       0       0      3D    3039       0       0
         40                  2113                  2113             4.5761597E-02         1.0000000E+30                 7       
 NEXT SEEDS: 156B1E9       0       0       0       0       0      3D    3039       0       0
         80                  2073                  2073             4.0752649E-02         1.0000000E+30                12       
 NEXT SEEDS: 25C58F1       0       0       0       0       0      3D    3039       0       0
        120                  2033                  2033             4.3933749E-02         1.0000000E+30                13       
 NEXT SEEDS: 3CD5743       0       0       0       0       0      3D    3039       0       0
        160                  1993                  1993             4.6520382E-02         1.0000000E+30                17       
 NEXT SEEDS: 55CC61F       0       0       0       0       0      3D    3039       0       0
        200                  1953                  1953             6.9249239E-02         1.0000000E+30                17       
 NEXT SEEDS: A0EE58C       0       0       0       0       0      3D    3039       0       0
        240                  1913                  1913             6.6985099E-02         1.0000000E+30                25       
 NEXT SEEDS: BB0B9B5       0       0       0       0       0      3D    3039       0       0
        280                  1873                  1873             6.1796400E-02         1.0000000E+30                25       
 NEXT SEEDS: C8EAD34       0       0       0       0       0      3D    3039       0       0
        320                  1833                  1833             5.9086090E-02         1.0000000E+30                25       
 NEXT SEEDS: DAD6C8E       0       0       0       0       0      3D    3039       0       0
        360                  1793                  1793             6.0979064E-02         1.0000000E+30                34       
 NEXT SEEDS: FEE419D       0       0       0       0       0      3D    3039       0       0
  *** Kbar: P_min > 1.8 GeV/c:           25   3.0916143217870973     
  *** Kbar: P_min > 1.8 GeV/c:           25   2.8724529028916193     
  *** Kbar: P_min > 1.8 GeV/c:           25   3.0596094073760480     
  Comptn_2: TXYZ:   1.0000000000029385       U,V,W -0.67941216527349013       0.68304403237942068       0.26804842755029767     
  Comptn_2: TXYZ:  0.99999999999726086       U,V,W -0.93086236278440282       0.19257180086711401       0.31050179236116549     
        400                  1753                  1753             6.6607265E-02         1.0000000E+30                63       
 NEXT SEEDS:1362FC42       0       0       0       0       0      3D    3039       0       0
        440                  1713                  1713             6.3636754E-02         1.0000000E+30                91       
 NEXT SEEDS:145F799B       0       0       0       0       0      3D    3039       0       0
  *** Kaon: P_min > 1.5 GeV/c:           15   5.0520102787245413     
  *** Kbar: P_min > 1.8 GeV/c:           25   1.9008648466580012     
  *** Kaon: P_min > 1.5 GeV/c:           24   1.7153509214310494     
  *** Kaon: P_min > 1.5 GeV/c:           24   1.5755814760040630     
  *** Kbar: P_min > 1.8 GeV/c:           25   1.9001368689366742     
  *** Kbar: P_min > 1.8 GeV/c:           25   2.2330087605552360     
  *** Kbar: P_min > 1.8 GeV/c:           25   1.8342110665632445     
  *** Kaon: P_min > 1.5 GeV/c:           15   5.1859050754708553     
  *** Kbar: P_min > 1.8 GeV/c:           25   6.3652641455262211     
  *** Kbar: P_min > 1.8 GeV/c:           25   6.3650244810371568     
  *** Kbar: P_min > 1.8 GeV/c:           25   7.8188628275861607     
  *** Kbar: P_min > 1.8 GeV/c:           25   8.4891027820423322     
  *** Kbar: P_min > 1.8 GeV/c:           25   5.6955479630306742     
  *** Kbar: P_min > 1.8 GeV/c:           25   6.3317755259320672     
  *** Kbar: P_min > 1.8 GeV/c:           25   4.9247327244670362     
  *** Kbar: P_min > 1.8 GeV/c:           25   4.5986797910298964     
  *** Kbar: P_min > 1.8 GeV/c:           25   6.1190138706082440     
        480                  1673                  1673             6.2621327E-02         1.0000000E+30               211       
 NEXT SEEDS:15DB2DDE       0       0       0       0       0      3D    3039       0       0
        520                  1633                  1633             6.9736448E-02         1.0000000E+30               213       
 NEXT SEEDS:1A17F9EB       0       0       0       0       0      3D    3039       0       0
        560                  1593                  1593             7.3111973E-02         1.0000000E+30               214       
 NEXT SEEDS:1D6CF4B9       0       0       0       0       0      3D    3039       0       0
        600                  1553                  1553             6.9940062E-02         1.0000000E+30               215       
 NEXT SEEDS:1E28ED29       0       0       0       0       0      3D    3039       0       0
  Comptn_2: TXYZ:  0.99999999997910738       U,V,W  0.78756385004004414      -0.61620096469937380        6.2891329109220351E-003
        640                  1513                  1513             7.1117547E-02         1.0000000E+30               220       
 NEXT SEEDS:20BEAC40       0       0       0       0       0      3D    3039       0       0
  Comptn_2: TXYZ:  0.99999999999464673       U,V,W  -6.1918418483912774E-002  0.87735220998723396      -0.47583527515056545     
  Comptn_2: TXYZ:  0.99999999999743006       U,V,W -0.15715233909914161       0.94737480138346442      -0.27889806025990893     
        680                  1473                  1473             7.7342126E-02         1.0000000E+30               221       
 NEXT SEEDS:25D589AC       0       0       0       0       0      3D    3039       0       0
        720                  1433                  1433             8.1522181E-02         1.0000000E+30               227       
 NEXT SEEDS:2A5257AD       0       0       0       0       0      3D    3039       0       0
        760                  1393                  1393             7.8998126E-02         1.0000000E+30               234       
 NEXT SEEDS:2B4B8CDB       0       0       0       0       0      3D    3039       0       0
        800                  1353                  1353             7.7154677E-02         1.0000000E+30               236       
 NEXT SEEDS:2C7DFF74       0       0       0       0       0      3D    3039       0       0
        840                  1313                  1313             7.8674764E-02         1.0000000E+30               275       
 NEXT SEEDS:2FA18D0D       0       0       0       0       0      3D    3039       0       0
  Comptn_2: TXYZ:   1.0000000000018119       U,V,W  0.18893342704687655      -0.77483170064220452      -0.60327439513545045     
        880                  1273                  1273             7.8212263E-02         1.0000000E+30               277       
 NEXT SEEDS:31A25FD5       0       0       0       0       0      3D    3039       0       0
  *** Hhflev: call to Hadriv !! ***  0.73163465868956878        3.5000000000000000        1.5157630728963281               13 T F T
        920                  1233                  1233             7.7914356E-02         1.0000000E+30               752       
 NEXT SEEDS:33AC2F88       0       0       0       0       0      3D    3039       0       0
        960                  1193                  1193             7.7018899E-02         1.0000000E+30               757       
 NEXT SEEDS:354F7DC5       0       0       0       0       0      3D    3039       0       0
       1000                  1153                  1153             7.5217699E-02         1.0000000E+30               759       
 NEXT SEEDS:36413480       0       0       0       0       0      3D    3039       0       0
  Comptn_2: TXYZ:  0.99999999999877243       U,V,W  0.53793785392501725      -0.84149461349422072        5.0096714198950565E-002
  Comptn_2: TXYZ:   1.0000000000038789       U,V,W  -5.4941388378189515E-002 -0.12810243234208940       0.99023795659174585     
       1040                  1113                  1113             7.4406325E-02         1.0000000E+30               762       
 NEXT SEEDS:37DEBE50       0       0       0       0       0      3D    3039       0       0
       1080                  1073                  1073             7.2786856E-02         1.0000000E+30               762       
 NEXT SEEDS:38C81514       0       0       0       0       0      3D    3039       0       0
       1120                  1033                  1033             7.1379636E-02         1.0000000E+30               793       
 NEXT SEEDS:39BD751F       0       0       0       0       0      3D    3039       0       0
  Comptn_2: TXYZ:   1.0000000000010378       U,V,W  0.53095473620967759      -0.19428062211171238      -0.82482853246564858     
       1160                   993                   993             6.9963365E-02         1.0000000E+30               793       
 NEXT SEEDS:3AA33B2A       0       0       0       0       0      3D    3039       0       0
       1200                   953                   953             6.8418746E-02         1.0000000E+30               798       
 NEXT SEEDS:3B52C8BA       0       0       0       0       0      3D    3039       0       0
  Comptn_2: TXYZ:  0.99999999999891798       U,V,W -0.58456057378290183      -0.79404504543431642      -0.16667753717504041     
       1240                   913                   913             6.7616833E-02         1.0000000E+30               848       
 NEXT SEEDS:  EF8D55       1       0       0       0       0      3D    3039       0       0
  Comptn_2: TXYZ:   1.0000000000015437       U,V,W -0.89706093242931928       -7.4194168800669758E-002  0.43563391606549828     
       1280                   873                   873             6.7518313E-02         1.0000000E+30               869       
 NEXT SEEDS: 2CDC847       1       0       0       0       0      3D    3039       0       0
       1320                   833                   833             6.6577190E-02         1.0000000E+30               871       
 NEXT SEEDS: 3DF3310       1       0       0       0       0      3D    3039       0       0
       1360                   793                   793             6.6029842E-02         1.0000000E+30               894       
 NEXT SEEDS: 5483C91       1       0       0       0       0      3D    3039       0       0
       1400                   753                   753             6.5173837E-02         1.0000000E+30               898       
 NEXT SEEDS: 65695F7       1       0       0       0       0      3D    3039       0       0
       1440                   713                   713             6.4336423E-02         1.0000000E+30               913       
 NEXT SEEDS: 75EA0D0       1       0       0       0       0      3D    3039       0       0
  Comptn_2: TXYZ:  0.99999999998842792       U,V,W  0.17493012649111961       0.98457944062318958        1.6661141485343478E-003
       1480                   673                   673             6.3912532E-02         1.0000000E+30               914       
 NEXT SEEDS: 8D03ECF       1       0       0       0       0      3D    3039       0       0
       1520                   633                   633             6.3064185E-02         1.0000000E+30              1016       
 NEXT SEEDS: 9BC7AF8       1       0       0       0       0      3D    3039       0       0
       1560                   593                   593             6.2007617E-02         1.0000000E+30              1019       
 NEXT SEEDS: A5F2341       1       0       0       0       0      3D    3039       0       0
       1600                   553                   553             6.1491777E-02         1.0000000E+30              1021       
 NEXT SEEDS: B9130DA       1       0       0       0       0      3D    3039       0       0
  Comptn_2: TXYZ:   1.0000000000015365       U,V,W  0.20379505517683327       0.92768660883510634       0.31283403151675881     
       1640                   513                   513             6.1075314E-02         1.0000000E+30              1022       
 NEXT SEEDS: CDF1528       1       0       0       0       0      3D    3039       0       0
       1680                   473                   473             6.0570128E-02         1.0000000E+30              1081       
 NEXT SEEDS: E03C9F3       1       0       0       0       0      3D    3039       0       0
       1720                   433                   433             5.9960668E-02         1.0000000E+30              1082       
 NEXT SEEDS: F02060C       1       0       0       0       0      3D    3039       0       0
       1760                   393                   393             5.9896136E-02         1.0000000E+30              1082       
 NEXT SEEDS:10AA518E       1       0       0       0       0      3D    3039       0       0
       1800                   353                   353             5.9762621E-02         1.0000000E+30              1083       
 NEXT SEEDS:123B0DAE       1       0       0       0       0      3D    3039       0       0
       1840                   313                   313             6.0160331E-02         1.0000000E+30              1083       
 NEXT SEEDS:148D2DAE       1       0       0       0       0      3D    3039       0       0
       1880                   273                   273             5.9506555E-02         1.0000000E+30              1083       
 NEXT SEEDS:156675E5       1       0       0       0       0      3D    3039       0       0
       1920                   233                   233             5.9424517E-02         1.0000000E+30              1106       
 NEXT SEEDS:17098965       1       0       0       0       0      3D    3039       0       0
       1960                   193                   193             5.9130039E-02         1.0000000E+30              1127       
 NEXT SEEDS:185CBD3E       1       0       0       0       0      3D    3039       0       0
       2000                   153                   153             5.8620255E-02         1.0000000E+30              1131       
 NEXT SEEDS:1956958E       1       0       0       0       0      3D    3039       0       0
       2040                   113                   113             5.8195519E-02         1.0000000E+30              1131       
 NEXT SEEDS:1A66B937       1       0       0       0       0      3D    3039       0       0
       2080                    73                    73             5.8001963E-02         1.0000000E+30              1135       
 NEXT SEEDS:1BB7857B       1       0       0       0       0      3D    3039       0       0
       2103                    50                    50             5.7779709E-02         1.0000000E+30              1136       
 NEXT SEEDS:1C581D98       1       0       0       0       0      3D    3039       0       0
       2104                    49                    49             5.7752309E-02         1.0000000E+30              1136       
 NEXT SEEDS:1C581D9C       1       0       0       0       0      3D    3039       0       0
       2105                    48                    48             5.7724928E-02         1.0000000E+30              1136       
 NEXT SEEDS:1C581DB3       1       0       0       0       0      3D    3039       0       0
       2106                    47                    47             5.7726054E-02         1.0000000E+30              1136       
 NEXT SEEDS:1C6337ED       1       0       0       0       0      3D    3039       0       0
       2107                    46                    46             5.7706279E-02         1.0000000E+30              1136       
 NEXT SEEDS:1C65FF4B       1       0       0       0       0      3D    3039       0       0
       2108                    45                    45             5.7708687E-02         1.0000000E+30              1136       
 NEXT SEEDS:1C71AAE6       1       0       0       0       0      3D    3039       0       0
       2109                    44                    44             5.7685025E-02         1.0000000E+30              1147       
 NEXT SEEDS:1C73071F       1       0       0       0       0      3D    3039       0       0
       2110                    43                    43             5.7657744E-02         1.0000000E+30              1147       
 NEXT SEEDS:1C730723       1       0       0       0       0      3D    3039       0       0
       2111                    42                    42             5.7630478E-02         1.0000000E+30              1147       
 NEXT SEEDS:1C730727       1       0       0       0       0      3D    3039       0       0
       2112                    41                    41             5.7603942E-02         1.0000000E+30              1147       
 NEXT SEEDS:1C733FB1       1       0       0       0       0      3D    3039       0       0
       2113                    40                    40             5.7577319E-02         1.0000000E+30              1147       
 NEXT SEEDS:1C737789       1       0       0       0       0      3D    3039       0       0
       2114                    39                    39             5.7596217E-02         1.0000000E+30              1147       
 NEXT SEEDS:1C8633E9       1       0       0       0       0      3D    3039       0       0
       2115                    38                    38             5.7593193E-02         1.0000000E+30              1147       
 NEXT SEEDS:1C8F8D14       1       0       0       0       0      3D    3039       0       0
       2116                    37                    37             5.7602636E-02         1.0000000E+30              1147       
 NEXT SEEDS:1C9E86C4       1       0       0       0       0      3D    3039       0       0
       2117                    36                    36             5.7603656E-02         1.0000000E+30              1147       
 NEXT SEEDS:1CAA2861       1       0       0       0       0      3D    3039       0       0
       2118                    35                    35             5.7576516E-02         1.0000000E+30              1147       
 NEXT SEEDS:1CAA2865       1       0       0       0       0      3D    3039       0       0
       2119                    34                    34             5.7586383E-02         1.0000000E+30              1147       
 NEXT SEEDS:1CB8E640       1       0       0       0       0      3D    3039       0       0
       2120                    33                    33             5.7559273E-02         1.0000000E+30              1147       
 NEXT SEEDS:1CB8E644       1       0       0       0       0      3D    3039       0       0
       2121                    32                    32             5.7536038E-02         1.0000000E+30              1147       
 NEXT SEEDS:1CBA47C5       1       0       0       0       0      3D    3039       0       0
       2122                    31                    31             5.7526797E-02         1.0000000E+30              1147       
 NEXT SEEDS:1CC0758F       1       0       0       0       0      3D    3039       0       0
       2123                    30                    30             5.7499758E-02         1.0000000E+30              1147       
 NEXT SEEDS:1CC075A9       1       0       0       0       0      3D    3039       0       0
       2124                    29                    29             5.7495341E-02         1.0000000E+30              1147       
 NEXT SEEDS:1CC9CC7C       1       0       0       0       0      3D    3039       0       0
       2125                    28                    28             5.7482635E-02         1.0000000E+30              1147       
 NEXT SEEDS:1CCF8B01       1       0       0       0       0      3D    3039       0       0
       2126                    27                    27             5.7457341E-02         1.0000000E+30              1147       
 NEXT SEEDS:1CD01F33       1       0       0       0       0      3D    3039       0       0
       2127                    26                    26             5.7446569E-02         1.0000000E+30              1147       
 NEXT SEEDS:1CD6AD8B       1       0       0       0       0      3D    3039       0       0
       2128                    25                    25             5.7493881E-02         1.0000000E+30              1147       
 NEXT SEEDS:1CF46E7C       1       0       0       0       0      3D    3039       0       0
       2129                    24                    24             5.7528556E-02         1.0000000E+30              1147       
 NEXT SEEDS:1D0DF58F       1       0       0       0       0      3D    3039       0       0
       2130                    23                    23             5.7530224E-02         1.0000000E+30              1147       
 NEXT SEEDS:1D19A610       1       0       0       0       0      3D    3039       0       0
       2131                    22                    22             5.7514899E-02         1.0000000E+30              1147       
 NEXT SEEDS:1D1DD42A       1       0       0       0       0      3D    3039       0       0
       2132                    21                    21             5.7488254E-02         1.0000000E+30              1147       
 NEXT SEEDS:1D1DEC50       1       0       0       0       0      3D    3039       0       0
       2133                    20                    20             5.7545823E-02         1.0000000E+30              1147       
 NEXT SEEDS:1D3D0861       1       0       0       0       0      3D    3039       0       0
       2134                    19                    19             5.7518911E-02         1.0000000E+30              1147       
 NEXT SEEDS:1D3D0865       1       0       0       0       0      3D    3039       0       0
       2135                    18                    18             5.7511052E-02         1.0000000E+30              1147       
 NEXT SEEDS:1D44EF5F       1       0       0       0       0      3D    3039       0       0
       2136                    17                    17             5.7485656E-02         1.0000000E+30              1147       
 NEXT SEEDS:1D45785C       1       0       0       0       0      3D    3039       0       0
       2137                    16                    16             5.7494529E-02         1.0000000E+30              1147       
 NEXT SEEDS:1D54191C       1       0       0       0       0      3D    3039       0       0
       2138                    15                    15             5.7519005E-02         1.0000000E+30              1147       
 NEXT SEEDS:1D6813D9       1       0       0       0       0      3D    3039       0       0
       2139                    14                    14             5.7492175E-02         1.0000000E+30              1147       
 NEXT SEEDS:1D6813EF       1       0       0       0       0      3D    3039       0       0
       2140                    13                    13             5.7483849E-02         1.0000000E+30              1147       
 NEXT SEEDS:1D6F993C       1       0       0       0       0      3D    3039       0       0
       2141                    12                    12             5.7476827E-02         1.0000000E+30              1147       
 NEXT SEEDS:1D77D378       1       0       0       0       0      3D    3039       0       0
       2142                    11                    11             5.7450047E-02         1.0000000E+30              1147       
 NEXT SEEDS:1D77D37C       1       0       0       0       0      3D    3039       0       0
       2143                    10                    10             5.7443546E-02         1.0000000E+30              1147       
 NEXT SEEDS:1D8017BA       1       0       0       0       0      3D    3039       0       0
       2144                     9                     9             5.7416806E-02         1.0000000E+30              1147       
 NEXT SEEDS:1D8017BE       1       0       0       0       0      3D    3039       0       0
       2145                     8                     8             5.7436238E-02         1.0000000E+30              1147       
 NEXT SEEDS:1D92572B       1       0       0       0       0      3D    3039       0       0
       2146                     7                     7             5.7411284E-02         1.0000000E+30              1147       
 NEXT SEEDS:1D930326       1       0       0       0       0      3D    3039       0       0
       2147                     6                     6             5.7402297E-02         1.0000000E+30              1147       
 NEXT SEEDS:1D997F6C       1       0       0       0       0      3D    3039       0       0
       2148                     5                     5             5.7450890E-02         1.0000000E+30              1147       
 NEXT SEEDS:1DB45626       1       0       0       0       0      3D    3039       0       0
       2149                     4                     4             5.7424213E-02         1.0000000E+30              1147       
 NEXT SEEDS:1DB4562A       1       0       0       0       0      3D    3039       0       0
       2150                     3                     3             5.7397554E-02         1.0000000E+30              1147       
 NEXT SEEDS:1DB4562E       1       0       0       0       0      3D    3039       0       0
       2151                     2                     2             5.7426461E-02         1.0000000E+30              1147       
 NEXT SEEDS:1DCB8888       1       0       0       0       0      3D    3039       0       0
       2152                     1                     1             5.7399956E-02         1.0000000E+30              1147       
 NEXT SEEDS:1DCB9356       1       0       0       0       0      3D    3039       0       0
       2153                     0                     1             5.7373345E-02         1.0000000E+30              1147       
 NEXT SEEDS:1DCB935A       1       0       0       0       0      3D    3039       0       0
