1NUMBER OF BEAM       NUMBER OF BEAM        APPROXIMATE NUMBER    AVERAGE TIME USED     TIME LEFT (RESERVED   NUMBER OF STARS
 PARTICLES HANDLED    PARTICLES LEFT        OF BEAM PARTICLES     BY A BEAM PARTICLE     10000.0 SECONDS      CREATED
                                            THAT CAN STILL BE                           FOR PRINTOUT)
                                            HANDLED

 NEXT SEEDS:3242D52E      13       0       0       0       0      2B    3039       0       0
          1                  2846                  2846             8.0108643E-05         1.0000000E+30                 0       
 NEXT SEEDS:3242D532      13       0       0       0       0      2B    3039       0       0
  Comptn_2: TXYZ:   1.0000000000016902       U,V,W -0.99382925893281548       -7.9841580370498377E-002   7.6998221633244768E-002
         50                  2797                  2797             1.7745613E-01         1.0000000E+30                 2       
 NEXT SEEDS:38B0F13D      13       0       0       0       0      2B    3039       0       0
        100                  2747                  2747             1.8003103E-01         1.0000000E+30                13       
 NEXT SEEDS: 3AE4A4E      14       0       0       0       0      2B    3039       0       0
        150                  2697                  2697             1.4111795E-01         1.0000000E+30                18       
 NEXT SEEDS: 5FBD464      14       0       0       0       0      2B    3039       0       0
        200                  2647                  2647             1.3330616E-01         1.0000000E+30                25       
 NEXT SEEDS: 9F73336      14       0       0       0       0      2B    3039       0       0
  Comptn_2: TXYZ:   1.0000000000017952       U,V,W  0.72337446135932737      -0.64381670419123793       0.24945829322600233     
  Comptn_2: TXYZ:  0.99999999998711808       U,V,W  0.84418545376275134       0.49381386453694631      -0.20856362778198445     
        250                  2597                  2597             1.2801131E-01         1.0000000E+30                38       
 NEXT SEEDS: DD04DB5      14       0       0       0       0      2B    3039       0       0
        300                  2547                  2547             1.2366750E-01         1.0000000E+30                41       
 NEXT SEEDS:117E37C8      14       0       0       0       0      2B    3039       0       0
  Comptn_2: TXYZ:   1.0000000000018419       U,V,W -0.23950254216559408       0.43910274500666446       0.86592569636526662     
        350                  2497                  2497             1.2304422E-01         1.0000000E+30                67       
 NEXT SEEDS:15CB433B      14       0       0       0       0      2B    3039       0       0
  Comptn_2: TXYZ:  0.99999999999882572       U,V,W -0.22880182308616437       0.37481272228575335      -0.89842370236098290     
        400                  2447                  2447             1.2990747E-01         1.0000000E+30                77       
 NEXT SEEDS:1C44CE44      14       0       0       0       0      2B    3039       0       0
  Comptn_2: TXYZ:   1.0000000000102560       U,V,W  -8.5193150740792589E-002  0.84317111656231969       0.53085270581599531     
        450                  2397                  2397             1.3249313E-01         1.0000000E+30                86       
 NEXT SEEDS:21C251D4      14       0       0       0       0      2B    3039       0       0
  Comptn_2: TXYZ:  0.99999999999563649       U,V,W -0.38971821801358431      -0.91777086532829166       -7.6264993925860836E-002
  Comptn_2: TXYZ:  0.99999999999870925       U,V,W  0.15324383803061181       0.94510554367322930      -0.28860325261938158     
        500                  2347                  2347             1.3922485E-01         1.0000000E+30                87       
 NEXT SEEDS:28FBB75A      14       0       0       0       0      2B    3039       0       0
  Comptn_2: TXYZ:  0.99999999999758638       U,V,W -0.32828655621434688       0.26195729931828282      -0.90752758103563025     
  *** Kaon: P_min > 1.5 GeV/c:           24   2.0168704245357643     
  *** Kaon: P_min > 1.5 GeV/c:           24   2.0168416103892977     
  *** Kaon: P_min > 1.5 GeV/c:           24   2.0841030483188354     
  *** Kaon: P_min > 1.5 GeV/c:           24   2.1178424670641003     
  *** Kaon: P_min > 1.5 GeV/c:           24   1.6303437538226442     
  *** Kaon: P_min > 1.5 GeV/c:           24   1.7969596406095554     
  *** Kaon: P_min > 1.5 GeV/c:           24   1.7968095312344574     
  *** Kaon: P_min > 1.5 GeV/c:           24   2.0645357460019400     
  *** Kaon: P_min > 1.5 GeV/c:           24   1.8268812363877662     
  *** Kaon: P_min > 1.5 GeV/c:           24   10.004956856101698     
  *** Kbar: P_min > 1.8 GeV/c:           16   2.8350309753844334     
  *** Kbar: P_min > 1.8 GeV/c:           16   3.1307617405750006     
  *** Kbar: P_min > 1.8 GeV/c:           16   2.4920045285043928     
  *** Kbar: P_min > 1.8 GeV/c:           16   2.3777938326904233     
  *** Kbar: P_min > 1.8 GeV/c:           16   2.2988177801793683     
  *** Kbar: P_min > 1.8 GeV/c:           25   1.8849941924387914     
  *** Kbar: P_min > 1.8 GeV/c:           25   2.0233908607696574     
  *** Kaon: P_min > 1.5 GeV/c:           24   10.004948462331322     
  *** Kaon: P_min > 1.5 GeV/c:           24   10.589844327081524     
  *** Kaon: P_min > 1.5 GeV/c:           24   1.6489775415480614     
  Comptn_2: TXYZ:  0.99999999999488498       U,V,W  0.90086111003124669      -0.35566878090644138       0.24889551767093110     
  Comptn_2: TXYZ:  0.99999999999881584       U,V,W  0.11764348183861628       0.84032104585344669      -0.52916968079763649     
        550                  2297                  2297             1.4086371E-01         1.0000000E+30               937       
 NEXT SEEDS:2EA22277      14       0       0       0       0      2B    3039       0       0
  Comptn_2: TXYZ:   1.0000000000144926       U,V,W -0.79099431116944174       0.58239004269819361       0.18748290022844571     
  Comptn_2: TXYZ:   1.0000000000011036       U,V,W  0.56239942600169002       0.82248909869481679       -8.4962157236390112E-002
        600                  2247                  2247             1.5355425E-01         1.0000000E+30               938       
 NEXT SEEDS:39433F7C      14       0       0       0       0      2B    3039       0       0
        650                  2197                  2197             1.4878223E-01         1.0000000E+30               946       
 NEXT SEEDS:  F5E700      15       0       0       0       0      2B    3039       0       0
  Comptn_2: TXYZ:  0.99999999999871780       U,V,W  0.22743147858283663      -0.88132755104682658      -0.41416985683913055     
        700                  2147                  2147             1.5839129E-01         1.0000000E+30               968       
 NEXT SEEDS: B4B5CE4      15       0       0       0       0      2B    3039       0       0
  Comptn_2: TXYZ:   1.0000000000027134       U,V,W  0.67223914270514840      -0.70738774221021927       0.21839669683511431     
  Comptn_2: TXYZ:   1.0000000000015679       U,V,W -0.60288134224040846      -0.75969411909273798       0.24371896232316459     
        750                  2097                  2097             1.6034713E-01         1.0000000E+30               972       
 NEXT SEEDS:1212A95C      15       0       0       0       0      2B    3039       0       0
  Comptn_2: TXYZ:   1.0000000000014690       U,V,W  0.67742287706602156      -0.29535243025171809      -0.67369517407612989     
        800                  2047                  2047             1.6935966E-01         1.0000000E+30               988       
 NEXT SEEDS:1D28BF16      15       0       0       0       0      2B    3039       0       0
  Comptn_2: TXYZ:  0.99999999998922928       U,V,W  0.79074739411592532      -0.34581463485341146       0.50510473865259320     
  Comptn_2: TXYZ:   1.0000000000024341       U,V,W  0.84061169771624833       0.39677025114858822       0.36870766396771160     
  Comptn_2: TXYZ:  0.99999999999628275       U,V,W  0.24643437773278265      -0.70444068438710872       0.66560755678399630     
        850                  1997                  1997             1.6600086E-01         1.0000000E+30               991       
 NEXT SEEDS:213865F6      15       0       0       0       0      2B    3039       0       0
  Comptn_2: TXYZ:  0.99999999999854861       U,V,W -0.94780822029384559       0.30599053912528262        8.9606738071310588E-002
        900                  1947                  1947             1.6344930E-01         1.0000000E+30               994       
 NEXT SEEDS:25965808      15       0       0       0       0      2B    3039       0       0
  Comptn_2: TXYZ:  0.99999999999784872       U,V,W -0.34564452403338919      -0.67921958529721249       0.64744931689844520     
  *** Hhflev: call to Hadriv !! ***  0.80605799889656515        3.5000000000000000        1.5618867709171460               13 T F T
        950                  1897                  1897             1.7092206E-01         1.0000000E+30              1366       
 NEXT SEEDS:30B95864      15       0       0       0       0      2B    3039       0       0
  Comptn_2: TXYZ:   1.0000000000010809       U,V,W  0.99162299452157743       -9.8195929484298006E-002   8.3913027414432406E-002
       1000                  1847                  1847             1.6961372E-01         1.0000000E+30              1381       
 NEXT SEEDS:35F5B0F5      15       0       0       0       0      2B    3039       0       0
       1050                  1797                  1797             1.6954174E-01         1.0000000E+30              1754       
 NEXT SEEDS:  735A7D      16       0       0       0       0      2B    3039       0       0
  Eventv: Pla < 0.4 Poo   1.2938605082319758        3.5378057690035876               30  0.23130582557676352               23
  Comptn_2: TXYZ:   1.0000000000047600       U,V,W -0.99665591317440172        1.4201297644461874E-002   8.0469335056733371E-002
       1100                  1747                  1747             1.6756759E-01         1.0000000E+30              1773       
 NEXT SEEDS: 50AB512      16       0       0       0       0      2B    3039       0       0
       1150                  1697                  1697             1.6472233E-01         1.0000000E+30              1786       
 NEXT SEEDS: 8CB7CFC      16       0       0       0       0      2B    3039       0       0
       1200                  1647                  1647             1.6308456E-01         1.0000000E+30              1821       
 NEXT SEEDS: D6812DD      16       0       0       0       0      2B    3039       0       0
       1250                  1597                  1597             1.6321563E-01         1.0000000E+30              1821       
 NEXT SEEDS:137407D7      16       0       0       0       0      2B    3039       0       0
       1300                  1547                  1547             1.6263763E-01         1.0000000E+30              1827       
 NEXT SEEDS:18DEE944      16       0       0       0       0      2B    3039       0       0
  Comptn_2: TXYZ:   1.0000000000010296       U,V,W  -3.9926515198713375E-002 -0.95324566514767639      -0.29954728385061458     
  Comptn_2: TXYZ:   1.0000000000015152       U,V,W -0.34275631139716545       0.34904004718526949       0.87217495748263119     
       1350                  1497                  1497             1.6709420E-01         1.0000000E+30              1832       
 NEXT SEEDS:232CB968      16       0       0       0       0      2B    3039       0       0
       1400                  1447                  1447             1.6829226E-01         1.0000000E+30              1925       
 NEXT SEEDS:2A8B9539      16       0       0       0       0      2B    3039       0       0
  Comptn_2: TXYZ:   1.0000000000014380       U,V,W -0.74747906909259854      -0.65745114394955095       -9.5042277904767047E-002
  Comptn_2: TXYZ:  0.99999999999856981       U,V,W  -4.4830291080010909E-002 -0.99054637471569762      -0.12964615126504953     
       1450                  1397                  1397             1.7063014E-01         1.0000000E+30              1929       
 NEXT SEEDS:332FAD58      16       0       0       0       0      2B    3039       0       0
  Comptn_2: TXYZ:   1.0000000000020925       U,V,W  0.21613582164827960      -0.52771320117950182       0.82146459686549989     
       1500                  1347                  1347             1.7019996E-01         1.0000000E+30              2027       
 NEXT SEEDS:38F43812      16       0       0       0       0      2B    3039       0       0
       1550                  1297                  1297             1.6957940E-01         1.0000000E+30              2043       
 NEXT SEEDS: 2EBBB4F      17       0       0       0       0      2B    3039       0       0
       1600                  1247                  1247             1.6816806E-01         1.0000000E+30              2045       
 NEXT SEEDS: 776C5F0      17       0       0       0       0      2B    3039       0       0
  Comptn_2: TXYZ:  0.99999999999134803       U,V,W  -9.5066187078600706E-003 -0.99248037620696294       0.12203412242556055     
  Comptn_2: TXYZ:   1.0000000000017442       U,V,W -0.59030113499219894       0.76350126914712035       0.26193583572967327     
       1650                  1197                  1197             1.6995360E-01         1.0000000E+30              2054       
 NEXT SEEDS:1001FC4D      17       0       0       0       0      2B    3039       0       0
  Comptn_2: TXYZ:   1.0000000000013278       U,V,W -0.61046194163769574       0.26754169489222335      -0.74549155549037494     
  Comptn_2: TXYZ:  0.99999999999826927       U,V,W   2.5527779749758395E-002 -0.97237881396654657      -0.23200813478912607     
  Comptn_2: TXYZ:   1.0000000000028311       U,V,W -0.36248286245945849      -0.76039530823148027       0.53889252142294630     
  Comptn_2: TXYZ:  0.99999999999801148       U,V,W  0.98415388618371580      -0.16066814152222975       -7.5012509672014005E-002
       1700                  1147                  1147             1.7341611E-01         1.0000000E+30              2240       
 NEXT SEEDS:1A97208B      17       0       0       0       0      2B    3039       0       0
       1750                  1097                  1097             1.7392254E-01         1.0000000E+30              2243       
 NEXT SEEDS:21C59D2E      17       0       0       0       0      2B    3039       0       0
  Comptn_2: TXYZ:   1.0000000000083427       U,V,W -0.28888950383905421       0.52232332797535719      -0.80232237637542880     
  Comptn_2: TXYZ:  0.99999999999582623       U,V,W -0.63868722909109010      -0.71450793423134940       0.28558192399418658     
  Comptn_2: TXYZ:   1.0000000000020726       U,V,W -0.53658242507302134      -0.84363810237181269        1.8816304932553152E-002
       1800                  1047                  1047             1.7689771E-01         1.0000000E+30              2246       
 NEXT SEEDS:2C6319BF      17       0       0       0       0      2B    3039       0       0
       1850                   997                   997             1.7572261E-01         1.0000000E+30              2258       
 NEXT SEEDS:3165F4E5      17       0       0       0       0      2B    3039       0       0
  Comptn_2: TXYZ:   1.0000000000017020       U,V,W -0.59246749791724085      -0.10653834884203661      -0.79851853086788083     
  Comptn_2: TXYZ:  0.99999999999871703       U,V,W  0.44508709345162600      -0.81350128752654882      -0.37431689039388516     
       1900                   947                   947             1.7447542E-01         1.0000000E+30              2273       
 NEXT SEEDS:364110DA      17       0       0       0       0      2B    3039       0       0
       1950                   897                   897             1.7309367E-01         1.0000000E+30              2776       
 NEXT SEEDS:3AC9F7E4      17       0       0       0       0      2B    3039       0       0
  Comptn_2: TXYZ:  0.99999999999882516       U,V,W  0.17825886068476393      -0.17568209478195640       0.96817332134242307     
  Comptn_2: TXYZ:  0.99999999999785294       U,V,W  -8.6137836275881341E-002 -0.99333471940246931        7.6592482589219912E-002
       2000                   847                   847             1.7631176E-01         1.0000000E+30              2800       
 NEXT SEEDS: A63D56E      18       0       0       0       0      2B    3039       0       0
  Comptn_2: TXYZ:  0.99999999999787115       U,V,W  -7.2624464015021317E-002  0.36921714156740615      -0.92650115466587302     
       2050                   797                   797             1.7681914E-01         1.0000000E+30              2803       
 NEXT SEEDS:11E84DA0      18       0       0       0       0      2B    3039       0       0
  Comptn_2: TXYZ:  0.99999999999857947       U,V,W -0.44895320444184250        6.6128981566709655E-002  0.89110491975801054     
  Comptn_2: TXYZ:  0.99999999999896017       U,V,W  0.32959677782132246       0.90417286602483493      -0.27173036707957010     
       2100                   747                   747             1.7647738E-01         1.0000000E+30              2805       
 NEXT SEEDS:18127A5E      18       0       0       0       0      2B    3039       0       0
  Comptn_2: TXYZ:  0.99999999999869993       U,V,W   8.8548616327756235E-002 -0.81230762350602070       0.57646809741662253     
       2150                   697                   697             1.8085903E-01         1.0000000E+30              2810       
 NEXT SEEDS:25890A35      18       0       0       0       0      2B    3039       0       0
       2200                   647                   647             1.7972739E-01         1.0000000E+30              2852       
 NEXT SEEDS:2A736623      18       0       0       0       0      2B    3039       0       0
  Comptn_2: TXYZ:   1.0000000000010978       U,V,W   6.1268694560336456E-002 -0.36400692224579956       0.92937888270882851     
  Comptn_2: TXYZ:   1.0000000000761484       U,V,W  0.78209952390214710       -2.3561989585573428E-002  0.62270793108402955     
       2250                   597                   597             1.7880563E-01         1.0000000E+30              2857       
 NEXT SEEDS:2FA55FA7      18       0       0       0       0      2B    3039       0       0
  Comptn_2: TXYZ:   1.0000000000037530       U,V,W -0.86757962285131018      -0.24213858478915995       0.43436678484114566     
       2300                   547                   547             1.7697518E-01         1.0000000E+30              2933       
 NEXT SEEDS:333A7B3F      18       0       0       0       0      2B    3039       0       0
       2350                   497                   497             1.7540050E-01         1.0000000E+30              2945       
 NEXT SEEDS:371C0BEF      18       0       0       0       0      2B    3039       0       0
  Comptn_2: TXYZ:   1.0000000000013931       U,V,W -0.49608032952201953      -0.48065639413444217      -0.72310008812085869     
       2400                   447                   447             1.7503642E-01         1.0000000E+30              2951       
 NEXT SEEDS: 177D76C      19       0       0       0       0      2B    3039       0       0
       2450                   397                   397             1.7277874E-01         1.0000000E+30              2979       
 NEXT SEEDS: 3E522E4      19       0       0       0       0      2B    3039       0       0
  Comptn_2: TXYZ:   1.0000000000038263       U,V,W -0.79302835524227167       0.55342585026943425       0.25460922221930105     
       2500                   347                   347             1.7118949E-01         1.0000000E+30              3001       
 NEXT SEEDS: 76A6939      19       0       0       0       0      2B    3039       0       0
  Comptn_2: TXYZ:  0.99999999999436173       U,V,W  0.16653257231737939       -9.3232292587259735E-002  0.98161837898984050     
       2550                   297                   297             1.7087677E-01         1.0000000E+30              3008       
 NEXT SEEDS: D64728A      19       0       0       0       0      2B    3039       0       0
  Comptn_2: TXYZ:  0.99999999999898659       U,V,W -0.68830518904989191       -9.5078014558765744E-002  0.71916349870772933     
       2600                   247                   247             1.7056778E-01         1.0000000E+30              3015       
 NEXT SEEDS:13494210      19       0       0       0       0      2B    3039       0       0
  Comptn_2: TXYZ:  0.99999999999285849       U,V,W -0.84860649067779548       0.49808904201940152      -0.17825355590441916     
  Comptn_2: TXYZ:   1.0000000000016478       U,V,W -0.83680806338932356      -0.53804770537620783       0.10127651152984640     
  Comptn_2: TXYZ:   1.0000000000017109       U,V,W -0.58224862965131763        2.9740606058879848E-002 -0.81246663292846932     
       2650                   197                   197             1.7442667E-01         1.0000000E+30              3018       
 NEXT SEEDS:2163F30B      19       0       0       0       0      2B    3039       0       0
  Comptn_2: TXYZ:   1.0000000000019533       U,V,W  0.45549710237173535      -0.41127101759336426       0.78954324759358485     
       2700                   147                   147             1.7420364E-01         1.0000000E+30              3029       
 NEXT SEEDS:27854D34      19       0       0       0       0      2B    3039       0       0
       2750                    97                    97             1.7354176E-01         1.0000000E+30              3041       
 NEXT SEEDS:2CC260E7      19       0       0       0       0      2B    3039       0       0
  Comptn_2: TXYZ:  0.99999999999871270       U,V,W -0.49274766279962634       0.37770739964025069       0.78392401485170637     
       2797                    50                    50             1.7262106E-01         1.0000000E+30              3421       
 NEXT SEEDS:3102CE68      19       0       0       0       0      2B    3039       0       0
       2798                    49                    49             1.7258729E-01         1.0000000E+30              3421       
 NEXT SEEDS:3111D31F      19       0       0       0       0      2B    3039       0       0
       2799                    48                    48             1.7258688E-01         1.0000000E+30              3421       
 NEXT SEEDS:3132F566      19       0       0       0       0      2B    3039       0       0
       2800                    47                    47             1.7252529E-01         1.0000000E+30              3421       
 NEXT SEEDS:3132F56A      19       0       0       0       0      2B    3039       0       0
  Comptn_2: TXYZ:   1.0000000000015989       U,V,W  0.55341903137358628      -0.77247117303654989      -0.31147337372985362     
       2801                    46                    46             1.7253691E-01         1.0000000E+30              3421       
 NEXT SEEDS:315A5289      19       0       0       0       0      2B    3039       0       0
       2802                    45                    45             1.7247538E-01         1.0000000E+30              3421       
 NEXT SEEDS:315A528D      19       0       0       0       0      2B    3039       0       0
       2803                    44                    44             1.7244411E-01         1.0000000E+30              3421       
 NEXT SEEDS:316B6D69      19       0       0       0       0      2B    3039       0       0
       2804                    43                    43             1.7252087E-01         1.0000000E+30              3422       
 NEXT SEEDS:31AF8901      19       0       0       0       0      2B    3039       0       0
       2805                    42                    42             1.7254562E-01         1.0000000E+30              3422       
 NEXT SEEDS:31DCD57A      19       0       0       0       0      2B    3039       0       0
       2806                    41                    41             1.7251365E-01         1.0000000E+30              3422       
 NEXT SEEDS:31EBD4E6      19       0       0       0       0      2B    3039       0       0
       2807                    40                    40             1.7248876E-01         1.0000000E+30              3449       
 NEXT SEEDS:32003BF2      19       0       0       0       0      2B    3039       0       0
       2808                    39                    39             1.7242739E-01         1.0000000E+30              3449       
 NEXT SEEDS:32003BF6      19       0       0       0       0      2B    3039       0       0
       2809                    38                    38             1.7236603E-01         1.0000000E+30              3449       
 NEXT SEEDS:32003BFA      19       0       0       0       0      2B    3039       0       0
       2810                    37                    37             1.7230474E-01         1.0000000E+30              3449       
 NEXT SEEDS:32003BFE      19       0       0       0       0      2B    3039       0       0
       2811                    36                    36             1.7224347E-01         1.0000000E+30              3449       
 NEXT SEEDS:32003C02      19       0       0       0       0      2B    3039       0       0
       2812                    35                    35             1.7218226E-01         1.0000000E+30              3449       
 NEXT SEEDS:32003C06      19       0       0       0       0      2B    3039       0       0
       2813                    34                    34             1.7212109E-01         1.0000000E+30              3449       
 NEXT SEEDS:32003C0A      19       0       0       0       0      2B    3039       0       0
       2814                    33                    33             1.7223728E-01         1.0000000E+30              3449       
 NEXT SEEDS:326076C5      19       0       0       0       0      2B    3039       0       0
       2815                    32                    32             1.7221420E-01         1.0000000E+30              3449       
 NEXT SEEDS:3276277F      19       0       0       0       0      2B    3039       0       0
       2816                    31                    31             1.7215309E-01         1.0000000E+30              3449       
 NEXT SEEDS:32762783      19       0       0       0       0      2B    3039       0       0
       2817                    30                    30             1.7210204E-01         1.0000000E+30              3449       
 NEXT SEEDS:327BDA62      19       0       0       0       0      2B    3039       0       0
       2818                    29                    29             1.7207880E-01         1.0000000E+30              3449       
 NEXT SEEDS:328FE8C5      19       0       0       0       0      2B    3039       0       0
       2819                    28                    28             1.7201781E-01         1.0000000E+30              3449       
 NEXT SEEDS:328FE8C9      19       0       0       0       0      2B    3039       0       0
       2820                    27                    27             1.7204019E-01         1.0000000E+30              3449       
 NEXT SEEDS:32BC7BF6      19       0       0       0       0      2B    3039       0       0
       2821                    26                    26             1.7197925E-01         1.0000000E+30              3449       
 NEXT SEEDS:32BC7BFA      19       0       0       0       0      2B    3039       0       0
       2822                    25                    25             1.7192903E-01         1.0000000E+30              3449       
 NEXT SEEDS:32C29608      19       0       0       0       0      2B    3039       0       0
       2823                    24                    24             1.7186817E-01         1.0000000E+30              3449       
 NEXT SEEDS:32C2960C      19       0       0       0       0      2B    3039       0       0
       2824                    23                    23             1.7182880E-01         1.0000000E+30              3449       
 NEXT SEEDS:32CECDAD      19       0       0       0       0      2B    3039       0       0
       2825                    22                    22             1.7184085E-01         1.0000000E+30              3449       
 NEXT SEEDS:32F4385E      19       0       0       0       0      2B    3039       0       0
       2826                    21                    21             1.7178008E-01         1.0000000E+30              3449       
 NEXT SEEDS:32F43862      19       0       0       0       0      2B    3039       0       0
       2827                    20                    20             1.7171936E-01         1.0000000E+30              3449       
 NEXT SEEDS:32F43866      19       0       0       0       0      2B    3039       0       0
       2828                    19                    19             1.7169354E-01         1.0000000E+30              3449       
 NEXT SEEDS:33084673      19       0       0       0       0      2B    3039       0       0
       2829                    18                    18             1.7164671E-01         1.0000000E+30              3449       
 NEXT SEEDS:331025B8      19       0       0       0       0      2B    3039       0       0
       2830                    17                    17             1.7158610E-01         1.0000000E+30              3449       
 NEXT SEEDS:331025BC      19       0       0       0       0      2B    3039       0       0
       2831                    16                    16             1.7152552E-01         1.0000000E+30              3449       
 NEXT SEEDS:331025C0      19       0       0       0       0      2B    3039       0       0
       2832                    15                    15             1.7152139E-01         1.0000000E+30              3449       
 NEXT SEEDS:332EC388      19       0       0       0       0      2B    3039       0       0
       2833                    14                    14             1.7148290E-01         1.0000000E+30              3449       
 NEXT SEEDS:333AA05E      19       0       0       0       0      2B    3039       0       0
       2834                    13                    13             1.7146390E-01         1.0000000E+30              3449       
 NEXT SEEDS:33515ECF      19       0       0       0       0      2B    3039       0       0
       2835                    12                    12             1.7140346E-01         1.0000000E+30              3449       
 NEXT SEEDS:33515ED3      19       0       0       0       0      2B    3039       0       0
       2836                    11                    11             1.7140229E-01         1.0000000E+30              3449       
 NEXT SEEDS:3371DDED      19       0       0       0       0      2B    3039       0       0
       2837                    10                    10             1.7134192E-01         1.0000000E+30              3449       
 NEXT SEEDS:3371DDF1      19       0       0       0       0      2B    3039       0       0
       2838                     9                     9             1.7128158E-01         1.0000000E+30              3449       
 NEXT SEEDS:3371DDF5      19       0       0       0       0      2B    3039       0       0
       2839                     8                     8             1.7124049E-01         1.0000000E+30              3449       
 NEXT SEEDS:337C601C      19       0       0       0       0      2B    3039       0       0
       2840                     7                     7             1.7119432E-01         1.0000000E+30              3449       
 NEXT SEEDS:33847258      19       0       0       0       0      2B    3039       0       0
       2841                     6                     6             1.7129123E-01         1.0000000E+30              3449       
 NEXT SEEDS:33DF4A7C      19       0       0       0       0      2B    3039       0       0
       2842                     5                     5             1.7349620E-01         1.0000000E+30              3450       
 NEXT SEEDS:389FF434      19       0       0       0       0      2B    3039       0       0
       2843                     4                     4             1.7343524E-01         1.0000000E+30              3450       
 NEXT SEEDS:389FF438      19       0       0       0       0      2B    3039       0       0
       2844                     3                     3             1.7339501E-01         1.0000000E+30              3450       
 NEXT SEEDS:38ABBB74      19       0       0       0       0      2B    3039       0       0
       2845                     2                     2             1.7333411E-01         1.0000000E+30              3450       
 NEXT SEEDS:38ABBB78      19       0       0       0       0      2B    3039       0       0
       2846                     1                     1             1.7337314E-01         1.0000000E+30              3450       
 NEXT SEEDS:38E2C028      19       0       0       0       0      2B    3039       0       0
       2847                     0                     1             1.7333947E-01         1.0000000E+30              3450       
 NEXT SEEDS:38F28B17      19       0       0       0       0      2B    3039       0       0
