1NUMBER OF BEAM       NUMBER OF BEAM        APPROXIMATE NUMBER    AVERAGE TIME USED     TIME LEFT (RESERVED   NUMBER OF STARS
 PARTICLES HANDLED    PARTICLES LEFT        OF BEAM PARTICLES     BY A BEAM PARTICLE     10000.0 SECONDS      CREATED
                                            THAT CAN STILL BE                           FOR PRINTOUT)
                                            HANDLED

 NEXT SEEDS: 24531DD       D       0       0       0       0      2B    3039       0       0
          1                  2846                  2846             1.7807221E-01         1.0000000E+30                 9       
 NEXT SEEDS: 2658641       D       0       0       0       0      2B    3039       0       0
  Comptn_2: TXYZ:   1.0000000000010696       U,V,W -0.14975250068075674       0.62752714739441728      -0.76405750295639052     
         50                  2797                  2797             1.5668814E-01         1.0000000E+30                13       
 NEXT SEEDS: 7D84500       D       0       0       0       0      2B    3039       0       0
        100                  2747                  2747             1.5935384E-01         1.0000000E+30                33       
 NEXT SEEDS: DA46B9D       D       0       0       0       0      2B    3039       0       0
  Comptn_2: TXYZ:   1.0000000000061435       U,V,W   4.9947799188640118E-002  0.35408448802692760       0.93387868200375124     
        150                  2697                  2697             1.4402676E-01         1.0000000E+30                42       
 NEXT SEEDS:11B33F2A       D       0       0       0       0      2B    3039       0       0
  Comptn_2: TXYZ:  0.99999999999869427       U,V,W -0.71356276617757075        3.2148185932982187E-002  0.69985332239328990     
  Comptn_2: TXYZ:   1.0000000000092539       U,V,W  0.72150233123598184      -0.66348771307320931       0.19803646288292498     
  Comptn_2: TXYZ:   1.0000000000019655       U,V,W -0.42211822016073697       0.60825415530426596       0.67219274822434016     
        200                  2647                  2647             1.7981781E-01         1.0000000E+30                58       
 NEXT SEEDS:1C0DD157       D       0       0       0       0      2B    3039       0       0
  Comptn_2: TXYZ:  0.99999999999861910       U,V,W -0.81978762904691216       -3.3011163269883070E-002 -0.57171540678892896     
  Comptn_2: TXYZ:   1.0000000000122677       U,V,W  0.11345756677192753       -2.1174572146684056E-002  0.99331717897601379     
  Comptn_2: TXYZ:   1.0000000000048075       U,V,W  0.68753229899988355      -0.71303298076373522      -0.13741654259922598     
  Comptn_2: TXYZ:  0.99999999999575329       U,V,W -0.46391016142934127      -0.86404987264681310       0.19546145322641451     
        250                  2597                  2597             1.8752180E-01         1.0000000E+30                58       
 NEXT SEEDS:241587FC       D       0       0       0       0      2B    3039       0       0
        300                  2547                  2547             2.1969768E-01         1.0000000E+30                67       
 NEXT SEEDS:31041810       D       0       0       0       0      2B    3039       0       0
        350                  2497                  2497             2.0905268E-01         1.0000000E+30                87       
 NEXT SEEDS:36417C6E       D       0       0       0       0      2B    3039       0       0
  Comptn_2: TXYZ:  0.99999999999858424       U,V,W -0.30909051216308114       0.55003443877239988       0.77583836683530905     
        400                  2447                  2447             2.1465230E-01         1.0000000E+30                92       
 NEXT SEEDS: 3C74CD4       E       0       0       0       0      2B    3039       0       0
  Comptn_2: TXYZ:  0.99999999999839206       U,V,W -0.95578977919418540      -0.18805415063388864       0.22605648501135533     
  Comptn_2: TXYZ:   1.0000000000033951       U,V,W -0.56135478964367280       0.82668279443682025        3.8423398205168269E-002
        450                  2397                  2397             2.0588964E-01         1.0000000E+30                98       
 NEXT SEEDS: 89CDF68       E       0       0       0       0      2B    3039       0       0
  Comptn_2: TXYZ:  0.99999999999846612       U,V,W  0.24307046223546536      -0.43450079800820768      -0.86725187051820996     
  *** Kaon: P_min > 1.5 GeV/c:           15   5.2765159906308696     
  *** Kaon: P_min > 1.5 GeV/c:           15   7.0793954961746213     
  *** Kaon: P_min > 1.5 GeV/c:           15   6.2780346716152575     
  *** Kaon: P_min > 1.5 GeV/c:           24   1.9603140203622222     
  *** Kbar: P_min > 1.8 GeV/c:           25   1.9597242100501291     
  *** Kbar: P_min > 1.8 GeV/c:           25   1.8419667933809472     
  *** Kbar: P_min > 1.8 GeV/c:           25   1.8000109662701944     
        500                  2347                  2347             2.2106664E-01         1.0000000E+30               148       
 NEXT SEEDS:14FC053C       E       0       0       0       0      2B    3039       0       0
  *** Kaon: P_min > 1.5 GeV/c:           15   16.541850338400483     
  *** Kaon: P_min > 1.5 GeV/c:           15   15.909237431878319     
  *** Kaon: P_min > 1.5 GeV/c:           15   13.120876459447196     
  *** Kaon: P_min > 1.5 GeV/c:           15   13.570676961299068     
  *** Hhflev: call to Hadriv !! ***  0.97467713514042198        5.0000000000000000        1.7816649973325369               15 T F T
  *** Kaon: P_min > 1.5 GeV/c:           24   2.8515628439956955     
  *** Kbar: P_min > 1.8 GeV/c:           16   4.8819170354335659     
  *** Kaon: P_min > 1.5 GeV/c:           15   2.0800822107479546     
  *** Kaon: P_min > 1.5 GeV/c:           15   2.2209389882028536     
  *** Kaon: P_min > 1.5 GeV/c:           15   1.9317317382586046     
  *** Kaon: P_min > 1.5 GeV/c:           15   2.0622333819744978     
  *** Kaon: P_min > 1.5 GeV/c:           15   2.3181326300036162     
  *** Kaon: P_min > 1.5 GeV/c:           15   1.9723373891353593     
  *** Kaon: P_min > 1.5 GeV/c:           15   2.5448072775577697     
  Comptn_2: TXYZ:   1.0000000000010723       U,V,W  0.50673988429051064        6.3477503623159848E-002  0.85975885933445539     
        550                  2297                  2297             2.1870559E-01         1.0000000E+30               733       
 NEXT SEEDS:1BFB929D       E       0       0       0       0      2B    3039       0       0
  Comptn_2: TXYZ:  0.99999999999644573       U,V,W  0.99579764845749441        2.4581146423827249E-002  -8.8220238967373632E-002
  Comptn_2: TXYZ:  0.99999999999871536       U,V,W  0.90965552307226716       0.37137896524336966       0.18602283063538039     
  Comptn_2: TXYZ:  0.99999999999833000       U,V,W -0.37572398074340896      -0.73933563777193001      -0.55876140257987572     
        600                  2247                  2247             2.3430574E-01         1.0000000E+30               733       
 NEXT SEEDS:2AA66BAC       E       0       0       0       0      2B    3039       0       0
  Comptn_2: TXYZ:   1.0000000000031446       U,V,W  0.29883213725471336       0.80902799464810471       0.50613541431378906     
  Comptn_2: TXYZ:  0.99999999999753542       U,V,W -0.15828803347407927      -0.34854408593052710       0.92383002690933225     
  Comptn_2: TXYZ:  0.99999999999770484       U,V,W  -6.9095520589455006E-002 -0.89749963500554486      -0.43556883979124450     
  Comptn_2: TXYZ:   1.0000000000020888       U,V,W  0.78142840054144358      -0.59244285530489549       0.19591099516748045     
        650                  2197                  2197             2.3461937E-01         1.0000000E+30               751       
 NEXT SEEDS:334A3851       E       0       0       0       0      2B    3039       0       0
  Comptn_2: TXYZ:  0.99999999999848743       U,V,W -0.76580137094784462      -0.56910107035928093      -0.29945322167044708     
        700                  2147                  2147             2.2500385E-01         1.0000000E+30               863       
 NEXT SEEDS:36E1CD67       E       0       0       0       0      2B    3039       0       0
        750                  2097                  2097             2.2314074E-01         1.0000000E+30               867       
 NEXT SEEDS: 29C0C8F       F       0       0       0       0      2B    3039       0       0
  Comptn_2: TXYZ:   1.0000000000014118       U,V,W  0.26057162870871409       0.73147228282937604      -0.63011961226887792     
  Comptn_2: TXYZ:  0.99999999999871614       U,V,W -0.32095904729839830       0.12737136897202816      -0.93848911784964884     
  Comptn_2: TXYZ:   1.0000000000014595       U,V,W  0.96354889926301190       -8.4167520558331432E-002 -0.25394752846515445     
  Comptn_2: TXYZ:  0.99999999996674283       U,V,W  0.54479069094296051       0.55103042499848698      -0.63211436762236417     
        800                  2047                  2047             2.3729440E-01         1.0000000E+30              1112       
 NEXT SEEDS:13174A1C       F       0       0       0       0      2B    3039       0       0
        850                  1997                  1997             2.3339640E-01         1.0000000E+30              1117       
 NEXT SEEDS:19552F3D       F       0       0       0       0      2B    3039       0       0
  Comptn_2: TXYZ:  0.99999999999709011       U,V,W  0.87026797984421478       0.30489621422502466      -0.38687458149406417     
  Comptn_2: TXYZ:   1.0000000000014424       U,V,W -0.34169312308648614       0.56292110267011708       0.75257268207496431     
  Comptn_2: TXYZ:  0.99999999999788725       U,V,W  0.60735461884543263       0.15440113243447229      -0.77928214227451598     
        900                  1947                  1947             2.3797856E-01         1.0000000E+30              1911       
 NEXT SEEDS:248599FB       F       0       0       0       0      2B    3039       0       0
        950                  1897                  1897             2.3627353E-01         1.0000000E+30              1972       
 NEXT SEEDS:2BFE53F1       F       0       0       0       0      2B    3039       0       0
       1000                  1847                  1847             2.3356436E-01         1.0000000E+30              2087       
 NEXT SEEDS:32B0BCE6       F       0       0       0       0      2B    3039       0       0
       1050                  1797                  1797             2.2786613E-01         1.0000000E+30              2089       
 NEXT SEEDS:36D4CBB5       F       0       0       0       0      2B    3039       0       0
       1100                  1747                  1747             2.2969461E-01         1.0000000E+30              2093       
 NEXT SEEDS: 4E2089E      10       0       0       0       0      2B    3039       0       0
  Comptn_2: TXYZ:  0.99999999999840294       U,V,W  0.19545391410639468      -0.51861479656241727      -0.83236798367393705     
  Comptn_2: TXYZ:  0.99999999999850731       U,V,W -0.72706762616417819       0.59571368492677834       0.34131784684287059     
  Comptn_2: TXYZ:   1.0000000000039120       U,V,W  0.15664952308508617      -0.80350522853113659       0.57431722474974833     
  Comptn_2: TXYZ:   1.0000000000105598       U,V,W  0.24041575297135864       0.92626920353660225      -0.29021651971147833     
       1150                  1697                  1697             2.2845699E-01         1.0000000E+30              2098       
 NEXT SEEDS: C402F1B      10       0       0       0       0      2B    3039       0       0
  Comptn_2: TXYZ:  0.99999999999782030       U,V,W  0.95906671295680646        4.6953837747594207E-002 -0.27926041111625466     
  Comptn_2: TXYZ:   1.0000000000013558       U,V,W -0.16991091388352331       0.98213657980593894        8.0858023422010206E-002
       1200                  1647                  1647             2.2405244E-01         1.0000000E+30              2100       
 NEXT SEEDS:10B86FA5      10       0       0       0       0      2B    3039       0       0
       1250                  1597                  1597             2.1898612E-01         1.0000000E+30              2103       
 NEXT SEEDS:144A0AD0      10       0       0       0       0      2B    3039       0       0
  Comptn_2: TXYZ:   1.0000000000021649       U,V,W -0.82569206192314049       0.11056235371344769      -0.55318042700426417     
  Comptn_2: TXYZ:   1.0000000000016278       U,V,W  0.87079178861315398      -0.44550564776141144       0.20795763678744095     
       1300                  1547                  1547             2.1760609E-01         1.0000000E+30              2165       
 NEXT SEEDS:1AEBAEA3      10       0       0       0       0      2B    3039       0       0
  Comptn_2: TXYZ:   1.0000000000032061       U,V,W  0.84796233827310719       0.17833404590626856       0.49915612882575289     
       1350                  1497                  1497             2.1659940E-01         1.0000000E+30              2174       
 NEXT SEEDS:21E36245      10       0       0       0       0      2B    3039       0       0
       1400                  1447                  1447             2.1445481E-01         1.0000000E+30              2199       
 NEXT SEEDS:27B11E94      10       0       0       0       0      2B    3039       0       0
  Comptn_2: TXYZ:   1.0000000000043006       U,V,W -0.74411619573689336       0.41702318789000969       0.52190300632244657     
  Comptn_2: TXYZ:  0.99999999999759837       U,V,W  0.62310778988641857      -0.15872632656115115      -0.76586071542863721     
       1450                  1397                  1397             2.1514778E-01         1.0000000E+30              2211       
 NEXT SEEDS:301DAB23      10       0       0       0       0      2B    3039       0       0
  Comptn_2: TXYZ:  0.99999999999691636       U,V,W -0.14455085385830557       0.69183109701756607      -0.70744242440301974     
       1500                  1347                  1347             2.1329100E-01         1.0000000E+30              2237       
 NEXT SEEDS:3607C969      10       0       0       0       0      2B    3039       0       0
  Comptn_2: TXYZ:  0.99999999999853650       U,V,W   3.7409257858797673E-002  0.16041577844492139       0.98634036997929897     
       1550                  1297                  1297             2.1064188E-01         1.0000000E+30              2240       
 NEXT SEEDS:3AD001F9      10       0       0       0       0      2B    3039       0       0
  Comptn_2: TXYZ:  0.99999999999809297       U,V,W -0.97713509582557201      -0.20514855391589037       -5.5866585095763810E-002
  Comptn_2: TXYZ:   1.0000000000141767       U,V,W  0.30397034572569126      -0.53128684228943257       0.79078209397007981     
  Comptn_2: TXYZ:  0.99999999999537059       U,V,W -0.41422761487178406       0.86162906102894965      -0.29327605470507478     
       1600                  1247                  1247             2.1088753E-01         1.0000000E+30              2256       
 NEXT SEEDS: 72F9F7E      11       0       0       0       0      2B    3039       0       0
  Comptn_2: TXYZ:  0.99999999999826805       U,V,W -0.95285332661409949      -0.10843296699211180      -0.28339518278898090     
       1650                  1197                  1197             2.0857559E-01         1.0000000E+30              2349       
 NEXT SEEDS: C2324E1      11       0       0       0       0      2B    3039       0       0
  Comptn_2: TXYZ:   1.0000000000016251       U,V,W  0.35960364398448341      -0.93306912808889098       -8.1988683452607347E-003
  Comptn_2: TXYZ:  0.99999999999641820       U,V,W -0.87899188027127195       0.16997546239720496      -0.44551275694018955     
       1700                  1147                  1147             2.0870647E-01         1.0000000E+30              2353       
 NEXT SEEDS:13FD4379      11       0       0       0       0      2B    3039       0       0
       1750                  1097                  1097             2.0540692E-01         1.0000000E+30              2364       
 NEXT SEEDS:176D8EA4      11       0       0       0       0      2B    3039       0       0
       1800                  1047                  1047             2.0336620E-01         1.0000000E+30              2367       
 NEXT SEEDS:1C46ACAD      11       0       0       0       0      2B    3039       0       0
  Comptn_2: TXYZ:   1.0000000000015921       U,V,W   2.2213947324907224E-002 -0.97216196821724765       0.23325447069200078     
       1850                   997                   997             2.0216999E-01         1.0000000E+30              2375       
 NEXT SEEDS:2225A884      11       0       0       0       0      2B    3039       0       0
       1900                   947                   947             1.9972544E-01         1.0000000E+30              2378       
 NEXT SEEDS:2628AF43      11       0       0       0       0      2B    3039       0       0
  Comptn_2: TXYZ:   1.0000000000039213       U,V,W -0.95049981779258808       0.16625260059281288      -0.26250746499157884     
  Comptn_2: TXYZ:  0.99999999999860711       U,V,W  0.45226269970586941      -0.71720012075700534       0.53017208266703619     
  Comptn_2: TXYZ:  0.99999999999659794       U,V,W  0.63534784475497474       0.12135909170254422       0.76263037378728882     
       1950                   897                   897             2.0151715E-01         1.0000000E+30              2380       
 NEXT SEEDS:2FC16E65      11       0       0       0       0      2B    3039       0       0
  Comptn_2: TXYZ:  0.99999999999896660       U,V,W  0.32392686962543404       0.11467390592977722       0.93910663847746401     
  Comptn_2: TXYZ:   1.0000000000021005       U,V,W -0.63690561357691422        3.8982271937605617E-002  0.76995559733720853     
  Comptn_2: TXYZ:   1.0000000000027318       U,V,W  0.85239889176978512      -0.43508635984701982      -0.29002756556479881     
       2000                   847                   847             2.0137812E-01         1.0000000E+30              2382       
 NEXT SEEDS:36D5BC17      11       0       0       0       0      2B    3039       0       0
       2050                   797                   797             1.9888677E-01         1.0000000E+30              2386       
 NEXT SEEDS:3A7CF1FE      11       0       0       0       0      2B    3039       0       0
  Comptn_2: TXYZ:  0.99999999999886646       U,V,W -0.79525759883918212       0.60527860054887839        3.4686700693441708E-002
  Comptn_2: TXYZ:   1.0000000000010159       U,V,W -0.10715864958161081       0.58498040869471168       0.80393715255872422     
  Comptn_2: TXYZ:  0.99999999999467737       U,V,W -0.74918266123568600       0.47415897354415648       0.46249173820301337     
  *** Hhflev: call to Hadriv !! ***  0.74716515760060653        3.5000000000000000        1.5251805050090992               13 T F T
       2100                   747                   747             1.9880386E-01         1.0000000E+30              2416       
 NEXT SEEDS: 6046DB4      12       0       0       0       0      2B    3039       0       0
  Comptn_2: TXYZ:   1.0000000000022355       U,V,W  0.98820615530921074       -4.2824784507317304E-002 -0.14701915672158350     
  Comptn_2: TXYZ:  0.99999999999812450       U,V,W  0.38002222470838376       0.45525646311280354       0.80518610365544419     
  Comptn_2: TXYZ:   1.0000000000512272       U,V,W -0.21578413856371981      -0.91565030350290044       0.33914853278554347     
       2150                   697                   697             2.0041188E-01         1.0000000E+30              2420       
 NEXT SEEDS: FCBBC0A      12       0       0       0       0      2B    3039       0       0
  Comptn_2: TXYZ:   1.0000000000011147       U,V,W  -2.8894209469976673E-002  0.12272138915571418      -0.99202045609146161     
       2200                   647                   647             2.0597478E-01         1.0000000E+30              2425       
 NEXT SEEDS:202557F8      12       0       0       0       0      2B    3039       0       0
  Comptn_2: TXYZ:  0.99999999999687406       U,V,W -0.53782826917820614       0.81721566401787982       0.20712148935700725     
  Comptn_2: TXYZ:   1.0000000000035056       U,V,W  0.57158510072146385      -0.79436112625317890       0.20562313521226372     
  Comptn_2: TXYZ:  0.99999999999664979       U,V,W  0.64901148442130818       0.41223200198515997      -0.63941291011771639     
       2250                   597                   597             2.0543177E-01         1.0000000E+30              2429       
 NEXT SEEDS:26D7B33A      12       0       0       0       0      2B    3039       0       0
  Comptn_2: TXYZ:  0.99999999999814815       U,V,W  0.58286556337304773      -0.46344851781238638       0.66744528342739073     
       2300                   547                   547             2.0417002E-01         1.0000000E+30              2731       
 NEXT SEEDS:2C385022      12       0       0       0       0      2B    3039       0       0
  Comptn_2: TXYZ:   1.0000000000017097       U,V,W  0.30776411530379733       0.30622442875726108       0.90083730415945240     
  Comptn_2: TXYZ:   1.0000000000014801       U,V,W  0.61292925539245147      -0.28742001334249778       0.73600778787709409     
       2350                   497                   497             2.0284139E-01         1.0000000E+30              2738       
 NEXT SEEDS:316FA92C      12       0       0       0       0      2B    3039       0       0
  Comptn_2: TXYZ:  0.99999999999633893       U,V,W -0.16266130988492478       0.84334134278483575      -0.51216860291580701     
  Comptn_2: TXYZ:   1.0000000000010798       U,V,W  0.95101305041730289      -0.25777160495166207       0.17066920524131035     
  Comptn_2: TXYZ:  0.99999999999600686       U,V,W  0.10371100780078280       0.63593269161216881      -0.76474416545394774     
       2400                   447                   447             2.0342409E-01         1.0000000E+30              2740       
 NEXT SEEDS:39F61336      12       0       0       0       0      2B    3039       0       0
       2450                   397                   397             2.0248159E-01         1.0000000E+30              2743       
 NEXT SEEDS: 40A6511      13       0       0       0       0      2B    3039       0       0
       2500                   347                   347             2.0161664E-01         1.0000000E+30              2749       
 NEXT SEEDS: 9FAD8C9      13       0       0       0       0      2B    3039       0       0
       2550                   297                   297             1.9984621E-01         1.0000000E+30              2750       
 NEXT SEEDS: E059016      13       0       0       0       0      2B    3039       0       0
  Comptn_2: TXYZ:   1.0000000000014162       U,V,W -0.68923035501383012       0.37800689919500030       0.61811997370244143     
  Comptn_2: TXYZ:   1.0000000000017328       U,V,W  0.74700972450136049      -0.50576048353994985       0.43148905523960934     
  Comptn_2: TXYZ:   1.0000000000059512       U,V,W   9.7280756141316260E-002 -0.98806711790264967       0.11941450921088403     
       2600                   247                   247             1.9897721E-01         1.0000000E+30              2753       
 NEXT SEEDS:13AE07E0      13       0       0       0       0      2B    3039       0       0
  Comptn_2: TXYZ:  0.99999999999690437       U,V,W -0.85662082888319446       -3.1973434259128908E-002  0.51495480871825094     
  Comptn_2: TXYZ:  0.99999999999769340       U,V,W  0.89322917694525827       0.16810416428464237       0.41699235892465936     
       2650                   197                   197             1.9795246E-01         1.0000000E+30              2766       
 NEXT SEEDS:190572DD      13       0       0       0       0      2B    3039       0       0
  Comptn_2: TXYZ:   1.0000000000069467       U,V,W  0.98104701479037715        2.6456227941423549E-002  0.19195526244661210     
       2700                   147                   147             1.9840944E-01         1.0000000E+30              2810       
 NEXT SEEDS:2127FC39      13       0       0       0       0      2B    3039       0       0
  Comptn_2: TXYZ:  0.99999999999845823       U,V,W -0.95925818643087446      -0.16340909087494992      -0.23048036962663510     
       2750                    97                    97             1.9728016E-01         1.0000000E+30              2810       
 NEXT SEEDS:2633A3DD      13       0       0       0       0      2B    3039       0       0
       2797                    50                    50             1.9657917E-01         1.0000000E+30              2816       
 NEXT SEEDS:2BAC19E0      13       0       0       0       0      2B    3039       0       0
       2798                    49                    49             1.9650896E-01         1.0000000E+30              2816       
 NEXT SEEDS:2BAC19E4      13       0       0       0       0      2B    3039       0       0
       2799                    48                    48             1.9643880E-01         1.0000000E+30              2816       
 NEXT SEEDS:2BAC19E8      13       0       0       0       0      2B    3039       0       0
       2800                    47                    47             1.9649786E-01         1.0000000E+30              2816       
 NEXT SEEDS:2BF1F94A      13       0       0       0       0      2B    3039       0       0
       2801                    46                    46             1.9649613E-01         1.0000000E+30              2816       
 NEXT SEEDS:2C19495C      13       0       0       0       0      2B    3039       0       0
       2802                    45                    45             1.9648980E-01         1.0000000E+30              2816       
 NEXT SEEDS:2C3B4B6D      13       0       0       0       0      2B    3039       0       0
       2803                    44                    44             1.9647874E-01         1.0000000E+30              2816       
 NEXT SEEDS:2C5CDBFD      13       0       0       0       0      2B    3039       0       0
       2804                    43                    43             1.9650542E-01         1.0000000E+30              2816       
 NEXT SEEDS:2C90F44B      13       0       0       0       0      2B    3039       0       0
       2805                    42                    42             1.9646224E-01         1.0000000E+30              2816       
 NEXT SEEDS:2C9F238A      13       0       0       0       0      2B    3039       0       0
       2806                    41                    41             1.9645358E-01         1.0000000E+30              2817       
 NEXT SEEDS:2CC25B58      13       0       0       0       0      2B    3039       0       0
       2807                    40                    40             1.9639299E-01         1.0000000E+30              2817       
 NEXT SEEDS:2CC7A6FC      13       0       0       0       0      2B    3039       0       0
       2808                    39                    39             1.9632309E-01         1.0000000E+30              2817       
 NEXT SEEDS:2CC7A700      13       0       0       0       0      2B    3039       0       0
       2809                    38                    38             1.9625325E-01         1.0000000E+30              2817       
 NEXT SEEDS:2CC7A704      13       0       0       0       0      2B    3039       0       0
       2810                    37                    37             1.9618343E-01         1.0000000E+30              2817       
 NEXT SEEDS:2CC7A708      13       0       0       0       0      2B    3039       0       0
       2811                    36                    36             1.9614345E-01         1.0000000E+30              2817       
 NEXT SEEDS:2CD89E0C      13       0       0       0       0      2B    3039       0       0
       2812                    35                    35             1.9613925E-01         1.0000000E+30              2821       
 NEXT SEEDS:2CFB793F      13       0       0       0       0      2B    3039       0       0
       2813                    34                    34             1.9608948E-01         1.0000000E+30              2821       
 NEXT SEEDS:2D0608D3      13       0       0       0       0      2B    3039       0       0
       2814                    33                    33             1.9601984E-01         1.0000000E+30              2821       
 NEXT SEEDS:2D0608D7      13       0       0       0       0      2B    3039       0       0
       2815                    32                    32             1.9600589E-01         1.0000000E+30              2821       
 NEXT SEEDS:2D245F5B      13       0       0       0       0      2B    3039       0       0
       2816                    31                    31             1.9615001E-01         1.0000000E+30              2821       
 NEXT SEEDS:2D992763      13       0       0       0       0      2B    3039       0       0
       2817                    30                    30             1.9615472E-01         1.0000000E+30              2821       
 NEXT SEEDS:2DC1438D      13       0       0       0       0      2B    3039       0       0
       2818                    29                    29             1.9608516E-01         1.0000000E+30              2821       
 NEXT SEEDS:2DC14391      13       0       0       0       0      2B    3039       0       0
       2819                    28                    28             1.9601564E-01         1.0000000E+30              2821       
 NEXT SEEDS:2DC14395      13       0       0       0       0      2B    3039       0       0
       2820                    27                    27             1.9594615E-01         1.0000000E+30              2821       
 NEXT SEEDS:2DC14399      13       0       0       0       0      2B    3039       0       0
       2821                    26                    26             1.9587674E-01         1.0000000E+30              2821       
 NEXT SEEDS:2DC1439D      13       0       0       0       0      2B    3039       0       0
       2822                    25                    25             1.9580737E-01         1.0000000E+30              2821       
 NEXT SEEDS:2DC143A1      13       0       0       0       0      2B    3039       0       0
       2823                    24                    24             1.9573803E-01         1.0000000E+30              2821       
 NEXT SEEDS:2DC143A5      13       0       0       0       0      2B    3039       0       0
       2824                    23                    23             1.9570905E-01         1.0000000E+30              2821       
 NEXT SEEDS:2DD63F94      13       0       0       0       0      2B    3039       0       0
       2825                    22                    22             1.9623007E-01         1.0000000E+30              2821       
 NEXT SEEDS:2F17BFFE      13       0       0       0       0      2B    3039       0       0
       2826                    21                    21             1.9618398E-01         1.0000000E+30              2821       
 NEXT SEEDS:2F24D00B      13       0       0       0       0      2B    3039       0       0
       2827                    20                    20             1.9640178E-01         1.0000000E+30              2821       
 NEXT SEEDS:2FCB35AE      13       0       0       0       0      2B    3039       0       0
       2828                    19                    19             1.9633237E-01         1.0000000E+30              2821       
 NEXT SEEDS:2FCB35B2      13       0       0       0       0      2B    3039       0       0
       2829                    18                    18             1.9628310E-01         1.0000000E+30              2821       
 NEXT SEEDS:2FD69C63      13       0       0       0       0      2B    3039       0       0
       2830                    17                    17             1.9624372E-01         1.0000000E+30              2821       
 NEXT SEEDS:2FE6E3DB      13       0       0       0       0      2B    3039       0       0
       2831                    16                    16             1.9619904E-01         1.0000000E+30              2821       
 NEXT SEEDS:2FF2FA4B      13       0       0       0       0      2B    3039       0       0
       2832                    15                    15             1.9617821E-01         1.0000000E+30              2821       
 NEXT SEEDS:300CD267      13       0       0       0       0      2B    3039       0       0
       2833                    14                    14             1.9617313E-01         1.0000000E+30              2822       
 NEXT SEEDS:302F2B20      13       0       0       0       0      2B    3039       0       0
       2834                    13                    13             1.9610395E-01         1.0000000E+30              2822       
 NEXT SEEDS:302F2B24      13       0       0       0       0      2B    3039       0       0
       2835                    12                    12             1.9603480E-01         1.0000000E+30              2822       
 NEXT SEEDS:302F2B28      13       0       0       0       0      2B    3039       0       0
       2836                    11                    11             1.9605144E-01         1.0000000E+30              2822       
 NEXT SEEDS:305D50B2      13       0       0       0       0      2B    3039       0       0
       2837                    10                    10             1.9598237E-01         1.0000000E+30              2822       
 NEXT SEEDS:305D50B6      13       0       0       0       0      2B    3039       0       0
       2838                     9                     9             1.9591336E-01         1.0000000E+30              2822       
 NEXT SEEDS:305D50BA      13       0       0       0       0      2B    3039       0       0
       2839                     8                     8             1.9599889E-01         1.0000000E+30              2822       
 NEXT SEEDS:30AFBB25      13       0       0       0       0      2B    3039       0       0
       2840                     7                     7             1.9595025E-01         1.0000000E+30              2822       
 NEXT SEEDS:30BB0EC1      13       0       0       0       0      2B    3039       0       0
       2841                     6                     6             1.9603886E-01         1.0000000E+30              2822       
 NEXT SEEDS:310DDB8C      13       0       0       0       0      2B    3039       0       0
       2842                     5                     5             1.9602567E-01         1.0000000E+30              2822       
 NEXT SEEDS:312B45D3      13       0       0       0       0      2B    3039       0       0
       2843                     4                     4             1.9596653E-01         1.0000000E+30              2822       
 NEXT SEEDS:3130E46D      13       0       0       0       0      2B    3039       0       0
       2844                     3                     3             1.9612979E-01         1.0000000E+30              2822       
 NEXT SEEDS:31AC1801      13       0       0       0       0      2B    3039       0       0
       2845                     2                     2             1.9612571E-01         1.0000000E+30              2822       
 NEXT SEEDS:31CEAF9C      13       0       0       0       0      2B    3039       0       0
       2846                     1                     1             1.9620263E-01         1.0000000E+30              2822       
 NEXT SEEDS:321B4AB8      13       0       0       0       0      2B    3039       0       0
       2847                     0                     1             1.9620791E-01         1.0000000E+30              2822       
 NEXT SEEDS:3242D52E      13       0       0       0       0      2B    3039       0       0
