1NUMBER OF BEAM       NUMBER OF BEAM        APPROXIMATE NUMBER    AVERAGE TIME USED     TIME LEFT (RESERVED   NUMBER OF STARS
 PARTICLES HANDLED    PARTICLES LEFT        OF BEAM PARTICLES     BY A BEAM PARTICLE     10000.0 SECONDS      CREATED
                                            THAT CAN STILL BE                           FOR PRINTOUT)
                                            HANDLED

 NEXT SEEDS:301D3B49       C       0       0       0       0      19    3039       0       0
          1                  2846                  2846             1.3401723E-01         1.0000000E+30                12       
 NEXT SEEDS:30364256       C       0       0       0       0      19    3039       0       0
  Comptn_2: TXYZ:  0.99999999999863942       U,V,W -0.98931122291279472       0.13434790505040439        5.6691662755625316E-002
  Comptn_2: TXYZ:   1.0000000000015377       U,V,W -0.61186187406137549      -0.78219885173428594       0.11743084525457448     
  Comptn_2: TXYZ:   1.0000000001353988       U,V,W  0.74173770148155427      -0.57378340957288998       0.34727191253421097     
         50                  2797                  2797             1.9740743E-01         1.0000000E+30                19       
 NEXT SEEDS:377CC954       C       0       0       0       0      19    3039       0       0
  Comptn_2: TXYZ:   1.0000000000126836       U,V,W  0.57100643056040212        3.7318222683353497E-002 -0.82009694946823686     
        100                  2747                  2747             1.6328794E-01         1.0000000E+30                31       
 NEXT SEEDS:  9C4E6C       D       0       0       0       0      19    3039       0       0
  Comptn_2: TXYZ:   1.0000000000201275       U,V,W -0.49150571062438075      -0.13885302170835701       0.85973366504180149     
        150                  2697                  2697             1.7088964E-01         1.0000000E+30                38       
 NEXT SEEDS: 7677A62       D       0       0       0       0      19    3039       0       0
  Comptn_2: TXYZ:  0.99999999999896261       U,V,W  0.90492246605744953        9.4094243129376309E-002 -0.41504409866106584     
        200                  2647                  2647             1.5748691E-01         1.0000000E+30                42       
 NEXT SEEDS: BB79325       D       0       0       0       0      19    3039       0       0
  Comptn_2: TXYZ:   1.0000000000025473       U,V,W  0.17842432368875549       0.43843329105655471       0.88087513871835199     
        250                  2597                  2597             1.6606113E-01         1.0000000E+30                45       
 NEXT SEEDS:13110E2B       D       0       0       0       0      19    3039       0       0
  Comptn_2: TXYZ:   1.0000000000068572       U,V,W -0.75939403290007590       0.12135556516062707       0.63921321138346343     
  *** Kaon: P_min > 1.5 GeV/c:           24   2.0989810842929151     
  *** Kaon: P_min > 1.5 GeV/c:           24   2.3587436657573932     
  *** Kaon: P_min > 1.5 GeV/c:           24   4.9465103866344347     
  *** Kaon: P_min > 1.5 GeV/c:           24   5.3956036111764369     
  *** Kaon: P_min > 1.5 GeV/c:           24   3.8450149702521892     
  *** Kaon: P_min > 1.5 GeV/c:           24   3.8436393200858103     
  *** Kaon: P_min > 1.5 GeV/c:           24   4.0384564203844979     
  *** Kaon: P_min > 1.5 GeV/c:           24   3.8135106687790508     
  *** Kaon: P_min > 1.5 GeV/c:           24   3.8132556840777778     
  *** Kaon: P_min > 1.5 GeV/c:           24   3.7545547148959568     
  *** Kaon: P_min > 1.5 GeV/c:           15   3.7665652096871867     
  *** Kaon: P_min > 1.5 GeV/c:           15   3.7569493017529254     
  *** Kaon: P_min > 1.5 GeV/c:           15   1.8255902244072004     
  *** Kaon: P_min > 1.5 GeV/c:           15   1.7062085497075494     
  *** Kaon: P_min > 1.5 GeV/c:           15   2.1293515088759993     
  *** Kaon: P_min > 1.5 GeV/c:           24   17.703449647667473     
  *** Kbar: P_min > 1.8 GeV/c:           25   4.6948572267710720     
  *** Kaon: P_min > 1.5 GeV/c:           24   17.703137554472086     
  *** Kaon: P_min > 1.5 GeV/c:           24   15.465116366204356     
  *** Kaon: P_min > 1.5 GeV/c:           15   4.1054967469936416     
  *** Hhflev: call to Hadriv !! ***  0.70281533250232786        3.5000000000000000        1.4981498969051610               14 T F T
        300                  2547                  2547             1.7686577E-01         1.0000000E+30               357       
 NEXT SEEDS:1B9C6165       D       0       0       0       0      19    3039       0       0
  Comptn_2: TXYZ:   1.0000000000010536       U,V,W  0.40918155404438039      -0.91106419073165767        5.0323912778608815E-002
        350                  2497                  2497             1.7979229E-01         1.0000000E+30               369       
 NEXT SEEDS:22DBE4F2       D       0       0       0       0      19    3039       0       0
        400                  2447                  2447             1.7503615E-01         1.0000000E+30               371       
 NEXT SEEDS:2815E878       D       0       0       0       0      19    3039       0       0
        450                  2397                  2397             1.6770403E-01         1.0000000E+30               375       
 NEXT SEEDS:2C114D56       D       0       0       0       0      19    3039       0       0
  Comptn_2: TXYZ:  0.99999999999817746       U,V,W  0.88435053532602126       0.36774295930882772      -0.28755737957065719     
  Comptn_2: TXYZ:   1.0000000008210981       U,V,W  0.91845106441269309       0.36892290098296598      -0.14263076887755233     
  Comptn_2: TXYZ:  0.99999999999822498       U,V,W -0.26266580064792322       0.74217799109099758      -0.61658617135672245     
        500                  2347                  2347             1.7190844E-01         1.0000000E+30               382       
 NEXT SEEDS:33BBB869       D       0       0       0       0      19    3039       0       0
  Comptn_2: TXYZ:   1.0000000000087708       U,V,W  0.81300148344026724      -0.56885716973999934      -0.12421798729690181     
        550                  2297                  2297             1.9025228E-01         1.0000000E+30               442       
 NEXT SEEDS: 5C43B5F       E       0       0       0       0      19    3039       0       0
  Comptn_2: TXYZ:  0.99999999999880584       U,V,W -0.73226485737710334       0.22814710702647290      -0.64166741868724131     
        600                  2247                  2247             1.8539724E-01         1.0000000E+30               474       
 NEXT SEEDS: A976396       E       0       0       0       0      19    3039       0       0
  Comptn_2: TXYZ:  0.99999999999860956       U,V,W -0.55195524890854131       0.83295221857332535       -3.9191896798891790E-002
  Comptn_2: TXYZ:   1.0000000000054028       U,V,W -0.32373886896922954      -0.85540846135127602       0.40431362699341378     
  Comptn_2: TXYZ:  0.99999999999721012       U,V,W  0.25019287211248553       0.14791583451777512      -0.95683040955031617     
        650                  2197                  2197             1.8442561E-01         1.0000000E+30               549       
 NEXT SEEDS:1101139C       E       0       0       0       0      19    3039       0       0
        700                  2147                  2147             1.8583818E-01         1.0000000E+30               770       
 NEXT SEEDS:1887D951       E       0       0       0       0      19    3039       0       0
        750                  2097                  2097             1.8068890E-01         1.0000000E+30               772       
 NEXT SEEDS:1C7CAE8C       E       0       0       0       0      19    3039       0       0
        800                  2047                  2047             1.9084218E-01         1.0000000E+30               781       
 NEXT SEEDS:28E07484       E       0       0       0       0      19    3039       0       0
  Comptn_2: TXYZ:   1.0000000000034912       U,V,W  0.84025905810540991      -0.18714576871058242       0.50886263031296153     
        850                  1997                  1997             1.9029993E-01         1.0000000E+30              1287       
 NEXT SEEDS:2F90E650       E       0       0       0       0      19    3039       0       0
        900                  1947                  1947             1.9085193E-01         1.0000000E+30              1292       
 NEXT SEEDS:36CED3B2       E       0       0       0       0      19    3039       0       0
        950                  1897                  1897             1.9666817E-01         1.0000000E+30              1299       
 NEXT SEEDS: 669833D       F       0       0       0       0      19    3039       0       0
  Comptn_2: TXYZ:   1.0000000000020322       U,V,W -0.62149588977094794       0.15850211903310196       0.76721570451983467     
       1000                  1847                  1847             1.9831073E-01         1.0000000E+30              1311       
 NEXT SEEDS: F232311       F       0       0       0       0      19    3039       0       0
       1050                  1797                  1797             1.9561369E-01         1.0000000E+30              1312       
 NEXT SEEDS:14561294       F       0       0       0       0      19    3039       0       0
  Comptn_2: TXYZ:   1.0000000000031339       U,V,W -0.85936884732927865       0.31260908318117231       0.40467362819401487     
  Comptn_2: TXYZ:   1.0000000000013056       U,V,W  0.56920387241423209      -0.79860033334560221       0.19556190633720405     
       1100                  1747                  1747             1.9348771E-01         1.0000000E+30              1315       
 NEXT SEEDS:19EA3D38       F       0       0       0       0      19    3039       0       0
  Comptn_2: TXYZ:   1.0000000000010407       U,V,W  0.82351924172945701      -0.55913693994008895       -9.5822444640148774E-002
       1150                  1697                  1697             1.9076692E-01         1.0000000E+30              1320       
 NEXT SEEDS:1ECDCEF9       F       0       0       0       0      19    3039       0       0
  Comptn_2: TXYZ:   1.0000000000537210       U,V,W -0.93831048201852241        6.5089240475970200E-002 -0.33961276501649706     
       1200                  1647                  1647             1.9114971E-01         1.0000000E+30              1366       
 NEXT SEEDS:2651A8B2       F       0       0       0       0      19    3039       0       0
       1250                  1597                  1597             1.9084651E-01         1.0000000E+30              1376       
 NEXT SEEDS:2D367C14       F       0       0       0       0      19    3039       0       0
       1300                  1547                  1547             1.9068579E-01         1.0000000E+30              3169       
 NEXT SEEDS:34237435       F       0       0       0       0      19    3039       0       0
  Comptn_2: TXYZ:   1.0000000000018561       U,V,W -0.21696921190489604      -0.24737573483818509       0.94431435809294584     
       1350                  1497                  1497             1.8711484E-01         1.0000000E+30              3174       
 NEXT SEEDS:37B7637D       F       0       0       0       0      19    3039       0       0
  Comptn_2: TXYZ:  0.99999999999570632       U,V,W -0.60817674069683392      -0.26367898596230077       0.74872855190180587     
  Comptn_2: TXYZ:   1.0000000000025266       U,V,W   7.5130220940934578E-002  0.95708393526923174       0.27990318103489642     
       1400                  1447                  1447             1.8922764E-01         1.0000000E+30              3445       
 NEXT SEEDS: 57F6B90      10       0       0       0       0      19    3039       0       0
       1450                  1397                  1397             1.8633892E-01         1.0000000E+30              4084       
 NEXT SEEDS: 989DBC5      10       0       0       0       0      19    3039       0       0
       1500                  1347                  1347             1.8400606E-01         1.0000000E+30              4147       
 NEXT SEEDS: DE9A5FE      10       0       0       0       0      19    3039       0       0
  Comptn_2: TXYZ:   1.0000000000058415       U,V,W -0.94408461279810041       0.27770333651083234       0.17772197605938800     
  Comptn_2: TXYZ:  0.99999999996239652       U,V,W  0.41755176727957632       0.65891753432183009      -0.62568219134584524     
       1550                  1297                  1297             1.8892759E-01         1.0000000E+30              4151       
 NEXT SEEDS:1AA811FC      10       0       0       0       0      19    3039       0       0
  Comptn_2: TXYZ:  0.99999999999780520       U,V,W   7.0801152133732614E-002 -0.22958953339421839      -0.97070893835905636     
       1600                  1247                  1247             1.8749702E-01         1.0000000E+30              4157       
 NEXT SEEDS:20123EC6      10       0       0       0       0      19    3039       0       0
  Comptn_2: TXYZ:   1.0000000000028901       U,V,W  0.51143047307898826       0.66867517087933948      -0.53973362602174291     
       1650                  1197                  1197             1.8595514E-01         1.0000000E+30              4173       
 NEXT SEEDS:252993F2      10       0       0       0       0      19    3039       0       0
  Comptn_2: TXYZ:   1.0000000000017100       U,V,W -0.17798311470624117       0.41924022740204947      -0.89025818873462370     
       1700                  1147                  1147             1.8869792E-01         1.0000000E+30              4239       
 NEXT SEEDS:2F975DF7      10       0       0       0       0      19    3039       0       0
       1750                  1097                  1097             1.8890177E-01         1.0000000E+30              4415       
 NEXT SEEDS:36EA4C57      10       0       0       0       0      19    3039       0       0
       1800                  1047                  1047             1.8661027E-01         1.0000000E+30              4440       
 NEXT SEEDS:3AF22020      10       0       0       0       0      19    3039       0       0
       1850                   997                   997             1.8459870E-01         1.0000000E+30              4455       
 NEXT SEEDS: 398CF69      11       0       0       0       0      19    3039       0       0
  Comptn_2: TXYZ:  0.99999999999833311       U,V,W  0.93605948356923463      -0.20462833426720373       0.28621650552241107     
  Comptn_2: TXYZ:  0.99999999999752698       U,V,W   7.2649508085120829E-002  0.30330021503614546       0.95012158618333942     
  Comptn_2: TXYZ:  0.99999999999737132       U,V,W  0.74091934198985854      -0.59640908983233132      -0.30876322032919745     
       1900                   947                   947             1.8791613E-01         1.0000000E+30              4555       
 NEXT SEEDS: F54C4D6      11       0       0       0       0      19    3039       0       0
  Comptn_2: TXYZ:   1.0000000000065870       U,V,W -0.70756333178157149       0.69947012557010169      -0.10047723602734493     
       1950                   897                   897             1.8526051E-01         1.0000000E+30              4565       
 NEXT SEEDS:1281442E      11       0       0       0       0      19    3039       0       0
  Comptn_2: TXYZ:  0.99999999999835287       U,V,W  0.85558027963615046      -0.18189826020468303      -0.48466009535610510     
       2000                   847                   847             1.8488385E-01         1.0000000E+30              4580       
 NEXT SEEDS:18F5C65D      11       0       0       0       0      19    3039       0       0
  Comptn_2: TXYZ:  0.99999999999889100       U,V,W  0.86519482955161564       0.38343936747380170      -0.32312870251237769     
       2050                   797                   797             1.8386110E-01         1.0000000E+30              4585       
 NEXT SEEDS:1E5B784A      11       0       0       0       0      19    3039       0       0
  Comptn_2: TXYZ:   1.0000000000036460       U,V,W -0.87050356804498819      -0.26649193100125501       0.41376997079997579     
  Comptn_2: TXYZ:   1.0000000000013340       U,V,W  0.69650299211180666       -1.8173113308691313E-002  0.71732372045911319     
  Comptn_2: TXYZ:   1.0000000000053149       U,V,W -0.83135588847826369       -8.5377914314523906E-002 -0.54914296721813116     
  Comptn_2: TXYZ:   1.0000000000011213       U,V,W -0.49578757654580841       0.70949345140555664      -0.50081306028955197     
  Comptn_2: TXYZ:  0.99999999999890332       U,V,W  -2.6709867398864162E-003  0.99931931516332495        3.6793643068360637E-002
       2100                   747                   747             1.8613813E-01         1.0000000E+30              4594       
 NEXT SEEDS:292CF8DD      11       0       0       0       0      19    3039       0       0
  Comptn_2: TXYZ:   1.0000000000525564       U,V,W  0.23304356462944043      -0.80233115414483791      -0.54950470073146107     
  Comptn_2: TXYZ:   1.0000000000013265       U,V,W -0.85279188778474690      -0.28172224523347644       0.43974830604615534     
       2150                   697                   697             1.9015484E-01         1.0000000E+30              4597       
 NEXT SEEDS:36EE7A33      11       0       0       0       0      19    3039       0       0
       2200                   647                   647             1.9340242E-01         1.0000000E+30              4597       
 NEXT SEEDS: 7DFDE25      12       0       0       0       0      19    3039       0       0
       2250                   597                   597             1.9163373E-01         1.0000000E+30              4598       
 NEXT SEEDS: C29F8A7      12       0       0       0       0      19    3039       0       0
       2300                   547                   547             1.9058827E-01         1.0000000E+30              4610       
 NEXT SEEDS:118D0EAA      12       0       0       0       0      19    3039       0       0
  Comptn_2: TXYZ:  0.99999999999833200       U,V,W -0.68040891082958410       0.62516819061178630       0.38237213223405320     
  Comptn_2: TXYZ:   1.0000000000032807       U,V,W -0.20395238311805031      -0.13044208473556296      -0.97025166217512293     
  Comptn_2: TXYZ:   1.0000000000010250       U,V,W   5.3573498490962379E-002  0.99154188240134022       0.11821410958286904     
       2350                   497                   497             1.8936925E-01         1.0000000E+30              4782       
 NEXT SEEDS:168F4990      12       0       0       0       0      19    3039       0       0
  Comptn_2: TXYZ:   1.0000000000014391       U,V,W   1.2426690996214518E-003  0.29458844528405592       0.95562341101506654     
       2400                   447                   447             1.8755056E-01         1.0000000E+30              4782       
 NEXT SEEDS:1A6F3378      12       0       0       0       0      19    3039       0       0
  Comptn_2: TXYZ:   1.0000000000011564       U,V,W -0.12899541926580049      -0.40776515337633157      -0.90392906884421720     
  Comptn_2: TXYZ:  0.99999999999313638       U,V,W -0.51538963566409279      -0.69888348280296952      -0.49591874425994575     
       2450                   397                   397             1.8877162E-01         1.0000000E+30              4786       
 NEXT SEEDS:23D4DEEA      12       0       0       0       0      19    3039       0       0
       2500                   347                   347             1.8750524E-01         1.0000000E+30              4791       
 NEXT SEEDS:289356CB      12       0       0       0       0      19    3039       0       0
  Comptn_2: TXYZ:  0.99999999999669753       U,V,W -0.56687227732702183       0.57164887005554021       0.59318916928665999     
  Comptn_2: TXYZ:   1.0000000000021034       U,V,W -0.57709579117747722       0.65884742459400059      -0.48257695646725374     
       2550                   297                   297             1.8588800E-01         1.0000000E+30              4810       
 NEXT SEEDS:2C83F8B4      12       0       0       0       0      19    3039       0       0
  Comptn_2: TXYZ:  0.99999999999736222       U,V,W -0.57801123908016372       0.15673315796892950      -0.80083564149422237     
       2600                   247                   247             1.8612094E-01         1.0000000E+30              4821       
 NEXT SEEDS:33FB6484      12       0       0       0       0      19    3039       0       0
       2650                   197                   197             1.8492317E-01         1.0000000E+30              5444       
 NEXT SEEDS:3897D249      12       0       0       0       0      19    3039       0       0
  Comptn_2: TXYZ:  0.99999999999833988       U,V,W -0.28494153731336525       0.47487214015895063      -0.83264924837094156     
       2700                   147                   147             1.8632566E-01         1.0000000E+30              5455       
 NEXT SEEDS: 6E6F30E      13       0       0       0       0      19    3039       0       0
       2750                    97                    97             1.8550169E-01         1.0000000E+30              5458       
 NEXT SEEDS: C3E5CBC      13       0       0       0       0      19    3039       0       0
  Comptn_2: TXYZ:   1.0000000000025540       U,V,W -0.46690171503566091       0.43254037297037229       0.77130513692699054     
  Comptn_2: TXYZ:   1.0000000000117371       U,V,W -0.32758408873311851      -0.22624436579384447       0.91733426392300998     
       2797                    50                    50             1.8739329E-01         1.0000000E+30              5469       
 NEXT SEEDS:16C1673E      13       0       0       0       0      19    3039       0       0
       2798                    49                    49             1.8732636E-01         1.0000000E+30              5469       
 NEXT SEEDS:16C16742      13       0       0       0       0      19    3039       0       0
  Comptn_2: TXYZ:  0.99999999999842404       U,V,W -0.33614150591656244       0.28355540085067332      -0.89811203234729220     
       2799                    48                    48             1.8736679E-01         1.0000000E+30              5469       
 NEXT SEEDS:16FC121D      13       0       0       0       0      19    3039       0       0
       2800                    47                    47             1.8738303E-01         1.0000000E+30              5469       
 NEXT SEEDS:1729D800      13       0       0       0       0      19    3039       0       0
       2801                    46                    46             1.8734646E-01         1.0000000E+30              5469       
 NEXT SEEDS:173A1054      13       0       0       0       0      19    3039       0       0
       2802                    45                    45             1.8734297E-01         1.0000000E+30              5469       
 NEXT SEEDS:175C9908      13       0       0       0       0      19    3039       0       0
       2803                    44                    44             1.8727617E-01         1.0000000E+30              5469       
 NEXT SEEDS:175C990C      13       0       0       0       0      19    3039       0       0
       2804                    43                    43             1.8721883E-01         1.0000000E+30              5469       
 NEXT SEEDS:1761F63B      13       0       0       0       0      19    3039       0       0
       2805                    42                    42             1.8715213E-01         1.0000000E+30              5469       
 NEXT SEEDS:1761F63F      13       0       0       0       0      19    3039       0       0
       2806                    41                    41             1.8711713E-01         1.0000000E+30              5469       
 NEXT SEEDS:1773F008      13       0       0       0       0      19    3039       0       0
       2807                    40                    40             1.8705836E-01         1.0000000E+30              5469       
 NEXT SEEDS:1778400D      13       0       0       0       0      19    3039       0       0
       2808                    39                    39             1.8703369E-01         1.0000000E+30              5469       
 NEXT SEEDS:178EC971      13       0       0       0       0      19    3039       0       0
       2809                    38                    38             1.8704116E-01         1.0000000E+30              5469       
 NEXT SEEDS:17B8F85D      13       0       0       0       0      19    3039       0       0
       2810                    37                    37             1.8715905E-01         1.0000000E+30              5469       
 NEXT SEEDS:181CCCDA      13       0       0       0       0      19    3039       0       0
       2811                    36                    36             1.8709251E-01         1.0000000E+30              5469       
 NEXT SEEDS:181CCCDE      13       0       0       0       0      19    3039       0       0
       2812                    35                    35             1.8702602E-01         1.0000000E+30              5469       
 NEXT SEEDS:181CCCE2      13       0       0       0       0      19    3039       0       0
       2813                    34                    34             1.8695958E-01         1.0000000E+30              5469       
 NEXT SEEDS:181CCCE6      13       0       0       0       0      19    3039       0       0
       2814                    33                    33             1.8689318E-01         1.0000000E+30              5469       
 NEXT SEEDS:181CCCEA      13       0       0       0       0      19    3039       0       0
       2815                    32                    32             1.8684574E-01         1.0000000E+30              5469       
 NEXT SEEDS:18271DFF      13       0       0       0       0      19    3039       0       0
       2816                    31                    31             1.8683297E-01         1.0000000E+30              5469       
 NEXT SEEDS:1842436C      13       0       0       0       0      19    3039       0       0
       2817                    30                    30             1.8681154E-01         1.0000000E+30              5469       
 NEXT SEEDS:185AA505      13       0       0       0       0      19    3039       0       0
  Comptn_2: TXYZ:   1.0000000000042533       U,V,W  0.59115785621322914      -0.80257638179895707       -8.0022124566441200E-002
       2818                    29                    29             1.8918951E-01         1.0000000E+30              5469       
 NEXT SEEDS:1D93DCA8      13       0       0       0       0      19    3039       0       0
       2819                    28                    28             1.8912244E-01         1.0000000E+30              5469       
 NEXT SEEDS:1D93DCAC      13       0       0       0       0      19    3039       0       0
  Comptn_2: TXYZ:  0.99999999999873412       U,V,W -0.10508019414135816      -0.24550327993973386       0.96368370969773132     
       2820                    27                    27             1.9029130E-01         1.0000000E+30              5469       
 NEXT SEEDS:2052AA2A      13       0       0       0       0      19    3039       0       0
       2821                    26                    26             1.9023340E-01         1.0000000E+30              5469       
 NEXT SEEDS:20582EE7      13       0       0       0       0      19    3039       0       0
       2822                    25                    25             1.9016606E-01         1.0000000E+30              5469       
 NEXT SEEDS:20582EEB      13       0       0       0       0      19    3039       0       0
       2823                    24                    24             1.9009872E-01         1.0000000E+30              5469       
 NEXT SEEDS:20582EEF      13       0       0       0       0      19    3039       0       0
       2824                    23                    23             1.9011267E-01         1.0000000E+30              5469       
 NEXT SEEDS:208493F2      13       0       0       0       0      19    3039       0       0
       2825                    22                    22             1.9016152E-01         1.0000000E+30              5469       
 NEXT SEEDS:20C475E3      13       0       0       0       0      19    3039       0       0
       2826                    21                    21             1.9009427E-01         1.0000000E+30              5469       
 NEXT SEEDS:20C475E7      13       0       0       0       0      19    3039       0       0
       2827                    20                    20             1.9002707E-01         1.0000000E+30              5469       
 NEXT SEEDS:20C475EB      13       0       0       0       0      19    3039       0       0
       2828                    19                    19             1.9001004E-01         1.0000000E+30              5469       
 NEXT SEEDS:20E0C4D6      13       0       0       0       0      19    3039       0       0
       2829                    18                    18             1.9004624E-01         1.0000000E+30              5469       
 NEXT SEEDS:2119723A      13       0       0       0       0      19    3039       0       0
       2830                    17                    17             1.8997915E-01         1.0000000E+30              5469       
 NEXT SEEDS:2119723E      13       0       0       0       0      19    3039       0       0
       2831                    16                    16             1.8993175E-01         1.0000000E+30              5469       
 NEXT SEEDS:2124C9D4      13       0       0       0       0      19    3039       0       0
       2832                    15                    15             1.8986472E-01         1.0000000E+30              5469       
 NEXT SEEDS:2124C9D8      13       0       0       0       0      19    3039       0       0
       2833                    14                    14             1.8990978E-01         1.0000000E+30              5469       
 NEXT SEEDS:2162D26D      13       0       0       0       0      19    3039       0       0
       2834                    13                    13             1.8996682E-01         1.0000000E+30              5469       
 NEXT SEEDS:21A790A9      13       0       0       0       0      19    3039       0       0
       2835                    12                    12             1.8997183E-01         1.0000000E+30              5469       
 NEXT SEEDS:21CF3B4A      13       0       0       0       0      19    3039       0       0
       2836                    11                    11             1.8994267E-01         1.0000000E+30              5469       
 NEXT SEEDS:21E40CFC      13       0       0       0       0      19    3039       0       0
       2837                    10                    10             1.8987577E-01         1.0000000E+30              5469       
 NEXT SEEDS:21E40D00      13       0       0       0       0      19    3039       0       0
       2838                     9                     9             1.8995842E-01         1.0000000E+30              5470       
 NEXT SEEDS:223665B3      13       0       0       0       0      19    3039       0       0
       2839                     8                     8             1.8996600E-01         1.0000000E+30              5470       
 NEXT SEEDS:225FA623      13       0       0       0       0      19    3039       0       0
       2840                     7                     7             1.8997809E-01         1.0000000E+30              5470       
 NEXT SEEDS:228AD6C4      13       0       0       0       0      19    3039       0       0
       2841                     6                     6             1.9001217E-01         1.0000000E+30              5470       
 NEXT SEEDS:22C1EFAF      13       0       0       0       0      19    3039       0       0
       2842                     5                     5             1.9000341E-01         1.0000000E+30              5470       
 NEXT SEEDS:22E0BAEC      13       0       0       0       0      19    3039       0       0
       2843                     4                     4             1.8995141E-01         1.0000000E+30              5470       
 NEXT SEEDS:22E8BC04      13       0       0       0       0      19    3039       0       0
       2844                     3                     3             1.8988466E-01         1.0000000E+30              5470       
 NEXT SEEDS:22E8BC08      13       0       0       0       0      19    3039       0       0
       2845                     2                     2             1.8983199E-01         1.0000000E+30              5470       
 NEXT SEEDS:22F05B5A      13       0       0       0       0      19    3039       0       0
       2846                     1                     1             1.8976533E-01         1.0000000E+30              5470       
 NEXT SEEDS:22F05B5E      13       0       0       0       0      19    3039       0       0
       2847                     0                     1             1.8969872E-01         1.0000000E+30              5470       
 NEXT SEEDS:22F05B62      13       0       0       0       0      19    3039       0       0
