1NUMBER OF BEAM       NUMBER OF BEAM        APPROXIMATE NUMBER    AVERAGE TIME USED     TIME LEFT (RESERVED   NUMBER OF STARS
 PARTICLES HANDLED    PARTICLES LEFT        OF BEAM PARTICLES     BY A BEAM PARTICLE     10000.0 SECONDS      CREATED
                                            THAT CAN STILL BE                           FOR PRINTOUT)
                                            HANDLED

 NEXT SEEDS: 35B2F96       7       0       0       0       0       7    3039       0       0
          1                  2152                  2152             2.2712994E-01         1.0000000E+30                 0       
 NEXT SEEDS: 383570B       7       0       0       0       0       7    3039       0       0
         40                  2113                  2113             4.3690974E-02         1.0000000E+30                14       
 NEXT SEEDS: 49D10C0       7       0       0       0       0       7    3039       0       0
         80                  2073                  2073             4.7334412E-02         1.0000000E+30                17       
 NEXT SEEDS: 60A984B       7       0       0       0       0       7    3039       0       0
  Comptn_2: TXYZ:  0.99999999999805522       U,V,W  0.89307366898281870      -0.39165521566098960       0.22141728435956765     
        120                  2033                  2033             4.4463935E-02         1.0000000E+30                21       
 NEXT SEEDS: 72701AD       7       0       0       0       0       7    3039       0       0
        160                  1993                  1993             5.3382619E-02         1.0000000E+30                41       
 NEXT SEEDS: 961C6B8       7       0       0       0       0       7    3039       0       0
        200                  1953                  1953             7.8918034E-02         1.0000000E+30                41       
 NEXT SEEDS: E743A43       7       0       0       0       0       7    3039       0       0
  Comptn_2: TXYZ:   1.0000000000018914       U,V,W -0.23273488408364074       0.60439244141674564       0.76193454475484401     
        240                  1913                  1913             7.0578731E-02         1.0000000E+30                42       
 NEXT SEEDS: F4255D3       7       0       0       0       0       7    3039       0       0
        280                  1873                  1873             6.6387855E-02         1.0000000E+30                53       
 NEXT SEEDS:106A47F0       7       0       0       0       0       7    3039       0       0
        320                  1833                  1833             6.2126789E-02         1.0000000E+30                55       
 NEXT SEEDS:115537E6       7       0       0       0       0       7    3039       0       0
        360                  1793                  1793             6.0121185E-02         1.0000000E+30                55       
 NEXT SEEDS:12901B52       7       0       0       0       0       7    3039       0       0
        400                  1753                  1753             5.7489188E-02         1.0000000E+30                56       
 NEXT SEEDS:1382E9E2       7       0       0       0       0       7    3039       0       0
        440                  1713                  1713             5.6112166E-02         1.0000000E+30                58       
 NEXT SEEDS:14B6E3BA       7       0       0       0       0       7    3039       0       0
  *** Kbar: P_min > 1.8 GeV/c:           16   2.6990417288464505     
  *** Kaon: P_min > 1.5 GeV/c:           15   1.5002111232775006     
  *** Kaon: P_min > 1.5 GeV/c:           15   1.6474231598297207     
  *** Kaon: P_min > 1.5 GeV/c:           15   1.6507260844669274     
  *** Kaon: P_min > 1.5 GeV/c:           24   1.5402534209829353     
  *** Kaon: P_min > 1.5 GeV/c:           15   1.6061850541030229     
  *** Kaon: P_min > 1.5 GeV/c:           15   1.9165310653750591     
  *** Kaon: P_min > 1.5 GeV/c:           15   7.5102994631527160     
  *** Kaon: P_min > 1.5 GeV/c:           15   6.9400478253228854     
  *** Kaon: P_min > 1.5 GeV/c:           15   6.3906416421529588     
  *** Kaon: P_min > 1.5 GeV/c:           15   6.4236556421994804     
        480                  1673                  1673             5.3827030E-02         1.0000000E+30               179       
 NEXT SEEDS:1582EF02       7       0       0       0       0       7    3039       0       0
        520                  1633                  1633             5.1840403E-02         1.0000000E+30               179       
 NEXT SEEDS:16462077       7       0       0       0       0       7    3039       0       0
        560                  1593                  1593             5.6271501E-02         1.0000000E+30               180       
 NEXT SEEDS:1951E0DB       7       0       0       0       0       7    3039       0       0
  Comptn_2: TXYZ:  0.99999999999804823       U,V,W  0.18884681837603523      -0.91852457388238662      -0.34734634928479835     
        600                  1553                  1553             6.3299454E-02         1.0000000E+30               181       
 NEXT SEEDS:1DE04797       7       0       0       0       0       7    3039       0       0
  *** Kaon: P_min > 1.5 GeV/c:           15   7.0241965737274930     
  *** Kaon: P_min > 1.5 GeV/c:           15   6.7026895174588281     
  *** Kaon: P_min > 1.5 GeV/c:           15   6.2002051681946817     
        640                  1513                  1513             6.2970855E-02         1.0000000E+30               376       
 NEXT SEEDS:1F894268       7       0       0       0       0       7    3039       0       0
  Comptn_2: TXYZ:   1.0000000000013076       U,V,W  -9.0199963467345157E-002  0.95467523986171976      -0.28365322664613757     
        680                  1473                  1473             6.4829845E-02         1.0000000E+30               376       
 NEXT SEEDS:225049F0       7       0       0       0       0       7    3039       0       0
        720                  1433                  1433             6.3403184E-02         1.0000000E+30               376       
 NEXT SEEDS:236F8791       7       0       0       0       0       7    3039       0       0
        760                  1393                  1393             6.1313500E-02         1.0000000E+30               382       
 NEXT SEEDS:2419A3ED       7       0       0       0       0       7    3039       0       0
        800                  1353                  1353             6.0354644E-02         1.0000000E+30               384       
 NEXT SEEDS:254D40CA       7       0       0       0       0       7    3039       0       0
        840                  1313                  1313             6.0882620E-02         1.0000000E+30               429       
 NEXT SEEDS:275A671D       7       0       0       0       0       7    3039       0       0
        880                  1273                  1273             6.3021913E-02         1.0000000E+30               430       
 NEXT SEEDS:2A874F3F       7       0       0       0       0       7    3039       0       0
        920                  1233                  1233             6.1816482E-02         1.0000000E+30               432       
 NEXT SEEDS:2B8AFE19       7       0       0       0       0       7    3039       0       0
  Comptn_2: TXYZ:   1.0000000000024105       U,V,W  0.12990339136870688      -0.36188531931925638       0.92312736097166948     
        960                  1193                  1193             6.6097964E-02         1.0000000E+30               434       
 NEXT SEEDS:303483EE       7       0       0       0       0       7    3039       0       0
  Comptn_2: TXYZ:  0.99999999999853839       U,V,W  -4.3208057163628411E-002 -0.85445371652574664       0.51772764085957590     
       1000                  1153                  1153             6.6724454E-02         1.0000000E+30               481       
 NEXT SEEDS:328EAD6D       7       0       0       0       0       7    3039       0       0
       1040                  1113                  1113             6.5782332E-02         1.0000000E+30               490       
 NEXT SEEDS:33C47961       7       0       0       0       0       7    3039       0       0
  Comptn_2: TXYZ:  0.99999999999846145       U,V,W  -2.5608446192199708E-002  0.75471052214120249      -0.65555795720243992     
       1080                  1073                  1073             6.5405801E-02         1.0000000E+30               502       
 NEXT SEEDS:354E8920       7       0       0       0       0       7    3039       0       0
       1120                  1033                  1033             6.7157784E-02         1.0000000E+30               504       
 NEXT SEEDS:3869CB52       7       0       0       0       0       7    3039       0       0
       1160                   993                   993             6.6721730E-02         1.0000000E+30               506       
 NEXT SEEDS:39F08660       7       0       0       0       0       7    3039       0       0
       1200                   953                   953             6.6032179E-02         1.0000000E+30               508       
 NEXT SEEDS:3B4123B5       7       0       0       0       0       7    3039       0       0
       1240                   913                   913             6.7082120E-02         1.0000000E+30               510       
 NEXT SEEDS: 2846657       8       0       0       0       0       7    3039       0       0
  *** Kbar: P_min > 1.8 GeV/c:           25   9.1052010680407829     
  *** Kaon: P_min > 1.5 GeV/c:           15   4.6709480669445895     
  *** Kaon: P_min > 1.5 GeV/c:           15   4.3713271867294461     
  *** Kaon: P_min > 1.5 GeV/c:           15   4.9280040482993206     
  *** Kaon: P_min > 1.5 GeV/c:           15   3.9418910834755168     
  *** Kaon: P_min > 1.5 GeV/c:           15   4.3615951717658090     
       1280                   873                   873             6.7078892E-02         1.0000000E+30               900       
 NEXT SEEDS: 470B26A       8       0       0       0       0       7    3039       0       0
  Comptn_2: TXYZ:  0.99999999999889888       U,V,W -0.33638443701828180       0.35106323596266975      -0.87384215673439058     
       1320                   833                   833             6.5886253E-02         1.0000000E+30               900       
 NEXT SEEDS: 53AADF9       8       0       0       0       0       7    3039       0       0
       1360                   793                   793             6.4856292E-02         1.0000000E+30               903       
 NEXT SEEDS: 61DD0A5       8       0       0       0       0       7    3039       0       0
       1400                   753                   753             6.3960422E-02         1.0000000E+30               905       
 NEXT SEEDS: 710B42C       8       0       0       0       0       7    3039       0       0
       1440                   713                   713             6.3001933E-02         1.0000000E+30               905       
 NEXT SEEDS: 7DABA5B       8       0       0       0       0       7    3039       0       0
       1480                   673                   673             6.3538488E-02         1.0000000E+30               917       
 NEXT SEEDS: A1FFD9C       8       0       0       0       0       7    3039       0       0
  Comptn_2: TXYZ:  0.99999999999838285       U,V,W  -3.9691053987112923E-002  0.88992008749788265       0.45438624329917365     
       1520                   633                   633             6.3410471E-02         1.0000000E+30               934       
 NEXT SEEDS: BCF4AD3       8       0       0       0       0       7    3039       0       0
       1560                   593                   593             6.3667164E-02         1.0000000E+30               937       
 NEXT SEEDS: DED046E       8       0       0       0       0       7    3039       0       0
       1600                   553                   553             6.3685487E-02         1.0000000E+30               938       
 NEXT SEEDS: FCDD783       8       0       0       0       0       7    3039       0       0
  Comptn_2: TXYZ:  0.99999999999792355       U,V,W  0.24778057529164244       0.37447297856342487       0.89351820061591525     
       1640                   513                   513             6.3290143E-02         1.0000000E+30               938       
 NEXT SEEDS:112D9A13       8       0       0       0       0       7    3039       0       0
       1680                   473                   473             6.3320758E-02         1.0000000E+30               938       
 NEXT SEEDS:130ECE76       8       0       0       0       0       7    3039       0       0
       1720                   433                   433             6.2694127E-02         1.0000000E+30               952       
 NEXT SEEDS:141BCDA8       8       0       0       0       0       7    3039       0       0
       1760                   393                   393             6.2303381E-02         1.0000000E+30               961       
 NEXT SEEDS:155B0FE8       8       0       0       0       0       7    3039       0       0
       1800                   353                   353             6.1793084E-02         1.0000000E+30               965       
 NEXT SEEDS:167B199D       8       0       0       0       0       7    3039       0       0
  Comptn_2: TXYZ:   1.0000000000039524       U,V,W -0.95994189392370899       0.12711138235590624       0.24970834341224091     
  Comptn_2: TXYZ:   1.0000000000012763       U,V,W -0.81908480514546511      -0.53679004672696085      -0.20237719168908086     
       1840                   313                   313             6.1980818E-02         1.0000000E+30               965       
 NEXT SEEDS:188E4F46       8       0       0       0       0       7    3039       0       0
       1880                   273                   273             6.1704768E-02         1.0000000E+30               967       
 NEXT SEEDS:19F61000       8       0       0       0       0       7    3039       0       0
       1920                   233                   233             6.1521894E-02         1.0000000E+30               977       
 NEXT SEEDS:1B87344A       8       0       0       0       0       7    3039       0       0
       1960                   193                   193             6.1260031E-02         1.0000000E+30               978       
 NEXT SEEDS:1CEE08F8       8       0       0       0       0       7    3039       0       0
       2000                   153                   153             6.1592604E-02         1.0000000E+30              1097       
 NEXT SEEDS:1F20B812       8       0       0       0       0       7    3039       0       0
       2040                   113                   113             6.1319645E-02         1.0000000E+30              1100       
 NEXT SEEDS:20817EC5       8       0       0       0       0       7    3039       0       0
  Comptn_2: TXYZ:   1.0000000000015981       U,V,W  0.85743234748503561      -0.48338524864946208       0.17648929394157875     
  Comptn_2: TXYZ:   1.0000000000085598       U,V,W -0.51749008795813722       0.37656260198795621      -0.76837791200534866     
       2080                    73                    73             6.4545212E-02         1.0000000E+30              1436       
 NEXT SEEDS:274CD9C1       8       0       0       0       0       7    3039       0       0
       2103                    50                    50             6.4271085E-02         1.0000000E+30              1437       
 NEXT SEEDS:27F2BA2C       8       0       0       0       0       7    3039       0       0
       2104                    49                    49             6.4244737E-02         1.0000000E+30              1437       
 NEXT SEEDS:27F41E15       8       0       0       0       0       7    3039       0       0
       2105                    48                    48             6.4215427E-02         1.0000000E+30              1437       
 NEXT SEEDS:27F47A94       8       0       0       0       0       7    3039       0       0
       2106                    47                    47             6.4184994E-02         1.0000000E+30              1437       
 NEXT SEEDS:27F47A98       8       0       0       0       0       7    3039       0       0
       2107                    46                    46             6.4154582E-02         1.0000000E+30              1437       
 NEXT SEEDS:27F47A9C       8       0       0       0       0       7    3039       0       0
       2108                    45                    45             6.4152544E-02         1.0000000E+30              1437       
 NEXT SEEDS:27FFB139       8       0       0       0       0       7    3039       0       0
       2109                    44                    44             6.4149851E-02         1.0000000E+30              1437       
 NEXT SEEDS:280AB1EB       8       0       0       0       0       7    3039       0       0
       2110                    43                    43             6.4152649E-02         1.0000000E+30              1437       
 NEXT SEEDS:2817DA07       8       0       0       0       0       7    3039       0       0
       2111                    42                    42             6.4167630E-02         1.0000000E+30              1437       
 NEXT SEEDS:28293CFF       8       0       0       0       0       7    3039       0       0
       2112                    41                    41             6.4137313E-02         1.0000000E+30              1437       
 NEXT SEEDS:28293D15       8       0       0       0       0       7    3039       0       0
       2113                    40                    40             6.4109660E-02         1.0000000E+30              1437       
 NEXT SEEDS:282A0BC1       8       0       0       0       0       7    3039       0       0
       2114                    39                    39             6.4079384E-02         1.0000000E+30              1437       
 NEXT SEEDS:282A0BC5       8       0       0       0       0       7    3039       0       0
       2115                    38                    38             6.4107734E-02         1.0000000E+30              1437       
 NEXT SEEDS:2840DAD9       8       0       0       0       0       7    3039       0       0
       2116                    37                    37             6.4079226E-02         1.0000000E+30              1437       
 NEXT SEEDS:28417409       8       0       0       0       0       7    3039       0       0
       2117                    36                    36             6.4074090E-02         1.0000000E+30              1438       
 NEXT SEEDS:284BAA56       8       0       0       0       0       7    3039       0       0
       2118                    35                    35             6.4044119E-02         1.0000000E+30              1438       
 NEXT SEEDS:284BBCE0       8       0       0       0       0       7    3039       0       0
       2119                    34                    34             6.4013946E-02         1.0000000E+30              1438       
 NEXT SEEDS:284BBCE4       8       0       0       0       0       7    3039       0       0
       2120                    33                    33             6.3983801E-02         1.0000000E+30              1438       
 NEXT SEEDS:284BBCE8       8       0       0       0       0       7    3039       0       0
       2121                    32                    32             6.4018511E-02         1.0000000E+30              1438       
 NEXT SEEDS:28653A03       8       0       0       0       0       7    3039       0       0
       2122                    31                    31             6.4026259E-02         1.0000000E+30              1438       
 NEXT SEEDS:2873BFFB       8       0       0       0       0       7    3039       0       0
       2123                    30                    30             6.4059091E-02         1.0000000E+30              1438       
 NEXT SEEDS:288B179D       8       0       0       0       0       7    3039       0       0
       2124                    29                    29             6.4030519E-02         1.0000000E+30              1438       
 NEXT SEEDS:288B966F       8       0       0       0       0       7    3039       0       0
       2125                    28                    28             6.4016852E-02         1.0000000E+30              1438       
 NEXT SEEDS:2892D525       8       0       0       0       0       7    3039       0       0
       2126                    27                    27             6.3986798E-02         1.0000000E+30              1438       
 NEXT SEEDS:2892D529       8       0       0       0       0       7    3039       0       0
       2127                    26                    26             6.3980474E-02         1.0000000E+30              1438       
 NEXT SEEDS:289BC611       8       0       0       0       0       7    3039       0       0
       2128                    25                    25             6.3950925E-02         1.0000000E+30              1438       
 NEXT SEEDS:289BEDEC       8       0       0       0       0       7    3039       0       0
       2129                    24                    24             6.3933400E-02         1.0000000E+30              1438       
 NEXT SEEDS:28A0F57A       8       0       0       0       0       7    3039       0       0
       2130                    23                    23             6.3904309E-02         1.0000000E+30              1438       
 NEXT SEEDS:28A13777       8       0       0       0       0       7    3039       0       0
       2131                    22                    22             6.3901652E-02         1.0000000E+30              1439       
 NEXT SEEDS:28AADA5D       8       0       0       0       0       7    3039       0       0
       2132                    21                    21             6.3879323E-02         1.0000000E+30              1440       
 NEXT SEEDS:28AE058A       8       0       0       0       0       7    3039       0       0
       2133                    20                    20             6.3849754E-02         1.0000000E+30              1440       
 NEXT SEEDS:28AE1E40       8       0       0       0       0       7    3039       0       0
       2134                    19                    19             6.3847449E-02         1.0000000E+30              1441       
 NEXT SEEDS:28B814F0       8       0       0       0       0       7    3039       0       0
       2135                    18                    18             6.3817972E-02         1.0000000E+30              1441       
 NEXT SEEDS:28B833CA       8       0       0       0       0       7    3039       0       0
       2136                    17                    17             6.3826770E-02         1.0000000E+30              1441       
 NEXT SEEDS:28C7B797       8       0       0       0       0       7    3039       0       0
       2137                    16                    16             6.3796960E-02         1.0000000E+30              1441       
 NEXT SEEDS:28C7B79B       8       0       0       0       0       7    3039       0       0
       2138                    15                    15             6.3775014E-02         1.0000000E+30              1441       
 NEXT SEEDS:28CA63A2       8       0       0       0       0       7    3039       0       0
       2139                    14                    14             6.3746397E-02         1.0000000E+30              1441       
 NEXT SEEDS:28CACCE5       8       0       0       0       0       7    3039       0       0
       2140                    13                    13             6.3775862E-02         1.0000000E+30              1444       
 NEXT SEEDS:28E3623C       8       0       0       0       0       7    3039       0       0
       2141                    12                    12             6.3832410E-02         1.0000000E+30              1444       
 NEXT SEEDS:2904D5C5       8       0       0       0       0       7    3039       0       0
       2142                    11                    11             6.3802666E-02         1.0000000E+30              1444       
 NEXT SEEDS:2904D5C9       8       0       0       0       0       7    3039       0       0
       2143                    10                    10             6.3773456E-02         1.0000000E+30              1444       
 NEXT SEEDS:2904FC90       8       0       0       0       0       7    3039       0       0
       2144                     9                     9             6.3767062E-02         1.0000000E+30              1444       
 NEXT SEEDS:290E6C47       8       0       0       0       0       7    3039       0       0
       2145                     8                     8             6.3737391E-02         1.0000000E+30              1444       
 NEXT SEEDS:290E6C5F       8       0       0       0       0       7    3039       0       0
       2146                     7                     7             6.3708117E-02         1.0000000E+30              1444       
 NEXT SEEDS:290E8B76       8       0       0       0       0       7    3039       0       0
       2147                     6                     6             6.3680547E-02         1.0000000E+30              1444       
 NEXT SEEDS:290F3E8C       8       0       0       0       0       7    3039       0       0
       2148                     5                     5             6.3698062E-02         1.0000000E+30              1444       
 NEXT SEEDS:292153FD       8       0       0       0       0       7    3039       0       0
       2149                     4                     4             6.3762104E-02         1.0000000E+30              1444       
 NEXT SEEDS:2947BC40       8       0       0       0       0       7    3039       0       0
       2150                     3                     3             6.3732504E-02         1.0000000E+30              1444       
 NEXT SEEDS:2947BC44       8       0       0       0       0       7    3039       0       0
       2151                     2                     2             6.3710146E-02         1.0000000E+30              1444       
 NEXT SEEDS:294A8531       8       0       0       0       0       7    3039       0       0
       2152                     1                     1             6.3680591E-02         1.0000000E+30              1444       
 NEXT SEEDS:294A8535       8       0       0       0       0       7    3039       0       0
       2153                     0                     1             6.3658618E-02         1.0000000E+30              1444       
 NEXT SEEDS:294D2D68       8       0       0       0       0       7    3039       0       0
