1NUMBER OF BEAM       NUMBER OF BEAM        APPROXIMATE NUMBER    AVERAGE TIME USED     TIME LEFT (RESERVED   NUMBER OF STARS
 PARTICLES HANDLED    PARTICLES LEFT        OF BEAM PARTICLES     BY A BEAM PARTICLE     10000.0 SECONDS      CREATED
                                            THAT CAN STILL BE                           FOR PRINTOUT)
                                            HANDLED

 NEXT SEEDS:36D14402       7       0       0       0       0      3E    3039       0       0
          1                  2152                  2152             9.3936920E-05         1.0000000E+30                 0       
 NEXT SEEDS:36D14406       7       0       0       0       0      3E    3039       0       0
         40                  2113                  2113             2.7209324E-02         1.0000000E+30                 2       
 NEXT SEEDS:37994721       7       0       0       0       0      3E    3039       0       0
         80                  2073                  2073             3.9982313E-02         1.0000000E+30                 3       
 NEXT SEEDS:39201B5A       7       0       0       0       0      3E    3039       0       0
        120                  2033                  2033             3.9907193E-02         1.0000000E+30                 3       
 NEXT SEEDS:3A489CD9       7       0       0       0       0      3E    3039       0       0
        160                  1993                  1993             7.9706937E-02         1.0000000E+30                 4       
 NEXT SEEDS: 49597D5       8       0       0       0       0      3E    3039       0       0
        200                  1953                  1953             7.1971292E-02         1.0000000E+30                 8       
 NEXT SEEDS: 5C451A9       8       0       0       0       0      3E    3039       0       0
  Comptn_2: TXYZ:  0.99999999999824485       U,V,W  0.20594187532799602      -0.97275120613257826       0.10650368515806008     
        240                  1913                  1913             7.0213008E-02         1.0000000E+30                12       
 NEXT SEEDS: 78C962C       8       0       0       0       0      3E    3039       0       0
  *** Kbar: P_min > 1.8 GeV/c:           16   25.239186010643703     
  *** Kaon: P_min > 1.5 GeV/c:           15   25.663568916979123     
  *** Kaon: P_min > 1.5 GeV/c:           15   24.621094222093355     
  *** Kaon: P_min > 1.5 GeV/c:           15   26.704594247059667     
  *** Kaon: P_min > 1.5 GeV/c:           15   26.916568045596705     
  *** Kaon: P_min > 1.5 GeV/c:           15   23.180201169249841     
  *** Kaon: P_min > 1.5 GeV/c:           15   2.7249715994521533     
  *** Kaon: P_min > 1.5 GeV/c:           15   2.9019600837219595     
  *** Kaon: P_min > 1.5 GeV/c:           24   1.9040754544234755     
  *** Kaon: P_min > 1.5 GeV/c:           24   1.7772450495171075     
  *** Kbar: P_min > 1.8 GeV/c:           16   24.758317656650078     
  *** Kbar: P_min > 1.8 GeV/c:           16   27.238316107120824     
  *** Kbar: P_min > 1.8 GeV/c:           25   2.4933612288066542     
  *** Kbar: P_min > 1.8 GeV/c:           25   2.0242405708257438     
        280                  1873                  1873             7.2883293E-02         1.0000000E+30               122       
 NEXT SEEDS: A158524       8       0       0       0       0      3E    3039       0       0
  Comptn_2: TXYZ:  0.99999999999206046       U,V,W  0.42958480408825395      -0.89869729868517823       -8.8317956410236320E-002
        320                  1833                  1833             8.9271325E-02         1.0000000E+30               125       
 NEXT SEEDS:10158E5F       8       0       0       0       0      3E    3039       0       0
  *** Kaon: P_min > 1.5 GeV/c:           24   3.4931514622018316     
  *** Kaon: P_min > 1.5 GeV/c:           24   2.7463973818323884     
  *** Kaon: P_min > 1.5 GeV/c:           24   2.4974515639869610     
        360                  1793                  1793             8.7539503E-02         1.0000000E+30               162       
 NEXT SEEDS:123DC500       8       0       0       0       0      3E    3039       0       0
        400                  1753                  1753             8.3376360E-02         1.0000000E+30               163       
 NEXT SEEDS:1392BF2A       8       0       0       0       0      3E    3039       0       0
  *** Kaon: P_min > 1.5 GeV/c:           24   7.7064075263276743     
  *** Kbar: P_min > 1.8 GeV/c:           16   1.8777396362680190     
  *** Kbar: P_min > 1.8 GeV/c:           16   2.0563879165364911     
        440                  1713                  1713             8.3796449E-02         1.0000000E+30              1014       
 NEXT SEEDS:162EB5B4       8       0       0       0       0      3E    3039       0       0
  Comptn_2: TXYZ:   1.0000000000079912       U,V,W  0.18896262818390142       0.83098124160691000      -0.52322394942821759     
        480                  1673                  1673             8.0934676E-02         1.0000000E+30              1036       
 NEXT SEEDS:179874BE       8       0       0       0       0      3E    3039       0       0
  Comptn_2: TXYZ:   1.0000000000012286       U,V,W -0.53411414986264560        5.5248860953421186E-002 -0.84360514358382233     
        520                  1633                  1633             8.7250167E-02         1.0000000E+30              1039       
 NEXT SEEDS:1C61BCE9       8       0       0       0       0      3E    3039       0       0
  Comptn_2: TXYZ:  0.99999999999888045       U,V,W -0.17937148513040313      -0.79492617806996790      -0.57958454235777168     
        560                  1593                  1593             8.9466374E-02         1.0000000E+30              1040       
 NEXT SEEDS:1FE685F8       8       0       0       0       0      3E    3039       0       0
        600                  1553                  1553             8.7328103E-02         1.0000000E+30              1082       
 NEXT SEEDS:2190177F       8       0       0       0       0      3E    3039       0       0
        640                  1513                  1513             8.3953726E-02         1.0000000E+30              1084       
 NEXT SEEDS:2285BA3D       8       0       0       0       0      3E    3039       0       0
  Eventv: ekin+am < pla,ij,igreyt   3.5960735329215696        3.7827761524839114               30          14
  Comptn_2: TXYZ:   1.0000000000044118       U,V,W  0.77368954022048353       0.63288470127846663        2.9350472662201810E-002
        680                  1473                  1473             8.2534712E-02         1.0000000E+30              1109       
 NEXT SEEDS:244B4666       8       0       0       0       0      3E    3039       0       0
  Comptn_2: TXYZ:  0.99999999999759281       U,V,W  0.25890595921193160      -0.86994783624581373       0.41971236161610648     
        720                  1433                  1433             8.5889737E-02         1.0000000E+30              1111       
 NEXT SEEDS:28614043       8       0       0       0       0      3E    3039       0       0
  Comptn_2: TXYZ:  0.99999999999829403       U,V,W  -1.5056720685983294E-002  0.55686696798328938      -0.83046521608648760     
        760                  1393                  1393             8.7556382E-02         1.0000000E+30              1315       
 NEXT SEEDS:2BB32BBE       8       0       0       0       0      3E    3039       0       0
  Comptn_2: TXYZ:   1.0000000000013567       U,V,W -0.57954418296176158       0.65739496980394385      -0.48162266731645076     
        800                  1353                  1353             8.9031396E-02         1.0000000E+30              1317       
 NEXT SEEDS:2F25753D       8       0       0       0       0      3E    3039       0       0
  Comptn_2: TXYZ:   1.0000000000010794       U,V,W  0.97888361464852025       -1.6334327332046428E-002 -0.20376471412964570     
  Comptn_2: TXYZ:   1.0000000000029008       U,V,W  0.24439645417372446       0.96922200092203070       -2.9649386484486229E-002
        840                  1313                  1313             8.8932251E-02         1.0000000E+30              1317       
 NEXT SEEDS:3191D57E       8       0       0       0       0      3E    3039       0       0
  Comptn_2: TXYZ:   1.0000000000170135       U,V,W -0.96755236067840400       -2.5829679829485030E-002 -0.25134688580240550     
        880                  1273                  1273             8.7516503E-02         1.0000000E+30              1320       
 NEXT SEEDS:333E81AC       8       0       0       0       0      3E    3039       0       0
        920                  1233                  1233             8.5071983E-02         1.0000000E+30              1373       
 NEXT SEEDS:34282F2C       8       0       0       0       0      3E    3039       0       0
  Comptn_2: TXYZ:  0.99999999999847511       U,V,W -0.99853786974515879       -9.2925546496687161E-003   5.3251958756071360E-002
        960                  1193                  1193             8.3792452E-02         1.0000000E+30              1376       
 NEXT SEEDS:35BD38C7       8       0       0       0       0      3E    3039       0       0
       1000                  1153                  1153             8.3589848E-02         1.0000000E+30              1380       
 NEXT SEEDS:380F7DE7       8       0       0       0       0      3E    3039       0       0
       1040                  1113                  1113             8.3713271E-02         1.0000000E+30              1381       
 NEXT SEEDS:3A68F541       8       0       0       0       0      3E    3039       0       0
       1080                  1073                  1073             8.2603352E-02         1.0000000E+30              1407       
 NEXT SEEDS:  62986C       9       0       0       0       0      3E    3039       0       0
       1120                  1033                  1033             8.5947715E-02         1.0000000E+30              1442       
 NEXT SEEDS: 580F1A5       9       0       0       0       0      3E    3039       0       0
       1160                   993                   993             8.4130238E-02         1.0000000E+30              1442       
 NEXT SEEDS: 677E839       9       0       0       0       0      3E    3039       0       0
  Comptn_2: TXYZ:  0.99999999999822020       U,V,W -0.96071911060188242       0.12340578889752152       0.24857554543665117     
       1200                   953                   953             8.2357264E-02         1.0000000E+30              1445       
 NEXT SEEDS: 75EF406       9       0       0       0       0      3E    3039       0       0
  *** Hhflev: call to Hadriv !! ***  0.77185169116127039        3.5000000000000000        1.5400447503912906               14 T F T
       1240                   913                   913             8.2805606E-02         1.0000000E+30              1950       
 NEXT SEEDS: A30B3DD       9       0       0       0       0      3E    3039       0       0
  *** Hhflev: call to Hadriv !! ***  0.79870659552970646        3.5000000000000000        1.5575238049901825               14 T F T
       1280                   873                   873             8.2660303E-02         1.0000000E+30              2530       
 NEXT SEEDS: C778F10       9       0       0       0       0      3E    3039       0       0
  Comptn_2: TXYZ:   1.0000000000011591       U,V,W -0.56797339921721957       0.79438365191082738       0.21531565516611550     
       1320                   833                   833             8.4245679E-02         1.0000000E+30              2532       
 NEXT SEEDS:106D9B8C       9       0       0       0       0      3E    3039       0       0
       1360                   793                   793             8.2940727E-02         1.0000000E+30              2534       
 NEXT SEEDS:11925645       9       0       0       0       0      3E    3039       0       0
  Comptn_2: TXYZ:   1.0000000000051819       U,V,W -0.41115034498609759      -0.36233054830228184      -0.83646396670147283     
  Comptn_2: TXYZ:   1.0000000000017111       U,V,W  0.65323797883518608       0.75168953317032816        9.0790906654831360E-002
  Comptn_2: TXYZ:  0.99999999999851363       U,V,W  0.12473318749094631      -0.37013082548669729      -0.92056765311485833     
       1400                   753                   753             8.8757398E-02         1.0000000E+30              2562       
 NEXT SEEDS:1A1684BB       9       0       0       0       0      3E    3039       0       0
  Comptn_2: TXYZ:   1.0000000000023275       U,V,W  0.55286807803440574      -0.74367233894532347      -0.37588341354795318     
       1440                   713                   713             8.7889769E-02         1.0000000E+30              2563       
 NEXT SEEDS:1BC205C3       9       0       0       0       0      3E    3039       0       0
  Comptn_2: TXYZ:   1.0000000000051441       U,V,W   7.6374739645743261E-002 -0.83521467759160828       0.54459465796566064     
       1480                   673                   673             8.7281627E-02         1.0000000E+30              2622       
 NEXT SEEDS:1DA96492       9       0       0       0       0      3E    3039       0       0
  Comptn_2: TXYZ:  0.99999999999841838       U,V,W -0.93340286909252157        2.4029869272055748E-002 -0.35802464908304188     
       1520                   633                   633             8.8095166E-02         1.0000000E+30              2680       
 NEXT SEEDS:210F1AD7       9       0       0       0       0      3E    3039       0       0
       1560                   593                   593             8.7170364E-02         1.0000000E+30              2901       
 NEXT SEEDS:228DFD45       9       0       0       0       0      3E    3039       0       0
       1600                   553                   553             8.6006968E-02         1.0000000E+30              2917       
 NEXT SEEDS:23B8D871       9       0       0       0       0      3E    3039       0       0
       1640                   513                   513             8.4843308E-02         1.0000000E+30              3121       
 NEXT SEEDS:24D880BD       9       0       0       0       0      3E    3039       0       0
  Comptn_2: TXYZ:   1.0000000000103371       U,V,W -0.57892149883917909      -0.11158235911743475      -0.80771237165585319     
  Comptn_2: TXYZ:  0.99999999999517752       U,V,W -0.87269020702426836       0.48696615782097608        3.5717834427543949E-002
       1680                   473                   473             8.8416647E-02         1.0000000E+30              3121       
 NEXT SEEDS:2BCDACF6       9       0       0       0       0      3E    3039       0       0
       1720                   433                   433             8.7482756E-02         1.0000000E+30              3271       
 NEXT SEEDS:2D37145E       9       0       0       0       0      3E    3039       0       0
  Comptn_2: TXYZ:   1.0000000000017424       U,V,W -0.92163042694334507      -0.27687841156854631       0.27191120120592416     
       1760                   393                   393             8.6837623E-02         1.0000000E+30              3275       
 NEXT SEEDS:2EF63133       9       0       0       0       0      3E    3039       0       0
       1800                   353                   353             8.5511434E-02         1.0000000E+30              3275       
 NEXT SEEDS:2FBAE8B3       9       0       0       0       0      3E    3039       0       0
       1840                   313                   313             8.4640099E-02         1.0000000E+30              3278       
 NEXT SEEDS:3109C13F       9       0       0       0       0      3E    3039       0       0
       1880                   273                   273             8.5197215E-02         1.0000000E+30              3280       
 NEXT SEEDS:34380E37       9       0       0       0       0      3E    3039       0       0
       1920                   233                   233             8.4399456E-02         1.0000000E+30              3283       
 NEXT SEEDS:3594AF4A       9       0       0       0       0      3E    3039       0       0
       1960                   193                   193             8.4083777E-02         1.0000000E+30              3285       
 NEXT SEEDS:379B394B       9       0       0       0       0      3E    3039       0       0
       2000                   153                   153             8.3103220E-02         1.0000000E+30              3286       
 NEXT SEEDS:389C8C62       9       0       0       0       0      3E    3039       0       0
       2040                   113                   113             8.1909286E-02         1.0000000E+30              3293       
 NEXT SEEDS:393F8378       9       0       0       0       0      3E    3039       0       0
  Comptn_2: TXYZ:   1.0000000000162146       U,V,W  0.13239865399452810       0.38406814561088165      -0.91376269127365362     
       2080                    73                    73             8.1044104E-02         1.0000000E+30              3294       
 NEXT SEEDS:3A4FA740       9       0       0       0       0      3E    3039       0       0
       2103                    50                    50             8.1425987E-02         1.0000000E+30              3295       
 NEXT SEEDS:  A01F59       A       0       0       0       0      3E    3039       0       0
       2104                    49                    49             8.1387358E-02         1.0000000E+30              3295       
 NEXT SEEDS:  A01F5D       A       0       0       0       0      3E    3039       0       0
       2105                    48                    48             8.1409505E-02         1.0000000E+30              3295       
 NEXT SEEDS:  B8D1E4       A       0       0       0       0      3E    3039       0       0
       2106                    47                    47             8.1402185E-02         1.0000000E+30              3295       
 NEXT SEEDS:  C51F6B       A       0       0       0       0      3E    3039       0       0
       2107                    46                    46             8.1363609E-02         1.0000000E+30              3295       
 NEXT SEEDS:  C51F6F       A       0       0       0       0      3E    3039       0       0
       2108                    45                    45             8.1417462E-02         1.0000000E+30              3295       
 NEXT SEEDS:  E9C7AE       A       0       0       0       0      3E    3039       0       0
       2109                    44                    44             8.1378930E-02         1.0000000E+30              3295       
 NEXT SEEDS:  E9C7B2       A       0       0       0       0      3E    3039       0       0
       2110                    43                    43             8.1356611E-02         1.0000000E+30              3295       
 NEXT SEEDS:  F06294       A       0       0       0       0      3E    3039       0       0
       2111                    42                    42             8.1435183E-02         1.0000000E+30              3295       
 NEXT SEEDS: 11F7BF3       A       0       0       0       0      3E    3039       0       0
       2112                    41                    41             8.1396712E-02         1.0000000E+30              3295       
 NEXT SEEDS: 11F7BF7       A       0       0       0       0      3E    3039       0       0
       2113                    40                    40             8.1358240E-02         1.0000000E+30              3295       
 NEXT SEEDS: 11F7BFB       A       0       0       0       0      3E    3039       0       0
       2114                    39                    39             8.1319813E-02         1.0000000E+30              3295       
 NEXT SEEDS: 11F7C15       A       0       0       0       0      3E    3039       0       0
       2115                    38                    38             8.1282071E-02         1.0000000E+30              3295       
 NEXT SEEDS: 11FBC66       A       0       0       0       0      3E    3039       0       0
       2116                    37                    37             8.1243715E-02         1.0000000E+30              3295       
 NEXT SEEDS: 11FBC6A       A       0       0       0       0      3E    3039       0       0
       2117                    36                    36             8.1205800E-02         1.0000000E+30              3295       
 NEXT SEEDS: 11FE418       A       0       0       0       0      3E    3039       0       0
       2118                    35                    35             8.1167617E-02         1.0000000E+30              3295       
 NEXT SEEDS: 11FEC72       A       0       0       0       0      3E    3039       0       0
       2119                    34                    34             8.1176990E-02         1.0000000E+30              3295       
 NEXT SEEDS: 132FFD2       A       0       0       0       0      3E    3039       0       0
       2120                    33                    33             8.1138778E-02         1.0000000E+30              3295       
 NEXT SEEDS: 132FFD6       A       0       0       0       0      3E    3039       0       0
       2121                    32                    32             8.1249888E-02         1.0000000E+30              3295       
 NEXT SEEDS: 16C0DF0       A       0       0       0       0      3E    3039       0       0
       2122                    31                    31             8.1212253E-02         1.0000000E+30              3295       
 NEXT SEEDS: 16C3C53       A       0       0       0       0      3E    3039       0       0
       2123                    30                    30             8.1204546E-02         1.0000000E+30              3295       
 NEXT SEEDS: 178E375       A       0       0       0       0      3E    3039       0       0
       2124                    29                    29             8.1192995E-02         1.0000000E+30              3295       
 NEXT SEEDS: 18390CD       A       0       0       0       0      3E    3039       0       0
       2125                    28                    28             8.1178268E-02         1.0000000E+30              3295       
 NEXT SEEDS: 18BB3EA       A       0       0       0       0      3E    3039       0       0
       2126                    27                    27             8.1140149E-02         1.0000000E+30              3295       
 NEXT SEEDS: 18BB3FE       A       0       0       0       0      3E    3039       0       0
       2127                    26                    26             8.1102202E-02         1.0000000E+30              3295       
 NEXT SEEDS: 18BC035       A       0       0       0       0      3E    3039       0       0
       2128                    25                    25             8.1064147E-02         1.0000000E+30              3295       
 NEXT SEEDS: 18BC04B       A       0       0       0       0      3E    3039       0       0
       2129                    24                    24             8.1026121E-02         1.0000000E+30              3295       
 NEXT SEEDS: 18BC04F       A       0       0       0       0      3E    3039       0       0
       2130                    23                    23             8.0988131E-02         1.0000000E+30              3295       
 NEXT SEEDS: 18BC053       A       0       0       0       0      3E    3039       0       0
       2131                    22                    22             8.0950878E-02         1.0000000E+30              3295       
 NEXT SEEDS: 18BF8CC       A       0       0       0       0      3E    3039       0       0
       2132                    21                    21             8.0998249E-02         1.0000000E+30              3295       
 NEXT SEEDS: 1AD6058       A       0       0       0       0      3E    3039       0       0
       2133                    20                    20             8.0960339E-02         1.0000000E+30              3295       
 NEXT SEEDS: 1AD605C       A       0       0       0       0      3E    3039       0       0
       2134                    19                    19             8.0922451E-02         1.0000000E+30              3295       
 NEXT SEEDS: 1AD6060       A       0       0       0       0      3E    3039       0       0
       2135                    18                    18             8.0884598E-02         1.0000000E+30              3295       
 NEXT SEEDS: 1AD6064       A       0       0       0       0      3E    3039       0       0
       2136                    17                    17             8.0846788E-02         1.0000000E+30              3295       
 NEXT SEEDS: 1AD6068       A       0       0       0       0      3E    3039       0       0
       2137                    16                    16             8.0809006E-02         1.0000000E+30              3295       
 NEXT SEEDS: 1AD606C       A       0       0       0       0      3E    3039       0       0
       2138                    15                    15             8.0771260E-02         1.0000000E+30              3295       
 NEXT SEEDS: 1AD6070       A       0       0       0       0      3E    3039       0       0
       2139                    14                    14             8.0733548E-02         1.0000000E+30              3295       
 NEXT SEEDS: 1AD6074       A       0       0       0       0      3E    3039       0       0
       2140                    13                    13             8.0744879E-02         1.0000000E+30              3295       
 NEXT SEEDS: 1C13443       A       0       0       0       0      3E    3039       0       0
       2141                    12                    12             8.0707229E-02         1.0000000E+30              3295       
 NEXT SEEDS: 1C13447       A       0       0       0       0      3E    3039       0       0
       2142                    11                    11             8.0669601E-02         1.0000000E+30              3295       
 NEXT SEEDS: 1C1344B       A       0       0       0       0      3E    3039       0       0
       2143                    10                    10             8.0632007E-02         1.0000000E+30              3295       
 NEXT SEEDS: 1C1344F       A       0       0       0       0      3E    3039       0       0
       2144                     9                     9             8.0594449E-02         1.0000000E+30              3295       
 NEXT SEEDS: 1C13453       A       0       0       0       0      3E    3039       0       0
       2145                     8                     8             8.0582101E-02         1.0000000E+30              3295       
 NEXT SEEDS: 1CAE3C0       A       0       0       0       0      3E    3039       0       0
       2146                     7                     7             8.0544615E-02         1.0000000E+30              3295       
 NEXT SEEDS: 1CAE3D3       A       0       0       0       0      3E    3039       0       0
       2147                     6                     6             8.0615013E-02         1.0000000E+30              3295       
 NEXT SEEDS: 1F44E24       A       0       0       0       0      3E    3039       0       0
  Comptn_2: TXYZ:   1.0000000000015996       U,V,W  0.28308418923549539       0.31305159482272238       0.90656607083291618     
       2148                     5                     5             8.1237177E-02         1.0000000E+30              3295       
 NEXT SEEDS: 2FAF2F0       A       0       0       0       0      3E    3039       0       0
       2149                     4                     4             8.1199673E-02         1.0000000E+30              3295       
 NEXT SEEDS: 2FB048D       A       0       0       0       0      3E    3039       0       0
       2150                     3                     3             8.1171344E-02         1.0000000E+30              3295       
 NEXT SEEDS: 2FECC6B       A       0       0       0       0      3E    3039       0       0
       2151                     2                     2             8.1135559E-02         1.0000000E+30              3295       
 NEXT SEEDS: 2FF71C9       A       0       0       0       0      3E    3039       0       0
       2152                     1                     1             8.1145547E-02         1.0000000E+30              3295       
 NEXT SEEDS: 31324DB       A       0       0       0       0      3E    3039       0       0
       2153                     0                     1             8.1107921E-02         1.0000000E+30              3295       
 NEXT SEEDS: 31324DF       A       0       0       0       0      3E    3039       0       0
