1NUMBER OF BEAM       NUMBER OF BEAM        APPROXIMATE NUMBER    AVERAGE TIME USED     TIME LEFT (RESERVED   NUMBER OF STARS
 PARTICLES HANDLED    PARTICLES LEFT        OF BEAM PARTICLES     BY A BEAM PARTICLE     10000.0 SECONDS      CREATED
                                            THAT CAN STILL BE                           FOR PRINTOUT)
                                            HANDLED

 NEXT SEEDS: 17AB5EC       4       0       0       0       0       8    3039       0       0
          1                  2152                  2152             9.0643167E-02         1.0000000E+30                 0       
 NEXT SEEDS: 189F6BD       4       0       0       0       0       8    3039       0       0
         40                  2113                  2113             4.5063251E-02         1.0000000E+30                 3       
 NEXT SEEDS: 2BEE608       4       0       0       0       0       8    3039       0       0
  Comptn_2: TXYZ:   1.0000000000012548       U,V,W  0.91228779980992147      -0.32329299678853118      -0.25142117760188398     
         80                  2073                  2073             4.4358525E-02         1.0000000E+30                 4       
 NEXT SEEDS: 3FD8032       4       0       0       0       0       8    3039       0       0
        120                  2033                  2033             3.8439200E-02         1.0000000E+30                 6       
 NEXT SEEDS: 4BE7B2B       4       0       0       0       0       8    3039       0       0
        160                  1993                  1993             4.6246921E-02         1.0000000E+30                 8       
 NEXT SEEDS: 6B256F9       4       0       0       0       0       8    3039       0       0
        200                  1953                  1953             4.9949402E-02         1.0000000E+30                13       
 NEXT SEEDS: 897A67F       4       0       0       0       0       8    3039       0       0
        240                  1913                  1913             5.5203147E-02         1.0000000E+30                17       
 NEXT SEEDS: AE44430       4       0       0       0       0       8    3039       0       0
  Comptn_2: TXYZ:   1.0000000000024567       U,V,W  0.88802369211000642      -0.35216738248654167       0.29562147582059595     
  *** Kaon: P_min > 1.5 GeV/c:           15   4.3301652892839329     
  *** Kaon: P_min > 1.5 GeV/c:           15   5.0829142905981906     
  *** Kaon: P_min > 1.5 GeV/c:           15   4.3084623029046218     
  *** Kaon: P_min > 1.5 GeV/c:           15   3.9710966369816783     
  *** Kaon: P_min > 1.5 GeV/c:           15   3.9044091234798914     
  *** Kaon: P_min > 1.5 GeV/c:           15   4.0497018301269483     
  *** Kbar: P_min > 1.8 GeV/c:           16   8.1520523604583968     
  *** Kbar: P_min > 1.8 GeV/c:           16   7.8170746417809331     
  *** Kbar: P_min > 1.8 GeV/c:           16   8.6278913738527336     
  *** Kaon: P_min > 1.5 GeV/c:           15   2.2452625486003046     
  *** Kaon: P_min > 1.5 GeV/c:           15   2.0444786078102797     
  *** Kaon: P_min > 1.5 GeV/c:           15   2.2548259021461705     
  *** Kaon: P_min > 1.5 GeV/c:           24   12.514720433969632     
  *** Kaon: P_min > 1.5 GeV/c:           24   13.637831730026951     
  *** Kaon: P_min > 1.5 GeV/c:           24   1.6649249893656006     
  *** Kaon: P_min > 1.5 GeV/c:           24   1.6648426837058372     
  *** Kaon: P_min > 1.5 GeV/c:           24   2.1121883682396354     
  *** Kaon: P_min > 1.5 GeV/c:           24   1.7180830246474026     
  *** Kbar: P_min > 1.8 GeV/c:           16   42.892112069507867     
  *** Kbar: P_min > 1.8 GeV/c:           16   39.470386933788369     
        280                  1873                  1873             6.9070785E-02         1.0000000E+30               655       
 NEXT SEEDS: F29C508       4       0       0       0       0       8    3039       0       0
        320                  1833                  1833             6.7623534E-02         1.0000000E+30               664       
 NEXT SEEDS:10C746A0       4       0       0       0       0       8    3039       0       0
  Comptn_2: TXYZ:  0.99999999999851186       U,V,W -0.95774729711384055      -0.18862776611170773      -0.21711674445180762     
        360                  1793                  1793             6.4618934E-02         1.0000000E+30               667       
 NEXT SEEDS:11EF5385       4       0       0       0       0       8    3039       0       0
        400                  1753                  1753             6.0898315E-02         1.0000000E+30               667       
 NEXT SEEDS:12B3DE93       4       0       0       0       0       8    3039       0       0
  Comptn_2: TXYZ:  0.99999999999603528       U,V,W -0.28820328785655569      -0.27931476178680725       0.91592692323824920     
        440                  1713                  1713             7.0671530E-02         1.0000000E+30               668       
 NEXT SEEDS:170F2D67       4       0       0       0       0       8    3039       0       0
  Comptn_2: TXYZ:   1.0000000000076312       U,V,W -0.39262588496175965       0.89950676224242798       0.19165724391676520     
        480                  1673                  1673             7.1115666E-02         1.0000000E+30               671       
 NEXT SEEDS:1930C29A       4       0       0       0       0       8    3039       0       0
  Comptn_2: TXYZ:  0.99999999999853728       U,V,W -0.99623558250491051       -8.4877661122227721E-002  -1.7619500335118943E-002
        520                  1633                  1633             7.0551342E-02         1.0000000E+30               673       
 NEXT SEEDS:1AFCBD09       4       0       0       0       0       8    3039       0       0
  Comptn_2: TXYZ:   1.0000000000024314       U,V,W -0.22815217723534609       0.81033291995326806       0.53972876786883717     
        560                  1593                  1593             7.0918408E-02         1.0000000E+30               736       
 NEXT SEEDS:1D2CA097       4       0       0       0       0       8    3039       0       0
        600                  1553                  1553             6.9056274E-02         1.0000000E+30               741       
 NEXT SEEDS:1E62D7FE       4       0       0       0       0       8    3039       0       0
        640                  1513                  1513             6.7199872E-02         1.0000000E+30               744       
 NEXT SEEDS:1F82B346       4       0       0       0       0       8    3039       0       0
  Comptn_2: TXYZ:  0.99999999999825750       U,V,W -0.98266474617037414       0.15509404052363607      -0.10156690024916770     
  Comptn_2: TXYZ:  0.99999999999657341       U,V,W  0.94284352418007700       0.23564322142087946      -0.23562334584386235     
        680                  1473                  1473             7.4245311E-02         1.0000000E+30               749       
 NEXT SEEDS:24EF59B4       4       0       0       0       0       8    3039       0       0
        720                  1433                  1433             7.2877538E-02         1.0000000E+30               749       
 NEXT SEEDS:2650C256       4       0       0       0       0       8    3039       0       0
  Comptn_2: TXYZ:  0.99999999999889222       U,V,W -0.77687734460752012       0.22784185738666984      -0.58698354274805098     
        760                  1393                  1393             7.1496907E-02         1.0000000E+30               759       
 NEXT SEEDS:27A1D2A6       4       0       0       0       0       8    3039       0       0
        800                  1353                  1353             7.6584643E-02         1.0000000E+30               762       
 NEXT SEEDS:2C3C4F88       4       0       0       0       0       8    3039       0       0
  Comptn_2: TXYZ:  0.99999999999897649       U,V,W -0.19604479441363409      -0.97694532053854832        8.4523838413346652E-002
        840                  1313                  1313             7.5333712E-02         1.0000000E+30               797       
 NEXT SEEDS:2DA7587C       4       0       0       0       0       8    3039       0       0
  Comptn_2: TXYZ:  0.99999999999786704       U,V,W -0.86829380939414147        7.2717454388538272E-002  0.49069138202431084     
  Comptn_2: TXYZ:  0.99999999999893818       U,V,W  0.89010736800667445       0.17953227942493655      -0.41889979000192312     
        880                  1273                  1273             7.6427554E-02         1.0000000E+30               825       
 NEXT SEEDS:308445FE       4       0       0       0       0       8    3039       0       0
        920                  1233                  1233             7.5776572E-02         1.0000000E+30               826       
 NEXT SEEDS:3247C7A5       4       0       0       0       0       8    3039       0       0
        960                  1193                  1193             7.9811151E-02         1.0000000E+30               827       
 NEXT SEEDS:37503A88       4       0       0       0       0       8    3039       0       0
  Comptn_2: TXYZ:   1.0000000000013747       U,V,W  0.65436268005012010      -0.51140666283449709      -0.55702128161092901     
       1000                  1153                  1153             8.2437041E-02         1.0000000E+30               860       
 NEXT SEEDS:3B84F6E1       4       0       0       0       0       8    3039       0       0
  Comptn_2: TXYZ:   1.0000000002353442       U,V,W -0.22396769459089683        4.9744036222378440E-002  0.97332625715907284     
       1040                  1113                  1113             8.2876476E-02         1.0000000E+30               962       
 NEXT SEEDS: 292B9E5       5       0       0       0       0       8    3039       0       0
  Comptn_2: TXYZ:  0.99999999999783717       U,V,W -0.37279424968517461      -0.33627337903209309       0.86483793970537803     
       1080                  1073                  1073             8.2554964E-02         1.0000000E+30               962       
 NEXT SEEDS: 4AF9B79       5       0       0       0       0       8    3039       0       0
  Comptn_2: TXYZ:   1.0000000000014182       U,V,W -0.85767413835635509       0.51107668641056847        5.6530460848073005E-002
       1120                  1033                  1033             8.4200361E-02         1.0000000E+30               963       
 NEXT SEEDS: 817D84B       5       0       0       0       0       8    3039       0       0
       1160                   993                   993             8.2256086E-02         1.0000000E+30               965       
 NEXT SEEDS: 8DED1C4       5       0       0       0       0       8    3039       0       0
  Comptn_2: TXYZ:  0.99999999999504963       U,V,W -0.14106228540271104       0.42071259916520010      -0.89615977399996893     
       1200                   953                   953             8.1797618E-02         1.0000000E+30               968       
 NEXT SEEDS: AD2F239       5       0       0       0       0       8    3039       0       0
  Comptn_2: TXYZ:   1.0000000000022726       U,V,W  0.39159563120445284       0.91906089198291951        4.4496499316451832E-002
       1240                   913                   913             8.1318713E-02         1.0000000E+30              1104       
 NEXT SEEDS: CB90546       5       0       0       0       0       8    3039       0       0
  Comptn_2: TXYZ:   1.0000000000028162       U,V,W -0.30591968740618825      -0.27187655568556579       0.91241234281911687     
       1280                   873                   873             8.5701387E-02         1.0000000E+30              1110       
 NEXT SEEDS:12DD960B       5       0       0       0       0       8    3039       0       0
  Comptn_2: TXYZ:   1.0000000000010236       U,V,W  0.13210004005620579      -0.81286115118579261      -0.56727976194385832     
       1320                   833                   833             8.4022238E-02         1.0000000E+30              1116       
 NEXT SEEDS:13B3824C       5       0       0       0       0       8    3039       0       0
  Comptn_2: TXYZ:   1.0000000000210474       U,V,W -0.68462123050299795       0.52812250968079866       0.50237474611495259     
       1360                   793                   793             8.7067687E-02         1.0000000E+30              2354       
 NEXT SEEDS:1918D54B       5       0       0       0       0       8    3039       0       0
       1400                   753                   753             8.5499714E-02         1.0000000E+30              2363       
 NEXT SEEDS:19FE5516       5       0       0       0       0       8    3039       0       0
  Comptn_2: TXYZ:  0.99999999999633726       U,V,W  -5.7874538259028441E-002  0.40266595174852243       0.91351555494151171     
       1440                   713                   713             8.4383964E-02         1.0000000E+30              2366       
 NEXT SEEDS:1B465547       5       0       0       0       0       8    3039       0       0
       1480                   673                   673             8.3209284E-02         1.0000000E+30              2370       
 NEXT SEEDS:1C67B9CE       5       0       0       0       0       8    3039       0       0
       1520                   633                   633             8.2430668E-02         1.0000000E+30              2371       
 NEXT SEEDS:1DEF596A       5       0       0       0       0       8    3039       0       0
       1560                   593                   593             8.2559145E-02         1.0000000E+30              2372       
 NEXT SEEDS:2064A2AD       5       0       0       0       0       8    3039       0       0
       1600                   553                   553             8.2522697E-02         1.0000000E+30              2902       
 NEXT SEEDS:22B56C9A       5       0       0       0       0       8    3039       0       0
       1640                   513                   513             8.1912212E-02         1.0000000E+30              2903       
 NEXT SEEDS:245154D0       5       0       0       0       0       8    3039       0       0
       1680                   473                   473             8.1477964E-02         1.0000000E+30              2940       
 NEXT SEEDS:262846C9       5       0       0       0       0       8    3039       0       0
       1720                   433                   433             8.0624371E-02         1.0000000E+30              2945       
 NEXT SEEDS:276D4372       5       0       0       0       0       8    3039       0       0
       1760                   393                   393             7.9721017E-02         1.0000000E+30              2946       
 NEXT SEEDS:2897F5BE       5       0       0       0       0       8    3039       0       0
       1800                   353                   353             7.9462898E-02         1.0000000E+30              2951       
 NEXT SEEDS:2A8171D8       5       0       0       0       0       8    3039       0       0
  Comptn_2: TXYZ:  0.99999999999875611       U,V,W  0.25575786161264547        7.3706489594314917E-002 -0.96392700429740330     
       1840                   313                   313             7.8651768E-02         1.0000000E+30              2952       
 NEXT SEEDS:2BB42027       5       0       0       0       0       8    3039       0       0
  Comptn_2: TXYZ:  0.99999999999750466       U,V,W -0.27880848459139429      -0.55801929376967507       0.78158831663360218     
       1880                   273                   273             7.8800428E-02         1.0000000E+30              2957       
 NEXT SEEDS:2E309913       5       0       0       0       0       8    3039       0       0
       1920                   233                   233             8.0280272E-02         1.0000000E+30              2958       
 NEXT SEEDS:324413FC       5       0       0       0       0       8    3039       0       0
       1960                   193                   193             8.0659056E-02         1.0000000E+30              3023       
 NEXT SEEDS:35320FAB       5       0       0       0       0       8    3039       0       0
       2000                   153                   153             8.0154243E-02         1.0000000E+30              3024       
 NEXT SEEDS:36C02CC4       5       0       0       0       0       8    3039       0       0
       2040                   113                   113             7.9318805E-02         1.0000000E+30              3026       
 NEXT SEEDS:37D10DFD       5       0       0       0       0       8    3039       0       0
       2080                    73                    73             7.8349971E-02         1.0000000E+30              3027       
 NEXT SEEDS:38A2B9AE       5       0       0       0       0       8    3039       0       0
       2103                    50                    50             7.9912273E-02         1.0000000E+30              3027       
 NEXT SEEDS:  A411F3       6       0       0       0       0       8    3039       0       0
       2104                    49                    49             7.9882879E-02         1.0000000E+30              3027       
 NEXT SEEDS:  A724FF       6       0       0       0       0       8    3039       0       0
       2105                    48                    48             7.9882225E-02         1.0000000E+30              3027       
 NEXT SEEDS:  B4A232       6       0       0       0       0       8    3039       0       0
       2106                    47                    47             7.9844635E-02         1.0000000E+30              3027       
 NEXT SEEDS:  B4B8F1       6       0       0       0       0       8    3039       0       0
       2107                    46                    46             7.9807623E-02         1.0000000E+30              3027       
 NEXT SEEDS:  B4FBB6       6       0       0       0       0       8    3039       0       0
  Comptn_2: TXYZ:  0.99999999999898359       U,V,W  -6.3543383378146245E-003 -0.79542170649191224       0.60602304512680572     
       2108                    45                    45             7.9789597E-02         1.0000000E+30              3027       
 NEXT SEEDS:  BC5EB8       6       0       0       0       0       8    3039       0       0
       2109                    44                    44             7.9751815E-02         1.0000000E+30              3027       
 NEXT SEEDS:  BC5EBC       6       0       0       0       0       8    3039       0       0
       2110                    43                    43             7.9714452E-02         1.0000000E+30              3027       
 NEXT SEEDS:  BC7E50       6       0       0       0       0       8    3039       0       0
       2111                    42                    42             7.9676748E-02         1.0000000E+30              3027       
 NEXT SEEDS:  BC7E54       6       0       0       0       0       8    3039       0       0
       2112                    41                    41             7.9664309E-02         1.0000000E+30              3027       
 NEXT SEEDS:  C67E2D       6       0       0       0       0       8    3039       0       0
       2113                    40                    40             7.9626665E-02         1.0000000E+30              3027       
 NEXT SEEDS:  C67E31       6       0       0       0       0       8    3039       0       0
       2114                    39                    39             7.9589049E-02         1.0000000E+30              3027       
 NEXT SEEDS:  C67E35       6       0       0       0       0       8    3039       0       0
       2115                    38                    38             7.9640352E-02         1.0000000E+30              3121       
 NEXT SEEDS:  E93E4A       6       0       0       0       0       8    3039       0       0
       2116                    37                    37             7.9602794E-02         1.0000000E+30              3121       
 NEXT SEEDS:  E93E4E       6       0       0       0       0       8    3039       0       0
       2117                    36                    36             7.9565834E-02         1.0000000E+30              3121       
 NEXT SEEDS:  E970AF       6       0       0       0       0       8    3039       0       0
       2118                    35                    35             7.9528325E-02         1.0000000E+30              3121       
 NEXT SEEDS:  E970B3       6       0       0       0       0       8    3039       0       0
       2119                    34                    34             7.9490845E-02         1.0000000E+30              3121       
 NEXT SEEDS:  E970B7       6       0       0       0       0       8    3039       0       0
       2120                    33                    33             7.9498535E-02         1.0000000E+30              3121       
 NEXT SEEDS:  FB9F74       6       0       0       0       0       8    3039       0       0
       2121                    32                    32             7.9494326E-02         1.0000000E+30              3121       
 NEXT SEEDS: 108DD8F       6       0       0       0       0       8    3039       0       0
       2122                    31                    31             7.9613141E-02         1.0000000E+30              3121       
 NEXT SEEDS: 1494440       6       0       0       0       0       8    3039       0       0
       2123                    30                    30             7.9576611E-02         1.0000000E+30              3121       
 NEXT SEEDS: 1498AD4       6       0       0       0       0       8    3039       0       0
       2124                    29                    29             7.9608629E-02         1.0000000E+30              3121       
 NEXT SEEDS: 164D960       6       0       0       0       0       8    3039       0       0
       2125                    28                    28             7.9572861E-02         1.0000000E+30              3121       
 NEXT SEEDS: 1655E31       6       0       0       0       0       8    3039       0       0
       2126                    27                    27             7.9561414E-02         1.0000000E+30              3121       
 NEXT SEEDS: 17020DB       6       0       0       0       0       8    3039       0       0
       2127                    26                    26             7.9554605E-02         1.0000000E+30              3121       
 NEXT SEEDS: 17D2C27       6       0       0       0       0       8    3039       0       0
       2128                    25                    25             7.9517271E-02         1.0000000E+30              3121       
 NEXT SEEDS: 17D2C2B       6       0       0       0       0       8    3039       0       0
       2129                    24                    24             7.9497344E-02         1.0000000E+30              3122       
 NEXT SEEDS: 18434AA       6       0       0       0       0       8    3039       0       0
       2130                    23                    23             7.9515756E-02         1.0000000E+30              3122       
 NEXT SEEDS: 19AEA51       6       0       0       0       0       8    3039       0       0
       2131                    22                    22             7.9478721E-02         1.0000000E+30              3122       
 NEXT SEEDS: 19AFB1E       6       0       0       0       0       8    3039       0       0
       2132                    21                    21             7.9441499E-02         1.0000000E+30              3122       
 NEXT SEEDS: 19AFB22       6       0       0       0       0       8    3039       0       0
       2133                    20                    20             7.9404305E-02         1.0000000E+30              3122       
 NEXT SEEDS: 19AFB26       6       0       0       0       0       8    3039       0       0
       2134                    19                    19             7.9367146E-02         1.0000000E+30              3122       
 NEXT SEEDS: 19AFB3D       6       0       0       0       0       8    3039       0       0
       2135                    18                    18             7.9330022E-02         1.0000000E+30              3122       
 NEXT SEEDS: 19AFB41       6       0       0       0       0       8    3039       0       0
       2136                    17                    17             7.9292925E-02         1.0000000E+30              3122       
 NEXT SEEDS: 19AFB45       6       0       0       0       0       8    3039       0       0
       2137                    16                    16             7.9256328E-02         1.0000000E+30              3122       
 NEXT SEEDS: 19B1E39       6       0       0       0       0       8    3039       0       0
       2138                    15                    15             7.9219314E-02         1.0000000E+30              3122       
 NEXT SEEDS: 19B1E3D       6       0       0       0       0       8    3039       0       0
       2139                    14                    14             7.9182329E-02         1.0000000E+30              3122       
 NEXT SEEDS: 19B1E41       6       0       0       0       0       8    3039       0       0
       2140                    13                    13             7.9173321E-02         1.0000000E+30              3122       
 NEXT SEEDS: 1A6735C       6       0       0       0       0       8    3039       0       0
       2141                    12                    12             7.9138636E-02         1.0000000E+30              3122       
 NEXT SEEDS: 1A7350B       6       0       0       0       0       8    3039       0       0
       2142                    11                    11             7.9101740E-02         1.0000000E+30              3122       
 NEXT SEEDS: 1A7350F       6       0       0       0       0       8    3039       0       0
       2143                    10                    10             7.9064885E-02         1.0000000E+30              3122       
 NEXT SEEDS: 1A73513       6       0       0       0       0       8    3039       0       0
       2144                     9                     9             7.9142093E-02         1.0000000E+30              3122       
 NEXT SEEDS: 1D7316E       6       0       0       0       0       8    3039       0       0
       2145                     8                     8             7.9135964E-02         1.0000000E+30              3122       
 NEXT SEEDS: 1E30F45       6       0       0       0       0       8    3039       0       0
       2146                     7                     7             7.9099137E-02         1.0000000E+30              3122       
 NEXT SEEDS: 1E30F49       6       0       0       0       0       8    3039       0       0
       2147                     6                     6             7.9062345E-02         1.0000000E+30              3122       
 NEXT SEEDS: 1E30F4D       6       0       0       0       0       8    3039       0       0
       2148                     5                     5             7.9027634E-02         1.0000000E+30              3122       
 NEXT SEEDS: 1E3ACD2       6       0       0       0       0       8    3039       0       0
       2149                     4                     4             7.9002263E-02         1.0000000E+30              3122       
 NEXT SEEDS: 1E7DC1D       6       0       0       0       0       8    3039       0       0
       2150                     3                     3             7.8965567E-02         1.0000000E+30              3122       
 NEXT SEEDS: 1E7DC21       6       0       0       0       0       8    3039       0       0
       2151                     2                     2             7.8945385E-02         1.0000000E+30              3122       
 NEXT SEEDS: 1EE4A46       6       0       0       0       0       8    3039       0       0
       2152                     1                     1             7.8908757E-02         1.0000000E+30              3122       
 NEXT SEEDS: 1EE4A4A       6       0       0       0       0       8    3039       0       0
       2153                     0                     1             7.8905813E-02         1.0000000E+30              3122       
 NEXT SEEDS: 1FC0C7C       6       0       0       0       0       8    3039       0       0
