1NUMBER OF BEAM       NUMBER OF BEAM        APPROXIMATE NUMBER    AVERAGE TIME USED     TIME LEFT (RESERVED   NUMBER OF STARS
 PARTICLES HANDLED    PARTICLES LEFT        OF BEAM PARTICLES     BY A BEAM PARTICLE     10000.0 SECONDS      CREATED
                                            THAT CAN STILL BE                           FOR PRINTOUT)
                                            HANDLED

 NEXT SEEDS:       0       0       0       0       0       0      1A    3039       0       0
          1                  2846                  2846             8.1062317E-05         1.0000000E+30                 0       
 NEXT SEEDS:       4       0       0       0       0       0      1A    3039       0       0
  *** Hhflev: call to Hadriv !! ***  0.68855715168077525        3.5000000000000000        1.4907936628811369               14 T F T
  Comptn_2: TXYZ:  0.99999999999847777       U,V,W -0.91753945174502860       0.10452582895874940       0.38366092525874507     
  Comptn_2: TXYZ:  0.99999999999822509       U,V,W  0.14939880212497769      -0.44440408095363892       0.88328082213619830     
  Comptn_2: TXYZ:   1.0000000000027680       U,V,W -0.63240774130755284       0.76966477551936663        8.7616106177861752E-002
         50                  2797                  2797             3.3330765E-01         1.0000000E+30               142       
 NEXT SEEDS: B843B51       0       0       0       0       0      1A    3039       0       0
        100                  2747                  2747             3.4680206E-01         1.0000000E+30               162       
 NEXT SEEDS:1878C203       0       0       0       0       0      1A    3039       0       0
        150                  2697                  2697             2.8086380E-01         1.0000000E+30               166       
 NEXT SEEDS:1DB86B13       0       0       0       0       0      1A    3039       0       0
  Comptn_2: TXYZ:   1.0000000000011962       U,V,W -0.23604947452095359      -0.32042134867990058       0.91739348422022893     
  Comptn_2: TXYZ:   1.0000000000019829       U,V,W -0.86300428929218143      -0.50471723220560705       -2.2002549397534210E-002
        200                  2647                  2647             2.6105572E-01         1.0000000E+30               174       
 NEXT SEEDS:24BEE067       0       0       0       0       0      1A    3039       0       0
  Comptn_2: TXYZ:  0.99999999999758260       U,V,W  0.76644846241158504      -0.42680375680166094       0.47999511210478829     
        250                  2597                  2597             2.3715384E-01         1.0000000E+30               177       
 NEXT SEEDS:29B70EEB       0       0       0       0       0      1A    3039       0       0
  *** Kbar: P_min > 1.8 GeV/c:           25   2.0881483632772997     
  *** Kbar: P_min > 1.8 GeV/c:           25   2.1007205592155800     
        300                  2547                  2547             2.2564980E-01         1.0000000E+30               222       
 NEXT SEEDS:2FA80E6B       0       0       0       0       0      1A    3039       0       0
        350                  2497                  2497             2.1268385E-01         1.0000000E+30               238       
 NEXT SEEDS:3472314D       0       0       0       0       0      1A    3039       0       0
        400                  2447                  2447             2.3681324E-01         1.0000000E+30               243       
 NEXT SEEDS: 6EC219F       1       0       0       0       0      1A    3039       0       0
  Comptn_2: TXYZ:   1.0000000000011355       U,V,W -0.26934961885979902      -0.83922500597455385       0.47238985188954530     
        450                  2397                  2397             2.2643292E-01         1.0000000E+30               248       
 NEXT SEEDS: BEFA546       1       0       0       0       0      1A    3039       0       0
        500                  2347                  2347             2.1096667E-01         1.0000000E+30               266       
 NEXT SEEDS: E71685C       1       0       0       0       0      1A    3039       0       0
        550                  2297                  2297             2.0769513E-01         1.0000000E+30               275       
 NEXT SEEDS:14968B1F       1       0       0       0       0      1A    3039       0       0
  Comptn_2: TXYZ:   1.0000000000010587       U,V,W  0.40385603608097398       0.86874098070873984      -0.28668695568378877     
  Comptn_2: TXYZ:   1.0000000000010532       U,V,W -0.21121244556622987       0.35437519146947238      -0.91093771823871705     
  Comptn_2: TXYZ:   1.0000000000012239       U,V,W   1.5707846339410025E-002 -0.99553485433715161        9.3078554804572500E-002
        600                  2247                  2247             2.0669838E-01         1.0000000E+30               283       
 NEXT SEEDS:1B7DCB93       1       0       0       0       0      1A    3039       0       0
  Comptn_2: TXYZ:  0.99999999999368294       U,V,W -0.22962731733227315      -0.94250594638207019       0.24280411067958596     
        650                  2197                  2197             2.0982084E-01         1.0000000E+30               297       
 NEXT SEEDS:2441805B       1       0       0       0       0      1A    3039       0       0
  Comptn_2: TXYZ:  0.99999999999851685       U,V,W  0.18467815395932519       0.61855923105592581      -0.76372669006929073     
  Comptn_2: TXYZ:  0.99999999999818068       U,V,W -0.78459001913722659       0.28648066774912362      -0.54986119055125471     
        700                  2147                  2147             2.0653392E-01         1.0000000E+30               411       
 NEXT SEEDS:2A06A98A       1       0       0       0       0      1A    3039       0       0
  Comptn_2: TXYZ:  0.99999999999876887       U,V,W   3.2290814489854824E-003  0.94563269080166723      -0.32522052075317021     
        750                  2097                  2097             1.9974872E-01         1.0000000E+30               414       
 NEXT SEEDS:2DB86D3F       1       0       0       0       0      1A    3039       0       0
  Comptn_2: TXYZ:   1.0000000000074545       U,V,W -0.57702106371513651       0.77161815467765393      -0.26767912770397118     
  Comptn_2: TXYZ:  0.99999999998064948       U,V,W -0.30145138501896440       0.87550676922852233      -0.37764395862483013     
  *** Kbar: P_min > 1.8 GeV/c:           25   2.3176595714240209     
  *** Kbar: P_min > 1.8 GeV/c:           25   2.6559251707987581     
  *** Kbar: P_min > 1.8 GeV/c:           25   2.3992853217371679     
        800                  2047                  2047             1.9787405E-01         1.0000000E+30               533       
 NEXT SEEDS:339708BE       1       0       0       0       0      1A    3039       0       0
        850                  1997                  1997             1.9574669E-01         1.0000000E+30               536       
 NEXT SEEDS:39611DA4       1       0       0       0       0      1A    3039       0       0
  Comptn_2: TXYZ:   1.0000000000013209       U,V,W  -6.8633082119760047E-002  0.95430321819891262      -0.29085196883511344     
  Comptn_2: TXYZ:   1.0000000000012872       U,V,W  -9.6613796542985853E-002 -0.94807336000277687      -0.30302257073010708     
  Comptn_2: TXYZ:   1.0000000000017095       U,V,W  0.41848926717225510       0.10500663377167996      -0.90213099942706698     
        900                  1947                  1947             2.0332728E-01         1.0000000E+30               536       
 NEXT SEEDS: 9819431       2       0       0       0       0      1A    3039       0       0
  *** Kbar: P_min > 1.8 GeV/c:           16   7.5540766565589417     
  *** Kbar: P_min > 1.8 GeV/c:           16   7.6294444089955524     
  *** Kbar: P_min > 1.8 GeV/c:           25   2.3858376259176617     
  *** Kbar: P_min > 1.8 GeV/c:           25   2.3856830204952617     
  *** Kbar: P_min > 1.8 GeV/c:           25   2.1466641067385432     
  *** Kbar: P_min > 1.8 GeV/c:           25   2.6110147988881680     
  *** Kaon: P_min > 1.5 GeV/c:           24   14.587611267095101     
  *** Kaon: P_min > 1.5 GeV/c:           24   14.327290685896063     
  *** Kaon: P_min > 1.5 GeV/c:           24   2.8575861244190950     
  *** Kaon: P_min > 1.5 GeV/c:           24   3.4054580441779598     
  Comptn_2: TXYZ:   1.0000000000013167       U,V,W -0.42089769699610002      -0.52838216739184674       0.73733127822369671     
        950                  1897                  1897             2.0170706E-01         1.0000000E+30               728       
 NEXT SEEDS: F92422D       2       0       0       0       0      1A    3039       0       0
  Comptn_2: TXYZ:   1.0000000000010594       U,V,W   6.4332614690421508E-002  0.37482724421780755      -0.92485990921881633     
       1000                  1847                  1847             1.9967822E-01         1.0000000E+30               743       
 NEXT SEEDS:152B47B4       2       0       0       0       0      1A    3039       0       0
  *** Kbar: P_min > 1.8 GeV/c:           25   4.4976114182913260     
  *** Kbar: P_min > 1.8 GeV/c:           25   5.0941248914426325     
  *** Kaon: P_min > 1.5 GeV/c:           15   1.9700951395491633     
  *** Kbar: P_min > 1.8 GeV/c:           16   1.9138475958401602     
  *** Kbar: P_min > 1.8 GeV/c:           16   1.9888113236446399     
  Comptn_2: TXYZ:  0.99999999998562228       U,V,W  0.23474436554778322       0.79230299491882761       0.56316165270004603     
       1050                  1797                  1797             1.9883852E-01         1.0000000E+30               776       
 NEXT SEEDS:1BB04FEA       2       0       0       0       0      1A    3039       0       0
  Comptn_2: TXYZ:   1.0000000000010651       U,V,W -0.98065002565573067       -1.6185682165357207E-002  0.19509882335709250     
  Comptn_2: TXYZ:  0.99999999999890421       U,V,W  0.37758818690063833      -0.65687548389114880      -0.65264213760280754     
  Comptn_2: TXYZ:   1.0000000000027560       U,V,W  0.32336637586749362       0.57649699039077973       0.75039016986595186     
       1100                  1747                  1747             2.0338605E-01         1.0000000E+30               776       
 NEXT SEEDS:265A4C5C       2       0       0       0       0      1A    3039       0       0
  Comptn_2: TXYZ:  0.99999999999598121       U,V,W  0.15955949108673906       0.53024338901560597       0.83269605331439323     
       1150                  1697                  1697             2.0047261E-01         1.0000000E+30               778       
 NEXT SEEDS:2B2FA2FC       2       0       0       0       0      1A    3039       0       0
       1200                  1647                  1647             1.9830133E-01         1.0000000E+30               782       
 NEXT SEEDS:3075F095       2       0       0       0       0      1A    3039       0       0
  Comptn_2: TXYZ:  0.99999999999882105       U,V,W  0.61413704288675319      -0.71306691600344863       0.33818821069704086     
  Comptn_2: TXYZ:   1.0000000000012292       U,V,W  0.20990335870946808      -0.16508334853971363      -0.96368463100675683     
       1250                  1597                  1597             1.9838690E-01         1.0000000E+30               875       
 NEXT SEEDS:37B7E559       2       0       0       0       0      1A    3039       0       0
  Comptn_2: TXYZ:  0.99999999999869083       U,V,W -0.85781914130567571       0.38188168715710447      -0.34396612888819078     
  Comptn_2: TXYZ:   1.0000000000102331       U,V,W -0.57799681699528094       0.77500712055109311      -0.25550663914791016     
       1300                  1547                  1547             2.0053221E-01         1.0000000E+30               888       
 NEXT SEEDS: 536B477       3       0       0       0       0      1A    3039       0       0
  Comptn_2: TXYZ:  0.99999999999792266       U,V,W  0.16287702817878369       0.43597260859601761      -0.88509827603693481     
  Comptn_2: TXYZ:  0.99999999999848477       U,V,W -0.82883178219133935        5.0881021014930639E-002 -0.55717950296873919     
       1350                  1497                  1497             1.9806712E-01         1.0000000E+30               896       
 NEXT SEEDS: 9F21F45       3       0       0       0       0      1A    3039       0       0
       1400                  1447                  1447             1.9538399E-01         1.0000000E+30               899       
 NEXT SEEDS: E4DA6B6       3       0       0       0       0      1A    3039       0       0
  Comptn_2: TXYZ:   1.0000000000098286       U,V,W  0.18461016867806279       0.95859073838143161      -0.21684760067805087     
       1450                  1397                  1397             1.9810786E-01         1.0000000E+30               903       
 NEXT SEEDS:183053FB       3       0       0       0       0      1A    3039       0       0
  Comptn_2: TXYZ:  0.99999999999812084       U,V,W  0.73241233423060947       0.57703578230303565       0.36138881915039178     
  Comptn_2: TXYZ:  0.99999999979313303       U,V,W -0.17173065059159853      -0.77915252232236298      -0.60285149945838157     
       1500                  1347                  1347             1.9972120E-01         1.0000000E+30               923       
 NEXT SEEDS:213B7CA0       3       0       0       0       0      1A    3039       0       0
  Comptn_2: TXYZ:  0.99999999999877975       U,V,W -0.86882933346904245       0.48518177214327274        9.8662238381422185E-002
  Comptn_2: TXYZ:  0.99999999999347589       U,V,W -0.41537138393090700      -0.38272253128971556      -0.82522122939730025     
       1550                  1297                  1297             1.9680441E-01         1.0000000E+30               931       
 NEXT SEEDS:2522E13B       3       0       0       0       0      1A    3039       0       0
       1600                  1247                  1247             1.9577973E-01         1.0000000E+30               974       
 NEXT SEEDS:2B03E281       3       0       0       0       0      1A    3039       0       0
  Comptn_2: TXYZ:  0.99999999999623101       U,V,W  -5.1116177304635357E-002  0.51045823445443261      -0.85838192390779966     
       1650                  1197                  1197             1.9580307E-01         1.0000000E+30               977       
 NEXT SEEDS:31F53594       3       0       0       0       0      1A    3039       0       0
  Comptn_2: TXYZ:  0.99999999998788247       U,V,W -0.47702939298002889       0.45844525318129925      -0.74984725648396022     
  Comptn_2: TXYZ:  0.99999999999886380       U,V,W -0.85225060085588211       0.10310353803822281       0.51287286317727165     
  Comptn_2: TXYZ:   1.0000000000034810       U,V,W -0.66438462655149877       -6.9012219390828022E-002  0.74419781078706393     
       1700                  1147                  1147             1.9833628E-01         1.0000000E+30              1010       
 NEXT SEEDS:  76C9D3       4       0       0       0       0      1A    3039       0       0
       1750                  1097                  1097             1.9682533E-01         1.0000000E+30              1019       
 NEXT SEEDS: 5AFF4CA       4       0       0       0       0      1A    3039       0       0
  Comptn_2: TXYZ:  0.99999999999808775       U,V,W -0.64504584766361717       0.76324093185623809        3.7136698146639446E-002
  Comptn_2: TXYZ:  0.99999999999003064       U,V,W -0.89832478170252017       0.27243293640131583      -0.34466343254384668     
  Comptn_2: TXYZ:   1.0000000000023315       U,V,W -0.99271480969927062       -8.9247877246840801E-003  0.12015679244279909     
  Comptn_2: TXYZ:  0.99999999999525424       U,V,W -0.65349381242356230       0.45131015004094621       0.60767177455382182     
  Comptn_2: TXYZ:  0.99999999999870659       U,V,W  0.51833508072725243      -0.77275947139107615      -0.36629433992564486     
  Comptn_2: TXYZ:  0.99999999999895084       U,V,W  0.39106678171377851      -0.39659142930664615       0.83053116163060992     
       1800                  1047                  1047             2.0056445E-01         1.0000000E+30              1021       
 NEXT SEEDS:11A56B79       4       0       0       0       0      1A    3039       0       0
  Comptn_2: TXYZ:  0.99999999999711653       U,V,W -0.89178345740720744      -0.36242793214151448      -0.27086575844057847     
       1850                   997                   997             2.0104349E-01         1.0000000E+30              1035       
 NEXT SEEDS:19855EC7       4       0       0       0       0      1A    3039       0       0
  Comptn_2: TXYZ:   1.0000000000012808       U,V,W  0.32879787107290781       -1.2641717659420237E-002  0.94431570301135181     
  Comptn_2: TXYZ:  0.99999999999848010       U,V,W  0.86436257422562290      -0.20255641228338561      -0.46026974712598445     
  Comptn_2: TXYZ:   1.0000000000010230       U,V,W  0.80107623596038469      -0.40606566785847775      -0.43975849914153287     
       1900                   947                   947             2.1214422E-01         1.0000000E+30              1075       
 NEXT SEEDS:2FE6BE3D       4       0       0       0       0      1A    3039       0       0
  Comptn_2: TXYZ:   1.0000000000024125       U,V,W  0.46323521105103049      -0.88078119357110118       -9.8171423012942682E-002
       1950                   897                   897             2.1052785E-01         1.0000000E+30              1094       
 NEXT SEEDS:3534D73F       4       0       0       0       0      1A    3039       0       0
  Comptn_2: TXYZ:  0.99999999999845712       U,V,W -0.53430151648933588       0.30845244130158989      -0.78700634109944900     
  Comptn_2: TXYZ:  0.99999999999892353       U,V,W -0.20311322012975808      -0.32999711780514573       0.92187142381556697     
       2000                   847                   847             2.1234350E-01         1.0000000E+30              1097       
 NEXT SEEDS: 3B9E90A       5       0       0       0       0      1A    3039       0       0
       2050                   797                   797             2.1028047E-01         1.0000000E+30              1229       
 NEXT SEEDS: 845C530       5       0       0       0       0      1A    3039       0       0
  Comptn_2: TXYZ:   1.0000000000036979       U,V,W -0.16191664072351841       0.36821235865755331       0.91553408477912512     
  Comptn_2: TXYZ:   1.0000000000013818       U,V,W  0.10170781367483528      -0.98109285723596251       0.16465820999707859     
  Comptn_2: TXYZ:  0.99999999999824218       U,V,W   6.3940497718819600E-002 -0.20616923926151287       0.97642503938194913     
       2100                   747                   747             2.0862359E-01         1.0000000E+30              1233       
 NEXT SEEDS: D48B2BD       5       0       0       0       0      1A    3039       0       0
  Comptn_2: TXYZ:   1.0000000000016158       U,V,W -0.50012540801631289       0.56495104226539894      -0.65628111057790761     
       2150                   697                   697             2.0785517E-01         1.0000000E+30              1272       
 NEXT SEEDS:137CBE6B       5       0       0       0       0      1A    3039       0       0
       2200                   647                   647             2.0861967E-01         1.0000000E+30              1349       
 NEXT SEEDS:1C1E1D9A       5       0       0       0       0      1A    3039       0       0
  Comptn_2: TXYZ:   1.0000000000013232       U,V,W  0.26074359774553812      -0.34554699206077544      -0.90144886294996596     
  Comptn_2: TXYZ:  0.99999999999692657       U,V,W  -2.1622085084189280E-002  0.99686523579704733       -7.6106419524478497E-002
  Comptn_2: TXYZ:   1.0000000000010489       U,V,W  0.13051365231303436      -0.33871558410275071      -0.93179286305857367     
  Comptn_2: TXYZ:  0.99999999999823763       U,V,W -0.10051925396136596       0.21739115950635579       0.97089492909880326     
  Comptn_2: TXYZ:   1.0000000000026159       U,V,W -0.76605235633518198       -6.3129147708579580E-002  0.63967061685332993     
       2250                   597                   597             2.1834525E-01         1.0000000E+30              1358       
 NEXT SEEDS:33842C0C       5       0       0       0       0      1A    3039       0       0
       2300                   547                   547             2.1857969E-01         1.0000000E+30              1362       
 NEXT SEEDS:  245358       6       0       0       0       0      1A    3039       0       0
       2350                   497                   497             2.2275829E-01         1.0000000E+30              1364       
 NEXT SEEDS: EF90199       6       0       0       0       0      1A    3039       0       0
       2400                   447                   447             2.2033785E-01         1.0000000E+30              1368       
 NEXT SEEDS:12C5CFA8       6       0       0       0       0      1A    3039       0       0
  Comptn_2: TXYZ:   1.0000000000227440       U,V,W  0.71132085266171829       0.11163661804266667       0.69394517802442124     
       2450                   397                   397             2.2083740E-01         1.0000000E+30              1426       
 NEXT SEEDS:1BCC580B       6       0       0       0       0      1A    3039       0       0
  Comptn_2: TXYZ:  0.99999999988743005       U,V,W  0.81845017811694554        2.0662971765204929E-002  0.57420584064044533     
       2500                   347                   347             2.1936586E-01         1.0000000E+30              1634       
 NEXT SEEDS:210AE35A       6       0       0       0       0      1A    3039       0       0
  Comptn_2: TXYZ:  0.99999999999751821       U,V,W  0.36838686831193002      -0.55471464784937674       0.74604475382793822     
  Comptn_2: TXYZ:  0.99999999999839084       U,V,W -0.13426557259361971      -0.91313534654527828       0.38491115196124515     
  Comptn_2: TXYZ:   1.0000000000024432       U,V,W -0.42571547567017376       0.28099859613646672      -0.86011983045776574     
       2550                   297                   297             2.2039469E-01         1.0000000E+30              2169       
 NEXT SEEDS:2AE082D9       6       0       0       0       0      1A    3039       0       0
       2600                   247                   247             2.1903782E-01         1.0000000E+30              2216       
 NEXT SEEDS:303C15EF       6       0       0       0       0      1A    3039       0       0
       2650                   197                   197             2.1840237E-01         1.0000000E+30              2222       
 NEXT SEEDS:3708190E       6       0       0       0       0      1A    3039       0       0
  Comptn_2: TXYZ:  0.99999999999673017       U,V,W  0.14678836655909322      -0.44612823437723798      -0.88284923624087241     
  Comptn_2: TXYZ:   1.0000000000341458       U,V,W   5.7422884832973864E-003 -0.59147076145865185      -0.80630599929347113     
       2700                   147                   147             2.1879213E-01         1.0000000E+30              2258       
 NEXT SEEDS: 3FC0F3E       7       0       0       0       0      1A    3039       0       0
  Comptn_2: TXYZ:  0.99999999999781797       U,V,W -0.92801720724201076       0.19961370164301684       0.31454480313133359     
  Comptn_2: TXYZ:  0.99999999999744660       U,V,W  0.27259355587525747       0.90888362388822763       0.31563160729010065     
  Comptn_2: TXYZ:   1.0000000000032001       U,V,W  0.97495373998259094       0.10083513615390416      -0.19823592059458406     
  Comptn_2: TXYZ:   1.0000000000011295       U,V,W  0.91972629225529268        1.9884827186622545E-002  0.39205629823179677     
  Comptn_2: TXYZ:   1.0000000000184219       U,V,W  0.77747159465907600       0.20134326087890031      -0.59581776644822071     
       2750                    97                    97             2.2188884E-01         1.0000000E+30              2507       
 NEXT SEEDS:124C4E52       7       0       0       0       0      1A    3039       0       0
       2797                    50                    50             2.2040322E-01         1.0000000E+30              2514       
 NEXT SEEDS:16FC62F3       7       0       0       0       0      1A    3039       0       0
       2798                    49                    49             2.2032450E-01         1.0000000E+30              2514       
 NEXT SEEDS:16FC62F7       7       0       0       0       0      1A    3039       0       0
       2799                    48                    48             2.2034491E-01         1.0000000E+30              2514       
 NEXT SEEDS:173132E9       7       0       0       0       0      1A    3039       0       0
       2800                    47                    47             2.2031365E-01         1.0000000E+30              2514       
 NEXT SEEDS:174A0E88       7       0       0       0       0      1A    3039       0       0
       2801                    46                    46             2.2028611E-01         1.0000000E+30              2516       
 NEXT SEEDS:17672574       7       0       0       0       0      1A    3039       0       0
       2802                    45                    45             2.2020754E-01         1.0000000E+30              2516       
 NEXT SEEDS:17672578       7       0       0       0       0      1A    3039       0       0
       2803                    44                    44             2.2028859E-01         1.0000000E+30              2517       
 NEXT SEEDS:17BDC86E       7       0       0       0       0      1A    3039       0       0
       2804                    43                    43             2.2028330E-01         1.0000000E+30              2518       
 NEXT SEEDS:17E75306       7       0       0       0       0      1A    3039       0       0
       2805                    42                    42             2.2022202E-01         1.0000000E+30              2518       
 NEXT SEEDS:17F07CE2       7       0       0       0       0      1A    3039       0       0
       2806                    41                    41             2.2014358E-01         1.0000000E+30              2518       
 NEXT SEEDS:17F07CE6       7       0       0       0       0      1A    3039       0       0
       2807                    40                    40             2.2007376E-01         1.0000000E+30              2518       
 NEXT SEEDS:17F530CC       7       0       0       0       0      1A    3039       0       0
       2808                    39                    39             2.2004497E-01         1.0000000E+30              2519       
 NEXT SEEDS:180F4B5D       7       0       0       0       0      1A    3039       0       0
       2809                    38                    38             2.2000946E-01         1.0000000E+30              2519       
 NEXT SEEDS:1825C70C       7       0       0       0       0      1A    3039       0       0
       2810                    37                    37             2.1994702E-01         1.0000000E+30              2519       
 NEXT SEEDS:182E80D3       7       0       0       0       0      1A    3039       0       0
       2811                    36                    36             2.1986882E-01         1.0000000E+30              2519       
 NEXT SEEDS:182E80D7       7       0       0       0       0      1A    3039       0       0
       2812                    35                    35             2.1989006E-01         1.0000000E+30              2519       
 NEXT SEEDS:1862CE39       7       0       0       0       0      1A    3039       0       0
       2813                    34                    34             2.1983038E-01         1.0000000E+30              2519       
 NEXT SEEDS:186D18A6       7       0       0       0       0      1A    3039       0       0
       2814                    33                    33             2.1977523E-01         1.0000000E+30              2519       
 NEXT SEEDS:187A2C60       7       0       0       0       0      1A    3039       0       0
       2815                    32                    32             2.1972458E-01         1.0000000E+30              2519       
 NEXT SEEDS:18896B96       7       0       0       0       0      1A    3039       0       0
       2816                    31                    31             2.1988302E-01         1.0000000E+30              2519       
 NEXT SEEDS:1905B7B1       7       0       0       0       0      1A    3039       0       0
       2817                    30                    30             2.1982898E-01         1.0000000E+30              2519       
 NEXT SEEDS:191383FE       7       0       0       0       0      1A    3039       0       0
       2818                    29                    29             2.1977057E-01         1.0000000E+30              2519       
 NEXT SEEDS:191E29B7       7       0       0       0       0      1A    3039       0       0
       2819                    28                    28             2.1969265E-01         1.0000000E+30              2519       
 NEXT SEEDS:191E29BB       7       0       0       0       0      1A    3039       0       0
       2820                    27                    27             2.1963777E-01         1.0000000E+30              2520       
 NEXT SEEDS:192A728D       7       0       0       0       0      1A    3039       0       0
       2821                    26                    26             2.1955994E-01         1.0000000E+30              2520       
 NEXT SEEDS:192A7291       7       0       0       0       0      1A    3039       0       0
       2822                    25                    25             2.1948218E-01         1.0000000E+30              2520       
 NEXT SEEDS:192A7295       7       0       0       0       0      1A    3039       0       0
       2823                    24                    24             2.1940447E-01         1.0000000E+30              2520       
 NEXT SEEDS:192A7299       7       0       0       0       0      1A    3039       0       0
       2824                    23                    23             2.1941552E-01         1.0000000E+30              2520       
 NEXT SEEDS:19598458       7       0       0       0       0      1A    3039       0       0
       2825                    22                    22             2.1940578E-01         1.0000000E+30              2520       
 NEXT SEEDS:197DB3FB       7       0       0       0       0      1A    3039       0       0
       2826                    21                    21             2.2038693E-01         1.0000000E+30              2520       
 NEXT SEEDS:1BB2D632       7       0       0       0       0      1A    3039       0       0
       2827                    20                    20             2.2033311E-01         1.0000000E+30              2520       
 NEXT SEEDS:1BBFAD0B       7       0       0       0       0      1A    3039       0       0
       2828                    19                    19             2.2028999E-01         1.0000000E+30              2520       
 NEXT SEEDS:1BD22489       7       0       0       0       0      1A    3039       0       0
       2829                    18                    18             2.2028854E-01         1.0000000E+30              2520       
 NEXT SEEDS:1BFACF8F       7       0       0       0       0      1A    3039       0       0
       2830                    17                    17             2.2022735E-01         1.0000000E+30              2520       
 NEXT SEEDS:1C044FAD       7       0       0       0       0      1A    3039       0       0
       2831                    16                    16             2.2026988E-01         1.0000000E+30              2520       
 NEXT SEEDS:1C453886       7       0       0       0       0      1A    3039       0       0
       2832                    15                    15             2.2025096E-01         1.0000000E+30              2520       
 NEXT SEEDS:1C64882B       7       0       0       0       0      1A    3039       0       0
       2833                    14                    14             2.2017326E-01         1.0000000E+30              2520       
 NEXT SEEDS:1C64882F       7       0       0       0       0      1A    3039       0       0
       2834                    13                    13             2.2016520E-01         1.0000000E+30              2521       
 NEXT SEEDS:1C895E2D       7       0       0       0       0      1A    3039       0       0
       2835                    12                    12             2.2008758E-01         1.0000000E+30              2521       
 NEXT SEEDS:1C895E31       7       0       0       0       0      1A    3039       0       0
       2836                    11                    11             2.2001002E-01         1.0000000E+30              2521       
 NEXT SEEDS:1C895E35       7       0       0       0       0      1A    3039       0       0
       2837                    10                    10             2.1993249E-01         1.0000000E+30              2521       
 NEXT SEEDS:1C895E39       7       0       0       0       0      1A    3039       0       0
       2838                     9                     9             2.1991065E-01         1.0000000E+30              2521       
 NEXT SEEDS:1CA71621       7       0       0       0       0      1A    3039       0       0
       2839                     8                     8             2.1988978E-01         1.0000000E+30              2521       
 NEXT SEEDS:1CC53034       7       0       0       0       0      1A    3039       0       0
       2840                     7                     7             2.1983532E-01         1.0000000E+30              2521       
 NEXT SEEDS:1CD0B0DD       7       0       0       0       0      1A    3039       0       0
       2841                     6                     6             2.1975799E-01         1.0000000E+30              2521       
 NEXT SEEDS:1CD0B0E1       7       0       0       0       0      1A    3039       0       0
       2842                     5                     5             2.1972705E-01         1.0000000E+30              2521       
 NEXT SEEDS:1CEAEBC5       7       0       0       0       0      1A    3039       0       0
       2843                     4                     4             2.1976758E-01         1.0000000E+30              2521       
 NEXT SEEDS:1D29240F       7       0       0       0       0      1A    3039       0       0
       2844                     3                     3             2.1976441E-01         1.0000000E+30              2522       
 NEXT SEEDS:1D532199       7       0       0       0       0      1A    3039       0       0
       2845                     2                     2             2.1981083E-01         1.0000000E+30              2522       
 NEXT SEEDS:1D95E51F       7       0       0       0       0      1A    3039       0       0
       2846                     1                     1             2.1973363E-01         1.0000000E+30              2522       
 NEXT SEEDS:1D95E523       7       0       0       0       0      1A    3039       0       0
       2847                     0                     1             2.1974780E-01         1.0000000E+30              2522       
 NEXT SEEDS:1DC6D5DD       7       0       0       0       0      1A    3039       0       0
