1NUMBER OF BEAM       NUMBER OF BEAM        APPROXIMATE NUMBER    AVERAGE TIME USED     TIME LEFT (RESERVED   NUMBER OF STARS
 PARTICLES HANDLED    PARTICLES LEFT        OF BEAM PARTICLES     BY A BEAM PARTICLE     10000.0 SECONDS      CREATED
                                            THAT CAN STILL BE                           FOR PRINTOUT)
                                            HANDLED

 NEXT SEEDS:27F300BA       D       0       0       0       0      2C    3039       0       0
          1                  2846                  2846             5.4568052E-02         1.0000000E+30                 0       
 NEXT SEEDS:27FC78DB       D       0       0       0       0      2C    3039       0       0
         50                  2797                  2797             1.3832180E-01         1.0000000E+30                 1       
 NEXT SEEDS:2CD660E4       D       0       0       0       0      2C    3039       0       0
  Comptn_2: TXYZ:   1.0000000000027280       U,V,W   8.3227125904585364E-002 -0.62123539564350949       0.77919177916353988     
  Comptn_2: TXYZ:   1.0000000000029572       U,V,W -0.39172322756386535      -0.81349656301793516      -0.42985608632181993     
  Comptn_2: TXYZ:   1.0000000000083813       U,V,W  0.99785301893931955        6.5030119527563102E-002   7.7740694811723188E-003
        100                  2747                  2747             2.5522945E-01         1.0000000E+30               127       
 NEXT SEEDS:39F4195E       D       0       0       0       0      2C    3039       0       0
        150                  2697                  2697             2.4394198E-01         1.0000000E+30               133       
 NEXT SEEDS: 61AB740       E       0       0       0       0      2C    3039       0       0
  *** Kaon: P_min > 1.5 GeV/c:           24   1.5169085794093953     
  *** Kaon: P_min > 1.5 GeV/c:           24   1.5545035602516348     
        200                  2647                  2647             2.2216282E-01         1.0000000E+30               208       
 NEXT SEEDS: BA6AB59       E       0       0       0       0      2C    3039       0       0
  Comptn_2: TXYZ:  0.99999999999762257       U,V,W  0.62156899124997267      -0.46690270522239175       0.62901021690440473     
        250                  2597                  2597             2.1307588E-01         1.0000000E+30               211       
 NEXT SEEDS:11DB7513       E       0       0       0       0      2C    3039       0       0
  Comptn_2: TXYZ:   1.0000000000016369       U,V,W  0.14823149169588845       0.83191532132426715       0.53473762072365005     
  Comptn_2: TXYZ:  0.99999999999868627       U,V,W  0.39875288218977545        1.5071816926770509E-002 -0.91693455561373582     
        300                  2547                  2547             2.2317737E-01         1.0000000E+30               225       
 NEXT SEEDS:1AF264CF       E       0       0       0       0      2C    3039       0       0
        350                  2497                  2497             2.1209873E-01         1.0000000E+30               243       
 NEXT SEEDS:2007C751       E       0       0       0       0      2C    3039       0       0
        400                  2447                  2447             2.0398925E-01         1.0000000E+30               247       
 NEXT SEEDS:252A9CC0       E       0       0       0       0      2C    3039       0       0
  Comptn_2: TXYZ:  0.99999999999868405       U,V,W  0.90088721817716433       0.34813851664574713      -0.25923308691483271     
        450                  2397                  2397             2.0389703E-01         1.0000000E+30               249       
 NEXT SEEDS:2C62EE5A       E       0       0       0       0      2C    3039       0       0
  Comptn_2: TXYZ:  0.99999999999720246       U,V,W -0.51905450898590466        2.8337036112731084E-002 -0.85427128541403619     
  Comptn_2: TXYZ:   1.0000000000045446       U,V,W   1.7707698736501243E-002 -0.96824494678823414      -0.24937554095991743     
        500                  2347                  2347             2.1090108E-01         1.0000000E+30               253       
 NEXT SEEDS:363BD8E6       E       0       0       0       0      2C    3039       0       0
  Comptn_2: TXYZ:   1.0000000000090361       U,V,W -0.92831326855704788      -0.37135418859128322        1.8180815319340127E-002
  Comptn_2: TXYZ:   1.0000000000011682       U,V,W -0.31127132606592056        2.7804060883414139E-002  0.94991425706151134     
  Comptn_2: TXYZ:  0.99999999999655664       U,V,W  0.88671045068715770      -0.12898404294500665      -0.44396812194604129     
        550                  2297                  2297             2.0112538E-01         1.0000000E+30               256       
 NEXT SEEDS:39DF4CA5       E       0       0       0       0      2C    3039       0       0
  Comptn_2: TXYZ:   1.0000000000010076       U,V,W -0.26221767191211853       0.90670756850959622      -0.33033812638781512     
        600                  2247                  2247             1.9494560E-01         1.0000000E+30               274       
 NEXT SEEDS: 2BA1853       F       0       0       0       0      2C    3039       0       0
  Comptn_2: TXYZ:   1.0000000000038238       U,V,W  0.25211274287606500       0.77351844943092374       0.58147087052861934     
        650                  2197                  2197             2.1253285E-01         1.0000000E+30               299       
 NEXT SEEDS:1173DFC8       F       0       0       0       0      2C    3039       0       0
  *** Kaon: P_min > 1.5 GeV/c:           15   30.016187984911433     
  *** Kaon: P_min > 1.5 GeV/c:           15   34.971884679230200     
  *** Kaon: P_min > 1.5 GeV/c:           15   7.8848419645770944     
  *** Kaon: P_min > 1.5 GeV/c:           15   7.8730929087167016     
  *** Kaon: P_min > 1.5 GeV/c:           15   7.3101985234535265     
  *** Kaon: P_min > 1.5 GeV/c:           15   6.6004732518783653     
  *** Kaon: P_min > 1.5 GeV/c:           15   6.1052202396121684     
  *** Kaon: P_min > 1.5 GeV/c:           15   6.5830521195674319     
        700                  2147                  2147             2.0645327E-01         1.0000000E+30               437       
 NEXT SEEDS:15EC2629       F       0       0       0       0      2C    3039       0       0
        750                  2097                  2097             2.0855888E-01         1.0000000E+30               447       
 NEXT SEEDS:1E70D6DA       F       0       0       0       0      2C    3039       0       0
  Comptn_2: TXYZ:  0.99999999999407696       U,V,W  0.10592873464929653      -0.64946322469143070       0.75297850098331764     
        800                  2047                  2047             2.0516522E-01         1.0000000E+30               448       
 NEXT SEEDS:23DD523E       F       0       0       0       0      2C    3039       0       0
  *** Kaon: P_min > 1.5 GeV/c:           24   1.9068723819888149     
  *** Kaon: P_min > 1.5 GeV/c:           24   1.8836667359005845     
  *** Hhflev: call to Hadriv !! ***  0.84704016479740851        3.5000000000000000        1.5845429303955176               13 T F T
  Comptn_2: TXYZ:  0.99999999999879519       U,V,W  -8.8807341076794444E-002 -0.40902651182758376       0.90819082179453048     
  Comptn_2: TXYZ:  0.99999999999882583       U,V,W  0.84081711597950104       0.36942730854960359      -0.39566405089739476     
  Comptn_2: TXYZ:  0.99999999999501821       U,V,W -0.85216441362368300       0.29885995909665297       0.42953292888574879     
        850                  1997                  1997             2.0619979E-01         1.0000000E+30               497       
 NEXT SEEDS:2B9048F3       F       0       0       0       0      2C    3039       0       0
  Comptn_2: TXYZ:   1.0000000000012457       U,V,W -0.49046167053438339      -0.80863911949714584       0.32488478597304038     
        900                  1947                  1947             2.1040823E-01         1.0000000E+30               587       
 NEXT SEEDS:3571146E       F       0       0       0       0      2C    3039       0       0
  Comptn_2: TXYZ:   1.0000000000014215       U,V,W -0.16857460072579755       0.67999809558502378      -0.71357213650219009     
  Comptn_2: TXYZ:  0.99999999999878952       U,V,W -0.68239592485244316       0.27339302275655797      -0.67793219192748211     
        950                  1897                  1897             2.1159174E-01         1.0000000E+30               601       
 NEXT SEEDS: 209D775      10       0       0       0       0      2C    3039       0       0
  Comptn_2: TXYZ:  0.99999999999887390       U,V,W -0.52260288432273683       0.81597351240278915      -0.24713043591084727     
  Comptn_2: TXYZ:   1.0000000000015250       U,V,W  -2.3097415121355880E-003  0.99895320450630087        4.5685449568377834E-002
       1000                  1847                  1847             2.1238481E-01         1.0000000E+30               602       
 NEXT SEEDS: A0D88F6      10       0       0       0       0      2C    3039       0       0
  Comptn_2: TXYZ:  0.99999999997115818       U,V,W  0.10864918651054722       0.54439210793327675      -0.83176474261759736     
  *** Kbar: P_min > 1.8 GeV/c:           16   5.6046955277230657     
  *** Kbar: P_min > 1.8 GeV/c:           16   6.3367687633201140     
  *** Kbar: P_min > 1.8 GeV/c:           16   5.3395608455096184     
  Comptn_2: TXYZ:   1.0000000000022007       U,V,W  0.33499425985093012       0.88269734057988813       0.32958193336759400     
  Eventv: ekin+am < pla,ij,igreyt   4.7127491539383408        4.7317527765519678               30          24
       1050                  1797                  1797             2.0810636E-01         1.0000000E+30               954       
 NEXT SEEDS: E654496      10       0       0       0       0      2C    3039       0       0
  Comptn_2: TXYZ:   1.0000000000026796       U,V,W -0.30609877709341360       -1.9983347005421592E-002  0.95179000021383775     
       1100                  1747                  1747             2.0684748E-01         1.0000000E+30               999       
 NEXT SEEDS:14CF6E48      10       0       0       0       0      2C    3039       0       0
  Comptn_2: TXYZ:  0.99999999999727818       U,V,W  -9.1740180558424811E-002  -5.1676416541113213E-003  0.99576956910126579     
       1150                  1697                  1697             2.1295822E-01         1.0000000E+30              1005       
 NEXT SEEDS:219D89C6      10       0       0       0       0      2C    3039       0       0
  Comptn_2: TXYZ:   1.0000000000023230       U,V,W -0.47444884648014352      -0.86233479547833269       0.17685302537227443     
       1200                  1647                  1647             2.1090746E-01         1.0000000E+30              1011       
 NEXT SEEDS:27646A70      10       0       0       0       0      2C    3039       0       0
  *** Kbar: P_min > 1.8 GeV/c:           25   4.7130348516070253     
  *** Kaon: P_min > 1.5 GeV/c:           15   31.436173956897687     
  *** Kaon: P_min > 1.5 GeV/c:           15   31.402139841417672     
  *** Kaon: P_min > 1.5 GeV/c:           15   35.924049476104706     
  *** Kaon: P_min > 1.5 GeV/c:           24   6.3809143312086434     
  *** Hhflev: call to Hadriv !! ***   1.1960644944700838        5.0000000000000000        2.1487920608863962                8 T F T
  Comptn_2: TXYZ:  0.99999999999735389       U,V,W -0.17474662716040257       0.92685680248053870       0.33226508090524476     
  Comptn_2: TXYZ:  0.99999999999773048       U,V,W -0.69435428415816602      -0.35811363916664618       0.62420088874636548     
  Comptn_2: TXYZ:  0.99999999999898648       U,V,W  0.44250006026671329      -0.27917691543583345      -0.85220534294891337     
       1250                  1597                  1597             2.2221546E-01         1.0000000E+30              3868       
 NEXT SEEDS:391AB16A      10       0       0       0       0      2C    3039       0       0
  Comptn_2: TXYZ:   1.0000000000015536       U,V,W -0.61711263710482100      -0.69733189525179995       0.36455482576921128     
       1300                  1547                  1547             2.2139902E-01         1.0000000E+30              3872       
 NEXT SEEDS: 4AAE2FB      11       0       0       0       0      2C    3039       0       0
  Comptn_2: TXYZ:  0.99999999999033984       U,V,W -0.25391018372789631       0.43011901032126332      -0.86632976143606122     
       1350                  1497                  1497             2.1657084E-01         1.0000000E+30              3879       
 NEXT SEEDS: 7E7F3E5      11       0       0       0       0      2C    3039       0       0
  Comptn_2: TXYZ:   1.0000000000210922       U,V,W  0.82555484065355245      -0.43911168850462445       0.35445751524434854     
       1400                  1447                  1447             2.1278591E-01         1.0000000E+30              3886       
 NEXT SEEDS: BE46646      11       0       0       0       0      2C    3039       0       0
  Comptn_2: TXYZ:   1.0000000000071445       U,V,W -0.89594212587196154      -0.28357567380905380      -0.34186626671684905     
       1450                  1397                  1397             2.1269287E-01         1.0000000E+30              3897       
 NEXT SEEDS:13782599      11       0       0       0       0      2C    3039       0       0
       1500                  1347                  1347             2.1240532E-01         1.0000000E+30              3901       
 NEXT SEEDS:1AC7766D      11       0       0       0       0      2C    3039       0       0
  Comptn_2: TXYZ:  0.99999999999834710       U,V,W -0.47829630160040892       0.13291339506250174      -0.86808218348649291     
       1550                  1297                  1297             2.1104823E-01         1.0000000E+30              3971       
 NEXT SEEDS:20F792EA      11       0       0       0       0      2C    3039       0       0
       1600                  1247                  1247             2.0948561E-01         1.0000000E+30              3974       
 NEXT SEEDS:26A5EFC4      11       0       0       0       0      2C    3039       0       0
       1650                  1197                  1197             2.0616522E-01         1.0000000E+30              3975       
 NEXT SEEDS:2A3FC056      11       0       0       0       0      2C    3039       0       0
  Comptn_2: TXYZ:  0.99999999999882494       U,V,W  -3.2433523197745728E-002 -0.98719242781701588       0.15620235924131265     
       1700                  1147                  1147             2.0539854E-01         1.0000000E+30              3982       
 NEXT SEEDS:30AFA502      11       0       0       0       0      2C    3039       0       0
  Ferevv: Umo2 < Urmin2 !!   4.8342589894632368        6.5555754430169113               30           8  0.73295178900926827       0.93956541299999996      F           0
       1750                  1097                  1097             2.0292779E-01         1.0000000E+30              4005       
 NEXT SEEDS:34FA6CA6      11       0       0       0       0      2C    3039       0       0
  Comptn_2: TXYZ:   1.0000000000040312       U,V,W  -2.2271837787343429E-002  0.98122907531043757       0.19155538888538004     
  Comptn_2: TXYZ:  0.99999999966460229       U,V,W -0.77686974158723388       0.57785762103185334       0.25010792487682920     
  Comptn_2: TXYZ:  0.99999999999895395       U,V,W  0.73721300693630099      -0.67552097836748715       -1.3725530529796970E-002
       1800                  1047                  1047             2.0538759E-01         1.0000000E+30              4008       
 NEXT SEEDS: 3E38A34      12       0       0       0       0      2C    3039       0       0
  Comptn_2: TXYZ:  0.99999999999815681       U,V,W  0.68800520007101795      -0.42470369044968947       0.58845188417729588     
       1850                   997                   997             2.0831357E-01         1.0000000E+30              4014       
 NEXT SEEDS: EF051C3      12       0       0       0       0      2C    3039       0       0
  Comptn_2: TXYZ:  0.99999999999208733       U,V,W -0.25143367986072462        6.4453189213111273E-002  0.96572609523821029     
  Comptn_2: TXYZ:   1.0000000000011844       U,V,W  0.60499848039071935      -0.45605574431678875      -0.65267909174552585     
  Comptn_2: TXYZ:  0.99999999999249645       U,V,W  0.19182282286162433       0.93803331109130994       0.28861308339187985     
       1900                   947                   947             2.1001420E-01         1.0000000E+30              4026       
 NEXT SEEDS:186B9CFC      12       0       0       0       0      2C    3039       0       0
       1950                   897                   897             2.0862500E-01         1.0000000E+30              4034       
 NEXT SEEDS:1DED02B6      12       0       0       0       0      2C    3039       0       0
       2000                   847                   847             2.0705994E-01         1.0000000E+30              4042       
 NEXT SEEDS:2334C33E      12       0       0       0       0      2C    3039       0       0
  Comptn_2: TXYZ:   1.0000000000055265       U,V,W -0.72871748723996355      -0.52649817333184501       0.43791608474047905     
       2050                   797                   797             2.0657146E-01         1.0000000E+30              4043       
 NEXT SEEDS:29E7ABBA      12       0       0       0       0      2C    3039       0       0
       2100                   747                   747             2.0829404E-01         1.0000000E+30              4629       
 NEXT SEEDS:33CBA133      12       0       0       0       0      2C    3039       0       0
       2150                   697                   697             2.0993039E-01         1.0000000E+30              4630       
 NEXT SEEDS: 226D2F2      13       0       0       0       0      2C    3039       0       0
       2200                   647                   647             2.0775068E-01         1.0000000E+30              4637       
 NEXT SEEDS: 6387BE7      13       0       0       0       0      2C    3039       0       0
       2250                   597                   597             2.0660680E-01         1.0000000E+30              4963       
 NEXT SEEDS: BD0C59D      13       0       0       0       0      2C    3039       0       0
  Comptn_2: TXYZ:   1.0000000000011806       U,V,W  0.90476390372926829       0.31803315396700782       0.28329700225656040     
  Comptn_2: TXYZ:  0.99999999999844735       U,V,W  0.43609669145574514      -0.78901597058196415      -0.43275105299282757     
  Comptn_2: TXYZ:  0.99999999999882627       U,V,W  0.40630799131741213      -0.16806677898461575       0.89814663279008755     
       2300                   547                   547             2.0733064E-01         1.0000000E+30              6403       
 NEXT SEEDS:1448B496      13       0       0       0       0      2C    3039       0       0
  Comptn_2: TXYZ:  0.99999999999856148       U,V,W -0.39372081372305701       0.89995586855464627      -0.18725211746163950     
       2350                   497                   497             2.0566541E-01         1.0000000E+30              6404       
 NEXT SEEDS:18F7DAD2      13       0       0       0       0      2C    3039       0       0
       2400                   447                   447             2.0392316E-01         1.0000000E+30              6407       
 NEXT SEEDS:1D4E7CA4      13       0       0       0       0      2C    3039       0       0
  Comptn_2: TXYZ:   1.0000000000360707       U,V,W  0.33569943095977806       0.93774903287132361        8.9065388553855485E-002
  Comptn_2: TXYZ:   1.0000000000039369       U,V,W  0.37905619829439274      -0.63237386179701893      -0.67558840831860323     
       2450                   397                   397             2.1181505E-01         1.0000000E+30              6425       
 NEXT SEEDS:32529609      13       0       0       0       0      2C    3039       0       0
  Comptn_2: TXYZ:   1.0000000000011933       U,V,W -0.43342426444144166       0.79374781446593801       0.42674092143258946     
  Comptn_2: TXYZ:   1.0000000000035343       U,V,W  0.40141032790553766      -0.91580084341685719       -1.3362778576180290E-002
       2500                   347                   347             2.1043234E-01         1.0000000E+30              6443       
 NEXT SEEDS:37784993      13       0       0       0       0      2C    3039       0       0
  Comptn_2: TXYZ:   1.0000000000041525       U,V,W -0.93178482985263500      -0.14098692273653768      -0.33451415288135422     
  Comptn_2: TXYZ:  0.99999999999850608       U,V,W -0.64088502462122676       0.47026311607589832       0.60672809962399299     
  Comptn_2: TXYZ:   1.0000000000028346       U,V,W -0.68200253754865514      -0.70058989244579095      -0.20987220250148653     
  Comptn_2: TXYZ:   1.0000000000023146       U,V,W -0.33986225707855766      -0.16123220801954119       0.92655157509602581     
  Comptn_2: TXYZ:  0.99999999999525047       U,V,W -0.73306742757296206       -2.2149098618058360E-002  0.67979523685976062     
       2550                   297                   297             2.1115044E-01         1.0000000E+30              6450       
 NEXT SEEDS: 4D4E3AC      14       0       0       0       0      2C    3039       0       0
  Comptn_2: TXYZ:  0.99999999999895817       U,V,W  0.64894210077124370       -3.8131048144212087E-002  0.75988168356197860     
  Comptn_2: TXYZ:   1.0000000000026348       U,V,W -0.77578061439558255      -0.50232491213522579       0.38188233918182846     
       2600                   247                   247             2.1103571E-01         1.0000000E+30              6455       
 NEXT SEEDS: C0FEE99      14       0       0       0       0      2C    3039       0       0
  Comptn_2: TXYZ:  0.99999999999624511       U,V,W -0.19331709776924466      -0.64980265693442618      -0.73510884006878996     
       2650                   197                   197             2.1217800E-01         1.0000000E+30              6468       
 NEXT SEEDS:15B83A76      14       0       0       0       0      2C    3039       0       0
       2700                   147                   147             2.1065320E-01         1.0000000E+30              6479       
 NEXT SEEDS:1A52B211      14       0       0       0       0      2C    3039       0       0
       2750                    97                    97             2.0942881E-01         1.0000000E+30              6482       
 NEXT SEEDS:1F65A534      14       0       0       0       0      2C    3039       0       0
  Comptn_2: TXYZ:   1.0000000000016245       U,V,W  0.61895905019987651      -0.76156814876877377       0.19210322474699382     
  Comptn_2: TXYZ:   1.0000000000021712       U,V,W -0.33692012258727289       0.88836069070244683       0.31192966228401531     
       2797                    50                    50             2.1145530E-01         1.0000000E+30              6531       
 NEXT SEEDS:2AB18D99      14       0       0       0       0      2C    3039       0       0
       2798                    49                    49             2.1137977E-01         1.0000000E+30              6531       
 NEXT SEEDS:2AB18D9D      14       0       0       0       0      2C    3039       0       0
       2799                    48                    48             2.1130429E-01         1.0000000E+30              6531       
 NEXT SEEDS:2AB18DA1      14       0       0       0       0      2C    3039       0       0
       2800                    47                    47             2.1122887E-01         1.0000000E+30              6531       
 NEXT SEEDS:2AB18DA5      14       0       0       0       0      2C    3039       0       0
       2801                    46                    46             2.1115348E-01         1.0000000E+30              6531       
 NEXT SEEDS:2AB18DA9      14       0       0       0       0      2C    3039       0       0
       2802                    45                    45             2.1107816E-01         1.0000000E+30              6531       
 NEXT SEEDS:2AB18DAD      14       0       0       0       0      2C    3039       0       0
       2803                    44                    44             2.1100290E-01         1.0000000E+30              6531       
 NEXT SEEDS:2AB18DB1      14       0       0       0       0      2C    3039       0       0
       2804                    43                    43             2.1092767E-01         1.0000000E+30              6531       
 NEXT SEEDS:2AB18DB5      14       0       0       0       0      2C    3039       0       0
       2805                    42                    42             2.1087543E-01         1.0000000E+30              6531       
 NEXT SEEDS:2ABDDBD2      14       0       0       0       0      2C    3039       0       0
       2806                    41                    41             2.1082719E-01         1.0000000E+30              6531       
 NEXT SEEDS:2ACBC5B4      14       0       0       0       0      2C    3039       0       0
       2807                    40                    40             2.1120044E-01         1.0000000E+30              6531       
 NEXT SEEDS:2BAEBBA4      14       0       0       0       0      2C    3039       0       0
       2808                    39                    39             2.1122893E-01         1.0000000E+30              6531       
 NEXT SEEDS:2BE4C68F      14       0       0       0       0      2C    3039       0       0
       2809                    38                    38             2.1115378E-01         1.0000000E+30              6531       
 NEXT SEEDS:2BE4C693      14       0       0       0       0      2C    3039       0       0
       2810                    37                    37             2.1107867E-01         1.0000000E+30              6531       
 NEXT SEEDS:2BE4C697      14       0       0       0       0      2C    3039       0       0
       2811                    36                    36             2.1100363E-01         1.0000000E+30              6531       
 NEXT SEEDS:2BE4C69B      14       0       0       0       0      2C    3039       0       0
       2812                    35                    35             2.1092863E-01         1.0000000E+30              6531       
 NEXT SEEDS:2BE4C69F      14       0       0       0       0      2C    3039       0       0
       2813                    34                    34             2.1085367E-01         1.0000000E+30              6531       
 NEXT SEEDS:2BE4C6A3      14       0       0       0       0      2C    3039       0       0
       2814                    33                    33             2.1089797E-01         1.0000000E+30              6531       
 NEXT SEEDS:2C21BEB7      14       0       0       0       0      2C    3039       0       0
       2815                    32                    32             2.1082310E-01         1.0000000E+30              6531       
 NEXT SEEDS:2C21BEBB      14       0       0       0       0      2C    3039       0       0
       2816                    31                    31             2.1074827E-01         1.0000000E+30              6531       
 NEXT SEEDS:2C21BEBF      14       0       0       0       0      2C    3039       0       0
       2817                    30                    30             2.1067350E-01         1.0000000E+30              6531       
 NEXT SEEDS:2C21BEC3      14       0       0       0       0      2C    3039       0       0
       2818                    29                    29             2.1059879E-01         1.0000000E+30              6531       
 NEXT SEEDS:2C21BEC7      14       0       0       0       0      2C    3039       0       0
  Comptn_2: TXYZ:  0.99999999999875133       U,V,W -0.71214684985930621       0.57614524585118687       0.40112780995250574     
       2819                    28                    28             2.1057962E-01         1.0000000E+30              6531       
 NEXT SEEDS:2C3E699A      14       0       0       0       0      2C    3039       0       0
       2820                    27                    27             2.1050498E-01         1.0000000E+30              6531       
 NEXT SEEDS:2C3E699E      14       0       0       0       0      2C    3039       0       0
       2821                    26                    26             2.1043041E-01         1.0000000E+30              6531       
 NEXT SEEDS:2C3E69A2      14       0       0       0       0      2C    3039       0       0
       2822                    25                    25             2.1057344E-01         1.0000000E+30              6531       
 NEXT SEEDS:2CAD3EE2      14       0       0       0       0      2C    3039       0       0
       2823                    24                    24             2.1066996E-01         1.0000000E+30              6534       
 NEXT SEEDS:2D052A1B      14       0       0       0       0      2C    3039       0       0
       2824                    23                    23             2.1069060E-01         1.0000000E+30              6534       
 NEXT SEEDS:2D398169      14       0       0       0       0      2C    3039       0       0
       2825                    22                    22             2.1063445E-01         1.0000000E+30              6534       
 NEXT SEEDS:2D436344      14       0       0       0       0      2C    3039       0       0
       2826                    21                    21             2.1057286E-01         1.0000000E+30              6534       
 NEXT SEEDS:2D4A74FF      14       0       0       0       0      2C    3039       0       0
       2827                    20                    20             2.1064782E-01         1.0000000E+30              6534       
 NEXT SEEDS:2D9576EB      14       0       0       0       0      2C    3039       0       0
       2828                    19                    19             2.1057337E-01         1.0000000E+30              6534       
 NEXT SEEDS:2D9576EF      14       0       0       0       0      2C    3039       0       0
       2829                    18                    18             2.1049898E-01         1.0000000E+30              6534       
 NEXT SEEDS:2D9576F3      14       0       0       0       0      2C    3039       0       0
       2830                    17                    17             2.1042464E-01         1.0000000E+30              6534       
 NEXT SEEDS:2D9576F7      14       0       0       0       0      2C    3039       0       0
       2831                    16                    16             2.1044798E-01         1.0000000E+30              6534       
 NEXT SEEDS:2DC8F99C      14       0       0       0       0      2C    3039       0       0
       2832                    15                    15             2.1037373E-01         1.0000000E+30              6534       
 NEXT SEEDS:2DC8F9A0      14       0       0       0       0      2C    3039       0       0
       2833                    14                    14             2.1042116E-01         1.0000000E+30              6534       
 NEXT SEEDS:2E08F49A      14       0       0       0       0      2C    3039       0       0
       2834                    13                    13             2.1048479E-01         1.0000000E+30              6534       
 NEXT SEEDS:2E561F4F      14       0       0       0       0      2C    3039       0       0
       2835                    12                    12             2.1045272E-01         1.0000000E+30              6534       
 NEXT SEEDS:2E6C16E3      14       0       0       0       0      2C    3039       0       0
       2836                    11                    11             2.1042937E-01         1.0000000E+30              6534       
 NEXT SEEDS:2E866E45      14       0       0       0       0      2C    3039       0       0
       2837                    10                    10             2.1035524E-01         1.0000000E+30              6534       
 NEXT SEEDS:2E866E49      14       0       0       0       0      2C    3039       0       0
       2838                     9                     9             2.1032193E-01         1.0000000E+30              6534       
 NEXT SEEDS:2E9CF3A2      14       0       0       0       0      2C    3039       0       0
       2839                     8                     8             2.1032088E-01         1.0000000E+30              6535       
 NEXT SEEDS:2EC3362B      14       0       0       0       0      2C    3039       0       0
       2840                     7                     7             2.1041164E-01         1.0000000E+30              6535       
 NEXT SEEDS:2F101989      14       0       0       0       0      2C    3039       0       0
       2841                     6                     6             2.1044547E-01         1.0000000E+30              6535       
 NEXT SEEDS:2F4898CC      14       0       0       0       0      2C    3039       0       0
       2842                     5                     5             2.1039322E-01         1.0000000E+30              6536       
 NEXT SEEDS:2F54A5CA      14       0       0       0       0      2C    3039       0       0
       2843                     4                     4             2.1031926E-01         1.0000000E+30              6536       
 NEXT SEEDS:2F54A5CE      14       0       0       0       0      2C    3039       0       0
       2844                     3                     3             2.1024535E-01         1.0000000E+30              6536       
 NEXT SEEDS:2F54A5D2      14       0       0       0       0      2C    3039       0       0
       2845                     2                     2             2.1017147E-01         1.0000000E+30              6536       
 NEXT SEEDS:2F54A5D6      14       0       0       0       0      2C    3039       0       0
       2846                     1                     1             2.1020841E-01         1.0000000E+30              6536       
 NEXT SEEDS:2F8DF449      14       0       0       0       0      2C    3039       0       0
  Comptn_2: TXYZ:   1.0000000000028586       U,V,W   6.1637485490358301E-002 -0.97666633894598220      -0.20572720470354966     
       2847                     0                     1             2.1018275E-01         1.0000000E+30              6537       
 NEXT SEEDS:2FA713F2      14       0       0       0       0      2C    3039       0       0
