1NUMBER OF BEAM       NUMBER OF BEAM        APPROXIMATE NUMBER    AVERAGE TIME USED     TIME LEFT (RESERVED   NUMBER OF STARS
 PARTICLES HANDLED    PARTICLES LEFT        OF BEAM PARTICLES     BY A BEAM PARTICLE     10000.0 SECONDS      CREATED
                                            THAT CAN STILL BE                           FOR PRINTOUT)
                                            HANDLED

 NEXT SEEDS:2FA713F2      14       0       0       0       0      2C    3039       0       0
          1                  2846                  2846             8.0823898E-05         1.0000000E+30                 0       
 NEXT SEEDS:2FA713F6      14       0       0       0       0      2C    3039       0       0
  *** Kbar: P_min > 1.8 GeV/c:           25   41.445717430454152     
  *** Kbar: P_min > 1.8 GeV/c:           25   57.518018705318511     
  *** Kbar: P_min > 1.8 GeV/c:           16   5.7422859215238162     
  *** Kbar: P_min > 1.8 GeV/c:           16   5.6558415658404337     
  *** Kbar: P_min > 1.8 GeV/c:           16   4.8621689325727129     
  *** Kbar: P_min > 1.8 GeV/c:           25   34.708551945925841     
  *** Kbar: P_min > 1.8 GeV/c:           25   33.887999349764755     
  *** Kbar: P_min > 1.8 GeV/c:           25   33.936992336660389     
  *** Kbar: P_min > 1.8 GeV/c:           16   6.4980739302879185     
  *** Kbar: P_min > 1.8 GeV/c:           16   6.4783948397142499     
  *** Kbar: P_min > 1.8 GeV/c:           16   6.9428646476432148     
  *** Kbar: P_min > 1.8 GeV/c:           16   5.6951071563409856     
  Comptn_2: TXYZ:   1.0000000000022145       U,V,W -0.26746427544229334       0.65431773187139919       0.70734091294298196     
         50                  2797                  2797             2.6728084E-01         1.0000000E+30               150       
 NEXT SEEDS:391D1F2B      14       0       0       0       0      2C    3039       0       0
  Comptn_2: TXYZ:  0.99999999999675482       U,V,W  -8.2517020934048446E-002  0.68536558398974279      -0.72350878193379486     
  Comptn_2: TXYZ:  0.99999999999839972       U,V,W  0.35521888225938625       -2.2969029720592005E-002  0.93450091993453199     
  *** Kaon: P_min > 1.5 GeV/c:           15   6.6162498472442799     
  *** Kaon: P_min > 1.5 GeV/c:           15   9.3051122635859418     
  *** Kbar: P_min > 1.8 GeV/c:           25   6.4436485459948774     
  *** Kbar: P_min > 1.8 GeV/c:           25   5.7784031029056164     
  *** Kbar: P_min > 1.8 GeV/c:           25   6.3175678182945409     
  *** Kbar: P_min > 1.8 GeV/c:           25   5.8189176749866673     
  *** Kbar: P_min > 1.8 GeV/c:           25   6.3675799893235379     
  *** Kbar: P_min > 1.8 GeV/c:           25   4.8218993827907424     
        100                  2747                  2747             2.9302435E-01         1.0000000E+30               362       
 NEXT SEEDS: 8CB3BE0      15       0       0       0       0      2C    3039       0       0
  Comptn_2: TXYZ:  0.99999999999862532       U,V,W -0.51850154365142487       0.79412177930467465      -0.31705953520386743     
  Comptn_2: TXYZ:  0.99999999999827760       U,V,W  0.11000954577261979      -0.53941719951880884      -0.83482152865176218     
        150                  2697                  2697             2.7403701E-01         1.0000000E+30               428       
 NEXT SEEDS:111BA960      15       0       0       0       0      2C    3039       0       0
  Comptn_2: TXYZ:   1.0000000000013014       U,V,W  0.92828381996745790       -7.8496427959066750E-002 -0.36349341174991423     
  Comptn_2: TXYZ:  0.99999999999424316       U,V,W -0.67390476642690800      -0.48441802008284185      -0.55784545135759345     
        200                  2647                  2647             2.5635406E-01         1.0000000E+30               431       
 NEXT SEEDS:184C5265      15       0       0       0       0      2C    3039       0       0
  Comptn_2: TXYZ:   1.0000000000016276       U,V,W -0.18997168247609153       0.55561909693520306       0.80944312893478809     
  Comptn_2: TXYZ:   1.0000000000018048       U,V,W -0.64992529332153026      -0.11338226071713109       0.75149289820822673     
        250                  2597                  2597             2.5515338E-01         1.0000000E+30               434       
 NEXT SEEDS:20E1193E      15       0       0       0       0      2C    3039       0       0
        300                  2547                  2547             2.3983347E-01         1.0000000E+30               716       
 NEXT SEEDS:268CEB8A      15       0       0       0       0      2C    3039       0       0
        350                  2497                  2497             2.2186327E-01         1.0000000E+30               720       
 NEXT SEEDS:2A883737      15       0       0       0       0      2C    3039       0       0
        400                  2447                  2447             2.1224229E-01         1.0000000E+30               731       
 NEXT SEEDS:2F8E3345      15       0       0       0       0      2C    3039       0       0
  Comptn_2: TXYZ:  0.99999999999851696       U,V,W  0.85693089405484812      -0.19199934467538071       0.47833638211733387     
  Comptn_2: TXYZ:  0.99999999999752920       U,V,W  0.18313599990037943       0.50872451813658870      -0.84122563571536091     
  Comptn_2: TXYZ:  0.99999999999843980       U,V,W -0.76125030224787948       -2.5973933331542298E-002  0.64793775327051328     
  Comptn_2: TXYZ:   1.0000000000025659       U,V,W  0.19049269059594565       0.61647812684091619      -0.76398118691417949     
  Comptn_2: TXYZ:   1.0000000000169900       U,V,W -0.19605147038896575      -0.86236711339749306      -0.46678344305018982     
        450                  2397                  2397             2.3148564E-01         1.0000000E+30               774       
 NEXT SEEDS: 1418DB9      16       0       0       0       0      2C    3039       0       0
  Comptn_2: TXYZ:   1.0000000000025073       U,V,W  0.36199183835797299       0.85599676287344906       0.36909544959928553     
  Comptn_2: TXYZ:  0.99999999999503075       U,V,W -0.12924014614996793       0.89230542845292860      -0.43253671170387520     
        500                  2347                  2347             2.3954426E-01         1.0000000E+30               784       
 NEXT SEEDS: BF7747B      16       0       0       0       0      2C    3039       0       0
  Comptn_2: TXYZ:  0.99999999999870492       U,V,W -0.81485455718537736      -0.49321878699023358      -0.30454437902021780     
  Comptn_2: TXYZ:  0.99999999999829625       U,V,W  -7.3569369335114487E-002 -0.48920242767988498      -0.86906186928551676     
  Comptn_2: TXYZ:   1.0000000000088132       U,V,W -0.43136443118679324       0.73838251230791485      -0.51837823356460433     
  *** Hhflev: call to Hadriv !! ***  0.81186974822545632        3.5000000000000000        1.5638710987772613               14 T F T
        550                  2297                  2297             2.4343421E-01         1.0000000E+30              1132       
 NEXT SEEDS:15F3F7A4      16       0       0       0       0      2C    3039       0       0
  Comptn_2: TXYZ:   1.0000000000087721       U,V,W  0.27477348117099609       0.95775673232706282        8.4862098348622794E-002
  Comptn_2: TXYZ:   1.0000000000010698       U,V,W -0.48234703930381784       0.33876297603850958       0.80782484471662741     
  Comptn_2: TXYZ:  0.99999999999835421       U,V,W -0.20751354204882944      -0.73173054445722840       0.64923689064395518     
  Comptn_2: TXYZ:   1.0000000000011231       U,V,W  0.46239703726662640       0.31496764664037613      -0.82884519754776420     
  Comptn_2: TXYZ:   1.0000000000034615       U,V,W -0.44951703466568915      -0.88779007828162548       -9.8808969499394550E-002
        600                  2247                  2247             2.5635970E-01         1.0000000E+30              1138       
 NEXT SEEDS:23A97450      16       0       0       0       0      2C    3039       0       0
        650                  2197                  2197             2.5033397E-01         1.0000000E+30              1139       
 NEXT SEEDS:29DF3D1E      16       0       0       0       0      2C    3039       0       0
  Comptn_2: TXYZ:  0.99999999999610689       U,V,W -0.62955312055721890      -0.68501353549228838      -0.36663241071286912     
  Comptn_2: TXYZ:   1.0000000000017395       U,V,W -0.41351842865431365      -0.90713222095938661        7.8189787455251292E-002
        700                  2147                  2147             2.5599028E-01         1.0000000E+30              1141       
 NEXT SEEDS:353B52B1      16       0       0       0       0      2C    3039       0       0
  Comptn_2: TXYZ:  0.99999999999893796       U,V,W  0.11267842952531026      -0.71776965837051421       0.68710282275749890     
  Comptn_2: TXYZ:   1.0000000000013614       U,V,W  0.22764036655361508      -0.83598861910855504      -0.49930240559972106     
  *** Hhflev: call to Hadriv !! ***  0.85810301169581604        3.5000000000000000        1.5909945002612575               14 T F T
  Comptn_2: TXYZ:  0.99999999999743716       U,V,W -0.51653334223460945      -0.85207755500653803       -8.4599920871482936E-002
  Comptn_2: TXYZ:   1.0000000000011759       U,V,W -0.51652718798317210       0.81339979577597177      -0.26754520423094874     
        750                  2097                  2097             2.5815254E-01         1.0000000E+30              2292       
 NEXT SEEDS: 3AC59BA      17       0       0       0       0      2C    3039       0       0
  Comptn_2: TXYZ:  0.99999999999665090       U,V,W -0.96481553564208866       0.23566688135704794       0.11658517578047167     
        800                  2047                  2047             2.5158807E-01         1.0000000E+30              2312       
 NEXT SEEDS: 8FD731F      17       0       0       0       0      2C    3039       0       0
  Comptn_2: TXYZ:  0.99999999999885980       U,V,W  0.26463101697533320       0.25908259721585125      -0.92889538306170394     
        850                  1997                  1997             2.4714913E-01         1.0000000E+30              2316       
 NEXT SEEDS: F1282D4      17       0       0       0       0      2C    3039       0       0
  Comptn_2: TXYZ:   1.0000000000022760       U,V,W -0.49260583292104343       0.84587066835738511      -0.20455391902154219     
        900                  1947                  1947             2.3897748E-01         1.0000000E+30              2320       
 NEXT SEEDS:1292D53F      17       0       0       0       0      2C    3039       0       0
  Comptn_2: TXYZ:  0.99999999999879330       U,V,W  0.46737637709613011       0.84586742650027968      -0.25703622102163592     
        950                  1897                  1897             2.3584605E-01         1.0000000E+30              2323       
 NEXT SEEDS:18DA15D0      17       0       0       0       0      2C    3039       0       0
       1000                  1847                  1847             2.3567278E-01         1.0000000E+30              2324       
 NEXT SEEDS:20B7D29E      17       0       0       0       0      2C    3039       0       0
  Comptn_2: TXYZ:   1.0000000000014413       U,V,W -0.86519782358682917        6.1418940233036068E-002  0.49765494053882975     
  Comptn_2: TXYZ:  0.99999999999872513       U,V,W  0.87427923082907189       -3.9943325293926080E-002  0.48377717732869030     
  Comptn_2: TXYZ:   1.0000000000032745       U,V,W -0.11137347435525768      -0.46912242488579636       0.87608224481642338     
       1050                  1797                  1797             2.3006290E-01         1.0000000E+30              2336       
 NEXT SEEDS:24CA206A      17       0       0       0       0      2C    3039       0       0
  Comptn_2: TXYZ:  0.99999999999874034       U,V,W -0.17178063847908476       0.93795015570242768       0.30123233169805985     
       1100                  1747                  1747             2.2473226E-01         1.0000000E+30              2349       
 NEXT SEEDS:28B3CC44      17       0       0       0       0      2C    3039       0       0
  Comptn_2: TXYZ:  0.99999999999555644       U,V,W -0.36350088890279864      -0.82619060008691037       0.43043721503892129     
  Comptn_2: TXYZ:   1.0000000000020006       U,V,W -0.23788660868095235      -0.10555843759289729       0.96553994099945051     
       1150                  1697                  1697             2.2293865E-01         1.0000000E+30              2423       
 NEXT SEEDS:2F2153DD      17       0       0       0       0      2C    3039       0       0
       1200                  1647                  1647             2.2184636E-01         1.0000000E+30              2428       
 NEXT SEEDS:36156F44      17       0       0       0       0      2C    3039       0       0
  Comptn_2: TXYZ:  0.99999999979705056       U,V,W  0.64644291491401873       0.61630629715114083      -0.44975338314054625     
  Comptn_2: TXYZ:   1.0000000000012608       U,V,W -0.14119382996798890      -0.96886786173300621      -0.20337002945651506     
       1250                  1597                  1597             2.2365688E-01         1.0000000E+30              2431       
 NEXT SEEDS: 37F7600      18       0       0       0       0      2C    3039       0       0
  Comptn_2: TXYZ:  0.99999999999840528       U,V,W  0.57260976904929350      -0.41304963193516642       0.70817233350784292     
       1300                  1547                  1547             2.2000884E-01         1.0000000E+30              2457       
 NEXT SEEDS: 800684A      18       0       0       0       0      2C    3039       0       0
  Comptn_2: TXYZ:   1.0000000000015827       U,V,W -0.99313059566329809       0.11537754541322442        1.9484403338687173E-002
  Comptn_2: TXYZ:   1.0000000000012506       U,V,W  0.52193412315075349       0.84707637964273630      -0.10023162247244954     
       1350                  1497                  1497             2.2070481E-01         1.0000000E+30              2459       
 NEXT SEEDS:1054DA15      18       0       0       0       0      2C    3039       0       0
       1400                  1447                  1447             2.1752816E-01         1.0000000E+30              2466       
 NEXT SEEDS:15098954      18       0       0       0       0      2C    3039       0       0
  Comptn_2: TXYZ:   1.0000000000065279       U,V,W  0.18968019751508791       0.88465308587738889      -0.42592292768149775     
       1450                  1397                  1397             2.1433210E-01         1.0000000E+30              2498       
 NEXT SEEDS:19587E6B      18       0       0       0       0      2C    3039       0       0
  Comptn_2: TXYZ:   1.0000000000015494       U,V,W  0.16720726636880912       0.40568119236554878      -0.89859028496633897     
       1500                  1347                  1347             2.1304176E-01         1.0000000E+30              2507       
 NEXT SEEDS:1F7A9C90      18       0       0       0       0      2C    3039       0       0
  Comptn_2: TXYZ:  0.99999999999626421       U,V,W   5.1063207062782112E-002  0.97232057103258640       0.22800275442983775     
  *** Hhflev: call to Hadriv !! ***  0.70780810696233654        5.0000000000000000        1.6563405987584203               16 T F T
       1550                  1297                  1297             2.1533466E-01         1.0000000E+30              3176       
 NEXT SEEDS:2989AE9F      18       0       0       0       0      2C    3039       0       0
  Comptn_2: TXYZ:  0.99999999999861777       U,V,W -0.81213137125631141       -3.3375292702046977E-002 -0.58251929208998199     
  Comptn_2: TXYZ:  0.99999999999761169       U,V,W  0.29897740126892813      -0.36020562968226955       0.88366533137454795     
  Comptn_2: TXYZ:   1.0000000000010294       U,V,W  0.58530857031971451       0.20771005082334426       0.78375405089752803     
  Comptn_2: TXYZ:   1.0000000000010250       U,V,W  0.41149650184681263       -8.7065072250130271E-002  0.90724324310679805     
  Comptn_2: TXYZ:   1.0000000000016405       U,V,W  0.57404163532642372        6.7664515365692068E-002 -0.81602555981643832     
  Comptn_2: TXYZ:   1.0000000000010305       U,V,W -0.34203447471219661       0.91925434700207198       0.19489449357838851     
       1600                  1247                  1247             2.1894676E-01         1.0000000E+30              3205       
 NEXT SEEDS:353B0FAE      18       0       0       0       0      2C    3039       0       0
  Comptn_2: TXYZ:   1.0000000000012483       U,V,W  0.77739075952336023      -0.38964838998717255       0.49379929038967418     
  Comptn_2: TXYZ:  0.99999999999867861       U,V,W   5.1778764690975976E-002  0.84304988941703485      -0.53533713067531608     
       1650                  1197                  1197             2.1574494E-01         1.0000000E+30              3293       
 NEXT SEEDS:3937BF59      18       0       0       0       0      2C    3039       0       0
  Comptn_2: TXYZ:   1.0000000000017231       U,V,W  0.54102606459680525        7.3147106694875674E-002 -0.83781877408589089     
       1700                  1147                  1147             2.1899428E-01         1.0000000E+30              3341       
 NEXT SEEDS: 9161858      19       0       0       0       0      2C    3039       0       0
  Comptn_2: TXYZ:  0.99999999999645683       U,V,W -0.72492014661820026        5.5569094913224149E-002  0.68658783612443131     
       1750                  1097                  1097             2.1568948E-01         1.0000000E+30              3347       
 NEXT SEEDS: CBA3513      19       0       0       0       0      2C    3039       0       0
  Comptn_2: TXYZ:   1.0000000000011591       U,V,W -0.21198647253195446       0.77952082195654882      -0.58941413590174818     
       1800                  1047                  1047             2.1309868E-01         1.0000000E+30              3348       
 NEXT SEEDS:110CCF99      19       0       0       0       0      2C    3039       0       0
       1850                   997                   997             2.1129330E-01         1.0000000E+30              3354       
 NEXT SEEDS:1631C7DB      19       0       0       0       0      2C    3039       0       0
  Comptn_2: TXYZ:  0.99999999999456313       U,V,W   4.6351024429753807E-003  0.29491493814906278      -0.95551226840707848     
  Comptn_2: TXYZ:   1.0000000000018960       U,V,W -0.91017282419965007       0.33859306580382764       0.23862138604889083     
       1900                   947                   947             2.1012465E-01         1.0000000E+30              3356       
 NEXT SEEDS:1C304BA6      19       0       0       0       0      2C    3039       0       0
  Comptn_2: TXYZ:   1.0000000000021836       U,V,W -0.33097745451907201      -0.47221708553369979      -0.81698528060933739     
       1950                   897                   897             2.0932315E-01         1.0000000E+30              3374       
 NEXT SEEDS:227D1CAC      19       0       0       0       0      2C    3039       0       0
  Comptn_2: TXYZ:  0.99999999999759170       U,V,W  0.21769523356789477      -0.51743032318390902       0.82757153523378690     
       2000                   847                   847             2.0857423E-01         1.0000000E+30              3376       
 NEXT SEEDS:28D7D589      19       0       0       0       0      2C    3039       0       0
  Comptn_2: TXYZ:  0.99999999999604738       U,V,W  0.52573194225414710        2.7552788278143225E-002  0.85020395714665398     
       2050                   797                   797             2.0657814E-01         1.0000000E+30              3380       
 NEXT SEEDS:2D555E61      19       0       0       0       0      2C    3039       0       0
  Comptn_2: TXYZ:   1.0000000000010023       U,V,W -0.27732888803778621      -0.70552569970560042      -0.65216729059011413     
       2100                   747                   747             2.0573083E-01         1.0000000E+30              3380       
 NEXT SEEDS:335D393E      19       0       0       0       0      2C    3039       0       0
  Comptn_2: TXYZ:  0.99999999999891298       U,V,W -0.90161503452582537      -0.30297301965677192      -0.30870322135663741     
       2150                   697                   697             2.0469476E-01         1.0000000E+30              3385       
 NEXT SEEDS:3914DC32      19       0       0       0       0      2C    3039       0       0
  Comptn_2: TXYZ:   1.0000000000038434       U,V,W  0.52472116173348837      -0.84781688845271219        7.6643499967467221E-002
       2200                   647                   647             2.0251623E-01         1.0000000E+30              3399       
 NEXT SEEDS: 15BDBFC      1A       0       0       0       0      2C    3039       0       0
       2250                   597                   597             2.0127899E-01         1.0000000E+30              3416       
 NEXT SEEDS: 69F7453      1A       0       0       0       0      2C    3039       0       0
  Comptn_2: TXYZ:  0.99999999999802491       U,V,W  0.98260004718708949      -0.16234441471098648       -9.0229918974260581E-002
       2300                   547                   547             1.9986211E-01         1.0000000E+30              3487       
 NEXT SEEDS: B830353      1A       0       0       0       0      2C    3039       0       0
  Comptn_2: TXYZ:   1.0000000000166220       U,V,W   5.6395895214620850E-002 -0.99157232109366389      -0.11663547942409025     
  Comptn_2: TXYZ:  0.99999999999887612       U,V,W -0.11689876365678487       0.16096505189994303      -0.98001271987726768     
  Comptn_2: TXYZ:   1.0000000000264240       U,V,W -0.81123466345562179      -0.44762739694893128      -0.37620211899348988     
  Comptn_2: TXYZ:  0.99999999999883371       U,V,W -0.19462167840874045        1.6352642780105953E-002 -0.98074206260683283     
       2350                   497                   497             1.9830195E-01         1.0000000E+30              3491       
 NEXT SEEDS:100DD25B      1A       0       0       0       0      2C    3039       0       0
       2400                   447                   447             1.9838100E-01         1.0000000E+30              3494       
 NEXT SEEDS:17151D04      1A       0       0       0       0      2C    3039       0       0
  Comptn_2: TXYZ:  0.99999999997856004       U,V,W   4.7530975700567524E-002  0.75557222366933274       0.65333867262461354     
       2450                   397                   397             2.0029209E-01         1.0000000E+30              3502       
 NEXT SEEDS:218678D1      1A       0       0       0       0      2C    3039       0       0
  Comptn_2: TXYZ:   1.0000000000011124       U,V,W  -4.6654907597805106E-002 -0.88209834035964341      -0.46874922670113861     
  Comptn_2: TXYZ:   1.0000000000012537       U,V,W  -6.8360722443614019E-002 -0.61741044598667827       0.78366520454513733     
       2500                   347                   347             1.9926579E-01         1.0000000E+30              3509       
 NEXT SEEDS:26D59946      1A       0       0       0       0      2C    3039       0       0
  Comptn_2: TXYZ:  0.99999999999731948       U,V,W  -4.7253049969015137E-002  0.43436418040015212       0.89949703059612673     
       2550                   297                   297             1.9958551E-01         1.0000000E+30              3515       
 NEXT SEEDS:2E7EE3C0      1A       0       0       0       0      2C    3039       0       0
  Comptn_2: TXYZ:  0.99999999999468536       U,V,W   2.9350926244006814E-002  0.86806689175526230       0.49557884797644647     
       2600                   247                   247             1.9978925E-01         1.0000000E+30              3520       
 NEXT SEEDS:35E2D147      1A       0       0       0       0      2C    3039       0       0
  Comptn_2: TXYZ:  0.99999999999649214       U,V,W  0.23516475234367817       0.84596333068957819       0.47858497926723942     
       2650                   197                   197             1.9928645E-01         1.0000000E+30              3527       
 NEXT SEEDS:  865DAC      1B       0       0       0       0      2C    3039       0       0
       2700                   147                   147             1.9765147E-01         1.0000000E+30              3534       
 NEXT SEEDS: 47C4A87      1B       0       0       0       0      2C    3039       0       0
       2750                    97                    97             1.9659760E-01         1.0000000E+30              4218       
 NEXT SEEDS: 9831BE3      1B       0       0       0       0      2C    3039       0       0
  Comptn_2: TXYZ:  0.99999999999668998       U,V,W -0.74577151953057808      -0.65919359930326493       -9.6377587079928162E-002
  Comptn_2: TXYZ:   1.0000000000019733       U,V,W  -7.3939619952047231E-002 -0.18915262754960338       0.97915995429470115     
       2797                    50                    50             1.9640887E-01         1.0000000E+30              4228       
 NEXT SEEDS: FE7BA7C      1B       0       0       0       0      2C    3039       0       0
       2798                    49                    49             1.9653142E-01         1.0000000E+30              4228       
 NEXT SEEDS:104AFD0B      1B       0       0       0       0      2C    3039       0       0
       2799                    48                    48             1.9646127E-01         1.0000000E+30              4228       
 NEXT SEEDS:104AFD0F      1B       0       0       0       0      2C    3039       0       0
       2800                    47                    47             1.9639115E-01         1.0000000E+30              4228       
 NEXT SEEDS:104AFD13      1B       0       0       0       0      2C    3039       0       0
       2801                    46                    46             1.9637172E-01         1.0000000E+30              4228       
 NEXT SEEDS:1065256A      1B       0       0       0       0      2C    3039       0       0
       2802                    45                    45             1.9633261E-01         1.0000000E+30              4228       
 NEXT SEEDS:1074FBA7      1B       0       0       0       0      2C    3039       0       0
       2803                    44                    44             1.9633316E-01         1.0000000E+30              4228       
 NEXT SEEDS:109B0D5D      1B       0       0       0       0      2C    3039       0       0
       2804                    43                    43             1.9626319E-01         1.0000000E+30              4228       
 NEXT SEEDS:109B0D61      1B       0       0       0       0      2C    3039       0       0
       2805                    42                    42             1.9620110E-01         1.0000000E+30              4228       
 NEXT SEEDS:109F58AF      1B       0       0       0       0      2C    3039       0       0
       2806                    41                    41             1.9613122E-01         1.0000000E+30              4228       
 NEXT SEEDS:109F58B3      1B       0       0       0       0      2C    3039       0       0
       2807                    40                    40             1.9610842E-01         1.0000000E+30              4228       
 NEXT SEEDS:10B8C242      1B       0       0       0       0      2C    3039       0       0
       2808                    39                    39             1.9603865E-01         1.0000000E+30              4228       
 NEXT SEEDS:10B8C246      1B       0       0       0       0      2C    3039       0       0
       2809                    38                    38             1.9596890E-01         1.0000000E+30              4228       
 NEXT SEEDS:10B8C24A      1B       0       0       0       0      2C    3039       0       0
       2810                    37                    37             1.9608368E-01         1.0000000E+30              4228       
 NEXT SEEDS:111318B0      1B       0       0       0       0      2C    3039       0       0
       2811                    36                    36             1.9611678E-01         1.0000000E+30              4228       
 NEXT SEEDS:1148C586      1B       0       0       0       0      2C    3039       0       0
       2812                    35                    35             1.9604708E-01         1.0000000E+30              4228       
 NEXT SEEDS:1148C58A      1B       0       0       0       0      2C    3039       0       0
       2813                    34                    34             1.9601382E-01         1.0000000E+30              4228       
 NEXT SEEDS:115C9044      1B       0       0       0       0      2C    3039       0       0
       2814                    33                    33             1.9594420E-01         1.0000000E+30              4228       
 NEXT SEEDS:115C9048      1B       0       0       0       0      2C    3039       0       0
       2815                    32                    32             1.9597316E-01         1.0000000E+30              4235       
 NEXT SEEDS:1192CE41      1B       0       0       0       0      2C    3039       0       0
       2816                    31                    31             1.9590363E-01         1.0000000E+30              4235       
 NEXT SEEDS:1192CE45      1B       0       0       0       0      2C    3039       0       0
       2817                    30                    30             1.9583413E-01         1.0000000E+30              4235       
 NEXT SEEDS:1192CE49      1B       0       0       0       0      2C    3039       0       0
       2818                    29                    29             1.9578290E-01         1.0000000E+30              4235       
 NEXT SEEDS:119D0ADD      1B       0       0       0       0      2C    3039       0       0
       2819                    28                    28             1.9586263E-01         1.0000000E+30              4235       
 NEXT SEEDS:11EB2E2A      1B       0       0       0       0      2C    3039       0       0
       2820                    27                    27             1.9579321E-01         1.0000000E+30              4235       
 NEXT SEEDS:11EB2E2E      1B       0       0       0       0      2C    3039       0       0
       2821                    26                    26             1.9576087E-01         1.0000000E+30              4235       
 NEXT SEEDS:11FF0C45      1B       0       0       0       0      2C    3039       0       0
       2822                    25                    25             1.9585981E-01         1.0000000E+30              4235       
 NEXT SEEDS:1257ABD1      1B       0       0       0       0      2C    3039       0       0
       2823                    24                    24             1.9579050E-01         1.0000000E+30              4235       
 NEXT SEEDS:1257ABD5      1B       0       0       0       0      2C    3039       0       0
       2824                    23                    23             1.9582951E-01         1.0000000E+30              4235       
 NEXT SEEDS:128FAE06      1B       0       0       0       0      2C    3039       0       0
       2825                    22                    22             1.9580556E-01         1.0000000E+30              4235       
 NEXT SEEDS:12A85E7C      1B       0       0       0       0      2C    3039       0       0
       2826                    21                    21             1.9584223E-01         1.0000000E+30              4235       
 NEXT SEEDS:12E34278      1B       0       0       0       0      2C    3039       0       0
       2827                    20                    20             1.9585971E-01         1.0000000E+30              4235       
 NEXT SEEDS:1310AFFB      1B       0       0       0       0      2C    3039       0       0
       2828                    19                    19             1.9579936E-01         1.0000000E+30              4236       
 NEXT SEEDS:13153832      1B       0       0       0       0      2C    3039       0       0
       2829                    18                    18             1.9573020E-01         1.0000000E+30              4236       
 NEXT SEEDS:13153836      1B       0       0       0       0      2C    3039       0       0
       2830                    17                    17             1.9566105E-01         1.0000000E+30              4236       
 NEXT SEEDS:1315383A      1B       0       0       0       0      2C    3039       0       0
       2831                    16                    16             1.9568900E-01         1.0000000E+30              4236       
 NEXT SEEDS:1347FBB0      1B       0       0       0       0      2C    3039       0       0
       2832                    15                    15             1.9566025E-01         1.0000000E+30              4236       
 NEXT SEEDS:135CB149      1B       0       0       0       0      2C    3039       0       0
       2833                    14                    14             1.9563055E-01         1.0000000E+30              4236       
 NEXT SEEDS:1372B85A      1B       0       0       0       0      2C    3039       0       0
       2834                    13                    13             1.9560728E-01         1.0000000E+30              4236       
 NEXT SEEDS:138A7F28      1B       0       0       0       0      2C    3039       0       0
       2835                    12                    12             1.9558657E-01         1.0000000E+30              4236       
 NEXT SEEDS:13A3A318      1B       0       0       0       0      2C    3039       0       0
       2836                    11                    11             1.9562487E-01         1.0000000E+30              4236       
 NEXT SEEDS:13D9D010      1B       0       0       0       0      2C    3039       0       0
       2837                    10                    10             1.9555598E-01         1.0000000E+30              4236       
 NEXT SEEDS:13D9D014      1B       0       0       0       0      2C    3039       0       0
       2838                     9                     9             1.9553891E-01         1.0000000E+30              4236       
 NEXT SEEDS:13F4A7E8      1B       0       0       0       0      2C    3039       0       0
       2839                     8                     8             1.9554474E-01         1.0000000E+30              4236       
 NEXT SEEDS:141B6F9B      1B       0       0       0       0      2C    3039       0       0
       2840                     7                     7             1.9554178E-01         1.0000000E+30              4236       
 NEXT SEEDS:143E0BB2      1B       0       0       0       0      2C    3039       0       0
       2841                     6                     6             1.9567509E-01         1.0000000E+30              4271       
 NEXT SEEDS:14A8DD57      1B       0       0       0       0      2C    3039       0       0
       2842                     5                     5             1.9563040E-01         1.0000000E+30              4271       
 NEXT SEEDS:14B65D69      1B       0       0       0       0      2C    3039       0       0
       2843                     4                     4             1.9556163E-01         1.0000000E+30              4271       
 NEXT SEEDS:14B65D6D      1B       0       0       0       0      2C    3039       0       0
       2844                     3                     3             1.9554566E-01         1.0000000E+30              4271       
 NEXT SEEDS:14D38704      1B       0       0       0       0      2C    3039       0       0
       2845                     2                     2             1.9547697E-01         1.0000000E+30              4271       
 NEXT SEEDS:14D38708      1B       0       0       0       0      2C    3039       0       0
       2846                     1                     1             1.9555536E-01         1.0000000E+30              4333       
 NEXT SEEDS:1524F00B      1B       0       0       0       0      2C    3039       0       0
       2847                     0                     1             1.9555315E-01         1.0000000E+30              4333       
 NEXT SEEDS:1547FCE1      1B       0       0       0       0      2C    3039       0       0
