1NUMBER OF BEAM       NUMBER OF BEAM        APPROXIMATE NUMBER    AVERAGE TIME USED     TIME LEFT (RESERVED   NUMBER OF STARS
 PARTICLES HANDLED    PARTICLES LEFT        OF BEAM PARTICLES     BY A BEAM PARTICLE     10000.0 SECONDS      CREATED
                                            THAT CAN STILL BE                           FOR PRINTOUT)
                                            HANDLED

 NEXT SEEDS:395FACF1       F       0       0       0       0      1B    3039       0       0
          1                  2846                  2846             7.7962875E-05         1.0000000E+30                 0       
 NEXT SEEDS:395FACF5       F       0       0       0       0      1B    3039       0       0
  Comptn_2: TXYZ:  0.99999999999873102       U,V,W  0.25444905733159828       0.56467800147384395       0.78510791097357924     
  Comptn_2: TXYZ:  0.99999999999727196       U,V,W -0.35465074970231569       0.43722118617379380      -0.82647473046284858     
         50                  2797                  2797             1.6052773E-01         1.0000000E+30               154       
 NEXT SEEDS: 378C171      10       0       0       0       0      1B    3039       0       0
  Comptn_2: TXYZ:   1.0000000000034486       U,V,W  -2.8566459688363466E-002 -0.79573868648801493       0.60496603227838364     
  Comptn_2: TXYZ:   1.0000000000024349       U,V,W -0.94963534773739511       0.30344283866715216       -7.8199424497448433E-002
  Comptn_2: TXYZ:   1.0000000001631055       U,V,W  0.26489400107334404       0.82150944156688865       0.50492910965294868     
        100                  2747                  2747             1.8764186E-01         1.0000000E+30               188       
 NEXT SEEDS: AF7CACC      10       0       0       0       0      1B    3039       0       0
        150                  2697                  2697             1.9125863E-01         1.0000000E+30               192       
 NEXT SEEDS:120210AB      10       0       0       0       0      1B    3039       0       0
  Comptn_2: TXYZ:   1.0000000000039517       U,V,W -0.83816918833682785       0.23980671090703254       0.48986238182849462     
  Comptn_2: TXYZ:  0.99999999999506040       U,V,W -0.19628342078834748      -0.59844972270928309       0.77674368237396507     
  Comptn_2: TXYZ:   1.0000000000304159       U,V,W  0.98327726998293130       -9.7110509792116773E-002 -0.15406284189656105     
        200                  2647                  2647             2.7488761E-01         1.0000000E+30               213       
 NEXT SEEDS:249D52FE      10       0       0       0       0      1B    3039       0       0
  Comptn_2: TXYZ:  0.99999999999852285       U,V,W -0.21700664521266333       0.97084215217440750      -0.10185102598124729     
  Comptn_2: TXYZ:  0.99999999999494205       U,V,W  -4.1592789955302578E-003 -0.99988100871897856       -1.4854924984575746E-002
  Comptn_2: TXYZ:   1.0000000000018452       U,V,W -0.82709359256320880       0.26343314399915130      -0.49650696650243731     
        250                  2597                  2597             2.7318519E-01         1.0000000E+30               226       
 NEXT SEEDS:2DFA7272      10       0       0       0       0      1B    3039       0       0
  Comptn_2: TXYZ:  0.99999999999857692       U,V,W -0.10070253991610223        7.4896929995546202E-002 -0.99209346753734096     
        300                  2547                  2547             2.9668379E-01         1.0000000E+30               228       
 NEXT SEEDS:  F59736      11       0       0       0       0      1B    3039       0       0
  Comptn_2: TXYZ:   1.0000000000011009       U,V,W -0.73309981987767436       0.49210467175030459       0.46946527681815553     
  Comptn_2: TXYZ:   1.0000000000022684       U,V,W -0.91880652387386341      -0.35310228453042791      -0.17638976259547690     
        350                  2497                  2497             2.7454096E-01         1.0000000E+30               233       
 NEXT SEEDS: 5F82997      11       0       0       0       0      1B    3039       0       0
  Comptn_2: TXYZ:   1.0000000000022478       U,V,W   2.4103739196931429E-002 -0.98149863144712179      -0.18994590342095030     
        400                  2447                  2447             2.5945740E-01         1.0000000E+30               274       
 NEXT SEEDS: B75FF51      11       0       0       0       0      1B    3039       0       0
  *** Kaon: P_min > 1.5 GeV/c:           24   57.267889011349304     
  *** Kaon: P_min > 1.5 GeV/c:           24   49.973923917913432     
  *** Kaon: P_min > 1.5 GeV/c:           24   55.374600862949045     
  *** Kaon: P_min > 1.5 GeV/c:           15   5.1819068691811241     
  *** Kbar: P_min > 1.8 GeV/c:           25   7.0541072227818535     
  *** Kaon: P_min > 1.5 GeV/c:           15   19.481017260039884     
  *** Kaon: P_min > 1.5 GeV/c:           15   18.951508957853786     
  *** Kaon: P_min > 1.5 GeV/c:           15   20.546800833621827     
  *** Kaon: P_min > 1.5 GeV/c:           15   19.813203899961945     
  *** Kaon: P_min > 1.5 GeV/c:           24   1.7702093540967738     
  *** Kaon: P_min > 1.5 GeV/c:           24   1.6581376126410530     
  *** Kbar: P_min > 1.8 GeV/c:           25   7.0540617656705971     
  *** Kbar: P_min > 1.8 GeV/c:           25   8.0973320817926258     
  *** Kbar: P_min > 1.8 GeV/c:           25   7.1251512826039267     
  *** Kbar: P_min > 1.8 GeV/c:           25   6.1345756637140552     
  *** Kbar: P_min > 1.8 GeV/c:           25   9.7545989201481049     
  *** Kbar: P_min > 1.8 GeV/c:           25   4.8282325524711212     
  *** Kbar: P_min > 1.8 GeV/c:           16   1.8477576476633977     
  *** Kbar: P_min > 1.8 GeV/c:           16   1.8001799208021092     
  *** Kaon: P_min > 1.5 GeV/c:           15   5.0963596259685824     
        450                  2397                  2397             2.6816008E-01         1.0000000E+30               650       
 NEXT SEEDS:17809627      11       0       0       0       0      1B    3039       0       0
        500                  2347                  2347             2.5150788E-01         1.0000000E+30               744       
 NEXT SEEDS:1B1C914E      11       0       0       0       0      1B    3039       0       0
  Comptn_2: TXYZ:  0.99999999999706579       U,V,W -0.43170859096274228       0.89738924523261687        9.1215322325055581E-002
  Comptn_2: TXYZ:  0.99999999999664613       U,V,W  0.52774293987158671      -0.81923009536134828       0.22438680947546175     
        550                  2297                  2297             2.5580084E-01         1.0000000E+30               756       
 NEXT SEEDS:25C5F863      11       0       0       0       0      1B    3039       0       0
        600                  2247                  2247             2.4509214E-01         1.0000000E+30               811       
 NEXT SEEDS:2A3F6331      11       0       0       0       0      1B    3039       0       0
  Comptn_2: TXYZ:  0.99999999999659506       U,V,W  0.48512621147639834       0.25007227161482637      -0.83792387357357967     
  Comptn_2: TXYZ:   1.0000000000047446       U,V,W -0.31902353951252849      -0.16710358465021238      -0.93289890837040446     
        650                  2197                  2197             2.4033502E-01         1.0000000E+30               820       
 NEXT SEEDS:307BEA17      11       0       0       0       0      1B    3039       0       0
  Comptn_2: TXYZ:  0.99999999997273359       U,V,W  -4.7514806301762746E-003 -0.93585369609746749       0.35235675515770026     
  Comptn_2: TXYZ:  0.99999999999893863       U,V,W  0.86170336384093815       0.28824884944938178       0.41758821048403405     
  Comptn_2: TXYZ:   1.0000000000025460       U,V,W  0.94603114112509346       0.11696342666141391      -0.30223275277130313     
  *** Hhflev: call to Hadriv !! ***  0.45639063090018417        3.5000000000000000        1.3413007709727409               14 T F T
  Comptn_2: TXYZ:   1.0000000000010705       U,V,W -0.93449680794361933      -0.30375789264455122       0.18559864924184666     
        700                  2147                  2147             2.4565121E-01         1.0000000E+30              1965       
 NEXT SEEDS:3B96E2B8      11       0       0       0       0      1B    3039       0       0
  Comptn_2: TXYZ:  0.99999999999694023       U,V,W -0.64361790282731590      -0.57666946689604970      -0.50319809330613907     
  Comptn_2: TXYZ:   1.0000000000023037       U,V,W -0.73001433422391226       -6.9756964787131892E-002 -0.67986251381702800     
  Comptn_2: TXYZ:  0.99999999999887923       U,V,W  0.76710238451911295       0.48951639473057362       0.41464156925464124     
  Comptn_2: TXYZ:  0.99999999999655109       U,V,W  0.98834101585700829      -0.15193584298867790       -9.8760309136736169E-003
        750                  2097                  2097             2.4217965E-01         1.0000000E+30              1987       
 NEXT SEEDS: 6DB7683      12       0       0       0       0      1B    3039       0       0
  Comptn_2: TXYZ:  0.99999999999811262       U,V,W  0.69479810994584312       0.69950046656165199       0.16719654211085810     
        800                  2047                  2047             2.3783783E-01         1.0000000E+30              2128       
 NEXT SEEDS: D0364CB      12       0       0       0       0      1B    3039       0       0
  Comptn_2: TXYZ:  0.99999999994425726       U,V,W -0.98362694398186079      -0.16166367672065007       -7.9642266707594445E-002
  Comptn_2: TXYZ:  0.99999999998962585       U,V,W  0.90297094269317313       -4.6760133560471040E-002 -0.42714981745382374     
        850                  1997                  1997             2.3672626E-01         1.0000000E+30              2348       
 NEXT SEEDS:14B057B6      12       0       0       0       0      1B    3039       0       0
  Comptn_2: TXYZ:   1.0000000000010789       U,V,W -0.82030472822450307       0.33624271764451663      -0.46264563943112336     
  Comptn_2: TXYZ:   1.0000000000056726       U,V,W -0.84517689145513941       0.42761586688802566       0.32065665834581125     
  Comptn_2: TXYZ:  0.99999999999832545       U,V,W  0.41658646293090129        7.3414601206323482E-002 -0.90612693108127118     
  Comptn_2: TXYZ:   1.0000000000015885       U,V,W -0.64118980085098798       0.50002077276080570      -0.58211241705872041     
  Comptn_2: TXYZ:  0.99999999973421805       U,V,W  0.44676646340690240      -0.88453197549753781      -0.13417492773066897     
        900                  1947                  1947             2.4769116E-01         1.0000000E+30              2354       
 NEXT SEEDS:24383C68      12       0       0       0       0      1B    3039       0       0
        950                  1897                  1897             2.4162159E-01         1.0000000E+30              2359       
 NEXT SEEDS:28FA35CB      12       0       0       0       0      1B    3039       0       0
  Comptn_2: TXYZ:  0.99999999998702771       U,V,W  0.68571395615051656        6.7451463037997428E-002 -0.72473903610987378     
       1000                  1847                  1847             2.3966193E-01         1.0000000E+30              2361       
 NEXT SEEDS:30097F91      12       0       0       0       0      1B    3039       0       0
       1050                  1797                  1797             2.4867454E-01         1.0000000E+30              2374       
 NEXT SEEDS: 3B95B22      13       0       0       0       0      1B    3039       0       0
  Comptn_2: TXYZ:   1.0000000000060285       U,V,W  0.58421628971336759      -0.18896950121333589      -0.78929199568395347     
       1100                  1747                  1747             2.4602735E-01         1.0000000E+30              2380       
 NEXT SEEDS: A9E105C      13       0       0       0       0      1B    3039       0       0
  Comptn_2: TXYZ:  0.99999999999734634       U,V,W  0.18249108298209649       0.56797222223289623      -0.80256124962596687     
  Comptn_2: TXYZ:  0.99999999999264400       U,V,W -0.80186479824789814      -0.54537828029773938      -0.24408067662758981     
       1150                  1697                  1697             2.4163740E-01         1.0000000E+30              2560       
 NEXT SEEDS:10042265      13       0       0       0       0      1B    3039       0       0
  Comptn_2: TXYZ:   1.0000000000021423       U,V,W -0.90991510915113771       0.23419870624167061      -0.34235282989241256     
       1200                  1647                  1647             2.4740399E-01         1.0000000E+30              2580       
 NEXT SEEDS:1E0868B7      13       0       0       0       0      1B    3039       0       0
  Comptn_2: TXYZ:   1.0000000000010174       U,V,W  0.65110456827946450        4.2661486609269161E-002  0.75778812258237238     
  Comptn_2: TXYZ:  0.99999999983957055       U,V,W  0.81468803525019950       0.17524186613707116      -0.55278720445804197     
       1250                  1597                  1597             2.4516146E-01         1.0000000E+30              2691       
 NEXT SEEDS:25336A2C      13       0       0       0       0      1B    3039       0       0
  Comptn_2: TXYZ:   1.0000000000036942       U,V,W -0.28991472344820846       -9.2728092024998432E-003 -0.95700755908254820     
  Comptn_2: TXYZ:   1.0000000000056788       U,V,W  0.12006993876602223       0.91598827250292914      -0.38281678966249899     
  Comptn_2: TXYZ:  0.99999999999341183       U,V,W  0.80290100671878406       0.57011031584080740      -0.17413845403950745     
  Comptn_2: TXYZ:   1.0000000000012939       U,V,W -0.74420342638335768      -0.62609967540021216       0.23272399236931562     
       1300                  1547                  1547             2.6065455E-01         1.0000000E+30              2998       
 NEXT SEEDS: 1B21F96      14       0       0       0       0      1B    3039       0       0
       1350                  1497                  1497             2.5409604E-01         1.0000000E+30              3002       
 NEXT SEEDS: 4C5A978      14       0       0       0       0      1B    3039       0       0
  Comptn_2: TXYZ:   1.0000000000068083       U,V,W -0.57292265569876122       0.35282527571092714      -0.73977966680180884     
  Comptn_2: TXYZ:  0.99999999999142664       U,V,W   6.0064714563637267E-002  0.99074011008468688       0.12176314846946923     
       1400                  1447                  1447             2.4951801E-01         1.0000000E+30              3053       
 NEXT SEEDS: 9616E13      14       0       0       0       0      1B    3039       0       0
       1450                  1397                  1397             2.4825007E-01         1.0000000E+30              3058       
 NEXT SEEDS:111A215A      14       0       0       0       0      1B    3039       0       0
  Comptn_2: TXYZ:  0.99999999999877964       U,V,W -0.59271805109319331       0.59041048528750650      -0.54781454048759737     
  Comptn_2: TXYZ:   1.0000000000012599       U,V,W  0.18612841769019672       0.37510520843738959       0.90810368060731150     
  Comptn_2: TXYZ:  0.99999999999846445       U,V,W -0.91452305737077566       0.18709795599769175       0.35866688221406662     
       1500                  1347                  1347             2.4954740E-01         1.0000000E+30              3062       
 NEXT SEEDS:1B73458C      14       0       0       0       0      1B    3039       0       0
  *** Hhflev: call to Hadriv !! ***  0.74315533128236622        3.5000000000000000        1.5227539439309457               14 T F T
       1550                  1297                  1297             2.4714457E-01         1.0000000E+30              3143       
 NEXT SEEDS:21EE7C8B      14       0       0       0       0      1B    3039       0       0
       1600                  1247                  1247             2.4341594E-01         1.0000000E+30              3172       
 NEXT SEEDS:26AF16F5      14       0       0       0       0      1B    3039       0       0
  Comptn_2: TXYZ:   1.0000000000013114       U,V,W -0.69723037772301311      -0.66534948504553171       0.26679554556098140     
  Comptn_2: TXYZ:  0.99999999995568545       U,V,W  0.95574419421711809       -5.6776980901986462E-002  0.28866833843636641     
  Comptn_2: TXYZ:  0.99999999999802325       U,V,W  0.27059057080398752       -6.2892415261828205E-002 -0.96063795838626387     
       1650                  1197                  1197             2.4508085E-01         1.0000000E+30              3189       
 NEXT SEEDS:31C7D908      14       0       0       0       0      1B    3039       0       0
       1700                  1147                  1147             2.4937995E-01         1.0000000E+30              3203       
 NEXT SEEDS: 43D4389      15       0       0       0       0      1B    3039       0       0
  Comptn_2: TXYZ:  0.99999999999517608       U,V,W  0.29351215571061573      -0.50258995232958625       0.81317522973995437     
       1750                  1097                  1097             2.4637433E-01         1.0000000E+30              3204       
 NEXT SEEDS: 9A0C7E8      15       0       0       0       0      1B    3039       0       0
  Comptn_2: TXYZ:  0.99999999999732792       U,V,W -0.82307128933267393       0.26907702388375299      -0.50015118503452527     
       1800                  1047                  1047             2.4354812E-01         1.0000000E+30              3209       
 NEXT SEEDS: EF7F533      15       0       0       0       0      1B    3039       0       0
  Comptn_2: TXYZ:  0.99999999999896949       U,V,W  0.46090004699350473      -0.36394613859413383       0.80939134841112192     
  Comptn_2: TXYZ:   1.0000000000031291       U,V,W  0.34003382153788664       0.89133952477084577      -0.29981803113680883     
       1850                   997                   997             2.4218543E-01         1.0000000E+30              3513       
 NEXT SEEDS:1626A5AD      15       0       0       0       0      1B    3039       0       0
       1900                   947                   947             2.3906502E-01         1.0000000E+30              3517       
 NEXT SEEDS:1AB07F05      15       0       0       0       0      1B    3039       0       0
  Comptn_2: TXYZ:  0.99999999999259270       U,V,W -0.92665504990679182       0.31691717465639613       0.20217300235847802     
       1950                   897                   897             2.4177922E-01         1.0000000E+30              3551       
 NEXT SEEDS:2797F96A      15       0       0       0       0      1B    3039       0       0
  Comptn_2: TXYZ:   1.0000000000054505       U,V,W -0.36806032104925634        5.1768601951494020E-002 -0.92835963501573926     
  Comptn_2: TXYZ:  0.99999999999733535       U,V,W -0.32666613705882241       0.68710848331525654       0.64897701581227807     
       2000                   847                   847             2.4315612E-01         1.0000000E+30              4128       
 NEXT SEEDS:3288DE01      15       0       0       0       0      1B    3039       0       0
  Comptn_2: TXYZ:  0.99999999997308009       U,V,W -0.46825256515626279      -0.88348642268519484        1.3830261334376814E-002
       2050                   797                   797             2.4166183E-01         1.0000000E+30              4137       
 NEXT SEEDS:3946C464      15       0       0       0       0      1B    3039       0       0
  Comptn_2: TXYZ:   1.0000000000018627       U,V,W  0.34730183373422108        1.0319941250552134E-002  0.93769661143639382     
       2100                   747                   747             2.4376108E-01         1.0000000E+30              4140       
 NEXT SEEDS: 9F93CBE      16       0       0       0       0      1B    3039       0       0
  Comptn_2: TXYZ:   1.0000000000016713       U,V,W  0.87169823866205576       0.43997744190016475       0.21578237030426806     
  Comptn_2: TXYZ:  0.99999999999865752       U,V,W  0.83071688107729003      -0.52438424985857246       0.18689735683561537     
  Comptn_2: TXYZ:   1.0000000000013634       U,V,W  0.45576015258054525      -0.87815530347523918       0.14534767387004166     
       2150                   697                   697             2.4684540E-01         1.0000000E+30              4221       
 NEXT SEEDS:17D57147      16       0       0       0       0      1B    3039       0       0
  Comptn_2: TXYZ:   1.0000000000027200       U,V,W  0.60354302417256633      -0.54275907545864754      -0.58407910764093174     
       2200                   647                   647             2.4447225E-01         1.0000000E+30              4335       
 NEXT SEEDS:1CEEE427      16       0       0       0       0      1B    3039       0       0
       2250                   597                   597             2.4171634E-01         1.0000000E+30              4340       
 NEXT SEEDS:215253BC      16       0       0       0       0      1B    3039       0       0
  Comptn_2: TXYZ:   1.0000000000011593       U,V,W -0.73210134725768228       0.53546614501503953       0.42107436978208312     
  Comptn_2: TXYZ:   1.0000000000011324       U,V,W   9.9242978372103607E-002 -0.67273020036196129      -0.73320181994176892     
  Comptn_2: TXYZ:  0.99999999999813527       U,V,W  0.45050455811782619      -0.28999184039429338      -0.84436388815363728     
       2300                   547                   547             2.4075578E-01         1.0000000E+30              4345       
 NEXT SEEDS:28933510      16       0       0       0       0      1B    3039       0       0
  Comptn_2: TXYZ:  0.99999999999844436       U,V,W  0.29366906132011650       0.77857574661095241       0.55459741183222633     
  Comptn_2: TXYZ:  0.99999999995670252       U,V,W  0.45031615573611816      -0.75429816381287651       0.47775479056548420     
       2350                   497                   497             2.3897997E-01         1.0000000E+30              4348       
 NEXT SEEDS:2E6E773E      16       0       0       0       0      1B    3039       0       0
       2400                   447                   447             2.3693078E-01         1.0000000E+30              4420       
 NEXT SEEDS:33A54292      16       0       0       0       0      1B    3039       0       0
  Comptn_2: TXYZ:   1.0000000000024136       U,V,W -0.14180367054743215       0.56088969765746555      -0.81565585027228593     
       2450                   397                   397             2.3471750E-01         1.0000000E+30              4424       
 NEXT SEEDS:3866F209      16       0       0       0       0      1B    3039       0       0
  Comptn_2: TXYZ:   1.0000000000073508       U,V,W  0.33919797681004127      -0.74694209182504778      -0.57185858741068785     
       2500                   347                   347             2.3528343E-01         1.0000000E+30              4468       
 NEXT SEEDS: 683AF04      17       0       0       0       0      1B    3039       0       0
       2550                   297                   297             2.3352250E-01         1.0000000E+30              4469       
 NEXT SEEDS: BF7FC86      17       0       0       0       0      1B    3039       0       0
  Comptn_2: TXYZ:  0.99999999999859712       U,V,W -0.29631962978392323      -0.35379770233130614       0.88714252678383332     
  Comptn_2: TXYZ:   1.0000000000012721       U,V,W  0.98679171651633979       -9.9668167453501155E-002 -0.12770420749712486     
       2600                   247                   247             2.3318257E-01         1.0000000E+30              4484       
 NEXT SEEDS:140E882A      17       0       0       0       0      1B    3039       0       0
  Comptn_2: TXYZ:  0.99999999999861777       U,V,W  0.56752350198924262       0.58330566322805311       0.58109515394173172     
       2650                   197                   197             2.3313922E-01         1.0000000E+30              4490       
 NEXT SEEDS:1CA04E9C      17       0       0       0       0      1B    3039       0       0
  Comptn_2: TXYZ:   1.0000000000025648       U,V,W -0.96487763550473815       -9.1653824307229570E-003 -0.26253979559344742     
       2700                   147                   147             2.3273992E-01         1.0000000E+30              4492       
 NEXT SEEDS:24775275      17       0       0       0       0      1B    3039       0       0
  Comptn_2: TXYZ:  0.99999999999880917       U,V,W -0.87869453674827724      -0.43673256117212134      -0.19277079939549679     
  Comptn_2: TXYZ:  0.99999999981100640       U,V,W  0.32174584123160344       -7.9870521962675411E-002 -0.94345127758808189     
       2750                    97                    97             2.3124592E-01         1.0000000E+30              4509       
 NEXT SEEDS:29FBEC33      17       0       0       0       0      1B    3039       0       0
  Comptn_2: TXYZ:   1.0000000000093143       U,V,W -0.22882451421193650      -0.86059010082544773      -0.45499892314843038     
  Eventv: ekin+am < pla,ij,igreyt   3.1820082711205031        3.2747244966599753               30           3
  Comptn_2: TXYZ:   1.0000000000079130       U,V,W  0.59470612555116986      -0.77167672659954256      -0.22547650401858732     
       2797                    50                    50             2.3404207E-01         1.0000000E+30              4530       
 NEXT SEEDS:375C87A6      17       0       0       0       0      1B    3039       0       0
       2798                    49                    49             2.3402437E-01         1.0000000E+30              4530       
 NEXT SEEDS:377EF8CA      17       0       0       0       0      1B    3039       0       0
       2799                    48                    48             2.3397561E-01         1.0000000E+30              4530       
 NEXT SEEDS:37915CC2      17       0       0       0       0      1B    3039       0       0
       2800                    47                    47             2.3389780E-01         1.0000000E+30              4530       
 NEXT SEEDS:37949CA8      17       0       0       0       0      1B    3039       0       0
       2801                    46                    46             2.3384942E-01         1.0000000E+30              4530       
 NEXT SEEDS:37A72809      17       0       0       0       0      1B    3039       0       0
       2802                    45                    45             2.3377668E-01         1.0000000E+30              4530       
 NEXT SEEDS:37AD00B1      17       0       0       0       0      1B    3039       0       0
       2803                    44                    44             2.3369332E-01         1.0000000E+30              4530       
 NEXT SEEDS:37AD00B5      17       0       0       0       0      1B    3039       0       0
       2804                    43                    43             2.3361002E-01         1.0000000E+30              4530       
 NEXT SEEDS:37AD00B9      17       0       0       0       0      1B    3039       0       0
       2805                    42                    42             2.3352676E-01         1.0000000E+30              4530       
 NEXT SEEDS:37AD00BD      17       0       0       0       0      1B    3039       0       0
       2806                    41                    41             2.3347318E-01         1.0000000E+30              4531       
 NEXT SEEDS:37BD5647      17       0       0       0       0      1B    3039       0       0
       2807                    40                    40             2.3339005E-01         1.0000000E+30              4531       
 NEXT SEEDS:37BD564B      17       0       0       0       0      1B    3039       0       0
  Comptn_2: TXYZ:  0.99999999997875111       U,V,W -0.76194681217454274      -0.64675720548882509        3.3796043320023728E-002
       2808                    39                    39             2.3338186E-01         1.0000000E+30              4531       
 NEXT SEEDS:37E3C7C7      17       0       0       0       0      1B    3039       0       0
       2809                    38                    38             2.3329884E-01         1.0000000E+30              4531       
 NEXT SEEDS:37E3C7CB      17       0       0       0       0      1B    3039       0       0
       2810                    37                    37             2.3321584E-01         1.0000000E+30              4531       
 NEXT SEEDS:37E3C7CF      17       0       0       0       0      1B    3039       0       0
       2811                    36                    36             2.3313292E-01         1.0000000E+30              4531       
 NEXT SEEDS:37E3C7D3      17       0       0       0       0      1B    3039       0       0
       2812                    35                    35             2.3310625E-01         1.0000000E+30              4531       
 NEXT SEEDS:3802AA0D      17       0       0       0       0      1B    3039       0       0
       2813                    34                    34             2.3310900E-01         1.0000000E+30              4531       
 NEXT SEEDS:382FBA65      17       0       0       0       0      1B    3039       0       0
       2814                    33                    33             2.3357654E-01         1.0000000E+30              4532       
 NEXT SEEDS:394BBB1D      17       0       0       0       0      1B    3039       0       0
       2815                    32                    32             2.3349363E-01         1.0000000E+30              4532       
 NEXT SEEDS:394BBB21      17       0       0       0       0      1B    3039       0       0
       2816                    31                    31             2.3348499E-01         1.0000000E+30              4532       
 NEXT SEEDS:3973823B      17       0       0       0       0      1B    3039       0       0
       2817                    30                    30             2.3343032E-01         1.0000000E+30              4532       
 NEXT SEEDS:3982A761      17       0       0       0       0      1B    3039       0       0
       2818                    29                    29             2.3343375E-01         1.0000000E+30              4532       
 NEXT SEEDS:39AF6C61      17       0       0       0       0      1B    3039       0       0
       2819                    28                    28             2.3336231E-01         1.0000000E+30              4532       
 NEXT SEEDS:39B5D7E7      17       0       0       0       0      1B    3039       0       0
       2820                    27                    27             2.3329566E-01         1.0000000E+30              4532       
 NEXT SEEDS:39BF061C      17       0       0       0       0      1B    3039       0       0
       2821                    26                    26             2.3321300E-01         1.0000000E+30              4532       
 NEXT SEEDS:39BF0620      17       0       0       0       0      1B    3039       0       0
       2822                    25                    25             2.3313040E-01         1.0000000E+30              4532       
 NEXT SEEDS:39BF0624      17       0       0       0       0      1B    3039       0       0
       2823                    24                    24             2.3304784E-01         1.0000000E+30              4532       
 NEXT SEEDS:39BF0628      17       0       0       0       0      1B    3039       0       0
       2824                    23                    23             2.3296536E-01         1.0000000E+30              4532       
 NEXT SEEDS:39BF062C      17       0       0       0       0      1B    3039       0       0
       2825                    22                    22             2.3288294E-01         1.0000000E+30              4532       
 NEXT SEEDS:39BF0630      17       0       0       0       0      1B    3039       0       0
       2826                    21                    21             2.3280055E-01         1.0000000E+30              4532       
 NEXT SEEDS:39BF0634      17       0       0       0       0      1B    3039       0       0
       2827                    20                    20             2.3300494E-01         1.0000000E+30              4532       
 NEXT SEEDS:3A515F61      17       0       0       0       0      1B    3039       0       0
       2828                    19                    19             2.3292259E-01         1.0000000E+30              4532       
 NEXT SEEDS:3A515F65      17       0       0       0       0      1B    3039       0       0
       2829                    18                    18             2.3284028E-01         1.0000000E+30              4532       
 NEXT SEEDS:3A515F69      17       0       0       0       0      1B    3039       0       0
       2830                    17                    17             2.3285909E-01         1.0000000E+30              4532       
 NEXT SEEDS:3A869E04      17       0       0       0       0      1B    3039       0       0
       2831                    16                    16             2.3277688E-01         1.0000000E+30              4532       
 NEXT SEEDS:3A869E08      17       0       0       0       0      1B    3039       0       0
       2832                    15                    15             2.3269473E-01         1.0000000E+30              4532       
 NEXT SEEDS:3A869E0C      17       0       0       0       0      1B    3039       0       0
       2833                    14                    14             2.3268634E-01         1.0000000E+30              4532       
 NEXT SEEDS:3AAE2AD5      17       0       0       0       0      1B    3039       0       0
       2834                    13                    13             2.3320722E-01         1.0000000E+30              4532       
 NEXT SEEDS:  6F08BC      18       0       0       0       0      1B    3039       0       0
       2835                    12                    12             2.3316978E-01         1.0000000E+30              4532       
 NEXT SEEDS:  8687A1      18       0       0       0       0      1B    3039       0       0
       2836                    11                    11             2.3327235E-01         1.0000000E+30              4532       
 NEXT SEEDS:  EB46BC      18       0       0       0       0      1B    3039       0       0
       2837                    10                    10             2.3319017E-01         1.0000000E+30              4532       
 NEXT SEEDS:  EB46C0      18       0       0       0       0      1B    3039       0       0
       2838                     9                     9             2.3311658E-01         1.0000000E+30              4533       
 NEXT SEEDS:  F00C21      18       0       0       0       0      1B    3039       0       0
       2839                     8                     8             2.3303451E-01         1.0000000E+30              4533       
 NEXT SEEDS:  F00C25      18       0       0       0       0      1B    3039       0       0
       2840                     7                     7             2.3295250E-01         1.0000000E+30              4533       
 NEXT SEEDS:  F00C29      18       0       0       0       0      1B    3039       0       0
       2841                     6                     6             2.3287055E-01         1.0000000E+30              4533       
 NEXT SEEDS:  F00C2D      18       0       0       0       0      1B    3039       0       0
       2842                     5                     5             2.3278863E-01         1.0000000E+30              4533       
 NEXT SEEDS:  F00C31      18       0       0       0       0      1B    3039       0       0
       2843                     4                     4             2.3272510E-01         1.0000000E+30              4536       
 NEXT SEEDS:  FA8722      18       0       0       0       0      1B    3039       0       0
       2844                     3                     3             2.3272092E-01         1.0000000E+30              4536       
 NEXT SEEDS: 124E369      18       0       0       0       0      1B    3039       0       0
       2845                     2                     2             2.3263916E-01         1.0000000E+30              4536       
 NEXT SEEDS: 124E36D      18       0       0       0       0      1B    3039       0       0
       2846                     1                     1             2.3257646E-01         1.0000000E+30              4536       
 NEXT SEEDS: 12F4585      18       0       0       0       0      1B    3039       0       0
       2847                     0                     1             2.3280096E-01         1.0000000E+30              4536       
 NEXT SEEDS: 1CC7D3D      18       0       0       0       0      1B    3039       0       0
