1NUMBER OF BEAM       NUMBER OF BEAM        APPROXIMATE NUMBER    AVERAGE TIME USED     TIME LEFT (RESERVED   NUMBER OF STARS
 PARTICLES HANDLED    PARTICLES LEFT        OF BEAM PARTICLES     BY A BEAM PARTICLE     10000.0 SECONDS      CREATED
                                            THAT CAN STILL BE                           FOR PRINTOUT)
                                            HANDLED

 NEXT SEEDS:2480AF84       7       0       0       0       0       9    3039       0       0
          1                  2152                  2152             5.0842047E-02         1.0000000E+30                 0       
 NEXT SEEDS:2489A487       7       0       0       0       0       9    3039       0       0
  Comptn_2: TXYZ:  0.99999999999833566       U,V,W  -9.1941987523007640E-002   9.4262456940441552E-002 -0.99129272172260308     
         40                  2113                  2113             8.1321371E-02         1.0000000E+30                 7       
 NEXT SEEDS:26CC3D9A       7       0       0       0       0       9    3039       0       0
  *** Kbar: P_min > 1.8 GeV/c:           16   14.157144979561139     
  *** Kbar: P_min > 1.8 GeV/c:           16   13.652541195593168     
  *** Kbar: P_min > 1.8 GeV/c:           16   13.675570429641898     
         80                  2073                  2073             8.2252353E-02         1.0000000E+30                64       
 NEXT SEEDS:291A09C0       7       0       0       0       0       9    3039       0       0
        120                  2033                  2033             7.2524655E-02         1.0000000E+30                94       
 NEXT SEEDS:2A93C71C       7       0       0       0       0       9    3039       0       0
  Comptn_2: TXYZ:   1.0000000000028242       U,V,W   8.9849531313930697E-002  0.48051140129614112       0.87237368996887454     
        160                  1993                  1993             7.1886966E-02         1.0000000E+30               291       
 NEXT SEEDS:2C7FDF10       7       0       0       0       0       9    3039       0       0
        200                  1953                  1953             6.5357955E-02         1.0000000E+30               292       
 NEXT SEEDS:2D994C1A       7       0       0       0       0       9    3039       0       0
  Comptn_2: TXYZ:   1.0000000000015723       U,V,W  0.14985202284059085      -0.77477153033105850      -0.61422589251888837     
        240                  1913                  1913             6.7010432E-02         1.0000000E+30               293       
 NEXT SEEDS:2FB896BE       7       0       0       0       0       9    3039       0       0
  Comptn_2: TXYZ:   1.0000000000016631       U,V,W  0.13044829648538325       0.93869121395921762      -0.31912700728940990     
        280                  1873                  1873             6.5234176E-02         1.0000000E+30               301       
 NEXT SEEDS:313DFC1E       7       0       0       0       0       9    3039       0       0
        320                  1833                  1833             6.8117546E-02         1.0000000E+30               304       
 NEXT SEEDS:33C2523F       7       0       0       0       0       9    3039       0       0
        360                  1793                  1793             6.5967098E-02         1.0000000E+30               304       
 NEXT SEEDS:35249D69       7       0       0       0       0       9    3039       0       0
        400                  1753                  1753             6.4595078E-02         1.0000000E+30               350       
 NEXT SEEDS:36999368       7       0       0       0       0       9    3039       0       0
        440                  1713                  1713             6.8426435E-02         1.0000000E+30               351       
 NEXT SEEDS:3998CB6F       7       0       0       0       0       9    3039       0       0
  Comptn_2: TXYZ:   1.0000000000059972       U,V,W  0.91845869649177558      -0.26567746091780009      -0.29300018703901287     
  Comptn_2: TXYZ:  0.99999999999882827       U,V,W -0.74028252566870911      -0.65219125886924889       0.16318193540625003     
        480                  1673                  1673             7.6960292E-02         1.0000000E+30               352       
 NEXT SEEDS: 2D1897B       8       0       0       0       0       9    3039       0       0
  Comptn_2: TXYZ:   1.0000000000038152       U,V,W -0.97769729297413477        3.1052511815971684E-002  0.20771072390414247     
        520                  1633                  1633             7.4871935E-02         1.0000000E+30               352       
 NEXT SEEDS: 42BE2C4       8       0       0       0       0       9    3039       0       0
  Comptn_2: TXYZ:   1.0000000000453775       U,V,W -0.56326722795916062      -0.37003807773675135       0.73878403541053217     
        560                  1593                  1593             7.9899481E-02         1.0000000E+30               353       
 NEXT SEEDS: 83F071D       8       0       0       0       0       9    3039       0       0
  Comptn_2: TXYZ:   1.0000000000049767       U,V,W  0.96157613757036842       -5.5731507741541009E-003 -0.27448182389855447     
        600                  1553                  1553             8.2767804E-02         1.0000000E+30               373       
 NEXT SEEDS: BBAB591       8       0       0       0       0       9    3039       0       0
        640                  1513                  1513             9.1694795E-02         1.0000000E+30               374       
 NEXT SEEDS:122DCBC5       8       0       0       0       0       9    3039       0       0
  Comptn_2: TXYZ:   1.0000000000347553       U,V,W -0.10366861698372531       0.54201975388119195       0.83394688337448031     
        680                  1473                  1473             9.4237821E-02         1.0000000E+30               375       
 NEXT SEEDS:15F0982F       8       0       0       0       0       9    3039       0       0
  Comptn_2: TXYZ:   1.0000000000043774       U,V,W -0.18882735672877971       0.88916207985549534      -0.41681533693261485     
        720                  1433                  1433             9.2009215E-02         1.0000000E+30               381       
 NEXT SEEDS:1765B800       8       0       0       0       0       9    3039       0       0
  Comptn_2: TXYZ:  0.99999999999751410       U,V,W  0.63964980683711303      -0.76854615128252846       -1.3599189665967515E-002
        760                  1393                  1393             9.5545065E-02         1.0000000E+30               381       
 NEXT SEEDS:1BAC216B       8       0       0       0       0       9    3039       0       0
        800                  1353                  1353             9.3656225E-02         1.0000000E+30               381       
 NEXT SEEDS:1D3BD7E2       8       0       0       0       0       9    3039       0       0
        840                  1313                  1313             9.2400859E-02         1.0000000E+30               382       
 NEXT SEEDS:1F1A3715       8       0       0       0       0       9    3039       0       0
        880                  1273                  1273             9.1035201E-02         1.0000000E+30               410       
 NEXT SEEDS:20D63B16       8       0       0       0       0       9    3039       0       0
  Comptn_2: TXYZ:   1.0000000000077667       U,V,W   4.6139009832472766E-002  0.72718465457657544      -0.68488953118571771     
        920                  1233                  1233             9.0986716E-02         1.0000000E+30               420       
 NEXT SEEDS:233CB900       8       0       0       0       0       9    3039       0       0
  Comptn_2: TXYZ:  0.99999999999663325       U,V,W -0.84664226797799103      -0.17238836234372101      -0.50346710180325260     
        960                  1193                  1193             9.8374040E-02         1.0000000E+30               420       
 NEXT SEEDS:2A609981       8       0       0       0       0       9    3039       0       0
       1000                  1153                  1153             9.7106056E-02         1.0000000E+30               549       
 NEXT SEEDS:2C286F6F       8       0       0       0       0       9    3039       0       0
  Comptn_2: TXYZ:   1.0000000000013689       U,V,W -0.55854488703720051       0.72230786658427704      -0.40779768885617784     
       1040                  1113                  1113             9.5324391E-02         1.0000000E+30               551       
 NEXT SEEDS:2D95B497       8       0       0       0       0       9    3039       0       0
       1080                  1073                  1073             9.3909539E-02         1.0000000E+30               555       
 NEXT SEEDS:2F212EDC       8       0       0       0       0       9    3039       0       0
       1120                  1033                  1033             9.2314563E-02         1.0000000E+30               576       
 NEXT SEEDS:307C50DA       8       0       0       0       0       9    3039       0       0
       1160                   993                   993             9.1318150E-02         1.0000000E+30               584       
 NEXT SEEDS:32306C8F       8       0       0       0       0       9    3039       0       0
       1200                   953                   953             9.1341037E-02         1.0000000E+30               584       
 NEXT SEEDS:34B8F415       8       0       0       0       0       9    3039       0       0
       1240                   913                   913             8.9828134E-02         1.0000000E+30               586       
 NEXT SEEDS:35F2A11E       8       0       0       0       0       9    3039       0       0
       1280                   873                   873             8.8763713E-02         1.0000000E+30               588       
 NEXT SEEDS:37727FCC       8       0       0       0       0       9    3039       0       0
       1320                   833                   833             8.9039594E-02         1.0000000E+30               588       
 NEXT SEEDS:3A181EF6       8       0       0       0       0       9    3039       0       0
  Comptn_2: TXYZ:  0.99999999999711331       U,V,W  0.22281793749530721      -0.10179360803783491      -0.96953093199241991     
       1360                   793                   793             8.8766720E-02         1.0000000E+30               590       
 NEXT SEEDS:  B897C5       9       0       0       0       0       9    3039       0       0
       1400                   753                   753             9.0775533E-02         1.0000000E+30               593       
 NEXT SEEDS: 5095EA7       9       0       0       0       0       9    3039       0       0
       1440                   713                   713             8.9448849E-02         1.0000000E+30               634       
 NEXT SEEDS: 636D617       9       0       0       0       0       9    3039       0       0
  *** Hhflev: call to Hadriv !! ***  0.48779345045389655        3.5000000000000000        1.3622313269160284               14 T F T
  *** Kaon: P_min > 1.5 GeV/c:           24   1.6417705520171868     
  *** Kbar: P_min > 1.8 GeV/c:           16   2.0894879852351096     
  *** Kaon: P_min > 1.5 GeV/c:           24   2.2813950877896687     
  *** Kbar: P_min > 1.8 GeV/c:           25   82.881620210243867     
  *** Kbar: P_min > 1.8 GeV/c:           25   82.663750555463295     
  *** Kbar: P_min > 1.8 GeV/c:           25   5.2952059358459929     
  *** Kbar: P_min > 1.8 GeV/c:           25   5.6443618632351518     
  *** Kbar: P_min > 1.8 GeV/c:           25   5.0620974376004293     
  *** Kbar: P_min > 1.8 GeV/c:           25   5.4647711967443211     
  *** Kbar: P_min > 1.8 GeV/c:           25   6.2494170924249914     
  *** Kaon: P_min > 1.5 GeV/c:           24   11.297184148937227     
  *** Kbar: P_min > 1.8 GeV/c:           25   11.981829467981346     
  *** Kaon: P_min > 1.5 GeV/c:           15   2.3832611323384527     
  *** Kaon: P_min > 1.5 GeV/c:           15   2.4118220897091653     
  *** Kbar: P_min > 1.8 GeV/c:           16   2.7037818571231864     
  *** Kbar: P_min > 1.8 GeV/c:           16   2.1655736709369622     
  *** Kaon: P_min > 1.5 GeV/c:           15   2.2316119950515656     
       1480                   673                   673             8.9676970E-02         1.0000000E+30              1237       
 NEXT SEEDS: 8D770BC       9       0       0       0       0       9    3039       0       0
       1520                   633                   633             8.8818113E-02         1.0000000E+30              1239       
 NEXT SEEDS: A6AC277       9       0       0       0       0       9    3039       0       0
       1560                   593                   593             8.7385544E-02         1.0000000E+30              1239       
 NEXT SEEDS: B4D1EA0       9       0       0       0       0       9    3039       0       0
  Comptn_2: TXYZ:  0.99999999999822142       U,V,W  0.48226004196726002      -0.59426890708951419       0.64363787799242544     
  Comptn_2: TXYZ:  0.99999999997122380       U,V,W   8.9061939470411744E-002 -0.58651586811595280      -0.80502615321316284     
       1600                   553                   553             9.1420836E-02         1.0000000E+30              1568       
 NEXT SEEDS:125DB371       9       0       0       0       0       9    3039       0       0
       1640                   513                   513             9.0545649E-02         1.0000000E+30              1568       
 NEXT SEEDS:13D86756       9       0       0       0       0       9    3039       0       0
       1680                   473                   473             8.9549241E-02         1.0000000E+30              1589       
 NEXT SEEDS:152F0A14       9       0       0       0       0       9    3039       0       0
  Comptn_2: TXYZ:  0.99999999999816080       U,V,W  0.82370384129637131       0.38449270390917079       0.41674613672159921     
       1720                   433                   433             8.9383471E-02         1.0000000E+30              1641       
 NEXT SEEDS:1781E6A8       9       0       0       0       0       9    3039       0       0
       1760                   393                   393             9.2624131E-02         1.0000000E+30              1643       
 NEXT SEEDS:1D81D820       9       0       0       0       0       9    3039       0       0
       1800                   353                   353             9.1531190E-02         1.0000000E+30              1644       
 NEXT SEEDS:1EB028C7       9       0       0       0       0       9    3039       0       0
  Comptn_2: TXYZ:  0.99999999999729483       U,V,W -0.27780068104724442      -0.93316359771787916       0.22810629430422580     
       1840                   313                   313             9.6130516E-02         1.0000000E+30              1645       
 NEXT SEEDS:27153CD9       9       0       0       0       0       9    3039       0       0
  Comptn_2: TXYZ:  0.99999999999871625       U,V,W  0.68438254114355956      -0.55806041923199956       0.46924312020870929     
       1880                   273                   273             9.4720227E-02         1.0000000E+30              1647       
 NEXT SEEDS:27DA236E       9       0       0       0       0       9    3039       0       0
  Comptn_2: TXYZ:  0.99999999999894817       U,V,W  0.14709309773157031      -0.96033980965723087       0.23687775451948312     
  Comptn_2: TXYZ:   1.0000000000010001       U,V,W -0.55190699101784446       0.74573803270388872       0.37319359566525634     
       1920                   233                   233             9.6782124E-02         1.0000000E+30              1862       
 NEXT SEEDS:2D59E320       9       0       0       0       0       9    3039       0       0
  Comptn_2: TXYZ:  0.99999999999787925       U,V,W  0.14675087389318264       0.49408627524319115       0.85693811540027554     
  Comptn_2: TXYZ:  0.99999999999831113       U,V,W -0.43001149506184788       0.78664996044905067      -0.44302590650941909     
       1960                   193                   193             9.6230250E-02         1.0000000E+30              1865       
 NEXT SEEDS:2F41068C       9       0       0       0       0       9    3039       0       0
       2000                   153                   153             9.5421848E-02         1.0000000E+30              1901       
 NEXT SEEDS:30CC59FF       9       0       0       0       0       9    3039       0       0
       2040                   113                   113             9.4363863E-02         1.0000000E+30              1901       
 NEXT SEEDS:31F48587       9       0       0       0       0       9    3039       0       0
       2080                    73                    73             9.3286540E-02         1.0000000E+30              1901       
 NEXT SEEDS:33041FB4       9       0       0       0       0       9    3039       0       0
       2103                    50                    50             9.2920703E-02         1.0000000E+30              1901       
 NEXT SEEDS:33FB5C88       9       0       0       0       0       9    3039       0       0
       2104                    49                    49             9.2929009E-02         1.0000000E+30              1901       
 NEXT SEEDS:340F395A       9       0       0       0       0       9    3039       0       0
       2105                    48                    48             9.2999880E-02         1.0000000E+30              1901       
 NEXT SEEDS:343AF941       9       0       0       0       0       9    3039       0       0
       2106                    47                    47             9.2978022E-02         1.0000000E+30              1901       
 NEXT SEEDS:34437B8B       9       0       0       0       0       9    3039       0       0
       2107                    46                    46             9.2934299E-02         1.0000000E+30              1901       
 NEXT SEEDS:344396CB       9       0       0       0       0       9    3039       0       0
       2108                    45                    45             9.2891342E-02         1.0000000E+30              1901       
 NEXT SEEDS:3443E255       9       0       0       0       0       9    3039       0       0
       2109                    44                    44             9.2896423E-02         1.0000000E+30              1901       
 NEXT SEEDS:345744F6       9       0       0       0       0       9    3039       0       0
       2110                    43                    43             9.2874380E-02         1.0000000E+30              1901       
 NEXT SEEDS:345FC3DC       9       0       0       0       0       9    3039       0       0
       2111                    42                    42             9.2922856E-02         1.0000000E+30              1901       
 NEXT SEEDS:348096BB       9       0       0       0       0       9    3039       0       0
       2112                    41                    41             9.2892173E-02         1.0000000E+30              1902       
 NEXT SEEDS:3485BD2B       9       0       0       0       0       9    3039       0       0
       2113                    40                    40             9.2848666E-02         1.0000000E+30              1902       
 NEXT SEEDS:3485D97F       9       0       0       0       0       9    3039       0       0
       2114                    39                    39             9.2841275E-02         1.0000000E+30              1905       
 NEXT SEEDS:3493EED6       9       0       0       0       0       9    3039       0       0
       2115                    38                    38             9.2800423E-02         1.0000000E+30              1905       
 NEXT SEEDS:3494D9B6       9       0       0       0       0       9    3039       0       0
       2116                    37                    37             9.2788253E-02         1.0000000E+30              1905       
 NEXT SEEDS:349F943C       9       0       0       0       0       9    3039       0       0
       2117                    36                    36             9.2744480E-02         1.0000000E+30              1905       
 NEXT SEEDS:349F9440       9       0       0       0       0       9    3039       0       0
       2118                    35                    35             9.2701196E-02         1.0000000E+30              1905       
 NEXT SEEDS:349FB796       9       0       0       0       0       9    3039       0       0
       2119                    34                    34             9.2657499E-02         1.0000000E+30              1905       
 NEXT SEEDS:349FB79A       9       0       0       0       0       9    3039       0       0
       2120                    33                    33             9.2615606E-02         1.0000000E+30              1905       
 NEXT SEEDS:34A03F82       9       0       0       0       0       9    3039       0       0
       2121                    32                    32             9.2574271E-02         1.0000000E+30              1905       
 NEXT SEEDS:34A0EF1E       9       0       0       0       0       9    3039       0       0
       2122                    31                    31             9.2530702E-02         1.0000000E+30              1905       
 NEXT SEEDS:34A0EF22       9       0       0       0       0       9    3039       0       0
       2123                    30                    30             9.2487168E-02         1.0000000E+30              1905       
 NEXT SEEDS:34A0EF26       9       0       0       0       0       9    3039       0       0
       2124                    29                    29             9.2443674E-02         1.0000000E+30              1905       
 NEXT SEEDS:34A0EF2A       9       0       0       0       0       9    3039       0       0
       2125                    28                    28             9.2436713E-02         1.0000000E+30              1905       
 NEXT SEEDS:34AFB067       9       0       0       0       0       9    3039       0       0
       2126                    27                    27             9.2394627E-02         1.0000000E+30              1905       
 NEXT SEEDS:34B016BB       9       0       0       0       0       9    3039       0       0
       2127                    26                    26             9.2351245E-02         1.0000000E+30              1905       
 NEXT SEEDS:34B016BF       9       0       0       0       0       9    3039       0       0
       2128                    25                    25             9.2346231E-02         1.0000000E+30              1905       
 NEXT SEEDS:34BF8EF0       9       0       0       0       0       9    3039       0       0
       2129                    24                    24             9.2302920E-02         1.0000000E+30              1905       
 NEXT SEEDS:34BF8F09       9       0       0       0       0       9    3039       0       0
       2130                    23                    23             9.2381089E-02         1.0000000E+30              1905       
 NEXT SEEDS:34EFE66A       9       0       0       0       0       9    3039       0       0
       2131                    22                    22             9.2395494E-02         1.0000000E+30              1905       
 NEXT SEEDS:3503629C       9       0       0       0       0       9    3039       0       0
       2132                    21                    21             9.4568768E-02         1.0000000E+30              1905       
 NEXT SEEDS:380CC945       9       0       0       0       0       9    3039       0       0
       2133                    20                    20             9.4597857E-02         1.0000000E+30              1905       
 NEXT SEEDS:3829AC9F       9       0       0       0       0       9    3039       0       0
       2134                    19                    19             9.4554551E-02         1.0000000E+30              1905       
 NEXT SEEDS:3829F4D1       9       0       0       0       0       9    3039       0       0
       2135                    18                    18             9.4564487E-02         1.0000000E+30              1905       
 NEXT SEEDS:383EBA3D       9       0       0       0       0       9    3039       0       0
       2136                    17                    17             9.4520279E-02         1.0000000E+30              1905       
 NEXT SEEDS:383EBA41       9       0       0       0       0       9    3039       0       0
       2137                    16                    16             9.4493721E-02         1.0000000E+30              1910       
 NEXT SEEDS:384595CF       9       0       0       0       0       9    3039       0       0
       2138                    15                    15             9.4451808E-02         1.0000000E+30              1910       
 NEXT SEEDS:38464584       9       0       0       0       0       9    3039       0       0
       2139                    14                    14             9.4426391E-02         1.0000000E+30              1910       
 NEXT SEEDS:384D98F7       9       0       0       0       0       9    3039       0       0
       2140                    13                    13             9.4388933E-02         1.0000000E+30              1910       
 NEXT SEEDS:384F973B       9       0       0       0       0       9    3039       0       0
       2141                    12                    12             9.4345410E-02         1.0000000E+30              1910       
 NEXT SEEDS:384FBECE       9       0       0       0       0       9    3039       0       0
       2142                    11                    11             9.4305225E-02         1.0000000E+30              1910       
 NEXT SEEDS:38510132       9       0       0       0       0       9    3039       0       0
       2143                    10                    10             9.4265071E-02         1.0000000E+30              1910       
 NEXT SEEDS:38523062       9       0       0       0       0       9    3039       0       0
       2144                     9                     9             9.4221154E-02         1.0000000E+30              1910       
 NEXT SEEDS:38523066       9       0       0       0       0       9    3039       0       0
       2145                     8                     8             9.4177278E-02         1.0000000E+30              1910       
 NEXT SEEDS:3852306A       9       0       0       0       0       9    3039       0       0
       2146                     7                     7             9.4133450E-02         1.0000000E+30              1910       
 NEXT SEEDS:3852306E       9       0       0       0       0       9    3039       0       0
       2147                     6                     6             9.4098553E-02         1.0000000E+30              1910       
 NEXT SEEDS:385580F6       9       0       0       0       0       9    3039       0       0
       2148                     5                     5             9.4162879E-02         1.0000000E+30              1910       
 NEXT SEEDS:38811B22       9       0       0       0       0       9    3039       0       0
       2149                     4                     4             9.4119708E-02         1.0000000E+30              1910       
 NEXT SEEDS:388149CA       9       0       0       0       0       9    3039       0       0
       2150                     3                     3             9.4216702E-02         1.0000000E+30              1910       
 NEXT SEEDS:38B607EE       9       0       0       0       0       9    3039       0       0
       2151                     2                     2             9.4290580E-02         1.0000000E+30              1910       
 NEXT SEEDS:38DF86C8       9       0       0       0       0       9    3039       0       0
       2152                     1                     1             9.4247531E-02         1.0000000E+30              1910       
 NEXT SEEDS:38DFC16F       9       0       0       0       0       9    3039       0       0
       2153                     0                     1             9.4204358E-02         1.0000000E+30              1910       
 NEXT SEEDS:38DFEDE2       9       0       0       0       0       9    3039       0       0
