1NUMBER OF BEAM       NUMBER OF BEAM        APPROXIMATE NUMBER    AVERAGE TIME USED     TIME LEFT (RESERVED   NUMBER OF STARS
 PARTICLES HANDLED    PARTICLES LEFT        OF BEAM PARTICLES     BY A BEAM PARTICLE     10000.0 SECONDS      CREATED
                                            THAT CAN STILL BE                           FOR PRINTOUT)
                                            HANDLED

 NEXT SEEDS:355AF893       7       0       0       0       0      2D    3039       0       0
          1                  2846                  2846             0.0000000E+00         1.0000000E+30                 0       
 NEXT SEEDS:355AF897       7       0       0       0       0      2D    3039       0       0
  Comptn_2: TXYZ:  0.99999999999738109       U,V,W -0.25751264835848531      -0.49633349396899007      -0.82905988848654033     
  Comptn_2: TXYZ:   1.0000000000033356       U,V,W  0.77816056014594892       0.23429386020163179      -0.58272852144759213     
         50                  2797                  2797             2.3895786E-01         1.0000000E+30                 3       
 NEXT SEEDS: 2560C42       8       0       0       0       0      2D    3039       0       0
  Comptn_2: TXYZ:  0.99999999999699307       U,V,W  0.87522180055244547       0.47458005019794314       -9.3597947567488404E-002
        100                  2747                  2747             1.9023715E-01         1.0000000E+30                12       
 NEXT SEEDS: 762B855       8       0       0       0       0      2D    3039       0       0
  Comptn_2: TXYZ:   1.0000000000010663       U,V,W -0.16420911054085430      -0.62525027642827524       0.76295311772271646     
  Comptn_2: TXYZ:  0.99999999999673639       U,V,W  0.74394543824658310       0.63684997001185906       0.20240380580594319     
  Comptn_2: TXYZ:  0.99999999999877687       U,V,W  0.90373839361396691      -0.41991271918453776        8.3247967986437743E-002
        150                  2697                  2697             3.0514829E-01         1.0000000E+30                20       
 NEXT SEEDS:19D7440F       8       0       0       0       0      2D    3039       0       0
  Comptn_2: TXYZ:  0.99999999999798872       U,V,W  0.54855337466257481       0.46547457908500789       0.69456649168378704     
  Comptn_2: TXYZ:   1.0000000000018439       U,V,W -0.65154013705152636      -0.74483088614466197      -0.14395277301142784     
  Comptn_2: TXYZ:   1.0000000000024030       U,V,W -0.24394426014899295       0.90241900024082966      -0.35514946986741336     
  Comptn_2: TXYZ:  0.99999999999829670       U,V,W  0.46794802526716239      -0.85015261519134100      -0.24138180654345831     
  Comptn_2: TXYZ:   1.0000000000037181       U,V,W -0.79411999453363791      -0.27568545126415245       0.54163730138063215     
        200                  2647                  2647             2.6840834E-01         1.0000000E+30                25       
 NEXT SEEDS:1F82376C       8       0       0       0       0      2D    3039       0       0
        250                  2597                  2597             2.3805892E-01         1.0000000E+30                33       
 NEXT SEEDS:23B34C8C       8       0       0       0       0      2D    3039       0       0
  Comptn_2: TXYZ:   1.0000000000188680       U,V,W -0.54228178716749298      -0.17490122431047439      -0.82179074286584353     
        300                  2547                  2547             2.3243715E-01         1.0000000E+30                78       
 NEXT SEEDS:2B18EFD6       8       0       0       0       0      2D    3039       0       0
  Comptn_2: TXYZ:   1.0000000000030533       U,V,W -0.63635422657200280      -0.49306323256756457       0.59324695280888307     
        350                  2497                  2497             2.1528082E-01         1.0000000E+30               110       
 NEXT SEEDS:2F008639       8       0       0       0       0      2D    3039       0       0
  Comptn_2: TXYZ:   1.0000000000057607       U,V,W  0.30084824210906902      -0.45165074860019416      -0.83994162684946616     
  Comptn_2: TXYZ:   1.0000000000014850       U,V,W   2.8652901961578436E-002  0.30327785301817872       0.95247128832282879     
  Comptn_2: TXYZ:   1.0000000000022240       U,V,W   4.9120861747265820E-002  0.86740748767321207      -0.49516804346794885     
        400                  2447                  2447             2.1535920E-01         1.0000000E+30               183       
 NEXT SEEDS:36BC88F2       8       0       0       0       0      2D    3039       0       0
        450                  2397                  2397             2.0603969E-01         1.0000000E+30               184       
 NEXT SEEDS:3B7C741A       8       0       0       0       0      2D    3039       0       0
  Comptn_2: TXYZ:   1.0000000000013649       U,V,W  0.84652184789717166        8.3966084114166506E-002 -0.52569045811452142     
        500                  2347                  2347             2.0051661E-01         1.0000000E+30               187       
 NEXT SEEDS: 5375F74       9       0       0       0       0      2D    3039       0       0
  Comptn_2: TXYZ:  0.99999999999762890       U,V,W -0.19274211103355299      -0.74956888350731532       0.63324321355191415     
        550                  2297                  2297             2.0071633E-01         1.0000000E+30               191       
 NEXT SEEDS: C48B46D       9       0       0       0       0      2D    3039       0       0
  Comptn_2: TXYZ:  0.99999999999896239       U,V,W  0.87032663115141418       0.48463121743211701        8.7545063812054735E-002
  Comptn_2: TXYZ:  0.99999999999894185       U,V,W  0.82194890558987055       0.19997466638267802       0.53330116201232158     
        600                  2247                  2247             2.0093685E-01         1.0000000E+30               196       
 NEXT SEEDS:138EFA05       9       0       0       0       0      2D    3039       0       0
  Comptn_2: TXYZ:  0.99999999998752420       U,V,W  0.52127473444231498      -0.55496654113937893       0.64829375242663900     
  Comptn_2: TXYZ:  0.99999999998862688       U,V,W  -4.2414547723694795E-002  0.78148988032253897      -0.62247455617357161     
  Comptn_2: TXYZ:  0.99999999999716260       U,V,W  0.50449025032824579      -0.85731081276345833       0.10250735407650069     
        650                  2197                  2197             2.3354890E-01         1.0000000E+30               209       
 NEXT SEEDS:2A0B45DA       9       0       0       0       0      2D    3039       0       0
  Comptn_2: TXYZ:   1.0000000000013591       U,V,W  0.86906051022162423        1.6665390779891709E-002 -0.49442501385431825     
        700                  2147                  2147             2.2695174E-01         1.0000000E+30               221       
 NEXT SEEDS:2F128FA7       9       0       0       0       0      2D    3039       0       0
  Comptn_2: TXYZ:  0.99999999999886469       U,V,W -0.71230051685273565       -7.9805785679809560E-004 -0.70187416022663740     
  *** Kaon: P_min > 1.5 GeV/c:           24   6.5010085870688323     
  *** Kaon: P_min > 1.5 GeV/c:           24   7.3220076333008137     
  *** Kbar: P_min > 1.8 GeV/c:           16   3.3679963460743720     
  *** Kbar: P_min > 1.8 GeV/c:           16   3.8338919330540144     
  *** Kaon: P_min > 1.5 GeV/c:           24   5.1523873018850983     
  *** Kbar: P_min > 1.8 GeV/c:           16   3.3712818190490497     
  *** Kbar: P_min > 1.8 GeV/c:           16   3.8740309723291753     
  *** Kaon: P_min > 1.5 GeV/c:           15   3.0760167739078104     
  *** Kaon: P_min > 1.5 GeV/c:           15   3.0303270375656584     
  *** Kaon: P_min > 1.5 GeV/c:           15   2.9005092852734942     
  *** Kaon: P_min > 1.5 GeV/c:           24   2.1968807665753327     
  *** Kaon: P_min > 1.5 GeV/c:           24   2.1967194551525573     
  *** Kaon: P_min > 1.5 GeV/c:           24   1.8136718134047640     
  *** Kaon: P_min > 1.5 GeV/c:           24   2.3222000005364301     
  *** Kaon: P_min > 1.5 GeV/c:           15   3.0051501163845815     
  *** Kaon: P_min > 1.5 GeV/c:           15   4.1378863750745056     
  *** Kaon: P_min > 1.5 GeV/c:           24   1.7447993895768521     
  *** Kaon: P_min > 1.5 GeV/c:           24   1.5623900287121553     
  *** Kaon: P_min > 1.5 GeV/c:           24   1.5710752408347721     
        750                  2097                  2097             2.2005126E-01         1.0000000E+30               431       
 NEXT SEEDS:33780321       9       0       0       0       0      2D    3039       0       0
        800                  2047                  2047             2.1926818E-01         1.0000000E+30               435       
 NEXT SEEDS:3AEA397B       9       0       0       0       0      2D    3039       0       0
  Comptn_2: TXYZ:   1.0000000000029483       U,V,W  0.66379246732496711       -4.4925453225062029E-003  0.74790332086580946     
        850                  1997                  1997             2.1958687E-01         1.0000000E+30               443       
 NEXT SEEDS: 749584C       A       0       0       0       0      2D    3039       0       0
  Comptn_2: TXYZ:  0.99999999999401346       U,V,W   9.1374641760211261E-003 -0.81698063055178949       0.57659271244583543     
  Comptn_2: TXYZ:  0.99999999999874634       U,V,W -0.20426938599218403      -0.82744281151889254       0.52307973733536350     
        900                  1947                  1947             2.2710846E-01         1.0000000E+30               452       
 NEXT SEEDS:1446F26A       A       0       0       0       0      2D    3039       0       0
  Comptn_2: TXYZ:  0.99999999999833722       U,V,W -0.91551887190053804        8.8203214060037283E-002  0.39248616309595263     
        950                  1897                  1897             2.2616822E-01         1.0000000E+30               454       
 NEXT SEEDS:1BD2437C       A       0       0       0       0      2D    3039       0       0
  Comptn_2: TXYZ:  0.99999999999882294       U,V,W -0.24073798545143177       0.36560409554288498       0.89909891985358215     
  *** Kaon: P_min > 1.5 GeV/c:           24   1.5234932984941141     
  Comptn_2: TXYZ:  0.99999999999866440       U,V,W -0.40986409121313017      -0.52312811754323540       0.74722714041205052     
       1000                  1847                  1847             2.2684082E-01         1.0000000E+30               568       
 NEXT SEEDS:24730184       A       0       0       0       0      2D    3039       0       0
  Comptn_2: TXYZ:   1.0000000000012843       U,V,W -0.30505051767597280       0.36329546643088406       0.88031845700159650     
  Comptn_2: TXYZ:   1.0000000000080556       U,V,W -0.10067550344089682       0.52051290777421855      -0.84789784517676736     
  Comptn_2: TXYZ:   1.0000000000487876       U,V,W -0.26974783878677044       -2.1531140300295969E-002  0.96269024795934399     
       1050                  1797                  1797             2.3206288E-01         1.0000000E+30               582       
 NEXT SEEDS:3096146D       A       0       0       0       0      2D    3039       0       0
       1100                  1747                  1747             2.3342319E-01         1.0000000E+30               585       
 NEXT SEEDS:3A3591D0       A       0       0       0       0      2D    3039       0       0
  Comptn_2: TXYZ:   1.0000000000033344       U,V,W -0.11452077953336470       0.43091276901883535      -0.89509730004895260     
  Comptn_2: TXYZ:  0.99999999999740197       U,V,W -0.48187383536890138       -7.2294961306296202E-002 -0.87325313933245496     
       1150                  1697                  1697             2.3931872E-01         1.0000000E+30               593       
 NEXT SEEDS: BD065F1       B       0       0       0       0      2D    3039       0       0
  Comptn_2: TXYZ:  0.99999999999690459       U,V,W -0.83004417093192995       0.10140929839599266       0.54840024480087735     
  Comptn_2: TXYZ:  0.99999999999874278       U,V,W  0.22792469120732761       0.68749120680146092       0.68949704546680834     
       1200                  1647                  1647             2.3993289E-01         1.0000000E+30               794       
 NEXT SEEDS:15216535       B       0       0       0       0      2D    3039       0       0
  Comptn_2: TXYZ:  0.99999999999879152       U,V,W  0.12264398290465550      -0.98715675454844387      -0.10237184869610161     
       1250                  1597                  1597             2.3879204E-01         1.0000000E+30              1375       
 NEXT SEEDS:1CD0680F       B       0       0       0       0      2D    3039       0       0
  Comptn_2: TXYZ:   1.0000000000017941       U,V,W -0.53211062993830538      -0.50223567057012275       0.68162864428912684     
       1300                  1547                  1547             2.3490937E-01         1.0000000E+30              1377       
 NEXT SEEDS:21DB0298       B       0       0       0       0      2D    3039       0       0
  Comptn_2: TXYZ:  0.99999999999705858       U,V,W   5.4169176637451244E-002 -0.34740672259006544      -0.93614863638137535     
  Comptn_2: TXYZ:   1.0000000000012743       U,V,W  0.30473453192192324       0.85963052980036070       0.41008806040989754     
       1350                  1497                  1497             2.4145883E-01         1.0000000E+30              1378       
 NEXT SEEDS:30CB3094       B       0       0       0       0      2D    3039       0       0
       1400                  1447                  1447             2.3787012E-01         1.0000000E+30              1457       
 NEXT SEEDS:360A0C29       B       0       0       0       0      2D    3039       0       0
       1450                  1397                  1397             2.3345217E-01         1.0000000E+30              1470       
 NEXT SEEDS:3A211904       B       0       0       0       0      2D    3039       0       0
  Comptn_2: TXYZ:   1.0000000000017408       U,V,W -0.75550535315216649      -0.30380566516577101       0.58044274409569852     
  Comptn_2: TXYZ:  0.99999999999815148       U,V,W -0.94528836237184422        6.0476689755953217E-002  0.32058147475902388     
       1500                  1347                  1347             2.3194479E-01         1.0000000E+30              1476       
 NEXT SEEDS: 5868A87       C       0       0       0       0      2D    3039       0       0
  Comptn_2: TXYZ:   1.0000000000017919       U,V,W  0.15146787876088297      -0.65533857002272100       0.73999245965485727     
  Comptn_2: TXYZ:  0.99999999999771072       U,V,W -0.57280104212587446       0.40907076317692104       0.71032392389041377     
  Comptn_2: TXYZ:  0.99999999999738098       U,V,W  0.73690557453704741       0.31327901032346972       0.59902123159730536     
       1550                  1297                  1297             2.3881549E-01         1.0000000E+30              1539       
 NEXT SEEDS:15F05E44       C       0       0       0       0      2D    3039       0       0
  Comptn_2: TXYZ:   1.0000000000010032       U,V,W -0.53079840042768467       -1.3841443617430116E-002  0.84738507925440842     
  Comptn_2: TXYZ:   1.0000000000014453       U,V,W -0.63938704359432563      -0.10541541559523893       0.76162444724420197     
       1600                  1247                  1247             2.3952105E-01         1.0000000E+30              1610       
 NEXT SEEDS:1F81B554       C       0       0       0       0      2D    3039       0       0
       1650                  1197                  1197             2.4004809E-01         1.0000000E+30              1882       
 NEXT SEEDS:29040F58       C       0       0       0       0      2D    3039       0       0
  Comptn_2: TXYZ:  0.99999999999833789       U,V,W -0.22733823974020595      -0.50408629944850247       0.83319525170183084     
  Comptn_2: TXYZ:  0.99999999999842903       U,V,W  -3.2582783743706045E-002  0.77590278300636584      -0.63001050271000736     
  Comptn_2: TXYZ:  0.99999999998479661       U,V,W   2.4288362232683269E-002  0.62111245036078344       0.78334500665522455     
       1700                  1147                  1147             2.4595680E-01         1.0000000E+30              1939       
 NEXT SEEDS:397383DB       C       0       0       0       0      2D    3039       0       0
  Comptn_2: TXYZ:  0.99999999998322919       U,V,W -0.53208615554419225       0.63391858873487195      -0.56127671064976425     
       1750                  1097                  1097             2.4480677E-01         1.0000000E+30              1947       
 NEXT SEEDS: 5912D89       D       0       0       0       0      2D    3039       0       0
  Comptn_2: TXYZ:   1.0000000000050400       U,V,W -0.56726602749724009       0.18548231789495162      -0.80237495212703180     
       1800                  1047                  1047             2.4141865E-01         1.0000000E+30              1957       
 NEXT SEEDS: A23DCB2       D       0       0       0       0      2D    3039       0       0
  Comptn_2: TXYZ:  0.99999999999897815       U,V,W -0.54305987306949532      -0.78441447497009165       0.29963295165605075     
       1850                   997                   997             2.3835672E-01         1.0000000E+30              1998       
 NEXT SEEDS: EFC3F41       D       0       0       0       0      2D    3039       0       0
  Comptn_2: TXYZ:   1.0000000000027036       U,V,W -0.67905471598896838       0.32391638389011312      -0.65875858168482182     
       1900                   947                   947             2.3633378E-01         1.0000000E+30              2007       
 NEXT SEEDS:14F385CB       D       0       0       0       0      2D    3039       0       0
  Comptn_2: TXYZ:   1.0000000000023750       U,V,W -0.46390414666603519      -0.44212576013036653       0.76767034261952460     
  *** Hhflev: call to Hadriv !! ***  0.51997460535703866        3.5000000000000000        1.3820742411143339               14 T F T
  *** Hhflev: call to Hadriv !! ***  0.86921358921426850        3.5000000000000000        1.5989220671824265               14 T F T
  *** Hhflev: call to Hadriv !! ***  0.84670419105076045        3.5000000000000000        1.5858129088403110               13 T F T
       1950                   897                   897             2.3826211E-01         1.0000000E+30              4691       
 NEXT SEEDS:2083BFD0       D       0       0       0       0      2D    3039       0       0
  Comptn_2: TXYZ:   1.0000000000011364       U,V,W -0.85689011362510215       0.14703902721771911      -0.49408385689836365     
       2000                   847                   847             2.3701258E-01         1.0000000E+30              4829       
 NEXT SEEDS:27904FA0       D       0       0       0       0      2D    3039       0       0
       2050                   797                   797             2.3506519E-01         1.0000000E+30              4841       
 NEXT SEEDS:2D559FED       D       0       0       0       0      2D    3039       0       0
  Comptn_2: TXYZ:  0.99999999999551759       U,V,W  0.70582897658392341        5.5026531100452303E-002  0.70624184008387658     
  Comptn_2: TXYZ:  0.99999999999235389       U,V,W   5.4794251717686038E-002   9.3372885628383528E-002  0.99412227326445191     
       2100                   747                   747             2.3772112E-01         1.0000000E+30              4893       
 NEXT SEEDS:3A30121B       D       0       0       0       0      2D    3039       0       0
  Comptn_2: TXYZ:   1.0000000000035052       U,V,W -0.38402969890492833      -0.44310780398404859      -0.81004732232810284     
  Comptn_2: TXYZ:  0.99999999999174638       U,V,W  0.76168084366224775      -0.42817807736490465       0.48631864703484950     
       2150                   697                   697             2.3733189E-01         1.0000000E+30              4926       
 NEXT SEEDS: 6D5A74C       E       0       0       0       0      2D    3039       0       0
       2200                   647                   647             2.3578264E-01         1.0000000E+30              4928       
 NEXT SEEDS: D1D9AE1       E       0       0       0       0      2D    3039       0       0
  Comptn_2: TXYZ:  0.99999999999755340       U,V,W   2.2771659140502720E-002  0.99857051852279022        4.8356706615194867E-002
  Comptn_2: TXYZ:   1.0000000000017839       U,V,W  0.33940641831948426       0.75035490929658266      -0.56724844054421197     
       2250                   597                   597             2.3383825E-01         1.0000000E+30              4932       
 NEXT SEEDS:129C1972       E       0       0       0       0      2D    3039       0       0
  Comptn_2: TXYZ:  0.99999999998766398       U,V,W  0.13197476752097259       -9.0546432815692413E-002 -0.98710891204051165     
       2300                   547                   547             2.3289280E-01         1.0000000E+30              4957       
 NEXT SEEDS:19A9C13B       E       0       0       0       0      2D    3039       0       0
  Comptn_2: TXYZ:   1.0000000000015368       U,V,W  0.58981124806328467       0.78188268341617118       0.20194593591725152     
       2350                   497                   497             2.3552376E-01         1.0000000E+30              4971       
 NEXT SEEDS:26F16F7E       E       0       0       0       0      2D    3039       0       0
  Comptn_2: TXYZ:   1.0000000000113858       U,V,W -0.27455450727859443       0.93781345213340472       0.21242822680147810     
  Comptn_2: TXYZ:   1.0000000000014082       U,V,W -0.15466274052751317       0.30931864257334113       0.93829708197911010     
       2400                   447                   447             2.3398392E-01         1.0000000E+30              4975       
 NEXT SEEDS:2CF8E70C       E       0       0       0       0      2D    3039       0       0
  Comptn_2: TXYZ:  0.99999999999643174       U,V,W  -4.2125924586713381E-002 -0.98396069200778635      -0.17334002151178041     
  Comptn_2: TXYZ:  0.99999999999772005       U,V,W  0.97358539302247138      -0.20593139993863474       -9.8609031078872533E-002
       2450                   397                   397             2.3309780E-01         1.0000000E+30              4983       
 NEXT SEEDS:340737BF       E       0       0       0       0      2D    3039       0       0
  Comptn_2: TXYZ:  0.99999999999891809       U,V,W -0.19216389645903575       0.97572296916080603       0.10506057466347585     
  Comptn_2: TXYZ:  0.99999999998638400       U,V,W -0.86972132016791193       0.42029622424516333      -0.25871975014874238     
       2500                   347                   347             2.3346580E-01         1.0000000E+30              4988       
 NEXT SEEDS: 1D10D4E       F       0       0       0       0      2D    3039       0       0
  Comptn_2: TXYZ:  0.99999999999549138       U,V,W -0.20922149686447256       0.44647948823185146      -0.86998990329400083     
  Comptn_2: TXYZ:  0.99999999999197819       U,V,W  0.23906795161229866       0.82767546708801731       0.50773992918078648     
       2550                   297                   297             2.3776205E-01         1.0000000E+30              4996       
 NEXT SEEDS:128D3FC0       F       0       0       0       0      2D    3039       0       0
  *** Hhflev: call to Hadriv !! ***  0.43149433381630570        3.5000000000000000        1.3231998002071672               14 T F T
  *** Hhflev: call to Hadriv !! ***  0.77346690284066955        3.5000000000000000        1.5424598063418562               14 T F T
       2600                   247                   247             2.3706808E-01         1.0000000E+30              5933       
 NEXT SEEDS:1A04C4A1       F       0       0       0       0      2D    3039       0       0
  Comptn_2: TXYZ:  0.99999999999862033       U,V,W  0.45002037239535397      -0.89102221269260795        5.9674792971037505E-002
       2650                   197                   197             2.3448330E-01         1.0000000E+30              5937       
 NEXT SEEDS:1DB38329       F       0       0       0       0      2D    3039       0       0
  Comptn_2: TXYZ:  0.99999999999867895       U,V,W  0.69294382757787787      -0.53682954756365575      -0.48129293437884568     
  Comptn_2: TXYZ:  0.99999999999414591       U,V,W -0.97697361438352459       0.16206389403451738      -0.13877265956558915     
  Comptn_2: TXYZ:   1.0000000000185585       U,V,W -0.47372513929559545       0.27024303830188501      -0.83818446219629550     
       2700                   147                   147             2.3433555E-01         1.0000000E+30              5953       
 NEXT SEEDS:2628BA30       F       0       0       0       0      2D    3039       0       0
  Comptn_2: TXYZ:  0.99999999999869005       U,V,W -0.30784810881494451       0.81594747094783315      -0.48934575358491372     
       2750                    97                    97             2.3645175E-01         1.0000000E+30              5954       
 NEXT SEEDS:33379F58       F       0       0       0       0      2D    3039       0       0
  Comptn_2: TXYZ:   1.0000000000050049       U,V,W -0.69862103316053847      -0.64920045703563289       0.30077802216158034     
  Comptn_2: TXYZ:  0.99999999999884193       U,V,W  0.48325054578514415      -0.73401466857708897       0.47717017542053952     
       2797                    50                    50             2.3908189E-01         1.0000000E+30              6057       
 NEXT SEEDS: 538DFB8      10       0       0       0       0      2D    3039       0       0
       2798                    49                    49             2.3913369E-01         1.0000000E+30              6057       
 NEXT SEEDS: 584B012      10       0       0       0       0      2D    3039       0       0
       2799                    48                    48             2.3912432E-01         1.0000000E+30              6057       
 NEXT SEEDS: 5ABC834      10       0       0       0       0      2D    3039       0       0
       2800                    47                    47             2.3903896E-01         1.0000000E+30              6057       
 NEXT SEEDS: 5ABC838      10       0       0       0       0      2D    3039       0       0
       2801                    46                    46             2.3906333E-01         1.0000000E+30              6057       
 NEXT SEEDS: 5E62FAB      10       0       0       0       0      2D    3039       0       0
       2802                    45                    45             2.3899047E-01         1.0000000E+30              6057       
 NEXT SEEDS: 5ED1274      10       0       0       0       0      2D    3039       0       0
       2803                    44                    44             2.3892442E-01         1.0000000E+30              6057       
 NEXT SEEDS: 5F7563C      10       0       0       0       0      2D    3039       0       0
       2804                    43                    43             2.3883923E-01         1.0000000E+30              6057       
 NEXT SEEDS: 5F75640      10       0       0       0       0      2D    3039       0       0
       2805                    42                    42             2.3880935E-01         1.0000000E+30              6058       
 NEXT SEEDS: 613F347      10       0       0       0       0      2D    3039       0       0
       2806                    41                    41             2.3872429E-01         1.0000000E+30              6058       
 NEXT SEEDS: 613F34B      10       0       0       0       0      2D    3039       0       0
       2807                    40                    40             2.3863929E-01         1.0000000E+30              6058       
 NEXT SEEDS: 613F34F      10       0       0       0       0      2D    3039       0       0
  Comptn_2: TXYZ:  0.99999999999575284       U,V,W -0.44252515343873000       0.30966013940646064      -0.84159496590257277     
       2808                    39                    39             2.3874997E-01         1.0000000E+30              6058       
 NEXT SEEDS: 67CE930      10       0       0       0       0      2D    3039       0       0
       2809                    38                    38             2.3870930E-01         1.0000000E+30              6058       
 NEXT SEEDS: 6954B66      10       0       0       0       0      2D    3039       0       0
       2810                    37                    37             2.3862440E-01         1.0000000E+30              6058       
 NEXT SEEDS: 6954B6A      10       0       0       0       0      2D    3039       0       0
       2811                    36                    36             2.3853955E-01         1.0000000E+30              6058       
 NEXT SEEDS: 6954B6E      10       0       0       0       0      2D    3039       0       0
       2812                    35                    35             2.3851521E-01         1.0000000E+30              6062       
 NEXT SEEDS: 6B4D3CD      10       0       0       0       0      2D    3039       0       0
       2813                    34                    34             2.3852218E-01         1.0000000E+30              6062       
 NEXT SEEDS: 6E90A6C      10       0       0       0       0      2D    3039       0       0
       2814                    33                    33             2.3866633E-01         1.0000000E+30              6063       
 NEXT SEEDS: 763F407      10       0       0       0       0      2D    3039       0       0
       2815                    32                    32             2.3859389E-01         1.0000000E+30              6064       
 NEXT SEEDS: 76ACB6F      10       0       0       0       0      2D    3039       0       0
       2816                    31                    31             2.3850920E-01         1.0000000E+30              6064       
 NEXT SEEDS: 76ACB73      10       0       0       0       0      2D    3039       0       0
       2817                    30                    30             2.3961263E-01         1.0000000E+30              6064       
 NEXT SEEDS: 9E66A30      10       0       0       0       0      2D    3039       0       0
       2818                    29                    29             2.3952764E-01         1.0000000E+30              6064       
 NEXT SEEDS: 9E66A34      10       0       0       0       0      2D    3039       0       0
       2819                    28                    28             2.3956243E-01         1.0000000E+30              6064       
 NEXT SEEDS: A25B165      10       0       0       0       0      2D    3039       0       0
       2820                    27                    27             2.3960807E-01         1.0000000E+30              6064       
 NEXT SEEDS: A6BD548      10       0       0       0       0      2D    3039       0       0
       2821                    26                    26             2.3953709E-01         1.0000000E+30              6064       
 NEXT SEEDS: A733108      10       0       0       0       0      2D    3039       0       0
       2822                    25                    25             2.3945225E-01         1.0000000E+30              6064       
 NEXT SEEDS: A73310C      10       0       0       0       0      2D    3039       0       0
       2823                    24                    24             2.3936747E-01         1.0000000E+30              6064       
 NEXT SEEDS: A733110      10       0       0       0       0      2D    3039       0       0
       2824                    23                    23             2.3928273E-01         1.0000000E+30              6064       
 NEXT SEEDS: A733114      10       0       0       0       0      2D    3039       0       0
       2825                    22                    22             2.3919808E-01         1.0000000E+30              6064       
 NEXT SEEDS: A733118      10       0       0       0       0      2D    3039       0       0
       2826                    21                    21             2.3914244E-01         1.0000000E+30              6064       
 NEXT SEEDS: A8388FA      10       0       0       0       0      2D    3039       0       0
       2827                    20                    20             2.3911452E-01         1.0000000E+30              6064       
 NEXT SEEDS: AA1DEE3      10       0       0       0       0      2D    3039       0       0
       2828                    19                    19             2.3909053E-01         1.0000000E+30              6064       
 NEXT SEEDS: AC28CA5      10       0       0       0       0      2D    3039       0       0
       2829                    18                    18             2.3900606E-01         1.0000000E+30              6064       
 NEXT SEEDS: AC28CA9      10       0       0       0       0      2D    3039       0       0
       2830                    17                    17             2.3900050E-01         1.0000000E+30              6065       
 NEXT SEEDS: AED2FC7      10       0       0       0       0      2D    3039       0       0
       2831                    16                    16             2.3891612E-01         1.0000000E+30              6065       
 NEXT SEEDS: AED2FCB      10       0       0       0       0      2D    3039       0       0
       2832                    15                    15             2.3883180E-01         1.0000000E+30              6065       
 NEXT SEEDS: AED2FCF      10       0       0       0       0      2D    3039       0       0
       2833                    14                    14             2.3874751E-01         1.0000000E+30              6065       
 NEXT SEEDS: AED2FD3      10       0       0       0       0      2D    3039       0       0
       2834                    13                    13             2.3868250E-01         1.0000000E+30              6065       
 NEXT SEEDS: AF7EC86      10       0       0       0       0      2D    3039       0       0
       2835                    12                    12             2.3872904E-01         1.0000000E+30              6065       
 NEXT SEEDS: B3E280F      10       0       0       0       0      2D    3039       0       0
       2836                    11                    11             2.3864490E-01         1.0000000E+30              6065       
 NEXT SEEDS: B3E2813      10       0       0       0       0      2D    3039       0       0
       2837                    10                    10             2.3862087E-01         1.0000000E+30              6065       
 NEXT SEEDS: B5E6BB7      10       0       0       0       0      2D    3039       0       0
       2838                     9                     9             2.3855561E-01         1.0000000E+30              6065       
 NEXT SEEDS: B68DF92      10       0       0       0       0      2D    3039       0       0
       2839                     8                     8             2.3879340E-01         1.0000000E+30              6065       
 NEXT SEEDS: C17CA47      10       0       0       0       0      2D    3039       0       0
       2840                     7                     7             2.3870936E-01         1.0000000E+30              6065       
 NEXT SEEDS: C17CA4B      10       0       0       0       0      2D    3039       0       0
       2841                     6                     6             2.3862536E-01         1.0000000E+30              6065       
 NEXT SEEDS: C17CA4F      10       0       0       0       0      2D    3039       0       0
       2842                     5                     5             2.3854990E-01         1.0000000E+30              6065       
 NEXT SEEDS: C1C92DC      10       0       0       0       0      2D    3039       0       0
       2843                     4                     4             2.3846603E-01         1.0000000E+30              6065       
 NEXT SEEDS: C1C92E0      10       0       0       0       0      2D    3039       0       0
       2844                     3                     3             2.3838220E-01         1.0000000E+30              6065       
 NEXT SEEDS: C1C92E4      10       0       0       0       0      2D    3039       0       0
       2845                     2                     2             2.3829846E-01         1.0000000E+30              6065       
 NEXT SEEDS: C1C92E8      10       0       0       0       0      2D    3039       0       0
       2846                     1                     1             2.3825204E-01         1.0000000E+30              6065       
 NEXT SEEDS: C31C8C9      10       0       0       0       0      2D    3039       0       0
       2847                     0                     1             2.3819546E-01         1.0000000E+30              6065       
 NEXT SEEDS: C404172      10       0       0       0       0      2D    3039       0       0
