1NUMBER OF BEAM       NUMBER OF BEAM        APPROXIMATE NUMBER    AVERAGE TIME USED     TIME LEFT (RESERVED   NUMBER OF STARS
 PARTICLES HANDLED    PARTICLES LEFT        OF BEAM PARTICLES     BY A BEAM PARTICLE     10000.0 SECONDS      CREATED
                                            THAT CAN STILL BE                           FOR PRINTOUT)
                                            HANDLED

 NEXT SEEDS:       0       0       0       0       0       0      3F    3039       0       0
          1                  2152                  2152             8.1062317E-05         1.0000000E+30                 0       
 NEXT SEEDS:       4       0       0       0       0       0      3F    3039       0       0
         40                  2113                  2113             3.8281775E-02         1.0000000E+30                 2       
 NEXT SEEDS: 11B12D2       0       0       0       0       0      3F    3039       0       0
         80                  2073                  2073             5.7189637E-02         1.0000000E+30                14       
 NEXT SEEDS: 3515DEC       0       0       0       0       0      3F    3039       0       0
        120                  2033                  2033             5.6195410E-02         1.0000000E+30                15       
 NEXT SEEDS: 4E3E62D       0       0       0       0       0      3F    3039       0       0
  Comptn_2: TXYZ:  0.99999999999869860       U,V,W -0.32996554533433198       0.91137516920217010       0.24600414600699594     
        160                  1993                  1993             7.8755468E-02         1.0000000E+30                16       
 NEXT SEEDS: 9073B88       0       0       0       0       0      3F    3039       0       0
        200                  1953                  1953             7.6499543E-02         1.0000000E+30                21       
 NEXT SEEDS: AF4C9FC       0       0       0       0       0      3F    3039       0       0
        240                  1913                  1913             8.3335292E-02         1.0000000E+30                23       
 NEXT SEEDS: E60AD45       0       0       0       0       0      3F    3039       0       0
  Comptn_2: TXYZ:   1.0000000000024944       U,V,W  -2.3145415609107545E-002  0.59092495015558200       0.80639444009888805     
        280                  1873                  1873             7.9694309E-02         1.0000000E+30                26       
 NEXT SEEDS:100A3DA6       0       0       0       0       0      3F    3039       0       0
        320                  1833                  1833             7.7119997E-02         1.0000000E+30                28       
 NEXT SEEDS:11C1CBD1       0       0       0       0       0      3F    3039       0       0
        360                  1793                  1793             7.7367107E-02         1.0000000E+30                30       
 NEXT SEEDS:13F7219D       0       0       0       0       0      3F    3039       0       0
  Comptn_2: TXYZ:  0.99999999999840217       U,V,W  0.29854806518258670      -0.55684217535762404       0.77511021443219619     
  Comptn_2: TXYZ:   1.0000000000012623       U,V,W -0.39037527699170482      -0.50825623638194073      -0.76764753715085732     
        400                  1753                  1753             8.4434559E-02         1.0000000E+30                48       
 NEXT SEEDS:1821EB55       0       0       0       0       0      3F    3039       0       0
        440                  1713                  1713             8.8988038E-02         1.0000000E+30                60       
 NEXT SEEDS:1C1B43F5       0       0       0       0       0      3F    3039       0       0
  Comptn_2: TXYZ:   1.0000000000026539       U,V,W -0.69128442100998910      -0.16564362875536176      -0.70334062695417643     
        480                  1673                  1673             9.6783640E-02         1.0000000E+30                62       
 NEXT SEEDS:212F48E9       0       0       0       0       0      3F    3039       0       0
  Comptn_2: TXYZ:  0.99999999999760847       U,V,W  -1.8995524211206316E-002 -0.62878198333702184      -0.77734959155344718     
        520                  1633                  1633             1.0203822E-01         1.0000000E+30               105       
 NEXT SEEDS:2586D93E       0       0       0       0       0      3F    3039       0       0
        560                  1593                  1593             9.9937856E-02         1.0000000E+30               117       
 NEXT SEEDS:2794E7F3       0       0       0       0       0      3F    3039       0       0
  *** Kbar: P_min > 1.8 GeV/c:           16   1.8880005629845056     
        600                  1553                  1553             1.0117664E-01         1.0000000E+30               145       
 NEXT SEEDS:2B05CC43       0       0       0       0       0      3F    3039       0       0
  Comptn_2: TXYZ:   1.0000000000013132       U,V,W  0.93117187654939926       0.35047601106070658       0.10042660004082116     
        640                  1513                  1513             1.1295909E-01         1.0000000E+30               154       
 NEXT SEEDS:335AD886       0       0       0       0       0      3F    3039       0       0
  Comptn_2: TXYZ:  0.99999999999835598       U,V,W  0.71432978815717973      -0.13765802043506881       0.68613644645913752     
        680                  1473                  1473             1.1881508E-01         1.0000000E+30               155       
 NEXT SEEDS:396EF17B       0       0       0       0       0      3F    3039       0       0
  Comptn_2: TXYZ:   1.0000000000077325       U,V,W  0.84578539958695487       -1.9854810688229918E-002  0.53315367798206381     
  Comptn_2: TXYZ:   1.0000000000040887       U,V,W  0.47658979894784181       0.29495475879053856       0.82816897660426747     
        720                  1433                  1433             1.2571156E-01         1.0000000E+30               156       
 NEXT SEEDS: 4F99199       1       0       0       0       0      3F    3039       0       0
        760                  1393                  1393             1.2116658E-01         1.0000000E+30               158       
 NEXT SEEDS: 619C197       1       0       0       0       0      3F    3039       0       0
        800                  1353                  1353             1.1870124E-01         1.0000000E+30               161       
 NEXT SEEDS: 82B365B       1       0       0       0       0      3F    3039       0       0
        840                  1313                  1313             1.1602441E-01         1.0000000E+30               162       
 NEXT SEEDS: 9FF1725       1       0       0       0       0      3F    3039       0       0
        880                  1273                  1273             1.1287190E-01         1.0000000E+30               174       
 NEXT SEEDS: B59CA5A       1       0       0       0       0      3F    3039       0       0
        920                  1233                  1233             1.1127497E-01         1.0000000E+30               176       
 NEXT SEEDS: D8C18FE       1       0       0       0       0      3F    3039       0       0
  Comptn_2: TXYZ:  0.99999999999884848       U,V,W  0.12147799030050166       0.67793675008240939       0.72501369694585804     
        960                  1193                  1193             1.0824699E-01         1.0000000E+30               177       
 NEXT SEEDS: EA37786       1       0       0       0       0      3F    3039       0       0
  Comptn_2: TXYZ:   1.0000000000026428       U,V,W -0.23461783585715068        5.7887091632814247E-002  0.97036258982024037     
  *** Kaon: P_min > 1.5 GeV/c:           15   5.5971359177658293     
  *** Kaon: P_min > 1.5 GeV/c:           15   5.3451706136001311     
  *** Kaon: P_min > 1.5 GeV/c:           15   5.4919502800519711     
  Comptn_2: TXYZ:   1.0000000000022509       U,V,W  0.43212491165321154      -0.41562142357690135      -0.80032924037227637     
  Comptn_2: TXYZ:   1.0000000000013098       U,V,W   8.5970771841033411E-002  0.46979507507331419      -0.87857931561540070     
       1000                  1153                  1153             1.1504670E-01         1.0000000E+30               226       
 NEXT SEEDS:16E2DB59       1       0       0       0       0      3F    3039       0       0
       1040                  1113                  1113             1.1194978E-01         1.0000000E+30               226       
 NEXT SEEDS:17E023A7       1       0       0       0       0      3F    3039       0       0
  Comptn_2: TXYZ:   1.0000000000011249       U,V,W -0.33920577930711460      -0.29734765574129085      -0.89248182665583542     
       1080                  1073                  1073             1.0976017E-01         1.0000000E+30               238       
 NEXT SEEDS:1963352F       1       0       0       0       0      3F    3039       0       0
       1120                  1033                  1033             1.0891376E-01         1.0000000E+30               238       
 NEXT SEEDS:1BE59C8C       1       0       0       0       0      3F    3039       0       0
  Comptn_2: TXYZ:   1.0000000000588549       U,V,W  0.82977422643654108      -0.34390426495963311      -0.43955044049923231     
  Comptn_2: TXYZ:  0.99999999999824440       U,V,W  0.29853201648768390      -0.12690964349843625       0.94592419226761582     
  Comptn_2: TXYZ:  0.99999999998953004       U,V,W -0.78385075876602173      -0.60325118540993117      -0.14719373381015544     
       1160                   993                   993             1.1136354E-01         1.0000000E+30               239       
 NEXT SEEDS:212BF0B8       1       0       0       0       0      3F    3039       0       0
  Comptn_2: TXYZ:   1.0000000000063844       U,V,W -0.58148958671385742       0.25905203000930399       0.77120808236026051     
       1200                   953                   953             1.1337033E-01         1.0000000E+30               239       
 NEXT SEEDS:2641284A       1       0       0       0       0      3F    3039       0       0
       1240                   913                   913             1.1056306E-01         1.0000000E+30               242       
 NEXT SEEDS:2704B8C2       1       0       0       0       0      3F    3039       0       0
       1280                   873                   873             1.0812122E-01         1.0000000E+30               246       
 NEXT SEEDS:27F164A1       1       0       0       0       0      3F    3039       0       0
       1320                   833                   833             1.0576668E-01         1.0000000E+30               247       
 NEXT SEEDS:28CE28FE       1       0       0       0       0      3F    3039       0       0
       1360                   793                   793             1.0393155E-01         1.0000000E+30               247       
 NEXT SEEDS:2A0B03F0       1       0       0       0       0      3F    3039       0       0
  *** Kaon: P_min > 1.5 GeV/c:           15   6.6521523922756396     
  *** Kbar: P_min > 1.8 GeV/c:           16   29.919123322630529     
  *** Kaon: P_min > 1.5 GeV/c:           24   6.6457376060870512     
  *** Kbar: P_min > 1.8 GeV/c:           16   3.0862779782508736     
  *** Kbar: P_min > 1.8 GeV/c:           16   2.8130753030683522     
  *** Kbar: P_min > 1.8 GeV/c:           16   3.0071851432796244     
  *** Kbar: P_min > 1.8 GeV/c:           16   1.9577649143841278     
  *** Kbar: P_min > 1.8 GeV/c:           16   2.2537944523986613     
       1400                   753                   753             1.0313605E-01         1.0000000E+30               287       
 NEXT SEEDS:2C45BF1A       1       0       0       0       0      3F    3039       0       0
  Comptn_2: TXYZ:   1.0000000000038407       U,V,W  0.39871216423659916      -0.87596368030298777       0.27150734959417377     
       1440                   713                   713             1.0197916E-01         1.0000000E+30               292       
 NEXT SEEDS:2E1279DB       1       0       0       0       0      3F    3039       0       0
       1480                   673                   673             1.0076808E-01         1.0000000E+30               350       
 NEXT SEEDS:2FC2CF63       1       0       0       0       0      3F    3039       0       0
       1520                   633                   633             9.9228845E-02         1.0000000E+30               354       
 NEXT SEEDS:30FD2C0E       1       0       0       0       0      3F    3039       0       0
       1560                   593                   593             9.9198039E-02         1.0000000E+30               358       
 NEXT SEEDS:33CFC920       1       0       0       0       0      3F    3039       0       0
       1600                   553                   553             9.9162059E-02         1.0000000E+30               359       
 NEXT SEEDS:36AA9567       1       0       0       0       0      3F    3039       0       0
       1640                   513                   513             9.7748590E-02         1.0000000E+30               360       
 NEXT SEEDS:37D93578       1       0       0       0       0      3F    3039       0       0
       1680                   473                   473             9.8327351E-02         1.0000000E+30               363       
 NEXT SEEDS:3B648684       1       0       0       0       0      3F    3039       0       0
  *** Kaon: P_min > 1.5 GeV/c:           15   9.5422249263039962     
  *** Kbar: P_min > 1.8 GeV/c:           16   15.179290420048247     
  *** Kaon: P_min > 1.5 GeV/c:           24   2.0080886000287346     
  *** Kaon: P_min > 1.5 GeV/c:           24   2.3102926371787094     
  *** Kaon: P_min > 1.5 GeV/c:           24   2.3018068653114940     
  *** Kaon: P_min > 1.5 GeV/c:           24   2.2325964853255678     
  *** Kaon: P_min > 1.5 GeV/c:           15   1.9556216439363145     
  *** Kaon: P_min > 1.5 GeV/c:           15   1.8535565800250204     
  Comptn_2: TXYZ:  0.99999999999622835       U,V,W  0.87947713511491798       0.21062989620411088       0.42679622260667927     
       1720                   433                   433             9.7882449E-02         1.0000000E+30               719       
 NEXT SEEDS: 226CD45       2       0       0       0       0      3F    3039       0       0
       1760                   393                   393             9.7007886E-02         1.0000000E+30               719       
 NEXT SEEDS: 3DD611F       2       0       0       0       0      3F    3039       0       0
       1800                   353                   353             9.8794238E-02         1.0000000E+30               724       
 NEXT SEEDS: 8F05C73       2       0       0       0       0      3F    3039       0       0
  Comptn_2: TXYZ:   1.0000000000025484       U,V,W  0.74073214297297696      -0.59171426403603533       0.31810394858521107     
       1840                   313                   313             9.7837984E-02         1.0000000E+30               724       
 NEXT SEEDS: A7EFC5C       2       0       0       0       0      3F    3039       0       0
  Comptn_2: TXYZ:  0.99999999999882117       U,V,W -0.45246420182344593       0.72665376545165916      -0.51696271743909961     
       1880                   273                   273             9.6834772E-02         1.0000000E+30               735       
 NEXT SEEDS: BF0B125       2       0       0       0       0      3F    3039       0       0
       1920                   233                   233             9.5409891E-02         1.0000000E+30               735       
 NEXT SEEDS: CC41A3E       2       0       0       0       0      3F    3039       0       0
       1960                   193                   193             9.5084238E-02         1.0000000E+30               788       
 NEXT SEEDS: F16DC02       2       0       0       0       0      3F    3039       0       0
       2000                   153                   153             9.3807530E-02         1.0000000E+30               819       
 NEXT SEEDS:10002AEB       2       0       0       0       0      3F    3039       0       0
  Comptn_2: TXYZ:  0.99999999999800748       U,V,W -0.98476759996633234       -9.9498797924795213E-003  0.17359082333658193     
       2040                   113                   113             9.3737042E-02         1.0000000E+30               819       
 NEXT SEEDS:12AC276D       2       0       0       0       0      3F    3039       0       0
  Comptn_2: TXYZ:   1.0000000000025953       U,V,W -0.52611073765096705      -0.14699060237315109       0.83761641253316466     
       2080                    73                    73             9.4431067E-02         1.0000000E+30               820       
 NEXT SEEDS:168DCDB8       2       0       0       0       0      3F    3039       0       0
       2103                    50                    50             9.3971884E-02         1.0000000E+30               820       
 NEXT SEEDS:176EA19C       2       0       0       0       0      3F    3039       0       0
       2104                    49                    49             9.3927293E-02         1.0000000E+30               820       
 NEXT SEEDS:176EA1A0       2       0       0       0       0      3F    3039       0       0
       2105                    48                    48             9.3882955E-02         1.0000000E+30               820       
 NEXT SEEDS:176EB3DF       2       0       0       0       0      3F    3039       0       0
       2106                    47                    47             9.3855432E-02         1.0000000E+30               820       
 NEXT SEEDS:17757D57       2       0       0       0       0      3F    3039       0       0
       2107                    46                    46             9.3810945E-02         1.0000000E+30               820       
 NEXT SEEDS:17757D5B       2       0       0       0       0      3F    3039       0       0
       2108                    45                    45             9.3828600E-02         1.0000000E+30               820       
 NEXT SEEDS:178C98EC       2       0       0       0       0      3F    3039       0       0
       2109                    44                    44             9.3886848E-02         1.0000000E+30               823       
 NEXT SEEDS:17B56A69       2       0       0       0       0      3F    3039       0       0
       2110                    43                    43             9.3842425E-02         1.0000000E+30               823       
 NEXT SEEDS:17B56A6D       2       0       0       0       0      3F    3039       0       0
       2111                    42                    42             9.3798021E-02         1.0000000E+30               823       
 NEXT SEEDS:17B56A71       2       0       0       0       0      3F    3039       0       0
       2112                    41                    41             9.3753660E-02         1.0000000E+30               823       
 NEXT SEEDS:17B56A75       2       0       0       0       0      3F    3039       0       0
       2113                    40                    40             9.3709340E-02         1.0000000E+30               823       
 NEXT SEEDS:17B56A79       2       0       0       0       0      3F    3039       0       0
       2114                    39                    39             9.3666160E-02         1.0000000E+30               823       
 NEXT SEEDS:17B5CB3F       2       0       0       0       0      3F    3039       0       0
       2115                    38                    38             9.3621924E-02         1.0000000E+30               823       
 NEXT SEEDS:17B5CB43       2       0       0       0       0      3F    3039       0       0
       2116                    37                    37             9.3620405E-02         1.0000000E+30               823       
 NEXT SEEDS:17C4D430       2       0       0       0       0      3F    3039       0       0
       2117                    36                    36             9.3587902E-02         1.0000000E+30               823       
 NEXT SEEDS:17C97F00       2       0       0       0       0      3F    3039       0       0
       2118                    35                    35             9.3572842E-02         1.0000000E+30               824       
 NEXT SEEDS:17D43B0A       2       0       0       0       0      3F    3039       0       0
       2119                    34                    34             9.3529050E-02         1.0000000E+30               824       
 NEXT SEEDS:17D4579B       2       0       0       0       0      3F    3039       0       0
       2120                    33                    33             9.3517113E-02         1.0000000E+30               825       
 NEXT SEEDS:17E14392       2       0       0       0       0      3F    3039       0       0
       2121                    32                    32             9.3493979E-02         1.0000000E+30               825       
 NEXT SEEDS:17E8CAD4       2       0       0       0       0      3F    3039       0       0
       2122                    31                    31             9.3449977E-02         1.0000000E+30               825       
 NEXT SEEDS:17E8CAD8       2       0       0       0       0      3F    3039       0       0
       2123                    30                    30             9.3406520E-02         1.0000000E+30               825       
 NEXT SEEDS:17E8FA3A       2       0       0       0       0      3F    3039       0       0
       2124                    29                    29             9.3363125E-02         1.0000000E+30               825       
 NEXT SEEDS:17E92B78       2       0       0       0       0      3F    3039       0       0
       2125                    28                    28             9.3319239E-02         1.0000000E+30               825       
 NEXT SEEDS:17E92B7C       2       0       0       0       0      3F    3039       0       0
       2126                    27                    27             9.3275395E-02         1.0000000E+30               825       
 NEXT SEEDS:17E92B80       2       0       0       0       0      3F    3039       0       0
       2127                    26                    26             9.3231593E-02         1.0000000E+30               825       
 NEXT SEEDS:17E92B84       2       0       0       0       0      3F    3039       0       0
       2128                    25                    25             9.3187831E-02         1.0000000E+30               825       
 NEXT SEEDS:17E92B88       2       0       0       0       0      3F    3039       0       0
       2129                    24                    24             9.3241712E-02         1.0000000E+30               825       
 NEXT SEEDS:181013F1       2       0       0       0       0      3F    3039       0       0
       2130                    23                    23             9.3198001E-02         1.0000000E+30               825       
 NEXT SEEDS:181013F5       2       0       0       0       0      3F    3039       0       0
       2131                    22                    22             9.3154317E-02         1.0000000E+30               825       
 NEXT SEEDS:181013F9       2       0       0       0       0      3F    3039       0       0
       2132                    21                    21             9.3110674E-02         1.0000000E+30               825       
 NEXT SEEDS:181013FD       2       0       0       0       0      3F    3039       0       0
       2133                    20                    20             9.3114357E-02         1.0000000E+30               825       
 NEXT SEEDS:1823141A       2       0       0       0       0      3F    3039       0       0
       2134                    19                    19             9.3124437E-02         1.0000000E+30               825       
 NEXT SEEDS:183946F4       2       0       0       0       0      3F    3039       0       0
       2135                    18                    18             9.3080883E-02         1.0000000E+30               825       
 NEXT SEEDS:183946F8       2       0       0       0       0      3F    3039       0       0
       2136                    17                    17             9.3038149E-02         1.0000000E+30               825       
 NEXT SEEDS:18398E00       2       0       0       0       0      3F    3039       0       0
       2137                    16                    16             9.3034140E-02         1.0000000E+30               825       
 NEXT SEEDS:18495047       2       0       0       0       0      3F    3039       0       0
       2138                    15                    15             9.2990690E-02         1.0000000E+30               825       
 NEXT SEEDS:1849504B       2       0       0       0       0      3F    3039       0       0
       2139                    14                    14             9.2947273E-02         1.0000000E+30               825       
 NEXT SEEDS:18495063       2       0       0       0       0      3F    3039       0       0
       2140                    13                    13             9.2903911E-02         1.0000000E+30               825       
 NEXT SEEDS:1849511D       2       0       0       0       0      3F    3039       0       0
       2141                    12                    12             9.2860568E-02         1.0000000E+30               825       
 NEXT SEEDS:18495121       2       0       0       0       0      3F    3039       0       0
       2142                    11                    11             9.2840802E-02         1.0000000E+30               825       
 NEXT SEEDS:18523395       2       0       0       0       0      3F    3039       0       0
       2143                    10                    10             9.2797537E-02         1.0000000E+30               825       
 NEXT SEEDS:18523399       2       0       0       0       0      3F    3039       0       0
       2144                     9                     9             9.2761649E-02         1.0000000E+30               825       
 NEXT SEEDS:18549B27       2       0       0       0       0      3F    3039       0       0
       2145                     8                     8             9.2783379E-02         1.0000000E+30               825       
 NEXT SEEDS:186FB1B4       2       0       0       0       0      3F    3039       0       0
       2146                     7                     7             9.2803611E-02         1.0000000E+30               825       
 NEXT SEEDS:1888996B       2       0       0       0       0      3F    3039       0       0
       2147                     6                     6             9.2760443E-02         1.0000000E+30               825       
 NEXT SEEDS:1888996F       2       0       0       0       0      3F    3039       0       0
       2148                     5                     5             9.2764839E-02         1.0000000E+30               826       
 NEXT SEEDS:189B61DC       2       0       0       0       0      3F    3039       0       0
       2149                     4                     4             9.2721729E-02         1.0000000E+30               826       
 NEXT SEEDS:189B61E0       2       0       0       0       0      3F    3039       0       0
       2150                     3                     3             9.2725025E-02         1.0000000E+30               826       
 NEXT SEEDS:18AE67E2       2       0       0       0       0      3F    3039       0       0
       2151                     2                     2             9.2722040E-02         1.0000000E+30               826       
 NEXT SEEDS:18BE9919       2       0       0       0       0      3F    3039       0       0
       2152                     1                     1             9.2715030E-02         1.0000000E+30               826       
 NEXT SEEDS:18CCB221       2       0       0       0       0      3F    3039       0       0
       2153                     0                     1             9.2709678E-02         1.0000000E+30               826       
 NEXT SEEDS:18DBDEC5       2       0       0       0       0      3F    3039       0       0
