1NUMBER OF BEAM       NUMBER OF BEAM        APPROXIMATE NUMBER    AVERAGE TIME USED     TIME LEFT (RESERVED   NUMBER OF STARS
 PARTICLES HANDLED    PARTICLES LEFT        OF BEAM PARTICLES     BY A BEAM PARTICLE     10000.0 SECONDS      CREATED
                                            THAT CAN STILL BE                           FOR PRINTOUT)
                                            HANDLED

 NEXT SEEDS:       0       0       0       0       0       0      40    3039       0       0
          1                  2152                  2152             2.3388863E-04         1.0000000E+30                 0       
 NEXT SEEDS:     145       0       0       0       0       0      40    3039       0       0
         40                  2113                  2113             2.0078677E-02         1.0000000E+30                 1       
 NEXT SEEDS:  94B1FF       0       0       0       0       0      40    3039       0       0
         80                  2073                  2073             3.0374402E-02         1.0000000E+30                 1       
 NEXT SEEDS: 1C5F951       0       0       0       0       0      40    3039       0       0
        120                  2033                  2033             3.6128716E-02         1.0000000E+30                19       
 NEXT SEEDS: 326650E       0       0       0       0       0      40    3039       0       0
        160                  1993                  1993             4.9081713E-02         1.0000000E+30               107       
 NEXT SEEDS: 5A484B3       0       0       0       0       0      40    3039       0       0
  Comptn_2: TXYZ:   1.0000000000036735       U,V,W -0.81012332801757481       -4.7320071682761977E-002  0.58434664730906150     
        200                  1953                  1953             7.6813564E-02         1.0000000E+30               109       
 NEXT SEEDS: B0D5CA2       0       0       0       0       0      40    3039       0       0
  Comptn_2: TXYZ:   1.0000000000011386       U,V,W -0.27124584825197173       0.14216034561191293      -0.95195384654021353     
        240                  1913                  1913             9.1060917E-02         1.0000000E+30               110       
 NEXT SEEDS: FD3BBA1       0       0       0       0       0      40    3039       0       0
        280                  1873                  1873             9.2831482E-02         1.0000000E+30               110       
 NEXT SEEDS:12A17C6E       0       0       0       0       0      40    3039       0       0
        320                  1833                  1833             8.6818027E-02         1.0000000E+30               120       
 NEXT SEEDS:13E2F387       0       0       0       0       0      40    3039       0       0
        360                  1793                  1793             8.4503121E-02         1.0000000E+30               143       
 NEXT SEEDS:15C9AB5D       0       0       0       0       0      40    3039       0       0
        400                  1753                  1753             8.0217524E-02         1.0000000E+30               146       
 NEXT SEEDS:16FBA932       0       0       0       0       0      40    3039       0       0
        440                  1713                  1713             7.8365959E-02         1.0000000E+30               149       
 NEXT SEEDS:18A285E7       0       0       0       0       0      40    3039       0       0
        480                  1673                  1673             1.1325598E-01         1.0000000E+30               154       
 NEXT SEEDS:263984B6       0       0       0       0       0      40    3039       0       0
  *** Kbar: P_min > 1.8 GeV/c:           25   4.4868598586841095     
  *** Kbar: P_min > 1.8 GeV/c:           25   4.3358126249455831     
  *** Kbar: P_min > 1.8 GeV/c:           25   1.9039441825757268     
        520                  1633                  1633             1.0989104E-01         1.0000000E+30               231       
 NEXT SEEDS:283FE711       0       0       0       0       0      40    3039       0       0
  Comptn_2: TXYZ:  0.99999999999329092       U,V,W -0.45269136990880554       0.88879912450432386       -7.1460757648708295E-002
  *** Kaon: P_min > 1.5 GeV/c:           15   1.6796176342998250     
  *** Kaon: P_min > 1.5 GeV/c:           15   1.9958254998456979     
  *** Kaon: P_min > 1.5 GeV/c:           15   5.1552829878338615     
  *** Kaon: P_min > 1.5 GeV/c:           15   4.1914955632116282     
  *** Kaon: P_min > 1.5 GeV/c:           15   3.4170482045667474     
  *** Kaon: P_min > 1.5 GeV/c:           15   3.0778617521096909     
  *** Kaon: P_min > 1.5 GeV/c:           15   1.9663509920815718     
  *** Kaon: P_min > 1.5 GeV/c:           15   1.7225054272168316     
        560                  1593                  1593             1.0782302E-01         1.0000000E+30               425       
 NEXT SEEDS:2A8D3F36       0       0       0       0       0      40    3039       0       0
        600                  1553                  1553             1.0338760E-01         1.0000000E+30               428       
 NEXT SEEDS:2BB9B688       0       0       0       0       0      40    3039       0       0
        640                  1513                  1513             1.0522560E-01         1.0000000E+30               430       
 NEXT SEEDS:2F990062       0       0       0       0       0      40    3039       0       0
        680                  1473                  1473             1.0248042E-01         1.0000000E+30               430       
 NEXT SEEDS:3141391A       0       0       0       0       0      40    3039       0       0
        720                  1433                  1433             1.0148026E-01         1.0000000E+30               434       
 NEXT SEEDS:33A1F033       0       0       0       0       0      40    3039       0       0
        760                  1393                  1393             9.7954735E-02         1.0000000E+30               434       
 NEXT SEEDS:349BD2AE       0       0       0       0       0      40    3039       0       0
        800                  1353                  1353             9.7000556E-02         1.0000000E+30               436       
 NEXT SEEDS:36E71A21       0       0       0       0       0      40    3039       0       0
        840                  1313                  1313             9.5117973E-02         1.0000000E+30               439       
 NEXT SEEDS:388D4BCD       0       0       0       0       0      40    3039       0       0
  Comptn_2: TXYZ:  0.99999999999776756       U,V,W  0.33973718758824134      -0.89406492300491891       0.29193587792460196     
        880                  1273                  1273             9.3716201E-02         1.0000000E+30               440       
 NEXT SEEDS:3A658E40       0       0       0       0       0      40    3039       0       0
  Comptn_2: TXYZ:  0.99999999999795008       U,V,W -0.98530756785918649       -4.0972588862288717E-002 -0.16580182049448844     
  Comptn_2: TXYZ:  0.99999999999235500       U,V,W  0.48331744791482834       -7.9071607393416343E-002 -0.87186691956839013     
  Comptn_2: TXYZ:  0.99999999999849543       U,V,W -0.79260605324011379      -0.49556584310864693      -0.35523251471344963     
  Comptn_2: TXYZ:  0.99999999999839906       U,V,W  0.17263644040991721      -0.82816139210686579       0.53324044113758884     
        920                  1233                  1233             9.6987272E-02         1.0000000E+30               445       
 NEXT SEEDS: 39F1E2B       1       0       0       0       0      40    3039       0       0
        960                  1193                  1193             9.4808106E-02         1.0000000E+30               449       
 NEXT SEEDS: 4E48DBA       1       0       0       0       0      40    3039       0       0
  Comptn_2: TXYZ:   1.0000000000077451       U,V,W -0.17435315767770021      -0.64263755669580291      -0.74606832605305584     
       1000                  1153                  1153             9.2384014E-02         1.0000000E+30               483       
 NEXT SEEDS: 5D8FCB3       1       0       0       0       0      40    3039       0       0
  Comptn_2: TXYZ:  0.99999999999899147       U,V,W -0.52501007651694209      -0.71755527480482328       0.45768859189894684     
  Comptn_2: TXYZ:   1.0000000000024596       U,V,W -0.45908408476715579      -0.84168203615365655      -0.28427654340834607     
       1040                  1113                  1113             9.6732481E-02         1.0000000E+30               487       
 NEXT SEEDS: BCA72F1       1       0       0       0       0      40    3039       0       0
       1080                  1073                  1073             9.9223366E-02         1.0000000E+30               489       
 NEXT SEEDS:10989CE6       1       0       0       0       0      40    3039       0       0
  Comptn_2: TXYZ:   1.0000000000359899       U,V,W  0.41496684110290971      -0.68304866234740302       0.60103830633869393     
       1120                  1033                  1033             1.0605684E-01         1.0000000E+30               491       
 NEXT SEEDS:18FA310C       1       0       0       0       0      40    3039       0       0
       1160                   993                   993             1.0526076E-01         1.0000000E+30               499       
 NEXT SEEDS:1B617B5C       1       0       0       0       0      40    3039       0       0
  Comptn_2: TXYZ:   1.0000000000229199       U,V,W  0.80730041309157929        2.4174721408485311E-002 -0.58964533907248651     
  Comptn_2: TXYZ:   1.0000000000024447       U,V,W  0.88458389598041975       -4.2992461420885419E-003 -0.46636128426055734     
       1200                   953                   953             1.0403742E-01         1.0000000E+30               517       
 NEXT SEEDS:1D5A7B94       1       0       0       0       0      40    3039       0       0
       1240                   913                   913             1.0342141E-01         1.0000000E+30               523       
 NEXT SEEDS:1FC61E53       1       0       0       0       0      40    3039       0       0
       1280                   873                   873             1.0148241E-01         1.0000000E+30               524       
 NEXT SEEDS:20F0B045       1       0       0       0       0      40    3039       0       0
       1320                   833                   833             9.9797419E-02         1.0000000E+30               526       
 NEXT SEEDS:2242402E       1       0       0       0       0      40    3039       0       0
       1360                   793                   793             9.8673038E-02         1.0000000E+30               529       
 NEXT SEEDS:24068D84       1       0       0       0       0      40    3039       0       0
  Comptn_2: TXYZ:   1.0000000000038307       U,V,W  0.90820199934086077       0.21063463261714332      -0.36166584016096248     
       1400                   753                   753             9.7580177E-02         1.0000000E+30               529       
 NEXT SEEDS:25C20E17       1       0       0       0       0      40    3039       0       0
       1440                   713                   713             1.0187470E-01         1.0000000E+30               533       
 NEXT SEEDS:2D0BF037       1       0       0       0       0      40    3039       0       0
  Comptn_2: TXYZ:   1.0000000000020477       U,V,W  0.43461528280791129      -0.89881518990898002        5.6928115555770376E-002
       1480                   673                   673             1.0210737E-01         1.0000000E+30               539       
 NEXT SEEDS:30353D58       1       0       0       0       0      40    3039       0       0
  Comptn_2: TXYZ:  0.99999999999895772       U,V,W  0.59802876463686871      -0.58943509849849818      -0.54307261146546892     
       1520                   633                   633             1.0201435E-01         1.0000000E+30               539       
 NEXT SEEDS:32F9C816       1       0       0       0       0      40    3039       0       0
       1560                   593                   593             1.0036356E-01         1.0000000E+30               544       
 NEXT SEEDS:340D7F81       1       0       0       0       0      40    3039       0       0
  Comptn_2: TXYZ:   1.0000000000021259       U,V,W  0.29808793910398279       0.61682189801248910      -0.72847397118574975     
       1600                   553                   553             9.9246514E-02         1.0000000E+30               545       
 NEXT SEEDS:35A83030       1       0       0       0       0      40    3039       0       0
       1640                   513                   513             9.7857036E-02         1.0000000E+30               546       
 NEXT SEEDS:36D8F368       1       0       0       0       0      40    3039       0       0
  Comptn_2: TXYZ:   1.0000000000011826       U,V,W  0.70704755649180751       0.11435883063894892      -0.69785801615732623     
  Comptn_2: TXYZ:  0.99999999999536027       U,V,W  0.10926959400094916      -0.33348937699209746       0.93640001668926232     
       1680                   473                   473             9.7372720E-02         1.0000000E+30               551       
 NEXT SEEDS:391198A8       1       0       0       0       0      40    3039       0       0
       1720                   433                   433             9.6158611E-02         1.0000000E+30               551       
 NEXT SEEDS:3A56A24D       1       0       0       0       0      40    3039       0       0
       1760                   393                   393             9.5550522E-02         1.0000000E+30               558       
 NEXT SEEDS:  C0424E       2       0       0       0       0      40    3039       0       0
       1800                   353                   353             9.4526395E-02         1.0000000E+30               558       
 NEXT SEEDS: 224FF27       2       0       0       0       0      40    3039       0       0
  Comptn_2: TXYZ:   1.0000000000026608       U,V,W -0.81194829200747876       0.38706550784176841       0.43694423413977290     
  Comptn_2: TXYZ:  0.99999999998605715       U,V,W -0.53363021830705293      -0.31303198286968836      -0.78565244720314809     
       1840                   313                   313             9.3837102E-02         1.0000000E+30               560       
 NEXT SEEDS: 3E73BAA       2       0       0       0       0      40    3039       0       0
  Comptn_2: TXYZ:  0.99999999999616407       U,V,W -0.92356341482050719       -6.5928253857734376E-002  0.37773546847564887     
  Comptn_2: TXYZ:  0.99999999999660982       U,V,W -0.53913177121744127      -0.63840538004425440      -0.54934097243069857     
       1880                   273                   273             9.3740303E-02         1.0000000E+30               566       
 NEXT SEEDS: 65EF6C1       2       0       0       0       0      40    3039       0       0
  Comptn_2: TXYZ:  0.99999999999840106       U,V,W  0.70997267323390645      -0.53168286691845879      -0.46179230427202889     
       1920                   233                   233             9.3740084E-02         1.0000000E+30               567       
 NEXT SEEDS: 90EA8D7       2       0       0       0       0      40    3039       0       0
  Comptn_2: TXYZ:   1.0000000000022573       U,V,W -0.79221476885025055        9.1867964073415465E-003 -0.61017322359275283     
  Comptn_2: TXYZ:   1.0000000000109057       U,V,W   1.8956841457651308E-002 -0.67949164679544083      -0.73343830013715205     
       1960                   193                   193             9.3204446E-02         1.0000000E+30               568       
 NEXT SEEDS: B006074       2       0       0       0       0      40    3039       0       0
       2000                   153                   153             9.2961390E-02         1.0000000E+30               570       
 NEXT SEEDS: D4E3DFF       2       0       0       0       0      40    3039       0       0
       2040                   113                   113             9.2894881E-02         1.0000000E+30               575       
 NEXT SEEDS: FC2F642       2       0       0       0       0      40    3039       0       0
       2080                    73                    73             9.4063027E-02         1.0000000E+30               578       
 NEXT SEEDS:1427A229       2       0       0       0       0      40    3039       0       0
       2103                    50                    50             9.4975218E-02         1.0000000E+30               578       
 NEXT SEEDS:171F58CC       2       0       0       0       0      40    3039       0       0
       2104                    49                    49             9.4930926E-02         1.0000000E+30               578       
 NEXT SEEDS:171FA2D1       2       0       0       0       0      40    3039       0       0
       2105                    48                    48             9.4888684E-02         1.0000000E+30               578       
 NEXT SEEDS:1720AE7B       2       0       0       0       0      40    3039       0       0
       2106                    47                    47             9.4843693E-02         1.0000000E+30               578       
 NEXT SEEDS:1720AE8F       2       0       0       0       0      40    3039       0       0
       2107                    46                    46             9.4828183E-02         1.0000000E+30               578       
 NEXT SEEDS:172B9668       2       0       0       0       0      40    3039       0       0
       2108                    45                    45             9.4783264E-02         1.0000000E+30               578       
 NEXT SEEDS:172B967F       2       0       0       0       0      40    3039       0       0
       2109                    44                    44             9.4745868E-02         1.0000000E+30               578       
 NEXT SEEDS:172E7B9E       2       0       0       0       0      40    3039       0       0
       2110                    43                    43             9.4702693E-02         1.0000000E+30               578       
 NEXT SEEDS:172EFEB5       2       0       0       0       0      40    3039       0       0
       2111                    42                    42             9.4664683E-02         1.0000000E+30               578       
 NEXT SEEDS:17317126       2       0       0       0       0      40    3039       0       0
       2112                    41                    41             9.4619912E-02         1.0000000E+30               578       
 NEXT SEEDS:1731712A       2       0       0       0       0      40    3039       0       0
       2113                    40                    40             9.4591524E-02         1.0000000E+30               578       
 NEXT SEEDS:17379985       2       0       0       0       0      40    3039       0       0
       2114                    39                    39             9.4546779E-02         1.0000000E+30               578       
 NEXT SEEDS:17379989       2       0       0       0       0      40    3039       0       0
       2115                    38                    38             9.4502076E-02         1.0000000E+30               578       
 NEXT SEEDS:1737998D       2       0       0       0       0      40    3039       0       0
       2116                    37                    37             9.4487334E-02         1.0000000E+30               578       
 NEXT SEEDS:17437552       2       0       0       0       0      40    3039       0       0
       2117                    36                    36             9.4447171E-02         1.0000000E+30               578       
 NEXT SEEDS:1745098E       2       0       0       0       0      40    3039       0       0
       2118                    35                    35             9.4403082E-02         1.0000000E+30               578       
 NEXT SEEDS:17452BA9       2       0       0       0       0      40    3039       0       0
       2119                    34                    34             9.4476044E-02         1.0000000E+30               578       
 NEXT SEEDS:177320D6       2       0       0       0       0      40    3039       0       0
       2120                    33                    33             9.4440879E-02         1.0000000E+30               578       
 NEXT SEEDS:177612AC       2       0       0       0       0      40    3039       0       0
       2121                    32                    32             9.4396418E-02         1.0000000E+30               578       
 NEXT SEEDS:177612B0       2       0       0       0       0      40    3039       0       0
       2122                    31                    31             9.4351983E-02         1.0000000E+30               578       
 NEXT SEEDS:177612C3       2       0       0       0       0      40    3039       0       0
       2123                    30                    30             9.4307598E-02         1.0000000E+30               578       
 NEXT SEEDS:177612C7       2       0       0       0       0      40    3039       0       0
       2124                    29                    29             9.4298363E-02         1.0000000E+30               578       
 NEXT SEEDS:17842016       2       0       0       0       0      40    3039       0       0
       2125                    28                    28             9.4382929E-02         1.0000000E+30               578       
 NEXT SEEDS:17B8F556       2       0       0       0       0      40    3039       0       0
       2126                    27                    27             9.4409037E-02         1.0000000E+30               578       
 NEXT SEEDS:17D4F9A5       2       0       0       0       0      40    3039       0       0
       2127                    26                    26             9.4483772E-02         1.0000000E+30               579       
 NEXT SEEDS:1802BA98       2       0       0       0       0      40    3039       0       0
       2128                    25                    25             9.4526221E-02         1.0000000E+30               579       
 NEXT SEEDS:182320A2       2       0       0       0       0      40    3039       0       0
       2129                    24                    24             9.4481886E-02         1.0000000E+30               579       
 NEXT SEEDS:182320A6       2       0       0       0       0      40    3039       0       0
       2130                    23                    23             9.4437829E-02         1.0000000E+30               579       
 NEXT SEEDS:1823330C       2       0       0       0       0      40    3039       0       0
       2131                    22                    22             9.4393570E-02         1.0000000E+30               579       
 NEXT SEEDS:18233323       2       0       0       0       0      40    3039       0       0
       2132                    21                    21             9.4349346E-02         1.0000000E+30               579       
 NEXT SEEDS:18233327       2       0       0       0       0      40    3039       0       0
       2133                    20                    20             9.4305284E-02         1.0000000E+30               579       
 NEXT SEEDS:18233D43       2       0       0       0       0      40    3039       0       0
       2134                    19                    19             9.4261564E-02         1.0000000E+30               579       
 NEXT SEEDS:18235BD9       2       0       0       0       0      40    3039       0       0
       2135                    18                    18             9.4306865E-02         1.0000000E+30               579       
 NEXT SEEDS:18479E23       2       0       0       0       0      40    3039       0       0
       2136                    17                    17             9.4262779E-02         1.0000000E+30               579       
 NEXT SEEDS:18479E27       2       0       0       0       0      40    3039       0       0
       2137                    16                    16             9.4218719E-02         1.0000000E+30               579       
 NEXT SEEDS:18479E2B       2       0       0       0       0      40    3039       0       0
       2138                    15                    15             9.4224937E-02         1.0000000E+30               579       
 NEXT SEEDS:185BD989       2       0       0       0       0      40    3039       0       0
       2139                    14                    14             9.4180943E-02         1.0000000E+30               579       
 NEXT SEEDS:185BD98D       2       0       0       0       0      40    3039       0       0
       2140                    13                    13             9.4280423E-02         1.0000000E+30               579       
 NEXT SEEDS:1895E59B       2       0       0       0       0      40    3039       0       0
       2141                    12                    12             9.4258773E-02         1.0000000E+30               579       
 NEXT SEEDS:189DBBAF       2       0       0       0       0      40    3039       0       0
       2142                    11                    11             9.4216221E-02         1.0000000E+30               579       
 NEXT SEEDS:189E2278       2       0       0       0       0      40    3039       0       0
       2143                    10                    10             9.4260028E-02         1.0000000E+30               579       
 NEXT SEEDS:18C18226       2       0       0       0       0      40    3039       0       0
       2144                     9                     9             9.4216128E-02         1.0000000E+30               579       
 NEXT SEEDS:18C1822A       2       0       0       0       0      40    3039       0       0
       2145                     8                     8             9.4175448E-02         1.0000000E+30               579       
 NEXT SEEDS:18C2983F       2       0       0       0       0      40    3039       0       0
       2146                     7                     7             9.4131621E-02         1.0000000E+30               579       
 NEXT SEEDS:18C29843       2       0       0       0       0      40    3039       0       0
       2147                     6                     6             9.4087827E-02         1.0000000E+30               579       
 NEXT SEEDS:18C29847       2       0       0       0       0      40    3039       0       0
       2148                     5                     5             9.4044074E-02         1.0000000E+30               579       
 NEXT SEEDS:18C2984B       2       0       0       0       0      40    3039       0       0
       2149                     4                     4             9.4014336E-02         1.0000000E+30               579       
 NEXT SEEDS:18C819DC       2       0       0       0       0      40    3039       0       0
       2150                     3                     3             9.3970665E-02         1.0000000E+30               579       
 NEXT SEEDS:18C819E0       2       0       0       0       0      40    3039       0       0
       2151                     2                     2             9.3940279E-02         1.0000000E+30               579       
 NEXT SEEDS:18CD62E4       2       0       0       0       0      40    3039       0       0
       2152                     1                     1             9.3918572E-02         1.0000000E+30               579       
 NEXT SEEDS:18D5219E       2       0       0       0       0      40    3039       0       0
       2153                     0                     1             9.3896580E-02         1.0000000E+30               579       
 NEXT SEEDS:18DDE725       2       0       0       0       0      40    3039       0       0
