1NUMBER OF BEAM       NUMBER OF BEAM        APPROXIMATE NUMBER    AVERAGE TIME USED     TIME LEFT (RESERVED   NUMBER OF STARS
 PARTICLES HANDLED    PARTICLES LEFT        OF BEAM PARTICLES     BY A BEAM PARTICLE     10000.0 SECONDS      CREATED
                                            THAT CAN STILL BE                           FOR PRINTOUT)
                                            HANDLED

 NEXT SEEDS: 87EBF25       7       0       0       0       0      40    3039       0       0
          1                  2152                  2152             1.3475895E-01         1.0000000E+30                 0       
 NEXT SEEDS: 8966413       7       0       0       0       0      40    3039       0       0
  Comptn_2: TXYZ:   1.0000000000014855       U,V,W  0.94228195388542701      -0.33178906284250687       -4.4952610173808694E-002
         40                  2113                  2113             9.9628055E-02         1.0000000E+30                33       
 NEXT SEEDS: B4E4996       7       0       0       0       0      40    3039       0       0
         80                  2073                  2073             8.6546886E-02         1.0000000E+30                34       
 NEXT SEEDS: D716A2B       7       0       0       0       0      40    3039       0       0
        120                  2033                  2033             7.3218465E-02         1.0000000E+30                36       
 NEXT SEEDS: EC09398       7       0       0       0       0      40    3039       0       0
        160                  1993                  1993             6.9707197E-02         1.0000000E+30                37       
 NEXT SEEDS:10709DF1       7       0       0       0       0      40    3039       0       0
        200                  1953                  1953             9.4673991E-02         1.0000000E+30                39       
 NEXT SEEDS:15E58373       7       0       0       0       0      40    3039       0       0
  Comptn_2: TXYZ:  0.99999999999896216       U,V,W  0.32530776999364708       0.66787201564813614      -0.66941902086422544     
        240                  1913                  1913             1.0981080E-01         1.0000000E+30                47       
 NEXT SEEDS:1B2A7500       7       0       0       0       0      40    3039       0       0
  Comptn_2: TXYZ:  0.99999999999819389       U,V,W -0.28497331761218447      -0.81672478876449617       0.50174777295458739     
  Comptn_2: TXYZ:  0.99999999999418820       U,V,W -0.62544772009740868      -0.75305917795547117       0.20424745755130402     
        280                  1873                  1873             1.1051259E-01         1.0000000E+30                50       
 NEXT SEEDS:1E741D2F       7       0       0       0       0      40    3039       0       0
  Comptn_2: TXYZ:  0.99999999999235523       U,V,W  0.31231011574917034      -0.93908708802118568      -0.14344975672682381     
        320                  1833                  1833             1.0483105E-01         1.0000000E+30                50       
 NEXT SEEDS:205B9F54       7       0       0       0       0      40    3039       0       0
  Comptn_2: TXYZ:  0.99999999999028111       U,V,W  0.34748498606677458       0.91649943790687161       0.19819930566185917     
  Comptn_2: TXYZ:  0.99999999999842415       U,V,W -0.53883136127610953      -0.44573488354710378      -0.71482947455530166     
        360                  1793                  1793             9.8141991E-02         1.0000000E+30                52       
 NEXT SEEDS:219D8514       7       0       0       0       0      40    3039       0       0
        400                  1753                  1753             9.3663867E-02         1.0000000E+30                55       
 NEXT SEEDS:23269F80       7       0       0       0       0      40    3039       0       0
        440                  1713                  1713             1.1479446E-01         1.0000000E+30                58       
 NEXT SEEDS:2C682142       7       0       0       0       0      40    3039       0       0
        480                  1673                  1673             1.1209502E-01         1.0000000E+30                60       
 NEXT SEEDS:2EB9BFCA       7       0       0       0       0      40    3039       0       0
        520                  1633                  1633             1.0673818E-01         1.0000000E+30                73       
 NEXT SEEDS:2FEB3DE9       7       0       0       0       0      40    3039       0       0
        560                  1593                  1593             1.0282808E-01         1.0000000E+30                74       
 NEXT SEEDS:31651685       7       0       0       0       0      40    3039       0       0
  *** Kaon: P_min > 1.5 GeV/c:           15   1.9664046990166812     
  *** Kaon: P_min > 1.5 GeV/c:           15   1.8200990579476590     
  *** Kaon: P_min > 1.5 GeV/c:           15   1.6124782810400478     
  *** Kaon: P_min > 1.5 GeV/c:           24   1.7113605637700355     
        600                  1553                  1553             1.0178618E-01         1.0000000E+30               308       
 NEXT SEEDS:33D964AD       7       0       0       0       0      40    3039       0       0
  *** Kaon: P_min > 1.5 GeV/c:           15   31.035464405111323     
  *** Kaon: P_min > 1.5 GeV/c:           15   30.332064230772129     
  *** Kaon: P_min > 1.5 GeV/c:           15   6.4533582138494499     
  *** Kaon: P_min > 1.5 GeV/c:           15   6.2788674558815805     
  *** Kaon: P_min > 1.5 GeV/c:           15   7.2376126601186543     
  *** Kaon: P_min > 1.5 GeV/c:           15   5.3587513271460594     
  *** Kaon: P_min > 1.5 GeV/c:           15   6.6519036521202057     
  *** Kaon: P_min > 1.5 GeV/c:           15   1.9869746654513587     
  *** Kaon: P_min > 1.5 GeV/c:           15   1.6738717116561859     
  *** Kaon: P_min > 1.5 GeV/c:           15   1.6207779239607369     
  *** Kbar: P_min > 1.8 GeV/c:           16   5.9319705789541688     
  *** Kbar: P_min > 1.8 GeV/c:           16   6.3832900217482536     
  *** Kaon: P_min > 1.5 GeV/c:           15   1.6200835458883089     
  *** Kaon: P_min > 1.5 GeV/c:           15   1.5888440970849629     
  *** Kaon: P_min > 1.5 GeV/c:           15   1.6655857802006060     
  *** Kaon: P_min > 1.5 GeV/c:           15   1.5321744546676110     
        640                  1513                  1513             1.1218640E-01         1.0000000E+30               739       
 NEXT SEEDS:3B541C7E       7       0       0       0       0      40    3039       0       0
  Comptn_2: TXYZ:  0.99999999998878719       U,V,W  0.15255824389552686      -0.39528077683695528       0.90580300820403181     
  Comptn_2: TXYZ:  0.99999999985522325       U,V,W -0.87502788603353565      -0.29160028037313168       0.38638772626109130     
        680                  1473                  1473             1.1115951E-01         1.0000000E+30               739       
 NEXT SEEDS: 268B70F       8       0       0       0       0      40    3039       0       0
        720                  1433                  1433             1.2149859E-01         1.0000000E+30               740       
 NEXT SEEDS: B1D076B       8       0       0       0       0      40    3039       0       0
  Comptn_2: TXYZ:  0.99999999997516764       U,V,W -0.69019881924363347       0.30242259925236681       0.65739346007646304     
        760                  1393                  1393             1.1916673E-01         1.0000000E+30               743       
 NEXT SEEDS: D4AA302       8       0       0       0       0      40    3039       0       0
        800                  1353                  1353             1.1503551E-01         1.0000000E+30               746       
 NEXT SEEDS: E4DE389       8       0       0       0       0      40    3039       0       0
        840                  1313                  1313             1.1158586E-01         1.0000000E+30               748       
 NEXT SEEDS: F7E5EC3       8       0       0       0       0      40    3039       0       0
  Comptn_2: TXYZ:  0.99999999999603006       U,V,W -0.25795004618323247       0.90305681083891542       0.34343874281674402     
        880                  1273                  1273             1.1417939E-01         1.0000000E+30               764       
 NEXT SEEDS:145A6E2B       8       0       0       0       0      40    3039       0       0
  Comptn_2: TXYZ:   1.0000000000010467       U,V,W  0.56864443883290505      -0.81026711518606653      -0.14181221468373906     
  Comptn_2: TXYZ:   1.0000000000010314       U,V,W -0.86897079858858461        8.3014725360051500E-002  0.48785070111125606     
        920                  1233                  1233             1.1218970E-01         1.0000000E+30               769       
 NEXT SEEDS:163AC434       8       0       0       0       0      40    3039       0       0
  Comptn_2: TXYZ:   1.0000000000037677       U,V,W  0.85257051837591291       0.16088214657430200       0.49723278865501186     
  Comptn_2: TXYZ:  0.99999999999849665       U,V,W  0.98800061770167780       -7.9036016330974235E-002  0.13269546918463249     
        960                  1193                  1193             1.1140240E-01         1.0000000E+30               774       
 NEXT SEEDS:18F0627A       8       0       0       0       0      40    3039       0       0
  Comptn_2: TXYZ:  0.99999999999879441       U,V,W -0.73351297707117602       -4.2440333540298525E-002  0.67834912143818915     
       1000                  1153                  1153             1.1409487E-01         1.0000000E+30               790       
 NEXT SEEDS:1DFDC6CF       8       0       0       0       0      40    3039       0       0
       1040                  1113                  1113             1.1214502E-01         1.0000000E+30               793       
 NEXT SEEDS:1FC9FB97       8       0       0       0       0      40    3039       0       0
       1080                  1073                  1073             1.0981049E-01         1.0000000E+30               794       
 NEXT SEEDS:212C67A7       8       0       0       0       0      40    3039       0       0
  Comptn_2: TXYZ:   1.0000000000351066       U,V,W  0.38478652148911863       0.89583049874048015       0.22232195222647988     
  Comptn_2: TXYZ:   1.0000000001184990       U,V,W  0.50806801705209637       0.36790870582410662       0.77878756689233342     
       1120                  1033                  1033             1.0976791E-01         1.0000000E+30               795       
 NEXT SEEDS:24201E2C       8       0       0       0       0      40    3039       0       0
       1160                   993                   993             1.0915054E-01         1.0000000E+30              1156       
 NEXT SEEDS:26C9BF64       8       0       0       0       0      40    3039       0       0
       1200                   953                   953             1.0721411E-01         1.0000000E+30              1160       
 NEXT SEEDS:283EE9B3       8       0       0       0       0      40    3039       0       0
  Comptn_2: TXYZ:   1.0000000000025409       U,V,W -0.17519983807792983      -0.57434663905160477      -0.79964426775293873     
       1240                   913                   913             1.0568066E-01         1.0000000E+30              1161       
 NEXT SEEDS:29EE5915       8       0       0       0       0      40    3039       0       0
       1280                   873                   873             1.0400846E-01         1.0000000E+30              1161       
 NEXT SEEDS:2B6E9CD6       8       0       0       0       0      40    3039       0       0
       1320                   833                   833             1.0311329E-01         1.0000000E+30              1201       
 NEXT SEEDS:2D8A710B       8       0       0       0       0      40    3039       0       0
       1360                   793                   793             1.0283790E-01         1.0000000E+30              1201       
 NEXT SEEDS:3009DB07       8       0       0       0       0      40    3039       0       0
       1400                   753                   753             1.0479127E-01         1.0000000E+30              1202       
 NEXT SEEDS:34D29153       8       0       0       0       0      40    3039       0       0
  Comptn_2: TXYZ:  0.99999999999893197       U,V,W -0.54673054954837852      -0.44948002858980551      -0.70643712394548430     
       1440                   713                   713             1.0470955E-01         1.0000000E+30              1204       
 NEXT SEEDS:37B9371C       8       0       0       0       0      40    3039       0       0
       1480                   673                   673             1.0320213E-01         1.0000000E+30              1212       
 NEXT SEEDS:391E66BF       8       0       0       0       0      40    3039       0       0
  Comptn_2: TXYZ:   1.0000000000017140       U,V,W  0.48902625480118900      -0.83729405989567596       0.24452398528621444     
       1520                   633                   633             1.0234284E-01         1.0000000E+30              1222       
 NEXT SEEDS:3B1103FE       8       0       0       0       0      40    3039       0       0
  Comptn_2: TXYZ:   1.0000000000017413       U,V,W -0.19275161211541558      -0.52046240795928822       0.83184475590693552     
       1560                   593                   593             1.0171823E-01         1.0000000E+30              1224       
 NEXT SEEDS: 1B57E97       9       0       0       0       0      40    3039       0       0
       1600                   553                   553             1.0039727E-01         1.0000000E+30              1225       
 NEXT SEEDS: 30D6A09       9       0       0       0       0      40    3039       0       0
  Comptn_2: TXYZ:   1.0000000000019613       U,V,W  0.45130204953305331       0.49984881416270355       0.73924124821966331     
       1640                   513                   513             1.0059474E-01         1.0000000E+30              1228       
 NEXT SEEDS: 6289B2D       9       0       0       0       0      40    3039       0       0
  Comptn_2: TXYZ:  0.99999999999488332       U,V,W  0.80713482590554975        7.9676411513730727E-002 -0.58496584708305477     
       1680                   473                   473             9.9877158E-02         1.0000000E+30              1228       
 NEXT SEEDS: 82C3E3D       9       0       0       0       0      40    3039       0       0
       1720                   433                   433             9.9095917E-02         1.0000000E+30              1231       
 NEXT SEEDS: A1319EE       9       0       0       0       0      40    3039       0       0
       1760                   393                   393             9.8070327E-02         1.0000000E+30              1241       
 NEXT SEEDS: B8B9F3E       9       0       0       0       0      40    3039       0       0
       1800                   353                   353             9.8153806E-02         1.0000000E+30              1242       
 NEXT SEEDS: E6B59B8       9       0       0       0       0      40    3039       0       0
       1840                   313                   313             9.8170729E-02         1.0000000E+30              1275       
 NEXT SEEDS:1141D93B       9       0       0       0       0      40    3039       0       0
       1880                   273                   273             9.7097016E-02         1.0000000E+30              1343       
 NEXT SEEDS:12941543       9       0       0       0       0      40    3039       0       0
       1920                   233                   233             9.6020556E-02         1.0000000E+30              1349       
 NEXT SEEDS:13DD538B       9       0       0       0       0      40    3039       0       0
       1960                   193                   193             9.5665025E-02         1.0000000E+30              1399       
 NEXT SEEDS:161635C5       9       0       0       0       0      40    3039       0       0
       2000                   153                   153             9.4972168E-02         1.0000000E+30              1400       
 NEXT SEEDS:17D6A2BE       9       0       0       0       0      40    3039       0       0
       2040                   113                   113             9.3749948E-02         1.0000000E+30              1400       
 NEXT SEEDS:18C45785       9       0       0       0       0      40    3039       0       0
       2080                    73                    73             9.4676473E-02         1.0000000E+30              1447       
 NEXT SEEDS:1CD51F71       9       0       0       0       0      40    3039       0       0
       2103                    50                    50             9.4098725E-02         1.0000000E+30              1459       
 NEXT SEEDS:1D87583C       9       0       0       0       0      40    3039       0       0
       2104                    49                    49             9.4098233E-02         1.0000000E+30              1459       
 NEXT SEEDS:1D981BB8       9       0       0       0       0      40    3039       0       0
       2105                    48                    48             9.4092566E-02         1.0000000E+30              1459       
 NEXT SEEDS:1DA74936       9       0       0       0       0      40    3039       0       0
       2106                    47                    47             9.4047953E-02         1.0000000E+30              1459       
 NEXT SEEDS:1DA7494F       9       0       0       0       0      40    3039       0       0
       2107                    46                    46             9.4003375E-02         1.0000000E+30              1459       
 NEXT SEEDS:1DA74953       9       0       0       0       0      40    3039       0       0
       2108                    45                    45             9.4147098E-02         1.0000000E+30              1459       
 NEXT SEEDS:1DEAEF87       9       0       0       0       0      40    3039       0       0
       2109                    44                    44             9.4134994E-02         1.0000000E+30              1464       
 NEXT SEEDS:1DF7A340       9       0       0       0       0      40    3039       0       0
       2110                    43                    43             9.4090452E-02         1.0000000E+30              1464       
 NEXT SEEDS:1DF7A344       9       0       0       0       0      40    3039       0       0
       2111                    42                    42             9.4090934E-02         1.0000000E+30              1485       
 NEXT SEEDS:1E09168E       9       0       0       0       0      40    3039       0       0
       2112                    41                    41             9.4136701E-02         1.0000000E+30              1485       
 NEXT SEEDS:1E2AF22B       9       0       0       0       0      40    3039       0       0
       2113                    40                    40             9.4092229E-02         1.0000000E+30              1485       
 NEXT SEEDS:1E2AF22F       9       0       0       0       0      40    3039       0       0
       2114                    39                    39             9.4084438E-02         1.0000000E+30              1486       
 NEXT SEEDS:1E394F52       9       0       0       0       0      40    3039       0       0
       2115                    38                    38             9.4040018E-02         1.0000000E+30              1486       
 NEXT SEEDS:1E394F63       9       0       0       0       0      40    3039       0       0
       2116                    37                    37             9.4015782E-02         1.0000000E+30              1486       
 NEXT SEEDS:1E40FCD7       9       0       0       0       0      40    3039       0       0
       2117                    36                    36             9.3992728E-02         1.0000000E+30              1486       
 NEXT SEEDS:1E48D4D3       9       0       0       0       0      40    3039       0       0
       2118                    35                    35             9.3948408E-02         1.0000000E+30              1486       
 NEXT SEEDS:1E48D4D7       9       0       0       0       0      40    3039       0       0
       2119                    34                    34             9.3973172E-02         1.0000000E+30              1486       
 NEXT SEEDS:1E63565B       9       0       0       0       0      40    3039       0       0
       2120                    33                    33             9.3928917E-02         1.0000000E+30              1486       
 NEXT SEEDS:1E635672       9       0       0       0       0      40    3039       0       0
       2121                    32                    32             9.3940243E-02         1.0000000E+30              1486       
 NEXT SEEDS:1E798C03       9       0       0       0       0      40    3039       0       0
       2122                    31                    31             9.3896038E-02         1.0000000E+30              1486       
 NEXT SEEDS:1E798C07       9       0       0       0       0      40    3039       0       0
       2123                    30                    30             9.3863999E-02         1.0000000E+30              1486       
 NEXT SEEDS:1E7E67CE       9       0       0       0       0      40    3039       0       0
       2124                    29                    29             9.3820001E-02         1.0000000E+30              1486       
 NEXT SEEDS:1E7E7327       9       0       0       0       0      40    3039       0       0
       2125                    28                    28             9.3776131E-02         1.0000000E+30              1486       
 NEXT SEEDS:1E7E87E5       9       0       0       0       0      40    3039       0       0
       2126                    27                    27             9.3732079E-02         1.0000000E+30              1486       
 NEXT SEEDS:1E7E87E9       9       0       0       0       0      40    3039       0       0
       2127                    26                    26             9.3707158E-02         1.0000000E+30              1486       
 NEXT SEEDS:1E86111D       9       0       0       0       0      40    3039       0       0
       2128                    25                    25             9.3715503E-02         1.0000000E+30              1486       
 NEXT SEEDS:1E987205       9       0       0       0       0      40    3039       0       0
       2129                    24                    24             9.3733122E-02         1.0000000E+30              1486       
 NEXT SEEDS:1EB13A6B       9       0       0       0       0      40    3039       0       0
       2130                    23                    23             9.4166042E-02         1.0000000E+30              1486       
 NEXT SEEDS:1F681C9E       9       0       0       0       0      40    3039       0       0
       2131                    22                    22             9.4122069E-02         1.0000000E+30              1486       
 NEXT SEEDS:1F682A15       9       0       0       0       0      40    3039       0       0
       2132                    21                    21             9.4077979E-02         1.0000000E+30              1486       
 NEXT SEEDS:1F682A19       9       0       0       0       0      40    3039       0       0
       2133                    20                    20             9.4033923E-02         1.0000000E+30              1486       
 NEXT SEEDS:1F682A1D       9       0       0       0       0      40    3039       0       0
       2134                    19                    19             9.3989937E-02         1.0000000E+30              1486       
 NEXT SEEDS:1F682B05       9       0       0       0       0      40    3039       0       0
       2135                    18                    18             9.3945963E-02         1.0000000E+30              1486       
 NEXT SEEDS:1F682B1C       9       0       0       0       0      40    3039       0       0
       2136                    17                    17             9.3964095E-02         1.0000000E+30              1486       
 NEXT SEEDS:1F8107D7       9       0       0       0       0      40    3039       0       0
       2137                    16                    16             9.3920196E-02         1.0000000E+30              1486       
 NEXT SEEDS:1F8107DB       9       0       0       0       0      40    3039       0       0
       2138                    15                    15             9.4108418E-02         1.0000000E+30              1492       
 NEXT SEEDS:1FDD269C       9       0       0       0       0      40    3039       0       0
       2139                    14                    14             9.4064493E-02         1.0000000E+30              1492       
 NEXT SEEDS:1FDD26A0       9       0       0       0       0      40    3039       0       0
       2140                    13                    13             9.4020594E-02         1.0000000E+30              1492       
 NEXT SEEDS:1FDD26A4       9       0       0       0       0      40    3039       0       0
       2141                    12                    12             9.3981883E-02         1.0000000E+30              1492       
 NEXT SEEDS:1FDF027B       9       0       0       0       0      40    3039       0       0
       2142                    11                    11             9.3938064E-02         1.0000000E+30              1492       
 NEXT SEEDS:1FDF027F       9       0       0       0       0      40    3039       0       0
       2143                    10                    10             9.3894279E-02         1.0000000E+30              1492       
 NEXT SEEDS:1FDF0283       9       0       0       0       0      40    3039       0       0
       2144                     9                     9             9.3877551E-02         1.0000000E+30              1492       
 NEXT SEEDS:1FE928C6       9       0       0       0       0      40    3039       0       0
       2145                     8                     8             9.3833856E-02         1.0000000E+30              1492       
 NEXT SEEDS:1FE92929       9       0       0       0       0      40    3039       0       0
       2146                     7                     7             9.3954721E-02         1.0000000E+30              1492       
 NEXT SEEDS:2029C4BA       9       0       0       0       0      40    3039       0       0
       2147                     6                     6             9.3911031E-02         1.0000000E+30              1492       
 NEXT SEEDS:2029C4BE       9       0       0       0       0      40    3039       0       0
       2148                     5                     5             9.3899562E-02         1.0000000E+30              1492       
 NEXT SEEDS:20366076       9       0       0       0       0      40    3039       0       0
       2149                     4                     4             9.3855939E-02         1.0000000E+30              1492       
 NEXT SEEDS:2036607A       9       0       0       0       0      40    3039       0       0
       2150                     3                     3             9.3812341E-02         1.0000000E+30              1492       
 NEXT SEEDS:20366090       9       0       0       0       0      40    3039       0       0
       2151                     2                     2             9.3768778E-02         1.0000000E+30              1492       
 NEXT SEEDS:203660A2       9       0       0       0       0      40    3039       0       0
       2152                     1                     1             9.3725262E-02         1.0000000E+30              1492       
 NEXT SEEDS:203660A6       9       0       0       0       0      40    3039       0       0
       2153                     0                     1             9.3764820E-02         1.0000000E+30              1492       
 NEXT SEEDS:20569959       9       0       0       0       0      40    3039       0       0
