1NUMBER OF BEAM       NUMBER OF BEAM        APPROXIMATE NUMBER    AVERAGE TIME USED     TIME LEFT (RESERVED   NUMBER OF STARS
 PARTICLES HANDLED    PARTICLES LEFT        OF BEAM PARTICLES     BY A BEAM PARTICLE     10000.0 SECONDS      CREATED
                                            THAT CAN STILL BE                           FOR PRINTOUT)
                                            HANDLED

 NEXT SEEDS: 55FCA95       A       0       0       0       0      2E    3039       0       0
          1                  2846                  2846             2.6875210E-01         1.0000000E+30                 0       
 NEXT SEEDS: 5904A10       A       0       0       0       0      2E    3039       0       0
  Comptn_2: TXYZ:   1.0000000000072564       U,V,W -0.75403836375892297       0.63870077701024286      -0.15325620194150247     
  Comptn_2: TXYZ:   1.0000000000010090       U,V,W -0.87946167589937829        4.6386749775493286E-002  0.47370394770418756     
         50                  2797                  2797             2.5052739E-01         1.0000000E+30                 5       
 NEXT SEEDS: E1D0924       A       0       0       0       0      2E    3039       0       0
  Comptn_2: TXYZ:   1.0000000000011178       U,V,W  0.17240465233212632      -0.67491435342674111       0.71747282275631896     
  Comptn_2: TXYZ:  0.99999999999642319       U,V,W -0.97042356817165576       0.20934144655880971       0.12022585864147572     
        100                  2747                  2747             2.2939201E-01         1.0000000E+30                30       
 NEXT SEEDS:15717B52       A       0       0       0       0      2E    3039       0       0
  Comptn_2: TXYZ:  0.99999999999709255       U,V,W -0.15898126567529403      -0.69153464982473878      -0.70463095678032062     
  Comptn_2: TXYZ:   1.0000000000017286       U,V,W   2.8555603813160246E-002  0.45102396940929879       0.89205490666823550     
        150                  2697                  2697             3.0255708E-01         1.0000000E+30                84       
 NEXT SEEDS:25083954       A       0       0       0       0      2E    3039       0       0
  Comptn_2: TXYZ:  0.99999999999836242       U,V,W  0.43577022877370508       0.18778627855373031      -0.88025031740966497     
  Comptn_2: TXYZ:   1.0000000000012694       U,V,W -0.45436552630684446        1.4225638490415804E-002  0.89070174565603821     
  *** Kbar: P_min > 1.8 GeV/c:           16   11.714014946656700     
  *** Kbar: P_min > 1.8 GeV/c:           16   12.677065382632183     
  *** Kbar: P_min > 1.8 GeV/c:           16   3.5032655592511888     
  *** Kbar: P_min > 1.8 GeV/c:           16   3.1201214001314423     
  *** Kbar: P_min > 1.8 GeV/c:           16   3.2913957814002539     
  *** Kbar: P_min > 1.8 GeV/c:           25   2.3651250181333987     
  *** Kbar: P_min > 1.8 GeV/c:           25   2.7755566732975612     
        200                  2647                  2647             3.2503499E-01         1.0000000E+30               205       
 NEXT SEEDS:32CB5219       A       0       0       0       0      2E    3039       0       0
  Comptn_2: TXYZ:   1.0000000000022069       U,V,W   7.3073310727480134E-002  0.98202181071363215       0.17405014950941933     
        250                  2597                  2597             2.9009577E-01         1.0000000E+30               213       
 NEXT SEEDS:3815ED95       A       0       0       0       0      2E    3039       0       0
  Comptn_2: TXYZ:   1.0000000000014593       U,V,W   2.8109575149244392E-002  0.93847505134270703      -0.34420114728700657     
  Comptn_2: TXYZ:  0.99999999996124744       U,V,W   6.8979738866801199E-002  0.93265345454193493      -0.35411767721777210     
        300                  2547                  2547             2.6471695E-01         1.0000000E+30               218       
 NEXT SEEDS: 145424F       B       0       0       0       0      2E    3039       0       0
  Comptn_2: TXYZ:   1.0000000000061922       U,V,W  0.59660202954850661      -0.52144479761872731      -0.61005027774861276     
  Comptn_2: TXYZ:  0.99999999998704614       U,V,W -0.35297293198428292      -0.93553470148252416       -1.3598955675689695E-002
  Comptn_2: TXYZ:  0.99999999999893352       U,V,W -0.35079726003971956       0.13725050387401971      -0.92633880493795928     
  Comptn_2: TXYZ:   1.0000000000475580       U,V,W   3.6856701876672560E-002  0.77487732901701634       0.63103621809670063     
  Comptn_2: TXYZ:   1.0000000000013405       U,V,W  0.48312830123897044      -0.13968731427911862      -0.86433471454800070     
        350                  2497                  2497             2.8831314E-01         1.0000000E+30               242       
 NEXT SEEDS:106EAFA9       B       0       0       0       0      2E    3039       0       0
  Comptn_2: TXYZ:   1.0000000000022033       U,V,W  0.84898941439526965      -0.46835864645497338       0.24465721435887744     
        400                  2447                  2447             2.9499052E-01         1.0000000E+30               248       
 NEXT SEEDS:1C371BEE       B       0       0       0       0      2E    3039       0       0
        450                  2397                  2397             2.7566707E-01         1.0000000E+30               254       
 NEXT SEEDS:207F9941       B       0       0       0       0      2E    3039       0       0
  Comptn_2: TXYZ:   1.0000000000018041       U,V,W -0.92700395218894371      -0.37497105283391363       -7.7705961488874209E-003
  Comptn_2: TXYZ:  0.99999999999860001       U,V,W  -9.1658723583478263E-002 -0.69889324747194337       0.70932849021293976     
        500                  2347                  2347             2.8332091E-01         1.0000000E+30               256       
 NEXT SEEDS:2CA6757D       B       0       0       0       0      2E    3039       0       0
        550                  2297                  2297             2.8342767E-01         1.0000000E+30               267       
 NEXT SEEDS:364E6513       B       0       0       0       0      2E    3039       0       0
  Comptn_2: TXYZ:  0.99999999999476685       U,V,W  0.67823646076474908      -0.59638158715131340       0.42933006625550263     
        600                  2247                  2247             2.8889729E-01         1.0000000E+30               274       
 NEXT SEEDS: 6CAD3F0       C       0       0       0       0      2E    3039       0       0
  Comptn_2: TXYZ:  0.99999999999884204       U,V,W  0.97895855844078206      -0.17481597368838919      -0.10525928081536762     
  Comptn_2: TXYZ:   1.0000000000037406       U,V,W -0.68517612427831853      -0.24380234405214196       0.68636294754114147     
  Comptn_2: TXYZ:  0.99999999999742162       U,V,W  0.49561650093022536       0.30530168051151918       0.81311448633015004     
        650                  2197                  2197             2.7841833E-01         1.0000000E+30               276       
 NEXT SEEDS: C2B3DAC       C       0       0       0       0      2E    3039       0       0
  Comptn_2: TXYZ:   1.0000000000041109       U,V,W  0.22171798361713968       0.95671610793479900      -0.18850842040330917     
        700                  2147                  2147             2.7793766E-01         1.0000000E+30               290       
 NEXT SEEDS:15C27B04       C       0       0       0       0      2E    3039       0       0
  Comptn_2: TXYZ:   1.0000000000079032       U,V,W  0.54642137943015712       0.66066876312703471       0.51472367493417437     
  Comptn_2: TXYZ:   1.0000000000012697       U,V,W  0.93987023788041668      -0.33771660735727949       -5.0906080805418696E-002
  Comptn_2: TXYZ:   1.0000000000016689       U,V,W -0.62250567097419207       0.48447497544312590       0.61463052948582231     
  Comptn_2: TXYZ:   1.0000000000018838       U,V,W -0.20192766562203701        4.9742113110710307E-002 -0.97813646289339395     
        750                  2097                  2097             2.8461403E-01         1.0000000E+30               290       
 NEXT SEEDS:233773D0       C       0       0       0       0      2E    3039       0       0
  *** Kaon: P_min > 1.5 GeV/c:           15   87.081323271436219     
  *** Kaon: P_min > 1.5 GeV/c:           15   120.00414611549407     
  *** Kaon: P_min > 1.5 GeV/c:           15   17.655008463595056     
  *** Kaon: P_min > 1.5 GeV/c:           15   16.599480423708208     
  *** Kaon: P_min > 1.5 GeV/c:           15   15.011597257783086     
  *** Kaon: P_min > 1.5 GeV/c:           24   16.543425198046531     
  *** Kaon: P_min > 1.5 GeV/c:           24   16.541957224641259     
  *** Kaon: P_min > 1.5 GeV/c:           24   15.281460985984538     
  *** Kaon: P_min > 1.5 GeV/c:           15   2.9351848722446117     
  *** Kaon: P_min > 1.5 GeV/c:           15   2.6053695016952774     
  *** Kaon: P_min > 1.5 GeV/c:           15   3.1371135477818952     
  *** Kaon: P_min > 1.5 GeV/c:           15   3.5408190744524584     
  *** Kaon: P_min > 1.5 GeV/c:           24   1.7674800103038297     
        800                  2047                  2047             2.8293500E-01         1.0000000E+30               681       
 NEXT SEEDS:2C508376       C       0       0       0       0      2E    3039       0       0
  Comptn_2: TXYZ:   1.0000000000010072       U,V,W  0.25716181384656522      -0.76171556354834635      -0.59469084552259321     
        850                  1997                  1997             2.8894854E-01         1.0000000E+30               687       
 NEXT SEEDS:39DD3C31       C       0       0       0       0      2E    3039       0       0
  Comptn_2: TXYZ:   1.0000000000010409       U,V,W -0.92890679095530260       0.29620240253709795      -0.22225280751750631     
  Comptn_2: TXYZ:  0.99999999999630429       U,V,W -0.70169371729379293      -0.49018686182711946      -0.51705199699721049     
  Comptn_2: TXYZ:  0.99999999998575517       U,V,W  0.76526643233844993       0.11407304826911968       0.63352555369166197     
        900                  1947                  1947             2.8634762E-01         1.0000000E+30              1104       
 NEXT SEEDS: 6F7778D       D       0       0       0       0      2E    3039       0       0
  Comptn_2: TXYZ:  0.99999999999380229       U,V,W -0.89450831930751562       -2.1209387057240292E-002  0.44654790177997938     
        950                  1897                  1897             2.7684094E-01         1.0000000E+30              1104       
 NEXT SEEDS: AB16439       D       0       0       0       0      2E    3039       0       0
       1000                  1847                  1847             2.6777514E-01         1.0000000E+30              1107       
 NEXT SEEDS: E0A07EF       D       0       0       0       0      2E    3039       0       0
  Comptn_2: TXYZ:  0.99999999998988587       U,V,W  0.39980230061385669      -0.69169720834918635      -0.60142588269519592     
  Comptn_2: TXYZ:   1.0000000000020750       U,V,W -0.28775747518845662       0.89716551800450617       0.33509650666479018     
  Comptn_2: TXYZ:  0.99999999999881106       U,V,W  0.74440670713207879      -0.51212472460537395       0.42847044334872919     
  Comptn_2: TXYZ:  0.99999999999899469       U,V,W  0.33820272171408305      -0.89685470407830703      -0.28507991650902653     
  Comptn_2: TXYZ:  0.99999999999786482       U,V,W -0.35643763995577160      -0.64960782926658200       0.67153695131108293     
       1050                  1797                  1797             2.6781895E-01         1.0000000E+30              1141       
 NEXT SEEDS:179CC0B9       D       0       0       0       0      2E    3039       0       0
  Comptn_2: TXYZ:  0.99999999999132516       U,V,W  0.27960708686708813        6.9424011977488584E-002  0.95760126541581769     
  Comptn_2: TXYZ:   1.0000000000022553       U,V,W  0.59257649940438739       0.80278455089113265        6.6257506792965160E-002
       1100                  1747                  1747             2.6717032E-01         1.0000000E+30              1286       
 NEXT SEEDS:20D10E0C       D       0       0       0       0      2E    3039       0       0
       1150                  1697                  1697             2.6634656E-01         1.0000000E+30              1293       
 NEXT SEEDS:299F418D       D       0       0       0       0      2E    3039       0       0
       1200                  1647                  1647             2.6720451E-01         1.0000000E+30              1505       
 NEXT SEEDS:33E7E8AB       D       0       0       0       0      2E    3039       0       0
  Comptn_2: TXYZ:   1.0000000000085632       U,V,W  0.98997767832130457       -6.0882129349124625E-003  0.14109262949347112     
       1250                  1597                  1597             2.6837551E-01         1.0000000E+30              1518       
 NEXT SEEDS: 309C93F       E       0       0       0       0      2E    3039       0       0
  Comptn_2: TXYZ:   1.0000000000019353       U,V,W -0.55693025486554149      -0.68512684055272643       0.46949963106649761     
       1300                  1547                  1547             2.6834857E-01         1.0000000E+30              1524       
 NEXT SEEDS: CAC941E       E       0       0       0       0      2E    3039       0       0
  Comptn_2: TXYZ:   1.0000000000025471       U,V,W  0.27189919530987083       0.20269700355727283       0.94073628203726400     
       1350                  1497                  1497             2.7812870E-01         1.0000000E+30              1532       
 NEXT SEEDS:1FCB528E       E       0       0       0       0      2E    3039       0       0
       1400                  1447                  1447             2.7744694E-01         1.0000000E+30              1535       
 NEXT SEEDS:28C62EAE       E       0       0       0       0      2E    3039       0       0
  Comptn_2: TXYZ:   1.0000000000014142       U,V,W -0.70648571115941294        8.9433745422169864E-002 -0.70205380499556824     
  Comptn_2: TXYZ:   1.0000000000031319       U,V,W  0.80319713234828072       0.52328176150466277      -0.28469380862113525     
       1450                  1397                  1397             2.7185361E-01         1.0000000E+30              1541       
 NEXT SEEDS:2CE17CD6       E       0       0       0       0      2E    3039       0       0
  Comptn_2: TXYZ:  0.99999999999853162       U,V,W -0.50854832515533133      -0.62177670555654174      -0.59562767683133444     
  Comptn_2: TXYZ:  0.99999999999894906       U,V,W  0.64872050094420075       0.44231463207295363      -0.61928949442713943     
       1500                  1347                  1347             2.7074066E-01         1.0000000E+30              1943       
 NEXT SEEDS:3560611E       E       0       0       0       0      2E    3039       0       0
  Comptn_2: TXYZ:  0.99999999999639921       U,V,W  0.24664730724902029      -0.21972026526939323       0.94386869365031600     
  Comptn_2: TXYZ:  0.99999999999829159       U,V,W  0.20427466585690013      -0.83949021284820091      -0.50351568338972896     
       1550                  1297                  1297             2.6972166E-01         1.0000000E+30              1961       
 NEXT SEEDS: 27CEC89       F       0       0       0       0      2E    3039       0       0
  Comptn_2: TXYZ:  0.99999999999335754       U,V,W -0.20493805087431838      -0.57739504363540517      -0.79032610919952617     
       1600                  1247                  1247             2.7100675E-01         1.0000000E+30              1976       
 NEXT SEEDS: DB7C92E       F       0       0       0       0      2E    3039       0       0
  Comptn_2: TXYZ:   1.0000000000061655       U,V,W  0.19547533107235893      -0.95778262653051982       0.21081232237375502     
  Comptn_2: TXYZ:  0.99999999999877720       U,V,W -0.31844947681825531      -0.91642051908888433      -0.24241155687346350     
  Comptn_2: TXYZ:  0.99999999999721267       U,V,W -0.65044867105712267       0.61592591233208083      -0.44446799303788964     
  Comptn_2: TXYZ:  0.99999999999366640       U,V,W  0.72314777198016955       0.69044918814774903       -1.8363508921154903E-002
       1650                  1197                  1197             2.7786639E-01         1.0000000E+30              2038       
 NEXT SEEDS:2024CAC5       F       0       0       0       0      2E    3039       0       0
       1700                  1147                  1147             2.7651207E-01         1.0000000E+30              2047       
 NEXT SEEDS:28200864       F       0       0       0       0      2E    3039       0       0
  Comptn_2: TXYZ:  0.99999999999801648       U,V,W   3.0915904760234980E-002  0.65297900547095367      -0.75674475567726063     
       1750                  1097                  1097             2.7492946E-01         1.0000000E+30              2059       
 NEXT SEEDS:3026E41D       F       0       0       0       0      2E    3039       0       0
  Comptn_2: TXYZ:   1.0000000000017402       U,V,W -0.37114553134513173      -0.91508213303567043       0.15772027251804843     
       1800                  1047                  1047             2.7309614E-01         1.0000000E+30              2065       
 NEXT SEEDS:37A10575       F       0       0       0       0      2E    3039       0       0
  Comptn_2: TXYZ:  0.99999999999530720       U,V,W  0.39615024840357727       0.91705123567182234        4.5629067904954468E-002
       1850                   997                   997             2.7111222E-01         1.0000000E+30              2065       
 NEXT SEEDS: 33491D5      10       0       0       0       0      2E    3039       0       0
  Comptn_2: TXYZ:   1.0000000000024640       U,V,W -0.46788769800318519       0.86849244894960664       0.16371306660514051     
  *** Hhflev: call to Hadriv !! ***  0.54988149466408143        5.0000000000000000        1.5859174436636241               16 T F T
       1900                   947                   947             2.7359717E-01         1.0000000E+30              4015       
 NEXT SEEDS:101780C0      10       0       0       0       0      2E    3039       0       0
       1950                   897                   897             2.7374741E-01         1.0000000E+30              4021       
 NEXT SEEDS:1A0CE00B      10       0       0       0       0      2E    3039       0       0
  Comptn_2: TXYZ:  0.99999999999889277       U,V,W -0.24399547816393863      -0.11088897168055922       0.96341571639353685     
  Comptn_2: TXYZ:   1.0000000000011999       U,V,W -0.63932021930441962       -3.4676254197378853E-002  0.76815832650866156     
       2000                   847                   847             2.7007902E-01         1.0000000E+30              4097       
 NEXT SEEDS:1E9860B2      10       0       0       0       0      2E    3039       0       0
  Comptn_2: TXYZ:  0.99999999999897971       U,V,W  0.65469516117721582      -0.35967060618350555       0.66483930462759844     
  Comptn_2: TXYZ:   1.0000000000011897       U,V,W -0.51465898439664315      -0.83855560070428936       0.17874740364121067     
  *** Hhflev: call to Hadriv !! ***  0.65844089175858556        3.5000000000000000        1.4720907901407740               14 T F T
  *** Hhflev: call to Hadriv !! ***  0.64785786905566856        3.5000000000000000        1.4654704029461627               13 T F T
       2050                   797                   797             2.7280760E-01         1.0000000E+30              6472       
 NEXT SEEDS:2BBA5FBD      10       0       0       0       0      2E    3039       0       0
  Comptn_2: TXYZ:  0.99999999998328548       U,V,W  0.12164726128787606      -0.24406161140285576      -0.96209972125756593     
  Comptn_2: TXYZ:   1.0000000000013560       U,V,W  0.57834256340043311        1.1940899516002190E-002 -0.81570662267724714     
       2100                   747                   747             2.7464176E-01         1.0000000E+30              6479       
 NEXT SEEDS:379AA511      10       0       0       0       0      2E    3039       0       0
       2150                   697                   697             2.7321770E-01         1.0000000E+30              6499       
 NEXT SEEDS: 3AB7B63      11       0       0       0       0      2E    3039       0       0
  *** Hhflev: call to Hadriv !! ***  0.86040864261969241        3.5000000000000000        1.5938059768344546               13 T F T
  Comptn_2: TXYZ:  0.99999999999871281       U,V,W  0.27652879776045580      -0.80446178360030984       0.52571195795271564     
       2200                   647                   647             2.7684791E-01         1.0000000E+30              7760       
 NEXT SEEDS:133492A9      11       0       0       0       0      2E    3039       0       0
  Eventv: ekin+am < pla,ij,igreyt   3.2628091492914368        3.5900183072118237               30           9
  Comptn_2: TXYZ:   1.0000000000011378       U,V,W  0.27342883538710794       0.93604812365951062      -0.22147366022508663     
       2250                   597                   597             2.7738139E-01         1.0000000E+30              7773       
 NEXT SEEDS:1DEE8135      11       0       0       0       0      2E    3039       0       0
  Comptn_2: TXYZ:  0.99999999999891087       U,V,W  0.36854507020137106       0.86748210663320080      -0.33413968022430574     
  Comptn_2: TXYZ:   1.0000000000070355       U,V,W -0.32463319460940454        4.5279305188188346E-003  0.94582915307678306     
       2300                   547                   547             2.7488925E-01         1.0000000E+30              7774       
 NEXT SEEDS:23C356FE      11       0       0       0       0      2E    3039       0       0
  Comptn_2: TXYZ:   1.0000000000019651       U,V,W  0.16039956030854796       -4.9132652589686195E-002  0.98582856699544408     
       2350                   497                   497             2.7253889E-01         1.0000000E+30              7775       
 NEXT SEEDS:29A0491F      11       0       0       0       0      2E    3039       0       0
       2400                   447                   447             2.7026930E-01         1.0000000E+30              7776       
 NEXT SEEDS:2F867DE1      11       0       0       0       0      2E    3039       0       0
  Comptn_2: TXYZ:  0.99999999999699563       U,V,W -0.24889589616201402      -0.17907510620921130       0.95183136069729457     
  Comptn_2: TXYZ:  0.99999999999716638       U,V,W -0.94461029416977715      -0.20263103214452372       0.25817059661723363     
  Comptn_2: TXYZ:  0.99999999999658951       U,V,W  0.91400185009793233       0.29370624740172957      -0.27988793873859663     
  Comptn_2: TXYZ:  0.99999999999814515       U,V,W  0.39505402506580900       0.56924177374338569       0.72103822388478989     
       2450                   397                   397             2.7271632E-01         1.0000000E+30              7829       
 NEXT SEEDS: 1F2ABEC      12       0       0       0       0      2E    3039       0       0
  Comptn_2: TXYZ:   1.0000000000035056       U,V,W  0.48028521139744385      -0.31184906551303193       0.81980258358647973     
  Comptn_2: TXYZ:   1.0000000000024376       U,V,W -0.87584768480454001       0.46447165529886547       0.13098440536528244     
  Comptn_2: TXYZ:   1.0000000000011016       U,V,W  0.92045446080386384       0.38673881389570042       -5.6539149391518606E-002
  Comptn_2: TXYZ:   1.0000000000017348       U,V,W -0.41614267138516681       0.69854373679652326       0.58211848006784805     
  Comptn_2: TXYZ:   1.0000000000017117       U,V,W  0.98344957132910693       0.18016991772189783       -1.9124366718720864E-002
  Comptn_2: TXYZ:  0.99999999999811662       U,V,W -0.12389195479874715      -0.76255111657977892      -0.63495399686685516     
  Comptn_2: TXYZ:  0.99999999999815126       U,V,W -0.68530237241939496       0.72710815628218750       -4.0919279348713644E-002
       2500                   347                   347             2.7510069E-01         1.0000000E+30              7838       
 NEXT SEEDS: F5F7F5D      12       0       0       0       0      2E    3039       0       0
  Comptn_2: TXYZ:  0.99999999999603340       U,V,W -0.21195635499391585       -9.3620809454499465E-002 -0.97278448158408182     
       2550                   297                   297             2.7323636E-01         1.0000000E+30              7865       
 NEXT SEEDS:15BCDA65      12       0       0       0       0      2E    3039       0       0
  Comptn_2: TXYZ:  0.99999999999886457       U,V,W  0.12684019621059761      -0.49254717369308310       0.86099294207971155     
  Comptn_2: TXYZ:  0.99999999999767342       U,V,W -0.13275427867736767      -0.74928770009582157       0.64880216089008158     
  Comptn_2: TXYZ:  0.99999999999626199       U,V,W -0.62233590129400795      -0.11975731007999002       0.77353488133324788     
  Comptn_2: TXYZ:   1.0000000002323213       U,V,W  0.65295690639459281       0.62625276163839771      -0.42597506636445814     
       2600                   247                   247             2.7502172E-01         1.0000000E+30              7917       
 NEXT SEEDS:22ECE44A      12       0       0       0       0      2E    3039       0       0
       2650                   197                   197             2.7256531E-01         1.0000000E+30              7923       
 NEXT SEEDS:282709D0      12       0       0       0       0      2E    3039       0       0
  Comptn_2: TXYZ:  0.99999999999887301       U,V,W  0.18006225748390836       0.70980411391507658       0.68099611107399483     
  Comptn_2: TXYZ:   1.0000000000010170       U,V,W -0.95700117783544059        5.9264983541154947E-002 -0.28396550380013252     
  Comptn_2: TXYZ:   1.0000000000016542       U,V,W -0.67050008338589251      -0.63394481070906039      -0.38541356379377589     
  Comptn_2: TXYZ:  0.99999999999887224       U,V,W  -7.7646911543055808E-002 -0.95047022911885393      -0.30096062979308513     
       2700                   147                   147             2.7489171E-01         1.0000000E+30              7930       
 NEXT SEEDS:374D39FF      12       0       0       0       0      2E    3039       0       0
       2750                    97                    97             2.7262785E-01         1.0000000E+30              7945       
 NEXT SEEDS: 12AFFB8      13       0       0       0       0      2E    3039       0       0
  Comptn_2: TXYZ:  0.99999999999742195       U,V,W  0.32525703896033153        5.2234048554453238E-002  0.94418190131763824     
       2797                    50                    50             2.7838686E-01         1.0000000E+30              8084       
 NEXT SEEDS:162A37EA      13       0       0       0       0      2E    3039       0       0
       2798                    49                    49             2.7833430E-01         1.0000000E+30              8084       
 NEXT SEEDS:1642E8C1      13       0       0       0       0      2E    3039       0       0
       2799                    48                    48             2.7823491E-01         1.0000000E+30              8084       
 NEXT SEEDS:1642E8C5      13       0       0       0       0      2E    3039       0       0
       2800                    47                    47             2.7813558E-01         1.0000000E+30              8084       
 NEXT SEEDS:1642E8C9      13       0       0       0       0      2E    3039       0       0
       2801                    46                    46             2.7810566E-01         1.0000000E+30              8084       
 NEXT SEEDS:16673E37      13       0       0       0       0      2E    3039       0       0
       2802                    45                    45             2.7800645E-01         1.0000000E+30              8084       
 NEXT SEEDS:16673E3B      13       0       0       0       0      2E    3039       0       0
       2803                    44                    44             2.7790729E-01         1.0000000E+30              8084       
 NEXT SEEDS:16673E3F      13       0       0       0       0      2E    3039       0       0
       2804                    43                    43             2.7780823E-01         1.0000000E+30              8084       
 NEXT SEEDS:16673E43      13       0       0       0       0      2E    3039       0       0
       2805                    42                    42             2.7770923E-01         1.0000000E+30              8084       
 NEXT SEEDS:16673E47      13       0       0       0       0      2E    3039       0       0
       2806                    41                    41             2.7764743E-01         1.0000000E+30              8084       
 NEXT SEEDS:167BB984      13       0       0       0       0      2E    3039       0       0
  Comptn_2: TXYZ:  0.99999999998529543       U,V,W  0.61122290576371441      -0.28285869364165706      -0.73918706623316410     
       2807                    40                    40             2.7762473E-01         1.0000000E+30              8084       
 NEXT SEEDS:16A3DFA2      13       0       0       0       0      2E    3039       0       0
       2808                    39                    39             2.7752591E-01         1.0000000E+30              8084       
 NEXT SEEDS:16A3DFA6      13       0       0       0       0      2E    3039       0       0
       2809                    38                    38             2.7745397E-01         1.0000000E+30              8084       
 NEXT SEEDS:16B2D47C      13       0       0       0       0      2E    3039       0       0
       2810                    37                    37             2.7735527E-01         1.0000000E+30              8084       
 NEXT SEEDS:16B2D480      13       0       0       0       0      2E    3039       0       0
       2811                    36                    36             2.7725665E-01         1.0000000E+30              8084       
 NEXT SEEDS:16B2D484      13       0       0       0       0      2E    3039       0       0
       2812                    35                    35             2.7715809E-01         1.0000000E+30              8084       
 NEXT SEEDS:16B2D488      13       0       0       0       0      2E    3039       0       0
       2813                    34                    34             2.7705959E-01         1.0000000E+30              8084       
 NEXT SEEDS:16B2D48C      13       0       0       0       0      2E    3039       0       0
       2814                    33                    33             2.7700767E-01         1.0000000E+30              8084       
 NEXT SEEDS:16CB5859      13       0       0       0       0      2E    3039       0       0
       2815                    32                    32             2.7693657E-01         1.0000000E+30              8084       
 NEXT SEEDS:16D85140      13       0       0       0       0      2E    3039       0       0
       2816                    31                    31             2.7683827E-01         1.0000000E+30              8084       
 NEXT SEEDS:16D85144      13       0       0       0       0      2E    3039       0       0
       2817                    30                    30             2.7690923E-01         1.0000000E+30              8086       
 NEXT SEEDS:172F72D4      13       0       0       0       0      2E    3039       0       0
       2818                    29                    29             2.7681103E-01         1.0000000E+30              8086       
 NEXT SEEDS:172F72D8      13       0       0       0       0      2E    3039       0       0
       2819                    28                    28             2.7671286E-01         1.0000000E+30              8086       
 NEXT SEEDS:172F72DC      13       0       0       0       0      2E    3039       0       0
       2820                    27                    27             2.7661478E-01         1.0000000E+30              8086       
 NEXT SEEDS:172F72E0      13       0       0       0       0      2E    3039       0       0
       2821                    26                    26             2.7658667E-01         1.0000000E+30              8086       
 NEXT SEEDS:1752567D      13       0       0       0       0      2E    3039       0       0
       2822                    25                    25             2.7652904E-01         1.0000000E+30              8086       
 NEXT SEEDS:1767BABE      13       0       0       0       0      2E    3039       0       0
       2823                    24                    24             2.7645044E-01         1.0000000E+30              8086       
 NEXT SEEDS:1771BEA5      13       0       0       0       0      2E    3039       0       0
       2824                    23                    23             2.7635261E-01         1.0000000E+30              8086       
 NEXT SEEDS:1771BEA9      13       0       0       0       0      2E    3039       0       0
       2825                    22                    22             2.7633481E-01         1.0000000E+30              8086       
 NEXT SEEDS:1799F709      13       0       0       0       0      2E    3039       0       0
       2826                    21                    21             2.7623709E-01         1.0000000E+30              8086       
 NEXT SEEDS:1799F70D      13       0       0       0       0      2E    3039       0       0
       2827                    20                    20             2.7622619E-01         1.0000000E+30              8086       
 NEXT SEEDS:17C74DF1      13       0       0       0       0      2E    3039       0       0
       2828                    19                    19             2.7612858E-01         1.0000000E+30              8086       
 NEXT SEEDS:17C74DF5      13       0       0       0       0      2E    3039       0       0
       2829                    18                    18             2.7605415E-01         1.0000000E+30              8086       
 NEXT SEEDS:17D44692      13       0       0       0       0      2E    3039       0       0
       2830                    17                    17             2.7595664E-01         1.0000000E+30              8086       
 NEXT SEEDS:17D44696      13       0       0       0       0      2E    3039       0       0
       2831                    16                    16             2.7585919E-01         1.0000000E+30              8086       
 NEXT SEEDS:17D4469A      13       0       0       0       0      2E    3039       0       0
       2832                    15                    15             2.7576182E-01         1.0000000E+30              8086       
 NEXT SEEDS:17D4469E      13       0       0       0       0      2E    3039       0       0
       2833                    14                    14             2.7566453E-01         1.0000000E+30              8086       
 NEXT SEEDS:17D446A2      13       0       0       0       0      2E    3039       0       0
       2834                    13                    13             2.7564795E-01         1.0000000E+30              8086       
 NEXT SEEDS:17FE324C      13       0       0       0       0      2E    3039       0       0
       2835                    12                    12             2.7559542E-01         1.0000000E+30              8086       
 NEXT SEEDS:1815ECAC      13       0       0       0       0      2E    3039       0       0
       2836                    11                    11             2.7549828E-01         1.0000000E+30              8086       
 NEXT SEEDS:1815ECB0      13       0       0       0       0      2E    3039       0       0
       2837                    10                    10             2.7545765E-01         1.0000000E+30              8086       
 NEXT SEEDS:18336130      13       0       0       0       0      2E    3039       0       0
       2838                     9                     9             2.7543573E-01         1.0000000E+30              8086       
 NEXT SEEDS:185CA7D5      13       0       0       0       0      2E    3039       0       0
  Comptn_2: TXYZ:  0.99999999999726885       U,V,W -0.63614072512852715        9.5416793787416410E-002 -0.76565045111561858     
       2839                     8                     8             2.7606482E-01         1.0000000E+30              8086       
 NEXT SEEDS:19BCE6CD      13       0       0       0       0      2E    3039       0       0
       2840                     7                     7             2.7609292E-01         1.0000000E+30              8086       
 NEXT SEEDS:19FFF9BC      13       0       0       0       0      2E    3039       0       0
       2841                     6                     6             2.7599581E-01         1.0000000E+30              8086       
 NEXT SEEDS:19FFF9C0      13       0       0       0       0      2E    3039       0       0
       2842                     5                     5             2.7595135E-01         1.0000000E+30              8087       
 NEXT SEEDS:1A1BEF8C      13       0       0       0       0      2E    3039       0       0
       2843                     4                     4             2.7603819E-01         1.0000000E+30              8088       
 NEXT SEEDS:1A7D92B8      13       0       0       0       0      2E    3039       0       0
       2844                     3                     3             2.7600626E-01         1.0000000E+30              8088       
 NEXT SEEDS:1AA23FE2      13       0       0       0       0      2E    3039       0       0
       2845                     2                     2             2.7590929E-01         1.0000000E+30              8088       
 NEXT SEEDS:1AA23FE6      13       0       0       0       0      2E    3039       0       0
       2846                     1                     1             2.7581235E-01         1.0000000E+30              8088       
 NEXT SEEDS:1AA23FEA      13       0       0       0       0      2E    3039       0       0
       2847                     0                     1             2.7603168E-01         1.0000000E+30              8088       
 NEXT SEEDS:1B57AC5B      13       0       0       0       0      2E    3039       0       0
