1NUMBER OF BEAM       NUMBER OF BEAM        APPROXIMATE NUMBER    AVERAGE TIME USED     TIME LEFT (RESERVED   NUMBER OF STARS
 PARTICLES HANDLED    PARTICLES LEFT        OF BEAM PARTICLES     BY A BEAM PARTICLE     10000.0 SECONDS      CREATED
                                            THAT CAN STILL BE                           FOR PRINTOUT)
                                            HANDLED

 NEXT SEEDS:20569959       9       0       0       0       0      40    3039       0       0
          1                  2152                  2152             1.9420791E-01         1.0000000E+30                 0       
 NEXT SEEDS:2078FEE1       9       0       0       0       0      40    3039       0       0
         40                  2113                  2113             5.9264255E-02         1.0000000E+30                 2       
 NEXT SEEDS:2200297F       9       0       0       0       0      40    3039       0       0
  Comptn_2: TXYZ:   1.0000000000013016       U,V,W  -2.4042808229891577E-002 -0.30731634256195406       0.95130363657880856     
  Comptn_2: TXYZ:   1.0000000000012215       U,V,W  0.63899659806958198      -0.17876537622647959      -0.74814857342597918     
         80                  2073                  2073             1.5530221E-01         1.0000000E+30                 6       
 NEXT SEEDS:29313E68       9       0       0       0       0      40    3039       0       0
        120                  2033                  2033             1.2005927E-01         1.0000000E+30                11       
 NEXT SEEDS:2A940130       9       0       0       0       0      40    3039       0       0
  Comptn_2: TXYZ:   1.0000000000019114       U,V,W -0.79824874651805544      -0.45262913375670166       0.39739879964454161     
  Comptn_2: TXYZ:   1.0000000000016209       U,V,W  0.75997141568422322       0.61721341548243203      -0.20369351264350399     
  Comptn_2: TXYZ:   1.0000000000010314       U,V,W -0.16969681794677882       0.56873110911801872       0.80482787942587919     
  Comptn_2: TXYZ:  0.99999999999898292       U,V,W -0.79840784167302559       0.59648871695775796        8.2134821458938134E-002
        160                  1993                  1993             1.5052795E-01         1.0000000E+30                13       
 NEXT SEEDS:31973FC5       9       0       0       0       0      40    3039       0       0
  Comptn_2: TXYZ:   1.0000000000010969       U,V,W  0.73692118232485981       0.50867961704316045      -0.44518784602328410     
  Comptn_2: TXYZ:  0.99999999999859257       U,V,W  0.83981629245595180       0.28121635643675802       0.46435541969117367     
        200                  1953                  1953             1.3545097E-01         1.0000000E+30                36       
 NEXT SEEDS:33B630D7       9       0       0       0       0      40    3039       0       0
  Comptn_2: TXYZ:   1.0000000000029226       U,V,W -0.25910121030722166       0.39077066718344516       0.88326940878152271     
        240                  1913                  1913             1.4921592E-01         1.0000000E+30                37       
 NEXT SEEDS:39F15399       9       0       0       0       0      40    3039       0       0
  Comptn_2: TXYZ:  0.99999999999795142       U,V,W  0.78671520209820223       0.53425288040667596      -0.30927827366743088     
        280                  1873                  1873             1.3528987E-01         1.0000000E+30                39       
 NEXT SEEDS:3B629B49       9       0       0       0       0      40    3039       0       0
  Comptn_2: TXYZ:  0.99999999999788680       U,V,W  0.11563836363126256       0.80883994782912616      -0.57654636209965560     
        320                  1833                  1833             1.3137457E-01         1.0000000E+30                40       
 NEXT SEEDS: 2B5E705       A       0       0       0       0      40    3039       0       0
  Comptn_2: TXYZ:   1.0000000000021476       U,V,W  0.42043735672835680       0.84676926812596420      -0.32590525559867700     
        360                  1793                  1793             1.3686195E-01         1.0000000E+30                43       
 NEXT SEEDS: 7C8B480       A       0       0       0       0      40    3039       0       0
        400                  1753                  1753             1.2815525E-01         1.0000000E+30                44       
 NEXT SEEDS: 9317ABD       A       0       0       0       0      40    3039       0       0
  *** Kbar: P_min > 1.8 GeV/c:           16   2.2105397561241320     
  *** Kbar: P_min > 1.8 GeV/c:           16   2.4157196554889886     
  *** Kbar: P_min > 1.8 GeV/c:           16   2.1096756231367495     
  *** Kbar: P_min > 1.8 GeV/c:           16   2.7842061274653034     
  *** Kbar: P_min > 1.8 GeV/c:           16   1.9095211432196006     
  *** Kbar: P_min > 1.8 GeV/c:           16   1.8822527546081307     
        440                  1713                  1713             1.2262332E-01         1.0000000E+30                79       
 NEXT SEEDS: B178332       A       0       0       0       0      40    3039       0       0
        480                  1673                  1673             1.1632304E-01         1.0000000E+30                80       
 NEXT SEEDS: C6DB930       A       0       0       0       0      40    3039       0       0
  Comptn_2: TXYZ:   1.0000000000012010       U,V,W -0.67917241450054888       0.70849139782836090      -0.19174141593800442     
  *** Kaon: P_min > 1.5 GeV/c:           24   2.6235922328357706     
  *** Kaon: P_min > 1.5 GeV/c:           24   3.0211776614224735     
  *** Kaon: P_min > 1.5 GeV/c:           24   1.8954315244125528     
  *** Kaon: P_min > 1.5 GeV/c:           24   1.8898576152766173     
  *** Kaon: P_min > 1.5 GeV/c:           24   1.9447648091407215     
  *** Kaon: P_min > 1.5 GeV/c:           24   1.8495687207415932     
  *** Kaon: P_min > 1.5 GeV/c:           24   2.0715752081932486     
  *** Kaon: P_min > 1.5 GeV/c:           24   1.8824208248215730     
  *** Kaon: P_min > 1.5 GeV/c:           24   2.3725661445605235     
  *** Kaon: P_min > 1.5 GeV/c:           24   1.8800068212544903     
  *** Kbar: P_min > 1.8 GeV/c:           25   12.643286986193026     
  *** Kaon: P_min > 1.5 GeV/c:           24   1.8644651347559427     
  *** Kaon: P_min > 1.5 GeV/c:           24   1.8641926864573088     
  *** Kaon: P_min > 1.5 GeV/c:           24   2.1568599210957440     
        520                  1633                  1633             1.1383979E-01         1.0000000E+30               499       
 NEXT SEEDS: ECE35AF       A       0       0       0       0      40    3039       0       0
        560                  1593                  1593             1.0883739E-01         1.0000000E+30               503       
 NEXT SEEDS:10086144       A       0       0       0       0      40    3039       0       0
        600                  1553                  1553             1.0503702E-01         1.0000000E+30               504       
 NEXT SEEDS:117B1C0A       A       0       0       0       0      40    3039       0       0
  Comptn_2: TXYZ:  0.99999999999869060       U,V,W -0.24438364780778699       0.89978527242757522       0.36147350692033342     
        640                  1513                  1513             1.0490984E-01         1.0000000E+30               505       
 NEXT SEEDS:14605A29       A       0       0       0       0      40    3039       0       0
        680                  1473                  1473             1.0172775E-01         1.0000000E+30               510       
 NEXT SEEDS:15CA8732       A       0       0       0       0      40    3039       0       0
        720                  1433                  1433             9.9064022E-02         1.0000000E+30               511       
 NEXT SEEDS:17501893       A       0       0       0       0      40    3039       0       0
        760                  1393                  1393             9.8047236E-02         1.0000000E+30               514       
 NEXT SEEDS:1988670D       A       0       0       0       0      40    3039       0       0
        800                  1353                  1353             9.4797955E-02         1.0000000E+30               516       
 NEXT SEEDS:1A79468D       A       0       0       0       0      40    3039       0       0
  Comptn_2: TXYZ:  0.99999999991459032       U,V,W  -2.4386000495212556E-002 -0.82357651994979619       0.56668072023126115     
  Comptn_2: TXYZ:   1.0000000000029949       U,V,W  0.83513571671451103      -0.48074444726771048       0.26726973471008364     
        840                  1313                  1313             9.5028759E-02         1.0000000E+30               518       
 NEXT SEEDS:1D4ADE25       A       0       0       0       0      40    3039       0       0
        880                  1273                  1273             9.3843685E-02         1.0000000E+30               520       
 NEXT SEEDS:1F45BFCC       A       0       0       0       0      40    3039       0       0
  Comptn_2: TXYZ:  0.99999999999762323       U,V,W  0.69605238124817337       -7.7795390621716365E-002 -0.71376393839587138     
        920                  1233                  1233             9.1646087E-02         1.0000000E+30               522       
 NEXT SEEDS:20778650       A       0       0       0       0      40    3039       0       0
        960                  1193                  1193             8.9760749E-02         1.0000000E+30               523       
 NEXT SEEDS:21C6C0C9       A       0       0       0       0      40    3039       0       0
       1000                  1153                  1153             8.8673538E-02         1.0000000E+30               902       
 NEXT SEEDS:23819C17       A       0       0       0       0      40    3039       0       0
       1040                  1113                  1113             8.8390548E-02         1.0000000E+30               902       
 NEXT SEEDS:25C18D3A       A       0       0       0       0      40    3039       0       0
       1080                  1073                  1073             8.7530087E-02         1.0000000E+30               902       
 NEXT SEEDS:2799CC66       A       0       0       0       0      40    3039       0       0
  Comptn_2: TXYZ:   1.0000000000019513       U,V,W -0.58037824829486340      -0.81427541536522341        1.0799853699481332E-002
       1120                  1033                  1033             8.9159993E-02         1.0000000E+30              1487       
 NEXT SEEDS:2B339650       A       0       0       0       0      40    3039       0       0
  Comptn_2: TXYZ:  0.99999999999015488       U,V,W  0.69971397981798589       0.17204131547447332      -0.69339897043999343     
       1160                   993                   993             8.9935612E-02         1.0000000E+30              1489       
 NEXT SEEDS:2E35B0C4       A       0       0       0       0      40    3039       0       0
       1200                   953                   953             8.8463173E-02         1.0000000E+30              1490       
 NEXT SEEDS:2F83AB21       A       0       0       0       0      40    3039       0       0
  Comptn_2: TXYZ:  0.99999999999876898       U,V,W  0.61568356586929118      -0.72457394944320441      -0.30971977415967444     
       1240                   913                   913             8.8071429E-02         1.0000000E+30              1490       
 NEXT SEEDS:31AF67AC       A       0       0       0       0      40    3039       0       0
       1280                   873                   873             8.7441087E-02         1.0000000E+30              1490       
 NEXT SEEDS:339B5082       A       0       0       0       0      40    3039       0       0
       1320                   833                   833             8.7754515E-02         1.0000000E+30              1493       
 NEXT SEEDS:3645E2DA       A       0       0       0       0      40    3039       0       0
       1360                   793                   793             8.8723373E-02         1.0000000E+30              1494       
 NEXT SEEDS:39BBA66F       A       0       0       0       0      40    3039       0       0
       1400                   753                   753             8.7964401E-02         1.0000000E+30              1499       
 NEXT SEEDS:3B7442C4       A       0       0       0       0      40    3039       0       0
       1440                   713                   713             8.6502584E-02         1.0000000E+30              1499       
 NEXT SEEDS:  D997A6       B       0       0       0       0      40    3039       0       0
       1480                   673                   673             8.5515058E-02         1.0000000E+30              1499       
 NEXT SEEDS: 23A6F3E       B       0       0       0       0      40    3039       0       0
       1520                   633                   633             8.4722760E-02         1.0000000E+30              1529       
 NEXT SEEDS: 3C50942       B       0       0       0       0      40    3039       0       0
       1560                   593                   593             8.4054653E-02         1.0000000E+30              1529       
 NEXT SEEDS: 5728237       B       0       0       0       0      40    3039       0       0
       1600                   553                   553             8.3141851E-02         1.0000000E+30              1535       
 NEXT SEEDS: 6C537AF       B       0       0       0       0      40    3039       0       0
       1640                   513                   513             8.2198464E-02         1.0000000E+30              1535       
 NEXT SEEDS: 80695F6       B       0       0       0       0      40    3039       0       0
       1680                   473                   473             8.1309736E-02         1.0000000E+30              1538       
 NEXT SEEDS: 94F1858       B       0       0       0       0      40    3039       0       0
       1720                   433                   433             8.0914289E-02         1.0000000E+30              1540       
 NEXT SEEDS: B11745C       B       0       0       0       0      40    3039       0       0
       1760                   393                   393             8.2843902E-02         1.0000000E+30              1545       
 NEXT SEEDS: FC70B5B       B       0       0       0       0      40    3039       0       0
  Comptn_2: TXYZ:   1.0000000000027853       U,V,W  0.49466466762287098       0.27875940357129991      -0.82316466246366105     
  Comptn_2: TXYZ:   1.0000000000011493       U,V,W -0.45598158023823743      -0.86177832827090128       0.22230364685987425     
       1800                   353                   353             8.2434404E-02         1.0000000E+30              1546       
 NEXT SEEDS:1190EBE6       B       0       0       0       0      40    3039       0       0
       1840                   313                   313             8.2431959E-02         1.0000000E+30              1553       
 NEXT SEEDS:13EDA94A       B       0       0       0       0      40    3039       0       0
       1880                   273                   273             8.1986513E-02         1.0000000E+30              1554       
 NEXT SEEDS:15A9AA2A       B       0       0       0       0      40    3039       0       0
  Comptn_2: TXYZ:   1.0000000000130884       U,V,W  0.39156960578883826       0.22818496250317821      -0.89140611772798906     
       1920                   233                   233             8.2154179E-02         1.0000000E+30              1555       
 NEXT SEEDS:1830C63A       B       0       0       0       0      40    3039       0       0
  Comptn_2: TXYZ:   1.0000000000023521       U,V,W -0.36471791847333179      -0.92533826310818768      -0.10358541777081598     
       1960                   193                   193             8.1815377E-02         1.0000000E+30              1574       
 NEXT SEEDS:19F39AAE       B       0       0       0       0      40    3039       0       0
       2000                   153                   153             8.3779961E-02         1.0000000E+30              1588       
 NEXT SEEDS:1EEE1C8A       B       0       0       0       0      40    3039       0       0
       2040                   113                   113             8.3811547E-02         1.0000000E+30              1589       
 NEXT SEEDS:215CBC74       B       0       0       0       0      40    3039       0       0
       2080                    73                    73             8.3475465E-02         1.0000000E+30              1589       
 NEXT SEEDS:23374CE6       B       0       0       0       0      40    3039       0       0
       2103                    50                    50             8.2784518E-02         1.0000000E+30              1590       
 NEXT SEEDS:238A9A89       B       0       0       0       0      40    3039       0       0
       2104                    49                    49             8.2784732E-02         1.0000000E+30              1590       
 NEXT SEEDS:2399CF03       B       0       0       0       0      40    3039       0       0
       2105                    48                    48             8.2745470E-02         1.0000000E+30              1590       
 NEXT SEEDS:2399CF07       B       0       0       0       0      40    3039       0       0
       2106                    47                    47             8.2826004E-02         1.0000000E+30              1590       
 NEXT SEEDS:23C79AA1       B       0       0       0       0      40    3039       0       0
       2107                    46                    46             8.2786759E-02         1.0000000E+30              1590       
 NEXT SEEDS:23C79AA5       B       0       0       0       0      40    3039       0       0
       2108                    45                    45             8.2759018E-02         1.0000000E+30              1590       
 NEXT SEEDS:23CC1BF3       B       0       0       0       0      40    3039       0       0
       2109                    44                    44             8.2719842E-02         1.0000000E+30              1590       
 NEXT SEEDS:23CC1C09       B       0       0       0       0      40    3039       0       0
       2110                    43                    43             8.2682410E-02         1.0000000E+30              1590       
 NEXT SEEDS:23CCACDF       B       0       0       0       0      40    3039       0       0
       2111                    42                    42             8.2643300E-02         1.0000000E+30              1590       
 NEXT SEEDS:23CCACE3       B       0       0       0       0      40    3039       0       0
       2112                    41                    41             8.2623980E-02         1.0000000E+30              1590       
 NEXT SEEDS:23D3A56D       B       0       0       0       0      40    3039       0       0
       2113                    40                    40             8.2585008E-02         1.0000000E+30              1590       
 NEXT SEEDS:23D3A9B8       B       0       0       0       0      40    3039       0       0
       2114                    39                    39             8.2546007E-02         1.0000000E+30              1590       
 NEXT SEEDS:23D3A9CE       B       0       0       0       0      40    3039       0       0
       2115                    38                    38             8.2529458E-02         1.0000000E+30              1590       
 NEXT SEEDS:23DB86DE       B       0       0       0       0      40    3039       0       0
       2116                    37                    37             8.2508080E-02         1.0000000E+30              1590       
 NEXT SEEDS:23E22C36       B       0       0       0       0      40    3039       0       0
       2117                    36                    36             8.2469192E-02         1.0000000E+30              1590       
 NEXT SEEDS:23E22D59       B       0       0       0       0      40    3039       0       0
       2118                    35                    35             8.2460960E-02         1.0000000E+30              1590       
 NEXT SEEDS:23EE4087       B       0       0       0       0      40    3039       0       0
       2119                    34                    34             8.2422110E-02         1.0000000E+30              1590       
 NEXT SEEDS:23EE40A2       B       0       0       0       0      40    3039       0       0
       2120                    33                    33             8.2383289E-02         1.0000000E+30              1590       
 NEXT SEEDS:23EE40B4       B       0       0       0       0      40    3039       0       0
       2121                    32                    32             8.2344498E-02         1.0000000E+30              1590       
 NEXT SEEDS:23EE40B8       B       0       0       0       0      40    3039       0       0
       2122                    31                    31             8.2413813E-02         1.0000000E+30              1590       
 NEXT SEEDS:24188A69       B       0       0       0       0      40    3039       0       0
       2123                    30                    30             8.2398489E-02         1.0000000E+30              1590       
 NEXT SEEDS:2421D557       B       0       0       0       0      40    3039       0       0
       2124                    29                    29             8.2389946E-02         1.0000000E+30              1590       
 NEXT SEEDS:242DF50A       B       0       0       0       0      40    3039       0       0
       2125                    28                    28             8.2353042E-02         1.0000000E+30              1590       
 NEXT SEEDS:242E9CC2       B       0       0       0       0      40    3039       0       0
  Comptn_2: TXYZ:  0.99999999999893019       U,V,W  0.42951553331870862      -0.64352978394343552      -0.63355017466226826     
       2126                    27                    27             8.2391425E-02         1.0000000E+30              1590       
 NEXT SEEDS:244D8EA4       B       0       0       0       0      40    3039       0       0
       2127                    26                    26             8.2352768E-02         1.0000000E+30              1590       
 NEXT SEEDS:244D8EB9       B       0       0       0       0      40    3039       0       0
       2128                    25                    25             8.2314147E-02         1.0000000E+30              1590       
 NEXT SEEDS:244D9080       B       0       0       0       0      40    3039       0       0
       2129                    24                    24             8.2275534E-02         1.0000000E+30              1590       
 NEXT SEEDS:244D9084       B       0       0       0       0      40    3039       0       0
       2130                    23                    23             8.2286007E-02         1.0000000E+30              1590       
 NEXT SEEDS:24616A9D       B       0       0       0       0      40    3039       0       0
       2131                    22                    22             8.2247451E-02         1.0000000E+30              1590       
 NEXT SEEDS:24616AA1       B       0       0       0       0      40    3039       0       0
       2132                    21                    21             8.2208923E-02         1.0000000E+30              1590       
 NEXT SEEDS:24616AA5       B       0       0       0       0      40    3039       0       0
       2133                    20                    20             8.2202466E-02         1.0000000E+30              1590       
 NEXT SEEDS:246E116F       B       0       0       0       0      40    3039       0       0
       2134                    19                    19             8.2209043E-02         1.0000000E+30              1590       
 NEXT SEEDS:247F94B4       B       0       0       0       0      40    3039       0       0
       2135                    18                    18             8.2170595E-02         1.0000000E+30              1590       
 NEXT SEEDS:247F94C8       B       0       0       0       0      40    3039       0       0
       2136                    17                    17             8.2236265E-02         1.0000000E+30              1590       
 NEXT SEEDS:24A882F1       B       0       0       0       0      40    3039       0       0
       2137                    16                    16             8.2197847E-02         1.0000000E+30              1590       
 NEXT SEEDS:24A882F5       B       0       0       0       0      40    3039       0       0
       2138                    15                    15             8.2159458E-02         1.0000000E+30              1590       
 NEXT SEEDS:24A88307       B       0       0       0       0      40    3039       0       0
       2139                    14                    14             8.2121105E-02         1.0000000E+30              1590       
 NEXT SEEDS:24A8830B       B       0       0       0       0      40    3039       0       0
       2140                    13                    13             8.2082780E-02         1.0000000E+30              1590       
 NEXT SEEDS:24A8830F       B       0       0       0       0      40    3039       0       0
       2141                    12                    12             8.2111841E-02         1.0000000E+30              1590       
 NEXT SEEDS:24C261D8       B       0       0       0       0      40    3039       0       0
       2142                    11                    11             8.2073600E-02         1.0000000E+30              1590       
 NEXT SEEDS:24C261E8       B       0       0       0       0      40    3039       0       0
       2143                    10                    10             8.2035373E-02         1.0000000E+30              1590       
 NEXT SEEDS:24C261EC       B       0       0       0       0      40    3039       0       0
       2144                     9                     9             8.1998185E-02         1.0000000E+30              1590       
 NEXT SEEDS:24C2A3D4       B       0       0       0       0      40    3039       0       0
       2145                     8                     8             8.1960619E-02         1.0000000E+30              1590       
 NEXT SEEDS:24C2D268       B       0       0       0       0      40    3039       0       0
       2146                     7                     7             8.1922497E-02         1.0000000E+30              1590       
 NEXT SEEDS:24C2D27D       B       0       0       0       0      40    3039       0       0
       2147                     6                     6             8.1932000E-02         1.0000000E+30              1591       
 NEXT SEEDS:24D56FCB       B       0       0       0       0      40    3039       0       0
       2148                     5                     5             8.1893914E-02         1.0000000E+30              1591       
 NEXT SEEDS:24D56FCF       B       0       0       0       0      40    3039       0       0
       2149                     4                     4             8.1856161E-02         1.0000000E+30              1591       
 NEXT SEEDS:24D58B1E       B       0       0       0       0      40    3039       0       0
       2150                     3                     3             8.1818138E-02         1.0000000E+30              1591       
 NEXT SEEDS:24D58B22       B       0       0       0       0      40    3039       0       0
       2151                     2                     2             8.1780150E-02         1.0000000E+30              1591       
 NEXT SEEDS:24D58B26       B       0       0       0       0      40    3039       0       0
       2152                     1                     1             8.1768312E-02         1.0000000E+30              1591       
 NEXT SEEDS:24DE7619       B       0       0       0       0      40    3039       0       0
       2153                     0                     1             8.1730390E-02         1.0000000E+30              1591       
 NEXT SEEDS:24DE761D       B       0       0       0       0      40    3039       0       0
