1NUMBER OF BEAM       NUMBER OF BEAM        APPROXIMATE NUMBER    AVERAGE TIME USED     TIME LEFT (RESERVED   NUMBER OF STARS
 PARTICLES HANDLED    PARTICLES LEFT        OF BEAM PARTICLES     BY A BEAM PARTICLE     10000.0 SECONDS      CREATED
                                            THAT CAN STILL BE                           FOR PRINTOUT)
                                            HANDLED

 NEXT SEEDS:37A6036D       9       0       0       0       0      1C    3039       0       0
          1                  2846                  2846             8.9883804E-05         1.0000000E+30                 0       
 NEXT SEEDS:37A60371       9       0       0       0       0      1C    3039       0       0
  Comptn_2: TXYZ:   1.0000000000015956       U,V,W  0.79475097505683578      -0.35217418549757795       0.49431187596184856     
         50                  2797                  2797             3.0030073E-01         1.0000000E+30                 2       
 NEXT SEEDS: 69FC40A       A       0       0       0       0      1C    3039       0       0
  *** Kaon: P_min > 1.5 GeV/c:           24   7.4431222079103838     
  *** Kaon: P_min > 1.5 GeV/c:           24   7.6542414765500810     
  *** Kaon: P_min > 1.5 GeV/c:           24   4.7729390553552751     
  *** Kaon: P_min > 1.5 GeV/c:           24   5.1634729748813886     
  *** Kaon: P_min > 1.5 GeV/c:           24   4.7532671452414137     
  Comptn_2: TXYZ:  0.99999999999892097       U,V,W -0.99648929707089273       -6.9428671172147460E-002   4.6783976331099097E-002
  *** Kaon: P_min > 1.5 GeV/c:           24   2.3644070065193512     
        100                  2747                  2747             2.3935195E-01         1.0000000E+30               676       
 NEXT SEEDS: CEF05D6       A       0       0       0       0      1C    3039       0       0
  Comptn_2: TXYZ:   1.0000000000019043       U,V,W -0.88183472683912356        9.4233566829402093E-002  0.46204712900859057     
  Comptn_2: TXYZ:  0.99999999999433165       U,V,W -0.70913116780504026       0.20422931937618216       0.67485062936099638     
        150                  2697                  2697             2.1178504E-01         1.0000000E+30               684       
 NEXT SEEDS:1271D7E7       A       0       0       0       0      1C    3039       0       0
  Comptn_2: TXYZ:   1.0000000000017528       U,V,W -0.80425275614857394        2.9863585463374420E-002 -0.59353657890011036     
  Comptn_2: TXYZ:   1.0000000000010247       U,V,W  0.73599127810273757      -0.65521921624406332       0.17030741975098707     
  Comptn_2: TXYZ:  0.99999999999737366       U,V,W -0.38868556050360947      -0.67778762222381772      -0.62412136176672561     
        200                  2647                  2647             2.3172153E-01         1.0000000E+30               691       
 NEXT SEEDS:1CE53D93       A       0       0       0       0      1C    3039       0       0
  Comptn_2: TXYZ:   1.0000000000010585       U,V,W  0.95106819402283271       0.30031828847410402       -7.2651331214167669E-002
  Comptn_2: TXYZ:  0.99999999999856914       U,V,W  0.65864247569186318       0.65200847892461411      -0.37559956419499940     
  *** Kaon: P_min > 1.5 GeV/c:           15   1.6788547661657789     
  *** Hhflev: call to Hadriv !! ***  0.65387480427359135        3.5000000000000000        1.4678217393346205               14 T F T
  *** Kaon: P_min > 1.5 GeV/c:           24   3.8595277410932942     
  *** Kaon: P_min > 1.5 GeV/c:           24   3.8532377837406284     
  *** Kaon: P_min > 1.5 GeV/c:           24   4.6946162938515341     
  *** Kaon: P_min > 1.5 GeV/c:           24   3.2992901808308224     
  *** Kaon: P_min > 1.5 GeV/c:           24   3.1680600380264665     
  *** Kaon: P_min > 1.5 GeV/c:           24   3.2992006551246997     
  *** Kaon: P_min > 1.5 GeV/c:           24   3.8789326053063244     
  *** Kaon: P_min > 1.5 GeV/c:           24   2.6153383903678842     
  *** Kaon: P_min > 1.5 GeV/c:           24   2.6153294384903489     
  *** Kaon: P_min > 1.5 GeV/c:           24   2.4721554548440228     
  *** Kaon: P_min > 1.5 GeV/c:           24   2.5609558643501349     
  *** Kaon: P_min > 1.5 GeV/c:           24   2.5606771682957161     
  *** Kaon: P_min > 1.5 GeV/c:           24   2.1963489628616153     
  Comptn_2: TXYZ:   1.0000000000024227       U,V,W  0.25765717708934233       0.79430227370782802       0.55017876829204226     
        250                  2597                  2597             2.9380383E-01         1.0000000E+30               929       
 NEXT SEEDS:2FE3734B       A       0       0       0       0      1C    3039       0       0
  Comptn_2: TXYZ:  0.99999999999667721       U,V,W -0.47084962819068465      -0.84786423466243832       0.24377626465603441     
        300                  2547                  2547             3.0781489E-01         1.0000000E+30               941       
 NEXT SEEDS: 197A208       B       0       0       0       0      1C    3039       0       0
  Comptn_2: TXYZ:  0.99999999994449151       U,V,W  0.19004822305470981      -0.70189532606246985      -0.68645802793025723     
  Comptn_2: TXYZ:  0.99999999999844946       U,V,W -0.42114651582265594      -0.89570102581447131      -0.14267194736103761     
        350                  2497                  2497             3.2281553E-01         1.0000000E+30               952       
 NEXT SEEDS:102A66CA       B       0       0       0       0      1C    3039       0       0
  Comptn_2: TXYZ:  0.99999999999033529       U,V,W  0.49332567720061604      -0.66074285457126392       0.56572842984766680     
        400                  2447                  2447             2.9767545E-01         1.0000000E+30               968       
 NEXT SEEDS:146C7C82       B       0       0       0       0      1C    3039       0       0
  Comptn_2: TXYZ:   1.0000000000029063       U,V,W  0.90607011773734314       -6.1307318998792937E-002  0.41866257819815189     
  Comptn_2: TXYZ:  0.99999999999874456       U,V,W -0.36932304265044280      -0.48834875968086067       0.79064276325299332     
  Comptn_2: TXYZ:  0.99999999999750477       U,V,W -0.31124906000021468      -0.49936185911375830       0.80855535141939328     
  Comptn_2: TXYZ:   1.0000000000030889       U,V,W -0.41786886133756695      -0.82693216747812315       0.37625630242889940     
  Comptn_2: TXYZ:  0.99999999999898681       U,V,W -0.17950088633061512       0.73606312000996599       0.65267948885092508     
        450                  2397                  2397             3.0805660E-01         1.0000000E+30               974       
 NEXT SEEDS:227EA6C4       B       0       0       0       0      1C    3039       0       0
  *** Hhflev: call to Hadriv !! ***  0.81736609874584731        3.5000000000000000        1.5685765344643583               13 T F T
        500                  2347                  2347             3.0603525E-01         1.0000000E+30              2053       
 NEXT SEEDS:2C971955       B       0       0       0       0      1C    3039       0       0
        550                  2297                  2297             2.9256752E-01         1.0000000E+30              2060       
 NEXT SEEDS:3241A252       B       0       0       0       0      1C    3039       0       0
        600                  2247                  2247             2.7703349E-01         1.0000000E+30              2062       
 NEXT SEEDS:35FCBA9A       B       0       0       0       0      1C    3039       0       0
  *** Hhflev: call to Hadriv !! ***  0.42179570617849288        3.5000000000000000        1.3166472459194800               13 T F T
  Comptn_2: TXYZ:   1.0000000000015818       U,V,W   2.7631212820537598E-002   8.8689089848659475E-002  0.99567603236266788     
        650                  2197                  2197             2.6502467E-01         1.0000000E+30              2229       
 NEXT SEEDS:3A44D141       B       0       0       0       0      1C    3039       0       0
        700                  2147                  2147             2.5614861E-01         1.0000000E+30              2234       
 NEXT SEEDS: 3968148       C       0       0       0       0      1C    3039       0       0
  Comptn_2: TXYZ:  0.99999999998845790       U,V,W  0.67468963401259430      -0.11080303360529342      -0.72973734006714608     
        750                  2097                  2097             2.4694029E-01         1.0000000E+30              2259       
 NEXT SEEDS: 7C0DF8F       C       0       0       0       0      1C    3039       0       0
  Comptn_2: TXYZ:  0.99999999999739642       U,V,W  0.18634673189350792       0.91761948709273611      -0.35106889981550538     
  Comptn_2: TXYZ:  0.99999999999471856       U,V,W -0.41628049219620689       0.11563353343807137      -0.90185333494766695     
  Comptn_2: TXYZ:   1.0000000000098366       U,V,W  0.74052014616611928      -0.35044822352139260       0.57342476033272760     
        800                  2047                  2047             2.4388962E-01         1.0000000E+30              2262       
 NEXT SEEDS: EDAD280       C       0       0       0       0      1C    3039       0       0
  Comptn_2: TXYZ:  0.99999999999277978       U,V,W -0.34674112059740736       -7.6013038381205433E-002  0.93487572076490011     
  Comptn_2: TXYZ:  0.99999999999898981       U,V,W  0.18541763555753121      -0.13132700874609071      -0.97384470897420217     
        850                  1997                  1997             2.4097827E-01         1.0000000E+30              2273       
 NEXT SEEDS:15BCFF10       C       0       0       0       0      1C    3039       0       0
  Comptn_2: TXYZ:   1.0000000000052840       U,V,W  0.21687886134222367      -0.73509521151883206      -0.64233837617743816     
  Comptn_2: TXYZ:   1.0000000000030231       U,V,W  0.80879374925331038       0.48172189997140435      -0.33733763836805508     
  Comptn_2: TXYZ:   1.0000000000013483       U,V,W -0.94423950633316700        1.1041079819733568E-003  0.32925755211780583     
        900                  1947                  1947             2.5574364E-01         1.0000000E+30              2294       
 NEXT SEEDS:27777FDB       C       0       0       0       0      1C    3039       0       0
  Comptn_2: TXYZ:   1.0000000000013129       U,V,W  0.87371778393608501       0.42123262133007700       0.24327004082402226     
  Comptn_2: TXYZ:  0.99999999999890321       U,V,W  0.48244931610366848       0.49607665320164784      -0.72190761980897378     
  Comptn_2: TXYZ:   1.0000000000128531       U,V,W -0.88460966995867807       -3.5940449389954665E-002 -0.46494517518316059     
        950                  1897                  1897             2.5183990E-01         1.0000000E+30              2296       
 NEXT SEEDS:2DF0A2B6       C       0       0       0       0      1C    3039       0       0
  Comptn_2: TXYZ:  0.99999999999598166       U,V,W  0.44442357996801363       0.15857905476224232      -0.88166907905126735     
       1000                  1847                  1847             2.4711532E-01         1.0000000E+30              2298       
 NEXT SEEDS:33844179       C       0       0       0       0      1C    3039       0       0
  Comptn_2: TXYZ:  0.99999999999863676       U,V,W -0.85654045140411839       0.50746558771813710       -9.3899586734721652E-002
  Comptn_2: TXYZ:   1.0000000000019571       U,V,W  -2.7821633219264896E-002 -0.16784249475405488       0.98542115548718812     
  Comptn_2: TXYZ:   1.0000000000088842       U,V,W -0.82184771304481075       0.17078838201246072       0.54350498170804684     
  Comptn_2: TXYZ:  0.99999999999318145       U,V,W -0.38046165302887403      -0.58332493619256809       0.71762173140426455     
  Comptn_2: TXYZ:  0.99999999999623923       U,V,W  0.60202031928096744      -0.79033685768096795       0.11375054531761464     
       1050                  1797                  1797             2.5230993E-01         1.0000000E+30              2369       
 NEXT SEEDS: 4ABEE26       D       0       0       0       0      1C    3039       0       0
       1100                  1747                  1747             2.4849294E-01         1.0000000E+30              2378       
 NEXT SEEDS: A7E5C24       D       0       0       0       0      1C    3039       0       0
       1150                  1697                  1697             2.4326969E-01         1.0000000E+30              2394       
 NEXT SEEDS: EFE29E0       D       0       0       0       0      1C    3039       0       0
       1200                  1647                  1647             2.4292909E-01         1.0000000E+30              2463       
 NEXT SEEDS:175D3939       D       0       0       0       0      1C    3039       0       0
  Comptn_2: TXYZ:   1.0000000000011413       U,V,W  0.60915108464894274       0.48417428138115781       0.62810048664301910     
  Comptn_2: TXYZ:  0.99999999999850930       U,V,W  0.47037422969727061      -0.84395742697878973       0.25784480891138628     
       1250                  1597                  1597             2.4551588E-01         1.0000000E+30              2469       
 NEXT SEEDS:2287E867       D       0       0       0       0      1C    3039       0       0
       1300                  1547                  1547             2.4025619E-01         1.0000000E+30              2490       
 NEXT SEEDS:266B57F4       D       0       0       0       0      1C    3039       0       0
  Comptn_2: TXYZ:   1.0000000000011056       U,V,W  0.48243267391942524        1.1192292625565869E-003  0.87593233897483025     
  Comptn_2: TXYZ:  0.99999999999811884       U,V,W   7.8857218984524025E-002 -0.99004803205346492      -0.11656085637643088     
  Comptn_2: TXYZ:  0.99999999999758005       U,V,W  0.76225891459482931      -0.57425405753540915       0.29865301693170920     
       1350                  1497                  1497             2.4466915E-01         1.0000000E+30              2574       
 NEXT SEEDS:335935D3       D       0       0       0       0      1C    3039       0       0
       1400                  1447                  1447             2.4008849E-01         1.0000000E+30              2583       
 NEXT SEEDS:3782BD7E       D       0       0       0       0      1C    3039       0       0
  Comptn_2: TXYZ:   1.0000000000020259       U,V,W  0.90562883114894532      -0.14141576864306415      -0.39979744943272522     
  Comptn_2: TXYZ:  0.99999999999512124       U,V,W  0.53268690116640371       0.13059493867805827      -0.83617559598001279     
       1450                  1397                  1397             2.5359847E-01         1.0000000E+30              2588       
 NEXT SEEDS:12644B95       E       0       0       0       0      1C    3039       0       0
       1500                  1347                  1347             2.5171426E-01         1.0000000E+30              2608       
 NEXT SEEDS:1976F3BF       E       0       0       0       0      1C    3039       0       0
  Comptn_2: TXYZ:   1.0000000000010403       U,V,W  0.23783801823446993      -0.37915597197399242      -0.89424483560141255     
       1550                  1297                  1297             2.4866265E-01         1.0000000E+30              2609       
 NEXT SEEDS:1F06A1BD       E       0       0       0       0      1C    3039       0       0
  Comptn_2: TXYZ:  0.99999999999886136       U,V,W -0.39256244815761221       0.17223351491038055       0.90345466994032364     
  Comptn_2: TXYZ:   1.0000000000754528       U,V,W  -6.5081111019878790E-002  0.82563077117106332      -0.56044471516764816     
  Comptn_2: TXYZ:  0.99999999997748690       U,V,W  0.66473520076394266       0.67022136345403283       0.33004611316091115     
       1600                  1247                  1247             2.4758450E-01         1.0000000E+30              2614       
 NEXT SEEDS:26C3202A       E       0       0       0       0      1C    3039       0       0
       1650                  1197                  1197             2.4669092E-01         1.0000000E+30              2620       
 NEXT SEEDS:2E8B461C       E       0       0       0       0      1C    3039       0       0
       1700                  1147                  1147             2.4200776E-01         1.0000000E+30              2621       
 NEXT SEEDS:31A8C6AD       E       0       0       0       0      1C    3039       0       0
  Comptn_2: TXYZ:  0.99999999999801159       U,V,W  0.37298103924656800       0.66535805340271992       0.64667132697584861     
       1750                  1097                  1097             2.4022130E-01         1.0000000E+30              2664       
 NEXT SEEDS:3800F02C       E       0       0       0       0      1C    3039       0       0
       1800                  1047                  1047             2.3739813E-01         1.0000000E+30              2711       
 NEXT SEEDS: 161E4AC       F       0       0       0       0      1C    3039       0       0
  Comptn_2: TXYZ:  0.99999999999747624       U,V,W  0.43290269098547185        6.5068810067792526E-002  0.89908915580790705     
       1850                   997                   997             2.3941118E-01         1.0000000E+30              2716       
 NEXT SEEDS: CB7E133       F       0       0       0       0      1C    3039       0       0
       1900                   947                   947             2.3692104E-01         1.0000000E+30              2734       
 NEXT SEEDS:11C44F47       F       0       0       0       0      1C    3039       0       0
  Comptn_2: TXYZ:   1.0000000000019953       U,V,W  0.14973072184681513      -0.95769842166906294      -0.24575281090928058     
  Comptn_2: TXYZ:   1.0000000000017324       U,V,W -0.98448025709931386      -0.17514688933746925        1.1053982938718843E-002
       1950                   897                   897             2.3500461E-01         1.0000000E+30              2738       
 NEXT SEEDS:1785C09B       F       0       0       0       0      1C    3039       0       0
       2000                   847                   847             2.3427831E-01         1.0000000E+30              2741       
 NEXT SEEDS:1EE241AC       F       0       0       0       0      1C    3039       0       0
       2050                   797                   797             2.3136069E-01         1.0000000E+30              2807       
 NEXT SEEDS:22EF0DA5       F       0       0       0       0      1C    3039       0       0
       2100                   747                   747             2.2994083E-01         1.0000000E+30              2810       
 NEXT SEEDS:29024283       F       0       0       0       0      1C    3039       0       0
  Comptn_2: TXYZ:   1.0000000000011755       U,V,W  -5.3063333738101903E-002  0.74189884187025967       0.66840885021470342     
  Comptn_2: TXYZ:   1.0000000000057536       U,V,W  0.48520448497762914       0.27847736000258294      -0.82887089931384317     
       2150                   697                   697             2.2925526E-01         1.0000000E+30              2830       
 NEXT SEEDS:302DC0F2       F       0       0       0       0      1C    3039       0       0
       2200                   647                   647             2.2985351E-01         1.0000000E+30              3063       
 NEXT SEEDS:3970825B       F       0       0       0       0      1C    3039       0       0
  Comptn_2: TXYZ:  0.99999999997703115       U,V,W -0.67163067406081467      -0.19657915280075144       0.71433106772825283     
  Comptn_2: TXYZ:   1.0000000000018989       U,V,W  0.66330552348877347       0.74698567746421674       -4.5146208860856518E-002
  Comptn_2: TXYZ:  0.99999999998009659       U,V,W  0.35536373362930362      -0.90079097533745767      -0.24958412519976036     
  Comptn_2: TXYZ:   1.0000000000023095       U,V,W -0.11947926402221754       0.83037244238980890       0.54424839218008003     
       2250                   597                   597             2.3307755E-01         1.0000000E+30              3103       
 NEXT SEEDS: B43506F      10       0       0       0       0      1C    3039       0       0
       2300                   547                   547             2.3224152E-01         1.0000000E+30              3103       
 NEXT SEEDS:12377371      10       0       0       0       0      1C    3039       0       0
       2350                   497                   497             2.2974798E-01         1.0000000E+30              3104       
 NEXT SEEDS:166D0B34      10       0       0       0       0      1C    3039       0       0
       2400                   447                   447             2.2803677E-01         1.0000000E+30              3112       
 NEXT SEEDS:1BB49204      10       0       0       0       0      1C    3039       0       0
  Comptn_2: TXYZ:  0.99999999998450928       U,V,W -0.74150167501176156       0.22982475387152590      -0.63036168066210507     
  Comptn_2: TXYZ:   1.0000000000031803       U,V,W -0.29340110772248806      -0.56469032319367762       0.77138876636999143     
  *** Hhflev: call to Hadriv !! ***  0.74822280986138878        3.5000000000000000        1.5258199773487040               13 T F T
  Comptn_2: TXYZ:   1.0000000000014659       U,V,W  0.78354960770477788       0.31304995479557185      -0.53670265330967482     
  Comptn_2: TXYZ:  0.99999999999717082       U,V,W  0.95071363454804469       0.26103184474953878      -0.16734981657674552     
       2450                   397                   397             2.3024670E-01         1.0000000E+30              4301       
 NEXT SEEDS:285BA42E      10       0       0       0       0      1C    3039       0       0
  Comptn_2: TXYZ:  0.99999999999895706       U,V,W -0.57231763412397640      -0.75191884362745576       0.32721640892174264     
       2500                   347                   347             2.3244106E-01         1.0000000E+30              4402       
 NEXT SEEDS:350D8E69      10       0       0       0       0      1C    3039       0       0
       2550                   297                   297             2.3441561E-01         1.0000000E+30              4405       
 NEXT SEEDS: 60FF614      11       0       0       0       0      1C    3039       0       0
       2600                   247                   247             2.3348696E-01         1.0000000E+30              4410       
 NEXT SEEDS: CFF078B      11       0       0       0       0      1C    3039       0       0
  Comptn_2: TXYZ:  0.99999999999654754       U,V,W -0.25352566247366859      -0.18307259759993144      -0.94984691528258836     
       2650                   197                   197             2.3502673E-01         1.0000000E+30              4413       
 NEXT SEEDS:18B1C04D      11       0       0       0       0      1C    3039       0       0
       2700                   147                   147             2.3437296E-01         1.0000000E+30              4420       
 NEXT SEEDS:203D32B9      11       0       0       0       0      1C    3039       0       0
       2750                    97                    97             2.3316048E-01         1.0000000E+30              4420       
 NEXT SEEDS:266FF92C      11       0       0       0       0      1C    3039       0       0
  Comptn_2: TXYZ:  0.99999999998440658       U,V,W -0.98659835083854897      -0.16291614660061882        9.0566706834067645E-003
       2797                    50                    50             2.3201559E-01         1.0000000E+30              4429       
 NEXT SEEDS:2C594D38      11       0       0       0       0      1C    3039       0       0
       2798                    49                    49             2.3193272E-01         1.0000000E+30              4429       
 NEXT SEEDS:2C594D3C      11       0       0       0       0      1C    3039       0       0
       2799                    48                    48             2.3184990E-01         1.0000000E+30              4429       
 NEXT SEEDS:2C594D40      11       0       0       0       0      1C    3039       0       0
       2800                    47                    47             2.3190425E-01         1.0000000E+30              4430       
 NEXT SEEDS:2CA3443B      11       0       0       0       0      1C    3039       0       0
       2801                    46                    46             2.3182150E-01         1.0000000E+30              4430       
 NEXT SEEDS:2CA3443F      11       0       0       0       0      1C    3039       0       0
       2802                    45                    45             2.3173881E-01         1.0000000E+30              4430       
 NEXT SEEDS:2CA34443      11       0       0       0       0      1C    3039       0       0
       2803                    44                    44             2.3165615E-01         1.0000000E+30              4430       
 NEXT SEEDS:2CA34447      11       0       0       0       0      1C    3039       0       0
       2804                    43                    43             2.3157358E-01         1.0000000E+30              4430       
 NEXT SEEDS:2CA3444B      11       0       0       0       0      1C    3039       0       0
       2805                    42                    42             2.3153165E-01         1.0000000E+30              4430       
 NEXT SEEDS:2CB92E76      11       0       0       0       0      1C    3039       0       0
       2806                    41                    41             2.3151430E-01         1.0000000E+30              4430       
 NEXT SEEDS:2CDD2C78      11       0       0       0       0      1C    3039       0       0
       2807                    40                    40             2.3148427E-01         1.0000000E+30              4430       
 NEXT SEEDS:2CF9D681      11       0       0       0       0      1C    3039       0       0
       2808                    39                    39             2.3140188E-01         1.0000000E+30              4430       
 NEXT SEEDS:2CF9D685      11       0       0       0       0      1C    3039       0       0
       2809                    38                    38             2.3131952E-01         1.0000000E+30              4430       
 NEXT SEEDS:2CF9D689      11       0       0       0       0      1C    3039       0       0
       2810                    37                    37             2.3135725E-01         1.0000000E+30              4430       
 NEXT SEEDS:2D395260      11       0       0       0       0      1C    3039       0       0
       2811                    36                    36             2.3127499E-01         1.0000000E+30              4430       
 NEXT SEEDS:2D395264      11       0       0       0       0      1C    3039       0       0
       2812                    35                    35             2.3150890E-01         1.0000000E+30              4430       
 NEXT SEEDS:2DE0A0AF      11       0       0       0       0      1C    3039       0       0
  Comptn_2: TXYZ:  0.99999999999849154       U,V,W  0.99442966955814960       -6.3138696136832095E-002   8.4398680979631990E-002
       2813                    34                    34             2.3159834E-01         1.0000000E+30              4431       
 NEXT SEEDS:2E3CFC29      11       0       0       0       0      1C    3039       0       0
       2814                    33                    33             2.3154987E-01         1.0000000E+30              4431       
 NEXT SEEDS:2E50546D      11       0       0       0       0      1C    3039       0       0
       2815                    32                    32             2.3146766E-01         1.0000000E+30              4431       
 NEXT SEEDS:2E505471      11       0       0       0       0      1C    3039       0       0
       2816                    31                    31             2.3144802E-01         1.0000000E+30              4431       
 NEXT SEEDS:2E7187FF      11       0       0       0       0      1C    3039       0       0
       2817                    30                    30             2.3148552E-01         1.0000000E+30              4431       
 NEXT SEEDS:2EB03E25      11       0       0       0       0      1C    3039       0       0
       2818                    29                    29             2.3140344E-01         1.0000000E+30              4431       
 NEXT SEEDS:2EB03E29      11       0       0       0       0      1C    3039       0       0
       2819                    28                    28             2.3146378E-01         1.0000000E+30              4451       
 NEXT SEEDS:2EFD1688      11       0       0       0       0      1C    3039       0       0
       2820                    27                    27             2.3138174E-01         1.0000000E+30              4451       
 NEXT SEEDS:2EFD168C      11       0       0       0       0      1C    3039       0       0
       2821                    26                    26             2.3159139E-01         1.0000000E+30              4452       
 NEXT SEEDS:2F9A3E25      11       0       0       0       0      1C    3039       0       0
       2822                    25                    25             2.3170216E-01         1.0000000E+30              4452       
 NEXT SEEDS:30037FBB      11       0       0       0       0      1C    3039       0       0
       2823                    24                    24             2.3162013E-01         1.0000000E+30              4452       
 NEXT SEEDS:30037FBF      11       0       0       0       0      1C    3039       0       0
       2824                    23                    23             2.3163390E-01         1.0000000E+30              4453       
 NEXT SEEDS:303652C0      11       0       0       0       0      1C    3039       0       0
       2825                    22                    22             2.3155195E-01         1.0000000E+30              4453       
 NEXT SEEDS:303652C4      11       0       0       0       0      1C    3039       0       0
       2826                    21                    21             2.3147006E-01         1.0000000E+30              4453       
 NEXT SEEDS:303652C8      11       0       0       0       0      1C    3039       0       0
       2827                    20                    20             2.3138820E-01         1.0000000E+30              4453       
 NEXT SEEDS:303652CC      11       0       0       0       0      1C    3039       0       0
       2828                    19                    19             2.3146527E-01         1.0000000E+30              4453       
 NEXT SEEDS:3092A740      11       0       0       0       0      1C    3039       0       0
       2829                    18                    18             2.3149797E-01         1.0000000E+30              4453       
 NEXT SEEDS:30D114AA      11       0       0       0       0      1C    3039       0       0
       2830                    17                    17             2.3141621E-01         1.0000000E+30              4453       
 NEXT SEEDS:30D114AE      11       0       0       0       0      1C    3039       0       0
       2831                    16                    16             2.3138742E-01         1.0000000E+30              4453       
 NEXT SEEDS:30EDDDB3      11       0       0       0       0      1C    3039       0       0
       2832                    15                    15             2.3130576E-01         1.0000000E+30              4453       
 NEXT SEEDS:30EDDDB7      11       0       0       0       0      1C    3039       0       0
       2833                    14                    14             2.3146295E-01         1.0000000E+30              4453       
 NEXT SEEDS:316E5BCA      11       0       0       0       0      1C    3039       0       0
       2834                    13                    13             2.3138132E-01         1.0000000E+30              4453       
 NEXT SEEDS:316E5BCE      11       0       0       0       0      1C    3039       0       0
       2835                    12                    12             2.3129975E-01         1.0000000E+30              4453       
 NEXT SEEDS:316E5BD2      11       0       0       0       0      1C    3039       0       0
       2836                    11                    11             2.3124881E-01         1.0000000E+30              4453       
 NEXT SEEDS:317F256D      11       0       0       0       0      1C    3039       0       0
       2837                    10                    10             2.3116735E-01         1.0000000E+30              4453       
 NEXT SEEDS:317F2571      11       0       0       0       0      1C    3039       0       0
       2838                     9                     9             2.3115912E-01         1.0000000E+30              4453       
 NEXT SEEDS:31A5924E      11       0       0       0       0      1C    3039       0       0
       2839                     8                     8             2.3116890E-01         1.0000000E+30              4453       
 NEXT SEEDS:31D78CA2      11       0       0       0       0      1C    3039       0       0
       2840                     7                     7             2.3113392E-01         1.0000000E+30              4453       
 NEXT SEEDS:31F20E1D      11       0       0       0       0      1C    3039       0       0
       2841                     6                     6             2.3105261E-01         1.0000000E+30              4453       
 NEXT SEEDS:31F20E21      11       0       0       0       0      1C    3039       0       0
       2842                     5                     5             2.3102586E-01         1.0000000E+30              4454       
 NEXT SEEDS:320DDD28      11       0       0       0       0      1C    3039       0       0
       2843                     4                     4             2.3094464E-01         1.0000000E+30              4454       
 NEXT SEEDS:320DDD2C      11       0       0       0       0      1C    3039       0       0
       2844                     3                     3             2.3086348E-01         1.0000000E+30              4454       
 NEXT SEEDS:320DDD30      11       0       0       0       0      1C    3039       0       0
       2845                     2                     2             2.3082039E-01         1.0000000E+30              4454       
 NEXT SEEDS:3222374F      11       0       0       0       0      1C    3039       0       0
       2846                     1                     1             2.3073933E-01         1.0000000E+30              4454       
 NEXT SEEDS:32223753      11       0       0       0       0      1C    3039       0       0
       2847                     0                     1             2.3065832E-01         1.0000000E+30              4454       
 NEXT SEEDS:32223757      11       0       0       0       0      1C    3039       0       0
