1NUMBER OF BEAM       NUMBER OF BEAM        APPROXIMATE NUMBER    AVERAGE TIME USED     TIME LEFT (RESERVED   NUMBER OF STARS
 PARTICLES HANDLED    PARTICLES LEFT        OF BEAM PARTICLES     BY A BEAM PARTICLE     10000.0 SECONDS      CREATED
                                            THAT CAN STILL BE                           FOR PRINTOUT)
                                            HANDLED

 NEXT SEEDS: 953BF53       5       0       0       0       0       B    3039       0       0
          1                  2152                  2152             1.4615703E-01         1.0000000E+30                 0       
 NEXT SEEDS: 96C2D4C       5       0       0       0       0       B    3039       0       0
         40                  2113                  2113             6.1713070E-02         1.0000000E+30                 7       
 NEXT SEEDS: B121B4C       5       0       0       0       0       B    3039       0       0
         80                  2073                  2073             5.7344177E-02         1.0000000E+30                 7       
 NEXT SEEDS: C8AFFF6       5       0       0       0       0       B    3039       0       0
        120                  2033                  2033             5.8137816E-02         1.0000000E+30                97       
 NEXT SEEDS: E308F28       5       0       0       0       0       B    3039       0       0
  *** Kbar: P_min > 1.8 GeV/c:           16   5.1153356418314164     
  *** Kaon: P_min > 1.5 GeV/c:           24   3.2932218259845074     
  *** Kbar: P_min > 1.8 GeV/c:           16   6.7790322345939806     
  *** Kaon: P_min > 1.5 GeV/c:           15   2.0376820124801038     
  *** Kaon: P_min > 1.5 GeV/c:           15   2.0250767057945436     
  *** Kaon: P_min > 1.5 GeV/c:           15   1.6633090154188765     
  *** Kaon: P_min > 1.5 GeV/c:           15   1.9566253710318879     
  *** Kbar: P_min > 1.8 GeV/c:           25   8.7255956607041032     
  *** Kaon: P_min > 1.5 GeV/c:           15   17.380395445837838     
  *** Kaon: P_min > 1.5 GeV/c:           15   17.290872736378503     
  *** Kaon: P_min > 1.5 GeV/c:           15   13.809157998541242     
  *** Kaon: P_min > 1.5 GeV/c:           15   10.104522847577728     
  *** Kaon: P_min > 1.5 GeV/c:           24   3.2932049813628397     
  *** Kaon: P_min > 1.5 GeV/c:           24   3.3001515726092934     
  *** Kaon: P_min > 1.5 GeV/c:           24   2.6640623825075012     
  *** Kaon: P_min > 1.5 GeV/c:           24   3.8795646931646037     
  *** Kaon: P_min > 1.5 GeV/c:           24   3.3202839178855386     
  *** Kaon: P_min > 1.5 GeV/c:           24   3.5001319170246741     
  *** Kaon: P_min > 1.5 GeV/c:           24   3.2179035563405236     
  *** Kaon: P_min > 1.5 GeV/c:           24   2.2912581395432610     
  Comptn_2: TXYZ:   1.0000000000023639       U,V,W -0.64854783414272532        5.6286319103087123E-002 -0.75908995324201811     
  Comptn_2: TXYZ:   1.0000000000036020       U,V,W -0.86851587232595939       0.22253630578380523       0.44289702203737669     
        160                  1993                  1993             5.7797535E-02         1.0000000E+30               383       
 NEXT SEEDS: FC7B6DB       5       0       0       0       0       B    3039       0       0
  Comptn_2: TXYZ:  0.99999999999867906       U,V,W  0.17596222972449027      -0.61227835943474673      -0.77081288538591508     
        200                  1953                  1953             6.0646421E-02         1.0000000E+30               386       
 NEXT SEEDS:11CBCE09       5       0       0       0       0       B    3039       0       0
  Comptn_2: TXYZ:   1.0000000000039346       U,V,W -0.96618130793341406       -8.0729097634176128E-002 -0.24490098611313016     
        240                  1913                  1913             6.3223625E-02         1.0000000E+30               387       
 NEXT SEEDS:13FA1FDE       5       0       0       0       0       B    3039       0       0
  Comptn_2: TXYZ:  0.99999999999862421       U,V,W  0.99616843719788362        2.5518939436267374E-002  -8.3649437890511269E-002
  Comptn_2: TXYZ:  0.99999999999745959       U,V,W   9.0170509387576203E-002 -0.45043019975435339       0.88824653919027341     
  Comptn_2: TXYZ:  0.99999999999794975       U,V,W  -5.1088150352057937E-002 -0.16146718403616042      -0.98555484341105437     
        280                  1873                  1873             7.2348132E-02         1.0000000E+30               738       
 NEXT SEEDS:1771C599       5       0       0       0       0       B    3039       0       0
        320                  1833                  1833             7.0656133E-02         1.0000000E+30               741       
 NEXT SEEDS:191B0A32       5       0       0       0       0       B    3039       0       0
        360                  1793                  1793             6.8298605E-02         1.0000000E+30               743       
 NEXT SEEDS:1A7CCFBF       5       0       0       0       0       B    3039       0       0
        400                  1753                  1753             7.0387254E-02         1.0000000E+30               755       
 NEXT SEEDS:1D02D13C       5       0       0       0       0       B    3039       0       0
        440                  1713                  1713             7.8592778E-02         1.0000000E+30               931       
 NEXT SEEDS:218AB047       5       0       0       0       0       B    3039       0       0
  Comptn_2: TXYZ:  0.99999999999889122       U,V,W -0.52385960686440569       0.62978079584584634       0.57353924144607049     
        480                  1673                  1673             7.9261486E-02         1.0000000E+30               935       
 NEXT SEEDS:23E51EF8       5       0       0       0       0       B    3039       0       0
  Comptn_2: TXYZ:  0.99999999998279465       U,V,W -0.95134411462916546      -0.24950983912907532       0.18080159214184732     
        520                  1633                  1633             7.7771958E-02         1.0000000E+30               938       
 NEXT SEEDS:2583BFFE       5       0       0       0       0       B    3039       0       0
        560                  1593                  1593             7.6848664E-02         1.0000000E+30               939       
 NEXT SEEDS:27495401       5       0       0       0       0       B    3039       0       0
        600                  1553                  1553             8.6725388E-02         1.0000000E+30               941       
 NEXT SEEDS:2DADA784       5       0       0       0       0       B    3039       0       0
  Comptn_2: TXYZ:  0.99999999999721978       U,V,W  0.58726435143535127       0.63096560361404253       0.50695462182171980     
  Comptn_2: TXYZ:  0.99999999997870548       U,V,W  0.23956156054600797       0.12661896891853530       0.96258916231041880     
        640                  1513                  1513             8.4670771E-02         1.0000000E+30               945       
 NEXT SEEDS:2F2EAC5F       5       0       0       0       0       B    3039       0       0
        680                  1473                  1473             8.6045597E-02         1.0000000E+30               948       
 NEXT SEEDS:321862D4       5       0       0       0       0       B    3039       0       0
        720                  1433                  1433             8.4282950E-02         1.0000000E+30               949       
 NEXT SEEDS:339B95CC       5       0       0       0       0       B    3039       0       0
  Comptn_2: TXYZ:   1.0000000000016560       U,V,W  0.80466509299588296      -0.11554999677730038       0.58237641294986275     
        760                  1393                  1393             8.3113957E-02         1.0000000E+30               950       
 NEXT SEEDS:355787B4       5       0       0       0       0       B    3039       0       0
        800                  1353                  1353             8.3162494E-02         1.0000000E+30               954       
 NEXT SEEDS:37B2B66A       5       0       0       0       0       B    3039       0       0
        840                  1313                  1313             8.2152626E-02         1.0000000E+30               965       
 NEXT SEEDS:3974BAF3       5       0       0       0       0       B    3039       0       0
  Comptn_2: TXYZ:   1.0000000000016653       U,V,W  0.58580732903645583       0.64881191888196099      -0.48566744503368398     
  Comptn_2: TXYZ:   1.0000000000027194       U,V,W  0.61334143032722110      -0.45503189213091844      -0.64556817377457065     
        880                  1273                  1273             8.2844852E-02         1.0000000E+30               973       
 NEXT SEEDS:  9D7B18       6       0       0       0       0       B    3039       0       0
        920                  1233                  1233             8.2850427E-02         1.0000000E+30               990       
 NEXT SEEDS: 2EB06B9       6       0       0       0       0       B    3039       0       0
  Comptn_2: TXYZ:   1.0000000000019673       U,V,W -0.54127856922737205      -0.76569372482835263       0.34746313510301974     
        960                  1193                  1193             8.2026629E-02         1.0000000E+30              1291       
 NEXT SEEDS: 4A3B869       6       0       0       0       0       B    3039       0       0
       1000                  1153                  1153             8.4374340E-02         1.0000000E+30              1292       
 NEXT SEEDS: 874BC14       6       0       0       0       0       B    3039       0       0
  *** Hhflev: call to Hadriv !! ***  0.73758462473607678        3.5000000000000000        1.5208146658639385               14 T F T
       1040                  1113                  1113             8.8574369E-02         1.0000000E+30              2053       
 NEXT SEEDS: DEB39E2       6       0       0       0       0       B    3039       0       0
       1080                  1073                  1073             9.0077778E-02         1.0000000E+30              2055       
 NEXT SEEDS:11943422       6       0       0       0       0       B    3039       0       0
       1120                  1033                  1033             8.9231617E-02         1.0000000E+30              2056       
 NEXT SEEDS:137024BA       6       0       0       0       0       B    3039       0       0
       1160                   993                   993             8.8013166E-02         1.0000000E+30              2058       
 NEXT SEEDS:14E728C3       6       0       0       0       0       B    3039       0       0
       1200                   953                   953             8.6757994E-02         1.0000000E+30              2069       
 NEXT SEEDS:164C91B7       6       0       0       0       0       B    3039       0       0
       1240                   913                   913             8.6153526E-02         1.0000000E+30              2074       
 NEXT SEEDS:18322253       6       0       0       0       0       B    3039       0       0
  Eventv: ekin+am < pla,ij,igreyt   2.9860685667745868        3.0014834461401003               30           5
  Ferevv: Umo2 < Urmin2 !!   5.1232245773758089        6.4276092669907214               30           8  0.69424841207026222       0.93956541299999996      F           0
  Comptn_2: TXYZ:  0.99999999999691180       U,V,W -0.56386117763459964       0.56158639192782545       0.60554215109678466     
       1280                   873                   873             8.5847447E-02         1.0000000E+30              2100       
 NEXT SEEDS:1A50F8BD       6       0       0       0       0       B    3039       0       0
  Comptn_2: TXYZ:   1.0000000000012412       U,V,W -0.16611425032067473      -0.26387373301838490       0.95014562508311506     
       1320                   833                   833             9.0281328E-02         1.0000000E+30              2171       
 NEXT SEEDS:211A5574       6       0       0       0       0       B    3039       0       0
       1360                   793                   793             9.3635231E-02         1.0000000E+30              2172       
 NEXT SEEDS:26F487D6       6       0       0       0       0       B    3039       0       0
       1400                   753                   753             9.3050458E-02         1.0000000E+30              2173       
 NEXT SEEDS:28F7C643       6       0       0       0       0       B    3039       0       0
       1440                   713                   713             9.1705087E-02         1.0000000E+30              2189       
 NEXT SEEDS:2A330F69       6       0       0       0       0       B    3039       0       0
       1480                   673                   673             9.0579180E-02         1.0000000E+30              2196       
 NEXT SEEDS:2B966113       6       0       0       0       0       B    3039       0       0
       1520                   633                   633             8.9669697E-02         1.0000000E+30              2199       
 NEXT SEEDS:2D2B0A56       6       0       0       0       0       B    3039       0       0
       1560                   593                   593             8.9159968E-02         1.0000000E+30              2200       
 NEXT SEEDS:2F188F36       6       0       0       0       0       B    3039       0       0
  Comptn_2: TXYZ:   1.0000000000011007       U,V,W -0.37055611169112268       0.46982258858483383       0.80122088299351191     
       1600                   553                   553             8.8362320E-02         1.0000000E+30              2205       
 NEXT SEEDS:30B641E0       6       0       0       0       0       B    3039       0       0
       1640                   513                   513             8.8086270E-02         1.0000000E+30              2207       
 NEXT SEEDS:32DF1C3C       6       0       0       0       0       B    3039       0       0
       1680                   473                   473             8.8222474E-02         1.0000000E+30              2210       
 NEXT SEEDS:35837A84       6       0       0       0       0       B    3039       0       0
       1720                   433                   433             8.7977394E-02         1.0000000E+30              2212       
 NEXT SEEDS:37B219A1       6       0       0       0       0       B    3039       0       0
       1760                   393                   393             8.7455253E-02         1.0000000E+30              2236       
 NEXT SEEDS:397F36E5       6       0       0       0       0       B    3039       0       0
       1800                   353                   353             8.6543543E-02         1.0000000E+30              2418       
 NEXT SEEDS:3AC8AAC3       6       0       0       0       0       B    3039       0       0
       1840                   313                   313             8.6294554E-02         1.0000000E+30              2426       
 NEXT SEEDS: 1437CF1       7       0       0       0       0       B    3039       0       0
       1880                   273                   273             8.5230635E-02         1.0000000E+30              2456       
 NEXT SEEDS: 23E53FC       7       0       0       0       0       B    3039       0       0
       1920                   233                   233             8.5557046E-02         1.0000000E+30              2458       
 NEXT SEEDS: 513FD58       7       0       0       0       0       B    3039       0       0
  Comptn_2: TXYZ:  0.99999999999899547       U,V,W   7.4608858757656549E-002 -0.86022313801428008       0.50443004571371475     
       1960                   193                   193             8.8238633E-02         1.0000000E+30              2458       
 NEXT SEEDS: AC837AF       7       0       0       0       0       B    3039       0       0
  Comptn_2: TXYZ:  0.99999999999102229       U,V,W -0.88233018422158693      -0.34371956638500478       0.32148142354827769     
  Comptn_2: TXYZ:  0.99999999999723577       U,V,W  -1.3223826100045244E-002 -0.99498336524521425       -9.9162660844796635E-002
       2000                   153                   153             8.7647497E-02         1.0000000E+30              2470       
 NEXT SEEDS: C62409F       7       0       0       0       0       B    3039       0       0
       2040                   113                   113             8.6715547E-02         1.0000000E+30              2474       
 NEXT SEEDS: D838DCD       7       0       0       0       0       B    3039       0       0
  Comptn_2: TXYZ:  0.99999999999163824       U,V,W  0.57595316916876982      -0.11133538997613357       0.80986565420133161     
       2080                    73                    73             8.7641634E-02         1.0000000E+30              2476       
 NEXT SEEDS:112C4B8D       7       0       0       0       0       B    3039       0       0
       2103                    50                    50             8.7948662E-02         1.0000000E+30              2481       
 NEXT SEEDS:13072213       7       0       0       0       0       B    3039       0       0
       2104                    49                    49             8.7907217E-02         1.0000000E+30              2481       
 NEXT SEEDS:13073956       7       0       0       0       0       B    3039       0       0
       2105                    48                    48             8.7917408E-02         1.0000000E+30              2481       
 NEXT SEEDS:131AAEC0       7       0       0       0       0       B    3039       0       0
       2106                    47                    47             8.7933675E-02         1.0000000E+30              2481       
 NEXT SEEDS:13317C95       7       0       0       0       0       B    3039       0       0
       2107                    46                    46             8.7944815E-02         1.0000000E+30              2481       
 NEXT SEEDS:1344A2D2       7       0       0       0       0       B    3039       0       0
       2108                    45                    45             8.7903160E-02         1.0000000E+30              2481       
 NEXT SEEDS:1344A334       7       0       0       0       0       B    3039       0       0
       2109                    44                    44             8.7861806E-02         1.0000000E+30              2481       
 NEXT SEEDS:1344B7C2       7       0       0       0       0       B    3039       0       0
       2110                    43                    43             8.7820223E-02         1.0000000E+30              2481       
 NEXT SEEDS:1344B7DB       7       0       0       0       0       B    3039       0       0
       2111                    42                    42             8.7902384E-02         1.0000000E+30              2481       
 NEXT SEEDS:13707B10       7       0       0       0       0       B    3039       0       0
       2112                    41                    41             8.7884273E-02         1.0000000E+30              2486       
 NEXT SEEDS:13798A64       7       0       0       0       0       B    3039       0       0
       2113                    40                    40             8.7842746E-02         1.0000000E+30              2486       
 NEXT SEEDS:13798A68       7       0       0       0       0       B    3039       0       0
       2114                    39                    39             8.7872903E-02         1.0000000E+30              2486       
 NEXT SEEDS:13946CAC       7       0       0       0       0       B    3039       0       0
       2115                    38                    38             8.7831796E-02         1.0000000E+30              2486       
 NEXT SEEDS:13948A8A       7       0       0       0       0       B    3039       0       0
       2116                    37                    37             8.7807847E-02         1.0000000E+30              2486       
 NEXT SEEDS:139AAAB8       7       0       0       0       0       B    3039       0       0
       2117                    36                    36             8.7766989E-02         1.0000000E+30              2486       
 NEXT SEEDS:139AD546       7       0       0       0       0       B    3039       0       0
       2118                    35                    35             8.7865682E-02         1.0000000E+30              2486       
 NEXT SEEDS:13D2DAC0       7       0       0       0       0       B    3039       0       0
       2119                    34                    34             8.7900373E-02         1.0000000E+30              2486       
 NEXT SEEDS:13F0D04C       7       0       0       0       0       B    3039       0       0
       2120                    33                    33             8.7860638E-02         1.0000000E+30              2486       
 NEXT SEEDS:13F14CB0       7       0       0       0       0       B    3039       0       0
       2121                    32                    32             8.7819272E-02         1.0000000E+30              2486       
 NEXT SEEDS:13F14CB4       7       0       0       0       0       B    3039       0       0
       2122                    31                    31             8.7778325E-02         1.0000000E+30              2486       
 NEXT SEEDS:13F16B5E       7       0       0       0       0       B    3039       0       0
       2123                    30                    30             8.7752482E-02         1.0000000E+30              2486       
 NEXT SEEDS:13F7673D       7       0       0       0       0       B    3039       0       0
       2124                    29                    29             8.7752238E-02         1.0000000E+30              2486       
 NEXT SEEDS:14079C78       7       0       0       0       0       B    3039       0       0
       2125                    28                    28             8.7711022E-02         1.0000000E+30              2486       
 NEXT SEEDS:14079D94       7       0       0       0       0       B    3039       0       0
       2126                    27                    27             8.7692137E-02         1.0000000E+30              2486       
 NEXT SEEDS:140FA701       7       0       0       0       0       B    3039       0       0
       2127                    26                    26             8.7656132E-02         1.0000000E+30              2486       
 NEXT SEEDS:14112FDF       7       0       0       0       0       B    3039       0       0
       2128                    25                    25             8.7615449E-02         1.0000000E+30              2486       
 NEXT SEEDS:1411534A       7       0       0       0       0       B    3039       0       0
       2129                    24                    24             8.7575865E-02         1.0000000E+30              2486       
 NEXT SEEDS:1411CBC5       7       0       0       0       0       B    3039       0       0
       2130                    23                    23             8.7537823E-02         1.0000000E+30              2486       
 NEXT SEEDS:1412B615       7       0       0       0       0       B    3039       0       0
       2131                    22                    22             8.7497776E-02         1.0000000E+30              2487       
 NEXT SEEDS:1413056B       7       0       0       0       0       B    3039       0       0
       2132                    21                    21             8.7740848E-02         1.0000000E+30              2487       
 NEXT SEEDS:14848730       7       0       0       0       0       B    3039       0       0
       2133                    20                    20             8.7706402E-02         1.0000000E+30              2487       
 NEXT SEEDS:148684F4       7       0       0       0       0       B    3039       0       0
       2134                    19                    19             8.7756826E-02         1.0000000E+30              2487       
 NEXT SEEDS:14A9AC12       7       0       0       0       0       B    3039       0       0
       2135                    18                    18             8.7716058E-02         1.0000000E+30              2487       
 NEXT SEEDS:14A9C228       7       0       0       0       0       B    3039       0       0
       2136                    17                    17             8.7682922E-02         1.0000000E+30              2487       
 NEXT SEEDS:14AC4B04       7       0       0       0       0       B    3039       0       0
       2137                    16                    16             8.7642227E-02         1.0000000E+30              2487       
 NEXT SEEDS:14AC6283       7       0       0       0       0       B    3039       0       0
       2138                    15                    15             8.7660336E-02         1.0000000E+30              2487       
 NEXT SEEDS:14C33536       7       0       0       0       0       B    3039       0       0
       2139                    14                    14             8.7619625E-02         1.0000000E+30              2487       
 NEXT SEEDS:14C34671       7       0       0       0       0       B    3039       0       0
       2140                    13                    13             8.7578731E-02         1.0000000E+30              2487       
 NEXT SEEDS:14C34675       7       0       0       0       0       B    3039       0       0
       2141                    12                    12             8.7679067E-02         1.0000000E+30              2487       
 NEXT SEEDS:14FB7C3D       7       0       0       0       0       B    3039       0       0
       2142                    11                    11             8.7638198E-02         1.0000000E+30              2487       
 NEXT SEEDS:14FB7C41       7       0       0       0       0       B    3039       0       0
       2143                    10                    10             8.7663208E-02         1.0000000E+30              2487       
 NEXT SEEDS:15148427       7       0       0       0       0       B    3039       0       0
       2144                     9                     9             8.7697910E-02         1.0000000E+30              2487       
 NEXT SEEDS:15326558       7       0       0       0       0       B    3039       0       0
       2145                     8                     8             8.7657089E-02         1.0000000E+30              2487       
 NEXT SEEDS:1532655C       7       0       0       0       0       B    3039       0       0
       2146                     7                     7             8.7664138E-02         1.0000000E+30              2487       
 NEXT SEEDS:1545CE4B       7       0       0       0       0       B    3039       0       0
       2147                     6                     6             8.7623364E-02         1.0000000E+30              2487       
 NEXT SEEDS:1545CE4F       7       0       0       0       0       B    3039       0       0
       2148                     5                     5             8.7582627E-02         1.0000000E+30              2487       
 NEXT SEEDS:1545CE53       7       0       0       0       0       B    3039       0       0
       2149                     4                     4             8.7541915E-02         1.0000000E+30              2487       
 NEXT SEEDS:1545CE57       7       0       0       0       0       B    3039       0       0
       2150                     3                     3             8.7501247E-02         1.0000000E+30              2487       
 NEXT SEEDS:1545CE5B       7       0       0       0       0       B    3039       0       0
       2151                     2                     2             8.7516375E-02         1.0000000E+30              2487       
 NEXT SEEDS:155BF55B       7       0       0       0       0       B    3039       0       0
       2152                     1                     1             8.7496625E-02         1.0000000E+30              2487       
 NEXT SEEDS:1562AAE7       7       0       0       0       0       B    3039       0       0
       2153                     0                     1             8.7456042E-02         1.0000000E+30              2487       
 NEXT SEEDS:1562AAEB       7       0       0       0       0       B    3039       0       0
