1NUMBER OF BEAM       NUMBER OF BEAM        APPROXIMATE NUMBER    AVERAGE TIME USED     TIME LEFT (RESERVED   NUMBER OF STARS
 PARTICLES HANDLED    PARTICLES LEFT        OF BEAM PARTICLES     BY A BEAM PARTICLE     10000.0 SECONDS      CREATED
                                            THAT CAN STILL BE                           FOR PRINTOUT)
                                            HANDLED

 NEXT SEEDS:20F523F1       2       0       0       0       0      41    3039       0       0
          1                  2152                  2152             6.3673973E-02         1.0000000E+30                 1       
 NEXT SEEDS:20FFB4D1       2       0       0       0       0      41    3039       0       0
  Comptn_2: TXYZ:  0.99999999999879607       U,V,W   4.3694538877701916E-002  0.63800906449136807       0.76878815085686014     
         40                  2113                  2113             1.0433747E-01         1.0000000E+30                 2       
 NEXT SEEDS:23FF45A6       2       0       0       0       0      41    3039       0       0
         80                  2073                  2073             8.1576672E-02         1.0000000E+30                 7       
 NEXT SEEDS:25A14EA5       2       0       0       0       0      41    3039       0       0
  Comptn_2: TXYZ:  0.99999999999479006       U,V,W  0.92782671160226471       -3.9401177896351669E-002  0.37092470989743731     
  Comptn_2: TXYZ:   1.0000000000014706       U,V,W -0.55727711371588384       0.75953066056259644      -0.33549276325326360     
        120                  2033                  2033             1.0032618E-01         1.0000000E+30                 7       
 NEXT SEEDS:297DF3DE       2       0       0       0       0      41    3039       0       0
        160                  1993                  1993             9.1068734E-02         1.0000000E+30                 9       
 NEXT SEEDS:2B53686C       2       0       0       0       0      41    3039       0       0
  Comptn_2: TXYZ:   1.0000000000010203       U,V,W -0.37775256273181412       0.17452440049266471      -0.90930975744420728     
  Comptn_2: TXYZ:  0.99999999999738443       U,V,W  0.94147622788336349       -1.1888827183597073E-002  0.33686966042684219     
        200                  1953                  1953             1.5149626E-01         1.0000000E+30                19       
 NEXT SEEDS:36D3C861       2       0       0       0       0      41    3039       0       0
        240                  1913                  1913             1.3453244E-01         1.0000000E+30                22       
 NEXT SEEDS:3840F085       2       0       0       0       0      41    3039       0       0
  Comptn_2: TXYZ:   1.0000000000028764       U,V,W  0.65965690581839453      -0.75156205438915435        2.6916558717573480E-003
        280                  1873                  1873             1.2192530E-01         1.0000000E+30                35       
 NEXT SEEDS:39922D38       2       0       0       0       0      41    3039       0       0
        320                  1833                  1833             1.1402055E-01         1.0000000E+30               136       
 NEXT SEEDS:3B333397       2       0       0       0       0      41    3039       0       0
        360                  1793                  1793             1.0883197E-01         1.0000000E+30               137       
 NEXT SEEDS: 17D4CB3       3       0       0       0       0      41    3039       0       0
  *** Kaon: P_min > 1.5 GeV/c:           15   13.342520448629680     
  *** Kaon: P_min > 1.5 GeV/c:           15   14.799420603409340     
  *** Kaon: P_min > 1.5 GeV/c:           15   3.0060127155447662     
  Comptn_2: TXYZ:  0.99999999999898070       U,V,W  0.15012762840134286      -0.78181956393719787       0.60516102372394975     
        400                  1753                  1753             1.0814118E-01         1.0000000E+30               171       
 NEXT SEEDS: 44C4775       3       0       0       0       0      41    3039       0       0
        440                  1713                  1713             1.0189338E-01         1.0000000E+30               177       
 NEXT SEEDS: 56E6667       3       0       0       0       0      41    3039       0       0
  Comptn_2: TXYZ:   1.0000000000029865       U,V,W -0.22344476375603506       0.36348385358131452      -0.90440694697612400     
        480                  1673                  1673             1.1708389E-01         1.0000000E+30               182       
 NEXT SEEDS: D7F6A6D       3       0       0       0       0      41    3039       0       0
  *** Kaon: P_min > 1.5 GeV/c:           15   2.2552894278540823     
  *** Kaon: P_min > 1.5 GeV/c:           15   2.1641666223544545     
  *** Kaon: P_min > 1.5 GeV/c:           24   1.5464714198331739     
        520                  1633                  1633             1.1360168E-01         1.0000000E+30               280       
 NEXT SEEDS: F8EDBB8       3       0       0       0       0      41    3039       0       0
  *** Kaon: P_min > 1.5 GeV/c:           15   11.387341695799929     
  *** Kbar: P_min > 1.8 GeV/c:           25   4.2768973658007612     
  *** Kaon: P_min > 1.5 GeV/c:           15   7.3228675841719806     
  *** Kbar: P_min > 1.8 GeV/c:           25   3.9317957856340384     
  *** Kbar: P_min > 1.8 GeV/c:           16   5.4076174497466853     
  *** Kbar: P_min > 1.8 GeV/c:           16   6.9536107065810722     
  *** Kbar: P_min > 1.8 GeV/c:           16   5.5144320273626866     
  *** Kbar: P_min > 1.8 GeV/c:           25   16.317323463333853     
  *** Kbar: P_min > 1.8 GeV/c:           25   3.9313621279804916     
  *** Kbar: P_min > 1.8 GeV/c:           25   4.6979174929636294     
  *** Kbar: P_min > 1.8 GeV/c:           25   2.4508240033081545     
  *** Kbar: P_min > 1.8 GeV/c:           25   7.2772445998506186     
  *** Kaon: P_min > 1.5 GeV/c:           24   1.5009400381713802     
  *** Kaon: P_min > 1.5 GeV/c:           15   16.013592355170786     
  *** Hhflev: call to Hadriv !! ***  0.91574839261706853        5.0000000000000000        2.0559285046551223                1 T F T
  Comptn_2: TXYZ:   1.0000000000012876       U,V,W  0.82480033741505210      -0.55624744129760728       0.10145534708022375     
  *** Hhflev: call to Hadriv !! ***  0.68431045478024222        5.0000000000000000        1.6493490897011207               25 T F T
        560                  1593                  1593             1.1525825E-01         1.0000000E+30              1181       
 NEXT SEEDS:135D69F3       3       0       0       0       0      41    3039       0       0
  Comptn_2: TXYZ:  0.99999999999884481       U,V,W   6.1525919402406259E-002  0.19403910653768719       0.97906250381402593     
        600                  1553                  1553             1.1621932E-01         1.0000000E+30              1187       
 NEXT SEEDS:171F9C0E       3       0       0       0       0      41    3039       0       0
        640                  1513                  1513             1.1188194E-01         1.0000000E+30              1306       
 NEXT SEEDS:18761E42       3       0       0       0       0      41    3039       0       0
  Comptn_2: TXYZ:   1.0000000000038927       U,V,W -0.37671490306860278      -0.92631981315661704       -4.1815742724509164E-003
  Comptn_2: TXYZ:   1.0000000000031335       U,V,W  0.34787617207683752      -0.89949445606908540      -0.26437074801361859     
  Comptn_2: TXYZ:  0.99999999999727085       U,V,W  -3.2112669212267519E-002  0.60556307814487731      -0.79514912743524757     
        680                  1473                  1473             1.0852368E-01         1.0000000E+30              1312       
 NEXT SEEDS:1A01EFB7       3       0       0       0       0      41    3039       0       0
        720                  1433                  1433             1.0628532E-01         1.0000000E+30              1316       
 NEXT SEEDS:1BF2DC93       3       0       0       0       0      41    3039       0       0
  Comptn_2: TXYZ:   1.0000000000058626       U,V,W -0.33541013427675637      -0.43218746609059622      -0.83708663588932097     
        760                  1393                  1393             1.0439107E-01         1.0000000E+30              1317       
 NEXT SEEDS:1DF2AE11       3       0       0       0       0      41    3039       0       0
        800                  1353                  1353             1.0247695E-01         1.0000000E+30              1319       
 NEXT SEEDS:1FD92FFC       3       0       0       0       0      41    3039       0       0
        840                  1313                  1313             1.0170673E-01         1.0000000E+30              1322       
 NEXT SEEDS:2248A398       3       0       0       0       0      41    3039       0       0
  Comptn_2: TXYZ:   1.0000000000036040       U,V,W  0.90892229950418368       0.28824492050858908      -0.30128909583426378     
        880                  1273                  1273             1.0199596E-01         1.0000000E+30              1322       
 NEXT SEEDS:2546ED44       3       0       0       0       0      41    3039       0       0
        920                  1233                  1233             1.0082531E-01         1.0000000E+30              1327       
 NEXT SEEDS:27671F49       3       0       0       0       0      41    3039       0       0
  Comptn_2: TXYZ:  0.99999999999720135       U,V,W -0.40649227817354472      -0.11479276461543009       0.90641417077097231     
        960                  1193                  1193             9.9249335E-02         1.0000000E+30              1332       
 NEXT SEEDS:293572F3       3       0       0       0       0      41    3039       0       0
  Comptn_2: TXYZ:  0.99999999999895073       U,V,W -0.85336288751479650      -0.30684208172179694       0.42144954513677391     
       1000                  1153                  1153             1.0325873E-01         1.0000000E+30              1333       
 NEXT SEEDS:2F126CE2       3       0       0       0       0      41    3039       0       0
  Comptn_2: TXYZ:  0.99999999999872036       U,V,W  0.34442742286565675       0.83012079424943019      -0.43848513923682475     
       1040                  1113                  1113             1.0151990E-01         1.0000000E+30              1337       
 NEXT SEEDS:30B668A4       3       0       0       0       0      41    3039       0       0
  Comptn_2: TXYZ:  0.99999999999788636       U,V,W -0.99516028707289461       -4.4457914622554995E-002  -8.7632738507329222E-002
       1080                  1073                  1073             1.0064392E-01         1.0000000E+30              1339       
 NEXT SEEDS:32F6A905       3       0       0       0       0      41    3039       0       0
       1120                  1033                  1033             9.8173465E-02         1.0000000E+30              1363       
 NEXT SEEDS:33DFA4B8       3       0       0       0       0      41    3039       0       0
  Comptn_2: TXYZ:  0.99999999998971689       U,V,W -0.10962859247004664       0.80616862621968721       0.58144106993040623     
       1160                   993                   993             9.8366327E-02         1.0000000E+30              1364       
 NEXT SEEDS:36D657F6       3       0       0       0       0      41    3039       0       0
       1200                   953                   953             9.9943813E-02         1.0000000E+30              1367       
 NEXT SEEDS:3ADA1B05       3       0       0       0       0      41    3039       0       0
       1240                   913                   913             9.8659580E-02         1.0000000E+30              1368       
 NEXT SEEDS:  F6EF41       4       0       0       0       0      41    3039       0       0
       1280                   873                   873             9.8842928E-02         1.0000000E+30              1386       
 NEXT SEEDS: 3EB8D81       4       0       0       0       0      41    3039       0       0
       1320                   833                   833             9.9173214E-02         1.0000000E+30              1400       
 NEXT SEEDS: 6EA66E4       4       0       0       0       0      41    3039       0       0
  Comptn_2: TXYZ:  0.99999999999897993       U,V,W  -5.3153048793859403E-002  0.95144629389120539       0.30319086932753692     
  Comptn_2: TXYZ:   1.0000000000019225       U,V,W -0.51382009515481464      -0.65149915297246253      -0.55815568033764862     
       1360                   793                   793             9.8246471E-02         1.0000000E+30              1403       
 NEXT SEEDS: 8DBE1B7       4       0       0       0       0      41    3039       0       0
  *** Umfnst:amsq,np0,np,kpart  -7.4254680026944389E-018           0           1           7
       1400                   753                   753             9.6357659E-02         1.0000000E+30              1484       
 NEXT SEEDS: 9C20432       4       0       0       0       0      41    3039       0       0
  Comptn_2: TXYZ:  0.99999999999785438       U,V,W  0.64625399687128038      -0.54384726375608494       0.53533720703008214     
  Comptn_2: TXYZ:   1.0000000000046612       U,V,W -0.44647886714339080      -0.65505184790305293      -0.60956024948958998     
       1440                   713                   713             9.4831750E-02         1.0000000E+30              1487       
 NEXT SEEDS: AEC5013       4       0       0       0       0      41    3039       0       0
       1480                   673                   673             9.4190306E-02         1.0000000E+30              1498       
 NEXT SEEDS: CE441EA       4       0       0       0       0      41    3039       0       0
       1520                   633                   633             9.3434853E-02         1.0000000E+30              1505       
 NEXT SEEDS: EC5DE1F       4       0       0       0       0      41    3039       0       0
       1560                   593                   593             9.3429074E-02         1.0000000E+30              1514       
 NEXT SEEDS:11765467       4       0       0       0       0      41    3039       0       0
       1600                   553                   553             9.3661163E-02         1.0000000E+30              1572       
 NEXT SEEDS:14632A46       4       0       0       0       0      41    3039       0       0
       1640                   513                   513             9.4741642E-02         1.0000000E+30              1573       
 NEXT SEEDS:185FEBEC       4       0       0       0       0      41    3039       0       0
  Comptn_2: TXYZ:  0.99999999999405920       U,V,W -0.23453175452137742      -0.45435275713201406       0.85939422164785384     
       1680                   473                   473             9.3662305E-02         1.0000000E+30              1574       
 NEXT SEEDS:19CB01D8       4       0       0       0       0      41    3039       0       0
       1720                   433                   433             9.2480387E-02         1.0000000E+30              1576       
 NEXT SEEDS:1AFE6BDA       4       0       0       0       0      41    3039       0       0
       1760                   393                   393             9.2517547E-02         1.0000000E+30              1577       
 NEXT SEEDS:1D762B82       4       0       0       0       0      41    3039       0       0
       1800                   353                   353             9.2207199E-02         1.0000000E+30              1578       
 NEXT SEEDS:1F99E9AD       4       0       0       0       0      41    3039       0       0
       1840                   313                   313             9.1484955E-02         1.0000000E+30              1584       
 NEXT SEEDS:213C9232       4       0       0       0       0      41    3039       0       0
  Comptn_2: TXYZ:   1.0000000000010256       U,V,W  0.98086544881178672        3.7169457681628160E-002 -0.19110573707749179     
       1880                   273                   273             9.2579876E-02         1.0000000E+30              1585       
 NEXT SEEDS:2529D999       4       0       0       0       0      41    3039       0       0
  Comptn_2: TXYZ:   1.0000000000047673       U,V,W  0.35340186175657351      -0.45233415272895172      -0.81884121683433619     
       1920                   233                   233             9.1728503E-02         1.0000000E+30              1588       
 NEXT SEEDS:26A53064       4       0       0       0       0      41    3039       0       0
  Comptn_2: TXYZ:   1.0000000000012896       U,V,W   4.2984165371866112E-002 -0.76402700848203153      -0.64375079948577252     
       1960                   193                   193             9.2602086E-02         1.0000000E+30              2025       
 NEXT SEEDS:2A844FB6       4       0       0       0       0      41    3039       0       0
       2000                   153                   153             9.1827391E-02         1.0000000E+30              2065       
 NEXT SEEDS:2C0E9701       4       0       0       0       0      41    3039       0       0
       2040                   113                   113             9.1188676E-02         1.0000000E+30              2068       
 NEXT SEEDS:2DC35ACD       4       0       0       0       0      41    3039       0       0
       2080                    73                    73             9.0001207E-02         1.0000000E+30              2068       
 NEXT SEEDS:2E99B250       4       0       0       0       0      41    3039       0       0
       2103                    50                    50             9.0180719E-02         1.0000000E+30              2069       
 NEXT SEEDS:30611F6D       4       0       0       0       0      41    3039       0       0
       2104                    49                    49             9.0301389E-02         1.0000000E+30              2069       
 NEXT SEEDS:30A1BDE3       4       0       0       0       0      41    3039       0       0
       2105                    48                    48             9.0473324E-02         1.0000000E+30              2069       
 NEXT SEEDS:30F2A4A9       4       0       0       0       0      41    3039       0       0
       2106                    47                    47             9.0433103E-02         1.0000000E+30              2069       
 NEXT SEEDS:30F38865       4       0       0       0       0      41    3039       0       0
       2107                    46                    46             9.0390248E-02         1.0000000E+30              2069       
 NEXT SEEDS:30F38869       4       0       0       0       0      41    3039       0       0
       2108                    45                    45             9.0347419E-02         1.0000000E+30              2069       
 NEXT SEEDS:30F3886D       4       0       0       0       0      41    3039       0       0
       2109                    44                    44             9.0353691E-02         1.0000000E+30              2069       
 NEXT SEEDS:3105EF6C       4       0       0       0       0      41    3039       0       0
       2110                    43                    43             9.0310870E-02         1.0000000E+30              2069       
 NEXT SEEDS:3105EF70       4       0       0       0       0      41    3039       0       0
       2111                    42                    42             9.0291111E-02         1.0000000E+30              2069       
 NEXT SEEDS:310F15D7       4       0       0       0       0      41    3039       0       0
       2112                    41                    41             9.0248424E-02         1.0000000E+30              2069       
 NEXT SEEDS:310F15DB       4       0       0       0       0      41    3039       0       0
       2113                    40                    40             9.0298270E-02         1.0000000E+30              2069       
 NEXT SEEDS:31335847       4       0       0       0       0      41    3039       0       0
       2114                    39                    39             9.1446787E-02         1.0000000E+30              2069       
 NEXT SEEDS:32FC0C7B       4       0       0       0       0      41    3039       0       0
       2115                    38                    38             9.1403622E-02         1.0000000E+30              2069       
 NEXT SEEDS:32FC0C7F       4       0       0       0       0      41    3039       0       0
       2116                    37                    37             9.1360483E-02         1.0000000E+30              2069       
 NEXT SEEDS:32FC0C83       4       0       0       0       0      41    3039       0       0
       2117                    36                    36             9.1385578E-02         1.0000000E+30              2069       
 NEXT SEEDS:33162145       4       0       0       0       0      41    3039       0       0
       2118                    35                    35             9.1342488E-02         1.0000000E+30              2069       
 NEXT SEEDS:33162149       4       0       0       0       0      41    3039       0       0
       2119                    34                    34             9.1450465E-02         1.0000000E+30              2069       
 NEXT SEEDS:33512EBC       4       0       0       0       0      41    3039       0       0
       2120                    33                    33             9.1407400E-02         1.0000000E+30              2069       
 NEXT SEEDS:33512EC0       4       0       0       0       0      41    3039       0       0
       2121                    32                    32             9.1364354E-02         1.0000000E+30              2069       
 NEXT SEEDS:33512EC4       4       0       0       0       0      41    3039       0       0
       2122                    31                    31             9.1321356E-02         1.0000000E+30              2069       
 NEXT SEEDS:33512EC8       4       0       0       0       0      41    3039       0       0
       2123                    30                    30             9.1295648E-02         1.0000000E+30              2069       
 NEXT SEEDS:3358155C       4       0       0       0       0      41    3039       0       0
       2124                    29                    29             9.1253426E-02         1.0000000E+30              2069       
 NEXT SEEDS:335852FE       4       0       0       0       0      41    3039       0       0
       2125                    28                    28             9.1294317E-02         1.0000000E+30              2069       
 NEXT SEEDS:33770567       4       0       0       0       0      41    3039       0       0
       2126                    27                    27             9.1255007E-02         1.0000000E+30              2069       
 NEXT SEEDS:33785233       4       0       0       0       0      41    3039       0       0
       2127                    26                    26             9.1212161E-02         1.0000000E+30              2069       
 NEXT SEEDS:33785237       4       0       0       0       0      41    3039       0       0
       2128                    25                    25             9.1169499E-02         1.0000000E+30              2069       
 NEXT SEEDS:33786026       4       0       0       0       0      41    3039       0       0
       2129                    24                    24             9.1127142E-02         1.0000000E+30              2069       
 NEXT SEEDS:33787EEF       4       0       0       0       0      41    3039       0       0
       2130                    23                    23             9.1093536E-02         1.0000000E+30              2069       
 NEXT SEEDS:337BBC50       4       0       0       0       0      41    3039       0       0
       2131                    22                    22             9.1051427E-02         1.0000000E+30              2069       
 NEXT SEEDS:337BE88C       4       0       0       0       0      41    3039       0       0
       2132                    21                    21             9.1068667E-02         1.0000000E+30              2069       
 NEXT SEEDS:3392BF10       4       0       0       0       0      41    3039       0       0
       2133                    20                    20             9.1061898E-02         1.0000000E+30              2069       
 NEXT SEEDS:33A09DC7       4       0       0       0       0      41    3039       0       0
       2134                    19                    19             9.1073911E-02         1.0000000E+30              2069       
 NEXT SEEDS:33B4E29E       4       0       0       0       0      41    3039       0       0
       2135                    18                    18             9.1085456E-02         1.0000000E+30              2069       
 NEXT SEEDS:33CA18EC       4       0       0       0       0      41    3039       0       0
       2136                    17                    17             9.1042871E-02         1.0000000E+30              2069       
 NEXT SEEDS:33CA1904       4       0       0       0       0      41    3039       0       0
       2137                    16                    16             9.1000317E-02         1.0000000E+30              2069       
 NEXT SEEDS:33CA1908       4       0       0       0       0      41    3039       0       0
       2138                    15                    15             9.0957811E-02         1.0000000E+30              2069       
 NEXT SEEDS:33CA191E       4       0       0       0       0      41    3039       0       0
       2139                    14                    14             9.0915345E-02         1.0000000E+30              2069       
 NEXT SEEDS:33CA1922       4       0       0       0       0      41    3039       0       0
       2140                    13                    13             9.0874023E-02         1.0000000E+30              2069       
 NEXT SEEDS:33CA6AB9       4       0       0       0       0      41    3039       0       0
       2141                    12                    12             9.0831636E-02         1.0000000E+30              2069       
 NEXT SEEDS:33CA6ACD       4       0       0       0       0      41    3039       0       0
       2142                    11                    11             9.1221670E-02         1.0000000E+30              2069       
 NEXT SEEDS:3473D9EB       4       0       0       0       0      41    3039       0       0
       2143                    10                    10             9.1221781E-02         1.0000000E+30              2069       
 NEXT SEEDS:3484CC06       4       0       0       0       0      41    3039       0       0
       2144                     9                     9             9.1179291E-02         1.0000000E+30              2069       
 NEXT SEEDS:3484CC0A       4       0       0       0       0      41    3039       0       0
       2145                     8                     8             9.1165615E-02         1.0000000E+30              2069       
 NEXT SEEDS:348E5559       4       0       0       0       0      41    3039       0       0
       2146                     7                     7             9.1123617E-02         1.0000000E+30              2069       
 NEXT SEEDS:348E77B8       4       0       0       0       0      41    3039       0       0
       2147                     6                     6             9.1081231E-02         1.0000000E+30              2069       
 NEXT SEEDS:348E77D0       4       0       0       0       0      41    3039       0       0
       2148                     5                     5             9.1044518E-02         1.0000000E+30              2069       
 NEXT SEEDS:349099A1       4       0       0       0       0      41    3039       0       0
       2149                     4                     4             9.1027508E-02         1.0000000E+30              2069       
 NEXT SEEDS:349A977E       4       0       0       0       0      41    3039       0       0
       2150                     3                     3             9.0985226E-02         1.0000000E+30              2069       
 NEXT SEEDS:349A9782       4       0       0       0       0      41    3039       0       0
       2151                     2                     2             9.1047384E-02         1.0000000E+30              2069       
 NEXT SEEDS:34C1604B       4       0       0       0       0      41    3039       0       0
       2152                     1                     1             9.1129025E-02         1.0000000E+30              2069       
 NEXT SEEDS:34F1E090       4       0       0       0       0      41    3039       0       0
       2153                     0                     1             9.1086769E-02         1.0000000E+30              2069       
 NEXT SEEDS:34F1E0A9       4       0       0       0       0      41    3039       0       0
