1NUMBER OF BEAM       NUMBER OF BEAM        APPROXIMATE NUMBER    AVERAGE TIME USED     TIME LEFT (RESERVED   NUMBER OF STARS
 PARTICLES HANDLED    PARTICLES LEFT        OF BEAM PARTICLES     BY A BEAM PARTICLE     10000.0 SECONDS      CREATED
                                            THAT CAN STILL BE                           FOR PRINTOUT)
                                            HANDLED

 NEXT SEEDS:       0       0       0       0       0       0      1D    3039       0       0
          1                  2846                  2846             2.7439904E-01         1.0000000E+30                 0       
 NEXT SEEDS:  31EF13       0       0       0       0       0      1D    3039       0       0
         50                  2797                  2797             1.8017907E-01         1.0000000E+30                 6       
 NEXT SEEDS: 685504D       0       0       0       0       0      1D    3039       0       0
  *** Kbar: P_min > 1.8 GeV/c:           16   11.410887445793593     
  *** Kbar: P_min > 1.8 GeV/c:           16   14.869159503272742     
  *** Kbar: P_min > 1.8 GeV/c:           25   1.8223519470602136     
  *** Kaon: P_min > 1.5 GeV/c:           24   2.7656828352568290     
  *** Kaon: P_min > 1.5 GeV/c:           24   2.7656721267199473     
  *** Kaon: P_min > 1.5 GeV/c:           24   2.8413896912651802     
  *** Kbar: P_min > 1.8 GeV/c:           16   3.7387391362585367     
  *** Kbar: P_min > 1.8 GeV/c:           16   3.6646397424284505     
  *** Kbar: P_min > 1.8 GeV/c:           16   4.1893972027878874     
  *** Kbar: P_min > 1.8 GeV/c:           16   4.3618638484018479     
  *** Kbar: P_min > 1.8 GeV/c:           16   4.2930856860943276     
  *** Kaon: P_min > 1.5 GeV/c:           15   4.2164619789083222     
  *** Kaon: P_min > 1.5 GeV/c:           15   4.1810102976567665     
  *** Kaon: P_min > 1.5 GeV/c:           15   3.6858386580036364     
  *** Kaon: P_min > 1.5 GeV/c:           24   2.9822001379737046     
  *** Kbar: P_min > 1.8 GeV/c:           25   2.9788433861996673     
  *** Kbar: P_min > 1.8 GeV/c:           25   2.6222836613907825     
  *** Kbar: P_min > 1.8 GeV/c:           16   3.6850453655335556     
  *** Kbar: P_min > 1.8 GeV/c:           16   4.5330997266797883     
  *** Kbar: P_min > 1.8 GeV/c:           16   4.0487865090775852     
  *** Hhflev: call to Hadriv !! ***  0.94131536345236777        5.0000000000000000        1.7659788581593603               16 T F T
        100                  2747                  2747             2.4196100E-01         1.0000000E+30               972       
 NEXT SEEDS:116EE890       0       0       0       0       0      1D    3039       0       0
  Comptn_2: TXYZ:   1.0000000000084786       U,V,W  0.22193176764366740       0.72289403558158938       0.65434738773804213     
  Comptn_2: TXYZ:   1.0000000000015234       U,V,W -0.76623362817153273        5.8410038608627701E-002  0.63990178500325445     
  Comptn_2: TXYZ:   1.0000000000018840       U,V,W -0.90803645852388115      -0.20019886949879151      -0.36795407681488967     
  Comptn_2: TXYZ:   1.0000000000021783       U,V,W  0.36283952420289012      -0.74720436485475972      -0.55680617527142573     
  Comptn_2: TXYZ:  0.99999999999864941       U,V,W -0.50739222503356984      -0.22070551625913026       0.83297191133130255     
  Comptn_2: TXYZ:  0.99999999999310285       U,V,W -0.42320467933745931       0.59212104213715411      -0.68577727495039653     
  Comptn_2: TXYZ:  0.99999999999870004       U,V,W  0.91169693989245459      -0.18901432455793099       0.36480443377423910     
        150                  2697                  2697             2.6513140E-01         1.0000000E+30               976       
 NEXT SEEDS:1C761D76       0       0       0       0       0      1D    3039       0       0
        200                  2647                  2647             2.8302822E-01         1.0000000E+30              1006       
 NEXT SEEDS:28A39B43       0       0       0       0       0      1D    3039       0       0
  Comptn_2: TXYZ:   1.0000000000054903       U,V,W  0.36089821251625764      -0.10869617194919101      -0.92624922262404752     
  Comptn_2: TXYZ:   1.0000000000037406       U,V,W -0.39820287683545530       0.82985274794268094      -0.39086939713373425     
        250                  2597                  2597             2.6833043E-01         1.0000000E+30              1013       
 NEXT SEEDS:301C6F3D       0       0       0       0       0      1D    3039       0       0
  Comptn_2: TXYZ:  0.99999999999899858       U,V,W   8.2328808811142018E-002 -0.87006363188010738      -0.48601568258476391     
  Comptn_2: TXYZ:  0.99999999999649858       U,V,W   3.2399684664351724E-002 -0.99606121930864333       -8.2536705892152895E-002
  Comptn_2: TXYZ:   1.0000000000014941       U,V,W  0.51760866559965280       0.43624742697180885      -0.73604989760077899     
        300                  2547                  2547             2.5712490E-01         1.0000000E+30              1027       
 NEXT SEEDS:373DE4CA       0       0       0       0       0      1D    3039       0       0
  Comptn_2: TXYZ:   1.0000000000018368       U,V,W -0.17240689641139895       0.89394014163934443      -0.41369902735860364     
  Comptn_2: TXYZ:  0.99999999998216893       U,V,W  0.81848765861211348       0.24239826007340071       0.52088485886539004     
        350                  2497                  2497             2.8197086E-01         1.0000000E+30              1120       
 NEXT SEEDS: AF39E75       1       0       0       0       0      1D    3039       0       0
  Comptn_2: TXYZ:   1.0000000000011438       U,V,W  0.99224802468760931       0.11452801425050296       -4.8240972798211601E-002
  Comptn_2: TXYZ:   1.0000000000017895       U,V,W  0.41444924916600456       0.30958018693590361       0.85579899960461248     
        400                  2447                  2447             2.8552571E-01         1.0000000E+30              1126       
 NEXT SEEDS:15F641D1       1       0       0       0       0      1D    3039       0       0
  Comptn_2: TXYZ:  0.99999999999870470       U,V,W -0.91465591428769955       0.32870535141228885       0.23528142810294383     
  Comptn_2: TXYZ:   1.0000000000014695       U,V,W -0.98364864225233184      -0.13765303853502076       0.11613349895137759     
        450                  2397                  2397             2.9534043E-01         1.0000000E+30              1129       
 NEXT SEEDS:22D6CA5C       1       0       0       0       0      1D    3039       0       0
  Comptn_2: TXYZ:   1.0000000000017000       U,V,W -0.92665017420855378      -0.14687082722834077      -0.34604683895423705     
  Comptn_2: TXYZ:   1.0000000000010729       U,V,W  0.61615358517091678       0.36633702392909129      -0.69724597121881970     
        500                  2347                  2347             3.0190789E-01         1.0000000E+30              1131       
 NEXT SEEDS:2EBF753E       1       0       0       0       0      1D    3039       0       0
  Comptn_2: TXYZ:   1.0000000000012110       U,V,W  0.10645550086378819       0.96541262441249742      -0.23800355241471749     
  Comptn_2: TXYZ:  0.99999999999655342       U,V,W  0.67029360367332913       0.57904107290111995      -0.46413136153969958     
        550                  2297                  2297             2.9291256E-01         1.0000000E+30              1142       
 NEXT SEEDS:35F2EC3B       1       0       0       0       0      1D    3039       0       0
  Comptn_2: TXYZ:   1.0000000000030207       U,V,W -0.47410372302960013      -0.77365598172101357       0.42033567747668954     
        600                  2247                  2247             2.9276677E-01         1.0000000E+30              1152       
 NEXT SEEDS: 476477E       2       0       0       0       0      1D    3039       0       0
        650                  2197                  2197             3.0063814E-01         1.0000000E+30              1157       
 NEXT SEEDS:12700047       2       0       0       0       0      1D    3039       0       0
  Comptn_2: TXYZ:  0.99999999999828570       U,V,W -0.83896695031572932      -0.50989022223551927       0.19012211219325081     
  Comptn_2: TXYZ:  0.99999999999642986       U,V,W -0.33188244677114653       0.42663551240038089       0.84133000723883100     
  Comptn_2: TXYZ:   1.0000000000025973       U,V,W -0.10561513540558565       0.31425275690306648       0.94344615530229348     
        700                  2147                  2147             2.9656629E-01         1.0000000E+30              1322       
 NEXT SEEDS:1B21B9E9       2       0       0       0       0      1D    3039       0       0
  Comptn_2: TXYZ:  0.99999999999779177       U,V,W  0.30700147996512328      -0.60669426454921394       0.73326131812615358     
  Comptn_2: TXYZ:   1.0000000000014508       U,V,W -0.37112521576568724       0.89645382183168021       0.24214999390397907     
  Comptn_2: TXYZ:   1.0000000000048792       U,V,W  0.34852278321238828      -0.87538918770239604       0.33500095468596669     
  Comptn_2: TXYZ:  0.99999999999693789       U,V,W  0.59510969327317031      -0.80310186599071853       -2.9527035263924972E-002
  Comptn_2: TXYZ:  0.99999999999797595       U,V,W -0.86683413861695158       0.45393851490089787      -0.20624839591073396     
  Comptn_2: TXYZ:   1.0000000000010700       U,V,W  -2.8309420791757134E-002 -0.83748211522344818      -0.54573096244978103     
        750                  2097                  2097             3.0432812E-01         1.0000000E+30              1391       
 NEXT SEEDS:2A2E3B29       2       0       0       0       0      1D    3039       0       0
  Comptn_2: TXYZ:   1.0000000000012550       U,V,W  0.33349398423246157       0.88018440492282934      -0.33772351978009851     
        800                  2047                  2047             2.9652810E-01         1.0000000E+30              1455       
 NEXT SEEDS:3081156D       2       0       0       0       0      1D    3039       0       0
        850                  1997                  1997             2.8810029E-01         1.0000000E+30              1455       
 NEXT SEEDS:3602771F       2       0       0       0       0      1D    3039       0       0
  Comptn_2: TXYZ:  0.99999999999882039       U,V,W -0.34938127509730776       0.84573786790022965      -0.40331152154355010     
        900                  1947                  1947             2.9001268E-01         1.0000000E+30              1469       
 NEXT SEEDS: 5EA9B71       3       0       0       0       0      1D    3039       0       0
  Comptn_2: TXYZ:  0.99999999999897049       U,V,W  0.11611211605908167       0.79409575465589910       0.59659861627456934     
  Comptn_2: TXYZ:  0.99999999999858558       U,V,W -0.33806109880615054      -0.46167786308291170      -0.82010258151755622     
        950                  1897                  1897             2.8638777E-01         1.0000000E+30              2109       
 NEXT SEEDS: DDA44FE       3       0       0       0       0      1D    3039       0       0
  Comptn_2: TXYZ:  0.99999999999861633       U,V,W -0.41410802056962837       -5.6482923634071369E-002 -0.90847356958596670     
  Comptn_2: TXYZ:   1.0000000000015632       U,V,W  0.73080934888528759       0.68169788873393600       -3.4722961842554412E-002
  Comptn_2: TXYZ:   1.0000000000042619       U,V,W -0.44599185705249056       -3.0429596723395846E-002 -0.89451959346365584     
  Comptn_2: TXYZ:  0.99999999999580391       U,V,W -0.61728397290782766      -0.75691981183130785      -0.21455277962354558     
  Comptn_2: TXYZ:  0.99999999999199962       U,V,W -0.54531796562474710       0.80879775603345649       0.22016926714265139     
  *** Hhflev: call to Hadriv !! ***  0.55159681793657300        3.5000000000000000        1.4040841285386203               13 T F T
  Comptn_2: TXYZ:  0.99999999999815437       U,V,W  0.45255184015062966       0.38933278680845262       0.80225732348816692     
       1000                  1847                  1847             2.9638482E-01         1.0000000E+30              4736       
 NEXT SEEDS:1F4F1990       3       0       0       0       0      1D    3039       0       0
  Comptn_2: TXYZ:   1.0000000000027536       U,V,W  0.98291973385952858      -0.10104845867012102       0.15381159186699733     
       1050                  1797                  1797             2.9079421E-01         1.0000000E+30              4788       
 NEXT SEEDS:25CA16E5       3       0       0       0       0      1D    3039       0       0
       1100                  1747                  1747             2.9082957E-01         1.0000000E+30              4789       
 NEXT SEEDS:30453806       3       0       0       0       0      1D    3039       0       0
  Comptn_2: TXYZ:  0.99999999999892863       U,V,W -0.10142547636080934       0.74773775692581523      -0.65620204176111940     
       1150                  1697                  1697             2.9004113E-01         1.0000000E+30              4816       
 NEXT SEEDS:39E6FDE0       3       0       0       0       0      1D    3039       0       0
  *** Hhflev: call to Hadriv !! ***  0.72458369950233281        3.5000000000000000        1.5129045669943182               13 T F T
  *** Hhflev: call to Hadriv !! ***  0.56155297033831408        3.5000000000000000        1.4105315421667199               14 T F T
  Comptn_2: TXYZ:   1.0000000000030933       U,V,W  0.92855248640466037        4.7653862015181403E-002 -0.36812958238893856     
  Comptn_2: TXYZ:  0.99999999999819544       U,V,W   7.7688695021649323E-002  0.97861630785200404      -0.19045888971150760     
       1200                  1647                  1647             2.9078938E-01         1.0000000E+30              7463       
 NEXT SEEDS: 94FC9B9       4       0       0       0       0      1D    3039       0       0
       1250                  1597                  1597             2.9411467E-01         1.0000000E+30              7466       
 NEXT SEEDS:16F1C533       4       0       0       0       0      1D    3039       0       0
  Comptn_2: TXYZ:  0.99999999999879563       U,V,W  0.85557266555500888      -0.48305908170324585      -0.18614332525747301     
  Comptn_2: TXYZ:   1.0000000000441154       U,V,W  0.70456282941295001       0.31623166620772736      -0.63528635491502428     
  Comptn_2: TXYZ:   1.0000000000018456       U,V,W -0.28786998219828774      -0.80490408409907688       0.51890296660515389     
       1300                  1547                  1547             3.0934410E-01         1.0000000E+30              7472       
 NEXT SEEDS:2EDC7961       4       0       0       0       0      1D    3039       0       0
  Comptn_2: TXYZ:   1.0000000000010074       U,V,W -0.72196085593921566       0.68202045269052824       0.11670743165852571     
  Comptn_2: TXYZ:  0.99999999999891420       U,V,W  0.29668090894027443       0.82508436744212865       0.48084948255343818     
  Comptn_2: TXYZ:  0.99999999999652855       U,V,W -0.63549617750953047       0.61388007738167971      -0.46829035753597026     
  Comptn_2: TXYZ:  0.99999999999733047       U,V,W -0.39878671630121509      -0.89752856940376091       0.18817975981242796     
       1350                  1497                  1497             3.1241231E-01         1.0000000E+30              7473       
 NEXT SEEDS: 17ABB33       5       0       0       0       0      1D    3039       0       0
  Comptn_2: TXYZ:   1.0000000000010492       U,V,W  0.81215180087477368      -0.23650533042910382       0.53336167936544854     
  Comptn_2: TXYZ:  0.99999999997592937       U,V,W  0.92724392193767358      -0.24938579749490941       0.27933032992032736     
  Comptn_2: TXYZ:   1.0000000000010960       U,V,W  0.77185071499554425      -0.51250060310928092      -0.37628394275412091     
       1400                  1447                  1447             3.1251179E-01         1.0000000E+30              7478       
 NEXT SEEDS: CCF545D       5       0       0       0       0      1D    3039       0       0
       1450                  1397                  1397             3.0625785E-01         1.0000000E+30              7484       
 NEXT SEEDS:119AAAD2       5       0       0       0       0      1D    3039       0       0
  Comptn_2: TXYZ:   1.0000000000068905       U,V,W -0.39139380148429126       -7.4852480466091720E-002 -0.91717391934934511     
  Comptn_2: TXYZ:   1.0000000000407718       U,V,W -0.68517660059660557       0.30897288854953331      -0.65959743797031933     
       1500                  1347                  1347             3.0266353E-01         1.0000000E+30              7486       
 NEXT SEEDS:18C84652       5       0       0       0       0      1D    3039       0       0
  Comptn_2: TXYZ:   1.0000000000014524       U,V,W -0.55514106568949728      -0.31616334800450829      -0.76932381645517900     
       1550                  1297                  1297             2.9730971E-01         1.0000000E+30              7490       
 NEXT SEEDS:1DC291DA       5       0       0       0       0      1D    3039       0       0
       1600                  1247                  1247             2.9401640E-01         1.0000000E+30              7943       
 NEXT SEEDS:24BC27B4       5       0       0       0       0      1D    3039       0       0
  Comptn_2: TXYZ:  0.99999999999782530       U,V,W  0.95635902396080930        3.8765362545476023E-002 -0.28961122898339298     
  Comptn_2: TXYZ:   1.0000000000014768       U,V,W -0.90353841319809725      -0.15655005054189530       0.39888647200960747     
  Comptn_2: TXYZ:  0.99999999999639477       U,V,W -0.70389917286877335       0.70836000106801578        5.2460111684709432E-002
       1650                  1197                  1197             2.9859377E-01         1.0000000E+30              8312       
 NEXT SEEDS:34F469DA       5       0       0       0       0      1D    3039       0       0
  Comptn_2: TXYZ:   1.0000000000012599       U,V,W -0.18168845170276882       0.58245146902623901      -0.79230019105657590     
  Comptn_2: TXYZ:  0.99999999999884825       U,V,W  0.95799033629282437        2.7597340529787573E-002 -0.28546961723464115     
  Comptn_2: TXYZ:   1.0000000000053204       U,V,W  0.30012925114263567      -0.12804325800108707      -0.94526575982331451     
  Comptn_2: TXYZ:   1.0000000000024980       U,V,W  0.20254913687649889      -0.93627864232329117       0.28697761425299007     
  Comptn_2: TXYZ:  0.99999999999656630       U,V,W  0.90553549846978765       0.36933903341574137      -0.20879209612235172     
       1700                  1147                  1147             3.0012946E-01         1.0000000E+30              8420       
 NEXT SEEDS: 634E173       6       0       0       0       0      1D    3039       0       0
  Comptn_2: TXYZ:   1.0000000000012350       U,V,W -0.50005325302876358       0.79011431503891316       0.35449416540639334     
  Comptn_2: TXYZ:  0.99999999999862610       U,V,W -0.16913471507031952      -0.85587386215441086       0.48874674447775135     
  Comptn_2: TXYZ:   1.0000000000186564       U,V,W  0.38061113642210387       -9.0173601429626160E-002 -0.92032813955422554     
       1750                  1097                  1097             3.0346906E-01         1.0000000E+30              8489       
 NEXT SEEDS:154E5D9E       6       0       0       0       0      1D    3039       0       0
  Comptn_2: TXYZ:  0.99999999999844469       U,V,W  0.97520704394839119       -2.6473971501786764E-002 -0.21970514391977236     
  Comptn_2: TXYZ:   1.0000000000010325       U,V,W -0.99808766882363420       -6.1806889425529477E-002   9.5590939758949389E-004
       1800                  1047                  1047             3.0363166E-01         1.0000000E+30              8493       
 NEXT SEEDS:20AF7A2D       6       0       0       0       0      1D    3039       0       0
  Comptn_2: TXYZ:  0.99999999999403522       U,V,W  -2.8116882971815471E-002  0.46043193198980248       0.88724961363199384     
  Comptn_2: TXYZ:   1.0000000000017704       U,V,W -0.56119620441484486      -0.23830967995210983       0.79263315385698130     
       1850                   997                   997             3.0573654E-01         1.0000000E+30              8496       
 NEXT SEEDS:2E87C940       6       0       0       0       0      1D    3039       0       0
  Comptn_2: TXYZ:  0.99999999999849021       U,V,W  0.95293384695492200      -0.13238511451651469      -0.27274762103569827     
  Comptn_2: TXYZ:   1.0000000000011091       U,V,W   8.9016524468434000E-002  0.78120019198398793       0.61790154427453103     
       1900                   947                   947             3.0094315E-01         1.0000000E+30              8505       
 NEXT SEEDS:32FDA925       6       0       0       0       0      1D    3039       0       0
       1950                   897                   897             2.9737492E-01         1.0000000E+30              8625       
 NEXT SEEDS:38D4FC56       6       0       0       0       0      1D    3039       0       0
  Comptn_2: TXYZ:   1.0000000000030216       U,V,W  0.27201634829577870      -0.89010985338507709       0.36566590649067621     
       2000                   847                   847             2.9806164E-01         1.0000000E+30              8643       
 NEXT SEEDS: 9099F27       7       0       0       0       0      1D    3039       0       0
  Comptn_2: TXYZ:   1.0000000000071660       U,V,W  0.55701796279657856       0.82784500871501621        6.6359857404535205E-002
  Comptn_2: TXYZ:   1.0000000000044538       U,V,W -0.54983127475297522       0.81573451883150483       0.17961838462336033     
  Comptn_2: TXYZ:   1.0000000000227187       U,V,W  0.58596860415687502      -0.18545351009152000       0.78882684447215468     
       2050                   797                   797             3.0019275E-01         1.0000000E+30              8649       
 NEXT SEEDS:17155A07       7       0       0       0       0      1D    3039       0       0
       2100                   747                   747             2.9774004E-01         1.0000000E+30              8653       
 NEXT SEEDS:1E498F19       7       0       0       0       0      1D    3039       0       0
  Comptn_2: TXYZ:  0.99999999998893996       U,V,W  0.33506336621839594       0.53825352464639309       0.77331473787396021     
       2150                   697                   697             2.9544450E-01         1.0000000E+30              8655       
 NEXT SEEDS:25848FE6       7       0       0       0       0      1D    3039       0       0
  Comptn_2: TXYZ:   1.0000000000038549       U,V,W -0.20788277876862704      -0.97110637026104740       0.11720566510925323     
       2200                   647                   647             2.9223741E-01         1.0000000E+30              8663       
 NEXT SEEDS:2B11FCFB       7       0       0       0       0      1D    3039       0       0
  Comptn_2: TXYZ:   1.0000000000011353       U,V,W -0.96505969120964163      -0.15933696871147163      -0.20801808288061352     
       2250                   597                   597             2.9109592E-01         1.0000000E+30              8664       
 NEXT SEEDS:33C2B000       7       0       0       0       0      1D    3039       0       0
  Comptn_2: TXYZ:  0.99999999999766143       U,V,W  0.69858533080582674      -0.26572445103278142      -0.66435611813537321     
       2300                   547                   547             2.8882940E-01         1.0000000E+30              8669       
 NEXT SEEDS:3A884ACE       7       0       0       0       0      1D    3039       0       0
  Comptn_2: TXYZ:  0.99999999999891753       U,V,W  0.79395157366794855       0.46472716184697305      -0.39200709650561549     
  Comptn_2: TXYZ:   1.0000000000016414       U,V,W -0.19280063919126533      -0.44724094454449670       0.87338619811171014     
  Comptn_2: TXYZ:   1.0000000000968465       U,V,W   9.3275701353263685E-002 -0.52019802336626841      -0.84893678216916157     
  Comptn_2: TXYZ:   1.0000000000013212       U,V,W -0.38716419430322446      -0.62019246525874583       0.68225009541013293     
       2350                   497                   497             2.8995242E-01         1.0000000E+30              8672       
 NEXT SEEDS: B51A256       8       0       0       0       0      1D    3039       0       0
  Comptn_2: TXYZ:  0.99999999999849443       U,V,W  0.66847265987341231       0.31122040444019206      -0.67548957272510357     
  Comptn_2: TXYZ:   1.0000000000037748       U,V,W -0.92686976582903569      -0.12051532799389975       0.35551159322070802     
  Comptn_2: TXYZ:   1.0000000000071596       U,V,W -0.71245257042946264       0.62587049484960744      -0.31732862866800815     
       2400                   447                   447             2.9222427E-01         1.0000000E+30              9635       
 NEXT SEEDS:1A2B032A       8       0       0       0       0      1D    3039       0       0
  Comptn_2: TXYZ:   1.0000000000087443       U,V,W -0.81120309956500591       0.22593701863544879       0.53935331173081380     
       2450                   397                   397             2.9268667E-01         1.0000000E+30              9640       
 NEXT SEEDS:2587C2FE       8       0       0       0       0      1D    3039       0       0
  Comptn_2: TXYZ:   1.0000000000019371       U,V,W -0.67001741186991648      -0.17153205319853271      -0.72225578745938179     
  Comptn_2: TXYZ:  0.99999999999727018       U,V,W  0.21602741394383429       0.73924624506024372      -0.63784570672407881     
  Comptn_2: TXYZ:   1.0000000000020057       U,V,W -0.17288810539076138       0.98090237312491979       -8.9108009821224243E-002
       2500                   347                   347             2.9368164E-01         1.0000000E+30              9654       
 NEXT SEEDS:31D36B0B       8       0       0       0       0      1D    3039       0       0
  Comptn_2: TXYZ:  0.99999999999678646       U,V,W -0.51221554716116202      -0.34339779770259327       0.78721863911888335     
  Comptn_2: TXYZ:  0.99999999999866207       U,V,W   2.3288240750588329E-002 -0.48836340267286715       0.87232955055482542     
       2550                   297                   297             2.9385464E-01         1.0000000E+30              9724       
 NEXT SEEDS: 12C59DC       9       0       0       0       0      1D    3039       0       0
  Comptn_2: TXYZ:  0.99999999999824807       U,V,W  0.40775570742795253       -1.8413983726830452E-002 -0.91290536654216581     
       2600                   247                   247             2.9183291E-01         1.0000000E+30              9799       
 NEXT SEEDS: 7EE36B9       9       0       0       0       0      1D    3039       0       0
       2650                   197                   197             2.9562845E-01         1.0000000E+30              9805       
 NEXT SEEDS:1951AE40       9       0       0       0       0      1D    3039       0       0
  Comptn_2: TXYZ:   1.0000000000041194       U,V,W -0.24238752822748921       0.45717781331310903       0.85570832248969708     
       2700                   147                   147             2.9463618E-01         1.0000000E+30              9809       
 NEXT SEEDS:222D1E97       9       0       0       0       0      1D    3039       0       0
       2750                    97                    97             2.9179448E-01         1.0000000E+30              9819       
 NEXT SEEDS:27312A4C       9       0       0       0       0      1D    3039       0       0
       2797                    50                    50             2.8913756E-01         1.0000000E+30              9824       
 NEXT SEEDS:2BB08D0B       9       0       0       0       0      1D    3039       0       0
       2798                    49                    49             2.8917757E-01         1.0000000E+30              9824       
 NEXT SEEDS:2BFA8CE2       9       0       0       0       0      1D    3039       0       0
       2799                    48                    48             2.8911858E-01         1.0000000E+30              9824       
 NEXT SEEDS:2C10BCC7       9       0       0       0       0      1D    3039       0       0
       2800                    47                    47             2.8901537E-01         1.0000000E+30              9824       
 NEXT SEEDS:2C10BCCB       9       0       0       0       0      1D    3039       0       0
       2801                    46                    46             2.8891223E-01         1.0000000E+30              9824       
 NEXT SEEDS:2C10BCCF       9       0       0       0       0      1D    3039       0       0
       2802                    45                    45             2.8892405E-01         1.0000000E+30              9824       
 NEXT SEEDS:2C4BED6F       9       0       0       0       0      1D    3039       0       0
       2803                    44                    44             2.8882101E-01         1.0000000E+30              9824       
 NEXT SEEDS:2C4BED73       9       0       0       0       0      1D    3039       0       0
       2804                    43                    43             2.8874529E-01         1.0000000E+30              9824       
 NEXT SEEDS:2C5A28F5       9       0       0       0       0      1D    3039       0       0
       2805                    42                    42             2.8868702E-01         1.0000000E+30              9825       
 NEXT SEEDS:2C7111D9       9       0       0       0       0      1D    3039       0       0
       2806                    41                    41             2.8859466E-01         1.0000000E+30              9825       
 NEXT SEEDS:2C76E85D       9       0       0       0       0      1D    3039       0       0
       2807                    40                    40             2.8852242E-01         1.0000000E+30              9825       
 NEXT SEEDS:2C8728F3       9       0       0       0       0      1D    3039       0       0
       2808                    39                    39             2.8845310E-01         1.0000000E+30              9825       
 NEXT SEEDS:2C99CF83       9       0       0       0       0      1D    3039       0       0
       2809                    38                    38             2.8835046E-01         1.0000000E+30              9825       
 NEXT SEEDS:2C99CF87       9       0       0       0       0      1D    3039       0       0
       2810                    37                    37             2.8832997E-01         1.0000000E+30              9825       
 NEXT SEEDS:2CC5108C       9       0       0       0       0      1D    3039       0       0
       2811                    36                    36             2.8833027E-01         1.0000000E+30              9825       
 NEXT SEEDS:2CF6A5C3       9       0       0       0       0      1D    3039       0       0
  Comptn_2: TXYZ:   1.0000000000014135       U,V,W -0.67034596193694918      -0.18522095934119420      -0.71856070553361562     
       2812                    35                    35             2.9073955E-01         1.0000000E+30              9825       
 NEXT SEEDS:325AB467       9       0       0       0       0      1D    3039       0       0
       2813                    34                    34             2.9079446E-01         1.0000000E+30              9825       
 NEXT SEEDS:32AB4704       9       0       0       0       0      1D    3039       0       0
       2814                    33                    33             2.9069117E-01         1.0000000E+30              9825       
 NEXT SEEDS:32AB4708       9       0       0       0       0      1D    3039       0       0
       2815                    32                    32             2.9058794E-01         1.0000000E+30              9825       
 NEXT SEEDS:32AB470C       9       0       0       0       0      1D    3039       0       0
       2816                    31                    31             2.9048477E-01         1.0000000E+30              9825       
 NEXT SEEDS:32AB4710       9       0       0       0       0      1D    3039       0       0
       2817                    30                    30             2.9038170E-01         1.0000000E+30              9825       
 NEXT SEEDS:32AB4714       9       0       0       0       0      1D    3039       0       0
       2818                    29                    29             2.9027867E-01         1.0000000E+30              9825       
 NEXT SEEDS:32AB4718       9       0       0       0       0      1D    3039       0       0
       2819                    28                    28             2.9032443E-01         1.0000000E+30              9825       
 NEXT SEEDS:32F9976C       9       0       0       0       0      1D    3039       0       0
       2820                    27                    27             2.9032664E-01         1.0000000E+30              9825       
 NEXT SEEDS:33307600       9       0       0       0       0      1D    3039       0       0
       2821                    26                    26             2.9025388E-01         1.0000000E+30              9825       
 NEXT SEEDS:33402E0C       9       0       0       0       0      1D    3039       0       0
       2822                    25                    25             2.9015107E-01         1.0000000E+30              9825       
 NEXT SEEDS:33402E10       9       0       0       0       0      1D    3039       0       0
       2823                    24                    24             2.9004834E-01         1.0000000E+30              9825       
 NEXT SEEDS:33402E14       9       0       0       0       0      1D    3039       0       0
       2824                    23                    23             2.9007820E-01         1.0000000E+30              9825       
 NEXT SEEDS:3389A386       9       0       0       0       0      1D    3039       0       0
       2825                    22                    22             2.9002089E-01         1.0000000E+30              9825       
 NEXT SEEDS:33A14B0F       9       0       0       0       0      1D    3039       0       0
       2826                    21                    21             2.9002258E-01         1.0000000E+30              9825       
 NEXT SEEDS:33D85E92       9       0       0       0       0      1D    3039       0       0
       2827                    20                    20             2.8992003E-01         1.0000000E+30              9825       
 NEXT SEEDS:33D85E96       9       0       0       0       0      1D    3039       0       0
       2828                    19                    19             2.8982699E-01         1.0000000E+30              9825       
 NEXT SEEDS:33DDB332       9       0       0       0       0      1D    3039       0       0
       2829                    18                    18             2.8972459E-01         1.0000000E+30              9825       
 NEXT SEEDS:33DDB336       9       0       0       0       0      1D    3039       0       0
       2830                    17                    17             2.8968029E-01         1.0000000E+30              9826       
 NEXT SEEDS:33FE3FD5       9       0       0       0       0      1D    3039       0       0
       2831                    16                    16             2.8957801E-01         1.0000000E+30              9826       
 NEXT SEEDS:33FE3FD9       9       0       0       0       0      1D    3039       0       0
       2832                    15                    15             2.8947578E-01         1.0000000E+30              9826       
 NEXT SEEDS:33FE3FDD       9       0       0       0       0      1D    3039       0       0
       2833                    14                    14             2.8937364E-01         1.0000000E+30              9826       
 NEXT SEEDS:33FE3FE1       9       0       0       0       0      1D    3039       0       0
       2834                    13                    13             2.8927158E-01         1.0000000E+30              9826       
 NEXT SEEDS:33FE3FE5       9       0       0       0       0      1D    3039       0       0
       2835                    12                    12             2.8916956E-01         1.0000000E+30              9826       
 NEXT SEEDS:33FE3FE9       9       0       0       0       0      1D    3039       0       0
       2836                    11                    11             2.8906764E-01         1.0000000E+30              9826       
 NEXT SEEDS:33FE3FED       9       0       0       0       0      1D    3039       0       0
       2837                    10                    10             2.8896579E-01         1.0000000E+30              9826       
 NEXT SEEDS:33FE3FF1       9       0       0       0       0      1D    3039       0       0
       2838                     9                     9             2.8886399E-01         1.0000000E+30              9826       
 NEXT SEEDS:33FE3FF5       9       0       0       0       0      1D    3039       0       0
       2839                     8                     8             2.8879742E-01         1.0000000E+30              9826       
 NEXT SEEDS:3411C45D       9       0       0       0       0      1D    3039       0       0
       2840                     7                     7             2.8880824E-01         1.0000000E+30              9826       
 NEXT SEEDS:344DD9A3       9       0       0       0       0      1D    3039       0       0
       2841                     6                     6             2.8888519E-01         1.0000000E+30              9826       
 NEXT SEEDS:34B2365C       9       0       0       0       0      1D    3039       0       0
       2842                     5                     5             2.8878357E-01         1.0000000E+30              9826       
 NEXT SEEDS:34B23660       9       0       0       0       0      1D    3039       0       0
       2843                     4                     4             2.8881052E-01         1.0000000E+30              9826       
 NEXT SEEDS:34F7493D       9       0       0       0       0      1D    3039       0       0
       2844                     3                     3             2.8874882E-01         1.0000000E+30              9826       
 NEXT SEEDS:350C5471       9       0       0       0       0      1D    3039       0       0
       2845                     2                     2             2.8872860E-01         1.0000000E+30              9826       
 NEXT SEEDS:3535C8F4       9       0       0       0       0      1D    3039       0       0
       2846                     1                     1             2.8862719E-01         1.0000000E+30              9826       
 NEXT SEEDS:3535C8F8       9       0       0       0       0      1D    3039       0       0
       2847                     0                     1             2.8859012E-01         1.0000000E+30              9826       
 NEXT SEEDS:35581801       9       0       0       0       0      1D    3039       0       0
