1NUMBER OF BEAM       NUMBER OF BEAM        APPROXIMATE NUMBER    AVERAGE TIME USED     TIME LEFT (RESERVED   NUMBER OF STARS
 PARTICLES HANDLED    PARTICLES LEFT        OF BEAM PARTICLES     BY A BEAM PARTICLE     10000.0 SECONDS      CREATED
                                            THAT CAN STILL BE                           FOR PRINTOUT)
                                            HANDLED

 NEXT SEEDS:27EB6641       A       0       0       0       0       B    3039       0       0
          1                  2152                  2152             9.8842144E-02         1.0000000E+30                 0       
 NEXT SEEDS:27FCC300       A       0       0       0       0       B    3039       0       0
         40                  2113                  2113             1.3874123E-01         1.0000000E+30                 3       
 NEXT SEEDS:2BCCB9C6       A       0       0       0       0       B    3039       0       0
         80                  2073                  2073             9.9789691E-02         1.0000000E+30                 3       
 NEXT SEEDS:2D830562       A       0       0       0       0       B    3039       0       0
        120                  2033                  2033             8.9295411E-02         1.0000000E+30                 3       
 NEXT SEEDS:2F6A9DC1       A       0       0       0       0       B    3039       0       0
        160                  1993                  1993             9.2400980E-02         1.0000000E+30                 3       
 NEXT SEEDS:3231EDEF       A       0       0       0       0       B    3039       0       0
  Comptn_2: TXYZ:  0.99999999988367294       U,V,W -0.47948108063276607      -0.55803036447485965      -0.67727395160522974     
        200                  1953                  1953             1.1161602E-01         1.0000000E+30                 8       
 NEXT SEEDS:378359B8       A       0       0       0       0       B    3039       0       0
        240                  1913                  1913             9.9965668E-02         1.0000000E+30                11       
 NEXT SEEDS:38ABC3EF       A       0       0       0       0       B    3039       0       0
  Comptn_2: TXYZ:  0.99999999999833178       U,V,W  0.47537968039807499       0.79830086685060309       0.36977004401185809     
        280                  1873                  1873             9.5675005E-02         1.0000000E+30                19       
 NEXT SEEDS:3AA2EFEF       A       0       0       0       0       B    3039       0       0
        320                  1833                  1833             9.1427404E-02         1.0000000E+30                21       
 NEXT SEEDS:  C51EDF       B       0       0       0       0       B    3039       0       0
  *** Kaon: P_min > 1.5 GeV/c:           15   2.0297276428154793     
  *** Kaon: P_min > 1.5 GeV/c:           15   1.8782358227839637     
  *** Kaon: P_min > 1.5 GeV/c:           15   2.0244544955859420     
  *** Kaon: P_min > 1.5 GeV/c:           15   1.8452330175325433     
  *** Kaon: P_min > 1.5 GeV/c:           15   4.9977158205645162     
        360                  1793                  1793             9.1737440E-02         1.0000000E+30               111       
 NEXT SEEDS: 3708DA3       B       0       0       0       0       B    3039       0       0
  Comptn_2: TXYZ:  0.99999999999887290       U,V,W -0.76623141610213708        4.2955541335050640E-002 -0.64112731843651716     
  *** Kaon: P_min > 1.5 GeV/c:           15   101.17842541847016     
  *** Kaon: P_min > 1.5 GeV/c:           15   115.45589721341989     
  *** Kaon: P_min > 1.5 GeV/c:           24   2.0607477774782059     
  *** Kaon: P_min > 1.5 GeV/c:           24   1.7936262325754015     
  *** Kaon: P_min > 1.5 GeV/c:           24   1.8166828178236361     
  *** Kbar: P_min > 1.8 GeV/c:           16   2.3505975282518139     
  *** Kaon: P_min > 1.5 GeV/c:           24   2.0607431394585762     
  *** Kaon: P_min > 1.5 GeV/c:           24   2.0354078532169551     
  *** Kaon: P_min > 1.5 GeV/c:           24   2.0761537058251638     
  *** Kaon: P_min > 1.5 GeV/c:           24   1.8701082699923333     
  *** Kaon: P_min > 1.5 GeV/c:           24   1.7849431933455298     
  *** Kaon: P_min > 1.5 GeV/c:           24   1.8747523748094606     
  *** Kaon: P_min > 1.5 GeV/c:           24   1.8366334317608948     
  *** Kbar: P_min > 1.8 GeV/c:           16   150.94233141302314     
  *** Kbar: P_min > 1.8 GeV/c:           16   129.60935575640343     
        400                  1753                  1753             8.6353197E-02         1.0000000E+30               467       
 NEXT SEEDS: 482A311       B       0       0       0       0       B    3039       0       0
  Comptn_2: TXYZ:   1.0000000000093716       U,V,W -0.77022424457514882      -0.63329320339433082       -7.5460795202275222E-002
  Comptn_2: TXYZ:   1.0000000000016596       U,V,W  0.10821602122416607       0.97896532402990566       0.17296296453024951     
  Comptn_2: TXYZ:   1.0000000000011138       U,V,W  0.95031126809170807       0.11843300073851992       0.28789254605688086     
        440                  1713                  1713             1.1243195E-01         1.0000000E+30               468       
 NEXT SEEDS: F70A91D       B       0       0       0       0       B    3039       0       0
  Comptn_2: TXYZ:  0.99999999999203271       U,V,W  0.33516775585565028      -0.82484549293344855      -0.45529384820585506     
        480                  1673                  1673             1.0808342E-01         1.0000000E+30               486       
 NEXT SEEDS:112155EE       B       0       0       0       0       B    3039       0       0
  Comptn_2: TXYZ:   1.0000000000029752       U,V,W   9.5847060869971301E-002  0.87293469732589202      -0.47832871033434365     
  Comptn_2: TXYZ:   1.0000000000018370       U,V,W   5.6937773295509642E-002 -0.77468429304939690       0.62977959325191080     
        520                  1633                  1633             1.1137186E-01         1.0000000E+30               593       
 NEXT SEEDS:1565A01D       B       0       0       0       0       B    3039       0       0
        560                  1593                  1593             1.0770420E-01         1.0000000E+30               594       
 NEXT SEEDS:1711392E       B       0       0       0       0       B    3039       0       0
  Comptn_2: TXYZ:   1.0000000000019607       U,V,W -0.61994179842575647       0.42592266285596381      -0.65898562338816191     
        600                  1553                  1553             1.0483006E-01         1.0000000E+30               595       
 NEXT SEEDS:18DCD71D       B       0       0       0       0       B    3039       0       0
  Comptn_2: TXYZ:  0.99999999998017386       U,V,W  0.31220633760415240       0.32398440542471008       0.89306288008268098     
        640                  1513                  1513             1.0391861E-01         1.0000000E+30               613       
 NEXT SEEDS:1B67E838       B       0       0       0       0       B    3039       0       0
        680                  1473                  1473             1.0946972E-01         1.0000000E+30               614       
 NEXT SEEDS:207C77C9       B       0       0       0       0       B    3039       0       0
  Comptn_2: TXYZ:   1.0000000000011653       U,V,W  0.36957740268083938       -7.0375770635752857E-002  0.92653105416724912     
        720                  1433                  1433             1.0997326E-01         1.0000000E+30               895       
 NEXT SEEDS:23DA22A4       B       0       0       0       0       B    3039       0       0
  Comptn_2: TXYZ:   1.0000000000056157       U,V,W -0.12482979481512757       0.99199360872796749        1.9136420116964814E-002
        760                  1393                  1393             1.0712689E-01         1.0000000E+30               923       
 NEXT SEEDS:256E49C6       B       0       0       0       0       B    3039       0       0
  Comptn_2: TXYZ:  0.99999999999898881       U,V,W  0.23529746765015602      -0.28867272898828844       0.92806419888651392     
        800                  1353                  1353             1.0510131E-01         1.0000000E+30              1076       
 NEXT SEEDS:2750B228       B       0       0       0       0       B    3039       0       0
        840                  1313                  1313             1.0297713E-01         1.0000000E+30              1079       
 NEXT SEEDS:2903F662       B       0       0       0       0       B    3039       0       0
        880                  1273                  1273             1.0085594E-01         1.0000000E+30              1091       
 NEXT SEEDS:2A9D94C0       B       0       0       0       0       B    3039       0       0
  Comptn_2: TXYZ:  0.99999999999760014       U,V,W  0.29258181177665676       0.95620388602687356       -8.3673031614068805E-003
        920                  1233                  1233             1.0026299E-01         1.0000000E+30              1464       
 NEXT SEEDS:2D0B8F3E       B       0       0       0       0       B    3039       0       0
        960                  1193                  1193             9.8287793E-02         1.0000000E+30              1466       
 NEXT SEEDS:2E88CF3A       B       0       0       0       0       B    3039       0       0
       1000                  1153                  1153             9.6443615E-02         1.0000000E+30              1468       
 NEXT SEEDS:2FFBE922       B       0       0       0       0       B    3039       0       0
       1040                  1113                  1113             9.5977545E-02         1.0000000E+30              1471       
 NEXT SEEDS:326D6CCD       B       0       0       0       0       B    3039       0       0
  Comptn_2: TXYZ:  0.99999999999633893       U,V,W -0.10496420650929339        2.8451760992624031E-002  0.99406891745222170     
       1080                  1073                  1073             9.9062372E-02         1.0000000E+30              1477       
 NEXT SEEDS:375E656B       B       0       0       0       0       B    3039       0       0
  Comptn_2: TXYZ:   1.0000000000036320       U,V,W  0.89799450593796770      -0.21772660593991588       0.38236238357707464     
  Comptn_2: TXYZ:   1.0000000000017164       U,V,W -0.86492017572701485       0.10042771210136436       0.49175945772720198     
  Comptn_2: TXYZ:  0.99999999999710476       U,V,W -0.43345137454091542       0.88972107380191368       0.14323517982138867     
  Comptn_2: TXYZ:  0.99999999998351208       U,V,W  0.37445691751712218      -0.92645323371463206       -3.8293898297098394E-002
  Comptn_2: TXYZ:  0.99999999999875566       U,V,W  0.39768553192126888       0.64204067059932513      -0.65546166554240370     
  Comptn_2: TXYZ:  0.99999999999862410       U,V,W  0.43362514694396737      -0.86548982499943605      -0.25079193519507825     
       1120                  1033                  1033             1.0739684E-01         1.0000000E+30              1481       
 NEXT SEEDS: 513BC35       C       0       0       0       0       B    3039       0       0
  Comptn_2: TXYZ:   1.0000000000017990       U,V,W -0.63192268865100587       0.52241337425299150       0.57250151263685467     
       1160                   993                   993             1.0543633E-01         1.0000000E+30              1482       
 NEXT SEEDS: 67E8CAC       C       0       0       0       0       B    3039       0       0
       1200                   953                   953             1.0353934E-01         1.0000000E+30              1528       
 NEXT SEEDS: 7E17FE0       C       0       0       0       0       B    3039       0       0
  Comptn_2: TXYZ:   1.0000000000017881       U,V,W   3.7109217150260387E-002  0.26698743122641133      -0.96298526342379986     
       1240                   913                   913             1.1649493E-01         1.0000000E+30              2302       
 NEXT SEEDS:1566BB28       C       0       0       0       0       B    3039       0       0
  Comptn_2: TXYZ:   1.0000000000024671       U,V,W   5.4023146510271403E-002 -0.51334606584907760      -0.85647960648276467     
       1280                   873                   873             1.1370398E-01         1.0000000E+30              2303       
 NEXT SEEDS:1625F475       C       0       0       0       0       B    3039       0       0
  Comptn_2: TXYZ:  0.99999999999656719       U,V,W  -8.9394775849100938E-002 -0.99584225796979986        1.7514887640714960E-002
       1320                   833                   833             1.1950889E-01         1.0000000E+30              2305       
 NEXT SEEDS:1EF8F0E4       C       0       0       0       0       B    3039       0       0
  Comptn_2: TXYZ:  0.99999999999883538       U,V,W -0.60138296487106402       0.78705623406564484       0.13740820201184789     
  Comptn_2: TXYZ:  0.99999999998578415       U,V,W -0.93744498014848432      -0.34532950176716781       -4.4095854560623593E-002
       1360                   793                   793             1.2330036E-01         1.0000000E+30              2314       
 NEXT SEEDS:260338F5       C       0       0       0       0       B    3039       0       0
  Comptn_2: TXYZ:  0.99999999999676681       U,V,W -0.79140132745446579      -0.16433189209091381      -0.58879450417093437     
       1400                   753                   753             1.2386397E-01         1.0000000E+30              2317       
 NEXT SEEDS:2A0F52CE       C       0       0       0       0       B    3039       0       0
  Comptn_2: TXYZ:   1.0000000000010822       U,V,W -0.48840793977157659      -0.81400633933322553      -0.31440636745220019     
  Comptn_2: TXYZ:   1.0000000000048150       U,V,W -0.65811777723115483      -0.63720082722756644       0.40106869371423670     
       1440                   713                   713             1.2661071E-01         1.0000000E+30              2319       
 NEXT SEEDS:308C65C0       C       0       0       0       0       B    3039       0       0
       1480                   673                   673             1.2637568E-01         1.0000000E+30              2920       
 NEXT SEEDS:33EE3535       C       0       0       0       0       B    3039       0       0
       1520                   633                   633             1.2972586E-01         1.0000000E+30              2920       
 NEXT SEEDS:3B00DC6F       C       0       0       0       0       B    3039       0       0
       1560                   593                   593             1.2793661E-01         1.0000000E+30              2967       
 NEXT SEEDS: 113D56F       D       0       0       0       0       B    3039       0       0
  Comptn_2: TXYZ:   1.0000000000059157       U,V,W  0.70945722947068646       0.34137194302986984      -0.61655140586142920     
  Comptn_2: TXYZ:  0.99999999999880473       U,V,W  -6.4626981782822668E-003  0.62542845024357163       0.78025475785603859     
  Comptn_2: TXYZ:  0.99999999999808897       U,V,W  0.81996616931968447      -0.49758841041168012       0.28295097630732613     
       1600                   553                   553             1.2669495E-01         1.0000000E+30              2982       
 NEXT SEEDS: 34E5BD7       D       0       0       0       0       B    3039       0       0
  Comptn_2: TXYZ:  0.99999999999824296       U,V,W -0.71927207203605192       0.58300890287372908       0.37782046736138852     
       1640                   513                   513             1.2607951E-01         1.0000000E+30              3015       
 NEXT SEEDS: 63EC264       D       0       0       0       0       B    3039       0       0
  Comptn_2: TXYZ:   1.0000000000021840       U,V,W   7.5945684143540859E-002  0.91558425010988387      -0.39488952127509691     
  Comptn_2: TXYZ:  0.99999999999888756       U,V,W  0.21499367539566094       0.63351381954754471       0.74326170356142640     
  Comptn_2: TXYZ:   1.0000000000015201       U,V,W  0.88161473577500971      -0.46943212853512506       -4.8876726208511911E-002
       1680                   473                   473             1.2476796E-01         1.0000000E+30              3020       
 NEXT SEEDS: 840DD58       D       0       0       0       0       B    3039       0       0
       1720                   433                   433             1.2425018E-01         1.0000000E+30              3021       
 NEXT SEEDS: B3EBFAF       D       0       0       0       0       B    3039       0       0
       1760                   393                   393             1.2460262E-01         1.0000000E+30              3046       
 NEXT SEEDS: F36D12E       D       0       0       0       0       B    3039       0       0
       1800                   353                   353             1.2388698E-01         1.0000000E+30              3288       
 NEXT SEEDS:11D79AD6       D       0       0       0       0       B    3039       0       0
       1840                   313                   313             1.2247498E-01         1.0000000E+30              3291       
 NEXT SEEDS:137D3F8C       D       0       0       0       0       B    3039       0       0
       1880                   273                   273             1.2094318E-01         1.0000000E+30              3293       
 NEXT SEEDS:14E39F94       D       0       0       0       0       B    3039       0       0
       1920                   233                   233             1.1948448E-01         1.0000000E+30              3301       
 NEXT SEEDS:164BDD70       D       0       0       0       0       B    3039       0       0
  Comptn_2: TXYZ:   1.0000000000013161       U,V,W -0.51910625990382187      -0.73433728729537506       0.43735276313023519     
       1960                   193                   193             1.1819414E-01         1.0000000E+30              3303       
 NEXT SEEDS:17DCFFED       D       0       0       0       0       B    3039       0       0
  Comptn_2: TXYZ:   1.0000000000033704       U,V,W -0.37687387902704472      -0.90431612961335972      -0.20044554630021594     
  Comptn_2: TXYZ:  0.99999999999873057       U,V,W  0.65445634216487747       0.50593321216747000      -0.56188831721686938     
       2000                   153                   153             1.1704214E-01         1.0000000E+30              3309       
 NEXT SEEDS:199303DE       D       0       0       0       0       B    3039       0       0
  Comptn_2: TXYZ:   1.0000000003279237       U,V,W  0.82708601772344537      -0.56167792630822078       -2.1133544719077690E-002
  Comptn_2: TXYZ:  0.99999999999891021       U,V,W  0.80455082750566653      -0.33813687331108966      -0.48822271645864390     
       2040                   113                   113             1.1596469E-01         1.0000000E+30              3317       
 NEXT SEEDS:1B59C112       D       0       0       0       0       B    3039       0       0
       2080                    73                    73             1.1414775E-01         1.0000000E+30              3321       
 NEXT SEEDS:1BEF8B8F       D       0       0       0       0       B    3039       0       0
       2103                    50                    50             1.1418084E-01         1.0000000E+30              3321       
 NEXT SEEDS:1DCF38F6       D       0       0       0       0       B    3039       0       0
       2104                    49                    49             1.1428619E-01         1.0000000E+30              3321       
 NEXT SEEDS:1E0B1A6C       D       0       0       0       0       B    3039       0       0
       2105                    48                    48             1.1423258E-01         1.0000000E+30              3321       
 NEXT SEEDS:1E0B47CE       D       0       0       0       0       B    3039       0       0
       2106                    47                    47             1.1417861E-01         1.0000000E+30              3321       
 NEXT SEEDS:1E0B5943       D       0       0       0       0       B    3039       0       0
       2107                    46                    46             1.1412447E-01         1.0000000E+30              3321       
 NEXT SEEDS:1E0B5947       D       0       0       0       0       B    3039       0       0
       2108                    45                    45             1.1407644E-01         1.0000000E+30              3321       
 NEXT SEEDS:1E0D6B8F       D       0       0       0       0       B    3039       0       0
       2109                    44                    44             1.1406928E-01         1.0000000E+30              3323       
 NEXT SEEDS:1E1FC1A6       D       0       0       0       0       B    3039       0       0
       2110                    43                    43             1.1401528E-01         1.0000000E+30              3323       
 NEXT SEEDS:1E1FC1AA       D       0       0       0       0       B    3039       0       0
       2111                    42                    42             1.1398174E-01         1.0000000E+30              3323       
 NEXT SEEDS:1E27B9E8       D       0       0       0       0       B    3039       0       0
       2112                    41                    41             1.1392783E-01         1.0000000E+30              3323       
 NEXT SEEDS:1E27B9EC       D       0       0       0       0       B    3039       0       0
       2113                    40                    40             1.1409064E-01         1.0000000E+30              3323       
 NEXT SEEDS:1E7E4FDD       D       0       0       0       0       B    3039       0       0
       2114                    39                    39             1.1403700E-01         1.0000000E+30              3323       
 NEXT SEEDS:1E7E63EF       D       0       0       0       0       B    3039       0       0
       2115                    38                    38             1.1398530E-01         1.0000000E+30              3323       
 NEXT SEEDS:1E7F29B7       D       0       0       0       0       B    3039       0       0
       2116                    37                    37             1.1397790E-01         1.0000000E+30              3324       
 NEXT SEEDS:1E91136D       D       0       0       0       0       B    3039       0       0
       2117                    36                    36             1.1397069E-01         1.0000000E+30              3324       
 NEXT SEEDS:1EA3934A       D       0       0       0       0       B    3039       0       0
       2118                    35                    35             1.1393483E-01         1.0000000E+30              3324       
 NEXT SEEDS:1EAA8CC2       D       0       0       0       0       B    3039       0       0
       2119                    34                    34             1.1393427E-01         1.0000000E+30              3324       
 NEXT SEEDS:1EBF1280       D       0       0       0       0       B    3039       0       0
       2120                    33                    33             1.1400644E-01         1.0000000E+30              3324       
 NEXT SEEDS:1EF161EB       D       0       0       0       0       B    3039       0       0
       2121                    32                    32             1.1397367E-01         1.0000000E+30              3324       
 NEXT SEEDS:1EF95585       D       0       0       0       0       B    3039       0       0
       2122                    31                    31             1.1392002E-01         1.0000000E+30              3324       
 NEXT SEEDS:1EF95589       D       0       0       0       0       B    3039       0       0
       2123                    30                    30             1.1387613E-01         1.0000000E+30              3324       
 NEXT SEEDS:1EFC9F6A       D       0       0       0       0       B    3039       0       0
       2124                    29                    29             1.1396536E-01         1.0000000E+30              3324       
 NEXT SEEDS:1F32061F       D       0       0       0       0       B    3039       0       0
       2125                    28                    28             1.1393178E-01         1.0000000E+30              3324       
 NEXT SEEDS:1F39C4A6       D       0       0       0       0       B    3039       0       0
       2126                    27                    27             1.1395581E-01         1.0000000E+30              3324       
 NEXT SEEDS:1F561BD5       D       0       0       0       0       B    3039       0       0
       2127                    26                    26             1.1390260E-01         1.0000000E+30              3324       
 NEXT SEEDS:1F563552       D       0       0       0       0       B    3039       0       0
       2128                    25                    25             1.1384977E-01         1.0000000E+30              3324       
 NEXT SEEDS:1F56670C       D       0       0       0       0       B    3039       0       0
       2129                    24                    24             1.1379668E-01         1.0000000E+30              3324       
 NEXT SEEDS:1F568304       D       0       0       0       0       B    3039       0       0
       2130                    23                    23             1.1374355E-01         1.0000000E+30              3324       
 NEXT SEEDS:1F5697C5       D       0       0       0       0       B    3039       0       0
       2131                    22                    22             1.1370580E-01         1.0000000E+30              3324       
 NEXT SEEDS:1F5C332C       D       0       0       0       0       B    3039       0       0
       2132                    21                    21             1.1368770E-01         1.0000000E+30              3325       
 NEXT SEEDS:1F69649C       D       0       0       0       0       B    3039       0       0
       2133                    20                    20             1.1380653E-01         1.0000000E+30              3325       
 NEXT SEEDS:1FAA2A30       D       0       0       0       0       B    3039       0       0
       2134                    19                    19             1.1375391E-01         1.0000000E+30              3325       
 NEXT SEEDS:1FAA5CF4       D       0       0       0       0       B    3039       0       0
       2135                    18                    18             1.1376508E-01         1.0000000E+30              3325       
 NEXT SEEDS:1FC2736F       D       0       0       0       0       B    3039       0       0
       2136                    17                    17             1.1389726E-01         1.0000000E+30              3325       
 NEXT SEEDS:200A5636       D       0       0       0       0       B    3039       0       0
       2137                    16                    16             1.1384475E-01         1.0000000E+30              3325       
 NEXT SEEDS:200A8BCF       D       0       0       0       0       B    3039       0       0
       2138                    15                    15             1.1379155E-01         1.0000000E+30              3325       
 NEXT SEEDS:200A8BD3       D       0       0       0       0       B    3039       0       0
       2139                    14                    14             1.1379595E-01         1.0000000E+30              3328       
 NEXT SEEDS:2021DDBE       D       0       0       0       0       B    3039       0       0
       2140                    13                    13             1.1374365E-01         1.0000000E+30              3328       
 NEXT SEEDS:20222130       D       0       0       0       0       B    3039       0       0
       2141                    12                    12             1.1369058E-01         1.0000000E+30              3328       
 NEXT SEEDS:20222134       D       0       0       0       0       B    3039       0       0
       2142                    11                    11             1.1366005E-01         1.0000000E+30              3328       
 NEXT SEEDS:202B23D6       D       0       0       0       0       B    3039       0       0
       2143                    10                    10             1.1360707E-01         1.0000000E+30              3328       
 NEXT SEEDS:202B23DA       D       0       0       0       0       B    3039       0       0
       2144                     9                     9             1.1357438E-01         1.0000000E+30              3328       
 NEXT SEEDS:20321AF7       D       0       0       0       0       B    3039       0       0
       2145                     8                     8             1.1352673E-01         1.0000000E+30              3328       
 NEXT SEEDS:2033C84E       D       0       0       0       0       B    3039       0       0
       2146                     7                     7             1.1353010E-01         1.0000000E+30              3328       
 NEXT SEEDS:204A2DFB       D       0       0       0       0       B    3039       0       0
       2147                     6                     6             1.1347749E-01         1.0000000E+30              3328       
 NEXT SEEDS:204A3FE6       D       0       0       0       0       B    3039       0       0
       2148                     5                     5             1.1342471E-01         1.0000000E+30              3328       
 NEXT SEEDS:204A3FEA       D       0       0       0       0       B    3039       0       0
       2149                     4                     4             1.1337677E-01         1.0000000E+30              3328       
 NEXT SEEDS:204BF8CB       D       0       0       0       0       B    3039       0       0
       2150                     3                     3             1.1332409E-01         1.0000000E+30              3328       
 NEXT SEEDS:204BF8CF       D       0       0       0       0       B    3039       0       0
       2151                     2                     2             1.1327191E-01         1.0000000E+30              3328       
 NEXT SEEDS:204C1DB3       D       0       0       0       0       B    3039       0       0
       2152                     1                     1             1.1321933E-01         1.0000000E+30              3328       
 NEXT SEEDS:204C1DB7       D       0       0       0       0       B    3039       0       0
       2153                     0                     1             1.1330766E-01         1.0000000E+30              3333       
 NEXT SEEDS:20847CC5       D       0       0       0       0       B    3039       0       0
