1NUMBER OF BEAM       NUMBER OF BEAM        APPROXIMATE NUMBER    AVERAGE TIME USED     TIME LEFT (RESERVED   NUMBER OF STARS
 PARTICLES HANDLED    PARTICLES LEFT        OF BEAM PARTICLES     BY A BEAM PARTICLE     10000.0 SECONDS      CREATED
                                            THAT CAN STILL BE                           FOR PRINTOUT)
                                            HANDLED

 NEXT SEEDS:34F1E0A9       4       0       0       0       0      41    3039       0       0
          1                  2152                  2152             8.8930130E-05         1.0000000E+30                 0       
 NEXT SEEDS:34F1E0AD       4       0       0       0       0      41    3039       0       0
  *** Kaon: P_min > 1.5 GeV/c:           15   5.1987299893620706     
  *** Kbar: P_min > 1.8 GeV/c:           25   2.3649202864695598     
  *** Kaon: P_min > 1.5 GeV/c:           24   5.7842997059301213     
  *** Kaon: P_min > 1.5 GeV/c:           24   7.2324414756267021     
  *** Kaon: P_min > 1.5 GeV/c:           24   3.8752950042967571     
  *** Kaon: P_min > 1.5 GeV/c:           24   3.8751691048107815     
  *** Kaon: P_min > 1.5 GeV/c:           24   4.3970360683963809     
  *** Kaon: P_min > 1.5 GeV/c:           15   3.7829458868417332     
  *** Kaon: P_min > 1.5 GeV/c:           15   5.0275871628041857     
  *** Kaon: P_min > 1.5 GeV/c:           15   4.8587139563694342     
  *** Kaon: P_min > 1.5 GeV/c:           15   3.7129501236465967     
  *** Kaon: P_min > 1.5 GeV/c:           15   3.3996559196157072     
  *** Kaon: P_min > 1.5 GeV/c:           24   5.5350138598738043     
  *** Kaon: P_min > 1.5 GeV/c:           24   7.0566686788635558     
  *** Kbar: P_min > 1.8 GeV/c:           16   2.7098849769152249     
  *** Kaon: P_min > 1.5 GeV/c:           24   4.2952584874197521     
  *** Kbar: P_min > 1.8 GeV/c:           16   2.6109782530963788     
  *** Kbar: P_min > 1.8 GeV/c:           16   2.5098017500783349     
  *** Kbar: P_min > 1.8 GeV/c:           25   2.1071495433950087     
  *** Kbar: P_min > 1.8 GeV/c:           25   2.1061031415217282     
         40                  2113                  2113             1.0593899E-01         1.0000000E+30               302       
 NEXT SEEDS:37F6AD9B       4       0       0       0       0      41    3039       0       0
         80                  2073                  2073             1.3234678E-01         1.0000000E+30               306       
 NEXT SEEDS:  BC4BD6       5       0       0       0       0      41    3039       0       0
        120                  2033                  2033             1.0484578E-01         1.0000000E+30               312       
 NEXT SEEDS: 2281C05       5       0       0       0       0      41    3039       0       0
  *** Hhflev: call to Hadriv !! ***  0.77472494083977161        3.5000000000000000        1.5432137761381022               13 T F T
  Comptn_2: TXYZ:  0.99999999999738765       U,V,W -0.95882644384278137      -0.20476727173559084      -0.19677961025257673     
  Comptn_2: TXYZ:   1.0000000000018443       U,V,W -0.39557073074043103      -0.14589644932111057       0.90677341329508465     
  Comptn_2: TXYZ:   1.0000000000021916       U,V,W  0.50732907861014098      -0.25926897892089329      -0.82182528713108738     
        160                  1993                  1993             1.2535081E-01         1.0000000E+30               708       
 NEXT SEEDS: 773731C       5       0       0       0       0      41    3039       0       0
        200                  1953                  1953             1.0864438E-01         1.0000000E+30               710       
 NEXT SEEDS: 89C9757       5       0       0       0       0      41    3039       0       0
  Comptn_2: TXYZ:   1.0000000000012519       U,V,W  0.88496431844721535      -0.45687213176607600        9.0033384319532672E-002
        240                  1913                  1913             1.0349499E-01         1.0000000E+30               711       
 NEXT SEEDS: AD6B942       5       0       0       0       0      41    3039       0       0
        280                  1873                  1873             1.0563415E-01         1.0000000E+30               711       
 NEXT SEEDS: E3F345E       5       0       0       0       0      41    3039       0       0
        320                  1833                  1833             1.1288377E-01         1.0000000E+30               712       
 NEXT SEEDS:12BC5FDD       5       0       0       0       0      41    3039       0       0
  Comptn_2: TXYZ:  0.99999999999809419       U,V,W  0.74967307075985445       -8.5809913419709005E-002 -0.65622171995026690     
        360                  1793                  1793             1.2387731E-01         1.0000000E+30               732       
 NEXT SEEDS:18D24012       5       0       0       0       0      41    3039       0       0
  Comptn_2: TXYZ:   1.0000000000107148       U,V,W  0.42756538215184037       0.82387292448217053       0.37205006155255660     
        400                  1753                  1753             1.1588314E-01         1.0000000E+30               733       
 NEXT SEEDS:1A10CA95       5       0       0       0       0      41    3039       0       0
  Comptn_2: TXYZ:   1.0000000000038256       U,V,W  -3.0579301590648811E-002 -0.70821398036142114       0.70533528505150400     
        440                  1713                  1713             1.1160786E-01         1.0000000E+30               736       
 NEXT SEEDS:1C0E5808       5       0       0       0       0      41    3039       0       0
        480                  1673                  1673             1.0906385E-01         1.0000000E+30               737       
 NEXT SEEDS:1E5173E2       5       0       0       0       0      41    3039       0       0
  Comptn_2: TXYZ:   1.0000000000015559       U,V,W   6.4268263450124152E-002 -0.71066406993724485       0.70058987290346408     
        520                  1633                  1633             1.0383199E-01         1.0000000E+30               737       
 NEXT SEEDS:1F7BEEE2       5       0       0       0       0      41    3039       0       0
        560                  1593                  1593             1.0084577E-01         1.0000000E+30               738       
 NEXT SEEDS:21417ED7       5       0       0       0       0      41    3039       0       0
  Comptn_2: TXYZ:  0.99999999999738376       U,V,W   6.5266596487617790E-002 -0.97756660469942958      -0.20025934374389465     
        600                  1553                  1553             1.0228570E-01         1.0000000E+30               739       
 NEXT SEEDS:24C666CD       5       0       0       0       0      41    3039       0       0
        640                  1513                  1513             9.7275341E-02         1.0000000E+30               746       
 NEXT SEEDS:2568E024       5       0       0       0       0      41    3039       0       0
        680                  1473                  1473             9.9679959E-02         1.0000000E+30               885       
 NEXT SEEDS:29420073       5       0       0       0       0      41    3039       0       0
  Comptn_2: TXYZ:   1.0000000000027411       U,V,W -0.46542246888668615      -0.88478410485895509        2.3216658827237779E-002
        720                  1433                  1433             9.9175305E-02         1.0000000E+30               886       
 NEXT SEEDS:2BD664CC       5       0       0       0       0      41    3039       0       0
  *** Hhflev: call to Hadriv !! ***  0.84960897384484146        3.5000000000000000        1.5866791139185989               23 T F T
        760                  1393                  1393             9.8985010E-02         1.0000000E+30               897       
 NEXT SEEDS:2E88E2AD       5       0       0       0       0      41    3039       0       0
  Comptn_2: TXYZ:  0.99999999999898703       U,V,W -0.90011256666800676       0.26341721035116450      -0.34699962624782543     
        800                  1353                  1353             1.0262198E-01         1.0000000E+30               990       
 NEXT SEEDS:33616E99       5       0       0       0       0      41    3039       0       0
        840                  1313                  1313             1.0129691E-01         1.0000000E+30               991       
 NEXT SEEDS:3584D5C8       5       0       0       0       0      41    3039       0       0
        880                  1273                  1273             9.9704067E-02         1.0000000E+30               992       
 NEXT SEEDS:37608382       5       0       0       0       0      41    3039       0       0
        920                  1233                  1233             9.7674122E-02         1.0000000E+30               994       
 NEXT SEEDS:38DF022C       5       0       0       0       0      41    3039       0       0
        960                  1193                  1193             9.6483517E-02         1.0000000E+30              1051       
 NEXT SEEDS:3ACEE74B       5       0       0       0       0      41    3039       0       0
  Comptn_2: TXYZ:  0.99999999999888045       U,V,W -0.12036476509086835       0.73339954657249251      -0.66905711894483488     
       1000                  1153                  1153             9.7313134E-02         1.0000000E+30              1053       
 NEXT SEEDS: 2963BBD       6       0       0       0       0      41    3039       0       0
  Comptn_2: TXYZ:   1.0000000000011628       U,V,W  0.12357513899023331       0.38990366814235955       0.91252633638369041     
       1040                  1113                  1113             9.5888109E-02         1.0000000E+30              1055       
 NEXT SEEDS: 44BB2FC       6       0       0       0       0      41    3039       0       0
  Comptn_2: TXYZ:   1.0000000000026106       U,V,W -0.59788095388655549       0.79708510038977121       -8.4815728016337744E-002
       1080                  1073                  1073             9.7190306E-02         1.0000000E+30              1056       
 NEXT SEEDS: 8196071       6       0       0       0       0      41    3039       0       0
       1120                  1033                  1033             9.5054368E-02         1.0000000E+30              1060       
 NEXT SEEDS: 927457D       6       0       0       0       0      41    3039       0       0
       1160                   993                   993             9.5495534E-02         1.0000000E+30              1072       
 NEXT SEEDS: C3F8008       6       0       0       0       0      41    3039       0       0
       1200                   953                   953             9.4923662E-02         1.0000000E+30              1074       
 NEXT SEEDS: E68B2C5       6       0       0       0       0      41    3039       0       0
  Comptn_2: TXYZ:   1.0000000000011227       U,V,W -0.85988985453941424       0.10153201596176586      -0.50028060905460592     
  Comptn_2: TXYZ:   1.0000000000010836       U,V,W   9.6847659608400249E-002 -0.61220677390790446      -0.78474416009979642     
  Comptn_2: TXYZ:  0.99999999999843181       U,V,W  0.90776529991025079       -3.9572773156208996E-003  0.41945977188942862     
       1240                   913                   913             9.7337354E-02         1.0000000E+30              1076       
 NEXT SEEDS:133380D0       6       0       0       0       0      41    3039       0       0
  Comptn_2: TXYZ:  0.99999999999838740       U,V,W  -9.7819084095050357E-002   1.1002171345793954E-002 -0.99514339620522563     
       1280                   873                   873             1.0259122E-01         1.0000000E+30              1076       
 NEXT SEEDS:1AF48E47       6       0       0       0       0      41    3039       0       0
       1320                   833                   833             1.0284683E-01         1.0000000E+30              1078       
 NEXT SEEDS:1E1D8EF1       6       0       0       0       0      41    3039       0       0
       1360                   793                   793             1.0501204E-01         1.0000000E+30              1098       
 NEXT SEEDS:231878A0       6       0       0       0       0      41    3039       0       0
       1400                   753                   753             1.0329685E-01         1.0000000E+30              1098       
 NEXT SEEDS:245C4C92       6       0       0       0       0      41    3039       0       0
       1440                   713                   713             1.0467446E-01         1.0000000E+30              1102       
 NEXT SEEDS:288BAA2D       6       0       0       0       0      41    3039       0       0
  Comptn_2: TXYZ:   1.0000000000011537       U,V,W   9.7376170468088219E-002  0.79535789094077813       0.59826725361192956     
  Comptn_2: TXYZ:  0.99999999999079181       U,V,W -0.98794371514499968       -1.9212693308901407E-002 -0.15361669216626694     
       1480                   673                   673             1.0439177E-01         1.0000000E+30              1107       
 NEXT SEEDS:2B32B406       6       0       0       0       0      41    3039       0       0
       1520                   633                   633             1.0358856E-01         1.0000000E+30              1111       
 NEXT SEEDS:2D519961       6       0       0       0       0      41    3039       0       0
       1560                   593                   593             1.0313800E-01         1.0000000E+30              1111       
 NEXT SEEDS:2FBC3EB8       6       0       0       0       0      41    3039       0       0
  Comptn_2: TXYZ:   1.0000000000015812       U,V,W -0.60163303520074862      -0.77031750258995757      -0.21130223889085187     
       1600                   553                   553             1.0297314E-01         1.0000000E+30              1111       
 NEXT SEEDS:3278E594       6       0       0       0       0      41    3039       0       0
       1640                   513                   513             1.0168088E-01         1.0000000E+30              1112       
 NEXT SEEDS:33E00C0D       6       0       0       0       0      41    3039       0       0
       1680                   473                   473             1.0040471E-01         1.0000000E+30              1112       
 NEXT SEEDS:353E70E0       6       0       0       0       0      41    3039       0       0
  Comptn_2: TXYZ:  0.99999999999895550       U,V,W  0.64573910728148576       0.64194252095834514       0.41343778868399284     
       1720                   433                   433             1.0062949E-01         1.0000000E+30              1134       
 NEXT SEEDS:386BA37D       6       0       0       0       0      41    3039       0       0
       1760                   393                   393             9.9901590E-02         1.0000000E+30              1134       
 NEXT SEEDS:3A567FF7       6       0       0       0       0      41    3039       0       0
       1800                   353                   353             9.9149136E-02         1.0000000E+30              1345       
 NEXT SEEDS:  9C3923       7       0       0       0       0      41    3039       0       0
       1840                   313                   313             9.8052116E-02         1.0000000E+30              1350       
 NEXT SEEDS: 1FCDB04       7       0       0       0       0      41    3039       0       0
  Comptn_2: TXYZ:   1.0000000000037912       U,V,W  -1.4991965923528028E-002 -0.99981972555281751       -1.1651495913724830E-002
  Comptn_2: TXYZ:   1.0000000000012035       U,V,W  -9.4639145442399375E-002  0.14661908339144958       0.98465541004789436     
       1880                   273                   273             1.0345958E-01         1.0000000E+30              1350       
 NEXT SEEDS: BF14DFB       7       0       0       0       0      41    3039       0       0
  Comptn_2: TXYZ:   1.0000000000031775       U,V,W  0.98108603197081123      -0.15852455055406267       0.11108629414368920     
       1920                   233                   233             1.0252718E-01         1.0000000E+30              1354       
 NEXT SEEDS: D9A2243       7       0       0       0       0      41    3039       0       0
       1960                   193                   193             1.0277779E-01         1.0000000E+30              1359       
 NEXT SEEDS:10E4679D       7       0       0       0       0      41    3039       0       0
       2000                   153                   153             1.0281530E-01         1.0000000E+30              1364       
 NEXT SEEDS:13C59A2B       7       0       0       0       0      41    3039       0       0
       2040                   113                   113             1.0204188E-01         1.0000000E+30              1372       
 NEXT SEEDS:158E6233       7       0       0       0       0      41    3039       0       0
  Comptn_2: TXYZ:   1.0000000000013303       U,V,W -0.95484748646386741        1.1319441084282289E-002  0.29688069632177871     
       2080                    73                    73             1.0171121E-01         1.0000000E+30              1392       
 NEXT SEEDS:17E41ACA       7       0       0       0       0      41    3039       0       0
       2103                    50                    50             1.0136921E-01         1.0000000E+30              1395       
 NEXT SEEDS:1907D235       7       0       0       0       0      41    3039       0       0
       2104                    49                    49             1.0133343E-01         1.0000000E+30              1395       
 NEXT SEEDS:190C8C9B       7       0       0       0       0      41    3039       0       0
       2105                    48                    48             1.0128535E-01         1.0000000E+30              1395       
 NEXT SEEDS:190C8C9F       7       0       0       0       0      41    3039       0       0
       2106                    47                    47             1.0124874E-01         1.0000000E+30              1395       
 NEXT SEEDS:1910849A       7       0       0       0       0      41    3039       0       0
       2107                    46                    46             1.0120074E-01         1.0000000E+30              1395       
 NEXT SEEDS:191084AC       7       0       0       0       0      41    3039       0       0
       2108                    45                    45             1.0115814E-01         1.0000000E+30              1395       
 NEXT SEEDS:19125725       7       0       0       0       0      41    3039       0       0
       2109                    44                    44             1.0111024E-01         1.0000000E+30              1395       
 NEXT SEEDS:19125729       7       0       0       0       0      41    3039       0       0
       2110                    43                    43             1.0143161E-01         1.0000000E+30              1415       
 NEXT SEEDS:19A3DC63       7       0       0       0       0      41    3039       0       0
       2111                    42                    42             1.0142289E-01         1.0000000E+30              1415       
 NEXT SEEDS:19B13B6B       7       0       0       0       0      41    3039       0       0
       2112                    41                    41             1.0137494E-01         1.0000000E+30              1415       
 NEXT SEEDS:19B13B7E       7       0       0       0       0      41    3039       0       0
       2113                    40                    40             1.0132701E-01         1.0000000E+30              1415       
 NEXT SEEDS:19B13B82       7       0       0       0       0      41    3039       0       0
       2114                    39                    39             1.0133760E-01         1.0000000E+30              1416       
 NEXT SEEDS:19C7D74C       7       0       0       0       0      41    3039       0       0
       2115                    38                    38             1.0128975E-01         1.0000000E+30              1416       
 NEXT SEEDS:19C7D750       7       0       0       0       0      41    3039       0       0
       2116                    37                    37             1.0126847E-01         1.0000000E+30              1416       
 NEXT SEEDS:19D23D95       7       0       0       0       0      41    3039       0       0
       2117                    36                    36             1.0125051E-01         1.0000000E+30              1416       
 NEXT SEEDS:19DE19CC       7       0       0       0       0      41    3039       0       0
       2118                    35                    35             1.0120277E-01         1.0000000E+30              1416       
 NEXT SEEDS:19DE19D0       7       0       0       0       0      41    3039       0       0
       2119                    34                    34             1.0115506E-01         1.0000000E+30              1416       
 NEXT SEEDS:19DE19E3       7       0       0       0       0      41    3039       0       0
       2120                    33                    33             1.0110740E-01         1.0000000E+30              1416       
 NEXT SEEDS:19DE19E7       7       0       0       0       0      41    3039       0       0
       2121                    32                    32             1.0106004E-01         1.0000000E+30              1416       
 NEXT SEEDS:19DE2EE7       7       0       0       0       0      41    3039       0       0
       2122                    31                    31             1.0114149E-01         1.0000000E+30              1416       
 NEXT SEEDS:1A110413       7       0       0       0       0      41    3039       0       0
       2123                    30                    30             1.0132262E-01         1.0000000E+30              1417       
 NEXT SEEDS:1A67BD3E       7       0       0       0       0      41    3039       0       0
       2124                    29                    29             1.0127499E-01         1.0000000E+30              1417       
 NEXT SEEDS:1A67BD51       7       0       0       0       0      41    3039       0       0
       2125                    28                    28             1.0125793E-01         1.0000000E+30              1417       
 NEXT SEEDS:1A728DE1       7       0       0       0       0      41    3039       0       0
       2126                    27                    27             1.0121036E-01         1.0000000E+30              1417       
 NEXT SEEDS:1A728DE5       7       0       0       0       0      41    3039       0       0
       2127                    26                    26             1.0120913E-01         1.0000000E+30              1417       
 NEXT SEEDS:1A84C5C9       7       0       0       0       0      41    3039       0       0
       2128                    25                    25             1.0119617E-01         1.0000000E+30              1417       
 NEXT SEEDS:1A917599       7       0       0       0       0      41    3039       0       0
       2129                    24                    24             1.0120167E-01         1.0000000E+30              1417       
 NEXT SEEDS:1AA62848       7       0       0       0       0      41    3039       0       0
       2130                    23                    23             1.0115422E-01         1.0000000E+30              1417       
 NEXT SEEDS:1AA6284C       7       0       0       0       0      41    3039       0       0
       2131                    22                    22             1.0112239E-01         1.0000000E+30              1417       
 NEXT SEEDS:1AABD934       7       0       0       0       0      41    3039       0       0
       2132                    21                    21             1.0110968E-01         1.0000000E+30              1417       
 NEXT SEEDS:1AB86D16       7       0       0       0       0      41    3039       0       0
       2133                    20                    20             1.0117981E-01         1.0000000E+30              1417       
 NEXT SEEDS:1AE748F8       7       0       0       0       0      41    3039       0       0
       2134                    19                    19             1.0113246E-01         1.0000000E+30              1417       
 NEXT SEEDS:1AE748FC       7       0       0       0       0      41    3039       0       0
       2135                    18                    18             1.0126848E-01         1.0000000E+30              1419       
 NEXT SEEDS:1B2DC1B4       7       0       0       0       0      41    3039       0       0
       2136                    17                    17             1.0138802E-01         1.0000000E+30              1419       
 NEXT SEEDS:1B6A8A5C       7       0       0       0       0      41    3039       0       0
       2137                    16                    16             1.0142561E-01         1.0000000E+30              1419       
 NEXT SEEDS:1B8C0A60       7       0       0       0       0      41    3039       0       0
       2138                    15                    15             1.0147183E-01         1.0000000E+30              1420       
 NEXT SEEDS:1BB2040B       7       0       0       0       0      41    3039       0       0
       2139                    14                    14             1.0146838E-01         1.0000000E+30              1420       
 NEXT SEEDS:1BC256A4       7       0       0       0       0      41    3039       0       0
       2140                    13                    13             1.0142361E-01         1.0000000E+30              1420       
 NEXT SEEDS:1BC31CE4       7       0       0       0       0      41    3039       0       0
       2141                    12                    12             1.0137972E-01         1.0000000E+30              1420       
 NEXT SEEDS:1BC444BE       7       0       0       0       0      41    3039       0       0
       2142                    11                    11             1.0133457E-01         1.0000000E+30              1420       
 NEXT SEEDS:1BC4FA08       7       0       0       0       0      41    3039       0       0
       2143                    10                    10             1.0136367E-01         1.0000000E+30              1420       
 NEXT SEEDS:1BE13CAC       7       0       0       0       0      41    3039       0       0
       2144                     9                     9             1.0131645E-01         1.0000000E+30              1420       
 NEXT SEEDS:1BE13CB0       7       0       0       0       0      41    3039       0       0
       2145                     8                     8             1.0133018E-01         1.0000000E+30              1420       
 NEXT SEEDS:1BF8512A       7       0       0       0       0      41    3039       0       0
       2146                     7                     7             1.0128301E-01         1.0000000E+30              1420       
 NEXT SEEDS:1BF8512E       7       0       0       0       0      41    3039       0       0
       2147                     6                     6             1.0125208E-01         1.0000000E+30              1420       
 NEXT SEEDS:1BFEB3BD       7       0       0       0       0      41    3039       0       0
       2148                     5                     5             1.0120500E-01         1.0000000E+30              1420       
 NEXT SEEDS:1BFEB3C1       7       0       0       0       0      41    3039       0       0
       2149                     4                     4             1.0115795E-01         1.0000000E+30              1420       
 NEXT SEEDS:1BFEB3C5       7       0       0       0       0      41    3039       0       0
       2150                     3                     3             1.0116657E-01         1.0000000E+30              1420       
 NEXT SEEDS:1C141C4C       7       0       0       0       0      41    3039       0       0
       2151                     2                     2             1.0111977E-01         1.0000000E+30              1420       
 NEXT SEEDS:1C142AF0       7       0       0       0       0      41    3039       0       0
       2152                     1                     1             1.0107362E-01         1.0000000E+30              1420       
 NEXT SEEDS:1C1470AF       7       0       0       0       0      41    3039       0       0
       2153                     0                     1             1.0106585E-01         1.0000000E+30              1420       
 NEXT SEEDS:1C23A70E       7       0       0       0       0      41    3039       0       0
