1NUMBER OF BEAM       NUMBER OF BEAM        APPROXIMATE NUMBER    AVERAGE TIME USED     TIME LEFT (RESERVED   NUMBER OF STARS
 PARTICLES HANDLED    PARTICLES LEFT        OF BEAM PARTICLES     BY A BEAM PARTICLE     10000.0 SECONDS      CREATED
                                            THAT CAN STILL BE                           FOR PRINTOUT)
                                            HANDLED

 NEXT SEEDS:       0       0       0       0       0       0      42    3039       0       0
          1                  2152                  2152             1.4860106E-01         1.0000000E+30                 0       
 NEXT SEEDS:  182656       0       0       0       0       0      42    3039       0       0
         40                  2113                  2113             2.1073795E-01         1.0000000E+30                 3       
 NEXT SEEDS: 607C8F3       0       0       0       0       0      42    3039       0       0
  Comptn_2: TXYZ:   1.0000000000022664       U,V,W -0.69685462111576157       0.69405979626345982      -0.18076126864624342     
         80                  2073                  2073             1.9724580E-01         1.0000000E+30                 3       
 NEXT SEEDS: AD81D69       0       0       0       0       0      42    3039       0       0
  Comptn_2: TXYZ:  0.99999999999624167       U,V,W  0.36509276038282223      -0.26042380420025424      -0.89380463106775210     
        120                  2033                  2033             1.6750969E-01         1.0000000E+30                 5       
 NEXT SEEDS: DF573D3       0       0       0       0       0      42    3039       0       0
  Comptn_2: TXYZ:  0.99999999999809908       U,V,W -0.71279896718223057       0.45910482028637745       0.53022674052885854     
  *** Kaon: P_min > 1.5 GeV/c:           15   14.218341924401921     
  *** Kaon: P_min > 1.5 GeV/c:           15   13.492766466729314     
  *** Kaon: P_min > 1.5 GeV/c:           24   2.8550934305218250     
  *** Kbar: P_min > 1.8 GeV/c:           25   1.8004839722745263     
        160                  1993                  1993             1.4895453E-01         1.0000000E+30                48       
 NEXT SEEDS:109A5E13       0       0       0       0       0      42    3039       0       0
  Comptn_2: TXYZ:  0.99999999999529399       U,V,W -0.63344489504410717       0.74883292845587590      -0.19492770505510748     
        200                  1953                  1953             1.4747310E-01         1.0000000E+30                55       
 NEXT SEEDS:14A76151       0       0       0       0       0      42    3039       0       0
  Comptn_2: TXYZ:   1.0000000000014371       U,V,W  0.69854870026050975       0.24838683939243822      -0.67106906603003580     
  Comptn_2: TXYZ:   1.0000000000011904       U,V,W -0.56135092318616131       0.15341137646640846       0.81323433929582478     
        240                  1913                  1913             1.3348754E-01         1.0000000E+30                57       
 NEXT SEEDS:16726A5E       0       0       0       0       0      42    3039       0       0
  *** Hhflev: call to Hadriv !! ***  0.78196126661640475        3.5000000000000000        1.5475442713135139               13 T F T
  *** Kaon: P_min > 1.5 GeV/c:           24   1.8416671667024580     
  *** Kaon: P_min > 1.5 GeV/c:           24   1.8360406965905878     
  *** Kaon: P_min > 1.5 GeV/c:           24   1.9002640573296572     
  *** Kaon: P_min > 1.5 GeV/c:           24   2.4932371579711519     
  *** Kaon: P_min > 1.5 GeV/c:           15   1.5372197188699854     
  *** Kaon: P_min > 1.5 GeV/c:           15   1.5785717884442543     
        280                  1873                  1873             1.2450819E-01         1.0000000E+30               179       
 NEXT SEEDS:18778389       0       0       0       0       0      42    3039       0       0
  Comptn_2: TXYZ:  0.99999999999867395       U,V,W  0.68034615557166234       0.48250518785064855       0.55165011764228211     
        320                  1833                  1833             1.1924004E-01         1.0000000E+30               179       
 NEXT SEEDS:1AD657B6       0       0       0       0       0      42    3039       0       0
  *** Kbar: P_min > 1.8 GeV/c:           16   1.8635958164721764     
  *** Kbar: P_min > 1.8 GeV/c:           16   2.1249370541291683     
  *** Kbar: P_min > 1.8 GeV/c:           16   1.8509106990579363     
  *** Kbar: P_min > 1.8 GeV/c:           16   2.1754273993362054     
  *** Kbar: P_min > 1.8 GeV/c:           16   2.4808565932618563     
        360                  1793                  1793             1.1193295E-01         1.0000000E+30               205       
 NEXT SEEDS:1C5A7FB9       0       0       0       0       0      42    3039       0       0
        400                  1753                  1753             1.1240012E-01         1.0000000E+30               212       
 NEXT SEEDS:1F9DF8D2       0       0       0       0       0      42    3039       0       0
        440                  1713                  1713             1.0689375E-01         1.0000000E+30               213       
 NEXT SEEDS:21190BAE       0       0       0       0       0      42    3039       0       0
        480                  1673                  1673             1.0315995E-01         1.0000000E+30               220       
 NEXT SEEDS:22D5E8B7       0       0       0       0       0      42    3039       0       0
  *** Kaon: P_min > 1.5 GeV/c:           15   1.9289711412195918     
  *** Kaon: P_min > 1.5 GeV/c:           15   2.4070178676531939     
  *** Kaon: P_min > 1.5 GeV/c:           15   1.8988510178702653     
  *** Kaon: P_min > 1.5 GeV/c:           15   1.5563726205622792     
  *** Kaon: P_min > 1.5 GeV/c:           15   1.6984446725897735     
        520                  1633                  1633             1.0103234E-01         1.0000000E+30               248       
 NEXT SEEDS:24F46186       0       0       0       0       0      42    3039       0       0
        560                  1593                  1593             9.8541388E-02         1.0000000E+30               249       
 NEXT SEEDS:26D7F459       0       0       0       0       0      42    3039       0       0
        600                  1553                  1553             9.6563357E-02         1.0000000E+30               250       
 NEXT SEEDS:28CC3FA3       0       0       0       0       0      42    3039       0       0
        640                  1513                  1513             9.3334864E-02         1.0000000E+30               274       
 NEXT SEEDS:2A18AD0E       0       0       0       0       0      42    3039       0       0
  Comptn_2: TXYZ:   1.0000000000277729       U,V,W  0.54496776806819724       0.64826092225621323       0.53175925800127288     
        680                  1473                  1473             9.5905213E-02         1.0000000E+30               947       
 NEXT SEEDS:2DDEB9F1       0       0       0       0       0      42    3039       0       0
  Comptn_2: TXYZ:   1.0000000000012155       U,V,W -0.45818943665960443      -0.49613114367758726       0.73750683278728957     
        720                  1433                  1433             9.6462492E-02         1.0000000E+30               947       
 NEXT SEEDS:30EC88CB       0       0       0       0       0      42    3039       0       0
        760                  1393                  1393             9.8578553E-02         1.0000000E+30               948       
 NEXT SEEDS:34DDAAA0       0       0       0       0       0      42    3039       0       0
  Comptn_2: TXYZ:   1.0000000000041247       U,V,W -0.63564200601273058      -0.50081004460242617      -0.58749343776892715     
  Comptn_2: TXYZ:   1.0000000000059510       U,V,W -0.15980889421599898      -0.76501626947346679      -0.62386795459961775     
        800                  1353                  1353             1.0435360E-01         1.0000000E+30               949       
 NEXT SEEDS:3B168FC5       0       0       0       0       0      42    3039       0       0
        840                  1313                  1313             1.0583498E-01         1.0000000E+30               952       
 NEXT SEEDS: 36DBDC2       1       0       0       0       0      42    3039       0       0
        880                  1273                  1273             1.0413331E-01         1.0000000E+30               954       
 NEXT SEEDS: 561E9EA       1       0       0       0       0      42    3039       0       0
        920                  1233                  1233             1.0352350E-01         1.0000000E+30               970       
 NEXT SEEDS: 7F64B7C       1       0       0       0       0      42    3039       0       0
  Comptn_2: TXYZ:   1.0000000000015739       U,V,W -0.79307447061381531       0.14831133980371192      -0.59079322148093283     
        960                  1193                  1193             1.0162407E-01         1.0000000E+30               977       
 NEXT SEEDS: 99ECDC7       1       0       0       0       0      42    3039       0       0
       1000                  1153                  1153             1.0028046E-01         1.0000000E+30               979       
 NEXT SEEDS: B9AFA99       1       0       0       0       0      42    3039       0       0
       1040                  1113                  1113             9.8462456E-02         1.0000000E+30               980       
 NEXT SEEDS: D1E2B61       1       0       0       0       0      42    3039       0       0
       1080                  1073                  1073             9.6573010E-02         1.0000000E+30               981       
 NEXT SEEDS: E7A23A6       1       0       0       0       0      42    3039       0       0
  Comptn_2: TXYZ:  0.99999999999409328       U,V,W -0.39940468081931613      -0.75468601773091848      -0.52050448180122455     
       1120                  1033                  1033             9.8599052E-02         1.0000000E+30              1283       
 NEXT SEEDS:12D74280       1       0       0       0       0      42    3039       0       0
       1160                   993                   993             9.5987076E-02         1.0000000E+30              1283       
 NEXT SEEDS:137BCD85       1       0       0       0       0      42    3039       0       0
  Comptn_2: TXYZ:   1.0000000000014022       U,V,W  0.22411150647460687       0.90588712325464371      -0.35936409474029318     
       1200                   953                   953             9.5952288E-02         1.0000000E+30              1285       
 NEXT SEEDS:16203F40       1       0       0       0       0      42    3039       0       0
       1240                   913                   913             9.7512663E-02         1.0000000E+30              1285       
 NEXT SEEDS:1A5E772C       1       0       0       0       0      42    3039       0       0
       1280                   873                   873             9.7326898E-02         1.0000000E+30              1331       
 NEXT SEEDS:1CF55A40       1       0       0       0       0      42    3039       0       0
  Comptn_2: TXYZ:   1.0000000000013973       U,V,W -0.38726522781008299      -0.90712889193264346       0.16475077162689189     
       1320                   833                   833             9.8423524E-02         1.0000000E+30              1334       
 NEXT SEEDS:20C456B5       1       0       0       0       0      42    3039       0       0
       1360                   793                   793             1.0013235E-01         1.0000000E+30              1622       
 NEXT SEEDS:2533DDCE       1       0       0       0       0      42    3039       0       0
       1400                   753                   753             1.0031915E-01         1.0000000E+30              1627       
 NEXT SEEDS:284448A4       1       0       0       0       0      42    3039       0       0
       1440                   713                   713             9.9244181E-02         1.0000000E+30              1696       
 NEXT SEEDS:2A029FFC       1       0       0       0       0      42    3039       0       0
  Comptn_2: TXYZ:   1.0000000000030145       U,V,W  0.52144558079814018       0.23312780007086076       0.82082028185421052     
       1480                   673                   673             9.8419766E-02         1.0000000E+30              1697       
 NEXT SEEDS:2BEB600E       1       0       0       0       0      42    3039       0       0
       1520                   633                   633             9.7682892E-02         1.0000000E+30              1706       
 NEXT SEEDS:2DE80AA7       1       0       0       0       0      42    3039       0       0
       1560                   593                   593             9.6929941E-02         1.0000000E+30              1713       
 NEXT SEEDS:2FE2ACA2       1       0       0       0       0      42    3039       0       0
  Comptn_2: TXYZ:  0.99999999999882827       U,V,W -0.57629797693302010      -0.56484275638055581      -0.59062111573000209     
  Comptn_2: TXYZ:  0.99999999999495470       U,V,W -0.78221369653751083        1.1918672588706158E-002 -0.62289620177666905     
       1600                   553                   553             9.9067468E-02         1.0000000E+30              3427       
 NEXT SEEDS:352910DC       1       0       0       0       0      42    3039       0       0
  Comptn_2: TXYZ:   1.0000000000017781       U,V,W  0.12792269400429745      -0.92453947315104301       0.35897429844774820     
       1640                   513                   513             9.9902557E-02         1.0000000E+30              3430       
 NEXT SEEDS:39006612       1       0       0       0       0      42    3039       0       0
  Comptn_2: TXYZ:  0.99999999999833422       U,V,W  0.71214225270011866      -0.69846794747778773       -7.0681951470660920E-002
       1680                   473                   473             1.0217286E-01         1.0000000E+30              3433       
 NEXT SEEDS: 32D5DAF       2       0       0       0       0      42    3039       0       0
       1720                   433                   433             1.0637777E-01         1.0000000E+30              3436       
 NEXT SEEDS: B82107B       2       0       0       0       0      42    3039       0       0
  Comptn_2: TXYZ:  0.99999999999736366       U,V,W -0.65041356567155262       0.46834669480220725      -0.59800799915689140     
       1760                   393                   393             1.0573536E-01         1.0000000E+30              3704       
 NEXT SEEDS: DC296A7       2       0       0       0       0      42    3039       0       0
  Comptn_2: TXYZ:  0.99999999999413858       U,V,W  0.51813614762237137      -0.15036154376396382       0.84197763549758520     
       1800                   353                   353             1.0537589E-01         1.0000000E+30              3705       
 NEXT SEEDS:10444D09       2       0       0       0       0      42    3039       0       0
       1840                   313                   313             1.0476272E-01         1.0000000E+30              3705       
 NEXT SEEDS:127A7E6A       2       0       0       0       0      42    3039       0       0
  Comptn_2: TXYZ:   1.0000000000016342       U,V,W -0.54819084979213528       0.26846479179157967       0.79209434272321033     
       1880                   273                   273             1.0440075E-01         1.0000000E+30              3705       
 NEXT SEEDS:14EA0A3C       2       0       0       0       0      42    3039       0       0
  Comptn_2: TXYZ:   1.0000000000020641       U,V,W -0.76429259414874640      -0.17482101409548534       0.62072090633558474     
  *** Hhflev: call to Hadriv !! ***  0.77816295321682605        3.5000000000000000        1.5452725715215212               13 T F T
       1920                   233                   233             1.0615837E-01         1.0000000E+30              4688       
 NEXT SEEDS:1A1CC142       2       0       0       0       0      42    3039       0       0
       1960                   193                   193             1.0694010E-01         1.0000000E+30              4690       
 NEXT SEEDS:1E38723C       2       0       0       0       0      42    3039       0       0
       2000                   153                   153             1.0663090E-01         1.0000000E+30              4694       
 NEXT SEEDS:20D7C67C       2       0       0       0       0      42    3039       0       0
       2040                   113                   113             1.0636517E-01         1.0000000E+30              4696       
 NEXT SEEDS:238EB45D       2       0       0       0       0      42    3039       0       0
       2080                    73                    73             1.0496500E-01         1.0000000E+30              4696       
 NEXT SEEDS:2487BCCD       2       0       0       0       0      42    3039       0       0
       2103                    50                    50             1.0427490E-01         1.0000000E+30              4697       
 NEXT SEEDS:253C146F       2       0       0       0       0      42    3039       0       0
       2104                    49                    49             1.0422540E-01         1.0000000E+30              4697       
 NEXT SEEDS:253C1473       2       0       0       0       0      42    3039       0       0
       2105                    48                    48             1.0417594E-01         1.0000000E+30              4697       
 NEXT SEEDS:253C1477       2       0       0       0       0      42    3039       0       0
       2106                    47                    47             1.0416509E-01         1.0000000E+30              4697       
 NEXT SEEDS:254AE49E       2       0       0       0       0      42    3039       0       0
       2107                    46                    46             1.0415726E-01         1.0000000E+30              4697       
 NEXT SEEDS:255B9565       2       0       0       0       0      42    3039       0       0
       2108                    45                    45             1.0423778E-01         1.0000000E+30              4697       
 NEXT SEEDS:259015F3       2       0       0       0       0      42    3039       0       0
       2109                    44                    44             1.0418842E-01         1.0000000E+30              4697       
 NEXT SEEDS:2590160C       2       0       0       0       0      42    3039       0       0
       2110                    43                    43             1.0413932E-01         1.0000000E+30              4697       
 NEXT SEEDS:2590258D       2       0       0       0       0      42    3039       0       0
       2111                    42                    42             1.0411610E-01         1.0000000E+30              4697       
 NEXT SEEDS:259A9B4E       2       0       0       0       0      42    3039       0       0
       2112                    41                    41             1.0406686E-01         1.0000000E+30              4697       
 NEXT SEEDS:259A9B52       2       0       0       0       0      42    3039       0       0
       2113                    40                    40             1.0403216E-01         1.0000000E+30              4697       
 NEXT SEEDS:25A07225       2       0       0       0       0      42    3039       0       0
       2114                    39                    39             1.0398301E-01         1.0000000E+30              4697       
 NEXT SEEDS:25A0723B       2       0       0       0       0      42    3039       0       0
       2115                    38                    38             1.0400462E-01         1.0000000E+30              4697       
 NEXT SEEDS:25BCD14E       2       0       0       0       0      42    3039       0       0
       2116                    37                    37             1.0399346E-01         1.0000000E+30              4697       
 NEXT SEEDS:25CCEC6A       2       0       0       0       0      42    3039       0       0
       2117                    36                    36             1.0394669E-01         1.0000000E+30              4697       
 NEXT SEEDS:25CDA9B8       2       0       0       0       0      42    3039       0       0
       2118                    35                    35             1.0389767E-01         1.0000000E+30              4697       
 NEXT SEEDS:25CDA9BC       2       0       0       0       0      42    3039       0       0
       2119                    34                    34             1.0384870E-01         1.0000000E+30              4697       
 NEXT SEEDS:25CDA9D2       2       0       0       0       0      42    3039       0       0
       2120                    33                    33             1.0379977E-01         1.0000000E+30              4697       
 NEXT SEEDS:25CDA9D6       2       0       0       0       0      42    3039       0       0
       2121                    32                    32             1.0375087E-01         1.0000000E+30              4697       
 NEXT SEEDS:25CDA9DA       2       0       0       0       0      42    3039       0       0
       2122                    31                    31             1.0372547E-01         1.0000000E+30              4697       
 NEXT SEEDS:25D66F9C       2       0       0       0       0      42    3039       0       0
       2123                    30                    30             1.0370135E-01         1.0000000E+30              4697       
 NEXT SEEDS:25E0407F       2       0       0       0       0      42    3039       0       0
       2124                    29                    29             1.0365258E-01         1.0000000E+30              4697       
 NEXT SEEDS:25E04083       2       0       0       0       0      42    3039       0       0
       2125                    28                    28             1.0369002E-01         1.0000000E+30              4697       
 NEXT SEEDS:2600F1A9       2       0       0       0       0      42    3039       0       0
       2126                    27                    27             1.0364131E-01         1.0000000E+30              4697       
 NEXT SEEDS:2600F1AD       2       0       0       0       0      42    3039       0       0
       2127                    26                    26             1.0359272E-01         1.0000000E+30              4697       
 NEXT SEEDS:2600F924       2       0       0       0       0      42    3039       0       0
       2128                    25                    25             1.0354409E-01         1.0000000E+30              4697       
 NEXT SEEDS:2600F928       2       0       0       0       0      42    3039       0       0
       2129                    24                    24             1.0349551E-01         1.0000000E+30              4697       
 NEXT SEEDS:2600F92C       2       0       0       0       0      42    3039       0       0
       2130                    23                    23             1.0344697E-01         1.0000000E+30              4697       
 NEXT SEEDS:2600F930       2       0       0       0       0      42    3039       0       0
       2131                    22                    22             1.0339847E-01         1.0000000E+30              4697       
 NEXT SEEDS:2600F934       2       0       0       0       0      42    3039       0       0
       2132                    21                    21             1.0335003E-01         1.0000000E+30              4697       
 NEXT SEEDS:2600F938       2       0       0       0       0      42    3039       0       0
       2133                    20                    20             1.0330179E-01         1.0000000E+30              4697       
 NEXT SEEDS:260107EA       2       0       0       0       0      42    3039       0       0
       2134                    19                    19             1.0325343E-01         1.0000000E+30              4697       
 NEXT SEEDS:260107EE       2       0       0       0       0      42    3039       0       0
       2135                    18                    18             1.0320512E-01         1.0000000E+30              4697       
 NEXT SEEDS:26010804       2       0       0       0       0      42    3039       0       0
       2136                    17                    17             1.0315686E-01         1.0000000E+30              4697       
 NEXT SEEDS:26010808       2       0       0       0       0      42    3039       0       0
       2137                    16                    16             1.0310864E-01         1.0000000E+30              4697       
 NEXT SEEDS:2601080C       2       0       0       0       0      42    3039       0       0
       2138                    15                    15             1.0306047E-01         1.0000000E+30              4697       
 NEXT SEEDS:26010810       2       0       0       0       0      42    3039       0       0
       2139                    14                    14             1.0303057E-01         1.0000000E+30              4697       
 NEXT SEEDS:26081AA9       2       0       0       0       0      42    3039       0       0
       2140                    13                    13             1.0302714E-01         1.0000000E+30              4697       
 NEXT SEEDS:261A3768       2       0       0       0       0      42    3039       0       0
       2141                    12                    12             1.0309424E-01         1.0000000E+30              4697       
 NEXT SEEDS:26430774       2       0       0       0       0      42    3039       0       0
       2142                    11                    11             1.0308596E-01         1.0000000E+30              4698       
 NEXT SEEDS:26531DB7       2       0       0       0       0      42    3039       0       0
       2143                    10                    10             1.0303802E-01         1.0000000E+30              4698       
 NEXT SEEDS:26532600       2       0       0       0       0      42    3039       0       0
       2144                     9                     9             1.0299001E-01         1.0000000E+30              4698       
 NEXT SEEDS:26532604       2       0       0       0       0      42    3039       0       0
       2145                     8                     8             1.0294344E-01         1.0000000E+30              4698       
 NEXT SEEDS:2653A3E7       2       0       0       0       0      42    3039       0       0
       2146                     7                     7             1.0289552E-01         1.0000000E+30              4698       
 NEXT SEEDS:2653A3EB       2       0       0       0       0      42    3039       0       0
       2147                     6                     6             1.0288308E-01         1.0000000E+30              4698       
 NEXT SEEDS:26610B24       2       0       0       0       0      42    3039       0       0
       2148                     5                     5             1.0288418E-01         1.0000000E+30              4698       
 NEXT SEEDS:2674D81C       2       0       0       0       0      42    3039       0       0
       2149                     4                     4             1.0288585E-01         1.0000000E+30              4701       
 NEXT SEEDS:268916AC       2       0       0       0       0      42    3039       0       0
       2150                     3                     3             1.0289050E-01         1.0000000E+30              4701       
 NEXT SEEDS:269E0FCA       2       0       0       0       0      42    3039       0       0
       2151                     2                     2             1.0284273E-01         1.0000000E+30              4701       
 NEXT SEEDS:269E0FCE       2       0       0       0       0      42    3039       0       0
       2152                     1                     1             1.0283649E-01         1.0000000E+30              4702       
 NEXT SEEDS:26AE687E       2       0       0       0       0      42    3039       0       0
       2153                     0                     1             1.0278878E-01         1.0000000E+30              4702       
 NEXT SEEDS:26AE6882       2       0       0       0       0      42    3039       0       0
