1NUMBER OF BEAM       NUMBER OF BEAM        APPROXIMATE NUMBER    AVERAGE TIME USED     TIME LEFT (RESERVED   NUMBER OF STARS
 PARTICLES HANDLED    PARTICLES LEFT        OF BEAM PARTICLES     BY A BEAM PARTICLE     10000.0 SECONDS      CREATED
                                            THAT CAN STILL BE                           FOR PRINTOUT)
                                            HANDLED

 NEXT SEEDS:26AE6882       2       0       0       0       0      42    3039       0       0
          1                  2152                  2152             1.7518997E-03         1.0000000E+30                 0       
 NEXT SEEDS:26AE888E       2       0       0       0       0      42    3039       0       0
         40                  2113                  2113             6.7632276E-02         1.0000000E+30                 0       
 NEXT SEEDS:289F11BC       2       0       0       0       0      42    3039       0       0
  Comptn_2: TXYZ:  0.99999999999884093       U,V,W  0.51219273686720612      -0.32214933314771343       0.79616481173925635     
         80                  2073                  2073             9.4521555E-02         1.0000000E+30                 1       
 NEXT SEEDS:2C2E5329       2       0       0       0       0      42    3039       0       0
        120                  2033                  2033             8.3972039E-02         1.0000000E+30                 2       
 NEXT SEEDS:2DF2D5C5       2       0       0       0       0      42    3039       0       0
        160                  1993                  1993             8.0279098E-02         1.0000000E+30                 3       
 NEXT SEEDS:2FF1CF51       2       0       0       0       0      42    3039       0       0
        200                  1953                  1953             7.7318200E-02         1.0000000E+30                 5       
 NEXT SEEDS:31D422C4       2       0       0       0       0      42    3039       0       0
  *** Kaon: P_min > 1.5 GeV/c:           24   9.1188318565765538     
  *** Kaon: P_min > 1.5 GeV/c:           24   13.206238988997532     
  *** Kaon: P_min > 1.5 GeV/c:           24   8.2797276233992552     
  *** Kaon: P_min > 1.5 GeV/c:           24   8.2760761784083243     
  *** Kaon: P_min > 1.5 GeV/c:           24   8.9344205961859977     
  *** Kaon: P_min > 1.5 GeV/c:           24   4.7304192760976287     
  *** Kbar: P_min > 1.8 GeV/c:           16   21.785606292484065     
  *** Kbar: P_min > 1.8 GeV/c:           16   24.011470222237307     
  *** Kbar: P_min > 1.8 GeV/c:           25   7.7480684923645349     
        240                  1913                  1913             7.1796392E-02         1.0000000E+30               130       
 NEXT SEEDS:331A42E7       2       0       0       0       0      42    3039       0       0
        280                  1873                  1873             7.3361839E-02         1.0000000E+30               134       
 NEXT SEEDS:357D5A87       2       0       0       0       0      42    3039       0       0
        320                  1833                  1833             6.8396889E-02         1.0000000E+30               158       
 NEXT SEEDS:366E73DB       2       0       0       0       0      42    3039       0       0
        360                  1793                  1793             6.8464024E-02         1.0000000E+30               161       
 NEXT SEEDS:3863AE7A       2       0       0       0       0      42    3039       0       0
        400                  1753                  1753             6.8631763E-02         1.0000000E+30               180       
 NEXT SEEDS:3A61CDED       2       0       0       0       0      42    3039       0       0
  Comptn_2: TXYZ:   1.0000000000011424       U,V,W  0.26753981463568266       0.41326943447663211      -0.87041991137221331     
        440                  1713                  1713             8.4343333E-02         1.0000000E+30               180       
 NEXT SEEDS: 5144291       3       0       0       0       0      42    3039       0       0
        480                  1673                  1673             8.0233347E-02         1.0000000E+30               187       
 NEXT SEEDS: 60CFFAB       3       0       0       0       0      42    3039       0       0
        520                  1633                  1633             9.3224169E-02         1.0000000E+30               188       
 NEXT SEEDS: D1400C9       3       0       0       0       0      42    3039       0       0
  Comptn_2: TXYZ:  0.99999999999857847       U,V,W -0.50617988718323659      -0.58788676113113780       0.63100798560436999     
  Comptn_2: TXYZ:   1.0000000000090910       U,V,W -0.42307490875307963       0.59817238527750760       0.68058608499151774     
  Comptn_2: TXYZ:  0.99999999999220468       U,V,W -0.40024100188018963       0.36364020217968385       0.84117355151292372     
        560                  1593                  1593             1.0686250E-01         1.0000000E+30               189       
 NEXT SEEDS:156F9F2D       3       0       0       0       0      42    3039       0       0
  *** Kaon: P_min > 1.5 GeV/c:           15   3.6285828151293917     
  *** Kbar: P_min > 1.8 GeV/c:           16   3.5934023560215675     
  *** Kaon: P_min > 1.5 GeV/c:           15   3.5826907082952704     
  *** Kaon: P_min > 1.5 GeV/c:           15   3.2688423570877050     
  *** Kaon: P_min > 1.5 GeV/c:           15   1.5573319632901763     
  *** Kaon: P_min > 1.5 GeV/c:           15   1.5082644754928280     
  *** Kaon: P_min > 1.5 GeV/c:           15   1.6066716024138914     
  *** Kaon: P_min > 1.5 GeV/c:           15   2.0521367716982195     
  *** Kaon: P_min > 1.5 GeV/c:           15   2.1868226590026896     
  *** Kaon: P_min > 1.5 GeV/c:           15   2.0226057161722295     
  *** Kaon: P_min > 1.5 GeV/c:           15   2.0540488517282558     
  Comptn_2: TXYZ:   1.0000000000027016       U,V,W -0.42436146319629131      -0.12209037413002477       0.89722421339450875     
        600                  1553                  1553             1.0735038E-01         1.0000000E+30               411       
 NEXT SEEDS:18AF4950       3       0       0       0       0      42    3039       0       0
        640                  1513                  1513             1.1017335E-01         1.0000000E+30               412       
 NEXT SEEDS:1D10FEB5       3       0       0       0       0      42    3039       0       0
  Comptn_2: TXYZ:  0.99999999999351674       U,V,W -0.59809046712233993       0.23057685460369726       0.76754290254810087     
        680                  1473                  1473             1.0660835E-01         1.0000000E+30               443       
 NEXT SEEDS:1E7AC4E2       3       0       0       0       0      42    3039       0       0
  Comptn_2: TXYZ:   1.0000000000011171       U,V,W  0.53592318176768572       0.59480402944023814      -0.59916150561161174     
  Comptn_2: TXYZ:  0.99999999648277016       U,V,W -0.83634686347522802       0.50483552362311457      -0.21369374002551922     
  Comptn_p: TXYZ,IPARAL:   1.2759793222016924E-012           1
        720                  1433                  1433             1.1938409E-01         1.0000000E+30               443       
 NEXT SEEDS:2801CB85       3       0       0       0       0      42    3039       0       0
        760                  1393                  1393             1.2762263E-01         1.0000000E+30               448       
 NEXT SEEDS:2FFE1C01       3       0       0       0       0      42    3039       0       0
        800                  1353                  1353             1.2371701E-01         1.0000000E+30               451       
 NEXT SEEDS:31638D44       3       0       0       0       0      42    3039       0       0
        840                  1313                  1313             1.2339650E-01         1.0000000E+30               454       
 NEXT SEEDS:3499A4DC       3       0       0       0       0      42    3039       0       0
        880                  1273                  1273             1.2969404E-01         1.0000000E+30               458       
 NEXT SEEDS:  48ACDA       4       0       0       0       0      42    3039       0       0
        920                  1233                  1233             1.2646647E-01         1.0000000E+30               459       
 NEXT SEEDS: 1DFEBE9       4       0       0       0       0      42    3039       0       0
  Comptn_2: TXYZ:   1.0000000000010172       U,V,W  0.19074234895770559       0.51901446236006943       0.83321146426114545     
  Comptn_2: TXYZ:   1.0000000000012923       U,V,W -0.74578886284170398      -0.22524745764270904       0.62694701122827468     
  Comptn_2: TXYZ:  0.99999999992991973       U,V,W -0.89377714189146218      -0.44820251640925335       -1.6641059060702901E-002
        960                  1193                  1193             1.3891523E-01         1.0000000E+30               460       
 NEXT SEEDS: E0319B3       4       0       0       0       0      42    3039       0       0
       1000                  1153                  1153             1.3636006E-01         1.0000000E+30               468       
 NEXT SEEDS:1021FC23       4       0       0       0       0      42    3039       0       0
       1040                  1113                  1113             1.3544431E-01         1.0000000E+30               469       
 NEXT SEEDS:135D74F3       4       0       0       0       0      42    3039       0       0
  Comptn_2: TXYZ:   1.0000000000011073       U,V,W -0.60582938529805119      -0.27974254345931993       0.74479182681431411     
  Comptn_2: TXYZ:   1.0000000000125222       U,V,W -0.81977871000943026      -0.54075445985080250       0.18854039561659874     
  Comptn_2: TXYZ:   1.0000000000015494       U,V,W -0.96988769016532528      -0.10707491929902346      -0.21875289740807347     
       1080                  1073                  1073             1.4092195E-01         1.0000000E+30               471       
 NEXT SEEDS:1BBE6898       4       0       0       0       0      42    3039       0       0
       1120                  1033                  1033             1.3992008E-01         1.0000000E+30               475       
 NEXT SEEDS:1EF2ECC5       4       0       0       0       0      42    3039       0       0
  Comptn_2: TXYZ:   1.0000000000033638       U,V,W -0.21761713307586206      -0.78106927329205300      -0.58529785042679805     
  Comptn_2: TXYZ:  0.99999999999878686       U,V,W -0.73925847936156330       0.64034187496508821      -0.20846866396897923     
  Comptn_2: TXYZ:   1.0000000000036366       U,V,W  0.46066373439860797      -0.86902384391340348       0.18051726378254784     
       1160                   993                   993             1.3781830E-01         1.0000000E+30               487       
 NEXT SEEDS:2133E3BC       4       0       0       0       0      42    3039       0       0
       1200                   953                   953             1.3463016E-01         1.0000000E+30               487       
 NEXT SEEDS:226402B7       4       0       0       0       0      42    3039       0       0
       1240                   913                   913             1.3364511E-01         1.0000000E+30               487       
 NEXT SEEDS:255AA14B       4       0       0       0       0      42    3039       0       0
       1280                   873                   873             1.3295414E-01         1.0000000E+30               487       
 NEXT SEEDS:2879D36D       4       0       0       0       0      42    3039       0       0
  Comptn_2: TXYZ:  0.99999999999721390       U,V,W  0.10838398156386120      -0.78089830174557306      -0.61518351316372133     
  Comptn_2: TXYZ:   1.0000000000020632       U,V,W  0.31185454282521619      -0.60602694441466587       0.73176368232152811     
       1320                   833                   833             1.3071074E-01         1.0000000E+30               597       
 NEXT SEEDS:2A1E7AB6       4       0       0       0       0      42    3039       0       0
       1360                   793                   793             1.3248828E-01         1.0000000E+30               640       
 NEXT SEEDS:2F8008D0       4       0       0       0       0      42    3039       0       0
  Comptn_2: TXYZ:  0.99999999999776068       U,V,W  0.44717401031307702       -7.7240756592484416E-002 -0.89110564470173870     
       1400                   753                   753             1.3344948E-01         1.0000000E+30               645       
 NEXT SEEDS:3461A483       4       0       0       0       0      42    3039       0       0
       1440                   713                   713             1.3269501E-01         1.0000000E+30               654       
 NEXT SEEDS:37672D19       4       0       0       0       0      42    3039       0       0
  Comptn_2: TXYZ:   1.0000000000039242       U,V,W -0.30706674774665998      -0.95128897115158395        2.7555503943389681E-002
  Comptn_2: TXYZ:  0.99999999999090583       U,V,W -0.42199342900157433        6.8410390771646234E-002  0.90401413943857634     
  Comptn_2: TXYZ:   1.0000000000012657       U,V,W -0.50666316182389437       0.23453294282359316       0.82963048351804503     
       1480                   673                   673             1.3359380E-01         1.0000000E+30               697       
 NEXT SEEDS:  817A37       5       0       0       0       0      42    3039       0       0
  Comptn_2: TXYZ:   1.0000000000016454       U,V,W  0.12016631840852199      -0.95362424997411210      -0.27597254534300930     
       1520                   633                   633             1.3325739E-01         1.0000000E+30               767       
 NEXT SEEDS: 3F339DE       5       0       0       0       0      42    3039       0       0
       1560                   593                   593             1.3115285E-01         1.0000000E+30               776       
 NEXT SEEDS: 56602FB       5       0       0       0       0      42    3039       0       0
  Comptn_2: TXYZ:   1.0000000000012474       U,V,W  0.55547793289067471       0.10174963883736510      -0.82528254378074450     
  Comptn_2: TXYZ:   1.0000000000017564       U,V,W -0.31980595606523821      -0.86146733920534757       0.39445934384853132     
       1600                   553                   553             1.3508777E-01         1.0000000E+30               780       
 NEXT SEEDS: DEA4F8D       5       0       0       0       0      42    3039       0       0
  Comptn_2: TXYZ:  0.99999999999895484       U,V,W -0.35733477722095586      -0.81930447773713055       0.44838825781602765     
       1640                   513                   513             1.3431162E-01         1.0000000E+30               782       
 NEXT SEEDS:10E41B29       5       0       0       0       0      42    3039       0       0
       1680                   473                   473             1.3265142E-01         1.0000000E+30               782       
 NEXT SEEDS:12B64CED       5       0       0       0       0      42    3039       0       0
       1720                   433                   433             1.3055450E-01         1.0000000E+30               786       
 NEXT SEEDS:13E95BE7       5       0       0       0       0      42    3039       0       0
       1760                   393                   393             1.3049040E-01         1.0000000E+30              1060       
 NEXT SEEDS:17A57A48       5       0       0       0       0      42    3039       0       0
  Comptn_2: TXYZ:  0.99999999999704126       U,V,W  0.11047858955509327       0.97384328065118453       0.19855413865617777     
       1800                   353                   353             1.2943956E-01         1.0000000E+30              1062       
 NEXT SEEDS:1A072408       5       0       0       0       0      42    3039       0       0
       1840                   313                   313             1.2790398E-01         1.0000000E+30              1128       
 NEXT SEEDS:1BB4E41C       5       0       0       0       0      42    3039       0       0
       1880                   273                   273             1.2603968E-01         1.0000000E+30              1153       
 NEXT SEEDS:1CE2AFD1       5       0       0       0       0      42    3039       0       0
  Comptn_2: TXYZ:   1.0000000000024154       U,V,W  0.43474455893283448      -0.89854287464016735        6.0148739921091376E-002
       1920                   233                   233             1.2484234E-01         1.0000000E+30              1169       
 NEXT SEEDS:1EDC6615       5       0       0       0       0      42    3039       0       0
       1960                   193                   193             1.2405856E-01         1.0000000E+30              1170       
 NEXT SEEDS:215AB8E0       5       0       0       0       0      42    3039       0       0
       2000                   153                   153             1.2251728E-01         1.0000000E+30              1171       
 NEXT SEEDS:22B405DF       5       0       0       0       0      42    3039       0       0
       2040                   113                   113             1.2119931E-01         1.0000000E+30              1178       
 NEXT SEEDS:244A6CBF       5       0       0       0       0      42    3039       0       0
  Comptn_2: TXYZ:   1.0000000000014690       U,V,W  -2.1036950844219859E-002  0.90668987430135672      -0.42127297390176466     
  Comptn_2: TXYZ:  0.99999999999898193       U,V,W -0.93369275329769419        7.0436126238604402E-003 -0.35800590771600138     
       2080                    73                    73             1.2204286E-01         1.0000000E+30              1181       
 NEXT SEEDS:29212E6D       5       0       0       0       0      42    3039       0       0
  Comptn_2: TXYZ:  0.99999999999737965       U,V,W  0.19638842579929872       0.57882116903820702      -0.79145286687376171     
       2103                    50                    50             1.2113865E-01         1.0000000E+30              1182       
 NEXT SEEDS:29C5295F       5       0       0       0       0      42    3039       0       0
       2104                    49                    49             1.2111443E-01         1.0000000E+30              1182       
 NEXT SEEDS:29D28D5D       5       0       0       0       0      42    3039       0       0
       2105                    48                    48             1.2105695E-01         1.0000000E+30              1182       
 NEXT SEEDS:29D28D61       5       0       0       0       0      42    3039       0       0
       2106                    47                    47             1.2106293E-01         1.0000000E+30              1184       
 NEXT SEEDS:29EAB511       5       0       0       0       0      42    3039       0       0
  Comptn_2: TXYZ:  0.99999999999853695       U,V,W  0.87153602245598449       0.28254471462574315       0.40074112067168244     
       2107                    46                    46             1.2304960E-01         1.0000000E+30              1184       
 NEXT SEEDS:2CA7FE40       5       0       0       0       0      42    3039       0       0
       2108                    45                    45             1.2299129E-01         1.0000000E+30              1184       
 NEXT SEEDS:2CA7FE44       5       0       0       0       0      42    3039       0       0
       2109                    44                    44             1.2298922E-01         1.0000000E+30              1184       
 NEXT SEEDS:2CBC2CE6       5       0       0       0       0      42    3039       0       0
       2110                    43                    43             1.2297625E-01         1.0000000E+30              1184       
 NEXT SEEDS:2CCE2E3D       5       0       0       0       0      42    3039       0       0
       2111                    42                    42             1.2306166E-01         1.0000000E+30              1184       
 NEXT SEEDS:2D082873       5       0       0       0       0      42    3039       0       0
       2112                    41                    41             1.2300396E-01         1.0000000E+30              1184       
 NEXT SEEDS:2D085591       5       0       0       0       0      42    3039       0       0
       2113                    40                    40             1.2297041E-01         1.0000000E+30              1184       
 NEXT SEEDS:2D11E8F2       5       0       0       0       0      42    3039       0       0
       2114                    39                    39             1.2294569E-01         1.0000000E+30              1184       
 NEXT SEEDS:2D1E8C79       5       0       0       0       0      42    3039       0       0
       2115                    38                    38             1.2292027E-01         1.0000000E+30              1184       
 NEXT SEEDS:2D2BA885       5       0       0       0       0      42    3039       0       0
       2116                    37                    37             1.2286224E-01         1.0000000E+30              1184       
 NEXT SEEDS:2D2BA889       5       0       0       0       0      42    3039       0       0
       2117                    36                    36             1.2280426E-01         1.0000000E+30              1184       
 NEXT SEEDS:2D2BA88D       5       0       0       0       0      42    3039       0       0
       2118                    35                    35             1.2274632E-01         1.0000000E+30              1184       
 NEXT SEEDS:2D2BA891       5       0       0       0       0      42    3039       0       0
       2119                    34                    34             1.2268930E-01         1.0000000E+30              1184       
 NEXT SEEDS:2D2BF180       5       0       0       0       0      42    3039       0       0
       2120                    33                    33             1.2263147E-01         1.0000000E+30              1184       
 NEXT SEEDS:2D2BF184       5       0       0       0       0      42    3039       0       0
       2121                    32                    32             1.2257436E-01         1.0000000E+30              1184       
 NEXT SEEDS:2D2C2088       5       0       0       0       0      42    3039       0       0
       2122                    31                    31             1.2251665E-01         1.0000000E+30              1184       
 NEXT SEEDS:2D2C208C       5       0       0       0       0      42    3039       0       0
       2123                    30                    30             1.2245900E-01         1.0000000E+30              1184       
 NEXT SEEDS:2D2C2090       5       0       0       0       0      42    3039       0       0
       2124                    29                    29             1.2240139E-01         1.0000000E+30              1184       
 NEXT SEEDS:2D2C2094       5       0       0       0       0      42    3039       0       0
       2125                    28                    28             1.2247054E-01         1.0000000E+30              1184       
 NEXT SEEDS:2D5E4BF1       5       0       0       0       0      42    3039       0       0
       2126                    27                    27             1.2241299E-01         1.0000000E+30              1184       
 NEXT SEEDS:2D5E4BF5       5       0       0       0       0      42    3039       0       0
       2127                    26                    26             1.2239982E-01         1.0000000E+30              1184       
 NEXT SEEDS:2D6F6EAC       5       0       0       0       0      42    3039       0       0
       2128                    25                    25             1.2238618E-01         1.0000000E+30              1184       
 NEXT SEEDS:2D80951A       5       0       0       0       0      42    3039       0       0
       2129                    24                    24             1.2234837E-01         1.0000000E+30              1184       
 NEXT SEEDS:2D888284       5       0       0       0       0      42    3039       0       0
       2130                    23                    23             1.2229102E-01         1.0000000E+30              1184       
 NEXT SEEDS:2D888425       5       0       0       0       0      42    3039       0       0
       2131                    22                    22             1.2223368E-01         1.0000000E+30              1184       
 NEXT SEEDS:2D888429       5       0       0       0       0      42    3039       0       0
       2132                    21                    21             1.2224236E-01         1.0000000E+30              1184       
 NEXT SEEDS:2DA2545D       5       0       0       0       0      42    3039       0       0
       2133                    20                    20             1.2218513E-01         1.0000000E+30              1184       
 NEXT SEEDS:2DA25461       5       0       0       0       0      42    3039       0       0
       2134                    19                    19             1.2218502E-01         1.0000000E+30              1184       
 NEXT SEEDS:2DB963CD       5       0       0       0       0      42    3039       0       0
       2135                    18                    18             1.2212784E-01         1.0000000E+30              1184       
 NEXT SEEDS:2DB963D1       5       0       0       0       0      42    3039       0       0
       2136                    17                    17             1.2211350E-01         1.0000000E+30              1184       
 NEXT SEEDS:2DCA718E       5       0       0       0       0      42    3039       0       0
       2137                    16                    16             1.2205641E-01         1.0000000E+30              1184       
 NEXT SEEDS:2DCA7192       5       0       0       0       0      42    3039       0       0
       2138                    15                    15             1.2207728E-01         1.0000000E+30              1185       
 NEXT SEEDS:2DE83947       5       0       0       0       0      42    3039       0       0
       2139                    14                    14             1.2202027E-01         1.0000000E+30              1185       
 NEXT SEEDS:2DE8395E       5       0       0       0       0      42    3039       0       0
       2140                    13                    13             1.2204699E-01         1.0000000E+30              1185       
 NEXT SEEDS:2E09FB7A       5       0       0       0       0      42    3039       0       0
       2141                    12                    12             1.2202512E-01         1.0000000E+30              1185       
 NEXT SEEDS:2E171CBF       5       0       0       0       0      42    3039       0       0
       2142                    11                    11             1.2196821E-01         1.0000000E+30              1185       
 NEXT SEEDS:2E171CC3       5       0       0       0       0      42    3039       0       0
       2143                    10                    10             1.2191134E-01         1.0000000E+30              1185       
 NEXT SEEDS:2E171CC7       5       0       0       0       0      42    3039       0       0
       2144                     9                     9             1.2185454E-01         1.0000000E+30              1185       
 NEXT SEEDS:2E171CCB       5       0       0       0       0      42    3039       0       0
       2145                     8                     8             1.2180194E-01         1.0000000E+30              1185       
 NEXT SEEDS:2E187527       5       0       0       0       0      42    3039       0       0
       2146                     7                     7             1.2177977E-01         1.0000000E+30              1185       
 NEXT SEEDS:2E2667AB       5       0       0       0       0      42    3039       0       0
       2147                     6                     6             1.2172310E-01         1.0000000E+30              1185       
 NEXT SEEDS:2E2667AF       5       0       0       0       0      42    3039       0       0
       2148                     5                     5             1.2173763E-01         1.0000000E+30              1186       
 NEXT SEEDS:2E41F0EE       5       0       0       0       0      42    3039       0       0
       2149                     4                     4             1.2168105E-01         1.0000000E+30              1186       
 NEXT SEEDS:2E41F104       5       0       0       0       0      42    3039       0       0
       2150                     3                     3             1.2162450E-01         1.0000000E+30              1186       
 NEXT SEEDS:2E41F108       5       0       0       0       0      42    3039       0       0
       2151                     2                     2             1.2156922E-01         1.0000000E+30              1186       
 NEXT SEEDS:2E424E80       5       0       0       0       0      42    3039       0       0
       2152                     1                     1             1.2154001E-01         1.0000000E+30              1186       
 NEXT SEEDS:2E4D199A       5       0       0       0       0      42    3039       0       0
       2153                     0                     1             1.2148362E-01         1.0000000E+30              1186       
 NEXT SEEDS:2E4D199E       5       0       0       0       0      42    3039       0       0
