1NUMBER OF BEAM       NUMBER OF BEAM        APPROXIMATE NUMBER    AVERAGE TIME USED     TIME LEFT (RESERVED   NUMBER OF STARS
 PARTICLES HANDLED    PARTICLES LEFT        OF BEAM PARTICLES     BY A BEAM PARTICLE     10000.0 SECONDS      CREATED
                                            THAT CAN STILL BE                           FOR PRINTOUT)
                                            HANDLED

 NEXT SEEDS:136756AE       6       0       0       0       0       C    3039       0       0
          1                  2152                  2152             1.2319398E-01         1.0000000E+30                 0       
 NEXT SEEDS:137E889F       6       0       0       0       0       C    3039       0       0
         40                  2113                  2113             1.2433495E-01         1.0000000E+30                 1       
 NEXT SEEDS:1728DA4F       6       0       0       0       0       C    3039       0       0
         80                  2073                  2073             8.9819178E-02         1.0000000E+30                 5       
 NEXT SEEDS:18C328EF       6       0       0       0       0       C    3039       0       0
        120                  2033                  2033             9.0021179E-02         1.0000000E+30                10       
 NEXT SEEDS:1B5A7606       6       0       0       0       0       C    3039       0       0
  Comptn_2: TXYZ:  0.99999999997807598       U,V,W  0.44709261407791701      -0.85630904442078304       0.25854016101607158     
        160                  1993                  1993             9.1207610E-02         1.0000000E+30                10       
 NEXT SEEDS:1E251699       6       0       0       0       0       C    3039       0       0
        200                  1953                  1953             8.4302281E-02         1.0000000E+30                13       
 NEXT SEEDS:1FCB25B3       6       0       0       0       0       C    3039       0       0
  *** Kaon: P_min > 1.5 GeV/c:           15   2.0665872216663081     
  *** Kaon: P_min > 1.5 GeV/c:           15   1.8315825251963735     
  *** Kaon: P_min > 1.5 GeV/c:           15   2.0304300585229478     
  *** Kaon: P_min > 1.5 GeV/c:           15   2.0253407965516961     
  *** Kaon: P_min > 1.5 GeV/c:           15   2.0749540911520432     
  *** Kaon: P_min > 1.5 GeV/c:           15   2.0168770161965299     
  *** Kaon: P_min > 1.5 GeV/c:           15   2.3761345412537414     
  *** Kaon: P_min > 1.5 GeV/c:           15   2.6782771545363562     
  *** Kaon: P_min > 1.5 GeV/c:           15   1.6718792648925660     
  *** Kaon: P_min > 1.5 GeV/c:           15   3.8672749007627738     
  *** Kaon: P_min > 1.5 GeV/c:           15   3.0541630326719389     
  *** Kaon: P_min > 1.5 GeV/c:           15   1.6885053870926889     
  *** Kaon: P_min > 1.5 GeV/c:           15   1.6815006409835613     
  *** Kaon: P_min > 1.5 GeV/c:           15   1.6409940970291395     
  *** Kaon: P_min > 1.5 GeV/c:           15   1.7206458238291860     
  *** Kbar: P_min > 1.8 GeV/c:           16   2.2384601574489142     
  *** Kbar: P_min > 1.8 GeV/c:           16   1.9289657988840896     
  *** Kbar: P_min > 1.8 GeV/c:           16   2.0713337482775294     
  *** Kbar: P_min > 1.8 GeV/c:           16   2.1255263491945784     
  *** Kbar: P_min > 1.8 GeV/c:           16   2.4114404086270276     
  Comptn_2: TXYZ:   1.0000000000049105       U,V,W  -3.6927860576184912E-002  0.96011164319982079      -0.27716775734258192     
  Comptn_2: TXYZ:   1.0000000000010680       U,V,W -0.45764277410342269       -8.6498550827698750E-002  0.88491869231963882     
        240                  1913                  1913             8.9312227E-02         1.0000000E+30              1054       
 NEXT SEEDS:23274E21       6       0       0       0       0       C    3039       0       0
        280                  1873                  1873             8.7664263E-02         1.0000000E+30              1058       
 NEXT SEEDS:2569B0CC       6       0       0       0       0       C    3039       0       0
        320                  1833                  1833             8.8073998E-02         1.0000000E+30              1519       
 NEXT SEEDS:28192E8F       6       0       0       0       0       C    3039       0       0
        360                  1793                  1793             8.8137176E-02         1.0000000E+30              1524       
 NEXT SEEDS:2AB85E0F       6       0       0       0       0       C    3039       0       0
  Comptn_2: TXYZ:   1.0000000000013267       U,V,W  0.62883145454257061       0.53789115061441350      -0.56146603803783535     
  Comptn_2: TXYZ:  0.99999999999764588       U,V,W -0.74517376481297859        4.3975005247432364E-002 -0.66541885992627670     
        400                  1753                  1753             8.8217196E-02         1.0000000E+30              1541       
 NEXT SEEDS:2D5327A5       6       0       0       0       0       C    3039       0       0
  Comptn_2: TXYZ:  0.99999999999890787       U,V,W  0.20380500119053124      -0.85365414529391614      -0.47931004758000739     
        440                  1713                  1713             8.8593842E-02         1.0000000E+30              1542       
 NEXT SEEDS:2FFB62E0       6       0       0       0       0       C    3039       0       0
        480                  1673                  1673             8.5385668E-02         1.0000000E+30              1544       
 NEXT SEEDS:3164263E       6       0       0       0       0       C    3039       0       0
        520                  1633                  1633             8.6587462E-02         1.0000000E+30              1717       
 NEXT SEEDS:3447A1FD       6       0       0       0       0       C    3039       0       0
        560                  1593                  1593             8.4591807E-02         1.0000000E+30              1718       
 NEXT SEEDS:35FDE3A1       6       0       0       0       0       C    3039       0       0
        600                  1553                  1553             8.3048340E-02         1.0000000E+30              1735       
 NEXT SEEDS:37CCEE40       6       0       0       0       0       C    3039       0       0
  Comptn_2: TXYZ:  0.99999999999086375       U,V,W -0.28127151055693389        4.7718988533129385E-002 -0.95844104433880517     
        640                  1513                  1513             8.5872969E-02         1.0000000E+30              1869       
 NEXT SEEDS:3B724EF5       6       0       0       0       0       C    3039       0       0
  Comptn_2: TXYZ:   1.0000000000028717       U,V,W -0.81818538061362744       0.57494219063455887       -3.7630282140810323E-003
        680                  1473                  1473             8.4723924E-02         1.0000000E+30              2068       
 NEXT SEEDS: 1BF9EB6       7       0       0       0       0       C    3039       0       0
        720                  1433                  1433             8.2919261E-02         1.0000000E+30              2069       
 NEXT SEEDS: 3357B1C       7       0       0       0       0       C    3039       0       0
        760                  1393                  1393             8.1914738E-02         1.0000000E+30              2072       
 NEXT SEEDS: 50AEB4E       7       0       0       0       0       C    3039       0       0
        800                  1353                  1353             8.3158748E-02         1.0000000E+30              2073       
 NEXT SEEDS: 823F90F       7       0       0       0       0       C    3039       0       0
  Comptn_2: TXYZ:   1.0000000000011147       U,V,W  0.47478023781872203      -0.43801698431563807      -0.76336416422893905     
        840                  1313                  1313             8.8186897E-02         1.0000000E+30              2074       
 NEXT SEEDS: DCF34F8       7       0       0       0       0       C    3039       0       0
  *** Hhflev: call to Hadriv !! ***   1.2255139888338529        5.0000000000000000        2.1604142084722437                8 T F T
        880                  1273                  1273             8.8727610E-02         1.0000000E+30              2707       
 NEXT SEEDS:10C207E4       7       0       0       0       0       C    3039       0       0
  Comptn_2: TXYZ:   1.0000000000020148       U,V,W -0.32415904206619928       0.87893776370455612       0.34984185424670500     
  Comptn_2: TXYZ:   1.0000000000246334       U,V,W  0.16790401597688742       0.91632139888918829       0.36354275591906315     
        920                  1233                  1233             9.5270412E-02         1.0000000E+30              3768       
 NEXT SEEDS:17D72C27       7       0       0       0       0       C    3039       0       0
        960                  1193                  1193             9.4208516E-02         1.0000000E+30              3924       
 NEXT SEEDS:19D83AA6       7       0       0       0       0       C    3039       0       0
  Comptn_2: TXYZ:  0.99999999951165863       U,V,W  0.14448982627891382       0.94976180175700620      -0.27762422361320205     
       1000                  1153                  1153             9.3206785E-02         1.0000000E+30              3925       
 NEXT SEEDS:1BD7B737       7       0       0       0       0       C    3039       0       0
       1040                  1113                  1113             9.3407922E-02         1.0000000E+30              4249       
 NEXT SEEDS:1EBB8AF6       7       0       0       0       0       C    3039       0       0
  Comptn_2: TXYZ:   1.0000000000029008       U,V,W -0.28193836461277044      -0.18571688803967845       0.94128635178633857     
       1080                  1073                  1073             1.0196833E-01         1.0000000E+30              4254       
 NEXT SEEDS:278CE536       7       0       0       0       0       C    3039       0       0
  Comptn_2: TXYZ:   1.0000000000014024       U,V,W  0.26289385659000430       0.13979063317476914      -0.95464412167322010     
       1120                  1033                  1033             1.0526514E-01         1.0000000E+30              5138       
 NEXT SEEDS:2D2E254D       7       0       0       0       0       C    3039       0       0
       1160                   993                   993             1.0498889E-01         1.0000000E+30              5147       
 NEXT SEEDS:2FFBA2F9       7       0       0       0       0       C    3039       0       0
  Comptn_2: TXYZ:  0.99999999999819766       U,V,W  0.41074445027598472       0.27038172490743795       0.87073688299150120     
  Comptn_2: TXYZ:   1.0000000000023095       U,V,W -0.75706900986725856       0.33465576238302219       0.56111677483814049     
       1200                   953                   953             1.0606763E-01         1.0000000E+30              5148       
 NEXT SEEDS:33D215A4       7       0       0       0       0       C    3039       0       0
       1240                   913                   913             1.0419175E-01         1.0000000E+30              5148       
 NEXT SEEDS:353610F3       7       0       0       0       0       C    3039       0       0
  Comptn_2: TXYZ:   1.0000000000076379       U,V,W -0.76587000757305645       0.10970229653381836       0.63356810024092169     
       1280                   873                   873             1.0212748E-01         1.0000000E+30              5235       
 NEXT SEEDS:3650EA54       7       0       0       0       0       C    3039       0       0
  Comptn_2: TXYZ:   1.0000000000012226       U,V,W -0.45377013894311347      -0.50526419799164302       0.73403048385787883     
       1320                   833                   833             1.0117709E-01         1.0000000E+30              5276       
 NEXT SEEDS:385A4454       7       0       0       0       0       C    3039       0       0
  Comptn_2: TXYZ:  0.99999999999708145       U,V,W  0.44561933837498202      -0.58771307025752151      -0.67529012454781423     
       1360                   793                   793             1.0014465E-01         1.0000000E+30              5277       
 NEXT SEEDS:3A4A189B       7       0       0       0       0       C    3039       0       0
  Comptn_2: TXYZ:  0.99999999999331757       U,V,W  0.99170212211062747       -9.0619876780635877E-002  -9.1186286945230677E-002
  Comptn_2: TXYZ:   1.0000000000276559       U,V,W  -6.8943114143621642E-002  0.98204482041116847       0.17559845598248103     
       1400                   753                   753             1.0033253E-01         1.0000000E+30              5279       
 NEXT SEEDS: 1C204DE       8       0       0       0       0       C    3039       0       0
       1440                   713                   713             1.0185846E-01         1.0000000E+30              5280       
 NEXT SEEDS: 64583FC       8       0       0       0       0       C    3039       0       0
       1480                   673                   673             1.0501056E-01         1.0000000E+30              5287       
 NEXT SEEDS: CB2560A       8       0       0       0       0       C    3039       0       0
       1520                   633                   633             1.0864692E-01         1.0000000E+30              5675       
 NEXT SEEDS:13B24E38       8       0       0       0       0       C    3039       0       0
       1560                   593                   593             1.0843377E-01         1.0000000E+30              5682       
 NEXT SEEDS:1697A15B       8       0       0       0       0       C    3039       0       0
       1600                   553                   553             1.0870874E-01         1.0000000E+30              5685       
 NEXT SEEDS:19F20FE1       8       0       0       0       0       C    3039       0       0
       1640                   513                   513             1.0973496E-01         1.0000000E+30              5686       
 NEXT SEEDS:1E4CE5A9       8       0       0       0       0       C    3039       0       0
  Comptn_2: TXYZ:  0.99999999999885647       U,V,W  0.27163871264068717      -0.80399685320804792       0.52896263556637280     
       1680                   473                   473             1.0964648E-01         1.0000000E+30              5687       
 NEXT SEEDS:21691A7C       8       0       0       0       0       C    3039       0       0
       1720                   433                   433             1.0887400E-01         1.0000000E+30              5688       
 NEXT SEEDS:239D704F       8       0       0       0       0       C    3039       0       0
       1760                   393                   393             1.0828523E-01         1.0000000E+30              5691       
 NEXT SEEDS:25E422F3       8       0       0       0       0       C    3039       0       0
       1800                   353                   353             1.0678106E-01         1.0000000E+30              5691       
 NEXT SEEDS:270BF357       8       0       0       0       0       C    3039       0       0
  Comptn_2: TXYZ:   1.0000000000019984       U,V,W -0.74659167559767070      -0.15986886975621672       0.64578852143184662     
       1840                   313                   313             1.0649096E-01         1.0000000E+30              5698       
 NEXT SEEDS:29C55661       8       0       0       0       0       C    3039       0       0
       1880                   273                   273             1.0531433E-01         1.0000000E+30              5750       
 NEXT SEEDS:2B371C4B       8       0       0       0       0       C    3039       0       0
  *** Hhflev: call to Hadriv !! ***  0.61545137350358203        3.5000000000000000        1.4436348354562165               13 T F T
       1920                   233                   233             1.0562249E-01         1.0000000E+30              6622       
 NEXT SEEDS:2EBAEDF1       8       0       0       0       0       C    3039       0       0
  Comptn_2: TXYZ:   1.0000000000022427       U,V,W  -6.5684607541371065E-002 -0.99053899988746075       0.12049075498281070     
  Comptn_2: TXYZ:   1.0000000000011411       U,V,W  0.48096853246241267       0.87573402029260450        4.1942776305894824E-002
       1960                   193                   193             1.0737586E-01         1.0000000E+30              6674       
 NEXT SEEDS:34344EC0       8       0       0       0       0       C    3039       0       0
       2000                   153                   153             1.0666101E-01         1.0000000E+30              6691       
 NEXT SEEDS:363E9408       8       0       0       0       0       C    3039       0       0
       2040                   113                   113             1.0540524E-01         1.0000000E+30              6694       
 NEXT SEEDS:377F77AE       8       0       0       0       0       C    3039       0       0
  Comptn_2: TXYZ:  0.99999999999675115       U,V,W  0.23505963823410525      -0.52246547545170974      -0.81961990790306061     
  Comptn_2: TXYZ:  0.99999999999887335       U,V,W -0.25038880484603254        4.9345517236230707E-002 -0.96688699770724895     
       2080                    73                    73             1.0503947E-01         1.0000000E+30              6703       
 NEXT SEEDS:3A017431       8       0       0       0       0       C    3039       0       0
  *** Hhflev: call to Hadriv !! ***  0.86398407667430721        3.5000000000000000        1.5944144340624167               14 T F T
       2103                    50                    50             1.0426160E-01         1.0000000E+30              6732       
 NEXT SEEDS:3A93F2F7       8       0       0       0       0       C    3039       0       0
       2104                    49                    49             1.0421951E-01         1.0000000E+30              6732       
 NEXT SEEDS:3A964C87       8       0       0       0       0       C    3039       0       0
       2105                    48                    48             1.0417006E-01         1.0000000E+30              6732       
 NEXT SEEDS:3A964C8B       8       0       0       0       0       C    3039       0       0
       2106                    47                    47             1.0412085E-01         1.0000000E+30              6732       
 NEXT SEEDS:3A965CBB       8       0       0       0       0       C    3039       0       0
       2107                    46                    46             1.0407702E-01         1.0000000E+30              6732       
 NEXT SEEDS:3A982247       8       0       0       0       0       C    3039       0       0
       2108                    45                    45             1.0408821E-01         1.0000000E+30              6732       
 NEXT SEEDS:3AB036CC       8       0       0       0       0       C    3039       0       0
       2109                    44                    44             1.0404263E-01         1.0000000E+30              6732       
 NEXT SEEDS:3AB160FD       8       0       0       0       0       C    3039       0       0
       2110                    43                    43             1.0399434E-01         1.0000000E+30              6732       
 NEXT SEEDS:3AB1B5FF       8       0       0       0       0       C    3039       0       0
       2111                    42                    42             1.0396289E-01         1.0000000E+30              6732       
 NEXT SEEDS:3AB908FA       8       0       0       0       0       C    3039       0       0
       2112                    41                    41             1.0443398E-01         1.0000000E+30              6732       
 NEXT SEEDS:3B7518CB       8       0       0       0       0       C    3039       0       0
       2113                    40                    40             1.0443197E-01         1.0000000E+30              6732       
 NEXT SEEDS:3B87B835       8       0       0       0       0       C    3039       0       0
       2114                    39                    39             1.0438263E-01         1.0000000E+30              6732       
 NEXT SEEDS:3B87B839       8       0       0       0       0       C    3039       0       0
       2115                    38                    38             1.0433485E-01         1.0000000E+30              6732       
 NEXT SEEDS:3B883EB9       8       0       0       0       0       C    3039       0       0
       2116                    37                    37             1.0428590E-01         1.0000000E+30              6732       
 NEXT SEEDS:3B8856EB       8       0       0       0       0       C    3039       0       0
       2117                    36                    36             1.0430122E-01         1.0000000E+30              6732       
 NEXT SEEDS:   7B05B       9       0       0       0       0       C    3039       0       0
       2118                    35                    35             1.0425204E-01         1.0000000E+30              6732       
 NEXT SEEDS:   7B05F       9       0       0       0       0       C    3039       0       0
       2119                    34                    34             1.0420289E-01         1.0000000E+30              6732       
 NEXT SEEDS:   7B063       9       0       0       0       0       C    3039       0       0
       2120                    33                    33             1.0418905E-01         1.0000000E+30              6732       
 NEXT SEEDS:  1569D7       9       0       0       0       0       C    3039       0       0
       2121                    32                    32             1.0414318E-01         1.0000000E+30              6732       
 NEXT SEEDS:  1672B4       9       0       0       0       0       C    3039       0       0
       2122                    31                    31             1.0409466E-01         1.0000000E+30              6732       
 NEXT SEEDS:  169AD6       9       0       0       0       0       C    3039       0       0
       2123                    30                    30             1.0404569E-01         1.0000000E+30              6732       
 NEXT SEEDS:  169ADA       9       0       0       0       0       C    3039       0       0
       2124                    29                    29             1.0399791E-01         1.0000000E+30              6732       
 NEXT SEEDS:  16FC75       9       0       0       0       0       C    3039       0       0
       2125                    28                    28             1.0394903E-01         1.0000000E+30              6732       
 NEXT SEEDS:  16FC79       9       0       0       0       0       C    3039       0       0
       2126                    27                    27             1.0394112E-01         1.0000000E+30              6732       
 NEXT SEEDS:  2741DB       9       0       0       0       0       C    3039       0       0
       2127                    26                    26             1.0390135E-01         1.0000000E+30              6732       
 NEXT SEEDS:  2AADA1       9       0       0       0       0       C    3039       0       0
       2128                    25                    25             1.0389032E-01         1.0000000E+30              6732       
 NEXT SEEDS:  39FB30       9       0       0       0       0       C    3039       0       0
       2129                    24                    24             1.0385847E-01         1.0000000E+30              6732       
 NEXT SEEDS:  40E846       9       0       0       0       0       C    3039       0       0
       2130                    23                    23             1.0380977E-01         1.0000000E+30              6732       
 NEXT SEEDS:  40E84A       9       0       0       0       0       C    3039       0       0
       2131                    22                    22             1.0376428E-01         1.0000000E+30              6732       
 NEXT SEEDS:  41DBD9       9       0       0       0       0       C    3039       0       0
       2132                    21                    21             1.0373152E-01         1.0000000E+30              6732       
 NEXT SEEDS:  47631F       9       0       0       0       0       C    3039       0       0
       2133                    20                    20             1.0368295E-01         1.0000000E+30              6732       
 NEXT SEEDS:  476323       9       0       0       0       0       C    3039       0       0
       2134                    19                    19             1.0363441E-01         1.0000000E+30              6732       
 NEXT SEEDS:  476327       9       0       0       0       0       C    3039       0       0
       2135                    18                    18             1.0358920E-01         1.0000000E+30              6732       
 NEXT SEEDS:  4888CA       9       0       0       0       0       C    3039       0       0
       2136                    17                    17             1.0362231E-01         1.0000000E+30              6732       
 NEXT SEEDS:  65EE11       9       0       0       0       0       C    3039       0       0
       2137                    16                    16             1.0357420E-01         1.0000000E+30              6732       
 NEXT SEEDS:  66099F       9       0       0       0       0       C    3039       0       0
       2138                    15                    15             1.0360846E-01         1.0000000E+30              6732       
 NEXT SEEDS:  887F49       9       0       0       0       0       C    3039       0       0
       2139                    14                    14             1.0356008E-01         1.0000000E+30              6732       
 NEXT SEEDS:  887F4D       9       0       0       0       0       C    3039       0       0
       2140                    13                    13             1.0351214E-01         1.0000000E+30              6732       
 NEXT SEEDS:  88A03D       9       0       0       0       0       C    3039       0       0
       2141                    12                    12             1.0346418E-01         1.0000000E+30              6732       
 NEXT SEEDS:  88BC4F       9       0       0       0       0       C    3039       0       0
       2142                    11                    11             1.0341653E-01         1.0000000E+30              6732       
 NEXT SEEDS:  88E790       9       0       0       0       0       C    3039       0       0
       2143                    10                    10             1.0344048E-01         1.0000000E+30              6732       
 NEXT SEEDS:  A6CAE5       9       0       0       0       0       C    3039       0       0
       2144                     9                     9             1.0339288E-01         1.0000000E+30              6732       
 NEXT SEEDS:  A6FDDB       9       0       0       0       0       C    3039       0       0
       2145                     8                     8             1.0334473E-01         1.0000000E+30              6732       
 NEXT SEEDS:  A6FDDF       9       0       0       0       0       C    3039       0       0
       2146                     7                     7             1.0347782E-01         1.0000000E+30              6732       
 NEXT SEEDS:  F1F6D6       9       0       0       0       0       C    3039       0       0
       2147                     6                     6             1.0346607E-01         1.0000000E+30              6732       
 NEXT SEEDS: 1007FC9       9       0       0       0       0       C    3039       0       0
       2148                     5                     5             1.0347257E-01         1.0000000E+30              6732       
 NEXT SEEDS: 116C0A9       9       0       0       0       0       C    3039       0       0
       2149                     4                     4             1.0342479E-01         1.0000000E+30              6732       
 NEXT SEEDS: 116DA9C       9       0       0       0       0       C    3039       0       0
       2150                     3                     3             1.0337674E-01         1.0000000E+30              6732       
 NEXT SEEDS: 116DAA0       9       0       0       0       0       C    3039       0       0
       2151                     2                     2             1.0332873E-01         1.0000000E+30              6732       
 NEXT SEEDS: 116DAA4       9       0       0       0       0       C    3039       0       0
       2152                     1                     1             1.0328103E-01         1.0000000E+30              6732       
 NEXT SEEDS: 116F144       9       0       0       0       0       C    3039       0       0
       2153                     0                     1             1.0323480E-01         1.0000000E+30              6732       
 NEXT SEEDS: 117937F       9       0       0       0       0       C    3039       0       0
