1NUMBER OF BEAM       NUMBER OF BEAM        APPROXIMATE NUMBER    AVERAGE TIME USED     TIME LEFT (RESERVED   NUMBER OF STARS
 PARTICLES HANDLED    PARTICLES LEFT        OF BEAM PARTICLES     BY A BEAM PARTICLE     10000.0 SECONDS      CREATED
                                            THAT CAN STILL BE                           FOR PRINTOUT)
                                            HANDLED

 NEXT SEEDS:20A79F4B      1F       0       0       0       0      1E    3039       0       0
          1                  2846                  2846             8.1777573E-05         1.0000000E+30                 0       
 NEXT SEEDS:20A79F4F      1F       0       0       0       0      1E    3039       0       0
  *** Kbar: P_min > 1.8 GeV/c:           16   1.8483659630790075     
  *** Kaon: P_min > 1.5 GeV/c:           15   7.8777152789864475     
  *** Kaon: P_min > 1.5 GeV/c:           15   7.5389967126509614     
  *** Kaon: P_min > 1.5 GeV/c:           15   8.3911588298657698     
         50                  2797                  2797             1.6149109E-01         1.0000000E+30                72       
 NEXT SEEDS:26419012      1F       0       0       0       0      1E    3039       0       0
  Comptn_2: TXYZ:   1.0000000000019205       U,V,W  0.23027377574445040       0.33573048548773343       0.91337781302179977     
  Comptn_2: TXYZ:   1.0000000000013993       U,V,W  0.45484002309536820      -0.31046869426464951       0.83470338640358221     
  Comptn_2: TXYZ:  0.99999999998453371       U,V,W  0.23687734801683291      -0.96397690118405177      -0.12098618088293733     
  Comptn_2: TXYZ:  0.99999999999764833       U,V,W   7.9944146006496908E-002  0.57922007486423688      -0.81124166460507197     
        100                  2747                  2747             3.7506984E-01         1.0000000E+30               107       
 NEXT SEEDS:3A9A33B8      1F       0       0       0       0      1E    3039       0       0
  *** Kbar: P_min > 1.8 GeV/c:           25   8.9990319960498510     
  *** Kaon: P_min > 1.5 GeV/c:           15   2.8055410429449505     
  *** Kaon: P_min > 1.5 GeV/c:           15   2.7464936271700564     
  *** Kaon: P_min > 1.5 GeV/c:           15   2.5563962470334385     
  *** Kaon: P_min > 1.5 GeV/c:           15   3.1202092408754578     
  *** Kaon: P_min > 1.5 GeV/c:           15   2.6709780284242766     
  *** Kaon: P_min > 1.5 GeV/c:           15   2.1490809672013511     
  *** Kaon: P_min > 1.5 GeV/c:           15   2.2706050044798318     
  *** Kaon: P_min > 1.5 GeV/c:           15   1.9363269631321876     
  *** Kaon: P_min > 1.5 GeV/c:           15   2.2518807341798692     
  *** Kaon: P_min > 1.5 GeV/c:           24   1.8608082275127478     
  *** Kaon: P_min > 1.5 GeV/c:           24   1.8593536175776422     
  *** Kaon: P_min > 1.5 GeV/c:           24   1.5117053822247584     
  *** Kaon: P_min > 1.5 GeV/c:           24   2.3838672563931347     
  *** Kaon: P_min > 1.5 GeV/c:           24   1.8591130943066894     
  *** Kaon: P_min > 1.5 GeV/c:           24   2.2792219934374214     
  Comptn_2: TXYZ:  0.99999999999773515       U,V,W -0.40685338147509498      -0.60425196252406721      -0.68509115580762625     
  Comptn_2: TXYZ:   1.0000000000010731       U,V,W -0.57044658631942724      -0.82060874026672082        3.4525172779451108E-002
        150                  2697                  2697             3.7815691E-01         1.0000000E+30               608       
 NEXT SEEDS: C4E7F06      20       0       0       0       0      1E    3039       0       0
        200                  2647                  2647             3.6380642E-01         1.0000000E+30               614       
 NEXT SEEDS:179C3480      20       0       0       0       0      1E    3039       0       0
  Comptn_2: TXYZ:   1.0000000000026006       U,V,W -0.43286962884416447       0.80186785617210887       0.41186384359987471     
  Comptn_2: TXYZ:  0.99999999999799838       U,V,W  0.17733692685543190      -0.85861913886056607      -0.48096235689896716     
  Comptn_2: TXYZ:   1.0000000000108826       U,V,W -0.22478112966004460       0.24032182867563279      -0.94430866903869770     
        250                  2597                  2597             3.7322894E-01         1.0000000E+30               639       
 NEXT SEEDS:259A5B9B      20       0       0       0       0      1E    3039       0       0
        300                  2547                  2547             3.7638313E-01         1.0000000E+30               664       
 NEXT SEEDS:32ED2310      20       0       0       0       0      1E    3039       0       0
  Comptn_2: TXYZ:  0.99999999999390676       U,V,W  -2.2356762554977649E-002  0.92074641536322521       0.38952049208961803     
  Comptn_2: TXYZ:  0.99999999999473865       U,V,W  0.96984857954207015       -4.4227466613733668E-002 -0.23966156127318072     
        350                  2497                  2497             3.7254183E-01         1.0000000E+30               667       
 NEXT SEEDS: 367F320      21       0       0       0       0      1E    3039       0       0
        400                  2447                  2447             3.4851068E-01         1.0000000E+30               675       
 NEXT SEEDS: 9B6E696      21       0       0       0       0      1E    3039       0       0
  Comptn_2: TXYZ:  0.99999999999855504       U,V,W -0.80243040215085060       0.40529278934658919       0.43799909201531517     
  Comptn_2: TXYZ:   1.0000000000042859       U,V,W -0.55662946075298692      -0.51840681337183980       0.64916717359689358     
        450                  2397                  2397             3.3988242E-01         1.0000000E+30               681       
 NEXT SEEDS:13101770      21       0       0       0       0      1E    3039       0       0
  Comptn_2: TXYZ:   1.0000000000028066       U,V,W  0.78541265116745507      -0.16636527223042208      -0.59619591040581099     
  Comptn_2: TXYZ:   1.0000000000029474       U,V,W -0.38370016833703602      -0.72696137102330383      -0.56947462266636251     
        500                  2347                  2347             3.3571864E-01         1.0000000E+30               684       
 NEXT SEEDS:1D7D98E2      21       0       0       0       0      1E    3039       0       0
  Comptn_2: TXYZ:  0.99999999999738298       U,V,W -0.68665848149613407      -0.61961408825393249       0.38023481090512234     
  *** Hhflev: call to Hadriv !! ***  0.76960988974104116        3.5000000000000000        1.5401461554024367               14 T F T
  Comptn_2: TXYZ:  0.99999999999808720       U,V,W  0.18459056716253741       0.57151363595505700      -0.79956143380614009     
        550                  2297                  2297             3.3425328E-01         1.0000000E+30              1475       
 NEXT SEEDS:287EF35C      21       0       0       0       0      1E    3039       0       0
        600                  2247                  2247             3.2090231E-01         1.0000000E+30              1489       
 NEXT SEEDS:2E836BCA      21       0       0       0       0      1E    3039       0       0
  Comptn_2: TXYZ:  0.99999999999866429       U,V,W -0.15910915899520006      -0.61152006203975162      -0.77506611927331903     
  Comptn_2: TXYZ:  0.99999999999864420       U,V,W  0.41466111410970186      -0.51124479182164606       0.75278477885726858     
  *** Hhflev: call to Hadriv !! ***  0.86840915659040074        3.5000000000000000        1.5984552788681021               13 T F T
        650                  2197                  2197             3.1765802E-01         1.0000000E+30              1619       
 NEXT SEEDS:3830B835      21       0       0       0       0      1E    3039       0       0
        700                  2147                  2147             3.0867208E-01         1.0000000E+30              1626       
 NEXT SEEDS: 348D95F      22       0       0       0       0      1E    3039       0       0
  Comptn_2: TXYZ:   1.0000000000094391       U,V,W  0.41012082405304895       0.70834625602161339       0.57449672868315815     
  Comptn_2: TXYZ:   1.0000000000010547       U,V,W  0.86150496132958310       0.50604854828820578        4.1521902424714874E-002
        750                  2097                  2097             2.9759649E-01         1.0000000E+30              1646       
 NEXT SEEDS: 8583B6F      22       0       0       0       0      1E    3039       0       0
  Comptn_2: TXYZ:   1.0000000000037348       U,V,W -0.16103056747192568       0.23467649753936826      -0.95864284164962044     
        800                  2047                  2047             2.8988137E-01         1.0000000E+30              1650       
 NEXT SEEDS: E7579BC      22       0       0       0       0      1E    3039       0       0
  Comptn_2: TXYZ:   1.0000000000058042       U,V,W  -4.4902323410204392E-002 -0.91235593357199463       0.40692804257527371     
  Comptn_2: TXYZ:  0.99999999999762690       U,V,W  0.59372212456496953      -0.80313076196203781        4.9749552660927066E-002
  Comptn_2: TXYZ:   1.0000000000043645       U,V,W  0.55376966214878554       0.70710054414340817       0.43971352237574024     
        850                  1997                  1997             2.8616610E-01         1.0000000E+30              1658       
 NEXT SEEDS:165212C8      22       0       0       0       0      1E    3039       0       0
        900                  1947                  1947             2.8542234E-01         1.0000000E+30              1748       
 NEXT SEEDS:1FC04882      22       0       0       0       0      1E    3039       0       0
  Comptn_2: TXYZ:  0.99999999999824729       U,V,W  0.62354017674507389        2.5603238831983788E-002  0.78137194865459669     
        950                  1897                  1897             2.8407288E-01         1.0000000E+30              1750       
 NEXT SEEDS:28DD8887      22       0       0       0       0      1E    3039       0       0
  Comptn_2: TXYZ:  0.99999999999825673       U,V,W -0.54456022762654754      -0.37503639694275392      -0.75020121264483208     
       1000                  1847                  1847             2.8755970E-01         1.0000000E+30              1755       
 NEXT SEEDS:351CB365      22       0       0       0       0      1E    3039       0       0
  Comptn_2: TXYZ:   1.0000000000010201       U,V,W  -6.9203090390452360E-002 -0.79603585854699965      -0.60128017112555110     
  Comptn_2: TXYZ:   1.0000000000092275       U,V,W  0.72640368339872907        4.6753775331630720E-002 -0.68567614312168246     
  Comptn_2: TXYZ:  0.99999999999619371       U,V,W -0.60584595811536701       0.45843168958967340       0.65022385453889964     
  *** Hhflev: call to Hadriv !! ***  0.97015323908282758        5.0000000000000000        2.0744693556551206                9 T F T
  *** Hhflev: call to Hadriv !! ***   1.0336755484277405        5.0000000000000000        2.0953479297573665                8 T F T
  *** Hhflev: call to Hadriv !! ***   1.0336755484277405        5.0000000000000000        2.0953479297573665                8 T F T
       1050                  1797                  1797             2.8758328E-01         1.0000000E+30              2708       
 NEXT SEEDS: 38B5256      23       0       0       0       0      1E    3039       0       0
  Comptn_2: TXYZ:   1.0000000000098979       U,V,W -0.36886623523398043       -8.0152380531018252E-002 -0.92602013823103135     
  Comptn_2: TXYZ:  0.99999999999737765       U,V,W -0.59467414010624964       0.44322638662980296       0.67075557193463453     
       1100                  1747                  1747             2.8995132E-01         1.0000000E+30              2711       
 NEXT SEEDS: F87B9D3      23       0       0       0       0      1E    3039       0       0
       1150                  1697                  1697             2.8580758E-01         1.0000000E+30              2754       
 NEXT SEEDS:16524AE8      23       0       0       0       0      1E    3039       0       0
  Comptn_2: TXYZ:   1.0000000000010791       U,V,W -0.42631390716175233        1.0868108860563552E-002  0.90450999815997335     
  Comptn_2: TXYZ:   1.0000000000058327       U,V,W -0.31265865476967747      -0.77366017500570194      -0.55108483849004131     
       1200                  1647                  1647             2.8280923E-01         1.0000000E+30              2806       
 NEXT SEEDS:1DD45276      23       0       0       0       0      1E    3039       0       0
  Comptn_2: TXYZ:  0.99999999999788214       U,V,W -0.16848989315786866       0.61244656587930224      -0.77234730519642625     
  Comptn_2: TXYZ:  0.99999999999893197       U,V,W -0.22642571884446028       0.96677778534589320      -0.11862591456503679     
  Comptn_2: TXYZ:   1.0000000000018996       U,V,W -0.16970022622442116       0.96847287146870631       0.18237908446540274     
  Comptn_2: TXYZ:   1.0000000000018545       U,V,W  0.76371363636559342      -0.53816864665614617      -0.35653329351883656     
       1250                  1597                  1597             2.8427508E-01         1.0000000E+30              2824       
 NEXT SEEDS:291AEB0B      23       0       0       0       0      1E    3039       0       0
  Comptn_2: TXYZ:   1.0000000000237832       U,V,W  -2.3503072635833178E-002 -0.24947908945989639       0.96809492795010499     
  Comptn_2: TXYZ:  0.99999999999398115       U,V,W -0.53049075651600219      -0.76838180106945364       0.35800693433273523     
  Comptn_2: TXYZ:  0.99999999999555644       U,V,W  0.77379227915584181      -0.51125816943013547       0.37397940171259592     
  Comptn_2: TXYZ:  0.99999999999523725       U,V,W -0.18147772975363097       0.97543681336384491       0.12485534323084835     
  Comptn_2: TXYZ:   1.0000000000011384       U,V,W  0.51448143780466182       0.72440480533161633       0.45885349314138324     
       1300                  1547                  1547             3.1187076E-01         1.0000000E+30              2835       
 NEXT SEEDS:10226CE5      24       0       0       0       0      1E    3039       0       0
  Comptn_2: TXYZ:  0.99999999999866473       U,V,W -0.45696258152210589      -0.64852052641235503       0.60877444584111728     
       1350                  1497                  1497             3.1280052E-01         1.0000000E+30              2996       
 NEXT SEEDS:1BAB3874      24       0       0       0       0      1E    3039       0       0
  Comptn_2: TXYZ:   1.0000000000035059       U,V,W  0.98983322472965973       -1.6350302059549904E-002 -0.14128996725652598     
       1400                  1447                  1447             3.1080133E-01         1.0000000E+30              3024       
 NEXT SEEDS:249961CA      24       0       0       0       0      1E    3039       0       0
  Comptn_2: TXYZ:  0.99999999999755140       U,V,W  0.96767349951625903      -0.24383262598924205       -6.4448807860955526E-002
       1450                  1397                  1397             3.0718391E-01         1.0000000E+30              3027       
 NEXT SEEDS:2BB3323E      24       0       0       0       0      1E    3039       0       0
  *** Hhflev: call to Hadriv !! ***  0.55859256468500273        3.5000000000000000        1.4086168132086665               13 T F T
       1500                  1347                  1347             3.0996233E-01         1.0000000E+30              4445       
 NEXT SEEDS:398A6722      24       0       0       0       0      1E    3039       0       0
  Comptn_2: TXYZ:  0.99999999999157618       U,V,W  0.83743914204677594       0.54573146285753182       -2.9544099358659537E-002
       1550                  1297                  1297             3.1540453E-01         1.0000000E+30              4474       
 NEXT SEEDS: F76AA91      25       0       0       0       0      1E    3039       0       0
  Comptn_2: TXYZ:  0.99999999999769584       U,V,W  0.31889566459958019      -0.94029847184877724       0.11892997492702229     
  Comptn_2: TXYZ:  0.99999999999807865       U,V,W -0.13017137593773498       0.89885289655643774       0.41847208178880635     
       1600                  1247                  1247             3.1185086E-01         1.0000000E+30              4483       
 NEXT SEEDS:16934B78      25       0       0       0       0      1E    3039       0       0
  Comptn_2: TXYZ:   1.0000000000061164       U,V,W -0.32957994094810772        8.0086371146045110E-002  0.94072484589672456     
  Comptn_2: TXYZ:  0.99999999999866396       U,V,W  0.45629990210138516       0.71369593776393270       0.53144003213927249     
  Comptn_2: TXYZ:   1.0000000000017615       U,V,W -0.68441480262011822      -0.58924833212094541      -0.42937487240045868     
  Comptn_2: TXYZ:  0.99999999999719413       U,V,W -0.35509873906569567      -0.83215382560705109       0.42594001460146558     
  Comptn_2: TXYZ:   1.0000000000061058       U,V,W  0.64840238328699229       -6.1751702325551605E-002  0.75878921751284167     
       1650                  1197                  1197             3.1646402E-01         1.0000000E+30              4489       
 NEXT SEEDS:2725CB9F      25       0       0       0       0      1E    3039       0       0
  Comptn_2: TXYZ:   1.0000000000019742       U,V,W   8.9987523554512450E-002 -0.91139418681250373       0.40157549956499494     
  Comptn_2: TXYZ:   1.0000000000073557       U,V,W   1.7776673425885292E-002  0.91349342602485706       0.40646494375116049     
  Comptn_2: TXYZ:  0.99999999999620659       U,V,W -0.56887979983464732       -7.9891308220922497E-002 -0.81853109422125669     
       1700                  1147                  1147             3.1763527E-01         1.0000000E+30              4606       
 NEXT SEEDS:339C6063      25       0       0       0       0      1E    3039       0       0
  Comptn_2: TXYZ:  0.99999999999878320       U,V,W   3.4778996091013425E-002 -0.59270381084044743       0.80466925754927132     
  Comptn_2: TXYZ:  0.99999999999892397       U,V,W -0.31409632227689599      -0.73977096051807223       0.59504825544254913     
       1750                  1097                  1097             3.1789940E-01         1.0000000E+30              4655       
 NEXT SEEDS: 3D6AEEE      26       0       0       0       0      1E    3039       0       0
  Comptn_2: TXYZ:   1.0000000000011127       U,V,W -0.46802187194804645       0.84357962719980861      -0.26330389277941002     
  Comptn_2: TXYZ:   1.0000000000083933       U,V,W -0.89024232991191710        1.5917685172325946E-002 -0.45520898644485186     
       1800                  1047                  1047             3.1312461E-01         1.0000000E+30              4659       
 NEXT SEEDS: 9052582      26       0       0       0       0      1E    3039       0       0
  Comptn_2: TXYZ:   1.0000000000024445       U,V,W  0.27202912381245881       0.66960517355087135      -0.69110713160419479     
  *** Hhflev: call to Hadriv !! ***  0.67542768254424668        3.5000000000000000        1.4826647542676681               14 T F T
       1850                   997                   997             3.1022420E-01         1.0000000E+30              5144       
 NEXT SEEDS:10843A43      26       0       0       0       0      1E    3039       0       0
  Comptn_2: TXYZ:  0.99999999999682765       U,V,W  0.56212528979563103       0.79900806739573937      -0.21354453120024175     
  Comptn_2: TXYZ:  0.99999999999655442       U,V,W -0.53303630443022598      -0.39525118830685813      -0.74809678270791835     
  Comptn_2: TXYZ:  0.99999999999861477       U,V,W  0.87559700320217715       0.48281121253951653        1.4940583258464812E-002
       1900                   947                   947             3.0856765E-01         1.0000000E+30              5360       
 NEXT SEEDS:1981FE2E      26       0       0       0       0      1E    3039       0       0
  Comptn_2: TXYZ:   1.0000000000017581       U,V,W -0.24536150657796441      -0.77878380186028529       0.57731578971269215     
  Comptn_2: TXYZ:  0.99999999998578359       U,V,W  0.74206157756377422      -0.27003729041325641      -0.61353441376634521     
       1950                   897                   897             3.1346447E-01         1.0000000E+30              5367       
 NEXT SEEDS:2B6883CB      26       0       0       0       0      1E    3039       0       0
  Comptn_2: TXYZ:   1.0000000000017015       U,V,W -0.86714611541587061      -0.29336859619246525       0.40248289564766537     
  Comptn_2: TXYZ:  0.99999999999891820       U,V,W  -5.7101725343358112E-003 -0.59960768473665027      -0.80027371463349972     
  Comptn_2: TXYZ:  0.99999999999659728       U,V,W -0.98869140284600476      -0.13244049612221431        7.0347884985251241E-002
  Comptn_2: TXYZ:   1.0000000000058835       U,V,W  0.49051803359670032      -0.24496149418249047       0.83629296606523695     
  Comptn_2: TXYZ:  0.99999999999871181       U,V,W  0.13776506959496260      -0.59950537446148111      -0.78842507037131071     
       2000                   847                   847             3.1384200E-01         1.0000000E+30              5372       
 NEXT SEEDS:37ABC87B      26       0       0       0       0      1E    3039       0       0
  Comptn_2: TXYZ:  0.99999999999081524       U,V,W -0.52832418772148060      -0.84358224043604224        9.6138214463138638E-002
  Comptn_2: TXYZ:  0.99999999999840128       U,V,W  0.14793055115646325       0.90723977078863349       0.39374173049390393     
       2050                   797                   797             3.1273011E-01         1.0000000E+30              5397       
 NEXT SEEDS: 5BF125A      27       0       0       0       0      1E    3039       0       0
  Comptn_2: TXYZ:   1.0000000000010123       U,V,W   7.2809710149442708E-002 -0.40586007398252694       0.91103037625309957     
       2100                   747                   747             3.1360289E-01         1.0000000E+30              5398       
 NEXT SEEDS:12802475      27       0       0       0       0      1E    3039       0       0
       2150                   697                   697             3.1157112E-01         1.0000000E+30              5408       
 NEXT SEEDS:1AC1E790      27       0       0       0       0      1E    3039       0       0
  Comptn_2: TXYZ:   1.0000000000013218       U,V,W  0.40972424370716709      -0.65886387666409263       0.63089177847478339     
       2200                   647                   647             3.0844168E-01         1.0000000E+30              5415       
 NEXT SEEDS:21157F3B      27       0       0       0       0      1E    3039       0       0
  Comptn_2: TXYZ:  0.99999999999091438       U,V,W -0.61245699384693353      -0.78458540406002442        9.6551408145401751E-002
       2250                   597                   597             3.0644256E-01         1.0000000E+30              5773       
 NEXT SEEDS:28D4BA79      27       0       0       0       0      1E    3039       0       0
  Comptn_2: TXYZ:  0.99999999999359457       U,V,W -0.23898906550381582       0.78717417981462745       0.56854290708474764     
  Comptn_2: TXYZ:  0.99999999999845102       U,V,W -0.60560789024466932       0.79542052783505568        2.3350956521156263E-002
  Comptn_2: TXYZ:  0.99999999999663780       U,V,W   3.4647865186812510E-002 -0.78375547270616863       0.62010231771681390     
  Comptn_2: TXYZ:  0.99999999999128886       U,V,W  0.82072028658883478      -0.50603940672621661       0.26522128499237851     
  Comptn_2: TXYZ:  0.99999999999846279       U,V,W   1.4481751719443992E-003  0.99750994433384532       -7.0511089498198842E-002
       2300                   547                   547             3.0735918E-01         1.0000000E+30              5777       
 NEXT SEEDS:35CED435      27       0       0       0       0      1E    3039       0       0
  Comptn_2: TXYZ:  0.99999999999791345       U,V,W  0.96956498799324642       0.13851251066182613       0.20188615218911599     
       2350                   497                   497             3.0407046E-01         1.0000000E+30              5779       
 NEXT SEEDS:3B40B26D      27       0       0       0       0      1E    3039       0       0
       2400                   447                   447             3.0038085E-01         1.0000000E+30              5794       
 NEXT SEEDS: 427E255      28       0       0       0       0      1E    3039       0       0
  Comptn_2: TXYZ:   1.0000000000016451       U,V,W -0.16015321876679423       0.18375378502189221      -0.96983786944540817     
  Comptn_2: TXYZ:   1.0000000000019851       U,V,W -0.81924029660584452       0.42468003055318526      -0.38534686720991829     
  Comptn_2: TXYZ:   1.0000000000038516       U,V,W -0.53187278683753902       0.50060082337324729       0.68301548610814677     
  Comptn_2: TXYZ:   1.0000000000033380       U,V,W -0.35952216026427664      -0.90805974893343944       0.21487510011442623     
       2450                   397                   397             2.9839509E-01         1.0000000E+30              5799       
 NEXT SEEDS: B670A0A      28       0       0       0       0      1E    3039       0       0
       2500                   347                   347             2.9570353E-01         1.0000000E+30              5807       
 NEXT SEEDS:114E30C8      28       0       0       0       0      1E    3039       0       0
       2550                   297                   297             2.9537087E-01         1.0000000E+30              5814       
 NEXT SEEDS:1B5BAFDC      28       0       0       0       0      1E    3039       0       0
  Comptn_2: TXYZ:   1.0000000000092468       U,V,W -0.51941684800925714       0.60055651663219578       0.60789637961084964     
  Comptn_2: TXYZ:  0.99999999999889300       U,V,W  0.74122775260295981      -0.40272886302625466      -0.53702037359455801     
  Comptn_2: TXYZ:   1.0000000000010703       U,V,W -0.33232742930612602       0.65494669090284219      -0.67867761993988651     
  Comptn_2: TXYZ:   1.0000000000063047       U,V,W   4.7687062331831953E-002  0.29409745845179458       0.95458505594035969     
  Comptn_2: TXYZ:   1.0000000000141742       U,V,W -0.89197515693230400       0.13556734862481790       0.43127927543136479     
       2600                   247                   247             3.0035392E-01         1.0000000E+30              5835       
 NEXT SEEDS:2F59F92B      28       0       0       0       0      1E    3039       0       0
  Comptn_2: TXYZ:  0.99999999999866618       U,V,W  0.46390604476093955       0.42953638609435529      -0.77478363086343549     
  Comptn_2: TXYZ:   1.0000000000015863       U,V,W -0.53559050358985871      -0.61754198720574882      -0.57600755767951739     
       2650                   197                   197             2.9963380E-01         1.0000000E+30              5838       
 NEXT SEEDS:38B3035E      28       0       0       0       0      1E    3039       0       0
       2700                   147                   147             2.9855443E-01         1.0000000E+30              5851       
 NEXT SEEDS: 5BBDB00      29       0       0       0       0      1E    3039       0       0
  Comptn_2: TXYZ:   1.0000000000016518       U,V,W -0.55896767261522484      -0.51399784939209781       0.65066224094615244     
  Comptn_2: TXYZ:  0.99999999999784484       U,V,W  0.61428161922078317       0.12547966921822962       0.77904617635812912     
       2750                    97                    97             2.9650931E-01         1.0000000E+30              5861       
 NEXT SEEDS: C7A5A06      29       0       0       0       0      1E    3039       0       0
  Comptn_2: TXYZ:   1.0000000000276827       U,V,W  0.90672323950040123      -0.33566678110113912      -0.25530526638277706     
       2797                    50                    50             2.9506964E-01         1.0000000E+30              5867       
 NEXT SEEDS:13A546C0      29       0       0       0       0      1E    3039       0       0
       2798                    49                    49             2.9508091E-01         1.0000000E+30              5867       
 NEXT SEEDS:13E129E9      29       0       0       0       0      1E    3039       0       0
       2799                    48                    48             2.9552201E-01         1.0000000E+30              5867       
 NEXT SEEDS:14FC1AE8      29       0       0       0       0      1E    3039       0       0
       2800                    47                    47             2.9543607E-01         1.0000000E+30              5867       
 NEXT SEEDS:15067AE9      29       0       0       0       0      1E    3039       0       0
       2801                    46                    46             2.9551951E-01         1.0000000E+30              6129       
 NEXT SEEDS:156C2CD1      29       0       0       0       0      1E    3039       0       0
       2802                    45                    45             2.9574708E-01         1.0000000E+30              6129       
 NEXT SEEDS:1621D580      29       0       0       0       0      1E    3039       0       0
  Comptn_2: TXYZ:   1.0000000000276179       U,V,W -0.11187644521260154      -0.54633593084776066      -0.83006066748095009     
       2803                    44                    44             2.9577139E-01         1.0000000E+30              6129       
 NEXT SEEDS:16694C18      29       0       0       0       0      1E    3039       0       0
       2804                    43                    43             2.9574260E-01         1.0000000E+30              6129       
 NEXT SEEDS:168CCAB5      29       0       0       0       0      1E    3039       0       0
       2805                    42                    42             2.9563721E-01         1.0000000E+30              6129       
 NEXT SEEDS:168CCAB9      29       0       0       0       0      1E    3039       0       0
       2806                    41                    41             2.9553189E-01         1.0000000E+30              6129       
 NEXT SEEDS:168CCABD      29       0       0       0       0      1E    3039       0       0
       2807                    40                    40             2.9552095E-01         1.0000000E+30              6129       
 NEXT SEEDS:16BDB2F3      29       0       0       0       0      1E    3039       0       0
       2808                    39                    39             2.9621669E-01         1.0000000E+30              6129       
 NEXT SEEDS:185D284E      29       0       0       0       0      1E    3039       0       0
       2809                    38                    38             2.9615213E-01         1.0000000E+30              6129       
 NEXT SEEDS:18730C32      29       0       0       0       0      1E    3039       0       0
       2810                    37                    37             2.9621201E-01         1.0000000E+30              6129       
 NEXT SEEDS:18C59A4E      29       0       0       0       0      1E    3039       0       0
       2811                    36                    36             2.9610668E-01         1.0000000E+30              6129       
 NEXT SEEDS:18C59A52      29       0       0       0       0      1E    3039       0       0
       2812                    35                    35             2.9600142E-01         1.0000000E+30              6129       
 NEXT SEEDS:18C59A56      29       0       0       0       0      1E    3039       0       0
  Comptn_2: TXYZ:   1.0000000000193747       U,V,W  0.40671338671970148      -0.74535965276617389      -0.52822647520798682     
       2813                    34                    34             2.9599824E-01         1.0000000E+30              6129       
 NEXT SEEDS:18F93381      29       0       0       0       0      1E    3039       0       0
       2814                    33                    33             2.9589309E-01         1.0000000E+30              6129       
 NEXT SEEDS:18F93385      29       0       0       0       0      1E    3039       0       0
       2815                    32                    32             2.9584735E-01         1.0000000E+30              6129       
 NEXT SEEDS:19193F5D      29       0       0       0       0      1E    3039       0       0
       2816                    31                    31             2.9577632E-01         1.0000000E+30              6129       
 NEXT SEEDS:192BB26F      29       0       0       0       0      1E    3039       0       0
       2817                    30                    30             2.9579202E-01         1.0000000E+30              6130       
 NEXT SEEDS:196A653C      29       0       0       0       0      1E    3039       0       0
       2818                    29                    29             2.9568710E-01         1.0000000E+30              6130       
 NEXT SEEDS:196A6540      29       0       0       0       0      1E    3039       0       0
       2819                    28                    28             2.9580373E-01         1.0000000E+30              6130       
 NEXT SEEDS:19DAABFC      29       0       0       0       0      1E    3039       0       0
       2820                    27                    27             2.9589345E-01         1.0000000E+30              6130       
 NEXT SEEDS:1A3D323F      29       0       0       0       0      1E    3039       0       0
       2821                    26                    26             2.9578860E-01         1.0000000E+30              6130       
 NEXT SEEDS:1A3D3243      29       0       0       0       0      1E    3039       0       0
       2822                    25                    25             2.9568383E-01         1.0000000E+30              6130       
 NEXT SEEDS:1A3D3247      29       0       0       0       0      1E    3039       0       0
       2823                    24                    24             2.9567403E-01         1.0000000E+30              6131       
 NEXT SEEDS:1A6E03E3      29       0       0       0       0      1E    3039       0       0
       2824                    23                    23             2.9578336E-01         1.0000000E+30              6131       
 NEXT SEEDS:1ADDC02C      29       0       0       0       0      1E    3039       0       0
       2825                    22                    22             2.9567870E-01         1.0000000E+30              6131       
 NEXT SEEDS:1ADDC030      29       0       0       0       0      1E    3039       0       0
       2826                    21                    21             2.9560952E-01         1.0000000E+30              6131       
 NEXT SEEDS:1AF130D6      29       0       0       0       0      1E    3039       0       0
       2827                    20                    20             2.9559090E-01         1.0000000E+30              6131       
 NEXT SEEDS:1B1FEE48      29       0       0       0       0      1E    3039       0       0
       2828                    19                    19             2.9550200E-01         1.0000000E+30              6131       
 NEXT SEEDS:1B285639      29       0       0       0       0      1E    3039       0       0
       2829                    18                    18             2.9550316E-01         1.0000000E+30              6131       
 NEXT SEEDS:1B5EFB03      29       0       0       0       0      1E    3039       0       0
       2830                    17                    17             2.9544435E-01         1.0000000E+30              6131       
 NEXT SEEDS:1B7658D9      29       0       0       0       0      1E    3039       0       0
       2831                    16                    16             2.9555777E-01         1.0000000E+30              6131       
 NEXT SEEDS:1BE5C6B8      29       0       0       0       0      1E    3039       0       0
       2832                    15                    15             2.9545347E-01         1.0000000E+30              6131       
 NEXT SEEDS:1BE5C6BC      29       0       0       0       0      1E    3039       0       0
       2833                    14                    14             2.9584203E-01         1.0000000E+30              6131       
 NEXT SEEDS:1CE2B282      29       0       0       0       0      1E    3039       0       0
  Comptn_2: TXYZ:   1.0000000000010187       U,V,W  -2.0872699862513500E-002 -0.41538634084223247      -0.90940558511764635     
       2834                    13                    13             2.9616062E-01         1.0000000E+30              6132       
 NEXT SEEDS:1DC07037      29       0       0       0       0      1E    3039       0       0
  Comptn_2: TXYZ:  0.99999999999715250       U,V,W -0.47015659949306610       0.54969442557498738       0.69049895759664537     
       2835                    12                    12             2.9624647E-01         1.0000000E+30              6132       
 NEXT SEEDS:1E241A73      29       0       0       0       0      1E    3039       0       0
       2836                    11                    11             2.9626946E-01         1.0000000E+30              6133       
 NEXT SEEDS:1E667EC2      29       0       0       0       0      1E    3039       0       0
       2837                    10                    10             2.9616507E-01         1.0000000E+30              6133       
 NEXT SEEDS:1E667EC6      29       0       0       0       0      1E    3039       0       0
       2838                     9                     9             2.9609022E-01         1.0000000E+30              6133       
 NEXT SEEDS:1E7698D5      29       0       0       0       0      1E    3039       0       0
       2839                     8                     8             2.9602396E-01         1.0000000E+30              6133       
 NEXT SEEDS:1E8A5658      29       0       0       0       0      1E    3039       0       0
       2840                     7                     7             2.9591977E-01         1.0000000E+30              6133       
 NEXT SEEDS:1E8A565C      29       0       0       0       0      1E    3039       0       0
       2841                     6                     6             2.9581565E-01         1.0000000E+30              6133       
 NEXT SEEDS:1E8A5660      29       0       0       0       0      1E    3039       0       0
       2842                     5                     5             2.9573633E-01         1.0000000E+30              6133       
 NEXT SEEDS:1E9795EE      29       0       0       0       0      1E    3039       0       0
       2843                     4                     4             2.9576309E-01         1.0000000E+30              6133       
 NEXT SEEDS:1EDBEC95      29       0       0       0       0      1E    3039       0       0
       2844                     3                     3             2.9570024E-01         1.0000000E+30              6133       
 NEXT SEEDS:1EF276F0      29       0       0       0       0      1E    3039       0       0
       2845                     2                     2             2.9566542E-01         1.0000000E+30              6133       
 NEXT SEEDS:1F16DA4A      29       0       0       0       0      1E    3039       0       0
       2846                     1                     1             2.9556158E-01         1.0000000E+30              6133       
 NEXT SEEDS:1F16DA4E      29       0       0       0       0      1E    3039       0       0
       2847                     0                     1             2.9550160E-01         1.0000000E+30              6133       
 NEXT SEEDS:1F2EF4AC      29       0       0       0       0      1E    3039       0       0
