1NUMBER OF BEAM       NUMBER OF BEAM        APPROXIMATE NUMBER    AVERAGE TIME USED     TIME LEFT (RESERVED   NUMBER OF STARS
 PARTICLES HANDLED    PARTICLES LEFT        OF BEAM PARTICLES     BY A BEAM PARTICLE     10000.0 SECONDS      CREATED
                                            THAT CAN STILL BE                           FOR PRINTOUT)
                                            HANDLED

 NEXT SEEDS: 3E9E05D       3       0       0       0       0       C    3039       0       0
          1                  2152                  2152             7.8916550E-05         1.0000000E+30                 0       
 NEXT SEEDS: 3E9E061       3       0       0       0       0       C    3039       0       0
  *** Kaon: P_min > 1.5 GeV/c:           24   12.427534025016328     
  *** Kaon: P_min > 1.5 GeV/c:           24   12.427471581372975     
  *** Kaon: P_min > 1.5 GeV/c:           24   14.452604050866828     
  *** Kaon: P_min > 1.5 GeV/c:           24   11.792727102084484     
  *** Kaon: P_min > 1.5 GeV/c:           15   1.5358235359362704     
  *** Kaon: P_min > 1.5 GeV/c:           15   1.7211486182905404     
  *** Hhflev: call to Hadriv !! ***  0.49034222878517719        3.5000000000000000        1.3639207453811624               13 T F T
  *** Kbar: P_min > 1.8 GeV/c:           25   11.627758240866354     
  *** Kbar: P_min > 1.8 GeV/c:           25   9.7150135381580149     
  *** Kbar: P_min > 1.8 GeV/c:           25   2.4379296343966255     
  *** Kbar: P_min > 1.8 GeV/c:           25   2.7387636587121897     
  *** Kbar: P_min > 1.8 GeV/c:           25   2.4891826560634689     
         40                  2113                  2113             6.3605297E-02         1.0000000E+30               143       
 NEXT SEEDS: 5B3E5D5       3       0       0       0       0       C    3039       0       0
  *** Kbar: P_min > 1.8 GeV/c:           16   2.5663133296949097     
  *** Kaon: P_min > 1.5 GeV/c:           24   14.361777604817295     
  *** Kaon: P_min > 1.5 GeV/c:           24   14.361275629369027     
  *** Kaon: P_min > 1.5 GeV/c:           24   11.594257667946108     
  *** Kaon: P_min > 1.5 GeV/c:           15   2.1602681723101176     
  *** Kaon: P_min > 1.5 GeV/c:           15   2.6330005578887548     
  *** Kaon: P_min > 1.5 GeV/c:           24   2.4664259868179403     
  *** Kaon: P_min > 1.5 GeV/c:           24   2.4655492118536420     
  *** Kaon: P_min > 1.5 GeV/c:           24   2.1955265674751865     
  *** Hhflev: call to Hadriv !! ***  0.82462413224676545        3.5000000000000000        1.5713962562089177               14 T F T
  *** Hhflev: call to Hadriv !! ***  0.67474759060573897        3.5000000000000000        1.4808214949205061               13 T F T
  Comptn_2: TXYZ:   1.0000000000047118       U,V,W  0.84651607248724758       0.42616360898249184       0.31905347107419857     
         80                  2073                  2073             1.4114047E-01         1.0000000E+30              2435       
 NEXT SEEDS: C2561C4       3       0       0       0       0       C    3039       0       0
        120                  2033                  2033             1.0853976E-01         1.0000000E+30              2436       
 NEXT SEEDS: D6133AF       3       0       0       0       0       C    3039       0       0
        160                  1993                  1993             1.2213302E-01         1.0000000E+30              2440       
 NEXT SEEDS:11DA647A       3       0       0       0       0       C    3039       0       0
        200                  1953                  1953             1.1492651E-01         1.0000000E+30              2443       
 NEXT SEEDS:14351BD5       3       0       0       0       0       C    3039       0       0
        240                  1913                  1913             1.1216712E-01         1.0000000E+30              2470       
 NEXT SEEDS:16F7FE0C       3       0       0       0       0       C    3039       0       0
  Comptn_2: TXYZ:  0.99999999999043732       U,V,W  0.26837800248075894      -0.10227992394069929      -0.95786850085675113     
        280                  1873                  1873             1.1944591E-01         1.0000000E+30              3124       
 NEXT SEEDS:1BAEB0F6       3       0       0       0       0       C    3039       0       0
  Comptn_2: TXYZ:   1.0000000000017346       U,V,W  0.15956663154257456      -0.34043679482583800       0.92662898661147075     
        320                  1833                  1833             1.1475021E-01         1.0000000E+30              3130       
 NEXT SEEDS:1E0A27C4       3       0       0       0       0       C    3039       0       0
        360                  1793                  1793             1.0705988E-01         1.0000000E+30              3134       
 NEXT SEEDS:1F4D9F93       3       0       0       0       0       C    3039       0       0
  Comptn_2: TXYZ:   1.0000000000881055       U,V,W -0.53098904038517958       0.15769229515649386      -0.83257659054720534     
        400                  1753                  1753             1.1879437E-01         1.0000000E+30              3135       
 NEXT SEEDS:257D27D1       3       0       0       0       0       C    3039       0       0
  Comptn_2: TXYZ:  0.99999999999579392       U,V,W -0.95649287289695906        1.4788264895148728E-002 -0.29138066393380768     
        440                  1713                  1713             1.2623249E-01         1.0000000E+30              3137       
 NEXT SEEDS:2B237F00       3       0       0       0       0       C    3039       0       0
        480                  1673                  1673             1.2606800E-01         1.0000000E+30              3139       
 NEXT SEEDS:2EB5E561       3       0       0       0       0       C    3039       0       0
        520                  1633                  1633             1.2313654E-01         1.0000000E+30              3144       
 NEXT SEEDS:312B9C71       3       0       0       0       0       C    3039       0       0
  Comptn_2: TXYZ:  0.99999999998817435       U,V,W -0.19300522834510048       0.54406950020730971      -0.81653987089657676     
        560                  1593                  1593             1.2554702E-01         1.0000000E+30              3146       
 NEXT SEEDS:35A02534       3       0       0       0       0       C    3039       0       0
  Comptn_2: TXYZ:   1.0000000000023763       U,V,W  0.69487287542826692       0.45581896973249059       0.55622005881524927     
  Comptn_2: TXYZ:   1.0000000000021827       U,V,W  0.57241611526739433      -0.80170684662655134      -0.17206371801306375     
  Comptn_2: TXYZ:   1.0000000000010945       U,V,W -0.50842273925868398      -0.13956189284077425       0.84972277612906844     
        600                  1553                  1553             1.2647670E-01         1.0000000E+30              3147       
 NEXT SEEDS:39A94990       3       0       0       0       0       C    3039       0       0
        640                  1513                  1513             1.3487988E-01         1.0000000E+30              3155       
 NEXT SEEDS: 4F49D8D       4       0       0       0       0       C    3039       0       0
        680                  1473                  1473             1.2859900E-01         1.0000000E+30              3158       
 NEXT SEEDS: 5C02D6F       4       0       0       0       0       C    3039       0       0
  Comptn_2: TXYZ:   1.0000000000016003       U,V,W -0.27740313473734202      -0.15150915515603458      -0.94873203632184833     
        720                  1433                  1433             1.3013191E-01         1.0000000E+30              3166       
 NEXT SEEDS: A42185B       4       0       0       0       0       C    3039       0       0
        760                  1393                  1393             1.3160545E-01         1.0000000E+30              3172       
 NEXT SEEDS: ED41B4C       4       0       0       0       0       C    3039       0       0
  Comptn_2: TXYZ:   1.0000000000024349       U,V,W -0.43311948485985230      -0.67622805946432862      -0.59592207832088206     
        800                  1353                  1353             1.2785152E-01         1.0000000E+30              3182       
 NEXT SEEDS:106CDD6F       4       0       0       0       0       C    3039       0       0
        840                  1313                  1313             1.2543873E-01         1.0000000E+30              3186       
 NEXT SEEDS:1294B1CD       4       0       0       0       0       C    3039       0       0
  Comptn_2: TXYZ:  0.99999999996811606       U,V,W  0.15130993925441771       0.14726874324202299       0.97745445904904216     
        880                  1273                  1273             1.2390695E-01         1.0000000E+30              3189       
 NEXT SEEDS:1524E663       4       0       0       0       0       C    3039       0       0
        920                  1233                  1233             1.2516440E-01         1.0000000E+30              3194       
 NEXT SEEDS:195BDA35       4       0       0       0       0       C    3039       0       0
  Comptn_2: TXYZ:   1.0000000000017009       U,V,W  0.96796214645142342       0.18244035857662766      -0.17252477677506306     
        960                  1193                  1193             1.2755116E-01         1.0000000E+30              3196       
 NEXT SEEDS:1E3B42BA       4       0       0       0       0       C    3039       0       0
       1000                  1153                  1153             1.2487645E-01         1.0000000E+30              3217       
 NEXT SEEDS:1FF24189       4       0       0       0       0       C    3039       0       0
       1040                  1113                  1113             1.2425378E-01         1.0000000E+30              3218       
 NEXT SEEDS:23087D3D       4       0       0       0       0       C    3039       0       0
       1080                  1073                  1073             1.2239428E-01         1.0000000E+30              3220       
 NEXT SEEDS:2505AC20       4       0       0       0       0       C    3039       0       0
  Comptn_2: TXYZ:  0.99999999999837641       U,V,W  -4.3302256146816376E-002  0.81329631279555059      -0.58023617795181792     
       1120                  1033                  1033             1.2549126E-01         1.0000000E+30              3220       
 NEXT SEEDS:2B17E39D       4       0       0       0       0       C    3039       0       0
  Comptn_2: TXYZ:   1.0000000000160110       U,V,W  0.86435196638775835      -0.50145635470829220        3.7910454234918234E-002
       1160                   993                   993             1.2997298E-01         1.0000000E+30              3228       
 NEXT SEEDS:32503C72       4       0       0       0       0       C    3039       0       0
       1200                   953                   953             1.2712883E-01         1.0000000E+30              3231       
 NEXT SEEDS:33842AA0       4       0       0       0       0       C    3039       0       0
  Comptn_2: TXYZ:  0.99999999999848288       U,V,W  0.36659769753432414      -0.92921327612851456       -4.6570544634221278E-002
       1240                   913                   913             1.2706123E-01         1.0000000E+30              3236       
 NEXT SEEDS:37083761       4       0       0       0       0       C    3039       0       0
       1280                   873                   873             1.3046846E-01         1.0000000E+30              3237       
 NEXT SEEDS: 231D463       5       0       0       0       0       C    3039       0       0
       1320                   833                   833             1.2971584E-01         1.0000000E+30              3248       
 NEXT SEEDS: 530A834       5       0       0       0       0       C    3039       0       0
       1360                   793                   793             1.2962497E-01         1.0000000E+30              3250       
 NEXT SEEDS: 8D9AA5B       5       0       0       0       0       C    3039       0       0
       1400                   753                   753             1.2789524E-01         1.0000000E+30              3253       
 NEXT SEEDS: AC4FD7D       5       0       0       0       0       C    3039       0       0
  Comptn_2: TXYZ:  0.99999999999873368       U,V,W  0.73684197674043617       0.57114111617834595       0.36174815372373814     
       1440                   713                   713             1.2608150E-01         1.0000000E+30              3256       
 NEXT SEEDS: C8E0A08       5       0       0       0       0       C    3039       0       0
       1480                   673                   673             1.2619136E-01         1.0000000E+30              3257       
 NEXT SEEDS:104D963A       5       0       0       0       0       C    3039       0       0
       1520                   633                   633             1.2422146E-01         1.0000000E+30              3259       
 NEXT SEEDS:11BBF374       5       0       0       0       0       C    3039       0       0
  *** Hhflev: call to Hadriv !! ***  0.81831021812802462        3.5000000000000000        1.5691338962421966               13 T F T
       1560                   593                   593             1.2351081E-01         1.0000000E+30              3281       
 NEXT SEEDS:147B02C1       5       0       0       0       0       C    3039       0       0
  Comptn_2: TXYZ:  0.99999999999641564       U,V,W  0.98127627836367282      -0.18555814876501131        5.1624015187286432E-002
  Comptn_2: TXYZ:  0.99999999999854128       U,V,W   9.0019331178144313E-002  0.93531175463146710      -0.34218188388777548     
  Comptn_2: TXYZ:  0.99999999999878253       U,V,W -0.89077111211083704      -0.33588725230221428      -0.30611530436826229     
       1600                   553                   553             1.2784220E-01         1.0000000E+30              3789       
 NEXT SEEDS:1CE42BCB       5       0       0       0       0       C    3039       0       0
       1640                   513                   513             1.2710308E-01         1.0000000E+30              3932       
 NEXT SEEDS:1F99D91E       5       0       0       0       0       C    3039       0       0
       1680                   473                   473             1.2553910E-01         1.0000000E+30              3937       
 NEXT SEEDS:215DF45F       5       0       0       0       0       C    3039       0       0
       1720                   433                   433             1.2400247E-01         1.0000000E+30              3939       
 NEXT SEEDS:23106C8F       5       0       0       0       0       C    3039       0       0
  Comptn_2: TXYZ:   1.0000000000010234       U,V,W  0.92108765511137669      -0.32631939974783819      -0.21239863688512628     
       1760                   393                   393             1.2666501E-01         1.0000000E+30              3946       
 NEXT SEEDS:2A003230       5       0       0       0       0       C    3039       0       0
       1800                   353                   353             1.2537413E-01         1.0000000E+30              3971       
 NEXT SEEDS:2BF84F6A       5       0       0       0       0       C    3039       0       0
       1840                   313                   313             1.2433400E-01         1.0000000E+30              3974       
 NEXT SEEDS:2E248D89       5       0       0       0       0       C    3039       0       0
       1880                   273                   273             1.2431616E-01         1.0000000E+30              4072       
 NEXT SEEDS:31AF9003       5       0       0       0       0       C    3039       0       0
  Comptn_2: TXYZ:  0.99999999999762934       U,V,W  0.18656568807784346       0.21714789085783082      -0.95814405885840870     
       1920                   233                   233             1.2319644E-01         1.0000000E+30              4077       
 NEXT SEEDS:33B2F267       5       0       0       0       0       C    3039       0       0
  Comptn_2: TXYZ:   1.0000000000025393       U,V,W   2.2829663570988146E-002 -0.64659381720423603      -0.76249278161634404     
       1960                   193                   193             1.2558574E-01         1.0000000E+30              4084       
 NEXT SEEDS:3A7E973D       5       0       0       0       0       C    3039       0       0
  Comptn_2: TXYZ:   1.0000000000020413       U,V,W -0.87284125903734733       0.45467551417388741      -0.17725211799820784     
  Comptn_2: TXYZ:  0.99999999999476163       U,V,W -0.64236871762123826      -0.65264400175833259       0.40176888578544379     
  Comptn_2: TXYZ:  0.99999999999575984       U,V,W -0.96758978946336427       0.17540575931151636      -0.18166677990858027     
       2000                   153                   153             1.2893973E-01         1.0000000E+30              4086       
 NEXT SEEDS: 79AC142       6       0       0       0       0       C    3039       0       0
  Comptn_2: TXYZ:  0.99999999999840117       U,V,W  0.39234363663013028      -0.42059989989688518       0.81802334624445505     
       2040                   113                   113             1.2772819E-01         1.0000000E+30              4087       
 NEXT SEEDS: 97C4056       6       0       0       0       0       C    3039       0       0
       2080                    73                    73             1.2674020E-01         1.0000000E+30              4090       
 NEXT SEEDS: BB21206       6       0       0       0       0       C    3039       0       0
  Comptn_2: TXYZ:   1.0000000000025404       U,V,W -0.22242935330751834      -0.16944368718284419      -0.96011146210407361     
       2103                    50                    50             1.2563911E-01         1.0000000E+30              4093       
 NEXT SEEDS: C1CE644       6       0       0       0       0       C    3039       0       0
       2104                    49                    49             1.2557946E-01         1.0000000E+30              4093       
 NEXT SEEDS: C1CE648       6       0       0       0       0       C    3039       0       0
       2105                    48                    48             1.2551986E-01         1.0000000E+30              4093       
 NEXT SEEDS: C1CE64C       6       0       0       0       0       C    3039       0       0
       2106                    47                    47             1.2546030E-01         1.0000000E+30              4093       
 NEXT SEEDS: C1CE650       6       0       0       0       0       C    3039       0       0
       2107                    46                    46             1.2540351E-01         1.0000000E+30              4093       
 NEXT SEEDS: C1E5E8C       6       0       0       0       0       C    3039       0       0
  Comptn_2: TXYZ:   1.0000000000035514       U,V,W   6.6998256909386100E-002  0.97988040486407613      -0.18800432372174214     
       2108                    45                    45             1.2877637E-01         1.0000000E+30              4093       
 NEXT SEEDS:11362E0D       6       0       0       0       0       C    3039       0       0
       2109                    44                    44             1.2871652E-01         1.0000000E+30              4093       
 NEXT SEEDS:1136821E       6       0       0       0       0       C    3039       0       0
       2110                    43                    43             1.2873009E-01         1.0000000E+30              4093       
 NEXT SEEDS:115329E1       6       0       0       0       0       C    3039       0       0
       2111                    42                    42             1.2871286E-01         1.0000000E+30              4093       
 NEXT SEEDS:1162A687       6       0       0       0       0       C    3039       0       0
       2112                    41                    41             1.2870440E-01         1.0000000E+30              4093       
 NEXT SEEDS:1177769B       6       0       0       0       0       C    3039       0       0
       2113                    40                    40             1.2866178E-01         1.0000000E+30              4093       
 NEXT SEEDS:117D1195       6       0       0       0       0       C    3039       0       0
       2114                    39                    39             1.2860097E-01         1.0000000E+30              4093       
 NEXT SEEDS:117D1199       6       0       0       0       0       C    3039       0       0
       2115                    38                    38             1.2854366E-01         1.0000000E+30              4093       
 NEXT SEEDS:117E1D66       6       0       0       0       0       C    3039       0       0
       2116                    37                    37             1.2849404E-01         1.0000000E+30              4093       
 NEXT SEEDS:1182129E       6       0       0       0       0       C    3039       0       0
       2117                    36                    36             1.2845990E-01         1.0000000E+30              4097       
 NEXT SEEDS:118CCCEF       6       0       0       0       0       C    3039       0       0
       2118                    35                    35             1.2839932E-01         1.0000000E+30              4097       
 NEXT SEEDS:118CCCF3       6       0       0       0       0       C    3039       0       0
       2119                    34                    34             1.2835998E-01         1.0000000E+30              4097       
 NEXT SEEDS:11955D3E       6       0       0       0       0       C    3039       0       0
       2120                    33                    33             1.2831219E-01         1.0000000E+30              4097       
 NEXT SEEDS:119A7085       6       0       0       0       0       C    3039       0       0
       2121                    32                    32             1.2825358E-01         1.0000000E+30              4097       
 NEXT SEEDS:119B083D       6       0       0       0       0       C    3039       0       0
       2122                    31                    31             1.2827194E-01         1.0000000E+30              4097       
 NEXT SEEDS:11B8DAC1       6       0       0       0       0       C    3039       0       0
       2123                    30                    30             1.2821829E-01         1.0000000E+30              4097       
 NEXT SEEDS:11BB3110       6       0       0       0       0       C    3039       0       0
       2124                    29                    29             1.2824215E-01         1.0000000E+30              4097       
 NEXT SEEDS:11DD8B26       6       0       0       0       0       C    3039       0       0
       2125                    28                    28             1.2828306E-01         1.0000000E+30              4097       
 NEXT SEEDS:1207430A       6       0       0       0       0       C    3039       0       0
       2126                    27                    27             1.2825980E-01         1.0000000E+30              4098       
 NEXT SEEDS:12154F66       6       0       0       0       0       C    3039       0       0
       2127                    26                    26             1.2823757E-01         1.0000000E+30              4098       
 NEXT SEEDS:1224E0C0       6       0       0       0       0       C    3039       0       0
       2128                    25                    25             1.2817737E-01         1.0000000E+30              4098       
 NEXT SEEDS:1224E0C4       6       0       0       0       0       C    3039       0       0
       2129                    24                    24             1.2811739E-01         1.0000000E+30              4098       
 NEXT SEEDS:1224EF43       6       0       0       0       0       C    3039       0       0
       2130                    23                    23             1.2809424E-01         1.0000000E+30              4098       
 NEXT SEEDS:12328850       6       0       0       0       0       C    3039       0       0
       2131                    22                    22             1.2803420E-01         1.0000000E+30              4098       
 NEXT SEEDS:12328854       6       0       0       0       0       C    3039       0       0
       2132                    21                    21             1.2811213E-01         1.0000000E+30              4098       
 NEXT SEEDS:126BD1BC       6       0       0       0       0       C    3039       0       0
       2133                    20                    20             1.2805260E-01         1.0000000E+30              4098       
 NEXT SEEDS:126BF8C9       6       0       0       0       0       C    3039       0       0
       2134                    19                    19             1.2813130E-01         1.0000000E+30              4098       
 NEXT SEEDS:12A45F10       6       0       0       0       0       C    3039       0       0
       2135                    18                    18             1.2816090E-01         1.0000000E+30              4098       
 NEXT SEEDS:12C99F00       6       0       0       0       0       C    3039       0       0
       2136                    17                    17             1.2812545E-01         1.0000000E+30              4098       
 NEXT SEEDS:12D3C986       6       0       0       0       0       C    3039       0       0
       2137                    16                    16             1.2809992E-01         1.0000000E+30              4098       
 NEXT SEEDS:12E17CEB       6       0       0       0       0       C    3039       0       0
       2138                    15                    15             1.2810012E-01         1.0000000E+30              4098       
 NEXT SEEDS:12F9FE5E       6       0       0       0       0       C    3039       0       0
       2139                    14                    14             1.2810075E-01         1.0000000E+30              4098       
 NEXT SEEDS:1310AA2F       6       0       0       0       0       C    3039       0       0
       2140                    13                    13             1.2808176E-01         1.0000000E+30              4098       
 NEXT SEEDS:132105F1       6       0       0       0       0       C    3039       0       0
       2141                    12                    12             1.2802199E-01         1.0000000E+30              4098       
 NEXT SEEDS:132105F5       6       0       0       0       0       C    3039       0       0
       2142                    11                    11             1.2796275E-01         1.0000000E+30              4098       
 NEXT SEEDS:1321294A       6       0       0       0       0       C    3039       0       0
       2143                    10                    10             1.2790373E-01         1.0000000E+30              4098       
 NEXT SEEDS:13215F12       6       0       0       0       0       C    3039       0       0
       2144                     9                     9             1.2788845E-01         1.0000000E+30              4098       
 NEXT SEEDS:1333A8A3       6       0       0       0       0       C    3039       0       0
       2145                     8                     8             1.2782908E-01         1.0000000E+30              4098       
 NEXT SEEDS:1333B9EF       6       0       0       0       0       C    3039       0       0
       2146                     7                     7             1.2777263E-01         1.0000000E+30              4098       
 NEXT SEEDS:1334B1AE       6       0       0       0       0       C    3039       0       0
       2147                     6                     6             1.2772895E-01         1.0000000E+30              4098       
 NEXT SEEDS:133A3EAE       6       0       0       0       0       C    3039       0       0
       2148                     5                     5             1.2767007E-01         1.0000000E+30              4098       
 NEXT SEEDS:133A68D7       6       0       0       0       0       C    3039       0       0
       2149                     4                     4             1.2761072E-01         1.0000000E+30              4098       
 NEXT SEEDS:133A68DB       6       0       0       0       0       C    3039       0       0
       2150                     3                     3             1.2755171E-01         1.0000000E+30              4098       
 NEXT SEEDS:133A818B       6       0       0       0       0       C    3039       0       0
       2151                     2                     2             1.2749648E-01         1.0000000E+30              4098       
 NEXT SEEDS:133BF8EC       6       0       0       0       0       C    3039       0       0
       2152                     1                     1             1.2747869E-01         1.0000000E+30              4098       
 NEXT SEEDS:134D4524       6       0       0       0       0       C    3039       0       0
       2153                     0                     1             1.2748206E-01         1.0000000E+30              4098       
 NEXT SEEDS:136756AE       6       0       0       0       0       C    3039       0       0
