1NUMBER OF BEAM       NUMBER OF BEAM        APPROXIMATE NUMBER    AVERAGE TIME USED     TIME LEFT (RESERVED   NUMBER OF STARS
 PARTICLES HANDLED    PARTICLES LEFT        OF BEAM PARTICLES     BY A BEAM PARTICLE     10000.0 SECONDS      CREATED
                                            THAT CAN STILL BE                           FOR PRINTOUT)
                                            HANDLED

 NEXT SEEDS: 117937F       9       0       0       0       0       C    3039       0       0
          1                  2152                  2152             2.9639006E-01         1.0000000E+30                 0       
 NEXT SEEDS: 14BE9CD       9       0       0       0       0       C    3039       0       0
         40                  2113                  2113             1.2003607E-01         1.0000000E+30                30       
 NEXT SEEDS: 47FFA3B       9       0       0       0       0       C    3039       0       0
  Comptn_2: TXYZ:   1.0000000000013685       U,V,W -0.65258675413183198       0.64355992586119726       0.39995143474999395     
         80                  2073                  2073             1.0167595E-01         1.0000000E+30                39       
 NEXT SEEDS: 6D5D148       9       0       0       0       0       C    3039       0       0
  Comptn_2: TXYZ:  0.99999999999884492       U,V,W  0.70684109644260751       0.23567991951014733       0.66695625037804973     
  Comptn_2: TXYZ:  0.99999999999236677       U,V,W -0.28350382802965157        6.7988837444316275E-002  0.95655794255647209     
  Comptn_2: TXYZ:  0.99999999999840461       U,V,W -0.64338545472430653       0.32230430992662207      -0.69438828363555061     
  Comptn_2: TXYZ:  0.99999999999808176       U,V,W   6.8677842060594685E-002  0.51597465022652855      -0.85384630603615852     
        120                  2033                  2033             1.2122462E-01         1.0000000E+30                42       
 NEXT SEEDS: B61A02B       9       0       0       0       0       C    3039       0       0
  Comptn_2: TXYZ:   1.0000000000018392       U,V,W -0.30566625370394718       0.14124120606486557       0.94160451520676958     
        160                  1993                  1993             1.1137822E-01         1.0000000E+30                44       
 NEXT SEEDS: DB09C52       9       0       0       0       0       C    3039       0       0
        200                  1953                  1953             1.0061597E-01         1.0000000E+30                45       
 NEXT SEEDS: F4E733F       9       0       0       0       0       C    3039       0       0
        240                  1913                  1913             1.0228963E-01         1.0000000E+30                47       
 NEXT SEEDS:12734F0B       9       0       0       0       0       C    3039       0       0
        280                  1873                  1873             9.5703300E-02         1.0000000E+30                55       
 NEXT SEEDS:13FF5977       9       0       0       0       0       C    3039       0       0
        320                  1833                  1833             1.1856451E-01         1.0000000E+30                60       
 NEXT SEEDS:1BC1FED3       9       0       0       0       0       C    3039       0       0
        360                  1793                  1793             1.2276883E-01         1.0000000E+30                60       
 NEXT SEEDS:2013F857       9       0       0       0       0       C    3039       0       0
  *** Kaon: P_min > 1.5 GeV/c:           24   11.400833882080974     
  *** Kaon: P_min > 1.5 GeV/c:           24   13.251973705634702     
  *** Kaon: P_min > 1.5 GeV/c:           24   11.478265328586051     
  *** Kbar: P_min > 1.8 GeV/c:           25   13.867240265284122     
  *** Kbar: P_min > 1.8 GeV/c:           25   13.984556307252049     
  *** Kbar: P_min > 1.8 GeV/c:           25   3.8525540854606248     
  *** Kbar: P_min > 1.8 GeV/c:           25   3.8552740587895702     
  *** Kbar: P_min > 1.8 GeV/c:           25   3.7639047934769203     
  *** Kbar: P_min > 1.8 GeV/c:           25   3.6379716435960892     
  *** Kbar: P_min > 1.8 GeV/c:           16   3.1289051243246648     
  *** Kbar: P_min > 1.8 GeV/c:           16   3.5279820041485732     
  *** Kbar: P_min > 1.8 GeV/c:           16   2.4035734128785684     
  *** Kbar: P_min > 1.8 GeV/c:           16   2.5949931652660889     
  *** Kbar: P_min > 1.8 GeV/c:           16   2.3631782117695779     
  *** Kbar: P_min > 1.8 GeV/c:           16   4.0149484419976513     
  *** Kbar: P_min > 1.8 GeV/c:           16   4.2868345150309679     
  *** Kaon: P_min > 1.5 GeV/c:           24   71.892698280762104     
  *** Kaon: P_min > 1.5 GeV/c:           24   2.5226175600745786     
  *** Kaon: P_min > 1.5 GeV/c:           24   2.2009211860238742     
  *** Kaon: P_min > 1.5 GeV/c:           24   2.5056020490906574     
        400                  1753                  1753             1.2580450E-01         1.0000000E+30              1527       
 NEXT SEEDS:24611D12       9       0       0       0       0       C    3039       0       0
        440                  1713                  1713             1.1990580E-01         1.0000000E+30              1530       
 NEXT SEEDS:26116CC0       9       0       0       0       0       C    3039       0       0
        480                  1673                  1673             1.1550978E-01         1.0000000E+30              1532       
 NEXT SEEDS:27EAEC5E       9       0       0       0       0       C    3039       0       0
  Comptn_2: TXYZ:  0.99999999999673672       U,V,W  0.10781265151616992      -0.69900882462024794      -0.70693924439997602     
        520                  1633                  1633             1.1307858E-01         1.0000000E+30              1534       
 NEXT SEEDS:2A4028C4       9       0       0       0       0       C    3039       0       0
  Comptn_2: TXYZ:   1.0000000000019251       U,V,W -0.27804342827263895      -0.60850142286468412       0.74324818894362465     
        560                  1593                  1593             1.1288134E-01         1.0000000E+30              1586       
 NEXT SEEDS:2D60E100       9       0       0       0       0       C    3039       0       0
        600                  1553                  1553             1.0782149E-01         1.0000000E+30              1588       
 NEXT SEEDS:2E6E4306       9       0       0       0       0       C    3039       0       0
        640                  1513                  1513             1.0597884E-01         1.0000000E+30              1591       
 NEXT SEEDS:30920C98       9       0       0       0       0       C    3039       0       0
        680                  1473                  1473             1.0336870E-01         1.0000000E+30              1593       
 NEXT SEEDS:324BC3C5       9       0       0       0       0       C    3039       0       0
  Comptn_2: TXYZ:   1.0000000000015754       U,V,W -0.44816522533421654       -9.0521998439882623E-002 -0.88935577729115600     
        720                  1433                  1433             1.0172054E-01         1.0000000E+30              1594       
 NEXT SEEDS:34569BC2       9       0       0       0       0       C    3039       0       0
  Comptn_2: TXYZ:   1.0000000000011073       U,V,W -0.14658830416265189        1.0770199840209216E-002 -0.98913895478806568     
        760                  1393                  1393             1.0088555E-01         1.0000000E+30              1595       
 NEXT SEEDS:36C253AB       9       0       0       0       0       C    3039       0       0
  Comptn_2: TXYZ:   1.0000000000138589       U,V,W  -8.5008623882458778E-002  0.78753982699770120      -0.61037247216097512     
        800                  1353                  1353             9.9952294E-02         1.0000000E+30              1598       
 NEXT SEEDS:3900DFEA       9       0       0       0       0       C    3039       0       0
        840                  1313                  1313             1.0031126E-01         1.0000000E+30              1599       
 NEXT SEEDS:  6EF06C       A       0       0       0       0       C    3039       0       0
  Comptn_2: TXYZ:   1.0000000000045257       U,V,W  0.13476374768208643      -0.57969911086036774      -0.80360915449172410     
        880                  1273                  1273             1.0749459E-01         1.0000000E+30              1600       
 NEXT SEEDS: 7B17D16       A       0       0       0       0       C    3039       0       0
        920                  1233                  1233             1.0552056E-01         1.0000000E+30              1607       
 NEXT SEEDS: 96A632E       A       0       0       0       0       C    3039       0       0
  Comptn_2: TXYZ:   1.0000000000010920       U,V,W   9.5892485884007783E-002 -0.26284995497765173      -0.96005965039695518     
  Comptn_2: TXYZ:  0.99999999999761813       U,V,W  0.25891153758144014       0.69784198475237247      -0.66781837352808893     
        960                  1193                  1193             1.0695950E-01         1.0000000E+30              1612       
 NEXT SEEDS: D641B08       A       0       0       0       0       C    3039       0       0
  Comptn_2: TXYZ:  0.99999999999581490       U,V,W -0.16621932422373220       0.12120862921165798       0.97861105882523702     
  Comptn_2: TXYZ:  0.99999999999869216       U,V,W -0.64426421086353258      -0.42427470800066525      -0.63632900197148956     
       1000                  1153                  1153             1.0945352E-01         1.0000000E+30              1612       
 NEXT SEEDS:11E68B78       A       0       0       0       0       C    3039       0       0
       1040                  1113                  1113             1.0839083E-01         1.0000000E+30              1615       
 NEXT SEEDS:142F0E8B       A       0       0       0       0       C    3039       0       0
  Comptn_2: TXYZ:  0.99999999998978295       U,V,W  0.54873304195592709      -0.29970701767327057       0.78042792890373391     
  Comptn_2: TXYZ:  0.99999999999489109       U,V,W  0.53228577740313199       0.23593846084784786       0.81302207464618270     
  Comptn_2: TXYZ:  0.99999999999306866       U,V,W -0.97880765152324756       -7.5184078463735204E-002  0.19048080128499123     
       1080                  1073                  1073             1.1614281E-01         1.0000000E+30              1643       
 NEXT SEEDS:1D1656CF       A       0       0       0       0       C    3039       0       0
       1120                  1033                  1033             1.1582261E-01         1.0000000E+30              1647       
 NEXT SEEDS:201C0403       A       0       0       0       0       C    3039       0       0
  Comptn_2: TXYZ:  0.99999999999595834       U,V,W -0.36806859433644945       -2.7916461608015197E-002 -0.92937946019397089     
       1160                   993                   993             1.1742676E-01         1.0000000E+30              1653       
 NEXT SEEDS:2498C9F6       A       0       0       0       0       C    3039       0       0
       1200                   953                   953             1.1921479E-01         1.0000000E+30              2209       
 NEXT SEEDS:295661AD       A       0       0       0       0       C    3039       0       0
  Comptn_2: TXYZ:  0.99999999999893452       U,V,W -0.14333125298945504       0.71826413863797711      -0.68084710402707316     
       1240                   913                   913             1.1876470E-01         1.0000000E+30              2210       
 NEXT SEEDS:2C35E54A       A       0       0       0       0       C    3039       0       0
  Comptn_2: TXYZ:  0.99999999999891143       U,V,W  0.33411841965160249       0.93889193542457150       -8.2745484729557006E-002
       1280                   873                   873             1.2336607E-01         1.0000000E+30              2254       
 NEXT SEEDS:33EE177D       A       0       0       0       0       C    3039       0       0
       1320                   833                   833             1.2618525E-01         1.0000000E+30              2257       
 NEXT SEEDS:39DEE72C       A       0       0       0       0       C    3039       0       0
       1360                   793                   793             1.2469823E-01         1.0000000E+30              2322       
 NEXT SEEDS:  575EDF       B       0       0       0       0       C    3039       0       0
  Comptn_2: TXYZ:   1.0000000000013116       U,V,W  0.58784628672344041      -0.79389692323537986      -0.15544908640507188     
       1400                   753                   753             1.2329402E-01         1.0000000E+30              3123       
 NEXT SEEDS: 27CF9EE       B       0       0       0       0       C    3039       0       0
       1440                   713                   713             1.2308036E-01         1.0000000E+30              3123       
 NEXT SEEDS: 5AF4526       B       0       0       0       0       C    3039       0       0
       1480                   673                   673             1.2311663E-01         1.0000000E+30              3123       
 NEXT SEEDS: 9213F5A       B       0       0       0       0       C    3039       0       0
  Comptn_2: TXYZ:   1.0000000000067875       U,V,W -0.85542884973801847       0.11586279858725845       0.50479430954221982     
  Comptn_2: TXYZ:   1.0000000000014773       U,V,W   8.8718081674173277E-002  0.99604303870321287        5.2313512978869880E-003
  Comptn_2: TXYZ:  0.99999999999894817       U,V,W -0.50820778718824400       0.61318856972013691      -0.60475170359805475     
  Comptn_2: TXYZ:  0.99999999999825362       U,V,W   1.3677036690481259E-002  0.10712275332177512      -0.99415172603903024     
  Comptn_2: TXYZ:   1.0000000000012634       U,V,W   1.0717369351871397E-002  0.81881992459535979       0.57395040646478179     
       1520                   633                   633             1.2981772E-01         1.0000000E+30              3126       
 NEXT SEEDS:13E572FE       B       0       0       0       0       C    3039       0       0
  Comptn_2: TXYZ:  0.99999999999790978       U,V,W  0.17487325832169276      -0.19666797925620472       0.96474921583650186     
       1560                   593                   593             1.2982538E-01         1.0000000E+30              3127       
 NEXT SEEDS:17470D0E       B       0       0       0       0       C    3039       0       0
  Comptn_2: TXYZ:   1.0000000000025453       U,V,W  0.85181915907094208      -0.44764603623541177      -0.27206092421540973     
       1600                   553                   553             1.2917917E-01         1.0000000E+30              3144       
 NEXT SEEDS:1A39F00B       B       0       0       0       0       C    3039       0       0
       1640                   513                   513             1.3014910E-01         1.0000000E+30              3158       
 NEXT SEEDS:1EBC6D68       B       0       0       0       0       C    3039       0       0
       1680                   473                   473             1.2938072E-01         1.0000000E+30              3158       
 NEXT SEEDS:216EDF8B       B       0       0       0       0       C    3039       0       0
       1720                   433                   433             1.2743427E-01         1.0000000E+30              3160       
 NEXT SEEDS:22B7BB18       B       0       0       0       0       C    3039       0       0
       1760                   393                   393             1.2608531E-01         1.0000000E+30              3161       
 NEXT SEEDS:2498F43E       B       0       0       0       0       C    3039       0       0
       1800                   353                   353             1.2492499E-01         1.0000000E+30              3333       
 NEXT SEEDS:26AC3E15       B       0       0       0       0       C    3039       0       0
       1840                   313                   313             1.2385733E-01         1.0000000E+30              3382       
 NEXT SEEDS:28D239BC       B       0       0       0       0       C    3039       0       0
       1880                   273                   273             1.2562937E-01         1.0000000E+30              3462       
 NEXT SEEDS:2EA9739A       B       0       0       0       0       C    3039       0       0
       1920                   233                   233             1.2445838E-01         1.0000000E+30              3462       
 NEXT SEEDS:309FDAE2       B       0       0       0       0       C    3039       0       0
       1960                   193                   193             1.2271155E-01         1.0000000E+30              3477       
 NEXT SEEDS:31AE996E       B       0       0       0       0       C    3039       0       0
       2000                   153                   153             1.2125472E-01         1.0000000E+30              3477       
 NEXT SEEDS:331A50C3       B       0       0       0       0       C    3039       0       0
       2040                   113                   113             1.2014583E-01         1.0000000E+30              3479       
 NEXT SEEDS:34E90E90       B       0       0       0       0       C    3039       0       0
  Comptn_2: TXYZ:  0.99999999999822287       U,V,W  0.58883918210480246       0.74322456779799495      -0.31762502961488082     
  Comptn_2: TXYZ:   1.0000000000071567       U,V,W -0.64983386402579413      -0.57989765090542278      -0.49136001429383214     
       2080                    73                    73             1.2338201E-01         1.0000000E+30              3500       
 NEXT SEEDS: 1869934       C       0       0       0       0       C    3039       0       0
       2103                    50                    50             1.2335958E-01         1.0000000E+30              3501       
 NEXT SEEDS: 38DE151       C       0       0       0       0       C    3039       0       0
       2104                    49                    49             1.2330123E-01         1.0000000E+30              3501       
 NEXT SEEDS: 38DF13D       C       0       0       0       0       C    3039       0       0
       2105                    48                    48             1.2327188E-01         1.0000000E+30              3501       
 NEXT SEEDS: 39959D1       C       0       0       0       0       C    3039       0       0
       2106                    47                    47             1.2321340E-01         1.0000000E+30              3501       
 NEXT SEEDS: 39959E8       C       0       0       0       0       C    3039       0       0
       2107                    46                    46             1.2315498E-01         1.0000000E+30              3501       
 NEXT SEEDS: 39959EC       C       0       0       0       0       C    3039       0       0
       2108                    45                    45             1.2309660E-01         1.0000000E+30              3501       
 NEXT SEEDS: 39959F0       C       0       0       0       0       C    3039       0       0
       2109                    44                    44             1.2303829E-01         1.0000000E+30              3501       
 NEXT SEEDS: 39959F4       C       0       0       0       0       C    3039       0       0
       2110                    43                    43             1.2299086E-01         1.0000000E+30              3502       
 NEXT SEEDS: 39CE3F5       C       0       0       0       0       C    3039       0       0
       2111                    42                    42             1.2300482E-01         1.0000000E+30              3526       
 NEXT SEEDS: 3B8F5F7       C       0       0       0       0       C    3039       0       0
       2112                    41                    41             1.2294665E-01         1.0000000E+30              3526       
 NEXT SEEDS: 3B8F5FB       C       0       0       0       0       C    3039       0       0
       2113                    40                    40             1.2288852E-01         1.0000000E+30              3526       
 NEXT SEEDS: 3B8F5FF       C       0       0       0       0       C    3039       0       0
       2114                    39                    39             1.2283224E-01         1.0000000E+30              3526       
 NEXT SEEDS: 3B99084       C       0       0       0       0       C    3039       0       0
       2115                    38                    38             1.2280396E-01         1.0000000E+30              3526       
 NEXT SEEDS: 3C3BA79       C       0       0       0       0       C    3039       0       0
       2116                    37                    37             1.2274600E-01         1.0000000E+30              3526       
 NEXT SEEDS: 3C3BA7D       C       0       0       0       0       C    3039       0       0
       2117                    36                    36             1.2281473E-01         1.0000000E+30              3526       
 NEXT SEEDS: 3F22AB1       C       0       0       0       0       C    3039       0       0
       2118                    35                    35             1.2275683E-01         1.0000000E+30              3526       
 NEXT SEEDS: 3F22AB5       C       0       0       0       0       C    3039       0       0
       2119                    34                    34             1.2275261E-01         1.0000000E+30              3526       
 NEXT SEEDS: 406210E       C       0       0       0       0       C    3039       0       0
       2120                    33                    33             1.2273299E-01         1.0000000E+30              3526       
 NEXT SEEDS: 4150C47       C       0       0       0       0       C    3039       0       0
       2121                    32                    32             1.2267518E-01         1.0000000E+30              3526       
 NEXT SEEDS: 4150C4B       C       0       0       0       0       C    3039       0       0
       2122                    31                    31             1.2276016E-01         1.0000000E+30              3526       
 NEXT SEEDS: 44DC65D       C       0       0       0       0       C    3039       0       0
       2123                    30                    30             1.2274275E-01         1.0000000E+30              3526       
 NEXT SEEDS: 45D3C67       C       0       0       0       0       C    3039       0       0
       2124                    29                    29             1.2275331E-01         1.0000000E+30              3526       
 NEXT SEEDS: 4754CFE       C       0       0       0       0       C    3039       0       0
       2125                    28                    28             1.2269817E-01         1.0000000E+30              3526       
 NEXT SEEDS: 4763172       C       0       0       0       0       C    3039       0       0
       2126                    27                    27             1.2267672E-01         1.0000000E+30              3526       
 NEXT SEEDS: 484B172       C       0       0       0       0       C    3039       0       0
       2127                    26                    26             1.2266225E-01         1.0000000E+30              3526       
 NEXT SEEDS: 495E0CA       C       0       0       0       0       C    3039       0       0
       2128                    25                    25             1.2266495E-01         1.0000000E+30              3526       
 NEXT SEEDS: 4AB9926       C       0       0       0       0       C    3039       0       0
       2129                    24                    24             1.2260740E-01         1.0000000E+30              3526       
 NEXT SEEDS: 4AB992A       C       0       0       0       0       C    3039       0       0
       2130                    23                    23             1.2255007E-01         1.0000000E+30              3526       
 NEXT SEEDS: 4ABA764       C       0       0       0       0       C    3039       0       0
       2131                    22                    22             1.2249262E-01         1.0000000E+30              3526       
 NEXT SEEDS: 4ABA768       C       0       0       0       0       C    3039       0       0
       2132                    21                    21             1.2243521E-01         1.0000000E+30              3526       
 NEXT SEEDS: 4ABA76C       C       0       0       0       0       C    3039       0       0
       2133                    20                    20             1.2237786E-01         1.0000000E+30              3526       
 NEXT SEEDS: 4ABA770       C       0       0       0       0       C    3039       0       0
       2134                    19                    19             1.2234212E-01         1.0000000E+30              3526       
 NEXT SEEDS: 4B4313E       C       0       0       0       0       C    3039       0       0
       2135                    18                    18             1.2234476E-01         1.0000000E+30              3526       
 NEXT SEEDS: 4C973D3       C       0       0       0       0       C    3039       0       0
       2136                    17                    17             1.2229422E-01         1.0000000E+30              3526       
 NEXT SEEDS: 4CB91EE       C       0       0       0       0       C    3039       0       0
       2137                    16                    16             1.2224725E-01         1.0000000E+30              3526       
 NEXT SEEDS: 4CF516C       C       0       0       0       0       C    3039       0       0
       2138                    15                    15             1.2222487E-01         1.0000000E+30              3526       
 NEXT SEEDS: 4DCFAEC       C       0       0       0       0       C    3039       0       0
       2139                    14                    14             1.2217178E-01         1.0000000E+30              3526       
 NEXT SEEDS: 4DE33A6       C       0       0       0       0       C    3039       0       0
       2140                    13                    13             1.2214651E-01         1.0000000E+30              3526       
 NEXT SEEDS: 4EA3F15       C       0       0       0       0       C    3039       0       0
       2141                    12                    12             1.2233984E-01         1.0000000E+30              3526       
 NEXT SEEDS: 54E43E5       C       0       0       0       0       C    3039       0       0
       2142                    11                    11             1.2228279E-01         1.0000000E+30              3526       
 NEXT SEEDS: 54E43E9       C       0       0       0       0       C    3039       0       0
       2143                    10                    10             1.2222633E-01         1.0000000E+30              3526       
 NEXT SEEDS: 54E6D7A       C       0       0       0       0       C    3039       0       0
       2144                     9                     9             1.2216982E-01         1.0000000E+30              3526       
 NEXT SEEDS: 54E8F00       C       0       0       0       0       C    3039       0       0
       2145                     8                     8             1.2211292E-01         1.0000000E+30              3526       
 NEXT SEEDS: 54E8F04       C       0       0       0       0       C    3039       0       0
       2146                     7                     7             1.2206066E-01         1.0000000E+30              3526       
 NEXT SEEDS: 5503591       C       0       0       0       0       C    3039       0       0
       2147                     6                     6             1.2200386E-01         1.0000000E+30              3526       
 NEXT SEEDS: 5503595       C       0       0       0       0       C    3039       0       0
       2148                     5                     5             1.2216732E-01         1.0000000E+30              3526       
 NEXT SEEDS: 5A02256       C       0       0       0       0       C    3039       0       0
       2149                     4                     4             1.2215702E-01         1.0000000E+30              3526       
 NEXT SEEDS: 5B27643       C       0       0       0       0       C    3039       0       0
       2150                     3                     3             1.2210026E-01         1.0000000E+30              3526       
 NEXT SEEDS: 5B27647       C       0       0       0       0       C    3039       0       0
       2151                     2                     2             1.2204355E-01         1.0000000E+30              3526       
 NEXT SEEDS: 5B2764B       C       0       0       0       0       C    3039       0       0
       2152                     1                     1             1.2204352E-01         1.0000000E+30              3526       
 NEXT SEEDS: 5C8DC30       C       0       0       0       0       C    3039       0       0
       2153                     0                     1             1.2198715E-01         1.0000000E+30              3526       
 NEXT SEEDS: 5C8F281       C       0       0       0       0       C    3039       0       0
