1NUMBER OF BEAM       NUMBER OF BEAM        APPROXIMATE NUMBER    AVERAGE TIME USED     TIME LEFT (RESERVED   NUMBER OF STARS
 PARTICLES HANDLED    PARTICLES LEFT        OF BEAM PARTICLES     BY A BEAM PARTICLE     10000.0 SECONDS      CREATED
                                            THAT CAN STILL BE                           FOR PRINTOUT)
                                            HANDLED

 NEXT SEEDS: BFC8363      2A       0       0       0       0      30    3039       0       0
          1                  2846                  2846             9.6082687E-05         1.0000000E+30                 0       
 NEXT SEEDS: BFC8367      2A       0       0       0       0      30    3039       0       0
         50                  2797                  2797             1.4300773E-01         1.0000000E+30                 6       
 NEXT SEEDS:1130EEA4      2A       0       0       0       0      30    3039       0       0
        100                  2747                  2747             2.2909908E-01         1.0000000E+30                 7       
 NEXT SEEDS:1CDA9A3E      2A       0       0       0       0      30    3039       0       0
        150                  2697                  2697             2.1755823E-01         1.0000000E+30                37       
 NEXT SEEDS:23DCB44A      2A       0       0       0       0      30    3039       0       0
  *** Kbar: P_min > 1.8 GeV/c:           16   10.348713985624650     
  *** Kbar: P_min > 1.8 GeV/c:           16   8.3362381412671205     
  *** Kbar: P_min > 1.8 GeV/c:           16   12.857693230720173     
  *** Kaon: P_min > 1.5 GeV/c:           15   6.7556380060145331     
  *** Kaon: P_min > 1.5 GeV/c:           15   7.0639649110090463     
  *** Kbar: P_min > 1.8 GeV/c:           16   9.9608356862865488     
  *** Kbar: P_min > 1.8 GeV/c:           16   10.223872714816592     
  *** Kaon: P_min > 1.5 GeV/c:           24   3.3684635902488620     
  *** Kaon: P_min > 1.5 GeV/c:           24   2.5110825309114495     
  *** Kaon: P_min > 1.5 GeV/c:           24   2.9035662801357489     
  *** Kaon: P_min > 1.5 GeV/c:           24   3.3468574777231535     
  *** Kaon: P_min > 1.5 GeV/c:           24   3.8802260946222140     
  *** Kaon: P_min > 1.5 GeV/c:           24   2.3503263590340837     
        200                  2647                  2647             2.0471020E-01         1.0000000E+30               193       
 NEXT SEEDS:29D583BD      2A       0       0       0       0      30    3039       0       0
  Comptn_2: TXYZ:  0.99999999999884170       U,V,W -0.16153982112857079      -0.97586842316143674       0.14692075028736440     
  Comptn_2: TXYZ:  0.99999999999728917       U,V,W  0.80755162874071118       0.11408595035150881       0.57865772512592173     
  Comptn_2: TXYZ:  0.99999999999899136       U,V,W -0.69647957900330226      -0.62330173921800736      -0.35554344026881068     
        250                  2597                  2597             2.5783002E-01         1.0000000E+30               199       
 NEXT SEEDS:3ACF6F82      2A       0       0       0       0      30    3039       0       0
        300                  2547                  2547             2.7028544E-01         1.0000000E+30               203       
 NEXT SEEDS: B1B1611      2B       0       0       0       0      30    3039       0       0
  Comptn_2: TXYZ:  0.99999999999829070       U,V,W  0.77324805721958967      -0.19371965520493717      -0.60378815588888557     
        350                  2497                  2497             2.4948397E-01         1.0000000E+30               218       
 NEXT SEEDS: F9EC5B0      2B       0       0       0       0      30    3039       0       0
  Comptn_2: TXYZ:  0.99999999999761235       U,V,W  0.75092901878383600       0.21524180300356477      -0.62432089103739941     
  Comptn_2: TXYZ:  0.99999999999867006       U,V,W -0.24079779778961807       0.91712342648700362       0.31764924235243797     
        400                  2447                  2447             2.7085054E-01         1.0000000E+30               222       
 NEXT SEEDS:1E30929A      2B       0       0       0       0      30    3039       0       0
  *** Kaon: P_min > 1.5 GeV/c:           15   1.7167381603264551     
  *** Kaon: P_min > 1.5 GeV/c:           15   1.5975231665411986     
  *** Kaon: P_min > 1.5 GeV/c:           24   12.632560217229512     
  *** Kaon: P_min > 1.5 GeV/c:           24   2.0928860157526974     
  *** Kaon: P_min > 1.5 GeV/c:           24   1.9644717100540166     
  *** Kbar: P_min > 1.8 GeV/c:           25   2.0091167008833009     
  *** Kbar: P_min > 1.8 GeV/c:           25   2.0056335520231707     
  *** Hhflev: call to Hadriv !! ***  0.51072283741357005        3.5000000000000000        1.3773778599882411               14 T F T
  Comptn_2: TXYZ:   1.0000000000010516       U,V,W  0.94755102093584065       0.28917825446494660       0.13609922802537966     
  Comptn_2: TXYZ:   1.0000000000025018       U,V,W -0.82109062075497263       0.40514526055881106       0.40207898522236718     
        450                  2397                  2397             2.6579715E-01         1.0000000E+30              1106       
 NEXT SEEDS:267BCB0C      2B       0       0       0       0      30    3039       0       0
  Comptn_2: TXYZ:  0.99999999999747347       U,V,W -0.90857750030192364       0.41655533501752018        3.1121998827565278E-002
        500                  2347                  2347             2.6339854E-01         1.0000000E+30              1106       
 NEXT SEEDS:2F5350E1      2B       0       0       0       0      30    3039       0       0
  Comptn_2: TXYZ:  0.99999999999890021       U,V,W -0.30993392139262710       0.21795120421337089       0.92543948313816315     
        550                  2297                  2297             2.6281118E-01         1.0000000E+30              1115       
 NEXT SEEDS:3897E0B2      2B       0       0       0       0      30    3039       0       0
  Comptn_2: TXYZ:  0.99999999999872669       U,V,W  0.61188979353006800       -6.1780852540231024E-002 -0.78852647820593802     
  Comptn_2: TXYZ:   1.0000000000010449       U,V,W -0.46523491810476969       0.88129477911856213        8.2921548921000010E-002
        600                  2247                  2247             2.6200827E-01         1.0000000E+30              1281       
 NEXT SEEDS: 5FBA1F5      2C       0       0       0       0      30    3039       0       0
        650                  2197                  2197             2.5788897E-01         1.0000000E+30              1285       
 NEXT SEEDS: D7371F5      2C       0       0       0       0      30    3039       0       0
        700                  2147                  2147             2.5265916E-01         1.0000000E+30              1349       
 NEXT SEEDS:142D3426      2C       0       0       0       0      30    3039       0       0
        750                  2097                  2097             2.4819872E-01         1.0000000E+30              1776       
 NEXT SEEDS:1AEAA2F2      2C       0       0       0       0      30    3039       0       0
        800                  2047                  2047             2.4907796E-01         1.0000000E+30              2425       
 NEXT SEEDS:246AD92B      2C       0       0       0       0      30    3039       0       0
  Comptn_2: TXYZ:   1.0000000000017877       U,V,W -0.96717400078533977      -0.20198274684286588      -0.15419929372237107     
        850                  1997                  1997             2.4819114E-01         1.0000000E+30              2430       
 NEXT SEEDS:2CF78B24      2C       0       0       0       0      30    3039       0       0
  Comptn_2: TXYZ:  0.99999999999896927       U,V,W -0.87757745974097645        9.2063831849458211E-002 -0.47051254289204536     
  *** Hhflev: call to Hadriv !! ***  0.78472194035798160        3.5000000000000000        1.5491935016160963               14 T F T
        900                  1947                  1947             2.4826805E-01         1.0000000E+30              4205       
 NEXT SEEDS:3604E7E1      2C       0       0       0       0      30    3039       0       0
  Comptn_2: TXYZ:   1.0000000000016440       U,V,W  0.21791800718354182       -8.8765393406944781E-002  0.97192203755245110     
        950                  1897                  1897             2.4204069E-01         1.0000000E+30              4208       
 NEXT SEEDS:3AB6AFD5      2C       0       0       0       0      30    3039       0       0
       1000                  1847                  1847             2.4132285E-01         1.0000000E+30              4212       
 NEXT SEEDS: 744B839      2D       0       0       0       0      30    3039       0       0
  Comptn_2: TXYZ:   1.0000000000025113       U,V,W  0.31516510191534053      -0.46296715476771366       0.82845179228696963     
  Comptn_2: TXYZ:   1.0000000000015545       U,V,W  0.16598497902728582      -0.68697259451595016       0.70747271404831569     
       1050                  1797                  1797             2.5072438E-01         1.0000000E+30              4232       
 NEXT SEEDS:172768AF      2D       0       0       0       0      30    3039       0       0
       1100                  1747                  1747             2.4762385E-01         1.0000000E+30              4240       
 NEXT SEEDS:1DB252F2      2D       0       0       0       0      30    3039       0       0
  Comptn_2: TXYZ:  0.99999999995505362       U,V,W  -5.9071840405295006E-002  0.16983344527236000       0.98370072608141612     
  Comptn_2: TXYZ:   1.0000000000013307       U,V,W  0.38723329576286858       0.82490751722352229       0.41179844910111285     
       1150                  1697                  1697             2.4582632E-01         1.0000000E+30              4245       
 NEXT SEEDS:2512B7BE      2D       0       0       0       0      30    3039       0       0
  Comptn_2: TXYZ:   1.0000000000016600       U,V,W  0.16865425596633798       0.59931645423218249      -0.78254426688377521     
       1200                  1647                  1647             2.4704674E-01         1.0000000E+30              4249       
 NEXT SEEDS:2EEC79E6      2D       0       0       0       0      30    3039       0       0
  Comptn_2: TXYZ:   1.0000000000022653       U,V,W -0.73645318714356023       0.59816942650182625      -0.31595892192947161     
  Comptn_2: TXYZ:  0.99999999999539357       U,V,W -0.75779706423476512       -7.3577096835478528E-002  0.64832863599707480     
       1250                  1597                  1597             2.4543719E-01         1.0000000E+30              4253       
 NEXT SEEDS:368850B7      2D       0       0       0       0      30    3039       0       0
  Comptn_2: TXYZ:   1.0000000000016793       U,V,W -0.80686068593267990       0.52282137058708145      -0.27501572310573508     
  Comptn_2: TXYZ:   1.0000000000024951       U,V,W -0.43165974059333223      -0.65567686436695638      -0.61948181400853741     
       1300                  1547                  1547             2.5632804E-01         1.0000000E+30              4269       
 NEXT SEEDS: E2A19C3      2E       0       0       0       0      30    3039       0       0
  Comptn_2: TXYZ:  0.99999999999824296       U,V,W  0.86285533395917113      -0.29113012169209185      -0.41318751784147345     
       1350                  1497                  1497             2.5520199E-01         1.0000000E+30              4273       
 NEXT SEEDS:164DC1C1      2E       0       0       0       0      30    3039       0       0
  Comptn_2: TXYZ:  0.99999999999855660       U,V,W  0.76410929750088741       0.57592773037183775      -0.29059289540523991     
       1400                  1447                  1447             2.5733955E-01         1.0000000E+30              4285       
 NEXT SEEDS:21CB4DF2      2E       0       0       0       0      30    3039       0       0
  Comptn_2: TXYZ:  0.99999999999897682       U,V,W -0.65838308484322372       0.70235956899442442       0.27059702406579333     
  Comptn_2: TXYZ:  0.99999999999386335       U,V,W -0.86490129916007419       -8.0019183524062232E-002 -0.49552262609614672     
  Comptn_2: TXYZ:  0.99999999999664146       U,V,W -0.54838834967831929       0.83422686258817436       -5.7756035788671056E-002
       1450                  1397                  1397             2.5804667E-01         1.0000000E+30              4289       
 NEXT SEEDS:2BA90028      2E       0       0       0       0      30    3039       0       0
  Comptn_2: TXYZ:  0.99999999999897549       U,V,W  0.76531757020353997       0.21349133516775964       0.60721533787035753     
  Comptn_2: TXYZ:   1.0000000000033054       U,V,W  0.76265706091906793       0.28689152135288687       0.57969600861953552     
  Comptn_2: TXYZ:   1.0000000000017297       U,V,W  0.47283364254511184       0.57101712760520940      -0.67109446910308179     
  Comptn_2: TXYZ:   1.0000000000011819       U,V,W  0.29706023321546127       0.29988151047112838       0.90654635707210929     
       1500                  1347                  1347             2.6266220E-01         1.0000000E+30              4296       
 NEXT SEEDS:3A7094FC      2E       0       0       0       0      30    3039       0       0
  Comptn_2: TXYZ:   1.0000000000011011       U,V,W  0.78479844585262981      -0.10660333835550162       0.61051382264438558     
       1550                  1297                  1297             2.7043028E-01         1.0000000E+30              4306       
 NEXT SEEDS:114E0114      2F       0       0       0       0      30    3039       0       0
  Comptn_2: TXYZ:   1.0000000000046878       U,V,W -0.25919775959426516      -0.48918488512097724      -0.83277528157071146     
       1600                  1247                  1247             2.7143746E-01         1.0000000E+30              4323       
 NEXT SEEDS:1C57A08E      2F       0       0       0       0      30    3039       0       0
  Comptn_2: TXYZ:  0.99999999999781231       U,V,W  0.79157163382042484       0.29760499264135731       0.53370929997856820     
  Comptn_2: TXYZ:   1.0000000000301403       U,V,W -0.74784066477982947      -0.16261409342013167       0.64365440785638350     
  Comptn_2: TXYZ:  0.99999999999355382       U,V,W  0.15735321860512386       0.48349672818531020       0.86108703301249534     
       1650                  1197                  1197             2.6885064E-01         1.0000000E+30              4327       
 NEXT SEEDS:230366FC      2F       0       0       0       0      30    3039       0       0
  Comptn_2: TXYZ:  0.99999999999845990       U,V,W  0.60442523068299181        4.0417258200264428E-002 -0.79563596308352302     
  Comptn_2: TXYZ:  0.99999999999882905       U,V,W  0.89603593782859114       0.13534111586976394      -0.42285030504138632     
  Comptn_2: TXYZ:   1.0000000000056060       U,V,W  0.88888651134772090      -0.14213678459177004       0.43552026866220217     
       1700                  1147                  1147             2.7037533E-01         1.0000000E+30              4328       
 NEXT SEEDS:2F0EEA1B      2F       0       0       0       0      30    3039       0       0
  Comptn_2: TXYZ:  0.99999999999436406       U,V,W -0.45411476573312370      -0.86129497384760256       0.22792706632247928     
  Comptn_2: TXYZ:   1.0000000000010716       U,V,W  0.46968273707248898       0.84804241206513709      -0.24540210642109628     
  Comptn_2: TXYZ:   1.0000000000034619       U,V,W  -5.6421179858773485E-002 -0.95718050391685172      -0.28394036942338374     
  Comptn_2: TXYZ:   1.0000000000016165       U,V,W  0.69528998714158785       -8.3947884495074732E-003  0.71868029144338941     
  Comptn_2: TXYZ:   1.0000000000029750       U,V,W  0.99137672529723808      -0.13097352971513487        4.2571182574882016E-003
       1750                  1097                  1097             2.8080628E-01         1.0000000E+30              4404       
 NEXT SEEDS: AA29162      30       0       0       0       0      30    3039       0       0
  Comptn_2: TXYZ:  0.99999999999777744       U,V,W -0.64579343545189261       0.23834006559335208       0.72535842992135713     
  Comptn_2: TXYZ:   1.0000000000148639       U,V,W  0.35808669347289879      -0.72411243313523244       0.58943625961717316     
       1800                  1047                  1047             2.8426699E-01         1.0000000E+30              4407       
 NEXT SEEDS:1911DB74      30       0       0       0       0      30    3039       0       0
       1850                   997                   997             2.8558154E-01         1.0000000E+30              4426       
 NEXT SEEDS:252B1251      30       0       0       0       0      30    3039       0       0
       1900                   947                   947             2.8269180E-01         1.0000000E+30              4438       
 NEXT SEEDS:2B76A470      30       0       0       0       0      30    3039       0       0
  Comptn_2: TXYZ:   1.0000000000020952       U,V,W  0.23661962288544203       0.63577595742316362      -0.73471088601592527     
       1950                   897                   897             2.8920447E-01         1.0000000E+30              4448       
 NEXT SEEDS: 3C50ED8      31       0       0       0       0      30    3039       0       0
  *** Hhflev: call to Hadriv !! ***  0.82217833964902953        3.5000000000000000        1.5699557647589233               14 T F T
  Comptn_2: TXYZ:   1.0000000000028526       U,V,W -0.29757428768640182      -0.76965091995056767      -0.56487786709166432     
  Comptn_2: TXYZ:   1.0000000000047293       U,V,W  0.33334772417369152      -0.91999475947161224       0.20612844863754276     
  Comptn_2: TXYZ:  0.99999999995905653       U,V,W  0.45603701869936231      -0.62523994472240929       0.63332870538005182     
       2000                   847                   847             2.9272271E-01         1.0000000E+30              7884       
 NEXT SEEDS:135D8E99      31       0       0       0       0      30    3039       0       0
  Comptn_2: TXYZ:  0.99999999998827072       U,V,W  -6.6698259463692011E-002  0.32269512895376451       0.94414998592506372     
  *** Hhflev: call to Hadriv !! ***  0.78593776865155140        3.5000000000000000        1.5499193389727468               14 T F T
       2050                   797                   797             2.9134770E-01         1.0000000E+30              8999       
 NEXT SEEDS:1BF17089      31       0       0       0       0      30    3039       0       0
       2100                   747                   747             2.9100320E-01         1.0000000E+30              9087       
 NEXT SEEDS:258F3E94      31       0       0       0       0      30    3039       0       0
  Comptn_2: TXYZ:  0.99999999999382405       U,V,W  0.52994482134486987       0.20788639123225039       0.82215675796286547     
  *** Hhflev: call to Hadriv !! ***  0.67505320237690114        3.5000000000000000        1.4810111108074564               14 T F T
       2150                   697                   697             2.8836022E-01         1.0000000E+30              9482       
 NEXT SEEDS:2BF769B3      31       0       0       0       0      30    3039       0       0
  Comptn_2: TXYZ:  0.99999999999789124       U,V,W  0.73078878197576813       0.59736307303614744      -0.33031063426579976     
  Comptn_2: TXYZ:  0.99999999999646350       U,V,W  0.97086427346437976      -0.22815175070867255        7.3275788330889213E-002
       2200                   647                   647             2.9510328E-01         1.0000000E+30              9542       
 NEXT SEEDS: 5019E81      32       0       0       0       0      30    3039       0       0
  Comptn_2: TXYZ:   1.0000000000012448       U,V,W -0.35769763653052777       0.90974844250322473      -0.21073721120076527     
  Comptn_2: TXYZ:   1.0000000000052731       U,V,W  0.21206292255495640       0.85318846983167873      -0.47654879270542949     
       2250                   597                   597             2.9761620E-01         1.0000000E+30              9544       
 NEXT SEEDS:13C12148      32       0       0       0       0      30    3039       0       0
       2300                   547                   547             2.9924278E-01         1.0000000E+30              9574       
 NEXT SEEDS:214EF713      32       0       0       0       0      30    3039       0       0
  Comptn_2: TXYZ:   1.0000000000026301       U,V,W  -7.3780363771664526E-002 -0.47762362823519311       0.87546109432447139     
  Comptn_2: TXYZ:   1.0000000000010334       U,V,W  0.76296675859457252      -0.62972614940629601      -0.14603664620445045     
  Comptn_2: TXYZ:  0.99999999999885547       U,V,W -0.82808174140738799       0.14076124236871834      -0.54264804633701402     
  Comptn_2: TXYZ:   1.0000000000020557       U,V,W -0.59548700512505803      -0.12479153486528816       0.79361344466636297     
       2350                   497                   497             3.0276836E-01         1.0000000E+30              9578       
 NEXT SEEDS:32883865      32       0       0       0       0      30    3039       0       0
       2400                   447                   447             3.0186823E-01         1.0000000E+30              9792       
 NEXT SEEDS:   F7796      33       0       0       0       0      30    3039       0       0
  Comptn_2: TXYZ:   1.0000000000016565       U,V,W  -4.4934108725520616E-002  0.58237827073427084       0.81167510473788695     
       2450                   397                   397             2.9901339E-01         1.0000000E+30              9795       
 NEXT SEEDS: 5E40CC5      33       0       0       0       0      30    3039       0       0
  Comptn_2: TXYZ:  0.99999999999700051       U,V,W  -6.2315751190695323E-002  0.91886258520481334      -0.38962584188072924     
       2500                   347                   347             2.9641215E-01         1.0000000E+30              9802       
 NEXT SEEDS: BF3FF95      33       0       0       0       0      30    3039       0       0
  Comptn_2: TXYZ:   1.0000000000072375       U,V,W  0.53950835172864231       0.75615000838585900      -0.37036185446175018     
  Comptn_2: TXYZ:   1.0000000000012885       U,V,W  0.51381412395347326       0.82250644422315133      -0.24388151885413833     
       2550                   297                   297             2.9730779E-01         1.0000000E+30              9980       
 NEXT SEEDS:188B75C9      33       0       0       0       0      30    3039       0       0
  Comptn_2: TXYZ:   1.0000000000018345       U,V,W  0.99062811396495043       0.13011268407737475        4.1552728746268031E-002
  Comptn_2: TXYZ:  0.99999999999542233       U,V,W  0.96143198065583846       0.13661251544476727       0.23871649962134356     
       2600                   247                   247             2.9557968E-01         1.0000000E+30              9980       
 NEXT SEEDS:200A07A4      33       0       0       0       0      30    3039       0       0
  Comptn_2: TXYZ:   1.0000000000020157       U,V,W -0.32913659267956064       0.38023119926259596      -0.86434561285901879     
  Comptn_2: TXYZ:   1.0000000000013944       U,V,W  0.29042418989532592       0.93340287987322057      -0.21074357349493766     
  Comptn_2: TXYZ:   1.0000000000017133       U,V,W -0.53386040448090455       0.82435520697158182       0.18823273165961041     
       2650                   197                   197             2.9466893E-01         1.0000000E+30              9992       
 NEXT SEEDS:28F33748      33       0       0       0       0      30    3039       0       0
  Comptn_2: TXYZ:  0.99999999999634270       U,V,W -0.77303800515898047      -0.31187204265764024       0.55240209230660753     
  Comptn_2: TXYZ:   1.0000000000010001       U,V,W  0.16273367661703730       0.88342301192194939      -0.43941043740727537     
       2700                   147                   147             2.9516216E-01         1.0000000E+30              9996       
 NEXT SEEDS:33FB37EE      33       0       0       0       0      30    3039       0       0
  Comptn_2: TXYZ:  0.99999999999796108       U,V,W  0.36843808569486214      -0.83767066811442703      -0.40318882522733190     
  Comptn_2: TXYZ:   1.0000000000030462       U,V,W  -3.2017648389512487E-002  0.91574082472664387       0.40049171292751851     
       2750                    97                    97             2.9736895E-01         1.0000000E+30              9998       
 NEXT SEEDS: 77E5AB9      34       0       0       0       0      30    3039       0       0
  Comptn_2: TXYZ:  0.99999999999887046       U,V,W -0.34642852616144548      -0.60414303431615934       0.71763393896034700     
  Comptn_2: TXYZ:  0.99999999997756206       U,V,W -0.89147368437201635       -1.4926645021408058E-002 -0.45282652894695730     
  Comptn_2: TXYZ:  0.99999999999142808       U,V,W  0.48253498866331057       0.67350348872972177      -0.55995806572994411     
  Comptn_2: TXYZ:   1.0000000000120934       U,V,W -0.74144094801081906      -0.66970436056125493       -4.1968917905421677E-002
       2797                    50                    50             3.0053197E-01         1.0000000E+30             10002       
 NEXT SEEDS:182F746F      34       0       0       0       0      30    3039       0       0
       2798                    49                    49             3.0048510E-01         1.0000000E+30             10002       
 NEXT SEEDS:184EF9AD      34       0       0       0       0      30    3039       0       0
       2799                    48                    48             3.0037779E-01         1.0000000E+30             10002       
 NEXT SEEDS:184EF9B1      34       0       0       0       0      30    3039       0       0
       2800                    47                    47             3.0027055E-01         1.0000000E+30             10002       
 NEXT SEEDS:184EF9B5      34       0       0       0       0      30    3039       0       0
       2801                    46                    46             3.0039071E-01         1.0000000E+30             10002       
 NEXT SEEDS:18C57812      34       0       0       0       0      30    3039       0       0
       2802                    45                    45             3.0038534E-01         1.0000000E+30             10002       
 NEXT SEEDS:18FA6A7F      34       0       0       0       0      30    3039       0       0
       2803                    44                    44             3.0040264E-01         1.0000000E+30             10002       
 NEXT SEEDS:193B25C6      34       0       0       0       0      30    3039       0       0
       2804                    43                    43             3.0029557E-01         1.0000000E+30             10002       
 NEXT SEEDS:193B25CA      34       0       0       0       0      30    3039       0       0
       2805                    42                    42             3.0024489E-01         1.0000000E+30             10002       
 NEXT SEEDS:19585C0B      34       0       0       0       0      30    3039       0       0
       2806                    41                    41             3.0018346E-01         1.0000000E+30             10002       
 NEXT SEEDS:196F1E79      34       0       0       0       0      30    3039       0       0
       2807                    40                    40             3.0048252E-01         1.0000000E+30             10002       
 NEXT SEEDS:1A362DC4      34       0       0       0       0      30    3039       0       0
       2808                    39                    39             3.0037558E-01         1.0000000E+30             10002       
 NEXT SEEDS:1A362DC8      34       0       0       0       0      30    3039       0       0
       2809                    38                    38             3.0039602E-01         1.0000000E+30             10002       
 NEXT SEEDS:1A787204      34       0       0       0       0      30    3039       0       0
       2810                    37                    37             3.0040482E-01         1.0000000E+30             10005       
 NEXT SEEDS:1AB398F0      34       0       0       0       0      30    3039       0       0
       2811                    36                    36             3.0039401E-01         1.0000000E+30             10005       
 NEXT SEEDS:1AE8E652      34       0       0       0       0      30    3039       0       0
       2812                    35                    35             3.0045165E-01         1.0000000E+30             10005       
 NEXT SEEDS:1B3EAF1C      34       0       0       0       0      30    3039       0       0
       2813                    34                    34             3.0034490E-01         1.0000000E+30             10005       
 NEXT SEEDS:1B3EAF20      34       0       0       0       0      30    3039       0       0
       2814                    33                    33             3.0023822E-01         1.0000000E+30             10005       
 NEXT SEEDS:1B3EAF24      34       0       0       0       0      30    3039       0       0
       2815                    32                    32             3.0035135E-01         1.0000000E+30             10005       
 NEXT SEEDS:1BA9F02B      34       0       0       0       0      30    3039       0       0
       2816                    31                    31             3.0032705E-01         1.0000000E+30             10005       
 NEXT SEEDS:1BD3A594      34       0       0       0       0      30    3039       0       0
       2817                    30                    30             3.0022049E-01         1.0000000E+30             10005       
 NEXT SEEDS:1BD3A598      34       0       0       0       0      30    3039       0       0
       2818                    29                    29             3.0011399E-01         1.0000000E+30             10005       
 NEXT SEEDS:1BD3A59C      34       0       0       0       0      30    3039       0       0
       2819                    28                    28             3.0004079E-01         1.0000000E+30             10025       
 NEXT SEEDS:1BE56EB4      34       0       0       0       0      30    3039       0       0
       2820                    27                    27             2.9993443E-01         1.0000000E+30             10025       
 NEXT SEEDS:1BE56EB8      34       0       0       0       0      30    3039       0       0
       2821                    26                    26             2.9982815E-01         1.0000000E+30             10025       
 NEXT SEEDS:1BE56EBC      34       0       0       0       0      30    3039       0       0
       2822                    25                    25             2.9984257E-01         1.0000000E+30             10025       
 NEXT SEEDS:1C2567E5      34       0       0       0       0      30    3039       0       0
       2823                    24                    24             2.9986373E-01         1.0000000E+30             10025       
 NEXT SEEDS:1C67D13F      34       0       0       0       0      30    3039       0       0
       2824                    23                    23             2.9994471E-01         1.0000000E+30             10025       
 NEXT SEEDS:1CC7F052      34       0       0       0       0      30    3039       0       0
       2825                    22                    22             2.9989086E-01         1.0000000E+30             10027       
 NEXT SEEDS:1CE44E87      34       0       0       0       0      30    3039       0       0
       2826                    21                    21             2.9978479E-01         1.0000000E+30             10027       
 NEXT SEEDS:1CE44E8B      34       0       0       0       0      30    3039       0       0
       2827                    20                    20             2.9977316E-01         1.0000000E+30             10027       
 NEXT SEEDS:1D148A04      34       0       0       0       0      30    3039       0       0
       2828                    19                    19             2.9966720E-01         1.0000000E+30             10027       
 NEXT SEEDS:1D148A08      34       0       0       0       0      30    3039       0       0
       2829                    18                    18             3.0131492E-01         1.0000000E+30             10027       
 NEXT SEEDS:20A555E1      34       0       0       0       0      30    3039       0       0
       2830                    17                    17             3.0120851E-01         1.0000000E+30             10027       
 NEXT SEEDS:20A555E5      34       0       0       0       0      30    3039       0       0
       2831                    16                    16             3.0127440E-01         1.0000000E+30             10027       
 NEXT SEEDS:210026CA      34       0       0       0       0      30    3039       0       0
       2832                    15                    15             3.0116808E-01         1.0000000E+30             10027       
 NEXT SEEDS:210026CE      34       0       0       0       0      30    3039       0       0
       2833                    14                    14             3.0134788E-01         1.0000000E+30             10027       
 NEXT SEEDS:2194B3CD      34       0       0       0       0      30    3039       0       0
       2834                    13                    13             3.0131979E-01         1.0000000E+30             10027       
 NEXT SEEDS:21BD15B2      34       0       0       0       0      30    3039       0       0
  Comptn_2: TXYZ:  0.99999999999671063       U,V,W -0.76268341546361995      -0.21291977415884844      -0.61072021216396877     
       2835                    12                    12             3.0249972E-01         1.0000000E+30             10027       
 NEXT SEEDS:24631164      34       0       0       0       0      30    3039       0       0
       2836                    11                    11             3.0239312E-01         1.0000000E+30             10027       
 NEXT SEEDS:24631168      34       0       0       0       0      30    3039       0       0
       2837                    10                    10             3.0232399E-01         1.0000000E+30             10027       
 NEXT SEEDS:24780DFA      34       0       0       0       0      30    3039       0       0
       2838                     9                     9             3.0355320E-01         1.0000000E+30             10027       
 NEXT SEEDS:273BF3E0      34       0       0       0       0      30    3039       0       0
       2839                     8                     8             3.0344632E-01         1.0000000E+30             10027       
 NEXT SEEDS:273BF3E4      34       0       0       0       0      30    3039       0       0
       2840                     7                     7             3.0333952E-01         1.0000000E+30             10027       
 NEXT SEEDS:273BF3E8      34       0       0       0       0      30    3039       0       0
       2841                     6                     6             3.0344176E-01         1.0000000E+30             10028       
 NEXT SEEDS:27A9AD67      34       0       0       0       0      30    3039       0       0
       2842                     5                     5             3.0333505E-01         1.0000000E+30             10028       
 NEXT SEEDS:27A9AD6B      34       0       0       0       0      30    3039       0       0
       2843                     4                     4             3.0324805E-01         1.0000000E+30             10028       
 NEXT SEEDS:27B495D8      34       0       0       0       0      30    3039       0       0
       2844                     3                     3             3.0316017E-01         1.0000000E+30             10028       
 NEXT SEEDS:27BEFEEF      34       0       0       0       0      30    3039       0       0
       2845                     2                     2             3.0311939E-01         1.0000000E+30             10028       
 NEXT SEEDS:27E1623B      34       0       0       0       0      30    3039       0       0
       2846                     1                     1             3.0301295E-01         1.0000000E+30             10028       
 NEXT SEEDS:27E1623F      34       0       0       0       0      30    3039       0       0
       2847                     0                     1             3.0306683E-01         1.0000000E+30             10029       
 NEXT SEEDS:28350591      34       0       0       0       0      30    3039       0       0
