1NUMBER OF BEAM       NUMBER OF BEAM        APPROXIMATE NUMBER    AVERAGE TIME USED     TIME LEFT (RESERVED   NUMBER OF STARS
 PARTICLES HANDLED    PARTICLES LEFT        OF BEAM PARTICLES     BY A BEAM PARTICLE     10000.0 SECONDS      CREATED
                                            THAT CAN STILL BE                           FOR PRINTOUT)
                                            HANDLED

 NEXT SEEDS: 5C8F281       C       0       0       0       0       C    3039       0       0
          1                  2152                  2152             3.4069061E-02         1.0000000E+30                 0       
 NEXT SEEDS: 5CEDAC3       C       0       0       0       0       C    3039       0       0
  Comptn_2: TXYZ:   1.0000000000025937       U,V,W -0.94146842663074892      -0.32466444276243323       -9.0720456710570829E-002
         40                  2113                  2113             9.6905452E-02         1.0000000E+30                21       
 NEXT SEEDS: 8690953       C       0       0       0       0       C    3039       0       0
         80                  2073                  2073             8.0308589E-02         1.0000000E+30                34       
 NEXT SEEDS: A357143       C       0       0       0       0       C    3039       0       0
  Comptn_2: TXYZ:  0.99999999999539335       U,V,W  0.26442012762379363      -0.92966698383368396       0.25651763150393947     
  *** Kaon: P_min > 1.5 GeV/c:           24   8.3967499609510465     
  *** Kaon: P_min > 1.5 GeV/c:           24   11.379956009057416     
  *** Kaon: P_min > 1.5 GeV/c:           24   8.3689851486913600     
  *** Kaon: P_min > 1.5 GeV/c:           24   8.3684882789757236     
  *** Kaon: P_min > 1.5 GeV/c:           24   9.7102715370664505     
  *** Kaon: P_min > 1.5 GeV/c:           24   6.7352335340232843     
        120                  2033                  2033             7.7438766E-02         1.0000000E+30               163       
 NEXT SEEDS: C3B7415       C       0       0       0       0       C    3039       0       0
  Comptn_2: TXYZ:   1.0000000000016460       U,V,W  0.95520497251816039        9.3575897692538490E-002 -0.28076148569428483     
  *** Kbar: P_min > 1.8 GeV/c:           25   2.2191949215922966     
  *** Kbar: P_min > 1.8 GeV/c:           25   2.4368846157177999     
  *** Kbar: P_min > 1.8 GeV/c:           25   2.4696316808392744     
  *** Kbar: P_min > 1.8 GeV/c:           25   175.20949823824444     
  *** Kbar: P_min > 1.8 GeV/c:           25   201.06024705836344     
  *** Kbar: P_min > 1.8 GeV/c:           25   203.79241276063226     
  *** Kbar: P_min > 1.8 GeV/c:           25   115.75456383682656     
  *** Kbar: P_min > 1.8 GeV/c:           25   7.9561990305918835     
  *** Kbar: P_min > 1.8 GeV/c:           25   7.9561882932278412     
  *** Kbar: P_min > 1.8 GeV/c:           25   9.1072185204092779     
  *** Kbar: P_min > 1.8 GeV/c:           25   115.75439756334764     
  *** Kbar: P_min > 1.8 GeV/c:           25   142.42978639646381     
  *** Kbar: P_min > 1.8 GeV/c:           25   27.495137562880071     
  *** Kaon: P_min > 1.5 GeV/c:           24   3.0343967315884601     
  *** Hhflev: call to Hadriv !! ***  0.74284267251238500        3.5000000000000000        1.5240035149524149               13 T F T
        160                  1993                  1993             1.1277501E-01         1.0000000E+30               730       
 NEXT SEEDS:1250AA3F       C       0       0       0       0       C    3039       0       0
        200                  1953                  1953             9.9928292E-02         1.0000000E+30               734       
 NEXT SEEDS:13A67900       C       0       0       0       0       C    3039       0       0
        240                  1913                  1913             1.0450053E-01         1.0000000E+30              1261       
 NEXT SEEDS:172068F9       C       0       0       0       0       C    3039       0       0
        280                  1873                  1873             1.0211252E-01         1.0000000E+30              1708       
 NEXT SEEDS:1992F677       C       0       0       0       0       C    3039       0       0
        320                  1833                  1833             1.0211829E-01         1.0000000E+30              1713       
 NEXT SEEDS:1C74B102       C       0       0       0       0       C    3039       0       0
        360                  1793                  1793             1.0069641E-01         1.0000000E+30              1717       
 NEXT SEEDS:1F01B149       C       0       0       0       0       C    3039       0       0
        400                  1753                  1753             1.0199096E-01         1.0000000E+30              1719       
 NEXT SEEDS:220C4202       C       0       0       0       0       C    3039       0       0
        440                  1713                  1713             1.1043360E-01         1.0000000E+30              1720       
 NEXT SEEDS:279D2CB3       C       0       0       0       0       C    3039       0       0
  Comptn_2: TXYZ:  0.99999999999853362       U,V,W  0.96663619230142217      -0.24142305174844836        8.5611808858402583E-002
  Comptn_2: TXYZ:   1.0000000000013567       U,V,W   5.2706137796121766E-002 -0.80751856855824222       0.58748261631610887     
  Comptn_2: TXYZ:  0.99999999999875788       U,V,W -0.60244606626916664        5.3348031130049378E-002 -0.79637473893269117     
  Comptn_2: TXYZ:  0.99999999999551259       U,V,W  0.49098495384695440      -0.71236610912043830       0.50146615206614342     
        480                  1673                  1673             1.2874038E-01         1.0000000E+30              1724       
 NEXT SEEDS:30F40374       C       0       0       0       0       C    3039       0       0
        520                  1633                  1633             1.2399730E-01         1.0000000E+30              1728       
 NEXT SEEDS:32DA8704       C       0       0       0       0       C    3039       0       0
  Comptn_2: TXYZ:  0.99999999998445910       U,V,W -0.38377163890763200        2.0929681466810734E-002 -0.92319081320619034     
        560                  1593                  1593             1.2956606E-01         1.0000000E+30              1869       
 NEXT SEEDS:383997F6       C       0       0       0       0       C    3039       0       0
        600                  1553                  1553             1.2521526E-01         1.0000000E+30              1919       
 NEXT SEEDS:3A05A675       C       0       0       0       0       C    3039       0       0
  Comptn_2: TXYZ:  0.99999999999882694       U,V,W -0.49548873203239896        3.2121628606049057E-002  0.86802022868332251     
        640                  1513                  1513             1.2584800E-01         1.0000000E+30              1980       
 NEXT SEEDS: 22C81DB       D       0       0       0       0       C    3039       0       0
        680                  1473                  1473             1.2802263E-01         1.0000000E+30              1982       
 NEXT SEEDS: 6B449C2       D       0       0       0       0       C    3039       0       0
        720                  1433                  1433             1.2635078E-01         1.0000000E+30              1983       
 NEXT SEEDS: 9762E66       D       0       0       0       0       C    3039       0       0
        760                  1393                  1393             1.2308043E-01         1.0000000E+30              1983       
 NEXT SEEDS: B24F6F3       D       0       0       0       0       C    3039       0       0
        800                  1353                  1353             1.2093482E-01         1.0000000E+30              1984       
 NEXT SEEDS: D5DCB90       D       0       0       0       0       C    3039       0       0
  Comptn_2: TXYZ:   1.0000000000017870       U,V,W  0.85866255510302469       -2.2726217122993830E-002 -0.51203724036539633     
        840                  1313                  1313             1.1944386E-01         1.0000000E+30              1984       
 NEXT SEEDS: FD655D0       D       0       0       0       0       C    3039       0       0
        880                  1273                  1273             1.1810544E-01         1.0000000E+30              1992       
 NEXT SEEDS:125A1886       D       0       0       0       0       C    3039       0       0
  Comptn_2: TXYZ:  0.99999999999796707       U,V,W -0.95995186046846825       0.15201800209133864       0.23533582944645559     
        920                  1233                  1233             1.1569682E-01         1.0000000E+30              2044       
 NEXT SEEDS:1418AB7B       D       0       0       0       0       C    3039       0       0
  Comptn_2: TXYZ:  0.99999999999704492       U,V,W -0.48266432203151055       0.53388068287041790      -0.69426692899253339     
        960                  1193                  1193             1.1796010E-01         1.0000000E+30              2070       
 NEXT SEEDS:18F36879       D       0       0       0       0       C    3039       0       0
  Comptn_2: TXYZ:  0.99999999999812228       U,V,W -0.24676070479350187       0.90110326352685632       0.35654181105332583     
       1000                  1153                  1153             1.1562662E-01         1.0000000E+30              2074       
 NEXT SEEDS:1A9DD81A       D       0       0       0       0       C    3039       0       0
  Comptn_2: TXYZ:  0.99999999999891942       U,V,W  0.87011016673202057       0.46397962127482018       0.16622637814188579     
  Comptn_2: TXYZ:  0.99999999999874900       U,V,W  0.77032571303642783       0.36837700911337734       0.52047735300428855     
       1040                  1113                  1113             1.1691741E-01         1.0000000E+30              2076       
 NEXT SEEDS:1ED2EF62       D       0       0       0       0       C    3039       0       0
       1080                  1073                  1073             1.1878179E-01         1.0000000E+30              2078       
 NEXT SEEDS:23763703       D       0       0       0       0       C    3039       0       0
  Comptn_2: TXYZ:  0.99999999999852540       U,V,W  0.97718652127857553       0.15015581162772662       0.15019898423231837     
  Comptn_2: TXYZ:   1.0000000000024418       U,V,W  0.27472900168731240       0.77372144366461981      -0.57085821641443601     
       1120                  1033                  1033             1.2168312E-01         1.0000000E+30              2082       
 NEXT SEEDS:29164423       D       0       0       0       0       C    3039       0       0
       1160                   993                   993             1.2094570E-01         1.0000000E+30              2239       
 NEXT SEEDS:2BE20282       D       0       0       0       0       C    3039       0       0
       1200                   953                   953             1.2262423E-01         1.0000000E+30              2242       
 NEXT SEEDS:30AF658E       D       0       0       0       0       C    3039       0       0
  Comptn_2: TXYZ:   1.0000000000023896       U,V,W  0.86358431033491456       0.42555385221689335      -0.27041830154248458     
       1240                   913                   913             1.2260739E-01         1.0000000E+30              2302       
 NEXT SEEDS:341F1256       D       0       0       0       0       C    3039       0       0
  Comptn_2: TXYZ:   1.0000000000152947       U,V,W  0.93342211661393293       0.34719010041214915        9.0455438792048426E-002
       1280                   873                   873             1.1987517E-01         1.0000000E+30              2305       
 NEXT SEEDS:351767F4       D       0       0       0       0       C    3039       0       0
  Comptn_2: TXYZ:   1.0000000000026885       U,V,W  0.37039473777569043      -0.79441302808992020       0.48136854802923068     
  Comptn_2: TXYZ:  0.99999999999883826       U,V,W  0.25102242732159330      -0.21734821315190800       0.94326427644647204     
  Comptn_2: TXYZ:  0.99999999999459632       U,V,W -0.42694144099836784       0.38374499476367419       0.81881669801406787     
       1320                   833                   833             1.2189419E-01         1.0000000E+30              2324       
 NEXT SEEDS:3A7848DA       D       0       0       0       0       C    3039       0       0
       1360                   793                   793             1.2225715E-01         1.0000000E+30              2329       
 NEXT SEEDS: 2B0E317       E       0       0       0       0       C    3039       0       0
  Comptn_2: TXYZ:   1.0000000006910086       U,V,W  0.30153283885624660       0.90784121150502983      -0.29137996237795960     
       1400                   753                   753             1.2278475E-01         1.0000000E+30              2339       
 NEXT SEEDS: 6B8DE0B       E       0       0       0       0       C    3039       0       0
  Comptn_2: TXYZ:   1.0000000000060407       U,V,W  0.61365096980813405      -0.60013494746985430       0.51309894960419911     
       1440                   713                   713             1.2394063E-01         1.0000000E+30              2352       
 NEXT SEEDS: B616DA7       E       0       0       0       0       C    3039       0       0
       1480                   673                   673             1.2269998E-01         1.0000000E+30              2392       
 NEXT SEEDS: D88BE02       E       0       0       0       0       C    3039       0       0
       1520                   633                   633             1.2575068E-01         1.0000000E+30              2394       
 NEXT SEEDS:143649E0       E       0       0       0       0       C    3039       0       0
       1560                   593                   593             1.2421427E-01         1.0000000E+30              2394       
 NEXT SEEDS:16030C1D       E       0       0       0       0       C    3039       0       0
  Comptn_2: TXYZ:   1.0000000000276801       U,V,W  0.58212259453482318       0.74878383883475408      -0.31694802043807613     
       1600                   553                   553             1.2456234E-01         1.0000000E+30              2395       
 NEXT SEEDS:19F8B6AB       E       0       0       0       0       C    3039       0       0
       1640                   513                   513             1.2325016E-01         1.0000000E+30              2443       
 NEXT SEEDS:1C061F1B       E       0       0       0       0       C    3039       0       0
       1680                   473                   473             1.2283556E-01         1.0000000E+30              2446       
 NEXT SEEDS:1F0EEC73       E       0       0       0       0       C    3039       0       0
  Comptn_2: TXYZ:   1.0000000000075941       U,V,W -0.30456573340114801       -6.5031003446591740E-002 -0.95026874232300429     
  Comptn_2: TXYZ:  0.99999999999880773       U,V,W -0.42510921843084759        2.0912009455276603E-002 -0.90490045876022407     
       1720                   433                   433             1.2437893E-01         1.0000000E+30              2447       
 NEXT SEEDS:24499918       E       0       0       0       0       C    3039       0       0
       1760                   393                   393             1.2319021E-01         1.0000000E+30              2452       
 NEXT SEEDS:2655D6CA       E       0       0       0       0       C    3039       0       0
       1800                   353                   353             1.2262373E-01         1.0000000E+30              2452       
 NEXT SEEDS:291C5B2B       E       0       0       0       0       C    3039       0       0
  Comptn_2: TXYZ:  0.99999999999842060       U,V,W  0.63133996505435874        3.4111434546389319E-002 -0.77475561214925648     
  Comptn_2: TXYZ:  0.99999999999665234       U,V,W -0.77134686909620598      -0.59130820908868031      -0.23532660154872076     
  Comptn_2: TXYZ:   1.0000000000096221       U,V,W -0.34074407819602470       0.15206031620178351      -0.92777752366641053     
  Comptn_2: TXYZ:  0.99999999999852740       U,V,W -0.35344503745706390      -0.77908838325412688       0.51778170745399343     
  Comptn_2: TXYZ:   1.0000000000178280       U,V,W  -1.3105955444501660E-002  0.82849011572879405      -0.55985030328598029     
       1840                   313                   313             1.2674618E-01         1.0000000E+30              2452       
 NEXT SEEDS:3273C86A       E       0       0       0       0       C    3039       0       0
       1880                   273                   273             1.3044163E-01         1.0000000E+30              2454       
 NEXT SEEDS:3ABED34B       E       0       0       0       0       C    3039       0       0
       1920                   233                   233             1.2997294E-01         1.0000000E+30              2479       
 NEXT SEEDS: 2366087       F       0       0       0       0       C    3039       0       0
  Comptn_2: TXYZ:   1.0000000000012053       U,V,W  0.49274639102833717       0.61347649860776698      -0.61712849536033332     
       1960                   193                   193             1.2954455E-01         1.0000000E+30              2489       
 NEXT SEEDS: 559CD1B       F       0       0       0       0       C    3039       0       0
       2000                   153                   153             1.2865401E-01         1.0000000E+30              2550       
 NEXT SEEDS: 7C4D1C2       F       0       0       0       0       C    3039       0       0
       2040                   113                   113             1.2755957E-01         1.0000000E+30              2553       
 NEXT SEEDS: 9D1E5D2       F       0       0       0       0       C    3039       0       0
       2080                    73                    73             1.2683801E-01         1.0000000E+30              2558       
 NEXT SEEDS: C5D5322       F       0       0       0       0       C    3039       0       0
       2103                    50                    50             1.2602257E-01         1.0000000E+30              2560       
 NEXT SEEDS: D332726       F       0       0       0       0       C    3039       0       0
       2104                    49                    49             1.2596341E-01         1.0000000E+30              2560       
 NEXT SEEDS: D33601C       F       0       0       0       0       C    3039       0       0
       2105                    48                    48             1.2590521E-01         1.0000000E+30              2560       
 NEXT SEEDS: D33D915       F       0       0       0       0       C    3039       0       0
       2106                    47                    47             1.2584548E-01         1.0000000E+30              2560       
 NEXT SEEDS: D33D919       F       0       0       0       0       C    3039       0       0
       2107                    46                    46             1.2585825E-01         1.0000000E+30              2560       
 NEXT SEEDS: D500F04       F       0       0       0       0       C    3039       0       0
       2108                    45                    45             1.2588692E-01         1.0000000E+30              2560       
 NEXT SEEDS: D713084       F       0       0       0       0       C    3039       0       0
       2109                    44                    44             1.2612244E-01         1.0000000E+30              2560       
 NEXT SEEDS: DE5173B       F       0       0       0       0       C    3039       0       0
       2110                    43                    43             1.2606495E-01         1.0000000E+30              2560       
 NEXT SEEDS: DE5C80E       F       0       0       0       0       C    3039       0       0
       2111                    42                    42             1.2600529E-01         1.0000000E+30              2560       
 NEXT SEEDS: DE5C822       F       0       0       0       0       C    3039       0       0
       2112                    41                    41             1.2602173E-01         1.0000000E+30              2560       
 NEXT SEEDS: E030677       F       0       0       0       0       C    3039       0       0
       2113                    40                    40             1.2596216E-01         1.0000000E+30              2560       
 NEXT SEEDS: E03067B       F       0       0       0       0       C    3039       0       0
       2114                    39                    39             1.2601574E-01         1.0000000E+30              2560       
 NEXT SEEDS: E2C86AC       F       0       0       0       0       C    3039       0       0
       2115                    38                    38             1.2595706E-01         1.0000000E+30              2560       
 NEXT SEEDS: E2CC736       F       0       0       0       0       C    3039       0       0
       2116                    37                    37             1.2596667E-01         1.0000000E+30              2560       
 NEXT SEEDS: E480AED       F       0       0       0       0       C    3039       0       0
       2117                    36                    36             1.2596921E-01         1.0000000E+30              2560       
 NEXT SEEDS: E5F9988       F       0       0       0       0       C    3039       0       0
       2118                    35                    35             1.2590979E-01         1.0000000E+30              2560       
 NEXT SEEDS: E5F998C       F       0       0       0       0       C    3039       0       0
       2119                    34                    34             1.2586329E-01         1.0000000E+30              2560       
 NEXT SEEDS: E644CC0       F       0       0       0       0       C    3039       0       0
       2120                    33                    33             1.2580433E-01         1.0000000E+30              2560       
 NEXT SEEDS: E64674D       F       0       0       0       0       C    3039       0       0
       2121                    32                    32             1.2577011E-01         1.0000000E+30              2560       
 NEXT SEEDS: E6E54CA       F       0       0       0       0       C    3039       0       0
       2122                    31                    31             1.2576517E-01         1.0000000E+30              2561       
 NEXT SEEDS: E81B384       F       0       0       0       0       C    3039       0       0
       2123                    30                    30             1.2570599E-01         1.0000000E+30              2561       
 NEXT SEEDS: E81B388       F       0       0       0       0       C    3039       0       0
       2124                    29                    29             1.2564721E-01         1.0000000E+30              2561       
 NEXT SEEDS: E81CDFA       F       0       0       0       0       C    3039       0       0
       2125                    28                    28             1.2558814E-01         1.0000000E+30              2561       
 NEXT SEEDS: E81CE0D       F       0       0       0       0       C    3039       0       0
       2126                    27                    27             1.2552906E-01         1.0000000E+30              2561       
 NEXT SEEDS: E81CE11       F       0       0       0       0       C    3039       0       0
       2127                    26                    26             1.2547005E-01         1.0000000E+30              2561       
 NEXT SEEDS: E81CE15       F       0       0       0       0       C    3039       0       0
       2128                    25                    25             1.2545517E-01         1.0000000E+30              2561       
 NEXT SEEDS: E93A896       F       0       0       0       0       C    3039       0       0
       2129                    24                    24             1.2539630E-01         1.0000000E+30              2561       
 NEXT SEEDS: E93A89A       F       0       0       0       0       C    3039       0       0
       2130                    23                    23             1.2533747E-01         1.0000000E+30              2561       
 NEXT SEEDS: E93A89E       F       0       0       0       0       C    3039       0       0
       2131                    22                    22             1.2527871E-01         1.0000000E+30              2561       
 NEXT SEEDS: E93A8A2       F       0       0       0       0       C    3039       0       0
  Comptn_2: TXYZ:  0.99999999996446209       U,V,W -0.81904746024320030       0.57150091860078334       -5.0477300562590699E-002
  Comptn_2: TXYZ:   1.0000000000177431       U,V,W  0.52003612845658154      -0.58525538803870347      -0.62212422866281258     
       2132                    21                    21             1.2601702E-01         1.0000000E+30              2561       
 NEXT SEEDS: FCEC069       F       0       0       0       0       C    3039       0       0
       2133                    20                    20             1.2618067E-01         1.0000000E+30              2561       
 NEXT SEEDS:102824EC       F       0       0       0       0       C    3039       0       0
       2134                    19                    19             1.2612420E-01         1.0000000E+30              2561       
 NEXT SEEDS:1028F64A       F       0       0       0       0       C    3039       0       0
       2135                    18                    18             1.2626775E-01         1.0000000E+30              2561       
 NEXT SEEDS:1079A926       F       0       0       0       0       C    3039       0       0
       2136                    17                    17             1.2623126E-01         1.0000000E+30              2561       
 NEXT SEEDS:1082B371       F       0       0       0       0       C    3039       0       0
       2137                    16                    16             1.2617225E-01         1.0000000E+30              2561       
 NEXT SEEDS:1082B375       F       0       0       0       0       C    3039       0       0
       2138                    15                    15             1.2611816E-01         1.0000000E+30              2561       
 NEXT SEEDS:108435D6       F       0       0       0       0       C    3039       0       0
       2139                    14                    14             1.2605929E-01         1.0000000E+30              2561       
 NEXT SEEDS:1084373A       F       0       0       0       0       C    3039       0       0
       2140                    13                    13             1.2612339E-01         1.0000000E+30              2561       
 NEXT SEEDS:10B1E25E       F       0       0       0       0       C    3039       0       0
       2141                    12                    12             1.2606455E-01         1.0000000E+30              2561       
 NEXT SEEDS:10B1E262       F       0       0       0       0       C    3039       0       0
       2142                    11                    11             1.2603833E-01         1.0000000E+30              2561       
 NEXT SEEDS:10BDD9F5       F       0       0       0       0       C    3039       0       0
       2143                    10                    10             1.2597957E-01         1.0000000E+30              2561       
 NEXT SEEDS:10BDD9F9       F       0       0       0       0       C    3039       0       0
  Comptn_2: TXYZ:   1.0000000000011864       U,V,W -0.60785014803315462      -0.62279236579851016       0.49259300303633324     
       2144                     9                     9             1.2620031E-01         1.0000000E+30              2561       
 NEXT SEEDS:112CA31C       F       0       0       0       0       C    3039       0       0
       2145                     8                     8             1.2621561E-01         1.0000000E+30              2561       
 NEXT SEEDS:114A7F86       F       0       0       0       0       C    3039       0       0
       2146                     7                     7             1.2616037E-01         1.0000000E+30              2561       
 NEXT SEEDS:114B8D1B       F       0       0       0       0       C    3039       0       0
       2147                     6                     6             1.2610212E-01         1.0000000E+30              2561       
 NEXT SEEDS:114BB108       F       0       0       0       0       C    3039       0       0
       2148                     5                     5             1.2604391E-01         1.0000000E+30              2561       
 NEXT SEEDS:114BD442       F       0       0       0       0       C    3039       0       0
       2149                     4                     4             1.2604193E-01         1.0000000E+30              2561       
 NEXT SEEDS:116069CF       F       0       0       0       0       C    3039       0       0
       2150                     3                     3             1.2607628E-01         1.0000000E+30              2563       
 NEXT SEEDS:118459F9       F       0       0       0       0       C    3039       0       0
       2151                     2                     2             1.2615631E-01         1.0000000E+30              2564       
 NEXT SEEDS:11BD7516       F       0       0       0       0       C    3039       0       0
       2152                     1                     1             1.2616421E-01         1.0000000E+30              2564       
 NEXT SEEDS:11D69D8D       F       0       0       0       0       C    3039       0       0
       2153                     0                     1             1.2610646E-01         1.0000000E+30              2564       
 NEXT SEEDS:11D6DFD2       F       0       0       0       0       C    3039       0       0
