1NUMBER OF BEAM       NUMBER OF BEAM        APPROXIMATE NUMBER    AVERAGE TIME USED     TIME LEFT (RESERVED   NUMBER OF STARS
 PARTICLES HANDLED    PARTICLES LEFT        OF BEAM PARTICLES     BY A BEAM PARTICLE     10000.0 SECONDS      CREATED
                                            THAT CAN STILL BE                           FOR PRINTOUT)
                                            HANDLED

 NEXT SEEDS:20D97655       8       0       0       0       0      42    3039       0       0
          1                  2152                  2152             7.9870224E-05         1.0000000E+30                 0       
 NEXT SEEDS:20D97659       8       0       0       0       0      42    3039       0       0
  *** Kaon: P_min > 1.5 GeV/c:           15   1.6743098311672144     
  *** Kbar: P_min > 1.8 GeV/c:           16   2.0155353382659729     
  *** Kaon: P_min > 1.5 GeV/c:           15   1.6599630579442819     
  *** Kaon: P_min > 1.5 GeV/c:           15   1.5946606465524154     
  *** Kaon: P_min > 1.5 GeV/c:           15   1.8469549400722307     
  *** Kbar: P_min > 1.8 GeV/c:           25   2.5563615211414912     
  *** Kbar: P_min > 1.8 GeV/c:           25   2.1552376236452351     
  *** Kbar: P_min > 1.8 GeV/c:           25   2.4583938195741162     
  *** Kaon: P_min > 1.5 GeV/c:           24   4.3251568497650288     
  *** Kaon: P_min > 1.5 GeV/c:           24   4.7765844744223118     
  *** Kbar: P_min > 1.8 GeV/c:           16   2.1932697664241290     
  *** Kbar: P_min > 1.8 GeV/c:           16   1.8429071684412448     
  *** Hhflev: call to Hadriv !! ***  0.80024526020101749        3.5000000000000000        1.5569838785900563               14 T F T
  *** Kaon: P_min > 1.5 GeV/c:           24   1.8087323969610050     
  *** Kaon: P_min > 1.5 GeV/c:           24   1.5462427057268873     
  *** Kaon: P_min > 1.5 GeV/c:           24   1.9286780163216988     
  *** Kbar: P_min > 1.8 GeV/c:           16   2.8411486367212651     
  *** Kbar: P_min > 1.8 GeV/c:           16   4.5968733048491357     
  *** Kaon: P_min > 1.5 GeV/c:           15   3.6288156046204487     
  *** Kbar: P_min > 1.8 GeV/c:           16   4.5637637270152513     
  *** Kbar: P_min > 1.8 GeV/c:           16   4.5633977745159662     
  Comptn_2: TXYZ:   1.0000000000016072       U,V,W -0.37234420144245917      -0.34475150090818119       0.86168799357733938     
  *** Hhflev: call to Hadriv !! ***  0.86590430250763895        3.5000000000000000        1.5970009826620504               13 T F T
  Comptn_2: TXYZ:  0.99999999999783329       U,V,W  0.20681576617113251      -0.80342879893399299      -0.55832732684721975     
         40                  2113                  2113             2.3625979E-01         1.0000000E+30               902       
 NEXT SEEDS:278298FB       8       0       0       0       0      42    3039       0       0
         80                  2073                  2073             1.6407468E-01         1.0000000E+30               902       
 NEXT SEEDS:2A03D080       8       0       0       0       0      42    3039       0       0
  Comptn_2: TXYZ:   1.0000000000012683       U,V,W  0.53048740388570081       0.81512729328121480       0.23270283639852352     
        120                  2033                  2033             1.2151438E-01         1.0000000E+30               911       
 NEXT SEEDS:2B04762A       8       0       0       0       0      42    3039       0       0
        160                  1993                  1993             1.1681756E-01         1.0000000E+30               945       
 NEXT SEEDS:2E00663D       8       0       0       0       0      42    3039       0       0
        200                  1953                  1953             1.0598802E-01         1.0000000E+30               945       
 NEXT SEEDS:2FC7E804       8       0       0       0       0      42    3039       0       0
  Comptn_2: TXYZ:  0.99999999999864730       U,V,W -0.12612023115012505      -0.87821488514435342       0.46133751506264531     
        240                  1913                  1913             1.0620652E-01         1.0000000E+30               953       
 NEXT SEEDS:32CAFAC1       8       0       0       0       0      42    3039       0       0
  Comptn_2: TXYZ:   1.0000000000013822       U,V,W -0.42120795507212705      -0.27070011701947294       0.86562422865293165     
        280                  1873                  1873             1.1426490E-01         1.0000000E+30               953       
 NEXT SEEDS:371AEA06       8       0       0       0       0      42    3039       0       0
        320                  1833                  1833             1.1627952E-01         1.0000000E+30               953       
 NEXT SEEDS:3AC8DC95       8       0       0       0       0      42    3039       0       0
        360                  1793                  1793             1.3584908E-01         1.0000000E+30               955       
 NEXT SEEDS: 7039666       9       0       0       0       0      42    3039       0       0
  Comptn_2: TXYZ:   1.0000000000026243       U,V,W  0.88905518883903767        3.2074398418842520E-002 -0.45667505314728629     
        400                  1753                  1753             1.2681616E-01         1.0000000E+30               956       
 NEXT SEEDS: 8442D26       9       0       0       0       0      42    3039       0       0
  Comptn_2: TXYZ:   1.0000000000012887       U,V,W  0.37730595025978175       0.43061559042965314      -0.81988440232679949     
  Comptn_2: TXYZ:  0.99999999999898281       U,V,W  -3.6838256738917607E-002 -0.99426526156484274      -0.10039687487574156     
        440                  1713                  1713             1.3319260E-01         1.0000000E+30              1888       
 NEXT SEEDS: DC98931       9       0       0       0       0      42    3039       0       0
  Comptn_2: TXYZ:  0.99999999999872946       U,V,W   3.6798136188281205E-002  0.13151503827324787       0.99063095645138421     
        480                  1673                  1673             1.4540005E-01         1.0000000E+30              1888       
 NEXT SEEDS:15D59AE7       9       0       0       0       0      42    3039       0       0
        520                  1633                  1633             1.3878818E-01         1.0000000E+30              2001       
 NEXT SEEDS:177AC57F       9       0       0       0       0      42    3039       0       0
        560                  1593                  1593             1.3462363E-01         1.0000000E+30              2004       
 NEXT SEEDS:19BE420E       9       0       0       0       0      42    3039       0       0
        600                  1553                  1553             1.3266206E-01         1.0000000E+30              2006       
 NEXT SEEDS:1CA8EF9A       9       0       0       0       0      42    3039       0       0
        640                  1513                  1513             1.3006621E-01         1.0000000E+30              2009       
 NEXT SEEDS:1F3DC9DB       9       0       0       0       0      42    3039       0       0
        680                  1473                  1473             1.2892195E-01         1.0000000E+30              2010       
 NEXT SEEDS:22472A97       9       0       0       0       0      42    3039       0       0
  Comptn_2: TXYZ:  0.99999999999814959       U,V,W  0.52145411687611443       0.85026547525929175        7.1653510543391974E-002
        720                  1433                  1433             1.2620487E-01         1.0000000E+30              2010       
 NEXT SEEDS:248D122A       9       0       0       0       0      42    3039       0       0
        760                  1393                  1393             1.2323098E-01         1.0000000E+30              2194       
 NEXT SEEDS:2685DA3A       9       0       0       0       0      42    3039       0       0
  Comptn_2: TXYZ:   1.0000000000014790       U,V,W -0.68376500356002334       0.72930868131065940       -2.3963874330902968E-002
        800                  1353                  1353             1.2378920E-01         1.0000000E+30              2227       
 NEXT SEEDS:2A5ED44F       9       0       0       0       0      42    3039       0       0
        840                  1313                  1313             1.2182429E-01         1.0000000E+30              2247       
 NEXT SEEDS:2CAC4BBE       9       0       0       0       0      42    3039       0       0
        880                  1273                  1273             1.1888571E-01         1.0000000E+30              2248       
 NEXT SEEDS:2E4C3CDE       9       0       0       0       0      42    3039       0       0
  Comptn_2: TXYZ:   1.0000000000012808       U,V,W  0.79258801956405378       -1.4282402588591481E-002  0.60959022648096095     
  Comptn_2: TXYZ:   1.0000000000013112       U,V,W  0.46346741335558761      -0.72486184679497256       0.50967956582520912     
        920                  1233                  1233             1.1720843E-01         1.0000000E+30              2268       
 NEXT SEEDS:308867E8       9       0       0       0       0      42    3039       0       0
        960                  1193                  1193             1.1518340E-01         1.0000000E+30              2268       
 NEXT SEEDS:327843AE       9       0       0       0       0      42    3039       0       0
       1000                  1153                  1153             1.1214543E-01         1.0000000E+30              2284       
 NEXT SEEDS:338EC451       9       0       0       0       0      42    3039       0       0
  Comptn_2: TXYZ:   1.0000000000019047       U,V,W   5.2888046838965863E-002  0.83083566428588540      -0.55399905546317996     
       1040                  1113                  1113             1.1156258E-01         1.0000000E+30              2284       
 NEXT SEEDS:363AAF2F       9       0       0       0       0      42    3039       0       0
  Comptn_2: TXYZ:  0.99999999999879319       U,V,W -0.15987589620544718      -0.30294469165497162      -0.93950210835813053     
       1080                  1073                  1073             1.1001523E-01         1.0000000E+30              2284       
 NEXT SEEDS:3828ACF4       9       0       0       0       0      42    3039       0       0
  Comptn_2: TXYZ:   1.0000000000042646       U,V,W  -9.4131541796642182E-002  0.72946759125269256       0.67750740671615262     
  Comptn_2: TXYZ:  0.99999999999588440       U,V,W  0.92486873644785561       0.12344921117418295      -0.35969169103233867     
       1120                  1033                  1033             1.1041683E-01         1.0000000E+30              2330       
 NEXT SEEDS:3B5D864C       9       0       0       0       0      42    3039       0       0
       1160                   993                   993             1.1034344E-01         1.0000000E+30              2335       
 NEXT SEEDS: 2DA90C3       A       0       0       0       0      42    3039       0       0
       1200                   953                   953             1.0871632E-01         1.0000000E+30              2340       
 NEXT SEEDS: 48EDC05       A       0       0       0       0      42    3039       0       0
  Comptn_2: TXYZ:  0.99999999999312494       U,V,W   7.6057018862314862E-002 -0.66304682085763089       0.74470413133370705     
       1240                   913                   913             1.1085643E-01         1.0000000E+30              2733       
 NEXT SEEDS: 97AD90C       A       0       0       0       0      42    3039       0       0
  Comptn_2: TXYZ:   1.0000000000023095       U,V,W  0.30409885962907524      -0.94502843054717012       0.12018797374179258     
       1280                   873                   873             1.0978889E-01         1.0000000E+30              2736       
 NEXT SEEDS: BA61D97       A       0       0       0       0      42    3039       0       0
  Comptn_2: TXYZ:  0.99999999998136269       U,V,W  0.77955696718117906       0.25563392144715635      -0.57178862624766680     
       1320                   833                   833             1.0941055E-01         1.0000000E+30              2736       
 NEXT SEEDS: E657EBC       A       0       0       0       0      42    3039       0       0
  Comptn_2: TXYZ:   1.0000000000010134       U,V,W  0.34820132694363082      -0.85655025864941337      -0.38089039148202630     
       1360                   793                   793             1.0904883E-01         1.0000000E+30              2840       
 NEXT SEEDS:111AC3F8       A       0       0       0       0      42    3039       0       0
       1400                   753                   753             1.0747846E-01         1.0000000E+30              2855       
 NEXT SEEDS:129E6E60       A       0       0       0       0      42    3039       0       0
       1440                   713                   713             1.0750922E-01         1.0000000E+30              2855       
 NEXT SEEDS:1596AB39       A       0       0       0       0      42    3039       0       0
       1480                   673                   673             1.0777943E-01         1.0000000E+30              3170       
 NEXT SEEDS:18E74646       A       0       0       0       0      42    3039       0       0
       1520                   633                   633             1.0811396E-01         1.0000000E+30              3174       
 NEXT SEEDS:1C4DFB8A       A       0       0       0       0      42    3039       0       0
       1560                   593                   593             1.0686854E-01         1.0000000E+30              3176       
 NEXT SEEDS:1DF2D362       A       0       0       0       0      42    3039       0       0
       1600                   553                   553             1.0604972E-01         1.0000000E+30              3177       
 NEXT SEEDS:20015741       A       0       0       0       0      42    3039       0       0
       1640                   513                   513             1.0503031E-01         1.0000000E+30              3178       
 NEXT SEEDS:21CA7B3E       A       0       0       0       0      42    3039       0       0
  Comptn_2: TXYZ:  0.99999999997400502       U,V,W  0.33599439424779121       0.89548998658460732       0.29189972753458449     
       1680                   473                   473             1.0493894E-01         1.0000000E+30              3412       
 NEXT SEEDS:24919649       A       0       0       0       0      42    3039       0       0
  Comptn_2: TXYZ:   1.0000000000015028       U,V,W  0.45698642955260738       0.81507561028319486       0.35611115220916645     
       1720                   433                   433             1.0742225E-01         1.0000000E+30              3417       
 NEXT SEEDS:2A8A6F17       A       0       0       0       0      42    3039       0       0
       1760                   393                   393             1.0637186E-01         1.0000000E+30              3420       
 NEXT SEEDS:2C425E14       A       0       0       0       0      42    3039       0       0
       1800                   353                   353             1.0511161E-01         1.0000000E+30              3422       
 NEXT SEEDS:2DA7E30D       A       0       0       0       0      42    3039       0       0
       1840                   313                   313             1.0371288E-01         1.0000000E+30              3422       
 NEXT SEEDS:2EC9DEC9       A       0       0       0       0      42    3039       0       0
       1880                   273                   273             1.0300052E-01         1.0000000E+30              3423       
 NEXT SEEDS:30C7B252       A       0       0       0       0      42    3039       0       0
  Comptn_2: TXYZ:   1.0000000000032361       U,V,W  0.20799992511692267      -0.35046331683975041      -0.91318754629280363     
  Comptn_2: TXYZ:  0.99999999999891609       U,V,W  0.80707871174780799       0.28060581869145551       0.51950392448846117     
  Comptn_2: TXYZ:   1.0000000000013884       U,V,W  0.65418430705021535      -0.68525738344296627       0.32010187573258220     
       1920                   233                   233             1.0518960E-01         1.0000000E+30              3453       
 NEXT SEEDS:368079B8       A       0       0       0       0      42    3039       0       0
  Comptn_2: TXYZ:   1.0000000000065741       U,V,W  0.50466856089380485       0.78271887973044763       0.36422630185842308     
       1960                   193                   193             1.0790905E-01         1.0000000E+30              3456       
 NEXT SEEDS: 1ACF57A       B       0       0       0       0      42    3039       0       0
       2000                   153                   153             1.0668062E-01         1.0000000E+30              3456       
 NEXT SEEDS: 2F94852       B       0       0       0       0      42    3039       0       0
  Comptn_2: TXYZ:  0.99999999999690703       U,V,W   5.7071123318905848E-002  0.94350877872992633       0.32639557493873639     
       2040                   113                   113             1.0529784E-01         1.0000000E+30              3457       
 NEXT SEEDS: 3F3C2F4       B       0       0       0       0      42    3039       0       0
  Comptn_2: TXYZ:   1.0000000000020042       U,V,W -0.56981521210281727      -0.74080359408067409       0.35569742627039247     
       2080                    73                    73             1.0432654E-01         1.0000000E+30              3465       
 NEXT SEEDS: 57B5682       B       0       0       0       0      42    3039       0       0
       2103                    50                    50             1.0380341E-01         1.0000000E+30              3466       
 NEXT SEEDS: 66535DA       B       0       0       0       0      42    3039       0       0
       2104                    49                    49             1.0379167E-01         1.0000000E+30              3466       
 NEXT SEEDS: 673F40A       B       0       0       0       0      42    3039       0       0
       2105                    48                    48             1.0379294E-01         1.0000000E+30              3466       
 NEXT SEEDS: 687E2EE       B       0       0       0       0      42    3039       0       0
       2106                    47                    47             1.0374372E-01         1.0000000E+30              3466       
 NEXT SEEDS: 687E2F2       B       0       0       0       0      42    3039       0       0
       2107                    46                    46             1.0373893E-01         1.0000000E+30              3466       
 NEXT SEEDS: 6996F37       B       0       0       0       0      42    3039       0       0
       2108                    45                    45             1.0369778E-01         1.0000000E+30              3466       
 NEXT SEEDS: 69C3A18       B       0       0       0       0      42    3039       0       0
       2109                    44                    44             1.0376473E-01         1.0000000E+30              3466       
 NEXT SEEDS: 6C6F39B       B       0       0       0       0      42    3039       0       0
       2110                    43                    43             1.0371562E-01         1.0000000E+30              3466       
 NEXT SEEDS: 6C6F3B0       B       0       0       0       0      42    3039       0       0
       2111                    42                    42             1.0366654E-01         1.0000000E+30              3466       
 NEXT SEEDS: 6C6F3B4       B       0       0       0       0      42    3039       0       0
       2112                    41                    41             1.0368989E-01         1.0000000E+30              3466       
 NEXT SEEDS: 6E33B0D       B       0       0       0       0      42    3039       0       0
       2113                    40                    40             1.0364088E-01         1.0000000E+30              3466       
 NEXT SEEDS: 6E33B21       B       0       0       0       0      42    3039       0       0
       2114                    39                    39             1.0359324E-01         1.0000000E+30              3466       
 NEXT SEEDS: 6E3B27B       B       0       0       0       0      42    3039       0       0
       2115                    38                    38             1.0361800E-01         1.0000000E+30              3468       
 NEXT SEEDS: 700806E       B       0       0       0       0      42    3039       0       0
       2116                    37                    37             1.0356911E-01         1.0000000E+30              3468       
 NEXT SEEDS: 7008072       B       0       0       0       0      42    3039       0       0
       2117                    36                    36             1.0353580E-01         1.0000000E+30              3469       
 NEXT SEEDS: 706ACB4       B       0       0       0       0      42    3039       0       0
       2118                    35                    35             1.0348698E-01         1.0000000E+30              3469       
 NEXT SEEDS: 706ACB8       B       0       0       0       0      42    3039       0       0
       2119                    34                    34             1.0343820E-01         1.0000000E+30              3469       
 NEXT SEEDS: 706ACCF       B       0       0       0       0      42    3039       0       0
       2120                    33                    33             1.0338946E-01         1.0000000E+30              3469       
 NEXT SEEDS: 706ACD3       B       0       0       0       0      42    3039       0       0
       2121                    32                    32             1.0334116E-01         1.0000000E+30              3469       
 NEXT SEEDS: 706CFCC       B       0       0       0       0      42    3039       0       0
       2122                    31                    31             1.0329253E-01         1.0000000E+30              3469       
 NEXT SEEDS: 706D09F       B       0       0       0       0      42    3039       0       0
       2123                    30                    30             1.0324393E-01         1.0000000E+30              3469       
 NEXT SEEDS: 706D0B7       B       0       0       0       0      42    3039       0       0
       2124                    29                    29             1.0319598E-01         1.0000000E+30              3469       
 NEXT SEEDS: 7070447       B       0       0       0       0      42    3039       0       0
       2125                    28                    28             1.0314747E-01         1.0000000E+30              3469       
 NEXT SEEDS: 707044B       B       0       0       0       0      42    3039       0       0
       2126                    27                    27             1.0309901E-01         1.0000000E+30              3469       
 NEXT SEEDS: 7070462       B       0       0       0       0      42    3039       0       0
       2127                    26                    26             1.0305059E-01         1.0000000E+30              3469       
 NEXT SEEDS: 7070466       B       0       0       0       0      42    3039       0       0
       2128                    25                    25             1.0300275E-01         1.0000000E+30              3469       
 NEXT SEEDS: 7072B1C       B       0       0       0       0      42    3039       0       0
       2129                    24                    24             1.0295442E-01         1.0000000E+30              3469       
 NEXT SEEDS: 7072B20       B       0       0       0       0      42    3039       0       0
       2130                    23                    23             1.0290757E-01         1.0000000E+30              3469       
 NEXT SEEDS: 707AEA6       B       0       0       0       0      42    3039       0       0
       2131                    22                    22             1.0286043E-01         1.0000000E+30              3469       
 NEXT SEEDS: 70804C5       B       0       0       0       0      42    3039       0       0
       2132                    21                    21             1.0281224E-01         1.0000000E+30              3469       
 NEXT SEEDS: 70804D8       B       0       0       0       0      42    3039       0       0
       2133                    20                    20             1.0286629E-01         1.0000000E+30              3469       
 NEXT SEEDS: 730503D       B       0       0       0       0      42    3039       0       0
       2134                    19                    19             1.0285000E-01         1.0000000E+30              3469       
 NEXT SEEDS: 73CC1D2       B       0       0       0       0      42    3039       0       0
       2135                    18                    18             1.0280189E-01         1.0000000E+30              3469       
 NEXT SEEDS: 73CC1D6       B       0       0       0       0      42    3039       0       0
  Comptn_2: TXYZ:   1.0000000000056941       U,V,W -0.44378524867966007       -6.4716610729760760E-002 -0.89379327215843318     
       2136                    17                    17             1.0301801E-01         1.0000000E+30              3469       
 NEXT SEEDS: 7A44E58       B       0       0       0       0      42    3039       0       0
       2137                    16                    16             1.0296988E-01         1.0000000E+30              3469       
 NEXT SEEDS: 7A44E5C       B       0       0       0       0      42    3039       0       0
       2138                    15                    15             1.0292176E-01         1.0000000E+30              3469       
 NEXT SEEDS: 7A44E60       B       0       0       0       0      42    3039       0       0
       2139                    14                    14             1.0287370E-01         1.0000000E+30              3469       
 NEXT SEEDS: 7A44E64       B       0       0       0       0      42    3039       0       0
       2140                    13                    13             1.0284594E-01         1.0000000E+30              3469       
 NEXT SEEDS: 7ABC5F2       B       0       0       0       0      42    3039       0       0
       2141                    12                    12             1.0279796E-01         1.0000000E+30              3469       
 NEXT SEEDS: 7ABC5F6       B       0       0       0       0      42    3039       0       0
       2142                    11                    11             1.0275003E-01         1.0000000E+30              3469       
 NEXT SEEDS: 7ABC60C       B       0       0       0       0      42    3039       0       0
       2143                    10                    10             1.0270214E-01         1.0000000E+30              3469       
 NEXT SEEDS: 7ABC621       B       0       0       0       0      42    3039       0       0
       2144                     9                     9             1.0265440E-01         1.0000000E+30              3469       
 NEXT SEEDS: 7ABD0A1       B       0       0       0       0      42    3039       0       0
       2145                     8                     8             1.0260660E-01         1.0000000E+30              3469       
 NEXT SEEDS: 7ABD0A5       B       0       0       0       0      42    3039       0       0
       2146                     7                     7             1.0255884E-01         1.0000000E+30              3469       
 NEXT SEEDS: 7ABD0BA       B       0       0       0       0      42    3039       0       0
       2147                     6                     6             1.0251154E-01         1.0000000E+30              3469       
 NEXT SEEDS: 7ABF35A       B       0       0       0       0      42    3039       0       0
       2148                     5                     5             1.0246387E-01         1.0000000E+30              3469       
 NEXT SEEDS: 7ABF35E       B       0       0       0       0      42    3039       0       0
       2149                     4                     4             1.0241625E-01         1.0000000E+30              3469       
 NEXT SEEDS: 7ABF362       B       0       0       0       0      42    3039       0       0
       2150                     3                     3             1.0246841E-01         1.0000000E+30              3469       
 NEXT SEEDS: 7D1566F       B       0       0       0       0      42    3039       0       0
       2151                     2                     2             1.0242085E-01         1.0000000E+30              3469       
 NEXT SEEDS: 7D15685       B       0       0       0       0      42    3039       0       0
       2152                     1                     1             1.0237427E-01         1.0000000E+30              3469       
 NEXT SEEDS: 7D1A91E       B       0       0       0       0      42    3039       0       0
       2153                     0                     1             1.0232678E-01         1.0000000E+30              3469       
 NEXT SEEDS: 7D1A922       B       0       0       0       0      42    3039       0       0
