1NUMBER OF BEAM       NUMBER OF BEAM        APPROXIMATE NUMBER    AVERAGE TIME USED     TIME LEFT (RESERVED   NUMBER OF STARS
 PARTICLES HANDLED    PARTICLES LEFT        OF BEAM PARTICLES     BY A BEAM PARTICLE     10000.0 SECONDS      CREATED
                                            THAT CAN STILL BE                           FOR PRINTOUT)
                                            HANDLED

 NEXT SEEDS:       0       0       0       0       0       0      1E    3039       0       0
          1                  2846                  2846             8.6290836E-02         1.0000000E+30                 0       
 NEXT SEEDS:  10296D       0       0       0       0       0      1E    3039       0       0
  *** Kaon: P_min > 1.5 GeV/c:           15   2.0864972196650928     
  *** Kaon: P_min > 1.5 GeV/c:           15   1.9238584572141539     
  *** Kaon: P_min > 1.5 GeV/c:           15   1.9753817289049147     
  *** Kbar: P_min > 1.8 GeV/c:           16   2.0591114272612470     
  *** Kaon: P_min > 1.5 GeV/c:           15   12.003019876418151     
  *** Kaon: P_min > 1.5 GeV/c:           15   11.615426401675000     
  *** Kaon: P_min > 1.5 GeV/c:           15   3.0979374776027626     
  *** Kbar: P_min > 1.8 GeV/c:           25   38.747138350484150     
  *** Kbar: P_min > 1.8 GeV/c:           25   40.047048739941751     
  *** Kbar: P_min > 1.8 GeV/c:           16   9.0707110054224902     
  *** Kbar: P_min > 1.8 GeV/c:           16   8.7776748248149534     
  *** Kbar: P_min > 1.8 GeV/c:           16   9.8224393394595779     
  *** Kbar: P_min > 1.8 GeV/c:           16   2.2064043702739031     
  *** Kaon: P_min > 1.5 GeV/c:           15   2.9243796592056461     
  *** Kaon: P_min > 1.5 GeV/c:           15   2.5925589782882796     
  *** Kaon: P_min > 1.5 GeV/c:           15   2.8818554497183442     
  *** Kaon: P_min > 1.5 GeV/c:           15   2.7194453799671328     
  *** Kaon: P_min > 1.5 GeV/c:           15   2.7795236532341265     
  *** Kaon: P_min > 1.5 GeV/c:           24   2.3181552651000255     
  *** Umfnst:amsq,np0,np,kpart  -7.4402657931583041E-018           0           1           7
  *** Kbar: P_min > 1.8 GeV/c:           16   2.1377806814000446     
  Comptn_2: TXYZ:  0.99999999999889355       U,V,W  0.99685522854653685        5.0155153957007315E-002  -6.1352374443654156E-002
  Comptn_2: TXYZ:   1.0000000000014648       U,V,W -0.29693100067234468      -0.37154644061077846      -0.87965062570923358     
  Comptn_2: TXYZ:  0.99999999999887357       U,V,W  0.38482690620929788       -1.5516771207792601E-002 -0.92285832177400817     
         50                  2797                  2797             3.0489677E-01         1.0000000E+30               886       
 NEXT SEEDS: ACD4009       0       0       0       0       0      1E    3039       0       0
        100                  2747                  2747             2.6273222E-01         1.0000000E+30               890       
 NEXT SEEDS:128C0A15       0       0       0       0       0      1E    3039       0       0
        150                  2697                  2697             2.4476741E-01         1.0000000E+30               893       
 NEXT SEEDS:19E61631       0       0       0       0       0      1E    3039       0       0
  Comptn_2: TXYZ:  0.99999999999848266       U,V,W  0.52078669033933167      -0.85368255779537527        2.7043815990737130E-003
        200                  2647                  2647             2.1930719E-01         1.0000000E+30               895       
 NEXT SEEDS:1EE7AC47       0       0       0       0       0      1E    3039       0       0
  Comptn_2: TXYZ:  0.99999999999724998       U,V,W  0.16085287794625458       0.34439557241609009      -0.92494218270865503     
  Comptn_2: TXYZ:  0.99999999999622879       U,V,W  0.56419572738657564       0.53823558697984542      -0.62608756105150576     
  Comptn_2: TXYZ:  0.99999999999424682       U,V,W  0.72424029089479802      -0.49520733127820105      -0.47983924400489286     
        250                  2597                  2597             3.1395467E-01         1.0000000E+30               899       
 NEXT SEEDS:36392362       0       0       0       0       0      1E    3039       0       0
        300                  2547                  2547             3.0084431E-01         1.0000000E+30               901       
 NEXT SEEDS: 2DE995D       1       0       0       0       0      1E    3039       0       0
  Comptn_2: TXYZ:   1.0000000000012814       U,V,W -0.84028373265203182        9.0021883468438091E-002 -0.53462071521635313     
        350                  2497                  2497             3.0652521E-01         1.0000000E+30               910       
 NEXT SEEDS: EFE5F30       1       0       0       0       0      1E    3039       0       0
  Comptn_2: TXYZ:   1.0000000000036358       U,V,W -0.63883078295586415      -0.45489348286792719      -0.62045721044719926     
  Comptn_2: TXYZ:  0.99999999999889733       U,V,W -0.47681224693119550       0.13253222917278862      -0.86895643700119596     
        400                  2447                  2447             3.0928634E-01         1.0000000E+30               928       
 NEXT SEEDS:1AA1891B       1       0       0       0       0      1E    3039       0       0
  Comptn_2: TXYZ:   1.0000000000010771       U,V,W  0.29733284053486120       0.62010087482408238       0.72599455024328918     
        450                  2397                  2397             3.0069245E-01         1.0000000E+30               931       
 NEXT SEEDS:22C7D246       1       0       0       0       0      1E    3039       0       0
  Comptn_2: TXYZ:  0.99999999999844580       U,V,W  0.22531458615569733       0.12400405660241631      -0.96636242228786884     
  Comptn_2: TXYZ:  0.99999999999378142       U,V,W  0.51660489841545854       0.77246574470169094       0.36934543748284909     
        500                  2347                  2347             3.0002058E-01         1.0000000E+30               934       
 NEXT SEEDS:2CDE0F6E       1       0       0       0       0      1E    3039       0       0
        550                  2297                  2297             2.9538114E-01         1.0000000E+30               958       
 NEXT SEEDS:358F1CA1       1       0       0       0       0      1E    3039       0       0
        600                  2247                  2247             3.1259876E-01         1.0000000E+30              1024       
 NEXT SEEDS: B04E3A0       2       0       0       0       0      1E    3039       0       0
  Comptn_2: TXYZ:  0.99999999999821498       U,V,W  0.60659895418715704       0.23433138183119695       0.75968843104679706     
  Comptn_2: TXYZ:  0.99999999999598610       U,V,W -0.55208869260911797      -0.83269830318364768       -4.2563028137280412E-002
        650                  2197                  2197             3.1764097E-01         1.0000000E+30              1032       
 NEXT SEEDS:17E799BA       2       0       0       0       0      1E    3039       0       0
  Comptn_2: TXYZ:  0.99999999999831157       U,V,W  0.68364570702311767      -0.28268089958721276       0.67284474901401836     
  Comptn_2: TXYZ:   1.0000000000012903       U,V,W   5.0081713137526407E-002 -0.80996837349585249      -0.58433128954984426     
  Comptn_2: TXYZ:   1.0000000000018168       U,V,W  0.86679663292918008      -0.31419950181799550      -0.38722379859943601     
        700                  2147                  2147             3.2475000E-01         1.0000000E+30              1038       
 NEXT SEEDS:2650DF77       2       0       0       0       0      1E    3039       0       0
  Comptn_2: TXYZ:  0.99999999998765698       U,V,W  0.53289739820421289      -0.75867544072573878       0.37474249640845869     
        750                  2097                  2097             3.1829070E-01         1.0000000E+30              1109       
 NEXT SEEDS:2E6A4415       2       0       0       0       0      1E    3039       0       0
  Comptn_2: TXYZ:  0.99999999999755151       U,V,W  -5.5536663521280616E-002 -0.92385371307757647       0.37869512253955762     
  Comptn_2: TXYZ:  0.99999999999471822       U,V,W -0.10611233350931570       0.72077206713296771       0.68500204372891815     
        800                  2047                  2047             3.2014876E-01         1.0000000E+30              1109       
 NEXT SEEDS:3AE800D9       2       0       0       0       0      1E    3039       0       0
  Comptn_2: TXYZ:   1.0000000000011307       U,V,W -0.92789106720531400      -0.37074883546132398       -3.9540718326634305E-002
        850                  1997                  1997             3.1864511E-01         1.0000000E+30              1174       
 NEXT SEEDS: A113EEC       3       0       0       0       0      1E    3039       0       0
        900                  1947                  1947             3.1626864E-01         1.0000000E+30              1192       
 NEXT SEEDS:13F74F74       3       0       0       0       0      1E    3039       0       0
  Comptn_2: TXYZ:   1.0000000000060534       U,V,W -0.58403472685841962       0.66665017065191989      -0.46312092135772787     
  Comptn_2: TXYZ:   1.0000000000093352       U,V,W -0.88410010601892952       0.43304890661601547       0.17560081726838916     
  Comptn_2: TXYZ:  0.99999999998917022       U,V,W -0.58972934958833889      -0.10115243499600979       0.80124121156968897     
  Comptn_2: TXYZ:   1.0000000000014180       U,V,W  0.32080649737212497      -0.69314216064389456       0.64547434990335617     
        950                  1897                  1897             3.1371144E-01         1.0000000E+30              1195       
 NEXT SEEDS:1DEE2D63       3       0       0       0       0      1E    3039       0       0
       1000                  1847                  1847             3.0531520E-01         1.0000000E+30              1229       
 NEXT SEEDS:2361BAB7       3       0       0       0       0      1E    3039       0       0
  Comptn_2: TXYZ:  0.99999999999805789       U,V,W  0.45744895604242686       0.88621788186108574       -7.3200536086851287E-002
  Comptn_2: TXYZ:  0.99999999999779254       U,V,W -0.89367465931886869       0.36039632339524985       0.26732020756441699     
       1050                  1797                  1797             2.9723079E-01         1.0000000E+30              1574       
 NEXT SEEDS:2855F3DC       3       0       0       0       0      1E    3039       0       0
  Comptn_2: TXYZ:  0.99999999999530664       U,V,W -0.69527009822162089        2.5757828966789020E-002  0.71828686801383324     
  Comptn_2: TXYZ:   1.0000000000013352       U,V,W  0.87575438039844045      -0.44774738003927439       0.18048974730506018     
       1100                  1747                  1747             3.0494925E-01         1.0000000E+30              1596       
 NEXT SEEDS:3946EDEA       3       0       0       0       0      1E    3039       0       0
  Comptn_2: TXYZ:   1.0000000000022133       U,V,W -0.54633828210717184      -0.64389878193703254       0.53563872164585291     
       1150                  1697                  1697             3.0204867E-01         1.0000000E+30              1637       
 NEXT SEEDS: 677C030       4       0       0       0       0      1E    3039       0       0
       1200                  1647                  1647             3.0335219E-01         1.0000000E+30              1678       
 NEXT SEEDS:12E2EDBC       4       0       0       0       0      1E    3039       0       0
       1250                  1597                  1597             3.0417213E-01         1.0000000E+30              1686       
 NEXT SEEDS:1EBBEBA4       4       0       0       0       0      1E    3039       0       0
  Comptn_2: TXYZ:   1.0000000000040488       U,V,W  0.84871884448007151      -0.31046315227715837      -0.42812259238048966     
  Comptn_2: TXYZ:   1.0000000000010207       U,V,W -0.94829062845515821        2.4581834909799483E-002 -0.31645002350704488     
  Comptn_2: TXYZ:  0.99999999999873246       U,V,W -0.99048031412075099       -9.9674771101085469E-002  -9.4940441035088696E-002
  Comptn_2: TXYZ:   1.0000000000028062       U,V,W  0.95048055691955113       0.18456578894177866      -0.25004435701092120     
  Comptn_2: TXYZ:  0.99999999999670242       U,V,W -0.24504774571038013       0.56349860344342062       0.78893657934987260     
  Comptn_2: TXYZ:   1.0000000000022260       U,V,W  0.40526582394421951       -6.9105862681885455E-002 -0.91158323354920867     
  Comptn_2: TXYZ:  0.99999999999682676       U,V,W -0.24686195764132890       0.79218312019621573       0.55812639961079213     
       1300                  1547                  1547             3.2010072E-01         1.0000000E+30              1866       
 NEXT SEEDS:37CC28C6       4       0       0       0       0      1E    3039       0       0
  Comptn_2: TXYZ:   1.0000000000017595       U,V,W  -8.9679896277672810E-002 -0.98139631520605097      -0.16976097521330047     
  Comptn_2: TXYZ:  0.99999999999877520       U,V,W -0.95117504693184940        1.8228993086211176E-002 -0.30811318359335438     
       1350                  1497                  1497             3.1808649E-01         1.0000000E+30              3086       
 NEXT SEEDS: 6021BD2       5       0       0       0       0      1E    3039       0       0
  Comptn_2: TXYZ:  0.99999999999825318       U,V,W -0.98036873220881304       -7.5421164091027809E-002  0.18217792652429665     
  Comptn_2: TXYZ:  0.99999999999899603       U,V,W -0.22556709300555156       0.10578182394864655      -0.96846770326847675     
       1400                  1447                  1447             3.1888776E-01         1.0000000E+30              3100       
 NEXT SEEDS:1274C6FF       5       0       0       0       0      1E    3039       0       0
  Comptn_2: TXYZ:   1.0000000000028766       U,V,W  0.83006087684908181      -0.34098145276844605      -0.44128289066689419     
       1450                  1397                  1397             3.1327451E-01         1.0000000E+30              3111       
 NEXT SEEDS:1827DA64       5       0       0       0       0      1E    3039       0       0
  Comptn_2: TXYZ:   1.0000000000016034       U,V,W -0.66560720464298928       0.16531732975866475       0.72776179455259538     
  Comptn_2: TXYZ:   1.0000000000010458       U,V,W  0.70879981915466317      -0.57023285079363717      -0.41525571909743064     
  Comptn_2: TXYZ:  0.99999999998414468       U,V,W -0.40967239978570547       0.66822119637660649      -0.62100640701282828     
       1500                  1347                  1347             3.0817815E-01         1.0000000E+30              3125       
 NEXT SEEDS:1E1B34F3       5       0       0       0       0      1E    3039       0       0
  Comptn_2: TXYZ:  0.99999999999854394       U,V,W -0.19435055797944756      -0.36464402103543847      -0.91063856635589957     
  Comptn_2: TXYZ:   1.0000000000013429       U,V,W -0.29657063423985619       0.48191451609049807      -0.82450243061447281     
       1550                  1297                  1297             3.1198037E-01         1.0000000E+30              3135       
 NEXT SEEDS:2D80CF41       5       0       0       0       0      1E    3039       0       0
       1600                  1247                  1247             3.0662170E-01         1.0000000E+30              3138       
 NEXT SEEDS:32A896A6       5       0       0       0       0      1E    3039       0       0
  Comptn_2: TXYZ:  0.99999999999610301       U,V,W -0.44454126028956864       0.85243532940499733       0.27520370106242886     
  Comptn_2: TXYZ:  0.99999999999532230       U,V,W  -8.9550588632164363E-002  0.93103186428916729      -0.35378010083834965     
       1650                  1197                  1197             3.0734683E-01         1.0000000E+30              4171       
 NEXT SEEDS: 33699E8       6       0       0       0       0      1E    3039       0       0
  Comptn_2: TXYZ:   1.0000000000019429       U,V,W  0.20490348452098317      -0.85799444265120428       0.47102027388717715     
  Comptn_2: TXYZ:   1.0000000000015148       U,V,W -0.11256503544431018      -0.54129147123350663      -0.83326625754725114     
       1700                  1147                  1147             3.0434342E-01         1.0000000E+30              4173       
 NEXT SEEDS: AD5F612       6       0       0       0       0      1E    3039       0       0
       1750                  1097                  1097             2.9933026E-01         1.0000000E+30              4176       
 NEXT SEEDS: FA0F2A0       6       0       0       0       0      1E    3039       0       0
  Comptn_2: TXYZ:   1.0000000000012215       U,V,W -0.70568630659678888       0.69305337118101562       0.14725441038432052     
  Comptn_2: TXYZ:  0.99999999999898992       U,V,W   6.1163796900558509E-003  0.96395524416326239      -0.26599412991384241     
  Comptn_2: TXYZ:   1.0000000000010061       U,V,W  0.16558616899372680      -0.56898831377689874       0.80550202943525129     
       1800                  1047                  1047             2.9556669E-01         1.0000000E+30              4178       
 NEXT SEEDS:15AE68FF       6       0       0       0       0      1E    3039       0       0
  Comptn_2: TXYZ:  0.99999999999785449       U,V,W -0.15636938007492063      -0.42290840595954649       0.89257890247394656     
  Comptn_2: TXYZ:  0.99999999999642575       U,V,W -0.83850934917217046      -0.54311372948339454       -4.3926622837716423E-002
  Comptn_2: TXYZ:   1.0000000000014664       U,V,W -0.24879193870431848      -0.21145049248102055      -0.94519376874096395     
       1850                   997                   997             2.9584493E-01         1.0000000E+30              6751       
 NEXT SEEDS:20F3EDD6       6       0       0       0       0      1E    3039       0       0
  Comptn_2: TXYZ:   1.0000000000122848       U,V,W -0.91404593802625600       0.13290908499669740       0.38321690765847904     
  Comptn_2: TXYZ:  0.99999999999445000       U,V,W -0.45319749728045977      -0.59685138984369246      -0.66210304854669744     
       1900                   947                   947             2.9550172E-01         1.0000000E+30              6755       
 NEXT SEEDS:2BC853C6       6       0       0       0       0      1E    3039       0       0
  Comptn_2: TXYZ:   1.0000000000031448       U,V,W  0.74831177649778624       0.24240295646522281      -0.61747088340649015     
  Comptn_2: TXYZ:  0.99999999999437728       U,V,W -0.99139217599947926       0.12241326949214226        4.6438613390570538E-002
  Comptn_2: TXYZ:  0.99999999999667277       U,V,W -0.26432362634902518       0.87503119465841905       0.40552857966490308     
       1950                   897                   897             2.9205561E-01         1.0000000E+30              6769       
 NEXT SEEDS:31B5E345       6       0       0       0       0      1E    3039       0       0
  Comptn_2: TXYZ:   1.0000000000015934       U,V,W -0.62270851783274583      -0.36872678379845070       0.69012655414046264     
  Comptn_2: TXYZ:  0.99999999999898459       U,V,W -0.78283523139884181        1.7462171989471642E-002  0.62198398132839117     
       2000                   847                   847             2.8837602E-01         1.0000000E+30              6772       
 NEXT SEEDS:371454BF       6       0       0       0       0      1E    3039       0       0
  Comptn_2: TXYZ:  0.99999999999500688       U,V,W   1.0607977515746825E-002  0.97100625646457039      -0.23881859373736636     
  Comptn_2: TXYZ:   1.0000000000011844       U,V,W -0.26775254009428462      -0.65314695788217136       0.70831322780497885     
       2050                   797                   797             2.9025228E-01         1.0000000E+30              6778       
 NEXT SEEDS: 8F7D921       7       0       0       0       0      1E    3039       0       0
  Comptn_2: TXYZ:   1.0000000000040157       U,V,W -0.59506827741120460      -0.80324661378634055       -2.6241620827505585E-002
       2100                   747                   747             2.8818840E-01         1.0000000E+30              6851       
 NEXT SEEDS:1079AD3F       7       0       0       0       0      1E    3039       0       0
  Comptn_2: TXYZ:   1.0000000000013203       U,V,W  0.83084731226632513      -0.36299619258502602       0.42181335667557818     
       2150                   697                   697             2.8600828E-01         1.0000000E+30              7126       
 NEXT SEEDS:17B49DEC       7       0       0       0       0      1E    3039       0       0
       2200                   647                   647             2.8460580E-01         1.0000000E+30              7143       
 NEXT SEEDS:2005DEC9       7       0       0       0       0      1E    3039       0       0
  Comptn_2: TXYZ:  0.99999999999858469       U,V,W  -7.7395110804155953E-002  0.96718239123446104      -0.24200871659547118     
  Comptn_2: TXYZ:  0.99999999999856970       U,V,W   2.8675974587329733E-002 -0.99483049863312711       -9.7416464057161534E-002
       2250                   597                   597             2.8738819E-01         1.0000000E+30              7153       
 NEXT SEEDS:2F2599E0       7       0       0       0       0      1E    3039       0       0
  Comptn_2: TXYZ:  0.99999999999828626       U,V,W  0.72513478778282092      -0.65043669394531634      -0.22607885065820810     
  Comptn_2: TXYZ:   1.0000000000013942       U,V,W -0.21638770905653359       0.94318548362372567      -0.25214579681632188     
  Comptn_2: TXYZ:  0.99999999999848888       U,V,W  0.55251047122268915       0.30454514877467886       0.77587655689908530     
  Comptn_2: TXYZ:  0.99999999999803768       U,V,W -0.41973825919870222       0.16026701383563591       0.89338361191544635     
       2300                   547                   547             2.8679277E-01         1.0000000E+30              7161       
 NEXT SEEDS:38B84935       7       0       0       0       0      1E    3039       0       0
  Comptn_2: TXYZ:   1.0000000000032798       U,V,W -0.23880303171804940       0.12209311539286460       0.96336202085156586     
  Comptn_2: TXYZ:   1.0000000000019140       U,V,W -0.33831709392755016      -0.87313842867513536      -0.35095701778002208     
       2350                   497                   497             2.8655692E-01         1.0000000E+30              7173       
 NEXT SEEDS: 7320872       8       0       0       0       0      1E    3039       0       0
  Comptn_2: TXYZ:   1.0000000000022582       U,V,W  0.58987685029386938       0.77673849380629179      -0.22073199525482323     
  Comptn_2: TXYZ:   1.0000000000175659       U,V,W  0.20117150235987680       0.88140325705956002      -0.42738545260763772     
  Comptn_2: TXYZ:  0.99999999999877887       U,V,W  0.53082250411191012      -0.58188983186239795      -0.61614259120944581     
  Comptn_2: TXYZ:   1.0000000000013045       U,V,W -0.14339949307470690      -0.79131453990871847      -0.59435501538749946     
  Comptn_2: TXYZ:  0.99999999999182876       U,V,W -0.34500004867572898       0.35317322915486216       0.86962269784884327     
  Comptn_2: TXYZ:  0.99999999999850564       U,V,W  0.61359773689827612       0.74425769863811198       0.26377698021192231     
       2400                   447                   447             2.9333667E-01         1.0000000E+30              7184       
 NEXT SEEDS:1D9A77D0       8       0       0       0       0      1E    3039       0       0
  *** Hhflev: call to Hadriv !! ***  0.50220416208465790        3.5000000000000000        1.3703869677014968               14 T F T
  Comptn_2: TXYZ:   1.0000000000019194       U,V,W -0.96135415828080895      -0.13418645206893132       0.24040003835122192     
  Comptn_2: TXYZ:   1.0000000000017117       U,V,W -0.10848623604522345      -0.86486693048393448      -0.49013868358429846     
       2450                   397                   397             2.9454444E-01         1.0000000E+30              7285       
 NEXT SEEDS:2AAFCABE       8       0       0       0       0      1E    3039       0       0
       2500                   347                   347             2.9200931E-01         1.0000000E+30              7303       
 NEXT SEEDS:30E02F94       8       0       0       0       0      1E    3039       0       0
       2550                   297                   297             2.9154312E-01         1.0000000E+30              7347       
 NEXT SEEDS:3A7C41AB       8       0       0       0       0      1E    3039       0       0
  Comptn_2: TXYZ:  0.99999999999864386       U,V,W -0.14721262642326849       0.21818785002996322       0.96473960461852570     
  Comptn_2: TXYZ:   1.0000000000010978       U,V,W -0.80614534841498564       0.52898979090601017       0.26514048794402356     
       2600                   247                   247             2.9310555E-01         1.0000000E+30              7694       
 NEXT SEEDS: C9D6886       9       0       0       0       0      1E    3039       0       0
  Comptn_2: TXYZ:   1.0000000000014633       U,V,W  0.85919894008802089      -0.29461857119418156      -0.41830261636832233     
       2650                   197                   197             2.9604986E-01         1.0000000E+30              7697       
 NEXT SEEDS:1CF8F406       9       0       0       0       0      1E    3039       0       0
  Comptn_2: TXYZ:  0.99999999999896960       U,V,W -0.51732731426706380      -0.65520293296292742       0.55052844299724768     
       2700                   147                   147             2.9929247E-01         1.0000000E+30              7698       
 NEXT SEEDS:2DDCD976       9       0       0       0       0      1E    3039       0       0
  Comptn_2: TXYZ:   1.0000000000050273       U,V,W  0.17064914687694710        4.9433720841506101E-002  0.98409104046270102     
  Comptn_2: TXYZ:  0.99999999999864464       U,V,W  0.28302490822024851       0.48328725223245073       0.82845056168438447     
       2750                    97                    97             3.0046694E-01         1.0000000E+30              7707       
 NEXT SEEDS:3B300816       9       0       0       0       0      1E    3039       0       0
  Comptn_2: TXYZ:   1.0000000000019422       U,V,W -0.51621331584916774       0.59390223413480214      -0.61709314437258200     
       2797                    50                    50             3.0099605E-01         1.0000000E+30              7727       
 NEXT SEEDS: B1D9179       A       0       0       0       0      1E    3039       0       0
       2798                    49                    49             3.0088852E-01         1.0000000E+30              7727       
 NEXT SEEDS: B1D917D       A       0       0       0       0      1E    3039       0       0
       2799                    48                    48             3.0086364E-01         1.0000000E+30              7727       
 NEXT SEEDS: B48E8C9       A       0       0       0       0      1E    3039       0       0
       2800                    47                    47             3.0075623E-01         1.0000000E+30              7727       
 NEXT SEEDS: B48E8CD       A       0       0       0       0      1E    3039       0       0
       2801                    46                    46             3.0068503E-01         1.0000000E+30              7727       
 NEXT SEEDS: B5CEB41       A       0       0       0       0      1E    3039       0       0
       2802                    45                    45             3.0082898E-01         1.0000000E+30              7727       
 NEXT SEEDS: BE0A95F       A       0       0       0       0      1E    3039       0       0
  Comptn_2: TXYZ:  0.99999999997979205       U,V,W -0.91245266031944894       0.39142674443288428      -0.11922770818239314     
       2803                    44                    44             3.0095306E-01         1.0000000E+30              7727       
 NEXT SEEDS: C59B574       A       0       0       0       0      1E    3039       0       0
       2804                    43                    43             3.0089005E-01         1.0000000E+30              7727       
 NEXT SEEDS: C70F89B       A       0       0       0       0      1E    3039       0       0
       2805                    42                    42             3.0080606E-01         1.0000000E+30              7727       
 NEXT SEEDS: C7D2A14       A       0       0       0       0      1E    3039       0       0
       2806                    41                    41             3.0069888E-01         1.0000000E+30              7727       
 NEXT SEEDS: C7D2A18       A       0       0       0       0      1E    3039       0       0
       2807                    40                    40             3.0091446E-01         1.0000000E+30              7727       
 NEXT SEEDS: D212DD2       A       0       0       0       0      1E    3039       0       0
       2808                    39                    39             3.0080734E-01         1.0000000E+30              7727       
 NEXT SEEDS: D212DD6       A       0       0       0       0      1E    3039       0       0
       2809                    38                    38             3.0086639E-01         1.0000000E+30              7727       
 NEXT SEEDS: D75E18C       A       0       0       0       0      1E    3039       0       0
       2810                    37                    37             3.0081119E-01         1.0000000E+30              7727       
 NEXT SEEDS: D8F82D7       A       0       0       0       0      1E    3039       0       0
       2811                    36                    36             3.0070422E-01         1.0000000E+30              7727       
 NEXT SEEDS: D8F82DB       A       0       0       0       0      1E    3039       0       0
       2812                    35                    35             3.0071542E-01         1.0000000E+30              7727       
 NEXT SEEDS: DD00AF8       A       0       0       0       0      1E    3039       0       0
       2813                    34                    34             3.0080651E-01         1.0000000E+30              7727       
 NEXT SEEDS: E35786E       A       0       0       0       0      1E    3039       0       0
       2814                    33                    33             3.0069966E-01         1.0000000E+30              7727       
 NEXT SEEDS: E357872       A       0       0       0       0      1E    3039       0       0
       2815                    32                    32             3.0078193E-01         1.0000000E+30              7727       
 NEXT SEEDS: E956928       A       0       0       0       0      1E    3039       0       0
       2816                    31                    31             3.0071231E-01         1.0000000E+30              7727       
 NEXT SEEDS: EA8FBAB       A       0       0       0       0      1E    3039       0       0
       2817                    30                    30             3.0070828E-01         1.0000000E+30              7727       
 NEXT SEEDS: EDF33C3       A       0       0       0       0      1E    3039       0       0
       2818                    29                    29             3.0060162E-01         1.0000000E+30              7727       
 NEXT SEEDS: EDF33C7       A       0       0       0       0      1E    3039       0       0
       2819                    28                    28             3.0049503E-01         1.0000000E+30              7727       
 NEXT SEEDS: EDF33CB       A       0       0       0       0      1E    3039       0       0
       2820                    27                    27             3.0075767E-01         1.0000000E+30              7728       
 NEXT SEEDS: F9EA201       A       0       0       0       0      1E    3039       0       0
       2821                    26                    26             3.0067204E-01         1.0000000E+30              7729       
 NEXT SEEDS: FAA2637       A       0       0       0       0      1E    3039       0       0
       2822                    25                    25             3.0056554E-01         1.0000000E+30              7729       
 NEXT SEEDS: FAA263B       A       0       0       0       0      1E    3039       0       0
       2823                    24                    24             3.0045909E-01         1.0000000E+30              7729       
 NEXT SEEDS: FAA263F       A       0       0       0       0      1E    3039       0       0
       2824                    23                    23             3.0035274E-01         1.0000000E+30              7729       
 NEXT SEEDS: FAA2643       A       0       0       0       0      1E    3039       0       0
       2825                    22                    22             3.0024646E-01         1.0000000E+30              7729       
 NEXT SEEDS: FAA2647       A       0       0       0       0      1E    3039       0       0
       2826                    21                    21             3.0020944E-01         1.0000000E+30              7729       
 NEXT SEEDS: FCEE2E9       A       0       0       0       0      1E    3039       0       0
       2827                    20                    20             3.0030753E-01         1.0000000E+30              7729       
 NEXT SEEDS:103C0570       A       0       0       0       0      1E    3039       0       0
       2828                    19                    19             3.0028505E-01         1.0000000E+30              7729       
 NEXT SEEDS:10680E91       A       0       0       0       0      1E    3039       0       0
       2829                    18                    18             3.0017895E-01         1.0000000E+30              7729       
 NEXT SEEDS:10680E95       A       0       0       0       0      1E    3039       0       0
       2830                    17                    17             3.0015167E-01         1.0000000E+30              7729       
 NEXT SEEDS:109175EA       A       0       0       0       0      1E    3039       0       0
       2831                    16                    16             3.0004569E-01         1.0000000E+30              7729       
 NEXT SEEDS:109175EE       A       0       0       0       0      1E    3039       0       0
       2832                    15                    15             3.0012623E-01         1.0000000E+30              7729       
 NEXT SEEDS:10F30658       A       0       0       0       0      1E    3039       0       0
       2833                    14                    14             3.0010211E-01         1.0000000E+30              7729       
 NEXT SEEDS:111DE69A       A       0       0       0       0      1E    3039       0       0
       2834                    13                    13             2.9999629E-01         1.0000000E+30              7729       
 NEXT SEEDS:111DE69E       A       0       0       0       0      1E    3039       0       0
       2835                    12                    12             2.9991135E-01         1.0000000E+30              7729       
 NEXT SEEDS:1127E46E       A       0       0       0       0      1E    3039       0       0
       2836                    11                    11             2.9980564E-01         1.0000000E+30              7729       
 NEXT SEEDS:1127E472       A       0       0       0       0      1E    3039       0       0
       2837                    10                    10             2.9976902E-01         1.0000000E+30              7729       
 NEXT SEEDS:114C6294       A       0       0       0       0      1E    3039       0       0
       2838                     9                     9             2.9972168E-01         1.0000000E+30              7729       
 NEXT SEEDS:116B1D63       A       0       0       0       0      1E    3039       0       0
       2839                     8                     8             2.9961615E-01         1.0000000E+30              7729       
 NEXT SEEDS:116B1D67       A       0       0       0       0      1E    3039       0       0
       2840                     7                     7             2.9958570E-01         1.0000000E+30              7729       
 NEXT SEEDS:11932561       A       0       0       0       0      1E    3039       0       0
       2841                     6                     6             2.9948029E-01         1.0000000E+30              7729       
 NEXT SEEDS:11932565       A       0       0       0       0      1E    3039       0       0
       2842                     5                     5             2.9952546E-01         1.0000000E+30              7729       
 NEXT SEEDS:11E36C79       A       0       0       0       0      1E    3039       0       0
       2843                     4                     4             2.9963696E-01         1.0000000E+30              7729       
 NEXT SEEDS:1257AB2D       A       0       0       0       0      1E    3039       0       0
       2844                     3                     3             2.9970207E-01         1.0000000E+30              7729       
 NEXT SEEDS:12B3A693       A       0       0       0       0      1E    3039       0       0
       2845                     2                     2             2.9959677E-01         1.0000000E+30              7729       
 NEXT SEEDS:12B3A697       A       0       0       0       0      1E    3039       0       0
       2846                     1                     1             2.9962802E-01         1.0000000E+30              7733       
 NEXT SEEDS:12FB2DED       A       0       0       0       0      1E    3039       0       0
       2847                     0                     1             2.9952282E-01         1.0000000E+30              7733       
 NEXT SEEDS:12FB2DF1       A       0       0       0       0      1E    3039       0       0
