1NUMBER OF BEAM       NUMBER OF BEAM        APPROXIMATE NUMBER    AVERAGE TIME USED     TIME LEFT (RESERVED   NUMBER OF STARS
 PARTICLES HANDLED    PARTICLES LEFT        OF BEAM PARTICLES     BY A BEAM PARTICLE     10000.0 SECONDS      CREATED
                                            THAT CAN STILL BE                           FOR PRINTOUT)
                                            HANDLED

 NEXT SEEDS:       0       0       0       0       0       0      31    3039       0       0
          1                  2846                  2846             9.5668602E-01         1.0000000E+30                 0       
 NEXT SEEDS:  A54C27       0       0       0       0       0      31    3039       0       0
  Comptn_2: TXYZ:   1.0000000000039022       U,V,W -0.71959277863487614       0.63969668010765801       0.27013772487322285     
  *** Kbar: P_min > 1.8 GeV/c:           25   3.7498668141470919     
  *** Kbar: P_min > 1.8 GeV/c:           25   3.9611214016040437     
  *** Kbar: P_min > 1.8 GeV/c:           25   4.3221661240436688     
  *** Kbar: P_min > 1.8 GeV/c:           25   3.0606936870267751     
  *** Kbar: P_min > 1.8 GeV/c:           25   3.2758462117079890     
  *** Kbar: P_min > 1.8 GeV/c:           25   2.2593387658846851     
  *** Kbar: P_min > 1.8 GeV/c:           25   16.490141963951341     
  *** Kbar: P_min > 1.8 GeV/c:           25   16.461819693208067     
  *** Kbar: P_min > 1.8 GeV/c:           16   2.9918542619628816     
  *** Kbar: P_min > 1.8 GeV/c:           16   2.6495112667835174     
  *** Kbar: P_min > 1.8 GeV/c:           16   3.0878570153275882     
  *** Kbar: P_min > 1.8 GeV/c:           16   2.1496208030572390     
  *** Kbar: P_min > 1.8 GeV/c:           16   2.3026410334692891     
  *** Kaon: P_min > 1.5 GeV/c:           15   5.4729532206742739     
  *** Kaon: P_min > 1.5 GeV/c:           15   5.1627023628166890     
  *** Kaon: P_min > 1.5 GeV/c:           15   4.2280118233384707     
  *** Kaon: P_min > 1.5 GeV/c:           15   3.3423862019670190     
  *** Kaon: P_min > 1.5 GeV/c:           15   3.0804929506505481     
  *** Kaon: P_min > 1.5 GeV/c:           15   3.9928136842893132     
         50                  2797                  2797             1.9354366E-01         1.0000000E+30               105       
 NEXT SEEDS: 6D25D70       0       0       0       0       0      31    3039       0       0
  Comptn_2: TXYZ:  0.99999999999897793       U,V,W -0.28423404035331412       0.65083565566531831      -0.70400565311516061     
        100                  2747                  2747             3.0830132E-01         1.0000000E+30               116       
 NEXT SEEDS:15DCFAFC       0       0       0       0       0      31    3039       0       0
  Comptn_2: TXYZ:   1.0000000000011715       U,V,W -0.90445526531936826       -2.2875759146032237E-002 -0.42595466035804241     
  Comptn_2: TXYZ:  0.99999999999794031       U,V,W -0.13855912239040435      -0.44929743143707324      -0.88257191644895983     
  Comptn_2: TXYZ:  0.99999999999852884       U,V,W  -6.6105656234498156E-002 -0.95926379277316265      -0.27466892450144798     
        150                  2697                  2697             2.6972679E-01         1.0000000E+30               116       
 NEXT SEEDS:1C871445       0       0       0       0       0      31    3039       0       0
  *** Kbar: P_min > 1.8 GeV/c:           25   2.1413839398850545     
  Comptn_2: TXYZ:  0.99999999999610656       U,V,W  0.63322080586332241      -0.58046025515506017       0.51195439562839340     
        200                  2647                  2647             2.5191225E-01         1.0000000E+30               713       
 NEXT SEEDS:237E5530       0       0       0       0       0      31    3039       0       0
  Comptn_2: TXYZ:   1.0000000000019411       U,V,W  0.85910737216122612       0.51146669747809170        1.8339587537013813E-002
  Comptn_2: TXYZ:  0.99999999999764000       U,V,W -0.60284332174413180      -0.69969990031972173       0.38340576276148042     
        250                  2597                  2597             2.6987849E-01         1.0000000E+30              1169       
 NEXT SEEDS:2FAFB35A       0       0       0       0       0      31    3039       0       0
  Comptn_2: TXYZ:  0.99999999999846789       U,V,W  0.63698890664472074       0.64953193516865326       0.41515466757113018     
  Comptn_2: TXYZ:  0.99999999999832645       U,V,W -0.84132388464765384        5.4081278208045092E-002 -0.53781905550760456     
        300                  2547                  2547             2.6830751E-01         1.0000000E+30              1179       
 NEXT SEEDS:38F107DF       0       0       0       0       0      31    3039       0       0
        350                  2497                  2497             2.5566699E-01         1.0000000E+30              1188       
 NEXT SEEDS: 3B692FA       1       0       0       0       0      31    3039       0       0
  Comptn_2: TXYZ:  0.99999999999870681       U,V,W  0.34760456642967341       0.85262212618097521       0.39013661112817744     
  Comptn_2: TXYZ:   1.0000000000012423       U,V,W -0.56501795988317838       0.74875627651046273      -0.34658151046598107     
        400                  2447                  2447             2.8418595E-01         1.0000000E+30              1204       
 NEXT SEEDS:15097FEC       1       0       0       0       0      31    3039       0       0
        450                  2397                  2397             2.6818815E-01         1.0000000E+30              1513       
 NEXT SEEDS:1A0C1E95       1       0       0       0       0      31    3039       0       0
  Comptn_2: TXYZ:   1.0000000000024127       U,V,W  0.23777097232972721      -0.96093864814344898      -0.14163996337202889     
        500                  2347                  2347             2.5400346E-01         1.0000000E+30              1517       
 NEXT SEEDS:1E8C2F40       1       0       0       0       0      31    3039       0       0
  Comptn_2: TXYZ:  0.99999999981788523       U,V,W -0.53899951778646482      -0.77040724421277673      -0.34051754390679889     
  Comptn_2: TXYZ:  0.99999999999855260       U,V,W  0.55412706219465946      -0.72229307891658578      -0.41380660590578699     
  Comptn_2: TXYZ:   1.0000000000011842       U,V,W -0.55366582508537476       0.67474317493079639       0.48803258294710616     
  Comptn_2: TXYZ:   1.0000000000039124       U,V,W  0.41003307070660355      -0.48440182339963656       0.77280512059505213     
  Comptn_2: TXYZ:  0.99999999999875877       U,V,W -0.10307212681091471      -0.53288414491888669       0.83988726908288136     
        550                  2297                  2297             2.8023816E-01         1.0000000E+30              1573       
 NEXT SEEDS:320F4613       1       0       0       0       0      31    3039       0       0
  Comptn_2: TXYZ:  0.99999999999869671       U,V,W -0.22050225760233388       0.97193204877718031       -8.2017357618759945E-002
  Comptn_2: TXYZ:   1.0000000000010274       U,V,W  0.25331915096914770      -0.32141324913990488      -0.91242694558557780     
  *** Hhflev: call to Hadriv !! ***  0.56265848313174482        3.5000000000000000        1.4112460496282679               13 T F T
  Comptn_2: TXYZ:   1.0000000001377201       U,V,W  0.46388507022828662      -0.37519356517907454       0.80252129592007293     
        600                  2247                  2247             2.9377625E-01         1.0000000E+30              3003       
 NEXT SEEDS: 677FB1A       2       0       0       0       0      31    3039       0       0
        650                  2197                  2197             3.0041629E-01         1.0000000E+30              3029       
 NEXT SEEDS:13EE99FA       2       0       0       0       0      31    3039       0       0
        700                  2147                  2147             2.9374292E-01         1.0000000E+30              3034       
 NEXT SEEDS:1B7B6577       2       0       0       0       0      31    3039       0       0
  Comptn_2: TXYZ:  0.99999999999657019       U,V,W  0.85446296271967270      -0.26932857856300485       0.44424673561672989     
  Comptn_2: TXYZ:  0.99999999993870681       U,V,W   8.7401048900687783E-002  0.95666019859760709       0.27778106668553448     
        750                  2097                  2097             2.9260765E-01         1.0000000E+30              3039       
 NEXT SEEDS:257CAEEC       2       0       0       0       0      31    3039       0       0
  Comptn_2: TXYZ:  0.99999999999899958       U,V,W  0.64914888960726902       0.15970440632065674       0.74370708059182533     
  Comptn_2: TXYZ:   1.0000000000260043       U,V,W  -9.0173536131089804E-002  0.96766095972695609       0.23558650306824802     
        800                  2047                  2047             2.8986817E-01         1.0000000E+30              3046       
 NEXT SEEDS:2E8418EC       2       0       0       0       0      31    3039       0       0
  Comptn_2: TXYZ:   1.0000000000032370       U,V,W -0.80683068992497908       0.52243333284253879       0.27583990018388604     
  Comptn_2: TXYZ:   1.0000000000092393       U,V,W   6.7392764756277757E-003  0.98501041564437664       0.17236317249899002     
        850                  1997                  1997             2.8490956E-01         1.0000000E+30              3052       
 NEXT SEEDS:35ECCC9A       2       0       0       0       0      31    3039       0       0
  Comptn_2: TXYZ:   1.0000000000011053       U,V,W -0.58842474140048040      -0.26092760383385638       0.76529282582969849     
  Comptn_2: TXYZ:  0.99999999999805700       U,V,W -0.50327139274025967      -0.23201970138578787       0.83239699868283168     
  Comptn_2: TXYZ:  0.99999999999849598       U,V,W  0.96709758240338273       0.24095557924054134       -8.1625210204222753E-002
        900                  1947                  1947             2.9617030E-01         1.0000000E+30              3129       
 NEXT SEEDS: BF94716       3       0       0       0       0      31    3039       0       0
  Comptn_2: TXYZ:   1.0000000000012856       U,V,W  -8.6890771821622970E-002  0.25205277113735747      -0.96380464531745602     
  Comptn_2: TXYZ:  0.99999999992064659       U,V,W  0.38359952361933125       0.65428759733293873       0.65173548727682373     
  Comptn_2: TXYZ:   1.0000000000116391       U,V,W  0.27267938348164744        2.4271491255575484E-002 -0.96179875678227944     
        950                  1897                  1897             2.8975662E-01         1.0000000E+30              3136       
 NEXT SEEDS:1258D38C       3       0       0       0       0      31    3039       0       0
  Comptn_2: TXYZ:   1.0000000000012921       U,V,W  0.87568463624503146       0.28774714521314593       0.38778602123772288     
  Comptn_2: TXYZ:   1.0000000000021072       U,V,W  0.74880248521428427       0.66266842010416127       -1.2860915040292298E-002
  Comptn_2: TXYZ:  0.99999999998429800       U,V,W -0.99968925606842296        1.6642692503552325E-002   1.8558342379999537E-002
  Comptn_2: TXYZ:   1.0000000000027991       U,V,W  -8.0772514082269709E-002  0.38781371945653653      -0.91819187535771374     
       1000                  1847                  1847             3.0202034E-01         1.0000000E+30              3144       
 NEXT SEEDS:24A93F68       3       0       0       0       0      31    3039       0       0
  Comptn_2: TXYZ:  0.99999999999899813       U,V,W  0.20044524111305151      -0.44167866115976395       0.87449509180454932     
  Comptn_2: TXYZ:  0.99999999999833533       U,V,W  0.79022190793608971      -0.60212389461432281       0.11400066557113320     
       1050                  1797                  1797             3.0547766E-01         1.0000000E+30              3257       
 NEXT SEEDS:326BB18D       3       0       0       0       0      31    3039       0       0
  Comptn_2: TXYZ:   1.0000000000012477       U,V,W  0.34402082530802858      -0.60315310659513699      -0.71962212428486794     
       1100                  1747                  1747             3.0100086E-01         1.0000000E+30              3268       
 NEXT SEEDS:39EF537B       3       0       0       0       0      31    3039       0       0
  Comptn_2: TXYZ:   1.0000000000045273       U,V,W   5.6665367766655095E-002 -0.14967500973369141      -0.98711013952933158     
  Comptn_2: TXYZ:   1.0000000000269054       U,V,W -0.77994076051218997      -0.38446570748456566      -0.49384059157481630     
       1150                  1697                  1697             3.0863572E-01         1.0000000E+30              3400       
 NEXT SEEDS:1028F71F       4       0       0       0       0      31    3039       0       0
  Comptn_2: TXYZ:   1.0000000000203668       U,V,W  0.48168638818043519       0.46453619396760359      -0.74309107648803518     
       1200                  1647                  1647             3.0258669E-01         1.0000000E+30              3401       
 NEXT SEEDS:1631D755       4       0       0       0       0      31    3039       0       0
  Comptn_2: TXYZ:   1.0000000000028868       U,V,W -0.72211795482721541      -0.10841600169423771       0.68322150866002573     
       1250                  1597                  1597             2.9679308E-01         1.0000000E+30              3403       
 NEXT SEEDS:1C05471B       4       0       0       0       0      31    3039       0       0
       1300                  1547                  1547             2.9769303E-01         1.0000000E+30              3667       
 NEXT SEEDS:27F622E5       4       0       0       0       0      31    3039       0       0
  Comptn_2: TXYZ:  0.99999999999896672       U,V,W  0.95540103548940714       -2.1722758030172429E-002 -0.29451143130326507     
  Comptn_2: TXYZ:   1.0000000000032074       U,V,W   5.0052324233945455E-002  0.87371807414549352       0.48385069159140137     
  Comptn_2: TXYZ:   1.0000000000107325       U,V,W -0.40434198006742506      -0.31853771855458035       0.85734548755092277     
  Comptn_2: TXYZ:  0.99999999999888278       U,V,W  -9.3208166978104856E-003  0.88689448808767679      -0.46187800269623835     
       1350                  1497                  1497             3.0867865E-01         1.0000000E+30              4573       
 NEXT SEEDS: 281DDC6       5       0       0       0       0      31    3039       0       0
  Comptn_2: TXYZ:  0.99999999999867373       U,V,W  0.83988576048699315       0.16292785538646726      -0.51773199946403281     
       1400                  1447                  1447             3.0470234E-01         1.0000000E+30              4596       
 NEXT SEEDS: 9E40D53       5       0       0       0       0      31    3039       0       0
  Comptn_2: TXYZ:   1.0000000000043929       U,V,W -0.46517625338108104      -0.48367282672450074      -0.74139844212344030     
       1450                  1397                  1397             3.0845273E-01         1.0000000E+30              4790       
 NEXT SEEDS:1949F7FF       5       0       0       0       0      31    3039       0       0
  Comptn_2: TXYZ:   1.0000000000029248       U,V,W  -1.1745611860661143E-002 -0.99993053866130011        9.7900840941633760E-004
       1500                  1347                  1347             3.0542498E-01         1.0000000E+30              4821       
 NEXT SEEDS:216B1517       5       0       0       0       0      31    3039       0       0
  Comptn_2: TXYZ:   1.0000000000043623       U,V,W  0.58321727238142707       0.47102471867019347      -0.66181064331271955     
  Comptn_2: TXYZ:  0.99999999999899880       U,V,W -0.58671016463882353       0.35018873038640663      -0.73016370480792858     
       1550                  1297                  1297             3.1421260E-01         1.0000000E+30              4822       
 NEXT SEEDS:36B0ACAF       5       0       0       0       0      31    3039       0       0
  Comptn_2: TXYZ:  0.99999999999720479       U,V,W -0.12061487504628587       0.97120339663241495       0.20546536030298057     
       1600                  1247                  1247             3.1079730E-01         1.0000000E+30              4829       
 NEXT SEEDS: 2B818C2       6       0       0       0       0      31    3039       0       0
  Comptn_2: TXYZ:   1.0000000000037619       U,V,W -0.79675302810170479       0.17006494089944901       0.57988147762399933     
       1650                  1197                  1197             3.1280469E-01         1.0000000E+30              4954       
 NEXT SEEDS:10BFDFA0       6       0       0       0       0      31    3039       0       0
  Comptn_2: TXYZ:  0.99999999999806233       U,V,W -0.28734482601702993       0.68617502598348068       0.66827897219340571     
       1700                  1147                  1147             3.0997454E-01         1.0000000E+30              4960       
 NEXT SEEDS:18D0CCC5       6       0       0       0       0      31    3039       0       0
  Comptn_2: TXYZ:   1.0000000000011999       U,V,W -0.32894358524152256       0.92161758093396529       0.20595424793647510     
       1750                  1097                  1097             3.0592553E-01         1.0000000E+30              4964       
 NEXT SEEDS:1F15BFAC       6       0       0       0       0      31    3039       0       0
  Comptn_2: TXYZ:  0.99999999999694356       U,V,W -0.19907720105300086       0.57015427188454026      -0.79705230334630883     
       1800                  1047                  1047             3.0449293E-01         1.0000000E+30              4974       
 NEXT SEEDS:2872C19F       6       0       0       0       0      31    3039       0       0
  Comptn_2: TXYZ:  0.99999999999199307       U,V,W -0.30767524064222584        5.6080181103261961E-002  0.94983733321825525     
       1850                   997                   997             3.0247330E-01         1.0000000E+30              4977       
 NEXT SEEDS:30FE34AB       6       0       0       0       0      31    3039       0       0
  Comptn_2: TXYZ:   1.0000000000020566       U,V,W -0.63853349936778159       -8.8237515503321262E-002 -0.76451887553218256     
  Comptn_2: TXYZ:   1.0000000000021001       U,V,W   1.1055688326649715E-002  0.19606521982790071       0.98052853162544995     
       1900                   947                   947             3.0024471E-01         1.0000000E+30              4984       
 NEXT SEEDS:38DE9D2C       6       0       0       0       0      31    3039       0       0
  Comptn_2: TXYZ:   1.0000000000017613       U,V,W -0.36792891004160566       0.42965227452246779       0.82463764172818799     
  Comptn_2: TXYZ:   1.0000000000013096       U,V,W -0.95040865184520484       -1.7214677077015850E-002 -0.31052705098304045     
       1950                   897                   897             2.9947243E-01         1.0000000E+30              4985       
 NEXT SEEDS: 71D56DD       7       0       0       0       0      31    3039       0       0
  Comptn_2: TXYZ:   1.0000000000015039       U,V,W -0.68241571349957386       0.41475986802583975       0.60189953135515850     
       2000                   847                   847             3.0050701E-01         1.0000000E+30              5020       
 NEXT SEEDS:13BFC5EB       7       0       0       0       0      31    3039       0       0
  Comptn_2: TXYZ:  0.99999999999806932       U,V,W -0.33060803605557965       0.83838094184415879      -0.43337711389278866     
  Comptn_2: TXYZ:  0.99999999999817246       U,V,W  0.56371515082550161       -5.6250630781704558E-003 -0.82595011192766421     
  Comptn_2: TXYZ:   1.0000000000040070       U,V,W  0.44015919631291922        9.1874797842962153E-002 -0.89320708876860522     
  Comptn_2: TXYZ:   1.0000000000043703       U,V,W  0.97236351237008045        9.7058638452026003E-002  0.21234128312113398     
  Comptn_2: TXYZ:  0.99999999999650413       U,V,W -0.53933925212083977       0.19931509617861565      -0.81816053654129917     
  Comptn_2: TXYZ:  0.99999999999252021       U,V,W -0.95991378135610983       0.16809293053449892       0.22429957436308001     
  Comptn_2: TXYZ:   1.0000000000018845       U,V,W  0.34068617220673048       0.26069496657635227       0.90331116813131729     
       2050                   797                   797             2.9852667E-01         1.0000000E+30              5053       
 NEXT SEEDS:1BE05DF2       7       0       0       0       0      31    3039       0       0
  Comptn_2: TXYZ:  0.99999999999796141       U,V,W -0.27549978566214861      -0.94585256560833741      -0.17164729019182712     
  Comptn_2: TXYZ:  0.99999999999826084       U,V,W   4.4714933990320560E-002  0.57432454894967166      -0.81740558301877186     
  Comptn_2: TXYZ:   1.0000000000038769       U,V,W -0.24241756495079514      -0.72574419596634243       0.64383933261984794     
  Comptn_2: TXYZ:   1.0000000000017473       U,V,W -0.55090589040624138      -0.81971817403698211      -0.15673166582069342     
       2100                   747                   747             3.0351204E-01         1.0000000E+30              5055       
 NEXT SEEDS:2ED3FE09       7       0       0       0       0      31    3039       0       0
  Comptn_2: TXYZ:  0.99999999999883105       U,V,W  0.37910239590295447       0.58620103059606432      -0.71599561810641177     
       2150                   697                   697             3.0179409E-01         1.0000000E+30              5073       
 NEXT SEEDS:372EA2B1       7       0       0       0       0      31    3039       0       0
  Comptn_2: TXYZ:   1.0000000000065863       U,V,W -0.92336849425458478       0.14350134972251283      -0.35608704898159971     
       2200                   647                   647             2.9977372E-01         1.0000000E+30              5085       
 NEXT SEEDS: 37FE853       8       0       0       0       0      31    3039       0       0
  Comptn_2: TXYZ:  0.99999999999838995       U,V,W -0.17773112784757217      -0.96286043525123555       0.20325213017388322     
  Comptn_2: TXYZ:   1.0000000000020848       U,V,W -0.23615632944316189      -0.97169021943477141        6.9502173220286068E-003
  Comptn_2: TXYZ:  0.99999999999744638       U,V,W -0.96112857284972364      -0.25289063361870490       0.11080701185949238     
       2250                   597                   597             3.0224248E-01         1.0000000E+30              5086       
 NEXT SEEDS:12CE8E78       8       0       0       0       0      31    3039       0       0
  Comptn_2: TXYZ:  0.99999999999423383       U,V,W  0.15146545800557476      -0.48902571221736935      -0.85901808352076614     
  Comptn_2: TXYZ:   1.0000000000014582       U,V,W -0.98347865932256262        5.3783216299976289E-003 -0.18094419116124527     
  Comptn_2: TXYZ:  0.99999999999857325       U,V,W  0.74870652264392312      -0.56175271594845100       0.35195515207701789     
       2300                   547                   547             3.0113071E-01         1.0000000E+30              5102       
 NEXT SEEDS:1C1B6914       8       0       0       0       0      31    3039       0       0
  Comptn_2: TXYZ:  0.99999999999881362       U,V,W  0.71632429544812126       0.51700446614804463      -0.46859992075601298     
  Comptn_2: TXYZ:   1.0000000000010962       U,V,W -0.68889742477495020       0.17025405714641551       0.70458065128466529     
       2350                   497                   497             3.0213480E-01         1.0000000E+30              5117       
 NEXT SEEDS:290D6B45       8       0       0       0       0      31    3039       0       0
  Comptn_2: TXYZ:   1.0000000000011524       U,V,W  0.39628038842197810      -0.73563818820821991       0.54936172946703010     
       2400                   447                   447             2.9963040E-01         1.0000000E+30              5541       
 NEXT SEEDS:2FE02D6A       8       0       0       0       0      31    3039       0       0
  Comptn_2: TXYZ:  0.99999999999733935       U,V,W  0.99219157730599017        4.9561830270263840E-002 -0.11445304233899734     
  Comptn_2: TXYZ:  0.99999999999756761       U,V,W  0.54137658315846693       0.45371600973092541       0.70785109855044936     
  Comptn_2: TXYZ:   1.0000000000015181       U,V,W  0.28305801905849037        1.2926250210668400E-002  0.95901567761100370     
       2450                   397                   397             3.0373589E-01         1.0000000E+30              5545       
 NEXT SEEDS: 7080BB2       9       0       0       0       0      31    3039       0       0
  Comptn_2: TXYZ:   1.0000000000014291       U,V,W -0.87619925197187243       -3.2526498848426399E-003 -0.48193805734148754     
  Comptn_2: TXYZ:  0.99999999999769051       U,V,W -0.32981383212994686      -0.89359873883992691      -0.30447352935377126     
  Comptn_2: TXYZ:  0.99999999999865075       U,V,W  0.24084206912759853      -0.90462726903674451      -0.35163134367133608     
  Comptn_2: TXYZ:  0.99999999999893452       U,V,W -0.26368735590699544       0.91314263336045087       0.31086895868396569     
  Comptn_2: TXYZ:  0.99999999999808620       U,V,W -0.56553523926424987       0.72089562964991938      -0.40059878219992129     
       2500                   347                   347             3.0800378E-01         1.0000000E+30              5549       
 NEXT SEEDS:19FB9857       9       0       0       0       0      31    3039       0       0
  Comptn_2: TXYZ:  0.99999999999874278       U,V,W  0.17486553361062818       0.26802362208079200      -0.94740982851166677     
  Comptn_2: TXYZ:  0.99999999999878475       U,V,W  0.88810386558645149      -0.45853251165459596       -3.1928978764042881E-002
       2550                   297                   297             3.0555264E-01         1.0000000E+30              5557       
 NEXT SEEDS:20C7F658       9       0       0       0       0      31    3039       0       0
  Comptn_2: TXYZ:  0.99999999998750266       U,V,W  0.47878313596099531       -2.9499778757923423E-002  0.87743744606672180     
  Comptn_2: TXYZ:  0.99999999999708322       U,V,W  0.92422796723151812      -0.21142256170197982      -0.31796723885889833     
  Comptn_2: TXYZ:   1.0000000000018836       U,V,W  0.44971442926627958       0.15415093981149397       0.87976952656182705     
       2600                   247                   247             3.0735771E-01         1.0000000E+30              5566       
 NEXT SEEDS:3017FE1F       9       0       0       0       0      31    3039       0       0
  Comptn_2: TXYZ:   1.0000000000012303       U,V,W   3.2549940787498954E-002  0.84471942505160058      -0.53421867647664101     
  Comptn_2: TXYZ:  0.99999999999022204       U,V,W  0.57837739993887283       0.81146607157289452        8.3680331716749379E-002
       2650                   197                   197             3.0713844E-01         1.0000000E+30              5573       
 NEXT SEEDS:3AF2D14B       9       0       0       0       0      31    3039       0       0
  Comptn_2: TXYZ:   1.0000000000015481       U,V,W -0.24984598243383971       0.81781700806327962      -0.51841327759389344     
  Comptn_2: TXYZ:  0.99999999999836275       U,V,W  0.17364854693033749       0.41878823373955720       0.89132631366332227     
       2700                   147                   147             3.0514162E-01         1.0000000E+30              5608       
 NEXT SEEDS: 6B48C3E       A       0       0       0       0      31    3039       0       0
  Comptn_2: TXYZ:   1.0000000000012776       U,V,W  0.47263543938406372      -0.31803772002994535      -0.82186845059149505     
  *** Hhflev: call to Hadriv !! ***  0.97464779603152507        5.0000000000000000        2.0759327771636693                8 T F T
  *** Hhflev: call to Hadriv !! ***  0.97464779603152507        5.0000000000000000        2.0759327771636693                8 T F T
  Comptn_2: TXYZ:   1.0000000000042657       U,V,W -0.66716528009879994      -0.37034847274401095      -0.64632228630237876     
       2750                    97                    97             3.0999835E-01         1.0000000E+30              8350       
 NEXT SEEDS:1BBDEA47       A       0       0       0       0      31    3039       0       0
  Comptn_2: TXYZ:   1.0000000000100508       U,V,W  -1.7853314918824026E-002 -0.98134747792120025       0.19141156374200463     
       2797                    50                    50             3.0982852E-01         1.0000000E+30              8432       
 NEXT SEEDS:2625EB0E       A       0       0       0       0      31    3039       0       0
       2798                    49                    49             3.0990567E-01         1.0000000E+30              8432       
 NEXT SEEDS:2688BD26       A       0       0       0       0      31    3039       0       0
       2799                    48                    48             3.0985804E-01         1.0000000E+30              8433       
 NEXT SEEDS:26ABD34D       A       0       0       0       0      31    3039       0       0
       2800                    47                    47             3.0974742E-01         1.0000000E+30              8433       
 NEXT SEEDS:26ABD351       A       0       0       0       0      31    3039       0       0
       2801                    46                    46             3.0963688E-01         1.0000000E+30              8433       
 NEXT SEEDS:26ABD355       A       0       0       0       0      31    3039       0       0
       2802                    45                    45             3.0952639E-01         1.0000000E+30              8433       
 NEXT SEEDS:26ABD359       A       0       0       0       0      31    3039       0       0
       2803                    44                    44             3.0948550E-01         1.0000000E+30              8433       
 NEXT SEEDS:26D278B7       A       0       0       0       0      31    3039       0       0
       2804                    43                    43             3.0937517E-01         1.0000000E+30              8433       
 NEXT SEEDS:26D278BB       A       0       0       0       0      31    3039       0       0
       2805                    42                    42             3.0931435E-01         1.0000000E+30              8433       
 NEXT SEEDS:26EC43AE       A       0       0       0       0      31    3039       0       0
       2806                    41                    41             3.0926642E-01         1.0000000E+30              8434       
 NEXT SEEDS:270D125A       A       0       0       0       0      31    3039       0       0
       2807                    40                    40             3.0915628E-01         1.0000000E+30              8434       
 NEXT SEEDS:270D125E       A       0       0       0       0      31    3039       0       0
       2808                    39                    39             3.0909963E-01         1.0000000E+30              8434       
 NEXT SEEDS:272B0E55       A       0       0       0       0      31    3039       0       0
       2809                    38                    38             3.0898964E-01         1.0000000E+30              8434       
 NEXT SEEDS:272B0E59       A       0       0       0       0      31    3039       0       0
       2810                    37                    37             3.0900466E-01         1.0000000E+30              8434       
 NEXT SEEDS:276AFF2D       A       0       0       0       0      31    3039       0       0
       2811                    36                    36             3.0889477E-01         1.0000000E+30              8434       
 NEXT SEEDS:276AFF31       A       0       0       0       0      31    3039       0       0
       2812                    35                    35             3.0891878E-01         1.0000000E+30              8434       
 NEXT SEEDS:27B2AFBE       A       0       0       0       0      31    3039       0       0
       2813                    34                    34             3.0900635E-01         1.0000000E+30              8438       
 NEXT SEEDS:281614D8       A       0       0       0       0      31    3039       0       0
       2814                    33                    33             3.0920084E-01         1.0000000E+30              8438       
 NEXT SEEDS:28B8937A       A       0       0       0       0      31    3039       0       0
       2815                    32                    32             3.0909105E-01         1.0000000E+30              8438       
 NEXT SEEDS:28B8937E       A       0       0       0       0      31    3039       0       0
       2816                    31                    31             3.0909495E-01         1.0000000E+30              8438       
 NEXT SEEDS:28F488CA       A       0       0       0       0      31    3039       0       0
       2817                    30                    30             3.0898526E-01         1.0000000E+30              8438       
 NEXT SEEDS:28F488CE       A       0       0       0       0      31    3039       0       0
       2818                    29                    29             3.0913407E-01         1.0000000E+30              8438       
 NEXT SEEDS:297F0B90       A       0       0       0       0      31    3039       0       0
       2819                    28                    28             3.0931539E-01         1.0000000E+30              8438       
 NEXT SEEDS:2A17915F       A       0       0       0       0      31    3039       0       0
       2820                    27                    27             3.0920574E-01         1.0000000E+30              8438       
 NEXT SEEDS:2A179163       A       0       0       0       0      31    3039       0       0
       2821                    26                    26             3.0909618E-01         1.0000000E+30              8438       
 NEXT SEEDS:2A179167       A       0       0       0       0      31    3039       0       0
       2822                    25                    25             3.0902960E-01         1.0000000E+30              8481       
 NEXT SEEDS:2A2F716E       A       0       0       0       0      31    3039       0       0
       2823                    24                    24             3.0899429E-01         1.0000000E+30              8481       
 NEXT SEEDS:2A59733E       A       0       0       0       0      31    3039       0       0
       2824                    23                    23             3.0913744E-01         1.0000000E+30              8481       
 NEXT SEEDS:2ADF12D9       A       0       0       0       0      31    3039       0       0
       2825                    22                    22             3.0911882E-01         1.0000000E+30              8481       
 NEXT SEEDS:2B0F8EC7       A       0       0       0       0      31    3039       0       0
       2826                    21                    21             3.0900948E-01         1.0000000E+30              8481       
 NEXT SEEDS:2B0F8ECB       A       0       0       0       0      31    3039       0       0
       2827                    20                    20             3.0893858E-01         1.0000000E+30              8481       
 NEXT SEEDS:2B23E868       A       0       0       0       0      31    3039       0       0
       2828                    19                    19             3.0882938E-01         1.0000000E+30              8481       
 NEXT SEEDS:2B23E86C       A       0       0       0       0      31    3039       0       0
       2829                    18                    18             3.0872026E-01         1.0000000E+30              8481       
 NEXT SEEDS:2B23E870       A       0       0       0       0      31    3039       0       0
  Comptn_2: TXYZ:   1.0000000000014138       U,V,W  0.77502667222390542       0.32651166847168867      -0.54103954355923634     
       2830                    17                    17             3.0879247E-01         1.0000000E+30              8483       
 NEXT SEEDS:2B8B24D0       A       0       0       0       0      31    3039       0       0
       2831                    16                    16             3.0896526E-01         1.0000000E+30              8483       
 NEXT SEEDS:2C21604B       A       0       0       0       0      31    3039       0       0
       2832                    15                    15             3.0885621E-01         1.0000000E+30              8483       
 NEXT SEEDS:2C21604F       A       0       0       0       0      31    3039       0       0
       2833                    14                    14             3.0884497E-01         1.0000000E+30              8484       
 NEXT SEEDS:2C552915       A       0       0       0       0      31    3039       0       0
       2834                    13                    13             3.0881769E-01         1.0000000E+30              8484       
 NEXT SEEDS:2C7F8055       A       0       0       0       0      31    3039       0       0
       2835                    12                    12             3.0870880E-01         1.0000000E+30              8484       
 NEXT SEEDS:2C7F8059       A       0       0       0       0      31    3039       0       0
       2836                    11                    11             3.0869511E-01         1.0000000E+30              8484       
 NEXT SEEDS:2CB58508       A       0       0       0       0      31    3039       0       0
       2837                    10                    10             3.0866001E-01         1.0000000E+30              8484       
 NEXT SEEDS:2CDD34C8       A       0       0       0       0      31    3039       0       0
       2838                     9                     9             3.0897662E-01         1.0000000E+30              8485       
 NEXT SEEDS:2DBEAFA1       A       0       0       0       0      31    3039       0       0
       2839                     8                     8             3.0894611E-01         1.0000000E+30              8485       
 NEXT SEEDS:2DE7446A       A       0       0       0       0      31    3039       0       0
       2840                     7                     7             3.0891648E-01         1.0000000E+30              8485       
 NEXT SEEDS:2E0F9560       A       0       0       0       0      31    3039       0       0
       2841                     6                     6             3.0880779E-01         1.0000000E+30              8485       
 NEXT SEEDS:2E0F9564       A       0       0       0       0      31    3039       0       0
       2842                     5                     5             3.0878469E-01         1.0000000E+30              8485       
 NEXT SEEDS:2E3DA643       A       0       0       0       0      31    3039       0       0
       2843                     4                     4             3.0877370E-01         1.0000000E+30              8485       
 NEXT SEEDS:2E720A37       A       0       0       0       0      31    3039       0       0
       2844                     3                     3             3.0880327E-01         1.0000000E+30              8485       
 NEXT SEEDS:2EBC6084       A       0       0       0       0      31    3039       0       0
       2845                     2                     2             3.0886651E-01         1.0000000E+30              8485       
 NEXT SEEDS:2F17888A       A       0       0       0       0      31    3039       0       0
       2846                     1                     1             3.0879849E-01         1.0000000E+30              8485       
 NEXT SEEDS:2F2D4333       A       0       0       0       0      31    3039       0       0
       2847                     0                     1             3.0876103E-01         1.0000000E+30              8485       
 NEXT SEEDS:2F55E916       A       0       0       0       0      31    3039       0       0
