1NUMBER OF BEAM       NUMBER OF BEAM        APPROXIMATE NUMBER    AVERAGE TIME USED     TIME LEFT (RESERVED   NUMBER OF STARS
 PARTICLES HANDLED    PARTICLES LEFT        OF BEAM PARTICLES     BY A BEAM PARTICLE     10000.0 SECONDS      CREATED
                                            THAT CAN STILL BE                           FOR PRINTOUT)
                                            HANDLED

 NEXT SEEDS:2ADCC038       3       0       0       0       0       D    3039       0       0
          1                  2152                  2152             4.7700405E-03         1.0000000E+30                 0       
 NEXT SEEDS:2ADD4EBD       3       0       0       0       0       D    3039       0       0
  Comptn_2: TXYZ:  0.99999999999842493       U,V,W -0.46140781335416392      -0.83793112207326814      -0.29150345527143884     
         40                  2113                  2113             2.0519549E-01         1.0000000E+30                 2       
 NEXT SEEDS:30C370BE       3       0       0       0       0       D    3039       0       0
  Comptn_2: TXYZ:   1.0000000000010667       U,V,W -0.25284006896670519       0.68779459569370149       0.68044874433017810     
         80                  2073                  2073             1.5858309E-01         1.0000000E+30                 6       
 NEXT SEEDS:33EDE3CE       3       0       0       0       0       D    3039       0       0
        120                  2033                  2033             1.5746049E-01         1.0000000E+30                 7       
 NEXT SEEDS:384F2433       3       0       0       0       0       D    3039       0       0
  Comptn_2: TXYZ:  0.99999999999814027       U,V,W -0.93213680674392130      -0.36199841175296310       -8.8387442387443116E-003
        160                  1993                  1993             1.6371572E-01         1.0000000E+30                 9       
 NEXT SEEDS: 1E2A167       4       0       0       0       0       D    3039       0       0
  Comptn_2: TXYZ:   1.0000000000058931       U,V,W -0.43583165390822387       0.77590090362799025       0.45610147687415292     
  Comptn_2: TXYZ:   1.0000000000011873       U,V,W -0.79558095455126931       0.26798547273956785       0.54335506913714227     
        200                  1953                  1953             2.0127192E-01         1.0000000E+30                12       
 NEXT SEEDS: C1FA78D       4       0       0       0       0       D    3039       0       0
        240                  1913                  1913             1.7769504E-01         1.0000000E+30                54       
 NEXT SEEDS: DCF33DB       4       0       0       0       0       D    3039       0       0
  Comptn_2: TXYZ:   1.0000000000102582       U,V,W  0.72270312177796825       0.52340309703510002       0.45138608285668624     
  Comptn_2: TXYZ:   1.0000000000013110       U,V,W -0.25991706377600110       0.78667782450623136      -0.55998314295121077     
  Comptn_2: TXYZ:  0.99999999999781553       U,V,W  0.97996163767200883      -0.16856025028525323       0.10612554222609560     
        280                  1873                  1873             1.9625727E-01         1.0000000E+30                56       
 NEXT SEEDS:165E9180       4       0       0       0       0       D    3039       0       0
  Comptn_2: TXYZ:  0.99999999999837907       U,V,W   2.6660442545534124E-003 -0.73040940486211481       0.68300438761063842     
        320                  1833                  1833             1.7873396E-01         1.0000000E+30                56       
 NEXT SEEDS:17E99937       4       0       0       0       0       D    3039       0       0
        360                  1793                  1793             1.7101448E-01         1.0000000E+30                61       
 NEXT SEEDS:1AF33163       4       0       0       0       0       D    3039       0       0
        400                  1753                  1753             1.5914199E-01         1.0000000E+30                61       
 NEXT SEEDS:1C680A30       4       0       0       0       0       D    3039       0       0
        440                  1713                  1713             1.5729484E-01         1.0000000E+30                70       
 NEXT SEEDS:205E4BF1       4       0       0       0       0       D    3039       0       0
        480                  1673                  1673             1.5301469E-01         1.0000000E+30               106       
 NEXT SEEDS:235C8A8A       4       0       0       0       0       D    3039       0       0
  *** Kbar: P_min > 1.8 GeV/c:           25   4.3085740717862402     
  *** Kbar: P_min > 1.8 GeV/c:           25   4.2958622774748427     
  *** Kbar: P_min > 1.8 GeV/c:           25   3.4798137576784822     
  *** Kbar: P_min > 1.8 GeV/c:           25   2.9159407465005933     
  *** Kbar: P_min > 1.8 GeV/c:           25   4.0295963003469710     
  *** Kbar: P_min > 1.8 GeV/c:           25   2.1511136603983756     
  *** Kbar: P_min > 1.8 GeV/c:           25   2.6827045635784250     
  *** Kbar: P_min > 1.8 GeV/c:           25   2.0627410541628728     
  *** Kbar: P_min > 1.8 GeV/c:           25   2.2363673481538391     
  *** Kbar: P_min > 1.8 GeV/c:           25   1.9617516046246561     
  *** Kaon: P_min > 1.5 GeV/c:           15   1.9422010371587528     
  *** Kaon: P_min > 1.5 GeV/c:           24   2.1866754633971524     
  *** Kaon: P_min > 1.5 GeV/c:           24   2.0286124947901798     
  *** Kaon: P_min > 1.5 GeV/c:           24   2.1509800988868522     
  *** Kaon: P_min > 1.5 GeV/c:           24   2.1506951200557771     
  *** Kaon: P_min > 1.5 GeV/c:           24   1.9859150515376787     
  *** Kaon: P_min > 1.5 GeV/c:           24   2.3564215213150121     
  *** Kaon: P_min > 1.5 GeV/c:           24   1.9911526444741023     
  *** Kaon: P_min > 1.5 GeV/c:           15   1.9142683290933538     
  *** Kaon: P_min > 1.5 GeV/c:           15   2.5181245836810104     
  Comptn_2: TXYZ:  0.99999999999827116       U,V,W -0.61492317935065444      -0.75563035189665673      -0.22559311777642677     
        520                  1633                  1633             1.5218590E-01         1.0000000E+30               640       
 NEXT SEEDS:2770EA3C       4       0       0       0       0       D    3039       0       0
        560                  1593                  1593             1.4858882E-01         1.0000000E+30               641       
 NEXT SEEDS:2A4ABD49       4       0       0       0       0       D    3039       0       0
        600                  1553                  1553             1.4646522E-01         1.0000000E+30               642       
 NEXT SEEDS:2D9AA0F8       4       0       0       0       0       D    3039       0       0
        640                  1513                  1513             1.4642250E-01         1.0000000E+30               647       
 NEXT SEEDS:31CB8960       4       0       0       0       0       D    3039       0       0
        680                  1473                  1473             1.5679813E-01         1.0000000E+30               663       
 NEXT SEEDS:3B539CFA       4       0       0       0       0       D    3039       0       0
  Comptn_2: TXYZ:  0.99999999999109912       U,V,W  0.43331701460567729      -0.88892647975532668       0.14847921886286031     
        720                  1433                  1433             1.5225180E-01         1.0000000E+30               663       
 NEXT SEEDS: 1D5F12F       5       0       0       0       0       D    3039       0       0
  Comptn_2: TXYZ:  0.99999999999775180       U,V,W -0.65869397822986286        5.1866473299352123E-002 -0.75062115077378166     
        760                  1393                  1393             1.5857179E-01         1.0000000E+30               679       
 NEXT SEEDS: 9BA9B71       5       0       0       0       0       D    3039       0       0
        800                  1353                  1353             1.5322482E-01         1.0000000E+30               679       
 NEXT SEEDS: B2B2258       5       0       0       0       0       D    3039       0       0
  Comptn_2: TXYZ:  0.99999999999868394       U,V,W  0.29736196933990300      -0.14702873632909666      -0.94337607022992032     
        840                  1313                  1313             1.5050704E-01         1.0000000E+30               726       
 NEXT SEEDS: DD19CB3       5       0       0       0       0       D    3039       0       0
        880                  1273                  1273             1.4813236E-01         1.0000000E+30               745       
 NEXT SEEDS:10A81424       5       0       0       0       0       D    3039       0       0
  Comptn_2: TXYZ:   1.0000000000040603       U,V,W -0.48242459194442233       0.35311818965193709       0.80160717139273174     
  Comptn_2: TXYZ:  0.99999999999878431       U,V,W  0.90440324368926639        7.1804917331974139E-002 -0.42059342202424688     
  Comptn_2: TXYZ:  0.99999999999792988       U,V,W  0.71751243606371418       0.11393658001912677       0.68716399776573667     
  Comptn_2: TXYZ:   1.0000000000012785       U,V,W  -4.8919079428770829E-003  0.81835681503803115      -0.57468964887038521     
        920                  1233                  1233             1.5887421E-01         1.0000000E+30               811       
 NEXT SEEDS:1C5B245E       5       0       0       0       0       D    3039       0       0
        960                  1193                  1193             1.5490187E-01         1.0000000E+30               943       
 NEXT SEEDS:1E2A9D62       5       0       0       0       0       D    3039       0       0
       1000                  1153                  1153             1.5328024E-01         1.0000000E+30               943       
 NEXT SEEDS:217A20FA       5       0       0       0       0       D    3039       0       0
       1040                  1113                  1113             1.5961625E-01         1.0000000E+30               944       
 NEXT SEEDS:2A606FCE       5       0       0       0       0       D    3039       0       0
       1080                  1073                  1073             1.5561693E-01         1.0000000E+30               944       
 NEXT SEEDS:2BDC349B       5       0       0       0       0       D    3039       0       0
       1120                  1033                  1033             1.5135766E-01         1.0000000E+30               951       
 NEXT SEEDS:2CE4CFE3       5       0       0       0       0       D    3039       0       0
  Comptn_2: TXYZ:  0.99999999999765843       U,V,W  0.54781602864433410       0.71450890840461767      -0.43517194138460980     
       1160                   993                   993             1.5207785E-01         1.0000000E+30              1012       
 NEXT SEEDS:31C4834C       5       0       0       0       0       D    3039       0       0
       1200                   953                   953             1.4908923E-01         1.0000000E+30              1012       
 NEXT SEEDS:33828BC0       5       0       0       0       0       D    3039       0       0
       1240                   913                   913             1.4535591E-01         1.0000000E+30              1076       
 NEXT SEEDS:3475D445       5       0       0       0       0       D    3039       0       0
  Comptn_2: TXYZ:  0.99999999999882105       U,V,W  0.86922132522040840      -0.29270258359241552      -0.39847143603930135     
       1280                   873                   873             1.4502002E-01         1.0000000E+30              1080       
 NEXT SEEDS:382F9DD5       5       0       0       0       0       D    3039       0       0
       1320                   833                   833             1.4242092E-01         1.0000000E+30              1080       
 NEXT SEEDS:39E075E2       5       0       0       0       0       D    3039       0       0
       1360                   793                   793             1.3957984E-01         1.0000000E+30              1106       
 NEXT SEEDS:3B2ECA31       5       0       0       0       0       D    3039       0       0
  Comptn_2: TXYZ:  0.99999999999815248       U,V,W -0.22400588778707642      -0.92641819365192291       0.30260649812187523     
       1400                   753                   753             1.3812707E-01         1.0000000E+30              1107       
 NEXT SEEDS: 224112B       6       0       0       0       0       D    3039       0       0
  Comptn_2: TXYZ:   1.0000000000010640       U,V,W -0.94026559981395685       -3.7736149319023582E-002 -0.33834388548063998     
       1440                   713                   713             1.3732223E-01         1.0000000E+30              1411       
 NEXT SEEDS: 5482CEB       6       0       0       0       0       D    3039       0       0
  Comptn_2: TXYZ:  0.99999999999742584       U,V,W  0.73018344256311707       -3.5159471087723659E-002  0.68234591798949928     
       1480                   673                   673             1.3575483E-01         1.0000000E+30              1436       
 NEXT SEEDS: 792FBF7       6       0       0       0       0       D    3039       0       0
  Comptn_2: TXYZ:   1.0000000000010640       U,V,W -0.74359773050502298        1.2383143420883869E-002  0.66851258249030820     
  Comptn_2: TXYZ:  0.99999999999836353       U,V,W -0.45300034681872603      -0.89148622774185782        6.5567924376068731E-003
       1520                   633                   633             1.3462295E-01         1.0000000E+30              1450       
 NEXT SEEDS: A3FB69D       6       0       0       0       0       D    3039       0       0
       1560                   593                   593             1.3471345E-01         1.0000000E+30              1471       
 NEXT SEEDS: E37DF83       6       0       0       0       0       D    3039       0       0
  Comptn_2: TXYZ:   1.0000000000106313       U,V,W -0.63777721809158550       0.66325561434649671      -0.39157656994748891     
  Comptn_2: TXYZ:   1.0000000000020846       U,V,W  0.62083704068924206       -6.8374557762922450E-002  0.78095216803657941     
  Comptn_2: TXYZ:  0.99999999999815470       U,V,W  0.21507857435514666       0.53143927341384467       0.81933723552934978     
       1600                   553                   553             1.3626550E-01         1.0000000E+30              1474       
 NEXT SEEDS:1407B26E       6       0       0       0       0       D    3039       0       0
       1640                   513                   513             1.4148090E-01         1.0000000E+30              1559       
 NEXT SEEDS:1E31E134       6       0       0       0       0       D    3039       0       0
       1680                   473                   473             1.4044932E-01         1.0000000E+30              1559       
 NEXT SEEDS:20FCE458       6       0       0       0       0       D    3039       0       0
  Comptn_2: TXYZ:   1.0000000000012097       U,V,W -0.31276097152935733       0.49180937600333152      -0.81259098712970967     
       1720                   433                   433             1.3980149E-01         1.0000000E+30              1567       
 NEXT SEEDS:243F1037       6       0       0       0       0       D    3039       0       0
  *** Hhflev: call to Hadriv !! ***  0.78901134626183866        3.5000000000000000        1.5503018154789552               13 T F T
       1760                   393                   393             1.3875600E-01         1.0000000E+30              1813       
 NEXT SEEDS:26EFC966       6       0       0       0       0       D    3039       0       0
       1800                   353                   353             1.3768042E-01         1.0000000E+30              1814       
 NEXT SEEDS:29742F95       6       0       0       0       0       D    3039       0       0
       1840                   313                   313             1.3595494E-01         1.0000000E+30              1838       
 NEXT SEEDS:2B0ECBFE       6       0       0       0       0       D    3039       0       0
       1880                   273                   273             1.3482478E-01         1.0000000E+30              1843       
 NEXT SEEDS:2D75FCB0       6       0       0       0       0       D    3039       0       0
  Comptn_2: TXYZ:  0.99999999999626432       U,V,W  0.13696092157128703       0.92969636871556460       0.34191573224363481     
       1920                   233                   233             1.3326669E-01         1.0000000E+30              1856       
 NEXT SEEDS:2F341BEB       6       0       0       0       0       D    3039       0       0
       1960                   193                   193             1.3263564E-01         1.0000000E+30              1856       
 NEXT SEEDS:321D8173       6       0       0       0       0       D    3039       0       0
  Comptn_2: TXYZ:   1.0000000000076015       U,V,W -0.86083169885390021      -0.49390473963433124       0.12258423398893115     
       2000                   153                   153             1.3322121E-01         1.0000000E+30              1861       
 NEXT SEEDS:36E42998       6       0       0       0       0       D    3039       0       0
  Comptn_2: TXYZ:  0.99999999999841960       U,V,W -0.94110900253908447        7.4713234514632632E-002 -0.32974501956310220     
  Comptn_2: TXYZ:   1.0000000000010938       U,V,W -0.10082327307650019       0.99298960854625573       -6.1695258540581221E-002
  *** Hhflev: call to Hadriv !! ***  0.55289684502844327        3.5000000000000000        1.4035373177951629               13 T F T
       2040                   113                   113             1.3847063E-01         1.0000000E+30              2542       
 NEXT SEEDS: 75DE6FE       7       0       0       0       0       D    3039       0       0
       2080                    73                    73             1.3882707E-01         1.0000000E+30              2546       
 NEXT SEEDS: BE82E25       7       0       0       0       0       D    3039       0       0
       2103                    50                    50             1.3830087E-01         1.0000000E+30              2547       
 NEXT SEEDS: D63C918       7       0       0       0       0       D    3039       0       0
       2104                    49                    49             1.3832128E-01         1.0000000E+30              2547       
 NEXT SEEDS: D855427       7       0       0       0       0       D    3039       0       0
       2105                    48                    48             1.3825562E-01         1.0000000E+30              2547       
 NEXT SEEDS: D85542B       7       0       0       0       0       D    3039       0       0
       2106                    47                    47             1.3819028E-01         1.0000000E+30              2547       
 NEXT SEEDS: D856923       7       0       0       0       0       D    3039       0       0
       2107                    46                    46             1.3814161E-01         1.0000000E+30              2547       
 NEXT SEEDS: D8B7D7B       7       0       0       0       0       D    3039       0       0
       2108                    45                    45             1.3814525E-01         1.0000000E+30              2548       
 NEXT SEEDS: DA7657A       7       0       0       0       0       D    3039       0       0
       2109                    44                    44             1.3807981E-01         1.0000000E+30              2548       
 NEXT SEEDS: DA7657E       7       0       0       0       0       D    3039       0       0
       2110                    43                    43             1.3816345E-01         1.0000000E+30              2548       
 NEXT SEEDS: DE1F58E       7       0       0       0       0       D    3039       0       0
       2111                    42                    42             1.3811126E-01         1.0000000E+30              2548       
 NEXT SEEDS: DE669D8       7       0       0       0       0       D    3039       0       0
       2112                    41                    41             1.3804592E-01         1.0000000E+30              2548       
 NEXT SEEDS: DE669DC       7       0       0       0       0       D    3039       0       0
       2113                    40                    40             1.3811315E-01         1.0000000E+30              2548       
 NEXT SEEDS: E1C08F7       7       0       0       0       0       D    3039       0       0
       2114                    39                    39             1.3808904E-01         1.0000000E+30              2548       
 NEXT SEEDS: E2C8397       7       0       0       0       0       D    3039       0       0
       2115                    38                    38             1.3802442E-01         1.0000000E+30              2548       
 NEXT SEEDS: E2CB76B       7       0       0       0       0       D    3039       0       0
       2116                    37                    37             1.3804066E-01         1.0000000E+30              2653       
 NEXT SEEDS: E4BF4CA       7       0       0       0       0       D    3039       0       0
       2117                    36                    36             1.3797707E-01         1.0000000E+30              2653       
 NEXT SEEDS: E4C73A8       7       0       0       0       0       D    3039       0       0
       2118                    35                    35             1.3791198E-01         1.0000000E+30              2653       
 NEXT SEEDS: E4C73AC       7       0       0       0       0       D    3039       0       0
       2119                    34                    34             1.3798174E-01         1.0000000E+30              2654       
 NEXT SEEDS: E811D8F       7       0       0       0       0       D    3039       0       0
       2120                    33                    33             1.3808183E-01         1.0000000E+30              2654       
 NEXT SEEDS: EC04562       7       0       0       0       0       D    3039       0       0
       2121                    32                    32             1.3801881E-01         1.0000000E+30              2654       
 NEXT SEEDS: EC10242       7       0       0       0       0       D    3039       0       0
       2122                    31                    31             1.3795434E-01         1.0000000E+30              2654       
 NEXT SEEDS: EC12A4D       7       0       0       0       0       D    3039       0       0
       2123                    30                    30             1.3788941E-01         1.0000000E+30              2654       
 NEXT SEEDS: EC12A51       7       0       0       0       0       D    3039       0       0
       2124                    29                    29             1.3790252E-01         1.0000000E+30              2654       
 NEXT SEEDS: EE03540       7       0       0       0       0       D    3039       0       0
       2125                    28                    28             1.3787098E-01         1.0000000E+30              2654       
 NEXT SEEDS: EEDEA93       7       0       0       0       0       D    3039       0       0
       2126                    27                    27             1.3780652E-01         1.0000000E+30              2654       
 NEXT SEEDS: EEE06D5       7       0       0       0       0       D    3039       0       0
       2127                    26                    26             1.3774417E-01         1.0000000E+30              2654       
 NEXT SEEDS: EEECB7F       7       0       0       0       0       D    3039       0       0
       2128                    25                    25             1.3768019E-01         1.0000000E+30              2654       
 NEXT SEEDS: EEF01AE       7       0       0       0       0       D    3039       0       0
       2129                    24                    24             1.3761558E-01         1.0000000E+30              2654       
 NEXT SEEDS: EEF01B2       7       0       0       0       0       D    3039       0       0
       2130                    23                    23             1.3758537E-01         1.0000000E+30              2654       
 NEXT SEEDS: EFD2074       7       0       0       0       0       D    3039       0       0
       2131                    22                    22             1.3752123E-01         1.0000000E+30              2654       
 NEXT SEEDS: EFD3E7C       7       0       0       0       0       D    3039       0       0
       2132                    21                    21             1.3745679E-01         1.0000000E+30              2654       
 NEXT SEEDS: EFD3E80       7       0       0       0       0       D    3039       0       0
       2133                    20                    20             1.3748221E-01         1.0000000E+30              2654       
 NEXT SEEDS: F217709       7       0       0       0       0       D    3039       0       0
       2134                    19                    19             1.3741821E-01         1.0000000E+30              2654       
 NEXT SEEDS: F219758       7       0       0       0       0       D    3039       0       0
       2135                    18                    18             1.3736413E-01         1.0000000E+30              2654       
 NEXT SEEDS: F255DC3       7       0       0       0       0       D    3039       0       0
       2136                    17                    17             1.3729988E-01         1.0000000E+30              2654       
 NEXT SEEDS: F255DC7       7       0       0       0       0       D    3039       0       0
       2137                    16                    16             1.3723593E-01         1.0000000E+30              2654       
 NEXT SEEDS: F25729E       7       0       0       0       0       D    3039       0       0
       2138                    15                    15             1.3717179E-01         1.0000000E+30              2654       
 NEXT SEEDS: F2572A2       7       0       0       0       0       D    3039       0       0
       2139                    14                    14             1.3710772E-01         1.0000000E+30              2654       
 NEXT SEEDS: F2572A6       7       0       0       0       0       D    3039       0       0
       2140                    13                    13             1.3709412E-01         1.0000000E+30              2654       
 NEXT SEEDS: F39A59E       7       0       0       0       0       D    3039       0       0
       2141                    12                    12             1.3706331E-01         1.0000000E+30              2654       
 NEXT SEEDS: F473C66       7       0       0       0       0       D    3039       0       0
       2142                    11                    11             1.3699938E-01         1.0000000E+30              2654       
 NEXT SEEDS: F473C6A       7       0       0       0       0       D    3039       0       0
       2143                    10                    10             1.3693880E-01         1.0000000E+30              2654       
 NEXT SEEDS: F483B87       7       0       0       0       0       D    3039       0       0
       2144                     9                     9             1.3755489E-01         1.0000000E+30              2654       
 NEXT SEEDS:104E2282       7       0       0       0       0       D    3039       0       0
       2145                     8                     8             1.3758355E-01         1.0000000E+30              2654       
 NEXT SEEDS:10739432       7       0       0       0       0       D    3039       0       0
       2146                     7                     7             1.3756334E-01         1.0000000E+30              2654       
 NEXT SEEDS:10854229       7       0       0       0       0       D    3039       0       0
       2147                     6                     6             1.3750272E-01         1.0000000E+30              2654       
 NEXT SEEDS:10866B01       7       0       0       0       0       D    3039       0       0
       2148                     5                     5             1.3749109E-01         1.0000000E+30              2654       
 NEXT SEEDS:109BE876       7       0       0       0       0       D    3039       0       0
       2149                     4                     4             1.3743398E-01         1.0000000E+30              2654       
 NEXT SEEDS:109E6141       7       0       0       0       0       D    3039       0       0
       2150                     3                     3             1.3745129E-01         1.0000000E+30              2654       
 NEXT SEEDS:10BF34E2       7       0       0       0       0       D    3039       0       0
       2151                     2                     2             1.3746074E-01         1.0000000E+30              2654       
 NEXT SEEDS:10DCE514       7       0       0       0       0       D    3039       0       0
       2152                     1                     1             1.3745808E-01         1.0000000E+30              2654       
 NEXT SEEDS:10F5B116       7       0       0       0       0       D    3039       0       0
       2153                     0                     1             1.3749795E-01         1.0000000E+30              2654       
 NEXT SEEDS:111B1464       7       0       0       0       0       D    3039       0       0
