1NUMBER OF BEAM       NUMBER OF BEAM        APPROXIMATE NUMBER    AVERAGE TIME USED     TIME LEFT (RESERVED   NUMBER OF STARS
 PARTICLES HANDLED    PARTICLES LEFT        OF BEAM PARTICLES     BY A BEAM PARTICLE     10000.0 SECONDS      CREATED
                                            THAT CAN STILL BE                           FOR PRINTOUT)
                                            HANDLED

 NEXT SEEDS:31885390      2C       0       0       0       0      31    3039       0       0
          1                  2846                  2846             9.2029572E-05         1.0000000E+30                 0       
 NEXT SEEDS:31885394      2C       0       0       0       0      31    3039       0       0
  Comptn_2: TXYZ:  0.99999999999886635       U,V,W  0.99685867886837087        6.5094715089131228E-003  -7.8932890130460009E-002
         50                  2797                  2797             3.1371097E-01         1.0000000E+30                 1       
 NEXT SEEDS: 17470FE      2D       0       0       0       0      31    3039       0       0
  Comptn_2: TXYZ:  0.99999999999223244       U,V,W  0.50871209984825860       0.13039866160036695      -0.85100422355769823     
  Comptn_2: TXYZ:  0.99999999999744438       U,V,W  -1.2257225657222648E-002 -0.91044656688753789       0.41344504986676078     
        100                  2747                  2747             3.8867267E-01         1.0000000E+30                19       
 NEXT SEEDS:12BB7A8C      2D       0       0       0       0      31    3039       0       0
  Comptn_2: TXYZ:  0.99999999999886791       U,V,W  0.61741190389660261       0.74664973621139952       0.24762211601770900     
  Comptn_2: TXYZ:   1.0000000000050455       U,V,W -0.77475750778174302      -0.26939707925288303       0.57199302253688700     
        150                  2697                  2697             3.5028895E-01         1.0000000E+30               169       
 NEXT SEEDS:1CCDA0FD      2D       0       0       0       0      31    3039       0       0
  Comptn_2: TXYZ:  0.99999999999774669       U,V,W -0.24694016643664440      -0.74636454079412573       0.61802955143193827     
  Comptn_2: TXYZ:  0.99999999999859224       U,V,W  0.50872433564264696       0.79431729496208670      -0.33205358791564521     
  Comptn_2: TXYZ:   1.0000000000014371       U,V,W  0.79831438085908957        2.1675194234205719E-002  0.60185075830301571     
  Comptn_2: TXYZ:   1.0000000000020375       U,V,W  0.24587759890740735       0.55620320532068490      -0.79384016070526542     
        200                  2647                  2647             4.0883327E-01         1.0000000E+30               290       
 NEXT SEEDS:3290E5FC      2D       0       0       0       0      31    3039       0       0
  Comptn_2: TXYZ:   1.0000000000015239       U,V,W -0.14418522720428584        4.8685827531471659E-003  0.98953873959514493     
        250                  2597                  2597             4.1200046E-01         1.0000000E+30               298       
 NEXT SEEDS: 5FD23A9      2E       0       0       0       0      31    3039       0       0
  *** Kaon: P_min > 1.5 GeV/c:           15   1.5174489953919563     
  Comptn_2: TXYZ:  0.99999999999803624       U,V,W -0.28142708956344897       -6.7510063104236906E-005 -0.95958261171213088     
  *** Kaon: P_min > 1.5 GeV/c:           24   2.2728876751597262     
  *** Kbar: P_min > 1.8 GeV/c:           16   15.977701656949623     
  *** Kbar: P_min > 1.8 GeV/c:           16   15.334969301346925     
  *** Kaon: P_min > 1.5 GeV/c:           15   14.027893809383228     
  *** Kaon: P_min > 1.5 GeV/c:           15   12.025066943749168     
  *** Kaon: P_min > 1.5 GeV/c:           15   3.6273779803199773     
  *** Kaon: P_min > 1.5 GeV/c:           15   3.3726258233628963     
  *** Kaon: P_min > 1.5 GeV/c:           15   4.1292235896068572     
  *** Kaon: P_min > 1.5 GeV/c:           15   2.9448960165825597     
  *** Kaon: P_min > 1.5 GeV/c:           15   2.9024204646804819     
  *** Kaon: P_min > 1.5 GeV/c:           15   2.8538362742606069     
  *** Kaon: P_min > 1.5 GeV/c:           15   2.8534313075173383     
  *** Kaon: P_min > 1.5 GeV/c:           15   2.9226534126209116     
  *** Kaon: P_min > 1.5 GeV/c:           15   1.5037097253587817     
  *** Kaon: P_min > 1.5 GeV/c:           15   1.8607559069411321     
  *** Kaon: P_min > 1.5 GeV/c:           15   2.9143401555337256     
  *** Kaon: P_min > 1.5 GeV/c:           15   2.9528952210143160     
  *** Kaon: P_min > 1.5 GeV/c:           24   1.7498261699265174     
  *** Kaon: P_min > 1.5 GeV/c:           24   1.7347328348175330     
  Comptn_2: TXYZ:   1.0000000000022267       U,V,W  0.58265224805526827       0.81091890963789126        5.4100645375655176E-002
        300                  2547                  2547             3.7893916E-01         1.0000000E+30               857       
 NEXT SEEDS: DD1FC30      2E       0       0       0       0      31    3039       0       0
  Comptn_2: TXYZ:  0.99999999999887823       U,V,W -0.79764735374609330      -0.25281112034684483      -0.54758126017031117     
  Comptn_2: TXYZ:  0.99999999991867017       U,V,W  0.75119507586600776      -0.32836836760063193      -0.57260821952939978     
        350                  2497                  2497             3.9441905E-01         1.0000000E+30               879       
 NEXT SEEDS:2002613E      2E       0       0       0       0      31    3039       0       0
  Comptn_2: TXYZ:   1.0000000000011084       U,V,W  -1.7458516373167754E-002  0.91602305850487142       0.40074550090367467     
        400                  2447                  2447             3.7593805E-01         1.0000000E+30               885       
 NEXT SEEDS:293FD52B      2E       0       0       0       0      31    3039       0       0
  Comptn_2: TXYZ:  0.99999999999678058       U,V,W  0.72674446298340456       0.12047125596014285      -0.67626116405359937     
  Comptn_2: TXYZ:  0.99999999999863631       U,V,W  0.23583755041909171       0.52592201127950933       0.81718216320638959     
  Comptn_2: TXYZ:  0.99999999999899969       U,V,W -0.40284709461090240       0.15347970101885977      -0.90230715376623039     
        450                  2397                  2397             4.0454642E-01         1.0000000E+30               890       
 NEXT SEEDS: 521E298      2F       0       0       0       0      31    3039       0       0
  Comptn_2: TXYZ:   1.0000000000012117       U,V,W -0.51156171562174535      -0.73967884813831120       0.43724113796408659     
  Comptn_2: TXYZ:   1.0000000000067026       U,V,W  0.68820725191940824       -5.1463517961025218E-002 -0.72368659289178083     
        500                  2347                  2347             3.9346104E-01         1.0000000E+30               961       
 NEXT SEEDS: FF35913      2F       0       0       0       0      31    3039       0       0
  Comptn_2: TXYZ:   1.0000000000020868       U,V,W  0.52542855435609681      -0.71730127810489819      -0.45760650202813835     
        550                  2297                  2297             3.7373242E-01         1.0000000E+30              1019       
 NEXT SEEDS:1674E79D      2F       0       0       0       0      31    3039       0       0
  Comptn_2: TXYZ:  0.99999999999684341       U,V,W  0.74630990191951696       0.37254642505298108       0.55157111189217289     
        600                  2247                  2247             3.5262730E-01         1.0000000E+30              1023       
 NEXT SEEDS:1AE08658      2F       0       0       0       0      31    3039       0       0
        650                  2197                  2197             3.3740020E-01         1.0000000E+30              1029       
 NEXT SEEDS:20A45263      2F       0       0       0       0      31    3039       0       0
  Comptn_2: TXYZ:  0.99999999999720901       U,V,W -0.90902906356095770      -0.19645997117207514       0.36751821903922632     
        700                  2147                  2147             3.3292667E-01         1.0000000E+30              1033       
 NEXT SEEDS:2ABF1B04      2F       0       0       0       0      31    3039       0       0
  Comptn_2: TXYZ:  0.99999999999832823       U,V,W -0.51568118914098271       0.23262456101802798       0.82459609796289968     
  Comptn_2: TXYZ:   1.0000000000037057       U,V,W  0.79122407941425621       0.59471218698395489      -0.14241443329778747     
        750                  2097                  2097             3.2513099E-01         1.0000000E+30              1034       
 NEXT SEEDS:32CCD01B      2F       0       0       0       0      31    3039       0       0
  Comptn_2: TXYZ:  0.99999999999886802       U,V,W -0.56564722629770614       0.76793944395709524      -0.30051992578770381     
  Comptn_2: TXYZ:  0.99999999999888589       U,V,W  0.50250831921786698       0.49824003848959109       0.70657077010134728     
        800                  2047                  2047             3.2514956E-01         1.0000000E+30              1040       
 NEXT SEEDS: 357ABBE      30       0       0       0       0      31    3039       0       0
  Comptn_2: TXYZ:  0.99999999999681555       U,V,W  0.99155696584599440       -9.1079111169193538E-002   9.2300482055787114E-002
  Comptn_2: TXYZ:  0.99999999999619871       U,V,W -0.62937489491358889       0.75258133890503487       0.19367129364108848     
        850                  1997                  1997             3.3428660E-01         1.0000000E+30              1043       
 NEXT SEEDS:1542C316      30       0       0       0       0      31    3039       0       0
  Comptn_2: TXYZ:   1.0000000000021896       U,V,W -0.15532619718835861      -0.98138601676908621       0.11293918079789478     
        900                  1947                  1947             3.3107492E-01         1.0000000E+30              1043       
 NEXT SEEDS:1F811799      30       0       0       0       0      31    3039       0       0
  Comptn_2: TXYZ:  0.99999999999842248       U,V,W  0.42674838783952396      -0.85689615646240469       0.28916222179729445     
  Comptn_2: TXYZ:   1.0000000000016358       U,V,W -0.80022913772310389      -0.44474179517472123      -0.40229101750516350     
  Comptn_2: TXYZ:  0.99999999999879818       U,V,W -0.39623201359712334       0.91751000093397428       -3.4286871914858352E-002
  Comptn_2: TXYZ:  0.99999999999837330       U,V,W  0.25663529795703255       0.53459306694114161       0.80520095418432192     
        950                  1897                  1897             3.3554275E-01         1.0000000E+30              1057       
 NEXT SEEDS:2ED2FCFE      30       0       0       0       0      31    3039       0       0
  Comptn_2: TXYZ:   1.0000000000066194       U,V,W -0.59023973268525509      -0.72915192985712451      -0.34634451223007545     
  Comptn_2: TXYZ:   1.0000000000010896       U,V,W  0.18182385160964998      -0.91064442960896397      -0.37103478247879451     
       1000                  1847                  1847             3.2684127E-01         1.0000000E+30              1071       
 NEXT SEEDS:34CFD41A      30       0       0       0       0      31    3039       0       0
  Comptn_2: TXYZ:  0.99999999999684308       U,V,W  0.55027478842653466      -0.81100570550914242      -0.19866404518833747     
  Comptn_2: TXYZ:  0.99999999999788591       U,V,W  0.48490494528843797      -0.63821835205509103       0.59795027312711113     
       1050                  1797                  1797             3.2507745E-01         1.0000000E+30              1088       
 NEXT SEEDS: 434FE4E      31       0       0       0       0      31    3039       0       0
  Comptn_2: TXYZ:  0.99999999999738121       U,V,W  0.69697776693937996      -0.71111737133307784       -9.2380065912024634E-002
  Comptn_2: TXYZ:  0.99999999999881817       U,V,W  0.75574952452667077       0.61567275137492317       0.22313610059997302     
  Comptn_2: TXYZ:   1.0000000000012776       U,V,W -0.63209692103197845       -8.8524216585391002E-002 -0.76981617643507150     
  Comptn_2: TXYZ:   1.0000000000201961       U,V,W  0.34112124927146681      -0.87020521351874436      -0.35549849462475436     
  Comptn_2: TXYZ:   1.0000000000297349       U,V,W  -1.3322795584258529E-003 -0.48225932001400906       0.87602749575600569     
       1100                  1747                  1747             3.4905189E-01         1.0000000E+30              1293       
 NEXT SEEDS:2388223C      31       0       0       0       0      31    3039       0       0
  Comptn_2: TXYZ:   1.0000000000012803       U,V,W  0.16943557843791979      -0.90782454796729262       0.38359636972821942     
  Comptn_2: TXYZ:   1.0000000000031783       U,V,W   3.2884837409611123E-002  0.76136357783086706       0.64749060983484785     
  Comptn_2: TXYZ:   1.0000000000011504       U,V,W -0.66521991558429505      -0.74083827638040489       -9.2957582589505705E-002
  Comptn_2: TXYZ:  0.99999999999899392       U,V,W  0.66672933581708804       0.60286246876155403      -0.43821094979315944     
       1150                  1697                  1697             3.4741921E-01         1.0000000E+30              1296       
 NEXT SEEDS:2EC2719D      31       0       0       0       0      31    3039       0       0
  Comptn_2: TXYZ:   1.0000000000015445       U,V,W  0.15687706120354505       0.97488178147683513      -0.15809838650105235     
       1200                  1647                  1647             3.4183774E-01         1.0000000E+30              1304       
 NEXT SEEDS:36A22F75      31       0       0       0       0      31    3039       0       0
  Comptn_2: TXYZ:   1.0000000000015243       U,V,W -0.38904573083500793       0.66668067360090788       0.63575175876093226     
  Comptn_2: TXYZ:   1.0000000000038853       U,V,W  0.80032769528336445       0.52251033121842738       0.29403832052355483     
       1250                  1597                  1597             3.4918661E-01         1.0000000E+30              1314       
 NEXT SEEDS: E81C1EB      32       0       0       0       0      31    3039       0       0
  Comptn_2: TXYZ:  0.99999999999807254       U,V,W  0.18795247891156919        8.7447738559035315E-002  0.97827744463929012     
       1300                  1547                  1547             3.4569096E-01         1.0000000E+30              1326       
 NEXT SEEDS:1817EC49      32       0       0       0       0      31    3039       0       0
       1350                  1497                  1497             3.3967567E-01         1.0000000E+30              1397       
 NEXT SEEDS:1ED840B7      32       0       0       0       0      31    3039       0       0
  Comptn_2: TXYZ:   1.0000000000013789       U,V,W -0.86075111611535249      -0.50302481955760925        7.7932964890273126E-002
  Comptn_2: TXYZ:  0.99999999999814282       U,V,W -0.77836252401778694      -0.53082911609727290      -0.33521967529694763     
  Comptn_2: TXYZ:  0.99999999999669698       U,V,W  0.57420734246083782      -0.67640389203488382      -0.46126315992155753     
  Comptn_2: TXYZ:  0.99999999999545697       U,V,W  0.34774215827741273       0.30484567089442294      -0.88664790547824168     
  Comptn_2: TXYZ:  0.99999999999617561       U,V,W -0.90331890381024493       0.31503170185345652       0.29115285477313790     
       1400                  1447                  1447             3.4479256E-01         1.0000000E+30              1406       
 NEXT SEEDS:30732423      32       0       0       0       0      31    3039       0       0
  Comptn_2: TXYZ:   1.0000000000109903       U,V,W -0.68864991322084990       0.68017462638067627      -0.25124445199807610     
  Comptn_2: TXYZ:   1.0000000000010787       U,V,W  0.47499085039182298       -3.2727939112589866E-002 -0.87938192729130726     
       1450                  1397                  1397             3.4983695E-01         1.0000000E+30              1431       
 NEXT SEEDS: 6E7CEDF      33       0       0       0       0      31    3039       0       0
  Comptn_2: TXYZ:   1.0000000000015048       U,V,W  0.71099406551282129       0.30434212104918856       0.63392689812180691     
       1500                  1347                  1347             3.5402123E-01         1.0000000E+30              1454       
 NEXT SEEDS:187D6634      33       0       0       0       0      31    3039       0       0
  Comptn_2: TXYZ:  0.99999999999890532       U,V,W  0.63923656938010609       0.66017535408718686      -0.39439207677375521     
  Comptn_2: TXYZ:   1.0000000000024010       U,V,W -0.74467691360817767      -0.52063180769571460       0.41761084176167174     
  Comptn_2: TXYZ:  0.99999999999820222       U,V,W -0.90359128009933087      -0.15269371100121987      -0.40025920245177460     
  Comptn_2: TXYZ:  0.99999999999699118       U,V,W -0.33111350944066942       -6.7930303624237354E-002  0.94114255971791749     
       1550                  1297                  1297             3.5105543E-01         1.0000000E+30              1459       
 NEXT SEEDS:2230DDCC      33       0       0       0       0      31    3039       0       0
  Comptn_2: TXYZ:  0.99999999999842937       U,V,W  0.97786841149187387       0.15609454112770038      -0.13931211015170675     
       1600                  1247                  1247             3.4760826E-01         1.0000000E+30              2392       
 NEXT SEEDS:2B28AF77      33       0       0       0       0      31    3039       0       0
  Comptn_2: TXYZ:   1.0000000000013294       U,V,W -0.26717195755955458      -0.14342159894758311      -0.95291625552849268     
       1650                  1197                  1197             3.4198578E-01         1.0000000E+30              2416       
 NEXT SEEDS:31352E2A      33       0       0       0       0      31    3039       0       0
  Comptn_2: TXYZ:   1.0000000000017741       U,V,W -0.72317458401364831       0.13487236856333595       0.67736841174989593     
  Comptn_2: TXYZ:  0.99999999999893030       U,V,W -0.91054302061312598       0.27852508756096483       0.30550807388809176     
  Comptn_2: TXYZ:  0.99999999999899403       U,V,W -0.12518269005076021       0.87556155117215084       0.46660611249711081     
  Comptn_2: TXYZ:  0.99999999999861588       U,V,W  -2.4668800346432818E-002  0.97446350272426230      -0.22318676516864855     
       1700                  1147                  1147             3.3818151E-01         1.0000000E+30              2421       
 NEXT SEEDS:39121DF7      33       0       0       0       0      31    3039       0       0
  Comptn_2: TXYZ:  0.99999999999632039       U,V,W  0.13525472953818962      -0.72522176788450565      -0.67509965599187183     
  Comptn_2: TXYZ:  0.99999999999806777       U,V,W -0.48169742075972977       0.19066712686434784      -0.85534416556424020     
       1750                  1097                  1097             3.3736530E-01         1.0000000E+30              2424       
 NEXT SEEDS: 8FED94A      34       0       0       0       0      31    3039       0       0
  Comptn_2: TXYZ:  0.99999999999494915       U,V,W  0.88882052517399757       -1.3016943730946196E-002  0.45807055482782744     
       1800                  1047                  1047             3.3412618E-01         1.0000000E+30              2450       
 NEXT SEEDS:112D2CEF      34       0       0       0       0      31    3039       0       0
  Comptn_2: TXYZ:  0.99999999999885647       U,V,W  -7.1470621043090432E-002  0.67181085982120337      -0.73726665389997592     
  Comptn_2: TXYZ:  0.99999999999820899       U,V,W -0.26362023358566233      -0.46921338279060620      -0.84281858893396855     
  Comptn_2: TXYZ:  0.99999999999810474       U,V,W  0.59636014620689082       0.79971865123055608       -6.9315617923962236E-002
       1850                   997                   997             3.3488789E-01         1.0000000E+30              2699       
 NEXT SEEDS:1EA36865      34       0       0       0       0      31    3039       0       0
  Comptn_2: TXYZ:   1.0000000000026337       U,V,W -0.58720737111340782       0.17399932358692149      -0.79051359172629532     
  Comptn_2: TXYZ:   1.0000000000010201       U,V,W   3.9245030035743866E-002  0.96859236371998048      -0.24553749318964435     
       1900                   947                   947             3.3185768E-01         1.0000000E+30              2814       
 NEXT SEEDS:26CE30A5      34       0       0       0       0      31    3039       0       0
  Comptn_2: TXYZ:  0.99999999999851186       U,V,W  0.68174935416818272       0.16290524713167542      -0.71321784788852938     
  Comptn_2: TXYZ:   1.0000000000036127       U,V,W -0.63225091303434766       0.62160441832547519       0.46245727379844936     
       1950                   897                   897             3.3173255E-01         1.0000000E+30              3032       
 NEXT SEEDS:32D2C22D      34       0       0       0       0      31    3039       0       0
  Comptn_2: TXYZ:   1.0000000000015061       U,V,W -0.22535798531869489      -0.59327876179995076       0.77280921918137224     
       2000                   847                   847             3.3399359E-01         1.0000000E+30              3033       
 NEXT SEEDS: 6B2E3FC      35       0       0       0       0      31    3039       0       0
  Comptn_2: TXYZ:  0.99999999999525846       U,V,W  0.84252790156753576       0.18036384187498555      -0.50755848886562660     
       2050                   797                   797             3.2926382E-01         1.0000000E+30              3037       
 NEXT SEEDS: BD68F92      35       0       0       0       0      31    3039       0       0
  Comptn_2: TXYZ:   1.0000000000027269       U,V,W -0.31450380031031955       0.68725557599975318      -0.65480312526005946     
  Comptn_2: TXYZ:  0.99999999999732159       U,V,W  0.79987989887097299       -3.6908692683823574E-004  0.60015998796514580     
       2100                   747                   747             3.2757705E-01         1.0000000E+30              3042       
 NEXT SEEDS:157AB4A7      35       0       0       0       0      31    3039       0       0
  Comptn_2: TXYZ:   1.0000000000039340       U,V,W  0.46853251248600714      -0.77181610825017799      -0.42985716208181657     
       2150                   697                   697             3.2414272E-01         1.0000000E+30              3128       
 NEXT SEEDS:1C2CD958      35       0       0       0       0      31    3039       0       0
  Comptn_2: TXYZ:  0.99999999999707567       U,V,W  0.49184645002579686       0.49857074211958263      -0.71380269311373823     
  Comptn_2: TXYZ:   1.0000000000014919       U,V,W -0.29010845015169906       0.91482951968145798       0.28093422196568341     
  Comptn_2: TXYZ:   1.0000000000016165       U,V,W   1.5407619897771951E-002 -0.45638644244577437       0.88964825656120528     
  Comptn_2: TXYZ:   1.0000000000011471       U,V,W  0.31569062427452366      -0.34818283844965853       0.88267102634868877     
  Comptn_2: TXYZ:   1.0000000000034257       U,V,W  0.24201480138891185       0.96579220908775198       -9.3135625716001869E-002
       2200                   647                   647             3.2554740E-01         1.0000000E+30              3133       
 NEXT SEEDS:2A22842E      35       0       0       0       0      31    3039       0       0
  Comptn_2: TXYZ:  0.99999999999382549       U,V,W  0.47878350204530307      -0.56502785018332702       0.67194485389819647     
  Comptn_2: TXYZ:  0.99999999999457956       U,V,W  0.96035552096795129       0.18336585125206284       0.20998628035079037     
  Comptn_2: TXYZ:  0.99999999999647038       U,V,W -0.23223648276693609       0.89538801591754691      -0.37992962114022077     
       2250                   597                   597             3.2332506E-01         1.0000000E+30              3141       
 NEXT SEEDS:326B3F2B      35       0       0       0       0      31    3039       0       0
  Comptn_2: TXYZ:   1.0000000000023399       U,V,W -0.19428725245922607       0.78168868748183939       0.59263416995403162     
  Comptn_2: TXYZ:  0.99999999999759903       U,V,W   8.8452610463178871E-003  0.99940722782590696       -3.3270923100467087E-002
  Comptn_2: TXYZ:  0.99999999999647504       U,V,W -0.20268063489621113      -0.32145019071350589       0.92498126203982878     
       2300                   547                   547             3.2381915E-01         1.0000000E+30              3142       
 NEXT SEEDS: 3ADF481      36       0       0       0       0      31    3039       0       0
  Comptn_2: TXYZ:  0.99999999999829714       U,V,W  0.80137153246350845      -0.47828152781642075      -0.35923592123418757     
  Comptn_2: TXYZ:  0.99999999979680609       U,V,W  0.99703551013763558        1.4892318756778877E-002  -7.5487814668576902E-002
  Comptn_2: TXYZ:   1.0000000000023108       U,V,W -0.51412967792253994       0.53781583491870322       0.66815028398727350     
       2350                   497                   497             3.2201678E-01         1.0000000E+30              3633       
 NEXT SEEDS: C8E49CA      36       0       0       0       0      31    3039       0       0
  Comptn_2: TXYZ:   1.0000000000255065       U,V,W -0.97020512733637432      -0.18946419937404357       0.15101433068178949     
  Comptn_2: TXYZ:   1.0000000000014124       U,V,W  0.45219515589038650      -0.87918740941390183      -0.15016337808784641     
  Comptn_2: TXYZ:  0.99999999999854716       U,V,W -0.18839080039518841      -0.32286343678623552      -0.92750639216750841     
  Comptn_2: TXYZ:  0.99999999999644174       U,V,W  0.90610310952833117      -0.36024197431767391       0.22181721042163360     
       2400                   447                   447             3.2063181E-01         1.0000000E+30              3710       
 NEXT SEEDS:16524EC7      36       0       0       0       0      31    3039       0       0
  Comptn_2: TXYZ:  0.99999999999835665       U,V,W -0.28088476607554469       0.47483601876472681       0.83404706310178156     
       2450                   397                   397             3.1770580E-01         1.0000000E+30              3725       
 NEXT SEEDS:1CDFF9BC      36       0       0       0       0      31    3039       0       0
  Comptn_2: TXYZ:  0.99999999999866673       U,V,W -0.69168565252228564       0.67132624032081267       0.26625558613897482     
  Comptn_2: TXYZ:  0.99999999999880718       U,V,W  0.79648902414917444       0.32870978379366633       0.50749887925691439     
  Comptn_2: TXYZ:   1.0000000000018203       U,V,W  0.44294219818905844        3.7031823999487713E-002 -0.89578504847789020     
  Comptn_2: TXYZ:  0.99999999999572220       U,V,W  0.36721594062967711      -0.87374463754491671      -0.31894005910936585     
  Comptn_2: TXYZ:   1.0000000000348694       U,V,W -0.37271249196010103       0.53160211634701682       0.76058174331700457     
  Comptn_2: TXYZ:   1.0000000000020479       U,V,W  0.94993946471774038       0.14199400505800952       0.27830328043594221     
  Comptn_2: TXYZ:  0.99999999999678191       U,V,W  0.65411662557222883      -0.73247077108624126      -0.18872734208669839     
  Comptn_2: TXYZ:   1.0000000000063465       U,V,W -0.91055719974940530      -0.41267575600443251        2.4172430515740473E-002
       2500                   347                   347             3.2216965E-01         1.0000000E+30              3739       
 NEXT SEEDS:30B41E2D      36       0       0       0       0      31    3039       0       0
  Comptn_2: TXYZ:   1.0000000000010778       U,V,W -0.70492160601586562      -0.16552079965921251       0.68970167047301345     
       2550                   297                   297             3.1964616E-01         1.0000000E+30              3763       
 NEXT SEEDS:37E65F34      36       0       0       0       0      31    3039       0       0
  Comptn_2: TXYZ:   1.0000000000022107       U,V,W  0.97961012729561814       0.18595767261777496        7.6050920419504564E-002
  Comptn_2: TXYZ:   1.0000000000244154       U,V,W  0.18188123680542390       0.30401434431806251      -0.93514410342545773     
  Comptn_2: TXYZ:  0.99999999999833900       U,V,W   4.5357811897446254E-002 -0.61088773272255636       0.79041688171958313     
  Comptn_2: TXYZ:  0.99999999999897571       U,V,W  -1.7798850500298613E-002 -0.45482776796909263       0.89040153998299942     
  Comptn_2: TXYZ:   1.0000000000019131       U,V,W  0.19273144877924153       0.50597430091315232      -0.84074050423945579     
  Comptn_2: TXYZ:   1.0000000000013451       U,V,W  0.43175727785451556      -0.52654468697866008      -0.73234987924867490     
  Comptn_2: TXYZ:   1.0000000000012592       U,V,W  0.48183076757146637      -0.80961571313288161      -0.33520368206671947     
       2600                   247                   247             3.2040142E-01         1.0000000E+30              3770       
 NEXT SEEDS: 9AEF349      37       0       0       0       0      31    3039       0       0
  Comptn_2: TXYZ:  0.99999999999766176       U,V,W -0.11696805948566436      -0.94652702774823894      -0.30067434010886984     
       2650                   197                   197             3.1946982E-01         1.0000000E+30              3774       
 NEXT SEEDS:13D763D3      37       0       0       0       0      31    3039       0       0
  Comptn_2: TXYZ:  0.99999999999139333       U,V,W  0.48167287798756320      -0.67680649766652579      -0.55670836469280971     
  Comptn_2: TXYZ:   1.0000000000012008       U,V,W -0.69251773086660506       0.54715534640065755      -0.47014914584815060     
  Comptn_2: TXYZ:   1.0000000000020379       U,V,W  -3.8252141705363840E-003  0.97008861304325933       0.24272093148798035     
       2700                   147                   147             3.2463492E-01         1.0000000E+30              3778       
 NEXT SEEDS:2A0DE296      37       0       0       0       0      31    3039       0       0
  Comptn_2: TXYZ:  0.99999999999830302       U,V,W  0.37140196904644540      -0.82165503359838432      -0.43236972968648502     
  Comptn_2: TXYZ:  0.99999999998370115       U,V,W  0.33748352037387974       0.42539295317268966      -0.83972954506243980     
       2750                    97                    97             3.2908054E-01         1.0000000E+30              3782       
 NEXT SEEDS: 3A022EC      38       0       0       0       0      31    3039       0       0
  Comptn_2: TXYZ:   1.0000000000023999       U,V,W -0.89830686905195734        9.7873364384241768E-002 -0.42832881476802243     
  Comptn_2: TXYZ:   1.0000000000020437       U,V,W  -4.5959840542835195E-002 -0.44446171344709740       0.89461806282848499     
       2797                    50                    50             3.2734640E-01         1.0000000E+30              3784       
 NEXT SEEDS: B5C46A7      38       0       0       0       0      31    3039       0       0
       2798                    49                    49             3.2722945E-01         1.0000000E+30              3784       
 NEXT SEEDS: B5C46AB      38       0       0       0       0      31    3039       0       0
       2799                    48                    48             3.2711259E-01         1.0000000E+30              3784       
 NEXT SEEDS: B5C46AF      38       0       0       0       0      31    3039       0       0
       2800                    47                    47             3.2699580E-01         1.0000000E+30              3784       
 NEXT SEEDS: B5C46B3      38       0       0       0       0      31    3039       0       0
       2801                    46                    46             3.2705813E-01         1.0000000E+30              3784       
 NEXT SEEDS: BBB6FD6      38       0       0       0       0      31    3039       0       0
       2802                    45                    45             3.2716858E-01         1.0000000E+30              3784       
 NEXT SEEDS: C30F2AA      38       0       0       0       0      31    3039       0       0
       2803                    44                    44             3.2708655E-01         1.0000000E+30              3784       
 NEXT SEEDS: C445756      38       0       0       0       0      31    3039       0       0
       2804                    43                    43             3.2703133E-01         1.0000000E+30              3784       
 NEXT SEEDS: C64FC98      38       0       0       0       0      31    3039       0       0
       2805                    42                    42             3.2693626E-01         1.0000000E+30              3789       
 NEXT SEEDS: C70E384      38       0       0       0       0      31    3039       0       0
       2806                    41                    41             3.2681979E-01         1.0000000E+30              3789       
 NEXT SEEDS: C70E388      38       0       0       0       0      31    3039       0       0
       2807                    40                    40             3.2683678E-01         1.0000000E+30              3789       
 NEXT SEEDS: CB546C5      38       0       0       0       0      31    3039       0       0
       2808                    39                    39             3.2672043E-01         1.0000000E+30              3789       
 NEXT SEEDS: CB546C9      38       0       0       0       0      31    3039       0       0
       2809                    38                    38             3.2660416E-01         1.0000000E+30              3789       
 NEXT SEEDS: CB546CD      38       0       0       0       0      31    3039       0       0
       2810                    37                    37             3.2648797E-01         1.0000000E+30              3789       
 NEXT SEEDS: CB546D1      38       0       0       0       0      31    3039       0       0
       2811                    36                    36             3.2637185E-01         1.0000000E+30              3789       
 NEXT SEEDS: CB546D5      38       0       0       0       0      31    3039       0       0
       2812                    35                    35             3.2625583E-01         1.0000000E+30              3789       
 NEXT SEEDS: CB546D9      38       0       0       0       0      31    3039       0       0
       2813                    34                    34             3.2613989E-01         1.0000000E+30              3789       
 NEXT SEEDS: CB546DD      38       0       0       0       0      31    3039       0       0
       2814                    33                    33             3.2603766E-01         1.0000000E+30              3789       
 NEXT SEEDS: CBCEB9E      38       0       0       0       0      31    3039       0       0
       2815                    32                    32             3.2596914E-01         1.0000000E+30              3789       
 NEXT SEEDS: CD703AF      38       0       0       0       0      31    3039       0       0
       2816                    31                    31             3.2598608E-01         1.0000000E+30              3789       
 NEXT SEEDS: D1D4656      38       0       0       0       0      31    3039       0       0
       2817                    30                    30             3.2598927E-01         1.0000000E+30              3790       
 NEXT SEEDS: D5FB8C7      38       0       0       0       0      31    3039       0       0
       2818                    29                    29             3.2587363E-01         1.0000000E+30              3790       
 NEXT SEEDS: D5FB8CB      38       0       0       0       0      31    3039       0       0
       2819                    28                    28             3.2577230E-01         1.0000000E+30              3790       
 NEXT SEEDS: D666F0E      38       0       0       0       0      31    3039       0       0
       2820                    27                    27             3.2565682E-01         1.0000000E+30              3790       
 NEXT SEEDS: D666F12      38       0       0       0       0      31    3039       0       0
       2821                    26                    26             3.2560241E-01         1.0000000E+30              3790       
 NEXT SEEDS: D8724DD      38       0       0       0       0      31    3039       0       0
       2822                    25                    25             3.2548708E-01         1.0000000E+30              3790       
 NEXT SEEDS: D8724E1      38       0       0       0       0      31    3039       0       0
       2823                    24                    24             3.2548451E-01         1.0000000E+30              3790       
 NEXT SEEDS: DC374B4      38       0       0       0       0      31    3039       0       0
       2824                    23                    23             3.2549251E-01         1.0000000E+30              3791       
 NEXT SEEDS: E024C2D      38       0       0       0       0      31    3039       0       0
       2825                    22                    22             3.2549666E-01         1.0000000E+30              3791       
 NEXT SEEDS: E4140CC      38       0       0       0       0      31    3039       0       0
       2826                    21                    21             3.2538153E-01         1.0000000E+30              3791       
 NEXT SEEDS: E4140D0      38       0       0       0       0      31    3039       0       0
       2827                    20                    20             3.2526645E-01         1.0000000E+30              3791       
 NEXT SEEDS: E4140D4      38       0       0       0       0      31    3039       0       0
       2828                    19                    19             3.2515148E-01         1.0000000E+30              3791       
 NEXT SEEDS: E4140D8      38       0       0       0       0      31    3039       0       0
       2829                    18                    18             3.2503658E-01         1.0000000E+30              3791       
 NEXT SEEDS: E4140DC      38       0       0       0       0      31    3039       0       0
       2830                    17                    17             3.2509936E-01         1.0000000E+30              3791       
 NEXT SEEDS: E9F94BD      38       0       0       0       0      31    3039       0       0
       2831                    16                    16             3.2520945E-01         1.0000000E+30              3791       
 NEXT SEEDS: F180A9E      38       0       0       0       0      31    3039       0       0
       2832                    15                    15             3.2509466E-01         1.0000000E+30              3791       
 NEXT SEEDS: F180AA2      38       0       0       0       0      31    3039       0       0
       2833                    14                    14             3.2497993E-01         1.0000000E+30              3791       
 NEXT SEEDS: F180AA6      38       0       0       0       0      31    3039       0       0
       2834                    13                    13             3.2486530E-01         1.0000000E+30              3791       
 NEXT SEEDS: F180AAA      38       0       0       0       0      31    3039       0       0
       2835                    12                    12             3.2480266E-01         1.0000000E+30              3791       
 NEXT SEEDS: F3325AF      38       0       0       0       0      31    3039       0       0
       2836                    11                    11             3.2479053E-01         1.0000000E+30              3791       
 NEXT SEEDS: F69F669      38       0       0       0       0      31    3039       0       0
       2837                    10                    10             3.2545612E-01         1.0000000E+30              3791       
 NEXT SEEDS:110AD259      38       0       0       0       0      31    3039       0       0
       2838                     9                     9             3.2537112E-01         1.0000000E+30              3791       
 NEXT SEEDS:111BA463      38       0       0       0       0      31    3039       0       0
       2839                     8                     8             3.2609792E-01         1.0000000E+30              3791       
 NEXT SEEDS:12D7800F      38       0       0       0       0      31    3039       0       0
       2840                     7                     7             3.2602193E-01         1.0000000E+30              3794       
 NEXT SEEDS:12EBAF56      38       0       0       0       0      31    3039       0       0
       2841                     6                     6             3.2592848E-01         1.0000000E+30              3795       
 NEXT SEEDS:12F6F56F      38       0       0       0       0      31    3039       0       0
       2842                     5                     5             3.2587509E-01         1.0000000E+30              3795       
 NEXT SEEDS:13166308      38       0       0       0       0      31    3039       0       0
       2843                     4                     4             3.2576051E-01         1.0000000E+30              3795       
 NEXT SEEDS:1316630C      38       0       0       0       0      31    3039       0       0
       2844                     3                     3             3.2564599E-01         1.0000000E+30              3795       
 NEXT SEEDS:13166310      38       0       0       0       0      31    3039       0       0
       2845                     2                     2             3.2556394E-01         1.0000000E+30              3795       
 NEXT SEEDS:1328D272      38       0       0       0       0      31    3039       0       0
       2846                     1                     1             3.2546701E-01         1.0000000E+30              3795       
 NEXT SEEDS:13321289      38       0       0       0       0      31    3039       0       0
       2847                     0                     1             3.2536982E-01         1.0000000E+30              3795       
 NEXT SEEDS:133B61E3      38       0       0       0       0      31    3039       0       0
