1NUMBER OF BEAM       NUMBER OF BEAM        APPROXIMATE NUMBER    AVERAGE TIME USED     TIME LEFT (RESERVED   NUMBER OF STARS
 PARTICLES HANDLED    PARTICLES LEFT        OF BEAM PARTICLES     BY A BEAM PARTICLE     10000.0 SECONDS      CREATED
                                            THAT CAN STILL BE                           FOR PRINTOUT)
                                            HANDLED

 NEXT SEEDS:2F55E916       A       0       0       0       0      31    3039       0       0
          1                  2846                  2846             1.8837786E-01         1.0000000E+30                 0       
 NEXT SEEDS:2F77B241       A       0       0       0       0      31    3039       0       0
  Comptn_2: TXYZ:  0.99999999999888112       U,V,W  0.60197759241755144       0.42705298894632193      -0.67472121862148526     
  Comptn_2: TXYZ:   1.0000000000019107       U,V,W -0.25845780266485718       -5.8537801375869947E-002 -0.96424731788771068     
  Comptn_2: TXYZ:  0.99999999999844214       U,V,W  0.75656438160596551       0.59131369381166365       0.27921040810548448     
  Comptn_2: TXYZ:   1.0000000000013842       U,V,W  0.74737192375189210      -0.55671508042653528       0.36263415009408106     
         50                  2797                  2797             1.8039122E-01         1.0000000E+30                 6       
 NEXT SEEDS:35DB4E3C       A       0       0       0       0      31    3039       0       0
  Comptn_2: TXYZ:   1.0000000000015263       U,V,W -0.31697914857703324      -0.74549942467486829      -0.58630608659500183     
        100                  2747                  2747             1.6234940E-01         1.0000000E+30                12       
 NEXT SEEDS:3B1859D5       A       0       0       0       0      31    3039       0       0
  *** Kaon: P_min > 1.5 GeV/c:           15   5.2789698390299726     
  *** Kaon: P_min > 1.5 GeV/c:           15   5.4316417694526349     
  *** Kaon: P_min > 1.5 GeV/c:           15   1.8076890849558167     
  *** Kaon: P_min > 1.5 GeV/c:           15   1.7636608552057924     
  *** Kaon: P_min > 1.5 GeV/c:           15   1.7598079283802848     
  *** Kaon: P_min > 1.5 GeV/c:           15   1.7078827670880916     
  *** Kaon: P_min > 1.5 GeV/c:           15   1.7816524802340026     
        150                  2697                  2697             1.5351507E-01         1.0000000E+30               212       
 NEXT SEEDS: 4608FE4       B       0       0       0       0      31    3039       0       0
  Comptn_2: TXYZ:   1.0000000000011762       U,V,W  0.72088327118026641       0.20969794832306832       0.66057102555494396     
  Comptn_2: TXYZ:  0.99999999999815992       U,V,W -0.96770153079390275       -2.5846538347224168E-002 -0.25077022102467161     
        200                  2647                  2647             1.8819835E-01         1.0000000E+30               217       
 NEXT SEEDS: EF362EA       B       0       0       0       0      31    3039       0       0
  Comptn_2: TXYZ:  0.99999999989372379       U,V,W  0.87928566540009001       0.44675773771234617       0.16511887326950614     
  Comptn_2: TXYZ:  0.99999999999875211       U,V,W  0.39411953264399813       0.70750993023456488      -0.58659994255600623     
        250                  2597                  2597             1.9218850E-01         1.0000000E+30               224       
 NEXT SEEDS:167B58DC       B       0       0       0       0      31    3039       0       0
        300                  2547                  2547             1.8994686E-01         1.0000000E+30               265       
 NEXT SEEDS:1CED5146       B       0       0       0       0      31    3039       0       0
  Comptn_2: TXYZ:  0.99999999997607847       U,V,W  0.94661830221096466      -0.14269026886910297       0.28905583727953399     
  Comptn_2: TXYZ:  0.99999999997464495       U,V,W -0.45250611849843381       0.10882823957145249      -0.88509582925686914     
  Comptn_2: TXYZ:  0.99999999999290590       U,V,W  0.28801393110853724      -0.93478507643740727      -0.20790583529623063     
  Comptn_2: TXYZ:   1.0000000000010136       U,V,W  0.63089968775828709       0.26911515008811193      -0.72769679123970477     
        350                  2497                  2497             1.8641919E-01         1.0000000E+30               276       
 NEXT SEEDS:22E88EDA       B       0       0       0       0      31    3039       0       0
        400                  2447                  2447             1.8933237E-01         1.0000000E+30               288       
 NEXT SEEDS:2A6F181F       B       0       0       0       0      31    3039       0       0
  Comptn_2: TXYZ:   1.0000000000070133       U,V,W  0.81395641464026047       0.18665159477473026      -0.55012374720696755     
  Comptn_2: TXYZ:   1.0000000000033509       U,V,W  0.88331512201514784      -0.22085746006078377       0.41349289904206898     
  Comptn_2: TXYZ:   1.0000000000055536       U,V,W  0.72437728545173741      -0.15130558734378496       0.67259509927271832     
        450                  2397                  2397             2.0232971E-01         1.0000000E+30               289       
 NEXT SEEDS:35C19E91       B       0       0       0       0      31    3039       0       0
  Comptn_2: TXYZ:  0.99999999999867428       U,V,W  0.23735255246337594       0.50029240544247244      -0.83268918264522895     
  Comptn_2: TXYZ:  0.99999999999882938       U,V,W -0.29753056132624067       0.44993550812509397      -0.84204133129195924     
  Comptn_2: TXYZ:   1.0000000000011362       U,V,W -0.73056373565756871       0.29517095029476792       0.61575217274913285     
  Comptn_2: TXYZ:   1.0000000000011149       U,V,W -0.51681602647990132       0.56689054470367850       0.64151095477802045     
  Comptn_2: TXYZ:   1.0000000000400890       U,V,W  -8.1149490022994542E-002  0.88818192199541313       0.45226942606109333     
  Comptn_2: TXYZ:  0.99999999999889000       U,V,W -0.44485118421279424      -0.88913204002601276       0.10747855275609819     
  Comptn_2: TXYZ:  0.99999999999619171       U,V,W  0.30159181491328013      -0.73781640816852700       0.60387856810024232     
  Comptn_2: TXYZ:  0.99999999999773559       U,V,W -0.14515939371023023      -0.89120359053733722       0.42974982330278166     
  Comptn_2: TXYZ:   1.0000000000015452       U,V,W -0.89952804886814342      -0.30291017623207495       0.31479312958841632     
        500                  2347                  2347             2.2667486E-01         1.0000000E+30               412       
 NEXT SEEDS: A9D4336       C       0       0       0       0      31    3039       0       0
  Comptn_2: TXYZ:   1.0000000000011984       U,V,W  -9.5892681880936692E-002 -0.97814390190115041       0.18449688543840637     
  Comptn_2: TXYZ:  0.99999999999830125       U,V,W  0.26976203757376016       -8.2374005710292408E-002 -0.95939718900234183     
  Comptn_2: TXYZ:   1.0000000000024947       U,V,W  0.23655562449798140      -0.73470873979115936       0.63580225243022781     
  Comptn_2: TXYZ:   1.0000000000035985       U,V,W -0.84801423501004791        6.4129200544883247E-002  0.52607917926999903     
  Comptn_2: TXYZ:   1.0000000000089970       U,V,W  0.25050490454728447      -0.95958941158018796       0.12820083459143916     
  Comptn_2: TXYZ:   1.0000000000126210       U,V,W  0.48195120418264992       0.83662482709641495       0.26034964083979162     
        550                  2297                  2297             2.3320620E-01         1.0000000E+30               441       
 NEXT SEEDS:15753285       C       0       0       0       0      31    3039       0       0
  Comptn_2: TXYZ:   1.0000000000011633       U,V,W -0.13645488468831957       0.95321863960124986      -0.26973003088755831     
  Comptn_2: TXYZ:   1.0000000000035203       U,V,W  0.94562370494038817       0.31715485081103589        7.2170695336566837E-002
  Comptn_2: TXYZ:   1.0000000000025047       U,V,W -0.11739861747096825      -0.74123349978789066       0.66090125087686502     
        600                  2247                  2247             2.3758651E-01         1.0000000E+30               462       
 NEXT SEEDS:200BC2EE       C       0       0       0       0      31    3039       0       0
  Comptn_2: TXYZ:   1.0000000000061491       U,V,W  -7.7080661003634532E-002  0.22000213741151908      -0.97244929494537402     
  Comptn_2: TXYZ:   1.0000000000011435       U,V,W -0.66308949237893700       0.17406961946075228      -0.72801929416642253     
  Comptn_2: TXYZ:   1.0000000000018541       U,V,W -0.44048986129171652       0.70925283331122202       0.55038995316144934     
  Comptn_2: TXYZ:  0.99999999999839018       U,V,W -0.93732948201504485      -0.21965402406868151      -0.27049131567248708     
        650                  2197                  2197             2.5603130E-01         1.0000000E+30               463       
 NEXT SEEDS:318D0D5E       C       0       0       0       0      31    3039       0       0
  Comptn_2: TXYZ:   1.0000000000010305       U,V,W -0.96728394052723488       0.22918946187891720       0.10878404737270841     
        700                  2147                  2147             2.5174421E-01         1.0000000E+30               467       
 NEXT SEEDS:38B8E065       C       0       0       0       0      31    3039       0       0
  Comptn_2: TXYZ:  0.99999999999669154       U,V,W  0.30096936526817331      -0.64183599356230991       0.70531127775943503     
  Comptn_2: TXYZ:  0.99999999999827627       U,V,W  -2.1819051771643672E-002 -0.64674111799897815      -0.76239743917952296     
        750                  2097                  2097             2.8223521E-01         1.0000000E+30               510       
 NEXT SEEDS:17051CA4       D       0       0       0       0      31    3039       0       0
  Comptn_2: TXYZ:   1.0000000000056026       U,V,W  -9.5419127233057566E-002  0.36598851169659952       0.92571464257069636     
        800                  2047                  2047             2.9127270E-01         1.0000000E+30               519       
 NEXT SEEDS:26C5EA7B       D       0       0       0       0      31    3039       0       0
  Comptn_2: TXYZ:  0.99999999999773137       U,V,W -0.64248247994110130      -0.63535438243179954       0.42841693674640169     
  Comptn_2: TXYZ:   1.0000000000020832       U,V,W -0.81698234413374538      -0.56609840177309234       0.10987469629429825     
  Comptn_2: TXYZ:   1.0000000000026315       U,V,W -0.15814062831555731      -0.97633124355404277       0.14754268717496188     
        850                  1997                  1997             2.9105881E-01         1.0000000E+30               524       
 NEXT SEEDS:318F06B3       D       0       0       0       0      31    3039       0       0
  Comptn_2: TXYZ:  0.99999999999846434       U,V,W -0.97799714315791597      -0.20604899082852057        3.2640486392935486E-002
  Comptn_2: TXYZ:   1.0000000000013127       U,V,W -0.46334389043483526      -0.28751247233818589      -0.83824162235480060     
        900                  1947                  1947             2.8932273E-01         1.0000000E+30               526       
 NEXT SEEDS:3B14F4E9       D       0       0       0       0      31    3039       0       0
        950                  1897                  1897             2.8352868E-01         1.0000000E+30               532       
 NEXT SEEDS: 613A931       E       0       0       0       0      31    3039       0       0
  Comptn_2: TXYZ:  0.99999999999848932       U,V,W  0.87100474800386252       0.20039724952610527      -0.44854394582425172     
  Comptn_2: TXYZ:  0.99999999999761313       U,V,W -0.81343912782000416      -0.50212293620627335      -0.29358021436165416     
       1000                  1847                  1847             2.8271748E-01         1.0000000E+30               552       
 NEXT SEEDS: FA59FB8       E       0       0       0       0      31    3039       0       0
  Comptn_2: TXYZ:  0.99999999999801747       U,V,W  -7.6405302619235727E-002  0.92040342871087333      -0.38343155601351953     
       1050                  1797                  1797             2.8438330E-01         1.0000000E+30               578       
 NEXT SEEDS:1B5C9067       E       0       0       0       0      31    3039       0       0
  Comptn_2: TXYZ:   1.0000000000046774       U,V,W -0.70970845997828746       0.21546867834467776      -0.67073627491907928     
  Comptn_2: TXYZ:   1.0000000000012865       U,V,W  0.22104335076186565       0.90878559962844818       0.35390474847508813     
       1100                  1747                  1747             2.8150986E-01         1.0000000E+30               584       
 NEXT SEEDS:23A53E82       E       0       0       0       0      31    3039       0       0
  Comptn_2: TXYZ:   1.0000000000011109       U,V,W  0.17319831874434044       0.98003547998071250        9.7636060777865907E-002
  Comptn_2: TXYZ:   1.0000000000011280       U,V,W -0.16525213806827033      -0.66535005628526278      -0.72801169871519988     
       1150                  1697                  1697             2.9463157E-01         1.0000000E+30               589       
 NEXT SEEDS:39A9CEC6       E       0       0       0       0      31    3039       0       0
  Comptn_2: TXYZ:  0.99999999999819478       U,V,W -0.33363225826801823       -1.9642200118163089E-002 -0.94249864732831057     
  Comptn_2: TXYZ:  0.99999999999899147       U,V,W  -2.1622785934368949E-002 -0.99485051717030126       -9.9019713256563335E-002
       1200                  1647                  1647             2.9199324E-01         1.0000000E+30               600       
 NEXT SEEDS: 6BE23C0       F       0       0       0       0      31    3039       0       0
       1250                  1597                  1597             2.9072284E-01         1.0000000E+30               728       
 NEXT SEEDS:1080DF2D       F       0       0       0       0      31    3039       0       0
  Comptn_2: TXYZ:   1.0000000000012954       U,V,W -0.86782411780739666       0.19885959898952166       0.45534180616635211     
       1300                  1547                  1547             2.9287566E-01         1.0000000E+30               736       
 NEXT SEEDS:1D3B5180       F       0       0       0       0      31    3039       0       0
  Comptn_2: TXYZ:   1.0000000000088913       U,V,W -0.48240046398792202       0.75888448429968491       0.43747472137522436     
       1350                  1497                  1497             2.8921114E-01         1.0000000E+30               740       
 NEXT SEEDS:24934B32       F       0       0       0       0      31    3039       0       0
  Comptn_2: TXYZ:   1.0000000000023854       U,V,W  0.90955544797633836       0.11013121677147808       0.40072434684129377     
       1400                  1447                  1447             2.8444766E-01         1.0000000E+30               742       
 NEXT SEEDS:2A705090       F       0       0       0       0      31    3039       0       0
  Comptn_2: TXYZ:  0.99999999999723654       U,V,W  0.12404166779182901      -0.90443357856525219       0.40818325126382859     
  Comptn_2: TXYZ:   1.0000000000018534       U,V,W -0.59546392571259332       0.16800376957785090       0.78561914856018689     
  Comptn_2: TXYZ:   1.0000000000010485       U,V,W  0.57902233259259006       0.55232872090133256       0.59972170414916803     
  Comptn_2: TXYZ:  0.99999999999651934       U,V,W  0.21120791802844963      -0.95109352849360995      -0.22541587214786318     
  Comptn_2: TXYZ:   1.0000000000054721       U,V,W -0.63838352003059029        9.5898207280356473E-002 -0.76372116325216410     
       1450                  1397                  1397             2.8235365E-01         1.0000000E+30               743       
 NEXT SEEDS:32CEF4E3       F       0       0       0       0      31    3039       0       0
  Comptn_2: TXYZ:  0.99999999998185951       U,V,W -0.30771903605241846       0.93080620042989182      -0.19725316746277599     
       1500                  1347                  1347             2.7794184E-01         1.0000000E+30               748       
 NEXT SEEDS:38666963       F       0       0       0       0      31    3039       0       0
  *** Kaon: P_min > 1.5 GeV/c:           15   2.2208659720845936     
  *** Kbar: P_min > 1.8 GeV/c:           16   2.0378609579925713     
  *** Kaon: P_min > 1.5 GeV/c:           15   1.5624182133818605     
  *** Kaon: P_min > 1.5 GeV/c:           15   11.165261526652186     
  *** Kaon: P_min > 1.5 GeV/c:           15   11.008060234120997     
  *** Kaon: P_min > 1.5 GeV/c:           24   1.6309206979631401     
  *** Kaon: P_min > 1.5 GeV/c:           15   1.5329690613035154     
  *** Kaon: P_min > 1.5 GeV/c:           15   2.0271692295382873     
  *** Kaon: P_min > 1.5 GeV/c:           15   1.7921061057199141     
  *** Kbar: P_min > 1.8 GeV/c:           25   1.9173799477530269     
  *** Kbar: P_min > 1.8 GeV/c:           25   1.8011141698404418     
  Comptn_2: TXYZ:   1.0000000000065330       U,V,W  0.89482236305492791       -1.3219618951012535E-002  0.44622660191669183     
  *** Kaon: P_min > 1.5 GeV/c:           15   4.0542764457732288     
  *** Kaon: P_min > 1.5 GeV/c:           15   4.7276060537042328     
  Comptn_2: TXYZ:  0.99999999999759803       U,V,W -0.15805994494954234      -0.96824926167091263      -0.19367607253834507     
  *** Hhflev: call to Hadriv !! ***  0.93311048312537637        5.0000000000000000        2.0610769271370026                8 T F T
  *** Hhflev: call to Hadriv !! ***  0.93311048312537637        5.0000000000000000        2.0610769271370026                8 T F T
  *** Hhflev: call to Hadriv !! ***  0.93311048312537637        5.0000000000000000        2.0610769271370026                8 T F T
  *** Hhflev: call to Hadriv !! ***  0.89075299423252396        5.0000000000000000        2.0490142932275481                8 T F T
  *** Hhflev: call to Hadriv !! ***  0.89075299423252396        5.0000000000000000        2.0490142932275481                8 T F T
  *** Hhflev: call to Hadriv !! ***  0.89075299423252396        5.0000000000000000        2.0490142932275481                8 T F T
  *** Hhflev: call to Hadriv !! ***  0.89075299423252396        5.0000000000000000        2.0490142932275481                8 T F T
  *** Hhflev: call to Hadriv !! ***  0.89075299423252396        5.0000000000000000        2.0490142932275481                8 T F T
  *** Hhflev: call to Hadriv !! ***  0.89075299423252396        5.0000000000000000        2.0490142932275481                8 T F T
  *** Hhflev: call to Hadriv !! ***  0.89075299423252396        5.0000000000000000        2.0490142932275481                8 T F T
  Comptn_2: TXYZ:  0.99999999999803246       U,V,W  0.39970178726184713       0.87983322215742277      -0.25716139377014713     
       1550                  1297                  1297             2.8411640E-01         1.0000000E+30              4316       
 NEXT SEEDS: E521CCA      10       0       0       0       0      31    3039       0       0
  Comptn_2: TXYZ:  0.99999999999731726       U,V,W  0.94439300834213213       0.12038355591181471      -0.30598961625820209     
  Comptn_2: TXYZ:  0.99999999999852807       U,V,W  0.49219577552962335      -0.75756398727519070      -0.42876581455735874     
       1600                  1247                  1247             2.8054088E-01         1.0000000E+30              4321       
 NEXT SEEDS:14D49A3A      10       0       0       0       0      31    3039       0       0
  Comptn_2: TXYZ:   1.0000000000026341       U,V,W  -3.6373002255757569E-002  0.42113293023885490       0.90626930863732369     
  Comptn_2: TXYZ:   1.0000000000012823       U,V,W  0.71919279128096392       0.11666941063859682       0.68494523692921661     
       1650                  1197                  1197             2.7765755E-01         1.0000000E+30              4323       
 NEXT SEEDS:1BCD078E      10       0       0       0       0      31    3039       0       0
  Comptn_2: TXYZ:  0.99999999999894529       U,V,W -0.30525113899741996       0.77490795221414288       0.55347936522964147     
  Comptn_2: TXYZ:  0.99999999999772038       U,V,W -0.99903718947618492        4.2098990379606960E-002  -1.2343785896696602E-002
       1700                  1147                  1147             2.7960109E-01         1.0000000E+30              4644       
 NEXT SEEDS:2840DFBD      10       0       0       0       0      31    3039       0       0
  Comptn_2: TXYZ:  0.99999999999886091       U,V,W  0.26658813158938699      -0.96379440858866516        5.5772813955954348E-003
  Comptn_2: TXYZ:   1.0000000000033507       U,V,W -0.81458525422930705       0.11057794111281183       0.56940616657600174     
  Comptn_2: TXYZ:  0.99999999999815858       U,V,W  0.70444694186053880       0.63419515532628168       0.31867069376107793     
       1750                  1097                  1097             2.8298264E-01         1.0000000E+30              4735       
 NEXT SEEDS:372A5864      10       0       0       0       0      31    3039       0       0
       1800                  1047                  1047             2.8219851E-01         1.0000000E+30              4742       
 NEXT SEEDS: 530F3D8      11       0       0       0       0      31    3039       0       0
  Comptn_2: TXYZ:  0.99999999999842837       U,V,W  -3.8839177006940062E-002   2.5512795135668398E-002 -0.99891972430832365     
  Comptn_2: TXYZ:  0.99999999999883360       U,V,W -0.17910727068447585       0.92713940074375145       0.32913996593441652     
       1850                   997                   997             2.8431000E-01         1.0000000E+30              6284       
 NEXT SEEDS:13214AD8      11       0       0       0       0      31    3039       0       0
  Comptn_2: TXYZ:  0.99999999999493205       U,V,W   6.7305702723118088E-002 -0.98717563175688894       0.14475570607498156     
  Comptn_2: TXYZ:  0.99999999999480460       U,V,W  0.85772527258016851       -4.2678707138527727E-002 -0.51233376301885869     
       1900                   947                   947             2.8700339E-01         1.0000000E+30              6292       
 NEXT SEEDS:21BA3D6C      11       0       0       0       0      31    3039       0       0
       1950                   897                   897             2.8385256E-01         1.0000000E+30              6293       
 NEXT SEEDS:27E8A432      11       0       0       0       0      31    3039       0       0
  Comptn_2: TXYZ:   1.0000000000043991       U,V,W -0.56979136361933058       0.28333588991737457      -0.77140039890704770     
  Comptn_2: TXYZ:   1.0000000000026212       U,V,W -0.42851635295551338       0.11770768893403272       0.89583404446255344     
       2000                   847                   847             2.8304638E-01         1.0000000E+30              6297       
 NEXT SEEDS:3115B3F9      11       0       0       0       0      31    3039       0       0
  Comptn_2: TXYZ:  0.99999999999785216       U,V,W  0.72354532522422232       0.63885127176723699      -0.26144065274056061     
  Comptn_2: TXYZ:   1.0000000000018339       U,V,W  0.32879797458294036       0.80124132275618365      -0.49990422544714619     
  Comptn_2: TXYZ:   1.0000000000016847       U,V,W  0.77864685315459781       0.54786813208241369       0.30585877120438099     
  Comptn_2: TXYZ:  0.99999999998662592       U,V,W   9.8550042021315676E-002 -0.87492261060977228       0.47412900633477761     
       2050                   797                   797             2.8341683E-01         1.0000000E+30              6328       
 NEXT SEEDS:  B5B40D      12       0       0       0       0      31    3039       0       0
  Comptn_2: TXYZ:  0.99999999999861966       U,V,W  0.44191653944189113      -0.80693281823730700       0.39187906172430331     
  Comptn_2: TXYZ:  0.99999999999595623       U,V,W  0.50555830157223625       0.81626040887277540       0.27951699163772048     
  Comptn_2: TXYZ:   1.0000000000011475       U,V,W -0.12854235086648869      -0.50660790169706615      -0.85254049638299279     
       2100                   747                   747             2.8326142E-01         1.0000000E+30              6336       
 NEXT SEEDS: B1B9E50      12       0       0       0       0      31    3039       0       0
  Comptn_2: TXYZ:  0.99999999999878109       U,V,W   5.2707529565364730E-002  0.97807164054048634       0.20148891358171284     
  Comptn_2: TXYZ:  0.99999999999889400       U,V,W  0.22504380764320153      -0.67531709059655043      -0.70235469087104008     
  Comptn_2: TXYZ:  0.99999999999113776       U,V,W  0.87678989406136765       0.47481479151220185        7.6094647802705140E-002
       2150                   697                   697             2.8485549E-01         1.0000000E+30              6346       
 NEXT SEEDS:183D5AD3      12       0       0       0       0      31    3039       0       0
       2200                   647                   647             2.8262048E-01         1.0000000E+30              6355       
 NEXT SEEDS:1F398EED      12       0       0       0       0      31    3039       0       0
  Comptn_2: TXYZ:  0.99999999999892608       U,V,W -0.44476206169012045       0.85203882630382122       0.27607344484916752     
  Comptn_2: TXYZ:   1.0000000000022187       U,V,W  -1.7320964532927974E-002  0.92738916237322699      -0.37369683662368924     
  Comptn_2: TXYZ:   1.0000000000066191       U,V,W  0.89051072067451997       0.39382081355920207      -0.22780654770645725     
  Comptn_2: TXYZ:  0.99999999999866551       U,V,W  0.92274950367008302      -0.27398552243701602       0.27104480620405980     
       2250                   597                   597             2.8338394E-01         1.0000000E+30              6499       
 NEXT SEEDS:2B169F8E      12       0       0       0       0      31    3039       0       0
  Comptn_2: TXYZ:  0.99999999999846101       U,V,W   5.9138982000490614E-003 -0.99897477138845414        4.4882423463157295E-002
       2300                   547                   547             2.8803723E-01         1.0000000E+30              6522       
 NEXT SEEDS: 226B1BC      13       0       0       0       0      31    3039       0       0
  Comptn_2: TXYZ:   1.0000000000269622       U,V,W -0.37586292795722898       -5.3311511980955822E-002 -0.92514049857558689     
       2350                   497                   497             2.9267042E-01         1.0000000E+30              6560       
 NEXT SEEDS:154A4744      13       0       0       0       0      31    3039       0       0
  Comptn_2: TXYZ:   1.0000000000012834       U,V,W  0.48085779626400438       0.66232656155355762       0.57454269261217661     
       2400                   447                   447             2.9090746E-01         1.0000000E+30              6582       
 NEXT SEEDS:1D123642      13       0       0       0       0      31    3039       0       0
  Comptn_2: TXYZ:  0.99999999999867817       U,V,W -0.24338548427165918       0.55020487000333418      -0.79877287577204470     
  Comptn_2: TXYZ:  0.99999999999857192       U,V,W -0.23774036170275537      -0.96017182987480476       0.14679774361646025     
  Comptn_2: TXYZ:   1.0000000000017115       U,V,W -0.38568390554779342       0.87909173650807571       0.28008149493732759     
       2450                   397                   397             2.9040168E-01         1.0000000E+30              6592       
 NEXT SEEDS:271192F3      13       0       0       0       0      31    3039       0       0
  Comptn_2: TXYZ:   1.0000000000013805       U,V,W -0.14874775667723128      -0.97417510717606448      -0.16987338062031654     
  Comptn_2: TXYZ:  0.99999999999693190       U,V,W  0.95341960239426982        8.0571629214524876E-002 -0.29068758888710988     
       2500                   347                   347             2.8796161E-01         1.0000000E+30              6598       
 NEXT SEEDS:2D61F40B      13       0       0       0       0      31    3039       0       0
  Comptn_2: TXYZ:   1.0000000000017017       U,V,W -0.25524225241332665      -0.96535770825351985       -5.4183832461220049E-002
  Comptn_2: TXYZ:  0.99999999997927569       U,V,W  0.26943228284969223      -0.79873430432981252      -0.53798676194163875     
  Comptn_2: TXYZ:   1.0000000000010636       U,V,W  0.40102126796990234      -0.54788046053228179       0.73417228468787243     
       2550                   297                   297             2.8909648E-01         1.0000000E+30              6660       
 NEXT SEEDS:3A565321      13       0       0       0       0      31    3039       0       0
  Comptn_2: TXYZ:  0.99999999999879396       U,V,W  0.85901759940379563        5.1437260631260528E-002  0.50935544772985963     
  Comptn_2: TXYZ:  0.99999999999892131       U,V,W -0.43363214337701095      -0.87679320370496328       0.20783850020140004     
  Comptn_2: TXYZ:   1.0000000000028115       U,V,W -0.99104816904567450       0.10731104071767561        7.9422082408591166E-002
       2600                   247                   247             2.8927480E-01         1.0000000E+30              6665       
 NEXT SEEDS: 9F47F18      14       0       0       0       0      31    3039       0       0
  Comptn_2: TXYZ:   1.0000000000017788       U,V,W -0.23486718449777300       0.53053626937465026      -0.81447447628878855     
  Comptn_2: TXYZ:   1.0000000000010500       U,V,W  0.64382208205370262      -0.69993419589077810      -0.30916864020112911     
  Eventv: Pla < 0.4 Poo   1.5186057185670874        3.8725283317354418               30  0.28341816284995691               23
  Eventv: Pla < 0.4 Poo   1.5266028038322059        3.8725283317354418               30  0.14774838272541835               23
  Comptn_2: TXYZ:   1.0000000000010676       U,V,W -0.39852116611449873      -0.55237052540552867       0.73216643109543611     
       2650                   197                   197             2.9169716E-01         1.0000000E+30              6708       
 NEXT SEEDS:198E3291      14       0       0       0       0      31    3039       0       0
  Comptn_2: TXYZ:  0.99999999999822309       U,V,W  0.18108867713321075      -0.90412429085535706      -0.38699632775733761     
  Comptn_2: TXYZ:  0.99999999990625688       U,V,W   3.6092383954269280E-002  -4.1242269066970039E-002  0.99849707809735833     
  Comptn_2: TXYZ:  0.99999999999725298       U,V,W  0.47857502699494603       0.83978740518065464      -0.25636508661278867     
  Comptn_2: TXYZ:  0.99999999999567479       U,V,W  0.92155459705802656       0.31480820048174829       0.22722878679061864     
  Comptn_2: TXYZ:   1.0000000000017830       U,V,W  0.11119905192882129      -0.75138946363062087      -0.65042189753789970     
  Comptn_2: TXYZ:  0.99999999999688027       U,V,W  0.68573243566363828        2.5412979616262987E-002 -0.72740993060496351     
       2700                   147                   147             3.0113823E-01         1.0000000E+30              6715       
 NEXT SEEDS:37C1A8D7      14       0       0       0       0      31    3039       0       0
  Comptn_2: TXYZ:  0.99999999999707634       U,V,W -0.32944300708706464      -0.93802509433875514      -0.10759287833903386     
  Comptn_2: TXYZ:   1.0000000000085596       U,V,W  0.79203491222947831       -1.4067837845374243E-002 -0.61031368472004499     
  Comptn_2: TXYZ:   1.0000000000089644       U,V,W -0.87924237395570515       -9.2223369178270787E-002  0.46736249103571481     
       2750                    97                    97             3.0108944E-01         1.0000000E+30              6724       
 NEXT SEEDS: 7755645      15       0       0       0       0      31    3039       0       0
  Comptn_2: TXYZ:  0.99999999999893041       U,V,W  0.38520515963462287       0.36587956253651654       0.84720076174887993     
       2797                    50                    50             2.9994421E-01         1.0000000E+30              6733       
 NEXT SEEDS: FC2BDD4      15       0       0       0       0      31    3039       0       0
       2798                    49                    49             2.9995906E-01         1.0000000E+30              6733       
 NEXT SEEDS:1005F3AF      15       0       0       0       0      31    3039       0       0
       2799                    48                    48             3.0012883E-01         1.0000000E+30              6734       
 NEXT SEEDS:1096A164      15       0       0       0       0      31    3039       0       0
       2800                    47                    47             3.0008608E-01         1.0000000E+30              6734       
 NEXT SEEDS:10BB2BA2      15       0       0       0       0      31    3039       0       0
       2801                    46                    46             2.9997898E-01         1.0000000E+30              6734       
 NEXT SEEDS:10BB2BA6      15       0       0       0       0      31    3039       0       0
       2802                    45                    45             2.9988343E-01         1.0000000E+30              6734       
 NEXT SEEDS:10C1CB50      15       0       0       0       0      31    3039       0       0
       2803                    44                    44             2.9977648E-01         1.0000000E+30              6734       
 NEXT SEEDS:10C1CB54      15       0       0       0       0      31    3039       0       0
       2804                    43                    43             2.9981622E-01         1.0000000E+30              6734       
 NEXT SEEDS:110A7237      15       0       0       0       0      31    3039       0       0
       2805                    42                    42             2.9974967E-01         1.0000000E+30              6757       
 NEXT SEEDS:11204EBC      15       0       0       0       0      31    3039       0       0
       2806                    41                    41             3.0009243E-01         1.0000000E+30              6757       
 NEXT SEEDS:1220DCF8      15       0       0       0       0      31    3039       0       0
  Comptn_2: TXYZ:  0.99999999999886946       U,V,W  -9.6560693154650323E-003 -0.81126101297519071      -0.58460442108378885     
       2807                    40                    40             3.0170332E-01         1.0000000E+30              6757       
 NEXT SEEDS:15F5C290      15       0       0       0       0      31    3039       0       0
       2808                    39                    39             3.0159594E-01         1.0000000E+30              6757       
 NEXT SEEDS:15F5C294      15       0       0       0       0      31    3039       0       0
       2809                    38                    38             3.0148859E-01         1.0000000E+30              6757       
 NEXT SEEDS:15F5C298      15       0       0       0       0      31    3039       0       0
       2810                    37                    37             3.0138134E-01         1.0000000E+30              6757       
 NEXT SEEDS:15F5C29C      15       0       0       0       0      31    3039       0       0
       2811                    36                    36             3.0140903E-01         1.0000000E+30              6757       
 NEXT SEEDS:1643204F      15       0       0       0       0      31    3039       0       0
       2812                    35                    35             3.0130189E-01         1.0000000E+30              6757       
 NEXT SEEDS:16432053      15       0       0       0       0      31    3039       0       0
       2813                    34                    34             3.0129886E-01         1.0000000E+30              6758       
 NEXT SEEDS:167A8FAF      15       0       0       0       0      31    3039       0       0
       2814                    33                    33             3.0119183E-01         1.0000000E+30              6758       
 NEXT SEEDS:167A8FB3      15       0       0       0       0      31    3039       0       0
       2815                    32                    32             3.0122649E-01         1.0000000E+30              6758       
 NEXT SEEDS:16C7AFB7      15       0       0       0       0      31    3039       0       0
       2816                    31                    31             3.0118322E-01         1.0000000E+30              6758       
 NEXT SEEDS:16EA38B9      15       0       0       0       0      31    3039       0       0
       2817                    30                    30             3.0115471E-01         1.0000000E+30              6758       
 NEXT SEEDS:1712738D      15       0       0       0       0      31    3039       0       0
       2818                    29                    29             3.0136855E-01         1.0000000E+30              6758       
 NEXT SEEDS:17BC6D44      15       0       0       0       0      31    3039       0       0
       2819                    28                    28             3.0126171E-01         1.0000000E+30              6758       
 NEXT SEEDS:17BC6D48      15       0       0       0       0      31    3039       0       0
       2820                    27                    27             3.0115490E-01         1.0000000E+30              6758       
 NEXT SEEDS:17BC6D4C      15       0       0       0       0      31    3039       0       0
       2821                    26                    26             3.0108685E-01         1.0000000E+30              6758       
 NEXT SEEDS:17D11137      15       0       0       0       0      31    3039       0       0
       2822                    25                    25             3.0098020E-01         1.0000000E+30              6758       
 NEXT SEEDS:17D1113B      15       0       0       0       0      31    3039       0       0
       2823                    24                    24             3.0102402E-01         1.0000000E+30              6758       
 NEXT SEEDS:18233E66      15       0       0       0       0      31    3039       0       0
       2824                    23                    23             3.0102186E-01         1.0000000E+30              6758       
 NEXT SEEDS:185C8391      15       0       0       0       0      31    3039       0       0
       2825                    22                    22             3.0091535E-01         1.0000000E+30              6758       
 NEXT SEEDS:185C8395      15       0       0       0       0      31    3039       0       0
       2826                    21                    21             3.0080891E-01         1.0000000E+30              6758       
 NEXT SEEDS:185C8399      15       0       0       0       0      31    3039       0       0
       2827                    20                    20             3.0070255E-01         1.0000000E+30              6758       
 NEXT SEEDS:185C839D      15       0       0       0       0      31    3039       0       0
       2828                    19                    19             3.0075606E-01         1.0000000E+30              6758       
 NEXT SEEDS:18B1C69F      15       0       0       0       0      31    3039       0       0
       2829                    18                    18             3.0067863E-01         1.0000000E+30              6759       
 NEXT SEEDS:18C02B5E      15       0       0       0       0      31    3039       0       0
       2830                    17                    17             3.0059803E-01         1.0000000E+30              6759       
 NEXT SEEDS:18CE7916      15       0       0       0       0      31    3039       0       0
       2831                    16                    16             3.0054320E-01         1.0000000E+30              6759       
 NEXT SEEDS:18EAA227      15       0       0       0       0      31    3039       0       0
       2832                    15                    15             3.0043712E-01         1.0000000E+30              6759       
 NEXT SEEDS:18EAA22B      15       0       0       0       0      31    3039       0       0
       2833                    14                    14             3.0035376E-01         1.0000000E+30              6759       
 NEXT SEEDS:18F6AC76      15       0       0       0       0      31    3039       0       0
       2834                    13                    13             3.0026580E-01         1.0000000E+30              6759       
 NEXT SEEDS:1900BD4E      15       0       0       0       0      31    3039       0       0
       2835                    12                    12             3.0015993E-01         1.0000000E+30              6759       
 NEXT SEEDS:1900BD52      15       0       0       0       0      31    3039       0       0
       2836                    11                    11             3.0005412E-01         1.0000000E+30              6759       
 NEXT SEEDS:1900BD56      15       0       0       0       0      31    3039       0       0
       2837                    10                    10             3.0010575E-01         1.0000000E+30              6764       
 NEXT SEEDS:195643AD      15       0       0       0       0      31    3039       0       0
       2838                     9                     9             3.0007302E-01         1.0000000E+30              6764       
 NEXT SEEDS:197E495E      15       0       0       0       0      31    3039       0       0
       2839                     8                     8             2.9996736E-01         1.0000000E+30              6764       
 NEXT SEEDS:197E4962      15       0       0       0       0      31    3039       0       0
       2840                     7                     7             3.0000040E-01         1.0000000E+30              6764       
 NEXT SEEDS:19C9A63F      15       0       0       0       0      31    3039       0       0
       2841                     6                     6             2.9989485E-01         1.0000000E+30              6764       
 NEXT SEEDS:19C9A643      15       0       0       0       0      31    3039       0       0
       2842                     5                     5             2.9987356E-01         1.0000000E+30              6764       
 NEXT SEEDS:19F8089D      15       0       0       0       0      31    3039       0       0
  Comptn_2: TXYZ:   1.0000000000019267       U,V,W  0.95833770358172643      -0.13069443993174445       0.25398387599719285     
       2843                     4                     4             3.0006574E-01         1.0000000E+30              6764       
 NEXT SEEDS:1A8D97E0      15       0       0       0       0      31    3039       0       0
       2844                     3                     3             2.9996027E-01         1.0000000E+30              6764       
 NEXT SEEDS:1A8D97E4      15       0       0       0       0      31    3039       0       0
       2845                     2                     2             2.9991866E-01         1.0000000E+30              6764       
 NEXT SEEDS:1AAE2405      15       0       0       0       0      31    3039       0       0
       2846                     1                     1             3.0001648E-01         1.0000000E+30              6764       
 NEXT SEEDS:1B1DEE90      15       0       0       0       0      31    3039       0       0
       2847                     0                     1             2.9991114E-01         1.0000000E+30              6764       
 NEXT SEEDS:1B1DEE94      15       0       0       0       0      31    3039       0       0
