1NUMBER OF BEAM       NUMBER OF BEAM        APPROXIMATE NUMBER    AVERAGE TIME USED     TIME LEFT (RESERVED   NUMBER OF STARS
 PARTICLES HANDLED    PARTICLES LEFT        OF BEAM PARTICLES     BY A BEAM PARTICLE     10000.0 SECONDS      CREATED
                                            THAT CAN STILL BE                           FOR PRINTOUT)
                                            HANDLED

 NEXT SEEDS:12B9DAD0       D       0       0       0       0       D    3039       0       0
          1                  2152                  2152             8.5115433E-05         1.0000000E+30                 0       
 NEXT SEEDS:12B9DAD4       D       0       0       0       0       D    3039       0       0
  Comptn_2: TXYZ:   1.0000000000060392       U,V,W  0.41169324432411614      -0.11171486539649322      -0.90444925862834680     
         40                  2113                  2113             4.8364825E-01         1.0000000E+30                45       
 NEXT SEEDS:20D424B0       D       0       0       0       0       D    3039       0       0
         80                  2073                  2073             2.6540537E-01         1.0000000E+30                55       
 NEXT SEEDS:22275F69       D       0       0       0       0       D    3039       0       0
        120                  2033                  2033             1.9501200E-01         1.0000000E+30               108       
 NEXT SEEDS:23AE84C8       D       0       0       0       0       D    3039       0       0
        160                  1993                  1993             1.8663004E-01         1.0000000E+30               108       
 NEXT SEEDS:28530E77       D       0       0       0       0       D    3039       0       0
        200                  1953                  1953             1.6076877E-01         1.0000000E+30               111       
 NEXT SEEDS:29F556F1       D       0       0       0       0       D    3039       0       0
        240                  1913                  1913             1.4991322E-01         1.0000000E+30               112       
 NEXT SEEDS:2C783F9E       D       0       0       0       0       D    3039       0       0
        280                  1873                  1873             1.4302961E-01         1.0000000E+30               113       
 NEXT SEEDS:2F52E6B6       D       0       0       0       0       D    3039       0       0
        320                  1833                  1833             1.3050689E-01         1.0000000E+30               115       
 NEXT SEEDS:308401DB       D       0       0       0       0       D    3039       0       0
  Comptn_2: TXYZ:   1.0000000000061562       U,V,W  -8.9583815272092693E-002 -0.96675205036081735      -0.23951036130115000     
  Comptn_2: TXYZ:  0.99999999999894573       U,V,W  0.65231904229009174        9.9109436481107593E-002 -0.75143674827964091     
        360                  1793                  1793             1.4344511E-01         1.0000000E+30               119       
 NEXT SEEDS:3756828F       D       0       0       0       0       D    3039       0       0
  *** Kaon: P_min > 1.5 GeV/c:           15   14.283134650131961     
  *** Kaon: P_min > 1.5 GeV/c:           15   15.566929248515365     
  *** Kaon: P_min > 1.5 GeV/c:           24   4.8120213473037419     
  *** Kbar: P_min > 1.8 GeV/c:           16   3.8061792935278729     
  *** Kbar: P_min > 1.8 GeV/c:           16   3.8462148564835377     
  *** Kbar: P_min > 1.8 GeV/c:           16   3.3453185292275038     
  *** Kbar: P_min > 1.8 GeV/c:           16   3.2599615514539542     
  *** Kbar: P_min > 1.8 GeV/c:           16   2.8690585313873402     
  *** Kbar: P_min > 1.8 GeV/c:           16   2.9275949672073218     
  *** Kbar: P_min > 1.8 GeV/c:           25   1.8298868545439342     
  *** Kaon: P_min > 1.5 GeV/c:           24   1.5213771780613350     
        400                  1753                  1753             1.3760362E-01         1.0000000E+30               315       
 NEXT SEEDS:39C4C86F       D       0       0       0       0       D    3039       0       0
  Comptn_2: TXYZ:   1.0000000000045590       U,V,W -0.32168543880967349      -0.32318610093405198       0.88998270917216793     
        440                  1713                  1713             1.3282177E-01         1.0000000E+30               321       
 NEXT SEEDS:  8141DB       E       0       0       0       0       D    3039       0       0
  Comptn_2: TXYZ:   1.0000000000017575       U,V,W  0.80949481100882537       0.51114230043015496      -0.28888007834136431     
  Comptn_2: TXYZ:   1.0000000000022899       U,V,W  0.62453091232939073       -4.0365834256228084E-002  0.77995624170340960     
        480                  1673                  1673             1.2821510E-01         1.0000000E+30               324       
 NEXT SEEDS: 2B13004       E       0       0       0       0       D    3039       0       0
        520                  1633                  1633             1.2349520E-01         1.0000000E+30               328       
 NEXT SEEDS: 498E8C2       E       0       0       0       0       D    3039       0       0
  Comptn_2: TXYZ:  0.99999999999805611       U,V,W  0.32820565218736419      -0.83585210493157369      -0.44003671273176792     
        560                  1593                  1593             1.2024278E-01         1.0000000E+30               352       
 NEXT SEEDS: 6CC1DED       E       0       0       0       0       D    3039       0       0
        600                  1553                  1553             1.3394165E-01         1.0000000E+30               357       
 NEXT SEEDS:1042C1D9       E       0       0       0       0       D    3039       0       0
        640                  1513                  1513             1.2992406E-01         1.0000000E+30               365       
 NEXT SEEDS:12396BFC       E       0       0       0       0       D    3039       0       0
        680                  1473                  1473             1.2756497E-01         1.0000000E+30               369       
 NEXT SEEDS:14C13F68       E       0       0       0       0       D    3039       0       0
        720                  1433                  1433             1.2471741E-01         1.0000000E+30               371       
 NEXT SEEDS:16E6783E       E       0       0       0       0       D    3039       0       0
        760                  1393                  1393             1.2166697E-01         1.0000000E+30               371       
 NEXT SEEDS:18CAD03E       E       0       0       0       0       D    3039       0       0
  Comptn_2: TXYZ:  0.99999999999895939       U,V,W  0.42679091166857663       0.28395082662393634       0.85861600600946630     
        800                  1353                  1353             1.1792559E-01         1.0000000E+30               374       
 NEXT SEEDS:1A1CBD87       E       0       0       0       0       D    3039       0       0
  *** Kaon: P_min > 1.5 GeV/c:           15   1.8273274149255789     
  *** Kaon: P_min > 1.5 GeV/c:           15   1.8168109468970182     
  *** Kaon: P_min > 1.5 GeV/c:           15   1.9426764697828023     
  Comptn_2: TXYZ:  0.99999999999742695       U,V,W  0.99353494285877098       -5.1448286073977556E-002 -0.10119975877488940     
  *** Kaon: P_min > 1.5 GeV/c:           24   1.5360233946132438     
  Comptn_2: TXYZ:   1.0000000000013092       U,V,W -0.11982698901059763       0.96908638085043508      -0.21566891096346907     
  Comptn_2: TXYZ:  0.99999999999777422       U,V,W  0.48708643030451526       0.80956606700318190       0.32764247674558078     
        840                  1313                  1313             1.2344497E-01         1.0000000E+30               492       
 NEXT SEEDS:20DA9FD3       E       0       0       0       0       D    3039       0       0
        880                  1273                  1273             1.2425860E-01         1.0000000E+30               494       
 NEXT SEEDS:24BA3EBB       E       0       0       0       0       D    3039       0       0
        920                  1233                  1233             1.2144282E-01         1.0000000E+30               507       
 NEXT SEEDS:2668ADAF       E       0       0       0       0       D    3039       0       0
  Comptn_2: TXYZ:   1.0000000000030793       U,V,W -0.77148510412743576      -0.26383420976784677      -0.57896653087094307     
        960                  1193                  1193             1.1992848E-01         1.0000000E+30               507       
 NEXT SEEDS:28DF1B29       E       0       0       0       0       D    3039       0       0
  Comptn_2: TXYZ:  0.99999999999200917       U,V,W  0.30797139753383362       0.91064400779205101      -0.27546525981600212     
       1000                  1153                  1153             1.1829325E-01         1.0000000E+30               535       
 NEXT SEEDS:2B170D73       E       0       0       0       0       D    3039       0       0
       1040                  1113                  1113             1.2040691E-01         1.0000000E+30               535       
 NEXT SEEDS:2FFD28E6       E       0       0       0       0       D    3039       0       0
  Comptn_2: TXYZ:   1.0000000000010740       U,V,W  0.54247839202894710      -0.15185331889102127      -0.82623105952544762     
       1080                  1073                  1073             1.2071460E-01         1.0000000E+30               535       
 NEXT SEEDS:3399FD7C       E       0       0       0       0       D    3039       0       0
  Comptn_2: TXYZ:   1.0000000000010270       U,V,W -0.96237752822788636       0.23082693841436708      -0.14334719273589158     
       1120                  1033                  1033             1.1924470E-01         1.0000000E+30               536       
 NEXT SEEDS:35CFAB88       E       0       0       0       0       D    3039       0       0
  Comptn_2: TXYZ:   1.0000000000027849       U,V,W  -4.3939535404433627E-002 -0.76761302023888334       0.63940563681513396     
  Comptn_2: TXYZ:   1.0000000000058131       U,V,W  0.12167446399097770      -0.96337707763876423      -0.23895591873505850     
       1160                   993                   993             1.2543241E-01         1.0000000E+30               540       
 NEXT SEEDS: 2EC96FB       F       0       0       0       0       D    3039       0       0
  *** Kaon: P_min > 1.5 GeV/c:           15   4.0240182997603720     
  *** Kaon: P_min > 1.5 GeV/c:           15   3.4678282864190715     
  *** Kaon: P_min > 1.5 GeV/c:           15   3.3759365830747949     
  *** Kaon: P_min > 1.5 GeV/c:           24   1.6958420048724590     
  *** Kaon: P_min > 1.5 GeV/c:           24   1.7299458542622013     
       1200                   953                   953             1.3022373E-01         1.0000000E+30              1071       
 NEXT SEEDS: AADBDAE       F       0       0       0       0       D    3039       0       0
  Comptn_2: TXYZ:   1.0000000000014353       U,V,W -0.11754912965281505       0.93026943506124071       0.34753558135842866     
       1240                   913                   913             1.2852971E-01         1.0000000E+30              1074       
 NEXT SEEDS: CDBCB8D       F       0       0       0       0       D    3039       0       0
  Comptn_2: TXYZ:  0.99999999999320632       U,V,W  0.27829179775808299       0.40712478842988276       0.86994429818219032     
  Comptn_2: TXYZ:  0.99999999999792910       U,V,W   1.7502536337698160E-002  0.30309020402293640      -0.95280112796165994     
       1280                   873                   873             1.2805742E-01         1.0000000E+30              1080       
 NEXT SEEDS:101D13AC       F       0       0       0       0       D    3039       0       0
       1320                   833                   833             1.2627230E-01         1.0000000E+30              1089       
 NEXT SEEDS:12133B5B       F       0       0       0       0       D    3039       0       0
       1360                   793                   793             1.2416933E-01         1.0000000E+30              1089       
 NEXT SEEDS:139D140D       F       0       0       0       0       D    3039       0       0
  Comptn_2: TXYZ:  0.99999999999478217       U,V,W -0.71994657470348500        7.1967258555048375E-002 -0.69028808715171408     
       1400                   753                   753             1.2235622E-01         1.0000000E+30              1091       
 NEXT SEEDS:1543EF00       F       0       0       0       0       D    3039       0       0
       1440                   713                   713             1.2031238E-01         1.0000000E+30              1094       
 NEXT SEEDS:16A0A76A       F       0       0       0       0       D    3039       0       0
       1480                   673                   673             1.1907508E-01         1.0000000E+30              1096       
 NEXT SEEDS:18BA40DB       F       0       0       0       0       D    3039       0       0
       1520                   633                   633             1.1745059E-01         1.0000000E+30              1099       
 NEXT SEEDS:1A5B06FE       F       0       0       0       0       D    3039       0       0
       1560                   593                   593             1.1590047E-01         1.0000000E+30              1102       
 NEXT SEEDS:1BF80CEE       F       0       0       0       0       D    3039       0       0
       1600                   553                   553             1.1395099E-01         1.0000000E+30              1103       
 NEXT SEEDS:1D008066       F       0       0       0       0       D    3039       0       0
  Comptn_2: TXYZ:  0.99999999999872791       U,V,W   7.2823559589018316E-002  0.30480405924805609       0.94962688179801447     
       1640                   513                   513             1.1408555E-01         1.0000000E+30              1105       
 NEXT SEEDS:205ED605       F       0       0       0       0       D    3039       0       0
       1680                   473                   473             1.1259326E-01         1.0000000E+30              1108       
 NEXT SEEDS:21D241D6       F       0       0       0       0       D    3039       0       0
       1720                   433                   433             1.1365178E-01         1.0000000E+30              1113       
 NEXT SEEDS:265E020E       F       0       0       0       0       D    3039       0       0
  Comptn_2: TXYZ:   1.0000000000014166       U,V,W -0.12100798330481410      -0.26756870762518759      -0.95591006620795937     
  Comptn_2: TXYZ:  0.99999999999688505       U,V,W  0.96554565567834238       -3.5714976301449042E-002  0.25777126927831162     
       1760                   393                   393             1.1763830E-01         1.0000000E+30              1115       
 NEXT SEEDS:2EFB1E84       F       0       0       0       0       D    3039       0       0
       1800                   353                   353             1.1634370E-01         1.0000000E+30              1116       
 NEXT SEEDS:30B090C5       F       0       0       0       0       D    3039       0       0
       1840                   313                   313             1.1484436E-01         1.0000000E+30              1162       
 NEXT SEEDS:32044C9C       F       0       0       0       0       D    3039       0       0
       1880                   273                   273             1.1630623E-01         1.0000000E+30              1165       
 NEXT SEEDS:3777C550       F       0       0       0       0       D    3039       0       0
  Comptn_2: TXYZ:  0.99999999999887523       U,V,W  0.14796935205058048       0.96389871068863897      -0.22136925347795255     
       1920                   233                   233             1.1513241E-01         1.0000000E+30              1170       
 NEXT SEEDS:392EC5EC       F       0       0       0       0       D    3039       0       0
       1960                   193                   193             1.1709210E-01         1.0000000E+30              1171       
 NEXT SEEDS: 3D7793E      10       0       0       0       0       D    3039       0       0
  Comptn_2: TXYZ:   1.0000000001049176       U,V,W   6.6816625406659114E-002  0.88319006919298815      -0.46423145127518950     
       2000                   153                   153             1.1594124E-01         1.0000000E+30              1193       
 NEXT SEEDS: 585E49B      10       0       0       0       0       D    3039       0       0
  Comptn_2: TXYZ:   1.0000000000027698       U,V,W -0.66362576828696973      -0.69386918328432046      -0.27954676917583754     
       2040                   113                   113             1.2042616E-01         1.0000000E+30              1269       
 NEXT SEEDS: F63D50C      10       0       0       0       0       D    3039       0       0
  Comptn_2: TXYZ:  0.99999999999745981       U,V,W  0.71656523901225455      -0.33580344933139372       0.61136756673371906     
  Comptn_2: TXYZ:   1.0000000000022422       U,V,W  0.83268858785086763      -0.54546208724522671       -9.5398254927701487E-002
  Comptn_2: TXYZ:  0.99999999999850120       U,V,W  0.42486755221047368       0.19402416705088399       0.88421840383323413     
       2080                    73                    73             1.2758314E-01         1.0000000E+30              1880       
 NEXT SEEDS:1D9431C9      10       0       0       0       0       D    3039       0       0
  Comptn_2: TXYZ:   1.0000000000010600       U,V,W  0.51517519411959345       0.63733478346954087      -0.57306098553708296     
       2103                    50                    50             1.2719958E-01         1.0000000E+30              1881       
 NEXT SEEDS:1F24D07B      10       0       0       0       0       D    3039       0       0
       2104                    49                    49             1.2716966E-01         1.0000000E+30              1896       
 NEXT SEEDS:1F303914      10       0       0       0       0       D    3039       0       0
       2105                    48                    48             1.2713766E-01         1.0000000E+30              1896       
 NEXT SEEDS:1F3B56FE      10       0       0       0       0       D    3039       0       0
       2106                    47                    47             1.2711330E-01         1.0000000E+30              1896       
 NEXT SEEDS:1F49AA17      10       0       0       0       0       D    3039       0       0
       2107                    46                    46             1.2706569E-01         1.0000000E+30              1896       
 NEXT SEEDS:1F4E042C      10       0       0       0       0       D    3039       0       0
       2108                    45                    45             1.2701243E-01         1.0000000E+30              1896       
 NEXT SEEDS:1F5068C4      10       0       0       0       0       D    3039       0       0
       2109                    44                    44             1.2702489E-01         1.0000000E+30              1896       
 NEXT SEEDS:1F6A8C5E      10       0       0       0       0       D    3039       0       0
       2110                    43                    43             1.2696684E-01         1.0000000E+30              1896       
 NEXT SEEDS:1F6B44E8      10       0       0       0       0       D    3039       0       0
       2111                    42                    42             1.2700630E-01         1.0000000E+30              1896       
 NEXT SEEDS:1F92E4EF      10       0       0       0       0       D    3039       0       0
       2112                    41                    41             1.2694622E-01         1.0000000E+30              1896       
 NEXT SEEDS:1F92E4F3      10       0       0       0       0       D    3039       0       0
       2113                    40                    40             1.2690069E-01         1.0000000E+30              1896       
 NEXT SEEDS:1F982E98      10       0       0       0       0       D    3039       0       0
       2114                    39                    39             1.2695247E-01         1.0000000E+30              1897       
 NEXT SEEDS:1FC4843A      10       0       0       0       0       D    3039       0       0
       2115                    38                    38             1.2690218E-01         1.0000000E+30              1897       
 NEXT SEEDS:1FC7FBB6      10       0       0       0       0       D    3039       0       0
       2116                    37                    37             1.2689651E-01         1.0000000E+30              1897       
 NEXT SEEDS:1FDB4E8F      10       0       0       0       0       D    3039       0       0
       2117                    36                    36             1.2683664E-01         1.0000000E+30              1897       
 NEXT SEEDS:1FDB4E93      10       0       0       0       0       D    3039       0       0
       2118                    35                    35             1.2677759E-01         1.0000000E+30              1897       
 NEXT SEEDS:1FDB8C09      10       0       0       0       0       D    3039       0       0
       2119                    34                    34             1.2679506E-01         1.0000000E+30              1897       
 NEXT SEEDS:1FFAB0D8      10       0       0       0       0       D    3039       0       0
       2120                    33                    33             1.2673530E-01         1.0000000E+30              1897       
 NEXT SEEDS:1FFAB0DC      10       0       0       0       0       D    3039       0       0
       2121                    32                    32             1.2687166E-01         1.0000000E+30              1897       
 NEXT SEEDS:2045BBB6      10       0       0       0       0       D    3039       0       0
       2122                    31                    31             1.2698493E-01         1.0000000E+30              1897       
 NEXT SEEDS:208A6EC7      10       0       0       0       0       D    3039       0       0
       2123                    30                    30             1.2692519E-01         1.0000000E+30              1897       
 NEXT SEEDS:208A6ECB      10       0       0       0       0       D    3039       0       0
       2124                    29                    29             1.2686688E-01         1.0000000E+30              1897       
 NEXT SEEDS:208AD9B3      10       0       0       0       0       D    3039       0       0
       2125                    28                    28             1.2680722E-01         1.0000000E+30              1897       
 NEXT SEEDS:208AD9B7      10       0       0       0       0       D    3039       0       0
       2126                    27                    27             1.2674806E-01         1.0000000E+30              1897       
 NEXT SEEDS:208AFE78      10       0       0       0       0       D    3039       0       0
       2127                    26                    26             1.2668926E-01         1.0000000E+30              1897       
 NEXT SEEDS:208B39DD      10       0       0       0       0       D    3039       0       0
       2128                    25                    25             1.2667150E-01         1.0000000E+30              1897       
 NEXT SEEDS:209B6D3A      10       0       0       0       0       D    3039       0       0
       2129                    24                    24             1.2675555E-01         1.0000000E+30              1897       
 NEXT SEEDS:20D61C28      10       0       0       0       0       D    3039       0       0
       2130                    23                    23             1.2672711E-01         1.0000000E+30              1899       
 NEXT SEEDS:20E27D5C      10       0       0       0       0       D    3039       0       0
       2131                    22                    22             1.2667668E-01         1.0000000E+30              1899       
 NEXT SEEDS:20E55433      10       0       0       0       0       D    3039       0       0
       2132                    21                    21             1.2661732E-01         1.0000000E+30              1899       
 NEXT SEEDS:20E55437      10       0       0       0       0       D    3039       0       0
       2133                    20                    20             1.2655816E-01         1.0000000E+30              1899       
 NEXT SEEDS:20E55F36      10       0       0       0       0       D    3039       0       0
       2134                    19                    19             1.2653685E-01         1.0000000E+30              1899       
 NEXT SEEDS:20F4E692      10       0       0       0       0       D    3039       0       0
       2135                    18                    18             1.2647764E-01         1.0000000E+30              1899       
 NEXT SEEDS:20F4E696      10       0       0       0       0       D    3039       0       0
       2136                    17                    17             1.2641883E-01         1.0000000E+30              1899       
 NEXT SEEDS:20F501D1      10       0       0       0       0       D    3039       0       0
       2137                    16                    16             1.2635973E-01         1.0000000E+30              1899       
 NEXT SEEDS:20F501D5      10       0       0       0       0       D    3039       0       0
       2138                    15                    15             1.2630067E-01         1.0000000E+30              1899       
 NEXT SEEDS:20F501D9      10       0       0       0       0       D    3039       0       0
       2139                    14                    14             1.2638123E-01         1.0000000E+30              1899       
 NEXT SEEDS:212C765B      10       0       0       0       0       D    3039       0       0
       2140                    13                    13             1.2632393E-01         1.0000000E+30              1899       
 NEXT SEEDS:212CFDAC      10       0       0       0       0       D    3039       0       0
       2141                    12                    12             1.2633243E-01         1.0000000E+30              1899       
 NEXT SEEDS:21486B94      10       0       0       0       0       D    3039       0       0
       2142                    11                    11             1.2635436E-01         1.0000000E+30              1900       
 NEXT SEEDS:21662E27      10       0       0       0       0       D    3039       0       0
       2143                    10                    10             1.2634877E-01         1.0000000E+30              1900       
 NEXT SEEDS:217AADC2      10       0       0       0       0       D    3039       0       0
       2144                     9                     9             1.2641342E-01         1.0000000E+30              1900       
 NEXT SEEDS:21AA4D69      10       0       0       0       0       D    3039       0       0
       2145                     8                     8             1.2635566E-01         1.0000000E+30              1900       
 NEXT SEEDS:21AAA446      10       0       0       0       0       D    3039       0       0
       2146                     7                     7             1.2629683E-01         1.0000000E+30              1900       
 NEXT SEEDS:21AAA44A      10       0       0       0       0       D    3039       0       0
       2147                     6                     6             1.2630069E-01         1.0000000E+30              1900       
 NEXT SEEDS:21C40A22      10       0       0       0       0       D    3039       0       0
       2148                     5                     5             1.2626335E-01         1.0000000E+30              1901       
 NEXT SEEDS:21CC87F7      10       0       0       0       0       D    3039       0       0
       2149                     4                     4             1.2620530E-01         1.0000000E+30              1901       
 NEXT SEEDS:21CCBE44      10       0       0       0       0       D    3039       0       0
       2150                     3                     3             1.2614816E-01         1.0000000E+30              1901       
 NEXT SEEDS:21CD3DBD      10       0       0       0       0       D    3039       0       0
       2151                     2                     2             1.2609400E-01         1.0000000E+30              1901       
 NEXT SEEDS:21CECFFA      10       0       0       0       0       D    3039       0       0
       2152                     1                     1             1.2604118E-01         1.0000000E+30              1901       
 NEXT SEEDS:21D0F0A4      10       0       0       0       0       D    3039       0       0
       2153                     0                     1             1.2598300E-01         1.0000000E+30              1901       
 NEXT SEEDS:21D10A7A      10       0       0       0       0       D    3039       0       0
