1NUMBER OF BEAM       NUMBER OF BEAM        APPROXIMATE NUMBER    AVERAGE TIME USED     TIME LEFT (RESERVED   NUMBER OF STARS
 PARTICLES HANDLED    PARTICLES LEFT        OF BEAM PARTICLES     BY A BEAM PARTICLE     10000.0 SECONDS      CREATED
                                            THAT CAN STILL BE                           FOR PRINTOUT)
                                            HANDLED

 NEXT SEEDS:1CE5911D       8       0       0       0       0      43    3039       0       0
          1                  2152                  2152             8.8930130E-05         1.0000000E+30                 0       
 NEXT SEEDS:1CE59121       8       0       0       0       0      43    3039       0       0
         40                  2113                  2113             7.7787924E-02         1.0000000E+30                 5       
 NEXT SEEDS:1F330014       8       0       0       0       0      43    3039       0       0
         80                  2073                  2073             7.3254359E-02         1.0000000E+30                40       
 NEXT SEEDS:2135C461       8       0       0       0       0      43    3039       0       0
        120                  2033                  2033             8.4938939E-02         1.0000000E+30                43       
 NEXT SEEDS:246F50A7       8       0       0       0       0      43    3039       0       0
  Comptn_2: TXYZ:  0.99999999999710554       U,V,W   5.3547611669567452E-002  0.95763060022583346       0.28297753761155775     
        160                  1993                  1993             8.4498644E-02         1.0000000E+30                44       
 NEXT SEEDS:26DAC14F       8       0       0       0       0      43    3039       0       0
  Comptn_2: TXYZ:  0.99999999999749845       U,V,W -0.97181657215463080       0.17597208557560151       0.15686419343271041     
        200                  1953                  1953             1.1381077E-01         1.0000000E+30                49       
 NEXT SEEDS:2D4FCFB2       8       0       0       0       0      43    3039       0       0
  *** Kaon: P_min > 1.5 GeV/c:           24   2.0584203005548605     
  *** Kaon: P_min > 1.5 GeV/c:           24   2.0875283420270838     
  *** Kaon: P_min > 1.5 GeV/c:           24   2.3517012956399213     
  *** Kaon: P_min > 1.5 GeV/c:           24   2.3440221911885972     
        240                  1913                  1913             1.0523906E-01         1.0000000E+30                64       
 NEXT SEEDS:2F1E115D       8       0       0       0       0      43    3039       0       0
  Comptn_2: TXYZ:  0.99999999999844147       U,V,W  -1.4773478577779997E-002  0.51387029916263671      -0.85774067174621926     
  Comptn_2: TXYZ:  0.99999999999349765       U,V,W  0.33761099938780603      -0.74716892870765150      -0.57250100878489718     
  Comptn_2: TXYZ:   1.0000000000031006       U,V,W  0.41541195533855468      -0.50986630666773181       0.75330555333802351     
        280                  1873                  1873             9.9117872E-02         1.0000000E+30                66       
 NEXT SEEDS:30F788F9       8       0       0       0       0      43    3039       0       0
        320                  1833                  1833             1.0119932E-01         1.0000000E+30                70       
 NEXT SEEDS:344E0734       8       0       0       0       0      43    3039       0       0
        360                  1793                  1793             1.0044931E-01         1.0000000E+30                79       
 NEXT SEEDS:3719588D       8       0       0       0       0      43    3039       0       0
        400                  1753                  1753             1.0994340E-01         1.0000000E+30                83       
 NEXT SEEDS: 12962AA       9       0       0       0       0      43    3039       0       0
        440                  1713                  1713             1.0677003E-01         1.0000000E+30               132       
 NEXT SEEDS: 3568898       9       0       0       0       0      43    3039       0       0
        480                  1673                  1673             1.0231226E-01         1.0000000E+30               133       
 NEXT SEEDS: 4E06B29       9       0       0       0       0      43    3039       0       0
        520                  1633                  1633             9.8805813E-02         1.0000000E+30               134       
 NEXT SEEDS: 683D149       9       0       0       0       0      43    3039       0       0
        560                  1593                  1593             9.7151310E-02         1.0000000E+30               135       
 NEXT SEEDS: 8B674C2       9       0       0       0       0      43    3039       0       0
        600                  1553                  1553             9.4243167E-02         1.0000000E+30               143       
 NEXT SEEDS: A4A5D98       9       0       0       0       0      43    3039       0       0
  Comptn_2: TXYZ:   1.0000000000011067       U,V,W -0.24109129310742361      -0.71896653870164329       0.65189117543979336     
        640                  1513                  1513             1.0134506E-01         1.0000000E+30               170       
 NEXT SEEDS:1070797B       9       0       0       0       0      43    3039       0       0
  Comptn_2: TXYZ:  0.99999999999867528       U,V,W  0.93543517274659393      -0.14338334514327755      -0.32311337626713765     
        680                  1473                  1473             1.0217802E-01         1.0000000E+30               216       
 NEXT SEEDS:13D28AE5       9       0       0       0       0      43    3039       0       0
        720                  1433                  1433             9.9496373E-02         1.0000000E+30               217       
 NEXT SEEDS:15642B06       9       0       0       0       0      43    3039       0       0
        760                  1393                  1393             9.5567369E-02         1.0000000E+30               221       
 NEXT SEEDS:161F4E89       9       0       0       0       0      43    3039       0       0
        800                  1353                  1353             9.4673717E-02         1.0000000E+30               225       
 NEXT SEEDS:18609113       9       0       0       0       0      43    3039       0       0
  Comptn_2: TXYZ:   1.0000000000072455       U,V,W  0.90529019519028786       0.26841248314548238      -0.32924823673218384     
  Comptn_2: TXYZ:  0.99999999999857647       U,V,W -0.69698162267868469       0.28535337154562512       0.65786782182616932     
        840                  1313                  1313             1.0463161E-01         1.0000000E+30               227       
 NEXT SEEDS:20D36376       9       0       0       0       0      43    3039       0       0
  Comptn_2: TXYZ:   1.0000000000013134       U,V,W  0.18224385988840197       0.68607998084938604      -0.70433048735092818     
  Comptn_2: TXYZ:  0.99999999999864997       U,V,W -0.57470113390652955      -0.29555862181749504      -0.76312758288148785     
        880                  1273                  1273             1.0477786E-01         1.0000000E+30               233       
 NEXT SEEDS:23DE8582       9       0       0       0       0      43    3039       0       0
  Comptn_2: TXYZ:   1.0000000000013540       U,V,W  0.78753158894375019       0.47252659141847886      -0.39561675497824922     
  Comptn_2: TXYZ:  0.99999999999715550       U,V,W  0.54968334995009371      -0.80469700639937169      -0.22430100908530903     
        920                  1233                  1233             1.0338424E-01         1.0000000E+30               234       
 NEXT SEEDS:25F161A2       9       0       0       0       0      43    3039       0       0
        960                  1193                  1193             1.0628821E-01         1.0000000E+30               236       
 NEXT SEEDS:2B196799       9       0       0       0       0      43    3039       0       0
       1000                  1153                  1153             1.0728673E-01         1.0000000E+30               252       
 NEXT SEEDS:2EE2666F       9       0       0       0       0      43    3039       0       0
       1040                  1113                  1113             1.0549462E-01         1.0000000E+30               255       
 NEXT SEEDS:30A94123       9       0       0       0       0      43    3039       0       0
       1080                  1073                  1073             1.0830439E-01         1.0000000E+30               260       
 NEXT SEEDS:35EFFF28       9       0       0       0       0      43    3039       0       0
       1120                  1033                  1033             1.0670353E-01         1.0000000E+30               306       
 NEXT SEEDS:37C310C1       9       0       0       0       0      43    3039       0       0
  Comptn_2: TXYZ:  0.99999999999748324       U,V,W  0.58199702330402658       0.56983526664096473       0.58014414911723122     
       1160                   993                   993             1.0920759E-01         1.0000000E+30               306       
 NEXT SEEDS: 152AEDE       A       0       0       0       0      43    3039       0       0
  *** Kbar: P_min > 1.8 GeV/c:           16   6.4222543125428340     
  *** Kbar: P_min > 1.8 GeV/c:           16   6.3451863959445811     
  *** Kbar: P_min > 1.8 GeV/c:           16   6.7319687749749972     
  *** Kaon: P_min > 1.5 GeV/c:           15   1.9919276856443580     
  *** Kaon: P_min > 1.5 GeV/c:           15   1.9446886270589876     
  *** Kaon: P_min > 1.5 GeV/c:           15   2.1096662764856968     
  *** Kaon: P_min > 1.5 GeV/c:           15   2.0749000195059990     
  *** Kaon: P_min > 1.5 GeV/c:           15   1.9611690496382033     
  *** Kaon: P_min > 1.5 GeV/c:           24   1.7664332753041565     
  *** Kaon: P_min > 1.5 GeV/c:           24   1.7640974019952127     
  *** Kaon: P_min > 1.5 GeV/c:           24   2.2323839480518086     
  *** Kaon: P_min > 1.5 GeV/c:           15   1.9429660610934461     
  *** Kaon: P_min > 1.5 GeV/c:           15   2.0822217048300176     
  *** Kaon: P_min > 1.5 GeV/c:           24   1.8266081305202815     
  *** Kaon: P_min > 1.5 GeV/c:           15   2.5602719483811152     
  *** Kaon: P_min > 1.5 GeV/c:           15   8.3851466879109129     
  Comptn_2: TXYZ:   1.0000000000029599       U,V,W  0.70106140673410877       0.22186728922139309      -0.67770776147577294     
       1200                   953                   953             1.1249917E-01         1.0000000E+30              1747       
 NEXT SEEDS: 772B240       A       0       0       0       0      43    3039       0       0
       1240                   913                   913             1.1075915E-01         1.0000000E+30              1749       
 NEXT SEEDS: 92DFE2B       A       0       0       0       0      43    3039       0       0
       1280                   873                   873             1.0970321E-01         1.0000000E+30              1750       
 NEXT SEEDS: B738DDD       A       0       0       0       0      43    3039       0       0
  Comptn_2: TXYZ:   1.0000000000072657       U,V,W  0.16783044870027553      -0.22159505899128362      -0.96058761720468766     
  Comptn_2: TXYZ:  0.99999999999738920       U,V,W -0.35705557260311593      -0.68572188611272744      -0.63426872300031789     
       1320                   833                   833             1.2006522E-01         1.0000000E+30              1752       
 NEXT SEEDS:186797CB       A       0       0       0       0      43    3039       0       0
       1360                   793                   793             1.1931856E-01         1.0000000E+30              1755       
 NEXT SEEDS:1B2C94E8       A       0       0       0       0      43    3039       0       0
       1400                   753                   753             1.1766054E-01         1.0000000E+30              1935       
 NEXT SEEDS:1CF6F802       A       0       0       0       0      43    3039       0       0
  Comptn_2: TXYZ:   1.0000000000010958       U,V,W -0.29155622971195427      -0.87407438653450242       0.38857294260097319     
  Comptn_2: TXYZ:  0.99999999999876443       U,V,W -0.26410665876986883       -1.2195358812441270E-002  0.96441637585413087     
  Comptn_2: TXYZ:  0.99999999999890155       U,V,W -0.56706033842368697       0.16724588552852993      -0.80651806325679587     
  Comptn_2: TXYZ:  0.99999999999180633       U,V,W  0.67329830802071911      -0.64771236890264916      -0.35656426570642452     
       1440                   713                   713             1.1613712E-01         1.0000000E+30              1954       
 NEXT SEEDS:1ED81FB7       A       0       0       0       0      43    3039       0       0
       1480                   673                   673             1.1501285E-01         1.0000000E+30              1957       
 NEXT SEEDS:2109B44F       A       0       0       0       0      43    3039       0       0
       1520                   633                   633             1.1366411E-01         1.0000000E+30              1957       
 NEXT SEEDS:22E75022       A       0       0       0       0      43    3039       0       0
       1560                   593                   593             1.1163091E-01         1.0000000E+30              1960       
 NEXT SEEDS:23E8BE13       A       0       0       0       0      43    3039       0       0
       1600                   553                   553             1.1079810E-01         1.0000000E+30              1962       
 NEXT SEEDS:26343504       A       0       0       0       0      43    3039       0       0
  Comptn_2: TXYZ:  0.99999999999858757       U,V,W  0.46073315007252802       0.55645369724116733      -0.69143636529290831     
       1640                   513                   513             1.0978386E-01         1.0000000E+30              1963       
 NEXT SEEDS:28379BAB       A       0       0       0       0      43    3039       0       0
  Comptn_2: TXYZ:   1.0000000000019198       U,V,W -0.70276917741330180       0.45378826353682200      -0.54789752249484280     
       1680                   473                   473             1.0987206E-01         1.0000000E+30              1972       
 NEXT SEEDS:2B88FDD5       A       0       0       0       0      43    3039       0       0
       1720                   433                   433             1.0881815E-01         1.0000000E+30              1973       
 NEXT SEEDS:2D721E49       A       0       0       0       0      43    3039       0       0
       1760                   393                   393             1.0895624E-01         1.0000000E+30              1978       
 NEXT SEEDS:30C30B37       A       0       0       0       0      43    3039       0       0
  Comptn_2: TXYZ:  0.99999999999756528       U,V,W -0.18197914379241809       0.37079185451620855       0.91071235406497841     
       1800                   353                   353             1.1308409E-01         1.0000000E+30              1980       
 NEXT SEEDS:38E35075       A       0       0       0       0      43    3039       0       0
       1840                   313                   313             1.1133511E-01         1.0000000E+30              1989       
 NEXT SEEDS:39D6ABED       A       0       0       0       0      43    3039       0       0
       1880                   273                   273             1.1144534E-01         1.0000000E+30              2019       
 NEXT SEEDS: 1B0D158       B       0       0       0       0      43    3039       0       0
  Comptn_2: TXYZ:   1.0000000000020153       U,V,W  0.47905093574966884      -0.79750133022709946       0.36674491031967804     
       1920                   233                   233             1.1024878E-01         1.0000000E+30              2019       
 NEXT SEEDS: 34398E3       B       0       0       0       0      43    3039       0       0
       1960                   193                   193             1.0926102E-01         1.0000000E+30              2022       
 NEXT SEEDS: 5162F6D       B       0       0       0       0      43    3039       0       0
       2000                   153                   153             1.0839991E-01         1.0000000E+30              2025       
 NEXT SEEDS: 70D92ED       B       0       0       0       0      43    3039       0       0
  Comptn_2: TXYZ:   1.0000000000397333       U,V,W  -4.4125965274709245E-002  0.42856860950331566      -0.90243107558234215     
  Comptn_2: TXYZ:   1.0000000000014864       U,V,W  0.53340680708978994       0.22269772305600100      -0.81601648408438088     
       2040                   113                   113             1.0747833E-01         1.0000000E+30              2026       
 NEXT SEEDS: 8DB9254       B       0       0       0       0      43    3039       0       0
  Comptn_2: TXYZ:  0.99999999999880851       U,V,W -0.70732419400106483       0.70372018012373339        6.6860995103070309E-002
  Comptn_2: TXYZ:   1.0000000000025295       U,V,W -0.20456838570710723       0.56032330343383308      -0.80261421068949090     
       2080                    73                    73             1.1081600E-01         1.0000000E+30              2053       
 NEXT SEEDS:1110D354       B       0       0       0       0      43    3039       0       0
       2103                    50                    50             1.1028459E-01         1.0000000E+30              2056       
 NEXT SEEDS:12103967       B       0       0       0       0      43    3039       0       0
       2104                    49                    49             1.1023224E-01         1.0000000E+30              2056       
 NEXT SEEDS:1210396B       B       0       0       0       0      43    3039       0       0
       2105                    48                    48             1.1018007E-01         1.0000000E+30              2056       
 NEXT SEEDS:1210441D       B       0       0       0       0      43    3039       0       0
       2106                    47                    47             1.1020242E-01         1.0000000E+30              2072       
 NEXT SEEDS:122B7DE8       B       0       0       0       0      43    3039       0       0
       2107                    46                    46             1.1015018E-01         1.0000000E+30              2072       
 NEXT SEEDS:122B7DEC       B       0       0       0       0      43    3039       0       0
       2108                    45                    45             1.1009798E-01         1.0000000E+30              2072       
 NEXT SEEDS:122B7DF0       B       0       0       0       0      43    3039       0       0
       2109                    44                    44             1.1004596E-01         1.0000000E+30              2072       
 NEXT SEEDS:122B898A       B       0       0       0       0      43    3039       0       0
       2110                    43                    43             1.1006932E-01         1.0000000E+30              2073       
 NEXT SEEDS:1249BF91       B       0       0       0       0      43    3039       0       0
       2111                    42                    42             1.1001725E-01         1.0000000E+30              2073       
 NEXT SEEDS:1249BF95       B       0       0       0       0      43    3039       0       0
       2112                    41                    41             1.1005294E-01         1.0000000E+30              2073       
 NEXT SEEDS:126C6485       B       0       0       0       0      43    3039       0       0
       2113                    40                    40             1.1001874E-01         1.0000000E+30              2073       
 NEXT SEEDS:1272F01C       B       0       0       0       0      43    3039       0       0
       2114                    39                    39             1.0996675E-01         1.0000000E+30              2073       
 NEXT SEEDS:1272F020       B       0       0       0       0      43    3039       0       0
       2115                    38                    38             1.0991481E-01         1.0000000E+30              2073       
 NEXT SEEDS:1272F024       B       0       0       0       0      43    3039       0       0
       2116                    37                    37             1.0986292E-01         1.0000000E+30              2073       
 NEXT SEEDS:1272F028       B       0       0       0       0      43    3039       0       0
       2117                    36                    36             1.0981108E-01         1.0000000E+30              2073       
 NEXT SEEDS:1272F03A       B       0       0       0       0      43    3039       0       0
       2118                    35                    35             1.0981797E-01         1.0000000E+30              2073       
 NEXT SEEDS:1287E1FB       B       0       0       0       0      43    3039       0       0
       2119                    34                    34             1.0976621E-01         1.0000000E+30              2073       
 NEXT SEEDS:1287E1FF       B       0       0       0       0      43    3039       0       0
       2120                    33                    33             1.0971448E-01         1.0000000E+30              2073       
 NEXT SEEDS:1287E203       B       0       0       0       0      43    3039       0       0
       2121                    32                    32             1.0968085E-01         1.0000000E+30              2073       
 NEXT SEEDS:128F38FF       B       0       0       0       0      43    3039       0       0
       2122                    31                    31             1.0973048E-01         1.0000000E+30              2073       
 NEXT SEEDS:12B7550B       B       0       0       0       0      43    3039       0       0
       2123                    30                    30             1.0967886E-01         1.0000000E+30              2073       
 NEXT SEEDS:12B7550F       B       0       0       0       0      43    3039       0       0
       2124                    29                    29             1.0962728E-01         1.0000000E+30              2073       
 NEXT SEEDS:12B75524       B       0       0       0       0      43    3039       0       0
       2125                    28                    28             1.0957574E-01         1.0000000E+30              2073       
 NEXT SEEDS:12B75528       B       0       0       0       0      43    3039       0       0
       2126                    27                    27             1.0952425E-01         1.0000000E+30              2073       
 NEXT SEEDS:12B7552C       B       0       0       0       0      43    3039       0       0
       2127                    26                    26             1.0947280E-01         1.0000000E+30              2073       
 NEXT SEEDS:12B75543       B       0       0       0       0      43    3039       0       0
       2128                    25                    25             1.0952424E-01         1.0000000E+30              2073       
 NEXT SEEDS:12E1FA0C       B       0       0       0       0      43    3039       0       0
       2129                    24                    24             1.0956571E-01         1.0000000E+30              2073       
 NEXT SEEDS:1303624E       B       0       0       0       0      43    3039       0       0
       2130                    23                    23             1.0951471E-01         1.0000000E+30              2073       
 NEXT SEEDS:13038262       B       0       0       0       0      43    3039       0       0
       2131                    22                    22             1.0953265E-01         1.0000000E+30              2073       
 NEXT SEEDS:131F8E47       B       0       0       0       0      43    3039       0       0
       2132                    21                    21             1.0948179E-01         1.0000000E+30              2073       
 NEXT SEEDS:131FB252       B       0       0       0       0      43    3039       0       0
       2133                    20                    20             1.0951827E-01         1.0000000E+30              2073       
 NEXT SEEDS:13444B45       B       0       0       0       0      43    3039       0       0
       2134                    19                    19             1.0955990E-01         1.0000000E+30              2073       
 NEXT SEEDS:1369C684       B       0       0       0       0      43    3039       0       0
       2135                    18                    18             1.0950865E-01         1.0000000E+30              2073       
 NEXT SEEDS:1369C699       B       0       0       0       0      43    3039       0       0
       2136                    17                    17             1.0945743E-01         1.0000000E+30              2073       
 NEXT SEEDS:1369C69D       B       0       0       0       0      43    3039       0       0
       2137                    16                    16             1.0941904E-01         1.0000000E+30              2073       
 NEXT SEEDS:136E940A       B       0       0       0       0      43    3039       0       0
       2138                    15                    15             1.0940611E-01         1.0000000E+30              2074       
 NEXT SEEDS:137E6FB0       B       0       0       0       0      43    3039       0       0
       2139                    14                    14             1.0935501E-01         1.0000000E+30              2074       
 NEXT SEEDS:137E6FB4       B       0       0       0       0      43    3039       0       0
       2140                    13                    13             1.0932968E-01         1.0000000E+30              2074       
 NEXT SEEDS:138926F6       B       0       0       0       0      43    3039       0       0
       2141                    12                    12             1.0927867E-01         1.0000000E+30              2074       
 NEXT SEEDS:138926FA       B       0       0       0       0      43    3039       0       0
       2142                    11                    11             1.0922771E-01         1.0000000E+30              2074       
 NEXT SEEDS:13892711       B       0       0       0       0      43    3039       0       0
       2143                    10                    10             1.0918147E-01         1.0000000E+30              2074       
 NEXT SEEDS:138AC013       B       0       0       0       0      43    3039       0       0
       2144                     9                     9             1.0913061E-01         1.0000000E+30              2074       
 NEXT SEEDS:138AC029       B       0       0       0       0      43    3039       0       0
       2145                     8                     8             1.0907979E-01         1.0000000E+30              2074       
 NEXT SEEDS:138AC02D       B       0       0       0       0      43    3039       0       0
       2146                     7                     7             1.0903593E-01         1.0000000E+30              2083       
 NEXT SEEDS:138D7E3F       B       0       0       0       0      43    3039       0       0
       2147                     6                     6             1.0902607E-01         1.0000000E+30              2083       
 NEXT SEEDS:139E7A59       B       0       0       0       0      43    3039       0       0
       2148                     5                     5             1.0900111E-01         1.0000000E+30              2084       
 NEXT SEEDS:13A8AE2D       B       0       0       0       0      43    3039       0       0
       2149                     4                     4             1.0895045E-01         1.0000000E+30              2084       
 NEXT SEEDS:13A8AE31       B       0       0       0       0      43    3039       0       0
       2150                     3                     3             1.0889982E-01         1.0000000E+30              2084       
 NEXT SEEDS:13A8AE35       B       0       0       0       0      43    3039       0       0
       2151                     2                     2             1.0884951E-01         1.0000000E+30              2084       
 NEXT SEEDS:13A8C2CE       B       0       0       0       0      43    3039       0       0
       2152                     1                     1             1.0881979E-01         1.0000000E+30              2084       
 NEXT SEEDS:13B10965       B       0       0       0       0      43    3039       0       0
       2153                     0                     1             1.0876931E-01         1.0000000E+30              2084       
 NEXT SEEDS:13B10979       B       0       0       0       0      43    3039       0       0
