1NUMBER OF BEAM       NUMBER OF BEAM        APPROXIMATE NUMBER    AVERAGE TIME USED     TIME LEFT (RESERVED   NUMBER OF STARS
 PARTICLES HANDLED    PARTICLES LEFT        OF BEAM PARTICLES     BY A BEAM PARTICLE     10000.0 SECONDS      CREATED
                                            THAT CAN STILL BE                           FOR PRINTOUT)
                                            HANDLED

 NEXT SEEDS:111B1464       7       0       0       0       0       D    3039       0       0
          1                  2152                  2152             4.2719841E-03         1.0000000E+30                 0       
 NEXT SEEDS:111B643E       7       0       0       0       0       D    3039       0       0
  Comptn_2: TXYZ:   1.0000000000013802       U,V,W  0.41727169467797154      -0.44918325958209238      -0.79001185569152099     
         40                  2113                  2113             8.1450671E-02         1.0000000E+30                 1       
 NEXT SEEDS:13670001       7       0       0       0       0       D    3039       0       0
  Comptn_2: TXYZ:   1.0000000000017142       U,V,W  0.80412412687579859      -0.15844443624053639       0.57295702212501709     
  Comptn_2: TXYZ:   1.0000000000015898       U,V,W  0.89664548876234873      -0.39181646704328443      -0.20617158785205447     
         80                  2073                  2073             1.6694202E-01         1.0000000E+30                 7       
 NEXT SEEDS:1AD22EBF       7       0       0       0       0       D    3039       0       0
        120                  2033                  2033             1.7457895E-01         1.0000000E+30                 8       
 NEXT SEEDS:203E9335       7       0       0       0       0       D    3039       0       0
        160                  1993                  1993             1.5149250E-01         1.0000000E+30                11       
 NEXT SEEDS:228F533C       7       0       0       0       0       D    3039       0       0
        200                  1953                  1953             1.2807123E-01         1.0000000E+30                12       
 NEXT SEEDS:23878FAE       7       0       0       0       0       D    3039       0       0
        240                  1913                  1913             1.1809239E-01         1.0000000E+30                15       
 NEXT SEEDS:2579C027       7       0       0       0       0       D    3039       0       0
        280                  1873                  1873             1.1518470E-01         1.0000000E+30                17       
 NEXT SEEDS:281789D8       7       0       0       0       0       D    3039       0       0
        320                  1833                  1833             1.0754837E-01         1.0000000E+30                20       
 NEXT SEEDS:29A14280       7       0       0       0       0       D    3039       0       0
  Comptn_2: TXYZ:   1.0000000000010354       U,V,W  -1.9070647922106332E-002  0.99568199481650088        9.0849741810860252E-002
        360                  1793                  1793             1.0813893E-01         1.0000000E+30                41       
 NEXT SEEDS:2CD31F73       7       0       0       0       0       D    3039       0       0
        400                  1753                  1753             1.0109190E-01         1.0000000E+30                50       
 NEXT SEEDS:2DDFC6E5       7       0       0       0       0       D    3039       0       0
  Comptn_2: TXYZ:  0.99999999999649369       U,V,W  0.31958177026480428      -0.83353039642626925       0.45066014949668443     
  Comptn_2: TXYZ:   1.0000000000019809       U,V,W -0.28992137137996110      -0.74623730631949314      -0.59922907228886224     
        440                  1713                  1713             9.8900969E-02         1.0000000E+30                51       
 NEXT SEEDS:30093AAE       7       0       0       0       0       D    3039       0       0
  *** Kaon: P_min > 1.5 GeV/c:           15   9.8401067979182688     
  *** Kaon: P_min > 1.5 GeV/c:           15   8.9518252416526227     
  *** Kaon: P_min > 1.5 GeV/c:           15   2.7613341439898216     
  *** Kaon: P_min > 1.5 GeV/c:           15   2.6974035858657186     
  *** Kaon: P_min > 1.5 GeV/c:           15   2.6527270687359583     
  *** Kaon: P_min > 1.5 GeV/c:           24   2.6862868692279207     
  *** Kbar: P_min > 1.8 GeV/c:           25   2.6803507425698045     
  *** Kbar: P_min > 1.8 GeV/c:           25   2.5972964397307834     
  *** Kbar: P_min > 1.8 GeV/c:           25   2.3943817391213038     
  *** Kbar: P_min > 1.8 GeV/c:           25   2.4001668881467562     
  *** Kbar: P_min > 1.8 GeV/c:           25   2.4962843079653489     
  *** Kbar: P_min > 1.8 GeV/c:           25   2.8407853526037821     
  *** Kbar: P_min > 1.8 GeV/c:           16   2.3244485838547906     
  *** Kbar: P_min > 1.8 GeV/c:           16   2.1771072032729664     
  *** Kbar: P_min > 1.8 GeV/c:           16   2.6888796721529711     
  *** Kbar: P_min > 1.8 GeV/c:           25   2.6064277737827926     
  *** Kbar: P_min > 1.8 GeV/c:           25   3.0779062637457071     
  *** Kbar: P_min > 1.8 GeV/c:           25   2.0343870717731671     
  Comptn_2: TXYZ:  0.99999999999884570       U,V,W  0.90864607742555492      -0.39879877810062681       0.12378142252957502     
        480                  1673                  1673             1.0008788E-01         1.0000000E+30                94       
 NEXT SEEDS:3342FD22       7       0       0       0       0       D    3039       0       0
  Comptn_2: TXYZ:   1.0000000000013536       U,V,W -0.92246267644055702       0.17580429993351743      -0.34373748515453428     
        520                  1633                  1633             1.0100344E-01         1.0000000E+30                98       
 NEXT SEEDS:366CD31C       7       0       0       0       0       D    3039       0       0
  Comptn_2: TXYZ:  0.99999999999884315       U,V,W  -9.3533758774732689E-002 -0.23443293812929511      -0.96762215429803966     
  *** Kaon: P_min > 1.5 GeV/c:           15   1.5837822204592134     
  *** Kaon: P_min > 1.5 GeV/c:           24   1.8156119391840373     
        560                  1593                  1593             1.0219166E-01         1.0000000E+30               338       
 NEXT SEEDS:39CB38EA       7       0       0       0       0       D    3039       0       0
        600                  1553                  1553             1.0158836E-01         1.0000000E+30               554       
 NEXT SEEDS:  CF5AD3       8       0       0       0       0       D    3039       0       0
  Comptn_2: TXYZ:   1.0000000000046727       U,V,W  0.48291001032836789      -0.54247440192366891       0.68740049839004769     
  Comptn_2: TXYZ:  0.99999999999885658       U,V,W -0.61797236526130561       0.74229152432000589      -0.25906263469455837     
        640                  1513                  1513             1.0717652E-01         1.0000000E+30               625       
 NEXT SEEDS: 6145D96       8       0       0       0       0       D    3039       0       0
  Comptn_2: TXYZ:  0.99999999999897682       U,V,W  0.61623499023245643      -0.47920455224316427      -0.62499394710797773     
        680                  1473                  1473             1.0503808E-01         1.0000000E+30               628       
 NEXT SEEDS: 811D214       8       0       0       0       0       D    3039       0       0
        720                  1433                  1433             1.1154389E-01         1.0000000E+30               646       
 NEXT SEEDS: DEDB276       8       0       0       0       0       D    3039       0       0
        760                  1393                  1393             1.0945205E-01         1.0000000E+30               736       
 NEXT SEEDS: FEF5A5A       8       0       0       0       0       D    3039       0       0
        800                  1353                  1353             1.0952370E-01         1.0000000E+30               737       
 NEXT SEEDS:1325836D       8       0       0       0       0       D    3039       0       0
  Comptn_2: TXYZ:  0.99999999999856981       U,V,W  0.58267770989293410      -0.55753451507911933       0.59130529414845157     
  Comptn_2: TXYZ:  0.99999999999836753       U,V,W -0.22610916429888306      -0.97410126856104640        1.1680779890212989E-003
  Comptn_2: TXYZ:   1.0000000000020648       U,V,W  0.34948856771250547       0.84188683609252379      -0.41119860925645924     
        840                  1313                  1313             1.1152370E-01         1.0000000E+30               738       
 NEXT SEEDS:176BE4CD       8       0       0       0       0       D    3039       0       0
        880                  1273                  1273             1.1191585E-01         1.0000000E+30              1118       
 NEXT SEEDS:1AE8A639       8       0       0       0       0       D    3039       0       0
  Comptn_2: TXYZ:  0.99999999999777889       U,V,W  0.32856209214553722       0.93383634039877705       0.14140947971527851     
  Comptn_2: TXYZ:  0.99999999996852795       U,V,W -0.24392473704762097      -0.96895377535139460        4.0364636218551908E-002
        920                  1233                  1233             1.1029180E-01         1.0000000E+30              1375       
 NEXT SEEDS:1D097048       8       0       0       0       0       D    3039       0       0
  Comptn_2: TXYZ:  0.99999999999871370       U,V,W  0.53037305500857101      -0.82074852274162780      -0.21231176353896331     
        960                  1193                  1193             1.0866903E-01         1.0000000E+30              1379       
 NEXT SEEDS:1F0DBA3A       8       0       0       0       0       D    3039       0       0
       1000                  1153                  1153             1.0759644E-01         1.0000000E+30              1382       
 NEXT SEEDS:21645A5C       8       0       0       0       0       D    3039       0       0
  Comptn_2: TXYZ:   1.0000000000013318       U,V,W  0.76251181515388566       0.62877818848613032      -0.15236049828009435     
  Comptn_2: TXYZ:  0.99999999999872913       U,V,W  -5.1045144455983404E-003  0.99913469889265338        4.1277080803887145E-002
  *** Hhflev: call to Hadriv !! ***  0.82205250458462309        3.5000000000000000        1.5713413916825165               13 T F T
       1040                  1113                  1113             1.1216531E-01         1.0000000E+30              1769       
 NEXT SEEDS:27D52EE4       8       0       0       0       0       D    3039       0       0
       1080                  1073                  1073             1.1066919E-01         1.0000000E+30              1770       
 NEXT SEEDS:29DB8443       8       0       0       0       0       D    3039       0       0
       1120                  1033                  1033             1.1021038E-01         1.0000000E+30              1776       
 NEXT SEEDS:2CA90392       8       0       0       0       0       D    3039       0       0
       1160                   993                   993             1.0818187E-01         1.0000000E+30              1785       
 NEXT SEEDS:2E2B484B       8       0       0       0       0       D    3039       0       0
  Comptn_2: TXYZ:  0.99999999999586253       U,V,W  0.13621435243489088       0.46897737099432035      -0.87264304024146178     
  Comptn_2: TXYZ:   1.0000000000034657       U,V,W -0.62107647361484908      -0.77812324636921915       -9.3745545949857956E-002
       1200                   953                   953             1.0647603E-01         1.0000000E+30              1789       
 NEXT SEEDS:2FCC0CD1       8       0       0       0       0       D    3039       0       0
  Comptn_2: TXYZ:  0.99999999999899303       U,V,W -0.72989728837954115       -4.9131754935963556E-002 -0.68178883759716857     
  Comptn_2: TXYZ:  0.99999999999882216       U,V,W  -4.7257150324995223E-002  0.99605772657707004        7.5071746137290063E-002
       1240                   913                   913             1.0915952E-01         1.0000000E+30              1789       
 NEXT SEEDS:34C8238F       8       0       0       0       0       D    3039       0       0
       1280                   873                   873             1.0725387E-01         1.0000000E+30              1841       
 NEXT SEEDS:36239B66       8       0       0       0       0       D    3039       0       0
  Comptn_2: TXYZ:   1.0000000000030238       U,V,W -0.11500924564956794        5.9591236519821678E-002  0.99157539196380817     
       1320                   833                   833             1.0846020E-01         1.0000000E+30              1866       
 NEXT SEEDS:3A438ABA       8       0       0       0       0       D    3039       0       0
  Comptn_2: TXYZ:  0.99999999999860012       U,V,W -0.54623714195116690       0.83730296806581350       -2.3424867551391060E-002
       1360                   793                   793             1.1317072E-01         1.0000000E+30              1941       
 NEXT SEEDS: 67842AA       9       0       0       0       0       D    3039       0       0
       1400                   753                   753             1.1263830E-01         1.0000000E+30              1942       
 NEXT SEEDS: 93027C5       9       0       0       0       0       D    3039       0       0
       1440                   713                   713             1.1419218E-01         1.0000000E+30              1943       
 NEXT SEEDS: E16AC15       9       0       0       0       0       D    3039       0       0
  Comptn_2: TXYZ:  0.99999999999874833       U,V,W -0.48318257511576945       0.86087488851597271       0.15946480936511875     
       1480                   673                   673             1.1334014E-01         1.0000000E+30              1944       
 NEXT SEEDS:107CAD8B       9       0       0       0       0       D    3039       0       0
  *** Hhflev: call to Hadriv !! ***  0.74111403003335108        3.5000000000000000        1.5229557959194433               14 T F T
       1520                   633                   633             1.1211607E-01         1.0000000E+30              2164       
 NEXT SEEDS:127447E6       9       0       0       0       0       D    3039       0       0
  Comptn_2: TXYZ:  0.99999999999888334       U,V,W -0.96262417700969127        7.5259915575131231E-002  0.26017424727078975     
       1560                   593                   593             1.1289115E-01         1.0000000E+30              2224       
 NEXT SEEDS:169EF906       9       0       0       0       0       D    3039       0       0
       1600                   553                   553             1.1261024E-01         1.0000000E+30              2363       
 NEXT SEEDS:1998D5E7       9       0       0       0       0       D    3039       0       0
  Comptn_2: TXYZ:  0.99999999999896028       U,V,W -0.51598396178234651       0.82809091189088058      -0.21914833521175581     
       1640                   513                   513             1.1101486E-01         1.0000000E+30              2454       
 NEXT SEEDS:1AF8D443       9       0       0       0       0       D    3039       0       0
  Comptn_2: TXYZ:   1.0000000000034797       U,V,W -0.41856472950621892       0.86954874031872720       0.26208501564755693     
       1680                   473                   473             1.0993616E-01         1.0000000E+30              2456       
 NEXT SEEDS:1CE2DD74       9       0       0       0       0       D    3039       0       0
       1720                   433                   433             1.0881565E-01         1.0000000E+30              2456       
 NEXT SEEDS:1EA9618C       9       0       0       0       0       D    3039       0       0
  Comptn_2: TXYZ:  0.99999999999899969       U,V,W -0.17514780921980844       0.54046538843016378       0.82293402459342602     
       1760                   393                   393             1.0808654E-01         1.0000000E+30              2679       
 NEXT SEEDS:20E1F733       9       0       0       0       0       D    3039       0       0
       1800                   353                   353             1.0710057E-01         1.0000000E+30              2688       
 NEXT SEEDS:22B6108D       9       0       0       0       0       D    3039       0       0
  Comptn_2: TXYZ:  0.99999999999301992       U,V,W -0.47913732698464173      -0.66212295999555693       0.57621229397658169     
  Comptn_2: TXYZ:   1.0000000000010267       U,V,W -0.70854066744526467      -0.10148431484828535       0.69833448748935467     
  Comptn_2: TXYZ:  0.99999999995822841       U,V,W  0.30062210828003799       0.95337032844800262        2.6671423029924313E-002
       1840                   313                   313             1.0625473E-01         1.0000000E+30              2699       
 NEXT SEEDS:24A8F82F       9       0       0       0       0       D    3039       0       0
       1880                   273                   273             1.0559173E-01         1.0000000E+30              2702       
 NEXT SEEDS:26B6B847       9       0       0       0       0       D    3039       0       0
  Comptn_2: TXYZ:   1.0000000000012168       U,V,W -0.93578166343101365       0.16103201403042533      -0.31365804444459400     
       1920                   233                   233             1.0657755E-01         1.0000000E+30              2704       
 NEXT SEEDS:2B1B3A01       9       0       0       0       0       D    3039       0       0
  Comptn_2: TXYZ:  0.99999999998995337       U,V,W -0.86399512451538429       -1.6821527401759795E-002 -0.50321909842480217     
  Comptn_2: TXYZ:  0.99999999999884492       U,V,W -0.33907909882259890       0.58008509460064772       0.74062584870004144     
       1960                   193                   193             1.0975976E-01         1.0000000E+30              2875       
 NEXT SEEDS:32D0C4DA       9       0       0       0       0       D    3039       0       0
  Comptn_2: TXYZ:   1.0000000000272486       U,V,W  0.93693169133093335      -0.11220990502647510       0.33101048778090814     
  Comptn_2: TXYZ:  0.99999999999660438       U,V,W -0.46533337058303093      -0.41366788879636829       0.78252394979143958     
  Comptn_2: TXYZ:  0.99999999999813904       U,V,W  0.39157734219546825      -0.84340393592440144       0.36788175538411849     
       2000                   153                   153             1.0890662E-01         1.0000000E+30              2883       
 NEXT SEEDS:34BDF0A1       9       0       0       0       0       D    3039       0       0
       2040                   113                   113             1.0808272E-01         1.0000000E+30              2884       
 NEXT SEEDS:36A34E4D       9       0       0       0       0       D    3039       0       0
       2080                    73                    73             1.0752141E-01         1.0000000E+30              2893       
 NEXT SEEDS:38E8766A       9       0       0       0       0       D    3039       0       0
       2103                    50                    50             1.0709757E-01         1.0000000E+30              2981       
 NEXT SEEDS:3A0C73B4       9       0       0       0       0       D    3039       0       0
       2104                    49                    49             1.0704709E-01         1.0000000E+30              2981       
 NEXT SEEDS:3A0C8FB5       9       0       0       0       0       D    3039       0       0
       2105                    48                    48             1.0699730E-01         1.0000000E+30              2981       
 NEXT SEEDS:3A0CD8CC       9       0       0       0       0       D    3039       0       0
       2106                    47                    47             1.0694724E-01         1.0000000E+30              2981       
 NEXT SEEDS:3A0D0F72       9       0       0       0       0       D    3039       0       0
       2107                    46                    46             1.0689654E-01         1.0000000E+30              2981       
 NEXT SEEDS:3A0D0F76       9       0       0       0       0       D    3039       0       0
       2108                    45                    45             1.0692792E-01         1.0000000E+30              2981       
 NEXT SEEDS:3A2C676E       9       0       0       0       0       D    3039       0       0
       2109                    44                    44             1.0687849E-01         1.0000000E+30              2981       
 NEXT SEEDS:3A2CC97A       9       0       0       0       0       D    3039       0       0
       2110                    43                    43             1.0682790E-01         1.0000000E+30              2981       
 NEXT SEEDS:3A2CC97E       9       0       0       0       0       D    3039       0       0
       2111                    42                    42             1.0677984E-01         1.0000000E+30              2981       
 NEXT SEEDS:3A2D8FDA       9       0       0       0       0       D    3039       0       0
       2112                    41                    41             1.0689381E-01         1.0000000E+30              2981       
 NEXT SEEDS:3A61A7CD       9       0       0       0       0       D    3039       0       0
       2113                    40                    40             1.0684328E-01         1.0000000E+30              2981       
 NEXT SEEDS:3A61A7D1       9       0       0       0       0       D    3039       0       0
       2114                    39                    39             1.0679363E-01         1.0000000E+30              2981       
 NEXT SEEDS:3A61EB68       9       0       0       0       0       D    3039       0       0
       2115                    38                    38             1.0674319E-01         1.0000000E+30              2981       
 NEXT SEEDS:3A61EB6C       9       0       0       0       0       D    3039       0       0
       2116                    37                    37             1.0671711E-01         1.0000000E+30              2981       
 NEXT SEEDS:3A6AD2EE       9       0       0       0       0       D    3039       0       0
       2117                    36                    36             1.0670860E-01         1.0000000E+30              2981       
 NEXT SEEDS:3A7B3697       9       0       0       0       0       D    3039       0       0
       2118                    35                    35             1.0665881E-01         1.0000000E+30              2981       
 NEXT SEEDS:3A7B611A       9       0       0       0       0       D    3039       0       0
       2119                    34                    34             1.0666015E-01         1.0000000E+30              2982       
 NEXT SEEDS:3A8DB8AF       9       0       0       0       0       D    3039       0       0
  Comptn_2: TXYZ:   1.0000000000017979       U,V,W  0.22785444530558152       0.97064399784541422        7.7023251054178787E-002
       2120                    33                    33             1.0686081E-01         1.0000000E+30              2982       
 NEXT SEEDS:3AE96FBC       9       0       0       0       0       D    3039       0       0
       2121                    32                    32             1.0681048E-01         1.0000000E+30              2982       
 NEXT SEEDS:3AE96FC0       9       0       0       0       0       D    3039       0       0
       2122                    31                    31             1.0684508E-01         1.0000000E+30              2983       
 NEXT SEEDS:3B08869F       9       0       0       0       0       D    3039       0       0
       2123                    30                    30             1.0679527E-01         1.0000000E+30              2983       
 NEXT SEEDS:3B08ABBC       9       0       0       0       0       D    3039       0       0
       2124                    29                    29             1.0674557E-01         1.0000000E+30              2983       
 NEXT SEEDS:3B08D802       9       0       0       0       0       D    3039       0       0
       2125                    28                    28             1.0669539E-01         1.0000000E+30              2983       
 NEXT SEEDS:3B08D806       9       0       0       0       0       D    3039       0       0
       2126                    27                    27             1.0668719E-01         1.0000000E+30              2983       
 NEXT SEEDS:3B18B5CF       9       0       0       0       0       D    3039       0       0
       2127                    26                    26             1.0663708E-01         1.0000000E+30              2983       
 NEXT SEEDS:3B18B5D3       9       0       0       0       0       D    3039       0       0
       2128                    25                    25             1.0662657E-01         1.0000000E+30              2984       
 NEXT SEEDS:3B28E6D3       9       0       0       0       0       D    3039       0       0
       2129                    24                    24             1.0665516E-01         1.0000000E+30              2984       
 NEXT SEEDS:3B482AD5       9       0       0       0       0       D    3039       0       0
       2130                    23                    23             1.0662605E-01         1.0000000E+30              2984       
 NEXT SEEDS:3B51041A       9       0       0       0       0       D    3039       0       0
       2131                    22                    22             1.0657608E-01         1.0000000E+30              2984       
 NEXT SEEDS:3B51041E       9       0       0       0       0       D    3039       0       0
       2132                    21                    21             1.0652826E-01         1.0000000E+30              2984       
 NEXT SEEDS:3B51AF34       9       0       0       0       0       D    3039       0       0
       2133                    20                    20             1.0647837E-01         1.0000000E+30              2984       
 NEXT SEEDS:3B51AF38       9       0       0       0       0       D    3039       0       0
       2134                    19                    19             1.0642852E-01         1.0000000E+30              2984       
 NEXT SEEDS:3B51AF3C       9       0       0       0       0       D    3039       0       0
       2135                    18                    18             1.0639997E-01         1.0000000E+30              2984       
 NEXT SEEDS:3B5A6415       9       0       0       0       0       D    3039       0       0
       2136                    17                    17             1.0635022E-01         1.0000000E+30              2984       
 NEXT SEEDS:3B5A6419       9       0       0       0       0       D    3039       0       0
       2137                    16                    16             1.0630050E-01         1.0000000E+30              2984       
 NEXT SEEDS:3B5A641D       9       0       0       0       0       D    3039       0       0
       2138                    15                    15             1.0625144E-01         1.0000000E+30              2984       
 NEXT SEEDS:3B5A90D4       9       0       0       0       0       D    3039       0       0
       2139                    14                    14             1.0620182E-01         1.0000000E+30              2984       
 NEXT SEEDS:3B5A90D8       9       0       0       0       0       D    3039       0       0
       2140                    13                    13             1.0615311E-01         1.0000000E+30              2984       
 NEXT SEEDS:3B5ACF08       9       0       0       0       0       D    3039       0       0
       2141                    12                    12             1.0610608E-01         1.0000000E+30              2984       
 NEXT SEEDS:3B5BA127       9       0       0       0       0       D    3039       0       0
       2142                    11                    11             1.0605660E-01         1.0000000E+30              2984       
 NEXT SEEDS:3B5BA12B       9       0       0       0       0       D    3039       0       0
       2143                    10                    10             1.0600717E-01         1.0000000E+30              2984       
 NEXT SEEDS:3B5BA12F       9       0       0       0       0       D    3039       0       0
       2144                     9                     9             1.0595851E-01         1.0000000E+30              2984       
 NEXT SEEDS:3B5BD98D       9       0       0       0       0       D    3039       0       0
       2145                     8                     8             1.0590998E-01         1.0000000E+30              2984       
 NEXT SEEDS:3B5C16CA       9       0       0       0       0       D    3039       0       0
       2146                     7                     7             1.0590423E-01         1.0000000E+30              2984       
 NEXT SEEDS:3B6E01EE       9       0       0       0       0       D    3039       0       0
       2147                     6                     6             1.0594322E-01         1.0000000E+30              2984       
 NEXT SEEDS:3B917E62       9       0       0       0       0       D    3039       0       0
       2148                     5                     5             1.0589396E-01         1.0000000E+30              2984       
 NEXT SEEDS:3B917E7A       9       0       0       0       0       D    3039       0       0
       2149                     4                     4             1.0584499E-01         1.0000000E+30              2984       
 NEXT SEEDS:3B9192EC       9       0       0       0       0       D    3039       0       0
       2150                     3                     3             1.0586609E-01         1.0000000E+30              2984       
 NEXT SEEDS:  130858       A       0       0       0       0       D    3039       0       0
       2151                     2                     2             1.0581750E-01         1.0000000E+30              2984       
 NEXT SEEDS:  1334A5       A       0       0       0       0       D    3039       0       0
       2152                     1                     1             1.0583234E-01         1.0000000E+30              2984       
 NEXT SEEDS:  2D5A4C       A       0       0       0       0       D    3039       0       0
       2153                     0                     1             1.0578324E-01         1.0000000E+30              2984       
 NEXT SEEDS:  2D5A50       A       0       0       0       0       D    3039       0       0
