1NUMBER OF BEAM       NUMBER OF BEAM        APPROXIMATE NUMBER    AVERAGE TIME USED     TIME LEFT (RESERVED   NUMBER OF STARS
 PARTICLES HANDLED    PARTICLES LEFT        OF BEAM PARTICLES     BY A BEAM PARTICLE     10000.0 SECONDS      CREATED
                                            THAT CAN STILL BE                           FOR PRINTOUT)
                                            HANDLED

 NEXT SEEDS:317D977E      23       0       0       0       0      1F    3039       0       0
          1                  2846                  2846             8.2838058E-02         1.0000000E+30                 0       
 NEXT SEEDS:318D98B2      23       0       0       0       0      1F    3039       0       0
  Comptn_2: TXYZ:  0.99999999999330491       U,V,W -0.10519059346843562      -0.29354563511711262       0.95013993661078899     
  Comptn_2: TXYZ:   1.0000000000059022       U,V,W   3.6696697034955150E-002 -0.94748460036309012       0.31768897448199596     
  Comptn_2: TXYZ:   1.0000000000018041       U,V,W -0.26039234969105252      -0.91387523695654238      -0.31149297825440669     
         50                  2797                  2797             2.6662895E-01         1.0000000E+30                46       
 NEXT SEEDS:3ADC473E      23       0       0       0       0      1F    3039       0       0
  Comptn_2: TXYZ:   1.0000000001465481       U,V,W  0.58656325959356082      -0.70142533618448510       0.40490250727799548     
  Comptn_2: TXYZ:  0.99999999999660183       U,V,W -0.95494110939893062       0.15809155870562108       0.25118625886494783     
        100                  2747                  2747             2.9374390E-01         1.0000000E+30                49       
 NEXT SEEDS: A5A8ED0      24       0       0       0       0      1F    3039       0       0
  *** Kaon: P_min > 1.5 GeV/c:           15   1.9149109407934350     
  Comptn_2: TXYZ:  0.99999999999721290       U,V,W  0.52962080845885851       0.82479453967109695       0.19802971133984215     
  Comptn_2: TXYZ:  0.99999999999679146       U,V,W -0.71410043765231990       0.48447263971701204      -0.50531853944535499     
  Comptn_2: TXYZ:   1.0000000000015710       U,V,W -0.33655101685421585      -0.93890964951024714       -7.1986687050518583E-002
  Comptn_2: TXYZ:  0.99999999999841183       U,V,W -0.38072361096998009       0.40860998048157671       0.82951034707183524     
  Comptn_2: TXYZ:   1.0000000000062714       U,V,W  0.95905136043361949      -0.21459314557017173       0.18485202171194715     
  Comptn_2: TXYZ:  0.99999999999845768       U,V,W -0.92559732441707965       0.36526144021040352       -9.9265670429524278E-002
        150                  2697                  2697             3.7106308E-01         1.0000000E+30                64       
 NEXT SEEDS:1CB0520E      24       0       0       0       0      1F    3039       0       0
  Comptn_2: TXYZ:   1.0000000000020290       U,V,W  0.26518516182878216      -0.85525245252662363      -0.44521912851433854     
  Comptn_2: TXYZ:   1.0000000000028053       U,V,W  0.47975724053739555      -0.29448706339633901      -0.82650490600295257     
        200                  2647                  2647             3.2139828E-01         1.0000000E+30               149       
 NEXT SEEDS:22ABD0CF      24       0       0       0       0      1F    3039       0       0
  Comptn_2: TXYZ:  0.99999999999753220       U,V,W  0.51951962202775803       0.51634423897549198      -0.68079952203456173     
  Comptn_2: TXYZ:   1.0000000000021547       U,V,W  0.75714285178004559       -9.7821957353432243E-003  0.65317609466906390     
        250                  2597                  2597             3.5112653E-01         1.0000000E+30               152       
 NEXT SEEDS:33024089      24       0       0       0       0      1F    3039       0       0
  *** Kbar: P_min > 1.8 GeV/c:           25   2.3258326714372153     
  *** Kbar: P_min > 1.8 GeV/c:           25   1.9813983133148179     
  *** Kbar: P_min > 1.8 GeV/c:           25   2.2980863040975446     
  *** Kbar: P_min > 1.8 GeV/c:           25   2.2978070221576288     
  *** Kbar: P_min > 1.8 GeV/c:           25   2.2005837111926088     
  *** Kaon: P_min > 1.5 GeV/c:           15   4.0654082170220347     
  *** Kaon: P_min > 1.5 GeV/c:           15   4.4512864056147086     
  *** Kaon: P_min > 1.5 GeV/c:           15   4.8201358259258855     
  *** Kaon: P_min > 1.5 GeV/c:           15   3.3061952817291504     
  *** Kaon: P_min > 1.5 GeV/c:           15   2.5905982878079818     
  *** Kaon: P_min > 1.5 GeV/c:           15   2.0953784782137803     
  *** Kaon: P_min > 1.5 GeV/c:           15   3.3187539904990859     
  *** Kaon: P_min > 1.5 GeV/c:           15   2.2741149837684249     
  *** Kaon: P_min > 1.5 GeV/c:           15   2.5186579561394384     
  *** Kaon: P_min > 1.5 GeV/c:           15   2.1426544753105139     
  *** Kaon: P_min > 1.5 GeV/c:           15   2.3651475060175318     
  *** Kaon: P_min > 1.5 GeV/c:           15   2.1245467752743994     
  Comptn_2: TXYZ:   1.0000000000035589       U,V,W -0.25814192054901497       0.58818761547993859       0.76641899627739463     
        300                  2547                  2547             3.5094325E-01         1.0000000E+30               221       
 NEXT SEEDS: 3878D08      25       0       0       0       0      1F    3039       0       0
  Comptn_2: TXYZ:   1.0000000000011320       U,V,W  0.79698900927311556       0.60347560517358545        2.5014257121981132E-002
        350                  2497                  2497             3.3136268E-01         1.0000000E+30               222       
 NEXT SEEDS: B1486CD      25       0       0       0       0      1F    3039       0       0
  *** Kbar: P_min > 1.8 GeV/c:           16   9.6299679329260357     
  *** Kaon: P_min > 1.5 GeV/c:           15   11.890481891174591     
  *** Hhflev: call to Hadriv !! ***  0.65634233698953637        3.5000000000000000        1.4707800026322126               13 T F T
        400                  2447                  2447             3.3990305E-01         1.0000000E+30              2552       
 NEXT SEEDS:18E1F37A      25       0       0       0       0      1F    3039       0       0
  Comptn_2: TXYZ:  0.99999999999276690       U,V,W  0.74581970885031268      -0.23009789492894583       0.62514631937848719     
        450                  2397                  2397             3.2627660E-01         1.0000000E+30              2579       
 NEXT SEEDS:2062AD87      25       0       0       0       0      1F    3039       0       0
  Comptn_2: TXYZ:   1.0000000000012861       U,V,W  0.92081285768824894        2.3006107281773325E-003 -0.38999793372217262     
  Comptn_2: TXYZ:   1.0000000000484626       U,V,W  0.23571793320900269       0.43641404009119661      -0.86832012623422372     
        500                  2347                  2347             3.0921541E-01         1.0000000E+30              2589       
 NEXT SEEDS:25CBD82C      25       0       0       0       0      1F    3039       0       0
        550                  2297                  2297             3.0982640E-01         1.0000000E+30              2621       
 NEXT SEEDS:30C70C1F      25       0       0       0       0      1F    3039       0       0
  Comptn_2: TXYZ:   1.0000000000133886       U,V,W  0.31360248241492172       0.94751577645493157        6.2187912053673244E-002
  Comptn_2: TXYZ:   1.0000000000027522       U,V,W -0.68278067229248762       0.72012527742435140      -0.12341044672584189     
  Comptn_2: TXYZ:  0.99999999999804190       U,V,W -0.71532604982271231       -5.8313037301303439E-002 -0.69635352524689154     
        600                  2247                  2247             3.2514563E-01         1.0000000E+30              2622       
 NEXT SEEDS: 66C4FB4      26       0       0       0       0      1F    3039       0       0
  Comptn_2: TXYZ:  0.99999999999876499       U,V,W -0.28364867340849287      -0.81173546605503333      -0.51051832799693386     
  Comptn_2: TXYZ:  0.99999999999830513       U,V,W  0.32920612684295492      -0.68984615716558062      -0.64477562414474576     
  Comptn_2: TXYZ:   1.0000000000020095       U,V,W  0.99854903041581755       -2.2429503752292135E-002  -4.8956625895439032E-002
        650                  2197                  2197             3.2903547E-01         1.0000000E+30              2642       
 NEXT SEEDS:13963587      26       0       0       0       0      1F    3039       0       0
  Comptn_2: TXYZ:   1.0000000000350453       U,V,W  0.57795190900117177       0.77975703680672837       0.24072921398811786     
        700                  2147                  2147             3.3261258E-01         1.0000000E+30              2706       
 NEXT SEEDS:20B0A050      26       0       0       0       0      1F    3039       0       0
  Comptn_2: TXYZ:  0.99999999998771849       U,V,W -0.85922578697024221      -0.42994065382030300      -0.27727618214635186     
  Comptn_2: TXYZ:   1.0000000000011613       U,V,W  0.92085183968092288       -2.2658782352365847E-002 -0.38925373336646274     
        750                  2097                  2097             3.3545434E-01         1.0000000E+30              2720       
 NEXT SEEDS:2E18A2E4      26       0       0       0       0      1F    3039       0       0
  Comptn_2: TXYZ:   1.0000000000010809       U,V,W -0.67677495765884288      -0.50261515439008875      -0.53791603737421667     
        800                  2047                  2047             3.3071593E-01         1.0000000E+30              2726       
 NEXT SEEDS:3719BFC2      26       0       0       0       0      1F    3039       0       0
  Comptn_2: TXYZ:  0.99999999997168210       U,V,W  0.50550606557479227       0.81009118236477917       0.29701160565474538     
        850                  1997                  1997             3.2952198E-01         1.0000000E+30              2728       
 NEXT SEEDS: 638C88E      27       0       0       0       0      1F    3039       0       0
  Comptn_2: TXYZ:   1.0000000000644615       U,V,W  -4.6711356991750108E-002  0.97694218199561078      -0.20833152001102917     
        900                  1947                  1947             3.2175438E-01         1.0000000E+30              2748       
 NEXT SEEDS: CCD6291      27       0       0       0       0      1F    3039       0       0
  Comptn_2: TXYZ:   1.0000000000015496       U,V,W -0.90062739210975451       -8.9778596427024127E-002  0.42521771389104401     
  Comptn_2: TXYZ:  0.99999999998094280       U,V,W  0.84431516923041272       0.50524757515654528      -0.17848468502029391     
        950                  1897                  1897             3.1787369E-01         1.0000000E+30              2753       
 NEXT SEEDS:1533EAC0      27       0       0       0       0      1F    3039       0       0
  Comptn_2: TXYZ:   1.0000000000046811       U,V,W -0.73448533975019359       0.13577082482483149      -0.66490418018170772     
  Comptn_2: TXYZ:  0.99999999999822320       U,V,W  -3.8125884261944520E-002 -0.20209620313237053      -0.97862328892528794     
  Comptn_2: TXYZ:   1.0000000000032183       U,V,W  0.42590734879902925       0.22478262496444756       0.87639928215185847     
  Comptn_2: TXYZ:  0.99999999999676048       U,V,W  0.93545647734544435       0.11722616756838988       0.33343545796216745     
       1000                  1847                  1847             3.2929699E-01         1.0000000E+30              3845       
 NEXT SEEDS:284C4861      27       0       0       0       0      1F    3039       0       0
  Comptn_2: TXYZ:  0.99999999999791545       U,V,W -0.61090479277646370       -7.8320154135852249E-002 -0.78782059354703193     
  Comptn_2: TXYZ:   1.0000000000015097       U,V,W -0.56900377310196149      -0.61276481936254612      -0.54841041415059522     
  Comptn_2: TXYZ:   1.0000000000031699       U,V,W  0.88073560954428842      -0.37843419106644660       0.28476718405691503     
       1050                  1797                  1797             3.2754885E-01         1.0000000E+30              3852       
 NEXT SEEDS:327D1A96      27       0       0       0       0      1F    3039       0       0
  Comptn_2: TXYZ:   1.0000000000021216       U,V,W  0.50121985365780120       0.67108933931829995       0.54627626431568643     
  Comptn_2: TXYZ:   1.0000000000011022       U,V,W  0.33746532651143379       0.15513389305932179      -0.92846681611562865     
  Comptn_2: TXYZ:  0.99999999999893951       U,V,W  0.21341970736450122       0.97363217987869910       -8.0575472769588430E-002
  Comptn_2: TXYZ:  0.99999999999856770       U,V,W  0.32103270274697593      -0.91867899189917068      -0.23014541839598479     
       1100                  1747                  1747             3.3465501E-01         1.0000000E+30              3858       
 NEXT SEEDS: 7DF9DE4      28       0       0       0       0      1F    3039       0       0
       1150                  1697                  1697             3.3245830E-01         1.0000000E+30              3862       
 NEXT SEEDS:11DB628A      28       0       0       0       0      1F    3039       0       0
  Comptn_2: TXYZ:  0.99999999999774436       U,V,W -0.55712181626139201      -0.71598187032302008       0.42069614118993570     
       1200                  1647                  1647             3.2659914E-01         1.0000000E+30              3867       
 NEXT SEEDS:189AB2F7      28       0       0       0       0      1F    3039       0       0
  Comptn_2: TXYZ:   1.0000000000010107       U,V,W -0.66228792060459440       0.39878483538023346       0.63430699609338492     
  Comptn_2: TXYZ:  0.99999999999239941       U,V,W -0.70588820445262002      -0.58557016689701413       0.39853409195106337     
  Comptn_2: TXYZ:  0.99999999999875000       U,V,W  0.77555297012125379       0.42531933746057859       0.46649871566484080     
  Comptn_2: TXYZ:  0.99999999999858757       U,V,W -0.87048437000342105      -0.32523154618847627      -0.36943389522645020     
  Comptn_2: TXYZ:  0.99999999999837641       U,V,W  0.23405586964447167       0.71158643729391691       0.66246704985432814     
  Comptn_2: TXYZ:   1.0000000000012619       U,V,W  0.94028604059508680      -0.25045073067141477       0.23051375960977083     
       1250                  1597                  1597             3.2947509E-01         1.0000000E+30              4399       
 NEXT SEEDS:26A03C42      28       0       0       0       0      1F    3039       0       0
  Comptn_2: TXYZ:   1.0000000000327871       U,V,W  0.40537313440503908       0.85021248150681572       0.33587402136134870     
  Comptn_2: TXYZ:  0.99999999999861655       U,V,W  0.10896559992393406       0.93130382536090828       0.34756248776295262     
       1300                  1547                  1547             3.2571535E-01         1.0000000E+30              4403       
 NEXT SEEDS:2E9F3AC9      28       0       0       0       0      1F    3039       0       0
  Comptn_2: TXYZ:  0.99999999999828226       U,V,W  0.48648909706470533       0.49615443082439992      -0.71913777484482466     
       1350                  1497                  1497             3.2533232E-01         1.0000000E+30              4675       
 NEXT SEEDS:39C402D6      28       0       0       0       0      1F    3039       0       0
       1400                  1447                  1447             3.2576941E-01         1.0000000E+30              4717       
 NEXT SEEDS: A043559      29       0       0       0       0      1F    3039       0       0
  *** Hhflev: call to Hadriv !! ***  0.86950265967977736        3.5000000000000000        1.5990897755448223               13 T F T
  *** Hhflev: call to Hadriv !! ***  0.76905477979716486        3.5000000000000000        1.5383671090712518               14 T F T
  Comptn_2: TXYZ:  0.99999999999574940       U,V,W  0.51530071718497439      -0.59919489737221454       0.61272395565009674     
       1450                  1397                  1397             3.2406169E-01         1.0000000E+30              6384       
 NEXT SEEDS:13A65E8A      29       0       0       0       0      1F    3039       0       0
  Comptn_2: TXYZ:  0.99999999999702660       U,V,W -0.63207448970452873      -0.77462197091971774        2.1039050126802294E-002
       1500                  1347                  1347             3.2183559E-01         1.0000000E+30              6396       
 NEXT SEEDS:1CCCB322      29       0       0       0       0      1F    3039       0       0
       1550                  1297                  1297             3.2192365E-01         1.0000000E+30              6467       
 NEXT SEEDS:282200BC      29       0       0       0       0      1F    3039       0       0
  Comptn_2: TXYZ:   1.0000000000010136       U,V,W  0.95231288923406865      -0.28094583679144591      -0.11903611968318017     
       1600                  1247                  1247             3.1764530E-01         1.0000000E+30              6470       
 NEXT SEEDS:2E9DF6BF      29       0       0       0       0      1F    3039       0       0
  Comptn_2: TXYZ:   1.0000000000053428       U,V,W -0.29385553386778440       0.22342055590880250       0.92937192792660994     
       1650                  1197                  1197             3.2269168E-01         1.0000000E+30              7912       
 NEXT SEEDS: 3F1ACBD      2A       0       0       0       0      1F    3039       0       0
  Comptn_2: TXYZ:   1.0000000000064759       U,V,W -0.61068599791906308      -0.78459794807472605       0.10709188498202593     
       1700                  1147                  1147             3.2241009E-01         1.0000000E+30              7919       
 NEXT SEEDS: ECB40AD      2A       0       0       0       0      1F    3039       0       0
  Comptn_2: TXYZ:  0.99999999999870792       U,V,W  0.10401285115204750       0.95423883106797014      -0.28037400035660198     
  Comptn_2: TXYZ:  0.99999999999853673       U,V,W   3.4180511224906951E-002  0.96521339389322414      -0.25921959204517009     
       1750                  1097                  1097             3.2205883E-01         1.0000000E+30              7924       
 NEXT SEEDS:19F3EA26      2A       0       0       0       0      1F    3039       0       0
       1800                  1047                  1047             3.1884609E-01         1.0000000E+30              7934       
 NEXT SEEDS:216C552C      2A       0       0       0       0      1F    3039       0       0
  Comptn_2: TXYZ:  0.99999999999882616       U,V,W  0.89338220549804603       0.44908387263264871       -1.3853167130161381E-002
  Comptn_2: TXYZ:  0.99999999999805422       U,V,W  0.51201005800348298      -0.10737210054327306      -0.85224229684183683     
       1850                   997                   997             3.1855769E-01         1.0000000E+30              7944       
 NEXT SEEDS:2C9C0E5C      2A       0       0       0       0      1F    3039       0       0
  Comptn_2: TXYZ:   1.0000000000247002       U,V,W -0.77901364990043476       0.34902485788248327       0.52088327087133024     
  Comptn_2: TXYZ:  0.99999999999801936       U,V,W  0.21465749396964640      -0.46581880742546389      -0.85844918249679125     
  Eventv: ekin+am < pla,ij,igreyt   4.8200012339477185        4.8703483676331709               30          24
       1900                   947                   947             3.1957121E-01         1.0000000E+30              8013       
 NEXT SEEDS:395C14D7      2A       0       0       0       0      1F    3039       0       0
  Comptn_2: TXYZ:   1.0000000000010021       U,V,W -0.65670039479992681       -9.7134762709044864E-002 -0.74786992809183062     
  Comptn_2: TXYZ:  0.99999999999863309       U,V,W  0.31070077198075707        4.9364683630756190E-002  0.94922503037964079     
  Comptn_2: TXYZ:   1.0000000000014420       U,V,W -0.81893145502029085      -0.55779959899589926       0.13494769112439542     
       1950                   897                   897             3.1891366E-01         1.0000000E+30              8049       
 NEXT SEEDS: 87FCC58      2B       0       0       0       0      1F    3039       0       0
  Comptn_2: TXYZ:   1.0000000000011200       U,V,W  -2.4272492014254965E-002  0.87655620178892946      -0.48068708245375547     
  Comptn_2: TXYZ:   1.0000000000017173       U,V,W   5.9312014415695558E-003  0.91723206532055368       0.39830912517662487     
  Comptn_2: TXYZ:  0.99999999999870726       U,V,W  0.40286798065298579        9.5006123791748109E-002  0.91031380666523987     
  Comptn_2: TXYZ:   1.0000000000010065       U,V,W  0.76477029418627751       0.20653810727537092       0.61030189855050310     
       2000                   847                   847             3.1901406E-01         1.0000000E+30              8269       
 NEXT SEEDS:14AEBA64      2B       0       0       0       0      1F    3039       0       0
  Comptn_2: TXYZ:   1.0000000000014646       U,V,W -0.83682378097411458       0.20415790824976909      -0.50798179898174567     
  Comptn_2: TXYZ:   1.0000000000018083       U,V,W -0.36629174995373148      -0.60148675565732646       0.70996058812194995     
  Comptn_2: TXYZ:   1.0000000000118314       U,V,W   1.5426615073437233E-002  0.96259899918493019      -0.27049063999957212     
  Comptn_2: TXYZ:  0.99999999998947220       U,V,W  0.48428836682904830      -0.81151393532726956      -0.32697080987937355     
  Comptn_2: TXYZ:  0.99999999999771183       U,V,W  0.67934040727608647      -0.71444475220681980       0.16752703388948476     
       2050                   797                   797             3.2114639E-01         1.0000000E+30              8315       
 NEXT SEEDS:236C9298      2B       0       0       0       0      1F    3039       0       0
  Comptn_2: TXYZ:  0.99999999999764633       U,V,W  0.83972127910825023       0.38463786052491855       0.38330391292193156     
  Comptn_2: TXYZ:   1.0000000000021305       U,V,W  0.34890677163966899      -0.90550593250930111       0.24150169957285073     
       2100                   747                   747             3.1839262E-01         1.0000000E+30              8319       
 NEXT SEEDS:2AEC9789      2B       0       0       0       0      1F    3039       0       0
  Comptn_2: TXYZ:   1.0000000000042786       U,V,W  0.31725975654836702      -0.39376485144217099      -0.86272561608420695     
  Comptn_2: TXYZ:  0.99999999999846478       U,V,W  0.75761048281400889       0.57202748074446674      -0.31434203918968251     
       2150                   697                   697             3.1668877E-01         1.0000000E+30              8623       
 NEXT SEEDS:33D6BE41      2B       0       0       0       0      1F    3039       0       0
  Comptn_2: TXYZ:   1.0000000000024687       U,V,W  0.42263037583875018       0.89235742721258760      -0.15837230666816993     
       2200                   647                   647             3.1504624E-01         1.0000000E+30              8630       
 NEXT SEEDS: 1408119      2C       0       0       0       0      1F    3039       0       0
  Comptn_2: TXYZ:   1.0000000000010170       U,V,W  0.78616530912884031        8.7164631040408835E-002 -0.61183856843040019     
  Comptn_2: TXYZ:  0.99999999999733413       U,V,W  0.46298572142041472       0.64940825812998071       0.60325213305112868     
  Comptn_2: TXYZ:  0.99999999999758216       U,V,W -0.62923079010971517      -0.61793972068808500       0.47140122440593757     
  Comptn_2: TXYZ:   1.0000000000033382       U,V,W  0.29848733511433068       0.59252398064428746       0.74821162991571555     
  Comptn_2: TXYZ:  0.99999999999865241       U,V,W  -7.4531518428742061E-002  0.97822318023831012       0.19371231866818661     
       2250                   597                   597             3.2007649E-01         1.0000000E+30              8635       
 NEXT SEEDS:149C3608      2C       0       0       0       0      1F    3039       0       0
  Comptn_2: TXYZ:  0.99999999999866718       U,V,W -0.44048264034308460        3.7765735040903380E-002 -0.89696643906663098     
       2300                   547                   547             3.1630063E-01         1.0000000E+30              8638       
 NEXT SEEDS:19EA248E      2C       0       0       0       0      1F    3039       0       0
  Comptn_2: TXYZ:  0.99999999999876255       U,V,W -0.11956306201527411       -5.5607816849870630E-002 -0.99126809940877525     
       2350                   497                   497             3.1367844E-01         1.0000000E+30              8647       
 NEXT SEEDS:20F742A1      2C       0       0       0       0      1F    3039       0       0
  Comptn_2: TXYZ:  0.99999999999888545       U,V,W  0.95284574787569198        3.4619431187792316E-002 -0.30147383922710835     
  Comptn_2: TXYZ:   1.0000000000054310       U,V,W -0.19404662990865518      -0.72646330632822753      -0.65923969084482792     
       2400                   447                   447             3.1122217E-01         1.0000000E+30              8661       
 NEXT SEEDS:28109A89      2C       0       0       0       0      1F    3039       0       0
  Comptn_2: TXYZ:  0.99999999999844613       U,V,W -0.41731217889949868       0.30082185033501219       0.85752945121530288     
       2450                   397                   397             3.1019339E-01         1.0000000E+30              8663       
 NEXT SEEDS:31A00FFB      2C       0       0       0       0      1F    3039       0       0
  Comptn_2: TXYZ:   1.0000000000020175       U,V,W -0.66635785214441512      -0.71993607329017806      -0.19405994760129808     
       2500                   347                   347             3.0821460E-01         1.0000000E+30              8667       
 NEXT SEEDS:395398F9      2C       0       0       0       0      1F    3039       0       0
  Comptn_2: TXYZ:  0.99999999999892808       U,V,W -0.29748508271081420      -0.74844424464150450      -0.59273420537916977     
       2550                   297                   297             3.0701825E-01         1.0000000E+30              8669       
 NEXT SEEDS: 6CE7CFD      2D       0       0       0       0      1F    3039       0       0
  Comptn_2: TXYZ:   1.0000000000084166       U,V,W  0.93946658700275165        1.7701157177242521E-002  0.34218299336525249     
  Comptn_2: TXYZ:  0.99999999999892397       U,V,W -0.74674908346526081       0.40546393553142224       0.52722367485355548     
       2600                   247                   247             3.0755716E-01         1.0000000E+30              8728       
 NEXT SEEDS:12F85AA6      2D       0       0       0       0      1F    3039       0       0
  Comptn_2: TXYZ:  0.99999999997286082       U,V,W -0.66401654017968781      -0.47918882957971221       0.57398614961223871     
  Comptn_2: TXYZ:   1.0000000000011813       U,V,W  0.11337459577663367       0.39971222692781083      -0.90960229588434771     
       2650                   197                   197             3.0432011E-01         1.0000000E+30              8732       
 NEXT SEEDS:17EB962F      2D       0       0       0       0      1F    3039       0       0
  Comptn_2: TXYZ:  0.99999999999886535       U,V,W  0.88649885176076282      -0.28767527998245868      -0.36243995242347182     
       2700                   147                   147             3.0132177E-01         1.0000000E+30              8743       
 NEXT SEEDS:1D13B0AD      2D       0       0       0       0      1F    3039       0       0
  Comptn_2: TXYZ:  0.99999999998593425       U,V,W   6.9147174625641128E-003 -0.31836164693783076      -0.94794411672175016     
  Comptn_2: TXYZ:   1.0000000000081002       U,V,W -0.73808601286515341       0.52195570529983115      -0.42754096800877051     
       2750                    97                    97             3.0188953E-01         1.0000000E+30              9645       
 NEXT SEEDS:28FEF6A1      2D       0       0       0       0      1F    3039       0       0
  Comptn_2: TXYZ:   1.0000000000011462       U,V,W -0.95677908379327548      -0.28432158672081442       -6.1114811145948522E-002
  Comptn_2: TXYZ:   1.0000000000016960       U,V,W -0.32747879206301889       0.90643594904987523       0.26670491375431027     
  Comptn_2: TXYZ:  0.99999999999893641       U,V,W  0.85688584005257695       0.39671300777286689      -0.32918907421135835     
  Comptn_2: TXYZ:  0.99999999999693123       U,V,W -0.11871854043686625       0.80398940373926564      -0.58267224648892579     
       2797                    50                    50             3.0754053E-01         1.0000000E+30              9654       
 NEXT SEEDS: 3580C6A      2E       0       0       0       0      1F    3039       0       0
       2798                    49                    49             3.0748056E-01         1.0000000E+30              9654       
 NEXT SEEDS: 3736458      2E       0       0       0       0      1F    3039       0       0
       2799                    48                    48             3.0737075E-01         1.0000000E+30              9654       
 NEXT SEEDS: 373645C      2E       0       0       0       0      1F    3039       0       0
       2800                    47                    47             3.0726100E-01         1.0000000E+30              9654       
 NEXT SEEDS: 3736460      2E       0       0       0       0      1F    3039       0       0
       2801                    46                    46             3.0728327E-01         1.0000000E+30              9654       
 NEXT SEEDS: 3B6C92A      2E       0       0       0       0      1F    3039       0       0
       2802                    45                    45             3.0720961E-01         1.0000000E+30              9655       
 NEXT SEEDS: 3C98542      2E       0       0       0       0      1F    3039       0       0
       2803                    44                    44             3.0710005E-01         1.0000000E+30              9655       
 NEXT SEEDS: 3C98546      2E       0       0       0       0      1F    3039       0       0
       2804                    43                    43             3.0700570E-01         1.0000000E+30              9655       
 NEXT SEEDS: 3D1DC88      2E       0       0       0       0      1F    3039       0       0
       2805                    42                    42             3.0689630E-01         1.0000000E+30              9655       
 NEXT SEEDS: 3D1DC8C      2E       0       0       0       0      1F    3039       0       0
       2806                    41                    41             3.0683756E-01         1.0000000E+30              9655       
 NEXT SEEDS: 3EDB65E      2E       0       0       0       0      1F    3039       0       0
       2807                    40                    40             3.0691879E-01         1.0000000E+30              9655       
 NEXT SEEDS: 44F33E2      2E       0       0       0       0      1F    3039       0       0
       2808                    39                    39             3.0680953E-01         1.0000000E+30              9655       
 NEXT SEEDS: 44F33E6      2E       0       0       0       0      1F    3039       0       0
       2809                    38                    38             3.0676541E-01         1.0000000E+30              9655       
 NEXT SEEDS: 4713D04      2E       0       0       0       0      1F    3039       0       0
       2810                    37                    37             3.0674325E-01         1.0000000E+30              9655       
 NEXT SEEDS: 49E92A1      2E       0       0       0       0      1F    3039       0       0
       2811                    36                    36             3.0663417E-01         1.0000000E+30              9655       
 NEXT SEEDS: 49E92A5      2E       0       0       0       0      1F    3039       0       0
       2812                    35                    35             3.0657069E-01         1.0000000E+30              9655       
 NEXT SEEDS: 4B7CA7D      2E       0       0       0       0      1F    3039       0       0
       2813                    34                    34             3.0665225E-01         1.0000000E+30              9655       
 NEXT SEEDS: 51ACB85      2E       0       0       0       0      1F    3039       0       0
  Comptn_2: TXYZ:  0.99999999999889544       U,V,W -0.21820323229658811       0.91596374534365843       0.33674584872012048     
       2814                    33                    33             3.1054945E-01         1.0000000E+30              9658       
 NEXT SEEDS: D16E57D      2E       0       0       0       0      1F    3039       0       0
       2815                    32                    32             3.1043920E-01         1.0000000E+30              9658       
 NEXT SEEDS: D16E581      2E       0       0       0       0      1F    3039       0       0
       2816                    31                    31             3.1032900E-01         1.0000000E+30              9658       
 NEXT SEEDS: D16E585      2E       0       0       0       0      1F    3039       0       0
       2817                    30                    30             3.1036089E-01         1.0000000E+30              9658       
 NEXT SEEDS: D5E2D9B      2E       0       0       0       0      1F    3039       0       0
       2818                    29                    29             3.1032370E-01         1.0000000E+30              9658       
 NEXT SEEDS: D877AEF      2E       0       0       0       0      1F    3039       0       0
       2819                    28                    28             3.1035688E-01         1.0000000E+30              9659       
 NEXT SEEDS: DD21737      2E       0       0       0       0      1F    3039       0       0
  Comptn_2: TXYZ:  0.99999999997879674       U,V,W -0.83365429034215310       0.49966944609502661      -0.23526786608461236     
  Comptn_2: TXYZ:  0.99999999999867362       U,V,W -0.34879343648982797      -0.61618227721193986      -0.70616042080408192     
       2820                    27                    27             3.1077937E-01         1.0000000E+30              9659       
 NEXT SEEDS: EEA773F      2E       0       0       0       0      1F    3039       0       0
  Comptn_2: TXYZ:  0.99999999999574163       U,V,W  0.28731222225708564      -0.80581095790129709       0.51780342511770883     
  Comptn_2: TXYZ:  0.99999999999742673       U,V,W   4.4070961482688631E-002  0.39542155804622481      -0.91744184654053917     
       2821                    26                    26             3.1083318E-01         1.0000000E+30              9659       
 NEXT SEEDS: F41A25C      2E       0       0       0       0      1F    3039       0       0
       2822                    25                    25             3.1080782E-01         1.0000000E+30              9659       
 NEXT SEEDS: F716EE4      2E       0       0       0       0      1F    3039       0       0
       2823                    24                    24             3.1089620E-01         1.0000000E+30              9659       
 NEXT SEEDS: FD89E19      2E       0       0       0       0      1F    3039       0       0
       2824                    23                    23             3.1086502E-01         1.0000000E+30              9660       
 NEXT SEEDS:10027237      2E       0       0       0       0      1F    3039       0       0
       2825                    22                    22             3.1075502E-01         1.0000000E+30              9660       
 NEXT SEEDS:1002723B      2E       0       0       0       0      1F    3039       0       0
       2826                    21                    21             3.1117856E-01         1.0000000E+30              9660       
 NEXT SEEDS:111C8F22      2E       0       0       0       0      1F    3039       0       0
  Comptn_2: TXYZ:   1.0000000000014229       U,V,W -0.23715767232707030      -0.91773730027696487       0.31861338035019315     
       2827                    20                    20             3.1157126E-01         1.0000000E+30              9660       
 NEXT SEEDS:123A5EEB      2E       0       0       0       0      1F    3039       0       0
       2828                    19                    19             3.1153977E-01         1.0000000E+30              9660       
 NEXT SEEDS:12642EB5      2E       0       0       0       0      1F    3039       0       0
       2829                    18                    18             3.1142969E-01         1.0000000E+30              9660       
 NEXT SEEDS:12642EB9      2E       0       0       0       0      1F    3039       0       0
       2830                    17                    17             3.1134188E-01         1.0000000E+30              9660       
 NEXT SEEDS:1270D99C      2E       0       0       0       0      1F    3039       0       0
       2831                    16                    16             3.1123195E-01         1.0000000E+30              9660       
 NEXT SEEDS:1270D9A0      2E       0       0       0       0      1F    3039       0       0
       2832                    15                    15             3.1116998E-01         1.0000000E+30              9660       
 NEXT SEEDS:128A56E3      2E       0       0       0       0      1F    3039       0       0
       2833                    14                    14             3.1127290E-01         1.0000000E+30              9660       
 NEXT SEEDS:12FD8D79      2E       0       0       0       0      1F    3039       0       0
       2834                    13                    13             3.1131517E-01         1.0000000E+30              9660       
 NEXT SEEDS:134E5F8F      2E       0       0       0       0      1F    3039       0       0
       2835                    12                    12             3.1120541E-01         1.0000000E+30              9660       
 NEXT SEEDS:134E5F93      2E       0       0       0       0      1F    3039       0       0
       2836                    11                    11             3.1117982E-01         1.0000000E+30              9660       
 NEXT SEEDS:137A1DC8      2E       0       0       0       0      1F    3039       0       0
       2837                    10                    10             3.1110441E-01         1.0000000E+30              9660       
 NEXT SEEDS:138D187B      2E       0       0       0       0      1F    3039       0       0
       2838                     9                     9             3.1110034E-01         1.0000000E+30              9660       
 NEXT SEEDS:13C4CC63      2E       0       0       0       0      1F    3039       0       0
       2839                     8                     8             3.1099080E-01         1.0000000E+30              9660       
 NEXT SEEDS:13C4CC67      2E       0       0       0       0      1F    3039       0       0
       2840                     7                     7             3.1104594E-01         1.0000000E+30              9660       
 NEXT SEEDS:14208644      2E       0       0       0       0      1F    3039       0       0
       2841                     6                     6             3.1118724E-01         1.0000000E+30              9660       
 NEXT SEEDS:14A79C8B      2E       0       0       0       0      1F    3039       0       0
       2842                     5                     5             3.1107778E-01         1.0000000E+30              9660       
 NEXT SEEDS:14A79C8F      2E       0       0       0       0      1F    3039       0       0
       2843                     4                     4             3.1105832E-01         1.0000000E+30              9660       
 NEXT SEEDS:14D785B2      2E       0       0       0       0      1F    3039       0       0
       2844                     3                     3             3.1094899E-01         1.0000000E+30              9660       
 NEXT SEEDS:14D785B6      2E       0       0       0       0      1F    3039       0       0
  Comptn_2: TXYZ:  0.99999999994812028       U,V,W   6.0082328709398780E-002 -0.96774439571891691       0.24466486932047360     
       2845                     2                     2             3.1094949E-01         1.0000000E+30              9660       
 NEXT SEEDS:1511BD05      2E       0       0       0       0      1F    3039       0       0
       2846                     1                     1             3.1084027E-01         1.0000000E+30              9660       
 NEXT SEEDS:1511BD09      2E       0       0       0       0      1F    3039       0       0
       2847                     0                     1             3.1073114E-01         1.0000000E+30              9660       
 NEXT SEEDS:1511BD0D      2E       0       0       0       0      1F    3039       0       0
