1NUMBER OF BEAM       NUMBER OF BEAM        APPROXIMATE NUMBER    AVERAGE TIME USED     TIME LEFT (RESERVED   NUMBER OF STARS
 PARTICLES HANDLED    PARTICLES LEFT        OF BEAM PARTICLES     BY A BEAM PARTICLE     10000.0 SECONDS      CREATED
                                            THAT CAN STILL BE                           FOR PRINTOUT)
                                            HANDLED

 NEXT SEEDS:3776ED14       9       0       0       0       0       E    3039       0       0
          1                  2152                  2152             2.7959347E-03         1.0000000E+30                 0       
 NEXT SEEDS:37772F03       9       0       0       0       0       E    3039       0       0
  *** Kbar: P_min > 1.8 GeV/c:           16   3.0434951244807200     
  *** Kbar: P_min > 1.8 GeV/c:           16   3.0133583216087434     
  *** Kbar: P_min > 1.8 GeV/c:           16   2.9284044678275198     
  *** Kbar: P_min > 1.8 GeV/c:           16   3.3887860386928979     
  *** Kbar: P_min > 1.8 GeV/c:           16   2.4967376291841621     
  *** Kbar: P_min > 1.8 GeV/c:           16   2.9623095588887178     
  *** Kbar: P_min > 1.8 GeV/c:           16   3.0653342705662432     
  *** Kbar: P_min > 1.8 GeV/c:           16   3.3139444998160155     
  *** Kbar: P_min > 1.8 GeV/c:           16   3.0550037557450218     
         40                  2113                  2113             7.9054952E-02         1.0000000E+30                18       
 NEXT SEEDS:39C18384       9       0       0       0       0       E    3039       0       0
         80                  2073                  2073             1.1415622E-01         1.0000000E+30                20       
 NEXT SEEDS: 2590044       A       0       0       0       0       E    3039       0       0
        120                  2033                  2033             1.2890204E-01         1.0000000E+30                21       
 NEXT SEEDS: 67D0E7D       A       0       0       0       0       E    3039       0       0
        160                  1993                  1993             1.3221265E-01         1.0000000E+30                25       
 NEXT SEEDS: A7E9A87       A       0       0       0       0       E    3039       0       0
        200                  1953                  1953             1.2298684E-01         1.0000000E+30                43       
 NEXT SEEDS: CF67862       A       0       0       0       0       E    3039       0       0
  Comptn_2: TXYZ:  0.99999999998329780       U,V,W -0.49425963307557197      -0.69295649122658176      -0.52489876772787625     
        240                  1913                  1913             1.2520607E-01         1.0000000E+30                54       
 NEXT SEEDS:10D12E63       A       0       0       0       0       E    3039       0       0
        280                  1873                  1873             1.2352469E-01         1.0000000E+30                56       
 NEXT SEEDS:1400878B       A       0       0       0       0       E    3039       0       0
  Comptn_2: TXYZ:   1.0000000000015179       U,V,W  0.10466761187137763      -0.58706865706431444      -0.80274222694421837     
  Comptn_2: TXYZ:  0.99999999999666178       U,V,W  0.14715592575967662       0.98571326936900938        8.1941955677987011E-002
  Comptn_2: TXYZ:   1.0000000000011824       U,V,W -0.38908553564930770       0.92100173384005402       -1.9189898730530786E-002
        320                  1833                  1833             1.4867671E-01         1.0000000E+30                57       
 NEXT SEEDS:1CC87CCF       A       0       0       0       0       E    3039       0       0
        360                  1793                  1793             1.4286322E-01         1.0000000E+30                62       
 NEXT SEEDS:1F55F1D8       A       0       0       0       0       E    3039       0       0
        400                  1753                  1753             1.5549171E-01         1.0000000E+30                66       
 NEXT SEEDS:2728C0AA       A       0       0       0       0       E    3039       0       0
  Comptn_2: TXYZ:   1.0000000000550899       U,V,W -0.58713894381657283       0.30818931133887872       0.74852335239825152     
  Comptn_2: TXYZ:   1.0000000000022904       U,V,W -0.95997781928139148       0.14084000978380118       0.24208816190415661     
        440                  1713                  1713             1.5409112E-01         1.0000000E+30                73       
 NEXT SEEDS:2B0D79E8       A       0       0       0       0       E    3039       0       0
  Comptn_2: TXYZ:   1.0000000000030465       U,V,W -0.22273342357149772      -0.43692302081026568      -0.87148614212344100     
  *** Kaon: P_min > 1.5 GeV/c:           24   2.1827537948642250     
  *** Kaon: P_min > 1.5 GeV/c:           24   2.0861093367756087     
  *** Kaon: P_min > 1.5 GeV/c:           24   1.7973918338839110     
  *** Kbar: P_min > 1.8 GeV/c:           25   2.1379025113311512     
  *** Kaon: P_min > 1.5 GeV/c:           24   33.673477099493546     
  *** Kaon: P_min > 1.5 GeV/c:           24   32.578137821708239     
  *** Kaon: P_min > 1.5 GeV/c:           24   24.916265801479749     
  *** Kaon: P_min > 1.5 GeV/c:           24   24.915992702587211     
  *** Kaon: P_min > 1.5 GeV/c:           24   17.918122099373878     
  *** Kaon: P_min > 1.5 GeV/c:           15   15.657342683343133     
  *** Kaon: P_min > 1.5 GeV/c:           15   15.644910232951075     
        480                  1673                  1673             1.4724048E-01         1.0000000E+30               768       
 NEXT SEEDS:2D105309       A       0       0       0       0       E    3039       0       0
  Comptn_2: TXYZ:  0.99999999999809097       U,V,W -0.27401588033738733      -0.58638614868599426      -0.76227723431191663     
  Comptn_2: TXYZ:  0.99999999999852196       U,V,W -0.74871806190687806       0.18435886682435410       0.63673626565177699     
  Comptn_2: TXYZ:   1.0000000000027192       U,V,W -0.95623213724216782       0.28638008339279963       -6.0054538079384656E-002
        520                  1633                  1633             1.6026897E-01         1.0000000E+30               896       
 NEXT SEEDS:35A065C0       A       0       0       0       0       E    3039       0       0
        560                  1593                  1593             1.5510585E-01         1.0000000E+30               896       
 NEXT SEEDS:381311FA       A       0       0       0       0       E    3039       0       0
  Comptn_2: TXYZ:  0.99999999999898692       U,V,W -0.83256637095638553       0.51932836636916591       0.19269479971144676     
  Comptn_2: TXYZ:  0.99999999999726985       U,V,W  0.34749513977412505      -0.89921409560709264      -0.26582162833778167     
        600                  1553                  1553             1.6044069E-01         1.0000000E+30               902       
 NEXT SEEDS: 311D1F3       B       0       0       0       0       E    3039       0       0
        640                  1513                  1513             1.5319242E-01         1.0000000E+30               903       
 NEXT SEEDS: 44E2D8B       B       0       0       0       0       E    3039       0       0
        680                  1473                  1473             1.5605881E-01         1.0000000E+30              1153       
 NEXT SEEDS: 9C43078       B       0       0       0       0       E    3039       0       0
  Comptn_2: TXYZ:  0.99999999998779243       U,V,W -0.53494407357445084      -0.23667456858212077      -0.81106102527604662     
        720                  1433                  1433             1.5661795E-01         1.0000000E+30              1309       
 NEXT SEEDS: E82028B       B       0       0       0       0       E    3039       0       0
  Comptn_2: TXYZ:   1.0000000000068043       U,V,W  0.97752678844809537      -0.16658912988287966      -0.12918761425934733     
        760                  1393                  1393             1.5664017E-01         1.0000000E+30              1965       
 NEXT SEEDS:12ED62A3       B       0       0       0       0       E    3039       0       0
        800                  1353                  1353             1.5160166E-01         1.0000000E+30              1967       
 NEXT SEEDS:1480B8FF       B       0       0       0       0       E    3039       0       0
        840                  1313                  1313             1.4960309E-01         1.0000000E+30              1967       
 NEXT SEEDS:178C9154       B       0       0       0       0       E    3039       0       0
        880                  1273                  1273             1.4605487E-01         1.0000000E+30              1972       
 NEXT SEEDS:19924142       B       0       0       0       0       E    3039       0       0
  Comptn_2: TXYZ:  0.99999999999115197       U,V,W  0.48155181076370468       0.34059878266884880      -0.80752728918956507     
        920                  1233                  1233             1.4369258E-01         1.0000000E+30              2005       
 NEXT SEEDS:1C0FDA91       B       0       0       0       0       E    3039       0       0
        960                  1193                  1193             1.4039305E-01         1.0000000E+30              2006       
 NEXT SEEDS:1DDAC048       B       0       0       0       0       E    3039       0       0
       1000                  1153                  1153             1.3740791E-01         1.0000000E+30              2011       
 NEXT SEEDS:1FB203DB       B       0       0       0       0       E    3039       0       0
       1040                  1113                  1113             1.3428475E-01         1.0000000E+30              2013       
 NEXT SEEDS:2148B02F       B       0       0       0       0       E    3039       0       0
  Comptn_2: TXYZ:   1.0000000000015672       U,V,W  0.23818767609989244      -0.16878301222359937       0.95644075913797622     
       1080                  1073                  1073             1.3115788E-01         1.0000000E+30              2013       
 NEXT SEEDS:229E4D72       B       0       0       0       0       E    3039       0       0
  Comptn_2: TXYZ:   1.0000000000044411       U,V,W -0.41326376107046769      -0.80200291645084842       0.43128225768592188     
  Comptn_2: TXYZ:   1.0000000000019005       U,V,W  0.35310103223761757      -0.71214936861795763      -0.60676431817607224     
       1120                  1033                  1033             1.3601486E-01         1.0000000E+30              2014       
 NEXT SEEDS:29BB51C6       B       0       0       0       0       E    3039       0       0
       1160                   993                   993             1.3634352E-01         1.0000000E+30              2021       
 NEXT SEEDS:2DD289B3       B       0       0       0       0       E    3039       0       0
       1200                   953                   953             1.3570047E-01         1.0000000E+30              2069       
 NEXT SEEDS:312950B6       B       0       0       0       0       E    3039       0       0
  Comptn_2: TXYZ:   1.0000000000040139       U,V,W   4.6611553146505003E-002 -0.99839551520176784        3.2152112563267110E-002
  Comptn_2: TXYZ:   1.0000000000010258       U,V,W -0.50863039630626616       0.60264906212448821       0.61490586911724243     
       1240                   913                   913             1.3527462E-01         1.0000000E+30              2662       
 NEXT SEEDS:34AD67A8       B       0       0       0       0       E    3039       0       0
       1280                   873                   873             1.3287517E-01         1.0000000E+30              2766       
 NEXT SEEDS:3659D18F       B       0       0       0       0       E    3039       0       0
  Comptn_2: TXYZ:  0.99999999999883604       U,V,W  0.15181940810530392       0.82092680990224665       0.55048164374946396     
  Comptn_2: TXYZ:  0.99999999997044942       U,V,W -0.33515507624559859      -0.76202974519682698      -0.55405933100392346     
       1320                   833                   833             1.3357071E-01         1.0000000E+30              2766       
 NEXT SEEDS:3AAFCA93       B       0       0       0       0       E    3039       0       0
       1360                   793                   793             1.3144045E-01         1.0000000E+30              2816       
 NEXT SEEDS:  BFE52E       C       0       0       0       0       E    3039       0       0
       1400                   753                   753             1.2935800E-01         1.0000000E+30              2817       
 NEXT SEEDS: 26B7F45       C       0       0       0       0       E    3039       0       0
  Comptn_2: TXYZ:   1.0000000000014564       U,V,W -0.80663054833027203       0.54899476058610119      -0.21897924867637641     
  Comptn_2: TXYZ:   1.0000000000011600       U,V,W -0.83188412277595614      -0.12860119786154200      -0.53984306810684757     
  Comptn_2: TXYZ:   1.0000000000010687       U,V,W  -9.6546030379820680E-002  0.10858827306763885       0.98938741197326507     
       1440                   713                   713             1.3640394E-01         1.0000000E+30              2819       
 NEXT SEEDS: D89FFF6       C       0       0       0       0       E    3039       0       0
       1480                   673                   673             1.3529302E-01         1.0000000E+30              2821       
 NEXT SEEDS:102B6484       C       0       0       0       0       E    3039       0       0
       1520                   633                   633             1.3485693E-01         1.0000000E+30              2824       
 NEXT SEEDS:1379EFD8       C       0       0       0       0       E    3039       0       0
  Comptn_2: TXYZ:  0.99999999999752465       U,V,W  0.61997219551912508      -0.45829251838794960      -0.63686925217846024     
       1560                   593                   593             1.3532238E-01         1.0000000E+30              2826       
 NEXT SEEDS:179A8DB6       C       0       0       0       0       E    3039       0       0
  Comptn_2: TXYZ:   1.0000000000010176       U,V,W  0.36152263076552771      -0.22495725276377243      -0.90481800483542862     
  Comptn_2: TXYZ:   1.0000000000032596       U,V,W   9.5839660583578734E-002  0.90622093803965154      -0.41179894477890322     
  Comptn_2: TXYZ:  0.99999999999840905       U,V,W  0.36573421702448172       0.17032864696102479      -0.91500089318006950     
       1600                   553                   553             1.3904608E-01         1.0000000E+30              3097       
 NEXT SEEDS:1F62E7B6       C       0       0       0       0       E    3039       0       0
  Comptn_2: TXYZ:   1.0000000000010658       U,V,W  0.12463976668986021      -0.76316240867758012      -0.63407260352580863     
       1640                   513                   513             1.4175180E-01         1.0000000E+30              3119       
 NEXT SEEDS:26579D55       C       0       0       0       0       E    3039       0       0
       1680                   473                   473             1.4309340E-01         1.0000000E+30              3124       
 NEXT SEEDS:2C138BA0       C       0       0       0       0       E    3039       0       0
       1720                   433                   433             1.4100432E-01         1.0000000E+30              3137       
 NEXT SEEDS:2D811F03       C       0       0       0       0       E    3039       0       0
       1760                   393                   393             1.3965016E-01         1.0000000E+30              3196       
 NEXT SEEDS:2FBF5FF9       C       0       0       0       0       E    3039       0       0
  Comptn_2: TXYZ:  0.99999999999757039       U,V,W   7.7591091882538876E-002 -0.98186092320467244      -0.17299927728668152     
       1800                   353                   353             1.3837597E-01         1.0000000E+30              3199       
 NEXT SEEDS:320A75FC       C       0       0       0       0       E    3039       0       0
  Comptn_2: TXYZ:   1.0000000000065423       U,V,W  0.12688696133207600       0.77917146052117836      -0.61383347429066504     
       1840                   313                   313             1.3806377E-01         1.0000000E+30              3204       
 NEXT SEEDS:35865BF0       C       0       0       0       0       E    3039       0       0
  Comptn_2: TXYZ:   1.0000000000025357       U,V,W -0.57646308624347853      -0.65663241145509232       0.48633752315429035     
       1880                   273                   273             1.4067052E-01         1.0000000E+30              3205       
 NEXT SEEDS: 174A0F7       D       0       0       0       0       E    3039       0       0
       1920                   233                   233             1.4217950E-01         1.0000000E+30              3390       
 NEXT SEEDS: 75ACEB4       D       0       0       0       0       E    3039       0       0
       1960                   193                   193             1.4239224E-01         1.0000000E+30              3401       
 NEXT SEEDS: BC74109       D       0       0       0       0       E    3039       0       0
       2000                   153                   153             1.4238654E-01         1.0000000E+30              3407       
 NEXT SEEDS: FC0AA52       D       0       0       0       0       E    3039       0       0
  Comptn_2: TXYZ:   1.0000000000013383       U,V,W  -2.4756016617686782E-002  0.78355719069878349       0.62082627887903818     
       2040                   113                   113             1.4152869E-01         1.0000000E+30              3410       
 NEXT SEEDS:128B0AB3       D       0       0       0       0       E    3039       0       0
  Comptn_2: TXYZ:  0.99999999999802536       U,V,W -0.25705309249921271      -0.44495735750869958       0.85786750587342553     
       2080                    73                    73             1.4258377E-01         1.0000000E+30              3426       
 NEXT SEEDS:1816856D       D       0       0       0       0       E    3039       0       0
       2103                    50                    50             1.4181087E-01         1.0000000E+30              3427       
 NEXT SEEDS:19433E19       D       0       0       0       0       E    3039       0       0
       2104                    49                    49             1.4174435E-01         1.0000000E+30              3427       
 NEXT SEEDS:19437D0D       D       0       0       0       0       E    3039       0       0
       2105                    48                    48             1.4167748E-01         1.0000000E+30              3427       
 NEXT SEEDS:19439C91       D       0       0       0       0       E    3039       0       0
       2106                    47                    47             1.4165727E-01         1.0000000E+30              3428       
 NEXT SEEDS:1954E54E       D       0       0       0       0       E    3039       0       0
       2107                    46                    46             1.4159485E-01         1.0000000E+30              3428       
 NEXT SEEDS:19564859       D       0       0       0       0       E    3039       0       0
       2108                    45                    45             1.4278675E-01         1.0000000E+30              3428       
 NEXT SEEDS:1B3A976D       D       0       0       0       0       E    3039       0       0
       2109                    44                    44             1.4287059E-01         1.0000000E+30              3429       
 NEXT SEEDS:1B711769       D       0       0       0       0       E    3039       0       0
       2110                    43                    43             1.4280325E-01         1.0000000E+30              3429       
 NEXT SEEDS:1B712ED3       D       0       0       0       0       E    3039       0       0
       2111                    42                    42             1.4273566E-01         1.0000000E+30              3429       
 NEXT SEEDS:1B712ED7       D       0       0       0       0       E    3039       0       0
       2112                    41                    41             1.4286767E-01         1.0000000E+30              3429       
 NEXT SEEDS:1BB6A2AC       D       0       0       0       0       E    3039       0       0
       2113                    40                    40             1.4280969E-01         1.0000000E+30              3429       
 NEXT SEEDS:1BB99371       D       0       0       0       0       E    3039       0       0
       2114                    39                    39             1.4274243E-01         1.0000000E+30              3429       
 NEXT SEEDS:1BB9A678       D       0       0       0       0       E    3039       0       0
       2115                    38                    38             1.4269456E-01         1.0000000E+30              3429       
 NEXT SEEDS:1BC12142       D       0       0       0       0       E    3039       0       0
  Comptn_2: TXYZ:   1.0000000000024838       U,V,W  0.66597706951767321       0.20711793958491143      -0.71664265989489984     
       2116                    37                    37             1.4271602E-01         1.0000000E+30              3430       
 NEXT SEEDS:1BE4E5E2       D       0       0       0       0       E    3039       0       0
       2117                    36                    36             1.4264952E-01         1.0000000E+30              3430       
 NEXT SEEDS:1BE52720       D       0       0       0       0       E    3039       0       0
       2118                    35                    35             1.4258524E-01         1.0000000E+30              3430       
 NEXT SEEDS:1BE62A66       D       0       0       0       0       E    3039       0       0
       2119                    34                    34             1.4253017E-01         1.0000000E+30              3430       
 NEXT SEEDS:1BEA481E       D       0       0       0       0       E    3039       0       0
       2120                    33                    33             1.4251430E-01         1.0000000E+30              3430       
 NEXT SEEDS:1BFEA5EE       D       0       0       0       0       E    3039       0       0
       2121                    32                    32             1.4245103E-01         1.0000000E+30              3430       
 NEXT SEEDS:1BFFD599       D       0       0       0       0       E    3039       0       0
       2122                    31                    31             1.4238513E-01         1.0000000E+30              3430       
 NEXT SEEDS:1C0038BA       D       0       0       0       0       E    3039       0       0
       2123                    30                    30             1.4231832E-01         1.0000000E+30              3430       
 NEXT SEEDS:1C0047FA       D       0       0       0       0       E    3039       0       0
       2124                    29                    29             1.4228309E-01         1.0000000E+30              3431       
 NEXT SEEDS:1C0C1CC3       D       0       0       0       0       E    3039       0       0
       2125                    28                    28             1.4230161E-01         1.0000000E+30              3431       
 NEXT SEEDS:1C2D5B8F       D       0       0       0       0       E    3039       0       0
       2126                    27                    27             1.4223474E-01         1.0000000E+30              3431       
 NEXT SEEDS:1C2D5B93       D       0       0       0       0       E    3039       0       0
       2127                    26                    26             1.4220291E-01         1.0000000E+30              3431       
 NEXT SEEDS:1C39D830       D       0       0       0       0       E    3039       0       0
       2128                    25                    25             1.4213699E-01         1.0000000E+30              3431       
 NEXT SEEDS:1C3A16F8       D       0       0       0       0       E    3039       0       0
       2129                    24                    24             1.4207028E-01         1.0000000E+30              3431       
 NEXT SEEDS:1C3A16FC       D       0       0       0       0       E    3039       0       0
       2130                    23                    23             1.4200364E-01         1.0000000E+30              3431       
 NEXT SEEDS:1C3A1700       D       0       0       0       0       E    3039       0       0
       2131                    22                    22             1.4198885E-01         1.0000000E+30              3431       
 NEXT SEEDS:1C4E6AE4       D       0       0       0       0       E    3039       0       0
       2132                    21                    21             1.4198662E-01         1.0000000E+30              3431       
 NEXT SEEDS:1C6840B2       D       0       0       0       0       E    3039       0       0
       2133                    20                    20             1.4192150E-01         1.0000000E+30              3431       
 NEXT SEEDS:1C68A9DD       D       0       0       0       0       E    3039       0       0
       2134                    19                    19             1.4189369E-01         1.0000000E+30              3431       
 NEXT SEEDS:1C77EED0       D       0       0       0       0       E    3039       0       0
       2135                    18                    18             1.4182766E-01         1.0000000E+30              3431       
 NEXT SEEDS:1C780CEF       D       0       0       0       0       E    3039       0       0
       2136                    17                    17             1.4176502E-01         1.0000000E+30              3431       
 NEXT SEEDS:1C7935C7       D       0       0       0       0       E    3039       0       0
       2137                    16                    16             1.4174278E-01         1.0000000E+30              3431       
 NEXT SEEDS:1C8A0B0E       D       0       0       0       0       E    3039       0       0
       2138                    15                    15             1.4170834E-01         1.0000000E+30              3431       
 NEXT SEEDS:1C979638       D       0       0       0       0       E    3039       0       0
       2139                    14                    14             1.4169332E-01         1.0000000E+30              3431       
 NEXT SEEDS:1CAA3DD4       D       0       0       0       0       E    3039       0       0
       2140                    13                    13             1.4171756E-01         1.0000000E+30              3431       
 NEXT SEEDS:1CCE3572       D       0       0       0       0       E    3039       0       0
       2141                    12                    12             1.4165144E-01         1.0000000E+30              3431       
 NEXT SEEDS:1CCE3576       D       0       0       0       0       E    3039       0       0
       2142                    11                    11             1.4158536E-01         1.0000000E+30              3431       
 NEXT SEEDS:1CCE357A       D       0       0       0       0       E    3039       0       0
       2143                    10                    10             1.4152010E-01         1.0000000E+30              3432       
 NEXT SEEDS:1CCE70EB       D       0       0       0       0       E    3039       0       0
       2144                     9                     9             1.4145490E-01         1.0000000E+30              3432       
 NEXT SEEDS:1CCEAB2A       D       0       0       0       0       E    3039       0       0
       2145                     8                     8             1.4147867E-01         1.0000000E+30              3432       
 NEXT SEEDS:1CF1F4E1       D       0       0       0       0       E    3039       0       0
       2146                     7                     7             1.4141794E-01         1.0000000E+30              3432       
 NEXT SEEDS:1CF3C79B       D       0       0       0       0       E    3039       0       0
       2147                     6                     6             1.4144291E-01         1.0000000E+30              3432       
 NEXT SEEDS:1D17FAA0       D       0       0       0       0       E    3039       0       0
       2148                     5                     5             1.4141420E-01         1.0000000E+30              3447       
 NEXT SEEDS:1D261565       D       0       0       0       0       E    3039       0       0
       2149                     4                     4             1.4135391E-01         1.0000000E+30              3447       
 NEXT SEEDS:1D27C06D       D       0       0       0       0       E    3039       0       0
       2150                     3                     3             1.4130248E-01         1.0000000E+30              3447       
 NEXT SEEDS:1D2D41BD       D       0       0       0       0       E    3039       0       0
       2151                     2                     2             1.4123749E-01         1.0000000E+30              3447       
 NEXT SEEDS:1D2D7451       D       0       0       0       0       E    3039       0       0
       2152                     1                     1             1.4117274E-01         1.0000000E+30              3447       
 NEXT SEEDS:1D2DB501       D       0       0       0       0       E    3039       0       0
       2153                     0                     1             1.4110773E-01         1.0000000E+30              3447       
 NEXT SEEDS:1D2DDA63       D       0       0       0       0       E    3039       0       0
