1NUMBER OF BEAM       NUMBER OF BEAM        APPROXIMATE NUMBER    AVERAGE TIME USED     TIME LEFT (RESERVED   NUMBER OF STARS
 PARTICLES HANDLED    PARTICLES LEFT        OF BEAM PARTICLES     BY A BEAM PARTICLE     10000.0 SECONDS      CREATED
                                            THAT CAN STILL BE                           FOR PRINTOUT)
                                            HANDLED

 NEXT SEEDS:1186DF4E      19       0       0       0       0      20    3039       0       0
          1                  2846                  2846             5.4381132E-02         1.0000000E+30                 0       
 NEXT SEEDS:1190DDAD      19       0       0       0       0      20    3039       0       0
  Comptn_2: TXYZ:   1.0000000000026472       U,V,W  -9.1388997938288141E-002  0.39502219565370922       0.91411460769391795     
         50                  2797                  2797             3.1562545E-01         1.0000000E+30                 2       
 NEXT SEEDS:1C9EE130      19       0       0       0       0      20    3039       0       0
  Comptn_2: TXYZ:  0.99999999999889599       U,V,W  0.17083711787788758      -0.61550081427237302      -0.76939809382667335     
  *** Kaon: P_min > 1.5 GeV/c:           24   12.019180203817488     
  *** Kbar: P_min > 1.8 GeV/c:           25   486.20894627663671     
  *** Kbar: P_min > 1.8 GeV/c:           25   486.15458910595913     
  *** Kbar: P_min > 1.8 GeV/c:           25   459.49699075455044     
  *** Kaon: P_min > 1.5 GeV/c:           24   6.6631223006451696     
  *** Kaon: P_min > 1.5 GeV/c:           15   22.178750664058899     
  *** Kbar: P_min > 1.8 GeV/c:           16   35.857677213818974     
  *** Kbar: P_min > 1.8 GeV/c:           25   18.303969285277493     
  *** Kbar: P_min > 1.8 GeV/c:           25   18.303284716154778     
  *** Kbar: P_min > 1.8 GeV/c:           25   14.708166550670638     
  *** Kaon: P_min > 1.5 GeV/c:           24   8.9449880971432290     
  *** Kbar: P_min > 1.8 GeV/c:           25   1.8999926435539056     
  *** Kbar: P_min > 1.8 GeV/c:           25   1.8999680284520171     
  *** Kbar: P_min > 1.8 GeV/c:           25   2.3650810403679627     
  *** Kbar: P_min > 1.8 GeV/c:           25   1.8211301343422381     
  *** Kaon: P_min > 1.5 GeV/c:           15   2.1454934331012896     
  *** Kaon: P_min > 1.5 GeV/c:           15   2.5038200325319471     
  *** Kbar: P_min > 1.8 GeV/c:           25   2.5573299117903869     
  *** Kbar: P_min > 1.8 GeV/c:           25   2.8480729013535941     
  *** Kbar: P_min > 1.8 GeV/c:           25   2.1961118005015590     
  *** Hhflev: call to Hadriv !! ***  0.71678642164899120        3.5000000000000000        1.5067109313959153               13 T F T
  Comptn_2: TXYZ:   1.0000000000027067       U,V,W -0.33617952177998234       0.89211129800160194       0.30186215582014597     
  Comptn_2: TXYZ:   1.0000000000095535       U,V,W -0.44703834350130478      -0.85003920615486095       0.27854993708270115     
        100                  2747                  2747             3.1093572E-01         1.0000000E+30              1991       
 NEXT SEEDS:27B572BE      19       0       0       0       0      20    3039       0       0
  Comptn_2: TXYZ:  0.99999999999865741       U,V,W  0.26052972702466626       0.74268759515481975       0.61687875416345861     
        150                  2697                  2697             2.7858422E-01         1.0000000E+30              2088       
 NEXT SEEDS:2F4D91DE      19       0       0       0       0      20    3039       0       0
  Comptn_2: TXYZ:  0.99999999999830180       U,V,W -0.13996028774472791       0.22115205343260413       0.96514397222137660     
  Comptn_2: TXYZ:  0.99999999999529576       U,V,W -0.19545582222659164       0.29673474708459935       0.93474355382942420     
  Comptn_2: TXYZ:   1.0000000000013440       U,V,W  0.12539257544359206       0.29358524154756083       0.94767315461103330     
  Comptn_2: TXYZ:   1.0000000000025357       U,V,W -0.80828210026054848       -3.1129954027832696E-002  0.58797191460405429     
        200                  2647                  2647             3.6788491E-01         1.0000000E+30              2235       
 NEXT SEEDS: 9EA8659      1A       0       0       0       0      20    3039       0       0
        250                  2597                  2597             3.3753443E-01         1.0000000E+30              2305       
 NEXT SEEDS:118AD645      1A       0       0       0       0      20    3039       0       0
  Comptn_2: TXYZ:   1.0000000000032130       U,V,W -0.33053970863443993      -0.51400654312502070      -0.79154328665192963     
  Comptn_2: TXYZ:  0.99999999999796285       U,V,W  0.74493441004818450       0.63500891096768797       0.20453950160239742     
        300                  2547                  2547             3.2197846E-01         1.0000000E+30              2310       
 NEXT SEEDS:1A2DBE03      1A       0       0       0       0      20    3039       0       0
        350                  2497                  2497             3.0658400E-01         1.0000000E+30              2316       
 NEXT SEEDS:21A58348      1A       0       0       0       0      20    3039       0       0
  Comptn_2: TXYZ:   1.0000000000021010       U,V,W  -6.7583602655616914E-002  0.83257578372307961      -0.54977269940593487     
  Comptn_2: TXYZ:   1.0000000000016611       U,V,W  0.19875017759828761      -0.35611366774855924      -0.91306156558524521     
        400                  2447                  2447             2.9709216E-01         1.0000000E+30              2320       
 NEXT SEEDS:29CC50E2      1A       0       0       0       0      20    3039       0       0
  Comptn_2: TXYZ:  0.99999999999793876       U,V,W -0.68337625773551736       0.72130383521508890      -0.11277263704171503     
  Comptn_2: TXYZ:  0.99999999999821143       U,V,W  -3.4457387695809416E-002 -0.88309159023298800       0.46793368300557781     
  Comptn_2: TXYZ:  0.99999999999878963       U,V,W  0.41072212460525748       0.76843410392633871       0.49073043953015372     
        450                  2397                  2397             2.9484545E-01         1.0000000E+30              2392       
 NEXT SEEDS:337422B6      1A       0       0       0       0      20    3039       0       0
  Comptn_2: TXYZ:  0.99999999999847422       U,V,W  0.30976407384262927       0.87543377903842412      -0.37102818905495027     
        500                  2347                  2347             2.9551325E-01         1.0000000E+30              2404       
 NEXT SEEDS: 2B229A0      1B       0       0       0       0      20    3039       0       0
        550                  2297                  2297             3.0522062E-01         1.0000000E+30              2619       
 NEXT SEEDS:1104807B      1B       0       0       0       0      20    3039       0       0
        600                  2247                  2247             2.9256221E-01         1.0000000E+30              2629       
 NEXT SEEDS:166351F7      1B       0       0       0       0      20    3039       0       0
  Comptn_2: TXYZ:  0.99999999999167466       U,V,W  -2.3697167298450950E-003 -0.68201052165433396      -0.73133852133405242     
  Comptn_2: TXYZ:   1.0000000000022682       U,V,W -0.14831976880700637      -0.98302097502304875       0.10803244349749264     
  Comptn_2: TXYZ:   1.0000000000019693       U,V,W  -5.9118083628455054E-002 -0.99526640151870582        7.7135220217968481E-002
  Comptn_2: TXYZ:  0.99999999999467870       U,V,W -0.54795379247298115      -0.12582003648475393       0.82699211588027310     
  Comptn_2: TXYZ:   1.0000000000031026       U,V,W  0.87739418708619610      -0.40997182194720239       0.24920382356566506     
  Comptn_2: TXYZ:  0.99999999999878941       U,V,W -0.97060836274463291       0.23310567501938095        5.9842714199234592E-002
  Comptn_2: TXYZ:  0.99999999999387079       U,V,W  0.86483269204208568       0.38921759410069967      -0.31713416594806176     
        650                  2197                  2197             3.1471016E-01         1.0000000E+30              2807       
 NEXT SEEDS:2B3081D8      1B       0       0       0       0      20    3039       0       0
        700                  2147                  2147             3.0843558E-01         1.0000000E+30              2889       
 NEXT SEEDS:331F10C0      1B       0       0       0       0      20    3039       0       0
  Comptn_2: TXYZ:   1.0000000000061184       U,V,W -0.23038548003434300      -0.90491943063260294      -0.35783146124821030     
  Comptn_2: TXYZ:  0.99999999999881328       U,V,W  0.89237070516290729       -6.8508377872781523E-002 -0.44607300605070144     
  Comptn_2: TXYZ:  0.99999999999792344       U,V,W  0.98315381123422796      -0.17216157703664692        6.1391977047414059E-002
  Comptn_2: TXYZ:  0.99999999999463607       U,V,W -0.68755384913085393       0.65087663673044815      -0.32191506379547263     
        750                  2097                  2097             3.2134153E-01         1.0000000E+30              2901       
 NEXT SEEDS: 9418B5E      1C       0       0       0       0      20    3039       0       0
  Comptn_2: TXYZ:   1.0000000000014793       U,V,W  0.39744239569887796       0.83664227054547347      -0.37692075193484698     
  Comptn_2: TXYZ:   1.0000000000024227       U,V,W -0.77653514326252449      -0.54810268708129151      -0.31076778419736684     
        800                  2047                  2047             3.2913786E-01         1.0000000E+30              2920       
 NEXT SEEDS:19109F86      1C       0       0       0       0      20    3039       0       0
  Comptn_2: TXYZ:   1.0000000000029097       U,V,W  0.60280237546177062       -7.9015716513076484E-002  0.79396839526802410     
  Comptn_2: TXYZ:  0.99999999999874334       U,V,W  0.51181204539521019      -0.37957276027888653      -0.77069640575351173     
  Comptn_2: TXYZ:  0.99999999999882128       U,V,W  0.73824366576052736        6.6804369257418728E-002  0.67121789771384854     
        850                  1997                  1997             3.4102699E-01         1.0000000E+30              2933       
 NEXT SEEDS:2BD9BF4F      1C       0       0       0       0      20    3039       0       0
        900                  1947                  1947             3.3306205E-01         1.0000000E+30              3295       
 NEXT SEEDS:32E85370      1C       0       0       0       0      20    3039       0       0
  Comptn_2: TXYZ:  0.99999999999850753       U,V,W  0.54651766922887157       0.27596716700539048      -0.79067095555241451     
        950                  1897                  1897             3.2618863E-01         1.0000000E+30              3303       
 NEXT SEEDS:3A18DF9B      1C       0       0       0       0      20    3039       0       0
  Comptn_2: TXYZ:  0.99999999999812916       U,V,W -0.95106226948896300       0.18173394129695453       0.24990665083848285     
  Comptn_2: TXYZ:  0.99999999999874301       U,V,W  0.98060663760067079      -0.19070667051087042        4.5183936469811670E-002
  Comptn_2: TXYZ:   1.0000000000013531       U,V,W   3.1537200718368297E-002 -0.73580573515451908       0.67645792558437812     
  Comptn_2: TXYZ:  0.99999999999850731       U,V,W  0.88615915311222260       0.43303804154745507      -0.16492425511937370     
  Comptn_2: TXYZ:   1.0000000000010705       U,V,W  0.23153540691658581       0.18064109665495920       0.95590802357985005     
  Comptn_2: TXYZ:  0.99999999999888889       U,V,W -0.97406540854862200        5.8005909534148969E-003 -0.22619224790537373     
       1000                  1847                  1847             3.5915950E-01         1.0000000E+30              3399       
 NEXT SEEDS:22985760      1D       0       0       0       0      20    3039       0       0
  Comptn_2: TXYZ:  0.99999999999609335       U,V,W -0.57215246948808041       0.51452676601664393       0.63867343666950660     
  Comptn_2: TXYZ:   1.0000000000019740       U,V,W  0.29891658363017859       -3.5126325016406668E-002 -0.95363253789060609     
       1050                  1797                  1797             3.5423301E-01         1.0000000E+30              3403       
 NEXT SEEDS:2BEB262C      1D       0       0       0       0      20    3039       0       0
  Comptn_2: TXYZ:  0.99999999999290679       U,V,W  0.68813208956248673       0.49560532879925034       0.52995243689699123     
       1100                  1747                  1747             3.5756696E-01         1.0000000E+30              3406       
 NEXT SEEDS:3B220794      1D       0       0       0       0      20    3039       0       0
  Comptn_2: TXYZ:   1.0000000000022782       U,V,W -0.77348554779363354       0.28064532398649078      -0.56829421031819294     
  Comptn_2: TXYZ:  0.99999999999881251       U,V,W -0.68979135844604400      -0.72350926487489176       -2.6874252588072522E-002
  Comptn_2: TXYZ:   1.0000000000163491       U,V,W -0.61696338697777264      -0.78651688969637235        2.7337910812804012E-002
       1150                  1697                  1697             3.5729441E-01         1.0000000E+30              3445       
 NEXT SEEDS: C75EF12      1E       0       0       0       0      20    3039       0       0
  Comptn_2: TXYZ:   1.0000000000014191       U,V,W -0.59834800958462964       0.63885726794718067      -0.48357114328565487     
  Comptn_2: TXYZ:  0.99999999999891198       U,V,W  0.59094428167663438      -0.31558387617671180      -0.74242283979540957     
       1200                  1647                  1647             3.6118763E-01         1.0000000E+30              3448       
 NEXT SEEDS:1CECECA8      1E       0       0       0       0      20    3039       0       0
  Comptn_2: TXYZ:  0.99999999999846523       U,V,W  0.38875309792303625      -0.54070217928715480      -0.74599744112686395     
  Comptn_2: TXYZ:   1.0000000000012603       U,V,W  -5.2774815807019593E-003 -0.77166549727537870       0.63600668904042834     
       1250                  1597                  1597             3.5785609E-01         1.0000000E+30              3658       
 NEXT SEEDS:271B11B7      1E       0       0       0       0      20    3039       0       0
  Comptn_2: TXYZ:  0.99999999999813793       U,V,W -0.43798173611254754       0.88435659421016410      -0.16150979260396525     
  Comptn_2: TXYZ:   1.0000000000016904       U,V,W  0.19743449948661862      -0.25513394045048043       0.94653382974110833     
  Comptn_2: TXYZ:   1.0000000000029978       U,V,W -0.49724362034538672       -7.5184439084882204E-002 -0.86434720000026743     
  Comptn_2: TXYZ:  0.99999999999633227       U,V,W  0.53522390519651708      -0.81469135234780765       0.22318909407097465     
       1300                  1547                  1547             3.5940825E-01         1.0000000E+30              3665       
 NEXT SEEDS:35C2604E      1E       0       0       0       0      20    3039       0       0
  Comptn_2: TXYZ:  0.99999999999874922       U,V,W -0.69731768373536340      -0.28718294021482649       0.65671455503762388     
  Comptn_2: TXYZ:  0.99999999998782729       U,V,W  0.94547667350921394       -4.8555298404380665E-002 -0.32205006262169888     
       1350                  1497                  1497             3.5454243E-01         1.0000000E+30              3677       
 NEXT SEEDS: 283C859      1F       0       0       0       0      20    3039       0       0
  Comptn_2: TXYZ:  0.99999999999862033       U,V,W   2.4338802179762808E-002  0.66481148920330924       0.74661456356700739     
       1400                  1447                  1447             3.4924115E-01         1.0000000E+30              3768       
 NEXT SEEDS: A03B427      1F       0       0       0       0      20    3039       0       0
  Comptn_2: TXYZ:   1.0000000000010005       U,V,W -0.32443789180702964       0.81993346247253829       0.47164517540053907     
  Comptn_2: TXYZ:  0.99999999999709077       U,V,W  0.89571726137588925       0.15817938662311803       0.41553564145317523     
  Comptn_2: TXYZ:  0.99999999999897116       U,V,W -0.99522813468471316       -2.3218116231632280E-002   9.4772775677469667E-002
  Comptn_2: TXYZ:   1.0000000000177820       U,V,W -0.49837005074778062      -0.37078862496059628      -0.78367281957157786     
  Comptn_2: TXYZ:  0.99999999999797817       U,V,W -0.79517693439324688       -7.2424002611157334E-002  0.60203688163825575     
  Comptn_2: TXYZ:   1.0000000000011582       U,V,W  0.86304435516316147      -0.24080746638551886      -0.44403401351151928     
  Comptn_2: TXYZ:  0.99999999999840683       U,V,W  0.29543990158938271      -0.81435261460245556      -0.49954487650000701     
  Comptn_2: TXYZ:  0.99999999999753331       U,V,W -0.88773765799943760       0.44667855250844468      -0.11135583189113873     
  Comptn_2: TXYZ:  0.99999999999873923       U,V,W  0.51306513439450896       0.85772039592501059       -3.2861684097543531E-002
       1450                  1397                  1397             3.5296573E-01         1.0000000E+30              3773       
 NEXT SEEDS:1B0183C7      1F       0       0       0       0      20    3039       0       0
  Comptn_2: TXYZ:  0.99999999999874434       U,V,W  0.99827692243602106       -5.5046863143305202E-002  -2.0323114635630191E-002
  Comptn_2: TXYZ:   1.0000000000042557       U,V,W -0.46860622488239301       0.42227243785675483       0.77594728830780824     
  Comptn_2: TXYZ:  0.99999999999771993       U,V,W -0.18019519654509963      -0.31061829364006144       0.93329843394057477     
       1500                  1347                  1347             3.5840878E-01         1.0000000E+30              3853       
 NEXT SEEDS:2DDA02D1      1F       0       0       0       0      20    3039       0       0
  Comptn_2: TXYZ:   1.0000000000018727       U,V,W  0.21121581990806959      -0.87685394407010797       0.43187386838188146     
  Comptn_2: TXYZ:   1.0000000000024263       U,V,W  0.95154619825541431       0.22722939906076078       0.20718743395915595     
  Comptn_2: TXYZ:   1.0000000000013576       U,V,W -0.36598606753908314       0.83010797667799352       0.42068390202645389     
       1550                  1297                  1297             3.7141162E-01         1.0000000E+30              3954       
 NEXT SEEDS: D15F92A      20       0       0       0       0      20    3039       0       0
  Comptn_2: TXYZ:   1.0000000000039051       U,V,W  0.19895995803366873      -0.42847968724014152       0.88137398005939360     
       1600                  1247                  1247             3.7006833E-01         1.0000000E+30              3974       
 NEXT SEEDS:191C2109      20       0       0       0       0      20    3039       0       0
  Comptn_2: TXYZ:   1.0000000000019720       U,V,W  0.61783429074866092      -0.69320290276928631      -0.37114757815363220     
  Comptn_2: TXYZ:  0.99999999999764833       U,V,W -0.21968772831016281      -0.12397111214970380       0.96766133816533872     
       1650                  1197                  1197             3.6485959E-01         1.0000000E+30              4096       
 NEXT SEEDS:205A0E94      20       0       0       0       0      20    3039       0       0
  Comptn_2: TXYZ:   1.0000000000016027       U,V,W -0.14032661999789298      -0.83776849358858474      -0.52768588276727968     
  Comptn_2: TXYZ:   1.0000000000015925       U,V,W   1.1373034494681633E-002   7.0803762764249711E-002 -0.99742542641863663     
  Comptn_2: TXYZ:  0.99999999999627609       U,V,W  0.39361639767611223      -0.85632425528893208      -0.33432753592938269     
  Comptn_2: TXYZ:   1.0000000000157452       U,V,W  0.23866594282335996      -0.96550404266886858       0.10411777630190500     
  Comptn_2: TXYZ:  0.99999999968758879       U,V,W  0.54387331334822875        7.1262431072227628E-003 -0.83913707782124902     
       1700                  1147                  1147             3.8074371E-01         1.0000000E+30              4229       
 NEXT SEEDS: 59CD4AF      21       0       0       0       0      20    3039       0       0
       1750                  1097                  1097             3.7564353E-01         1.0000000E+30              4237       
 NEXT SEEDS: CED3464      21       0       0       0       0      20    3039       0       0
  Comptn_2: TXYZ:  0.99999999999828237       U,V,W -0.88729305290230798       0.29929093611224289      -0.35090735790325311     
  Comptn_2: TXYZ:   1.0000000000014901       U,V,W  0.84770769757118103       0.31903867010208842      -0.42379946491182352     
  Comptn_2: TXYZ:   1.0000000000016207       U,V,W  0.32298183329551478       0.57633902844565199       0.75067706748841800     
  Comptn_2: TXYZ:  0.99999999999839884       U,V,W -0.17850442992075699       0.11719125988668111       0.97693519595889100     
       1800                  1047                  1047             3.7762544E-01         1.0000000E+30              4559       
 NEXT SEEDS:1D3FEF2D      21       0       0       0       0      20    3039       0       0
  Comptn_2: TXYZ:  0.99999999999876010       U,V,W  0.16223710712530170      -0.93064471553917372       0.32799319277903294     
  Comptn_2: TXYZ:   1.0000000000012301       U,V,W  0.10854931965938341       0.76297458859537670      -0.63724941927037548     
       1850                   997                   997             3.7238163E-01         1.0000000E+30              4575       
 NEXT SEEDS:23E47EB4      21       0       0       0       0      20    3039       0       0
  Comptn_2: TXYZ:  0.99999999999824063       U,V,W  0.99054900626078712        3.0125335434036060E-002  0.13381005328074025     
  Comptn_2: TXYZ:   1.0000000000176823       U,V,W -0.43195340820548722      -0.73081882781539775       0.52850742101495030     
  Comptn_2: TXYZ:   1.0000000000050377       U,V,W  0.30680906926225049      -0.95128972951793145       -3.0266244186719859E-002
  Comptn_2: TXYZ:  0.99999999999826494       U,V,W -0.16135693711920851      -0.12675239541845684      -0.97872251894878559     
  Comptn_2: TXYZ:   1.0000000000013034       U,V,W  0.19784050969727218       0.62982512213467956      -0.75111879769585244     
       1900                   947                   947             3.7194436E-01         1.0000000E+30              4579       
 NEXT SEEDS:30FEAB59      21       0       0       0       0      20    3039       0       0
  Eventv: ekin+am < pla,ij,igreyt   3.2929569646211507        3.7897727738161051               30           9
  Ferevv: Umo2 < Urmin2 !!   5.0838809882466354        6.8729245246092878               30           8  0.82527533692881105       0.93956541299999996      F           0
  Comptn_2: TXYZ:   1.0000000000010205       U,V,W  0.92984778165149251      -0.35645967789156430        9.1211846797776275E-002
  Comptn_2: TXYZ:  0.99999999999879818       U,V,W -0.19569817915954957      -0.65687820927145746      -0.72815742862155730     
       1950                   897                   897             3.7965752E-01         1.0000000E+30              4612       
 NEXT SEEDS: D3CCB3A      22       0       0       0       0      20    3039       0       0
       2000                   847                   847             3.7426835E-01         1.0000000E+30              4620       
 NEXT SEEDS:13493CE7      22       0       0       0       0      20    3039       0       0
  Comptn_2: TXYZ:   1.0000000000013416       U,V,W  0.38147959752518901      -0.58611879293509617       0.71479932655373091     
  Comptn_2: TXYZ:   1.0000000000021241       U,V,W -0.95783582676847701      -0.23462390696002444      -0.16583772563468813     
  Comptn_2: TXYZ:   1.0000000000023139       U,V,W  0.41568216097108746      -0.40907480205349245       0.81232145569202885     
  Comptn_2: TXYZ:  0.99999999999811695       U,V,W -0.72182307614474084       0.39611896376779754      -0.56750437292287614     
  Comptn_2: TXYZ:   1.0000000000017557       U,V,W  -5.2681594032577550E-003 -0.99343467000517760      -0.11427949479220390     
       2050                   797                   797             3.7664543E-01         1.0000000E+30              4634       
 NEXT SEEDS:24895CED      22       0       0       0       0      20    3039       0       0
  Comptn_2: TXYZ:   1.0000000000034550       U,V,W  0.68428548116055765       -3.9627654443812332E-002  0.72813668310256219     
       2100                   747                   747             3.7222364E-01         1.0000000E+30              4647       
 NEXT SEEDS:2B91ADB7      22       0       0       0       0      20    3039       0       0
  Comptn_2: TXYZ:   1.0000000000010074       U,V,W  -9.8224747321644656E-002  0.92362905458797684       0.37048787906694969     
       2150                   697                   697             3.7011910E-01         1.0000000E+30              4686       
 NEXT SEEDS:35D354DA      22       0       0       0       0      20    3039       0       0
  Comptn_2: TXYZ:   1.0000000000017295       U,V,W -0.30414621098087480      -0.53274135247242782       0.78973523013321056     
       2200                   647                   647             3.6851350E-01         1.0000000E+30              4687       
 NEXT SEEDS: 52B5FFF      23       0       0       0       0      20    3039       0       0
  Comptn_2: TXYZ:  0.99999999999769873       U,V,W  0.47167368057345538       0.23115300141661521       0.85093608983758529     
  Comptn_2: TXYZ:  0.99999999999806588       U,V,W -0.42961817286982296       0.66245503744388401      -0.61366240629786262     
       2250                   597                   597             3.6856582E-01         1.0000000E+30              4700       
 NEXT SEEDS:12E4484E      23       0       0       0       0      20    3039       0       0
  Comptn_2: TXYZ:  0.99999999999850187       U,V,W -0.52651822963863992      -0.16298003873449973      -0.83439562608560891     
  Comptn_2: TXYZ:  0.99999999999894706       U,V,W -0.83323173073154777      -0.40682554594411702      -0.37445675059788641     
       2300                   547                   547             3.7119295E-01         1.0000000E+30              4708       
 NEXT SEEDS:250982D2      23       0       0       0       0      20    3039       0       0
  Comptn_2: TXYZ:   1.0000000000023237       U,V,W  0.77163159026817851       0.59403321470584558       0.22739663306382596     
  Comptn_2: TXYZ:  0.99999999999897449       U,V,W -0.51416687227103353       0.74769081061310416       0.42022717568324452     
  Comptn_2: TXYZ:   1.0000000000092442       U,V,W  0.80578584913279094       -2.9464274454454653E-002 -0.59147360201234989     
       2350                   497                   497             3.7153796E-01         1.0000000E+30              4856       
 NEXT SEEDS:32EA7EC4      23       0       0       0       0      20    3039       0       0
  Comptn_2: TXYZ:   1.0000000000012323       U,V,W -0.76702303518429105      -0.45141484686080346       0.45596085306915057     
  Comptn_2: TXYZ:  0.99999999999594857       U,V,W -0.58773493301183066       0.32047324445132830      -0.74287586318601484     
  Comptn_2: TXYZ:   1.0000000000031000       U,V,W -0.96924301715855954       0.13827649559929966      -0.20358679833734072     
       2400                   447                   447             3.7175731E-01         1.0000000E+30              4862       
 NEXT SEEDS: 5A3ED63      24       0       0       0       0      20    3039       0       0
  Comptn_2: TXYZ:  0.99999999999867417       U,V,W   9.2377196275990059E-003 -0.74734214967519819       0.66437517702997440     
  Comptn_2: TXYZ:  0.99999999999732969       U,V,W  -8.7049651602981726E-002 -0.41366128991354856       0.90625972843340463     
  Comptn_2: TXYZ:   1.0000000000011016       U,V,W -0.69507049518455233       0.52112396981902975      -0.49528457961565664     
       2450                   397                   397             3.7520949E-01         1.0000000E+30              4867       
 NEXT SEEDS:19A7B44B      24       0       0       0       0      20    3039       0       0
       2500                   347                   347             3.7044774E-01         1.0000000E+30              4867       
 NEXT SEEDS:1EAE82A9      24       0       0       0       0      20    3039       0       0
  Comptn_2: TXYZ:  0.99999999999899436       U,V,W  0.87896019660293634      -0.38499434680922207      -0.28143973726476901     
       2550                   297                   297             3.6988490E-01         1.0000000E+30              4912       
 NEXT SEEDS:2B60AF14      24       0       0       0       0      20    3039       0       0
  Comptn_2: TXYZ:   1.0000000000015359       U,V,W  0.68953826084865266        7.8812670105762095E-002  0.71994829665619164     
  Comptn_2: TXYZ:  0.99999999999821620       U,V,W  0.36525414813432633       0.89791821686455364      -0.24562630781669981     
       2600                   247                   247             3.6733554E-01         1.0000000E+30              5059       
 NEXT SEEDS:341C42CC      24       0       0       0       0      20    3039       0       0
       2650                   197                   197             3.6375816E-01         1.0000000E+30              5084       
 NEXT SEEDS:3A9AB794      24       0       0       0       0      20    3039       0       0
  Comptn_2: TXYZ:  0.99999999999808953       U,V,W  0.59253073606598150      -0.11933139153984484       0.79666011937862180     
  Comptn_2: TXYZ:   1.0000000000010751       U,V,W -0.80961981451281595       0.56219168039765810       0.16868986466580083     
  Comptn_2: TXYZ:  0.99999999897427927       U,V,W -0.72687979884676679      -0.45079267421897384       0.51810396820837923     
  Comptn_p: TXYZ,IPARAL:  -1.3414547250789610E-012           1
       2700                   147                   147             3.6042420E-01         1.0000000E+30              5203       
 NEXT SEEDS: 5A92940      25       0       0       0       0      20    3039       0       0
  Comptn_2: TXYZ:   1.0000000000033151       U,V,W -0.18544639185680101       -6.6600499771794830E-002 -0.98039482310993264     
  Comptn_2: TXYZ:  0.99999999999801314       U,V,W  0.28202578948980772       0.32824533820539159       0.90150787684140177     
  Comptn_2: TXYZ:  0.99999999999852640       U,V,W  0.19273095755860226       0.27755131073372752      -0.94118013573760706     
  Comptn_2: TXYZ:  0.99999999999880784       U,V,W  0.95482457433874934        6.0011350619859627E-002 -0.29104753913134918     
  Comptn_2: TXYZ:   1.0000000000065796       U,V,W  0.83864405630907868       -1.4700542126746541E-002  0.54448144218624606     
       2750                    97                    97             3.5989946E-01         1.0000000E+30              5309       
 NEXT SEEDS:11FC0C0F      25       0       0       0       0      20    3039       0       0
  Comptn_2: TXYZ:   1.0000000000015066       U,V,W -0.58652195736452484      -0.76672667471604683      -0.26100229847583023     
  Comptn_2: TXYZ:  0.99999999999680811       U,V,W -0.71729918399293524      -0.64434377052971570      -0.26514710260424579     
       2797                    50                    50             3.5899941E-01         1.0000000E+30              5454       
 NEXT SEEDS:1CAA9F47      25       0       0       0       0      20    3039       0       0
       2798                    49                    49             3.5887117E-01         1.0000000E+30              5454       
 NEXT SEEDS:1CAA9F4B      25       0       0       0       0      20    3039       0       0
       2799                    48                    48             3.5874300E-01         1.0000000E+30              5454       
 NEXT SEEDS:1CAA9F4F      25       0       0       0       0      20    3039       0       0
       2800                    47                    47             3.5863513E-01         1.0000000E+30              5454       
 NEXT SEEDS:1CB5B090      25       0       0       0       0      20    3039       0       0
       2801                    46                    46             3.5857625E-01         1.0000000E+30              5454       
 NEXT SEEDS:1CDA4BBB      25       0       0       0       0      20    3039       0       0
       2802                    45                    45             3.5870632E-01         1.0000000E+30              5454       
 NEXT SEEDS:1D650C8B      25       0       0       0       0      20    3039       0       0
       2803                    44                    44             3.5857839E-01         1.0000000E+30              5454       
 NEXT SEEDS:1D650C8F      25       0       0       0       0      20    3039       0       0
       2804                    43                    43             3.5850051E-01         1.0000000E+30              5455       
 NEXT SEEDS:1D7F048F      25       0       0       0       0      20    3039       0       0
       2805                    42                    42             3.6030359E-01         1.0000000E+30              5455       
 NEXT SEEDS:2190D939      25       0       0       0       0      20    3039       0       0
       2806                    41                    41             3.6022793E-01         1.0000000E+30              5455       
 NEXT SEEDS:21AC43A7      25       0       0       0       0      20    3039       0       0
       2807                    40                    40             3.6024881E-01         1.0000000E+30              5455       
 NEXT SEEDS:21FCF48C      25       0       0       0       0      20    3039       0       0
       2808                    39                    39             3.6012056E-01         1.0000000E+30              5455       
 NEXT SEEDS:21FCF490      25       0       0       0       0      20    3039       0       0
       2809                    38                    38             3.5999240E-01         1.0000000E+30              5455       
 NEXT SEEDS:21FCF494      25       0       0       0       0      20    3039       0       0
       2810                    37                    37             3.5986433E-01         1.0000000E+30              5455       
 NEXT SEEDS:21FCF498      25       0       0       0       0      20    3039       0       0
       2811                    36                    36             3.5977778E-01         1.0000000E+30              5455       
 NEXT SEEDS:22132732      25       0       0       0       0      20    3039       0       0
       2812                    35                    35             3.5964986E-01         1.0000000E+30              5455       
 NEXT SEEDS:22132736      25       0       0       0       0      20    3039       0       0
       2813                    34                    34             3.5952205E-01         1.0000000E+30              5455       
 NEXT SEEDS:2213273A      25       0       0       0       0      20    3039       0       0
       2814                    33                    33             3.5939433E-01         1.0000000E+30              5455       
 NEXT SEEDS:2213273E      25       0       0       0       0      20    3039       0       0
       2815                    32                    32             3.5954274E-01         1.0000000E+30              5455       
 NEXT SEEDS:22A59D7E      25       0       0       0       0      20    3039       0       0
       2816                    31                    31             3.5954968E-01         1.0000000E+30              5455       
 NEXT SEEDS:22EBE23C      25       0       0       0       0      20    3039       0       0
       2817                    30                    30             3.5942209E-01         1.0000000E+30              5455       
 NEXT SEEDS:22EBE240      25       0       0       0       0      20    3039       0       0
       2818                    29                    29             3.5929459E-01         1.0000000E+30              5455       
 NEXT SEEDS:22EBE244      25       0       0       0       0      20    3039       0       0
       2819                    28                    28             3.5916717E-01         1.0000000E+30              5455       
 NEXT SEEDS:22EBE248      25       0       0       0       0      20    3039       0       0
       2820                    27                    27             3.5920694E-01         1.0000000E+30              5455       
 NEXT SEEDS:234504F9      25       0       0       0       0      20    3039       0       0
       2821                    26                    26             3.5907967E-01         1.0000000E+30              5455       
 NEXT SEEDS:234504FD      25       0       0       0       0      20    3039       0       0
       2822                    25                    25             3.5910255E-01         1.0000000E+30              5455       
 NEXT SEEDS:23948541      25       0       0       0       0      20    3039       0       0
       2823                    24                    24             3.5965367E-01         1.0000000E+30              5455       
 NEXT SEEDS:25115E1A      25       0       0       0       0      20    3039       0       0
       2824                    23                    23             3.5956284E-01         1.0000000E+30              5455       
 NEXT SEEDS:25264873      25       0       0       0       0      20    3039       0       0
       2825                    22                    22             3.5949206E-01         1.0000000E+30              5455       
 NEXT SEEDS:2545BA8F      25       0       0       0       0      20    3039       0       0
       2826                    21                    21             3.5947988E-01         1.0000000E+30              5456       
 NEXT SEEDS:25829B68      25       0       0       0       0      20    3039       0       0
       2827                    20                    20             3.5938464E-01         1.0000000E+30              5456       
 NEXT SEEDS:2593BA5E      25       0       0       0       0      20    3039       0       0
       2828                    19                    19             3.5933145E-01         1.0000000E+30              5456       
 NEXT SEEDS:25BA974E      25       0       0       0       0      20    3039       0       0
       2829                    18                    18             3.5932774E-01         1.0000000E+30              5456       
 NEXT SEEDS:25FDBE4A      25       0       0       0       0      20    3039       0       0
       2830                    17                    17             3.5920081E-01         1.0000000E+30              5456       
 NEXT SEEDS:25FDBE4E      25       0       0       0       0      20    3039       0       0
       2831                    16                    16             3.5907397E-01         1.0000000E+30              5456       
 NEXT SEEDS:25FDBE52      25       0       0       0       0      20    3039       0       0
       2832                    15                    15             3.5931785E-01         1.0000000E+30              5456       
 NEXT SEEDS:26C781EF      25       0       0       0       0      20    3039       0       0
  Comptn_2: TXYZ:  0.99999999999856404       U,V,W -0.47407740803558340      -0.14012729614712782       0.86926115297033846     
       2833                    14                    14             3.5933842E-01         1.0000000E+30              5456       
 NEXT SEEDS:2717D33C      25       0       0       0       0      20    3039       0       0
       2834                    13                    13             3.5921167E-01         1.0000000E+30              5456       
 NEXT SEEDS:2717D340      25       0       0       0       0      20    3039       0       0
       2835                    12                    12             3.5908499E-01         1.0000000E+30              5456       
 NEXT SEEDS:2717D344      25       0       0       0       0      20    3039       0       0
       2836                    11                    11             3.5907280E-01         1.0000000E+30              5456       
 NEXT SEEDS:27547B62      25       0       0       0       0      20    3039       0       0
       2837                    10                    10             3.5894630E-01         1.0000000E+30              5456       
 NEXT SEEDS:27547B66      25       0       0       0       0      20    3039       0       0
       2838                     9                     9             3.5881984E-01         1.0000000E+30              5456       
 NEXT SEEDS:27547B6A      25       0       0       0       0      20    3039       0       0
       2839                     8                     8             3.5884265E-01         1.0000000E+30              5456       
 NEXT SEEDS:27A4C221      25       0       0       0       0      20    3039       0       0
       2840                     7                     7             3.5930430E-01         1.0000000E+30              5456       
 NEXT SEEDS:28D26BDF      25       0       0       0       0      20    3039       0       0
       2841                     6                     6             3.5922322E-01         1.0000000E+30              5456       
 NEXT SEEDS:28EAE796      25       0       0       0       0      20    3039       0       0
       2842                     5                     5             3.5917712E-01         1.0000000E+30              5457       
 NEXT SEEDS:2916A5F5      25       0       0       0       0      20    3039       0       0
       2843                     4                     4             3.5954207E-01         1.0000000E+30              5457       
 NEXT SEEDS:2A1B33AE      25       0       0       0       0      20    3039       0       0
       2844                     3                     3             3.5941574E-01         1.0000000E+30              5457       
 NEXT SEEDS:2A1B33B2      25       0       0       0       0      20    3039       0       0
       2845                     2                     2             3.5928945E-01         1.0000000E+30              5457       
 NEXT SEEDS:2A1B33B6      25       0       0       0       0      20    3039       0       0
       2846                     1                     1             3.5916321E-01         1.0000000E+30              5457       
 NEXT SEEDS:2A1B33BA      25       0       0       0       0      20    3039       0       0
       2847                     0                     1             3.5926121E-01         1.0000000E+30              5457       
 NEXT SEEDS:2A960269      25       0       0       0       0      20    3039       0       0
