1NUMBER OF BEAM       NUMBER OF BEAM        APPROXIMATE NUMBER    AVERAGE TIME USED     TIME LEFT (RESERVED   NUMBER OF STARS
 PARTICLES HANDLED    PARTICLES LEFT        OF BEAM PARTICLES     BY A BEAM PARTICLE     10000.0 SECONDS      CREATED
                                            THAT CAN STILL BE                           FOR PRINTOUT)
                                            HANDLED

 NEXT SEEDS:3A21E840      2E       0       0       0       0      32    3039       0       0
          1                  2846                  2846             2.3967004E-01         1.0000000E+30                 0       
 NEXT SEEDS:3A4DC89C      2E       0       0       0       0      32    3039       0       0
         50                  2797                  2797             2.8757367E-01         1.0000000E+30                 3       
 NEXT SEEDS: 8E9BED1      2F       0       0       0       0      32    3039       0       0
        100                  2747                  2747             3.5693028E-01         1.0000000E+30                15       
 NEXT SEEDS:184D6FB6      2F       0       0       0       0      32    3039       0       0
        150                  2697                  2697             3.0393771E-01         1.0000000E+30                18       
 NEXT SEEDS:1F6454DD      2F       0       0       0       0      32    3039       0       0
  *** Kbar: P_min > 1.8 GeV/c:           16   1.8869661961181636     
  *** Kaon: P_min > 1.5 GeV/c:           24   1.9536140538676969     
  *** Kbar: P_min > 1.8 GeV/c:           16   1.8516394900558730     
  *** Kbar: P_min > 1.8 GeV/c:           16   1.9530273049656701     
  *** Kbar: P_min > 1.8 GeV/c:           16   2.0488615213737362     
  *** Kbar: P_min > 1.8 GeV/c:           16   2.1279844047199457     
  *** Kbar: P_min > 1.8 GeV/c:           16   2.1076859973005648     
  *** Kbar: P_min > 1.8 GeV/c:           16   1.8808398112147697     
  Comptn_2: TXYZ:  0.99999999999609779       U,V,W  0.30515391955645699      -0.23858318107703269       0.92193229202723614     
  Comptn_2: TXYZ:  0.99999999999213851       U,V,W -0.21643490156729683       0.91125703827880500      -0.35038056961400343     
        200                  2647                  2647             2.9985247E-01         1.0000000E+30               199       
 NEXT SEEDS:29E0F53C      2F       0       0       0       0      32    3039       0       0
  Comptn_2: TXYZ:  0.99999999999800415       U,V,W  0.10758297945072570      -0.59764357290292924      -0.79451120967443245     
  Comptn_2: TXYZ:  0.99999999999828004       U,V,W -0.59099080923415093       0.18450585022117139       0.78529450184832328     
  Comptn_2: TXYZ:  0.99999999999850120       U,V,W -0.99286021400758173       -4.7513340735118703E-002  0.10941242110249050     
        250                  2597                  2597             3.2184081E-01         1.0000000E+30               204       
 NEXT SEEDS:38A85C87      2F       0       0       0       0      32    3039       0       0
  Comptn_2: TXYZ:   1.0000000000076819       U,V,W -0.19838060062130580       -7.6435886129458730E-002 -0.97714005783020497     
        300                  2547                  2547             3.0455502E-01         1.0000000E+30               208       
 NEXT SEEDS: 4F8EDF6      30       0       0       0       0      32    3039       0       0
        350                  2497                  2497             2.8861094E-01         1.0000000E+30               232       
 NEXT SEEDS: BDFC1BF      30       0       0       0       0      32    3039       0       0
  Comptn_2: TXYZ:  0.99999999999898825       U,V,W  0.22152501153702531      -0.41942416524458004      -0.88034654476029850     
  Comptn_2: TXYZ:  0.99999999999850997       U,V,W  0.83444964719092241       0.51654505237605264      -0.19202863111337365     
        400                  2447                  2447             3.2281942E-01         1.0000000E+30               239       
 NEXT SEEDS:1FF9FB13      30       0       0       0       0      32    3039       0       0
  Comptn_2: TXYZ:  0.99999999999811184       U,V,W  0.13412272739109454       0.96209194290741706       0.23746618156680199     
        450                  2397                  2397             3.3658930E-01         1.0000000E+30               246       
 NEXT SEEDS:2FFF2408      30       0       0       0       0      32    3039       0       0
  Comptn_2: TXYZ:  0.99999999999651823       U,V,W  -3.7891812615669096E-002 -0.42784440550047975       0.90305779173603185     
  Comptn_2: TXYZ:  0.99999999999840639       U,V,W -0.66946566304270050      -0.46950494041166024      -0.57565687430469126     
  Comptn_2: TXYZ:  0.99999999999594147       U,V,W  0.37632593801823333       0.11745506666945005      -0.91901202151240291     
  Comptn_2: TXYZ:   1.0000000000019029       U,V,W -0.87605661855363515       -4.6760295112378003E-002  0.47993569974661909     
        500                  2347                  2347             3.4949949E-01         1.0000000E+30               251       
 NEXT SEEDS: 551338D      31       0       0       0       0      32    3039       0       0
  *** Kbar: P_min > 1.8 GeV/c:           25   6.8632286169241450     
  *** Kbar: P_min > 1.8 GeV/c:           25   7.0963609816566526     
  *** Kbar: P_min > 1.8 GeV/c:           25   3.0255181113285756     
  *** Kbar: P_min > 1.8 GeV/c:           16   4.6527304182100737     
  *** Kbar: P_min > 1.8 GeV/c:           16   5.2475601083392815     
  *** Kbar: P_min > 1.8 GeV/c:           25   2.3922317451672077     
  *** Kbar: P_min > 1.8 GeV/c:           25   2.3869463070682899     
  *** Kbar: P_min > 1.8 GeV/c:           25   2.6493291197138134     
  *** Kbar: P_min > 1.8 GeV/c:           25   2.3508694744649516     
  *** Kbar: P_min > 1.8 GeV/c:           25   2.0002972763234195     
  *** Kbar: P_min > 1.8 GeV/c:           25   2.3472160753520837     
  *** Kbar: P_min > 1.8 GeV/c:           25   2.2759078007175653     
  *** Hhflev: call to Hadriv !! ***  0.72191873580636123        3.5000000000000000        1.5112786417883519               14 T F T
  Comptn_2: TXYZ:   1.0000000000018447       U,V,W  0.37921259786681816      -0.82365090698353072       0.42165980250214830     
        550                  2297                  2297             3.5275189E-01         1.0000000E+30              2005       
 NEXT SEEDS:1364D861      31       0       0       0       0      32    3039       0       0
        600                  2247                  2247             3.4785325E-01         1.0000000E+30              2013       
 NEXT SEEDS:1DEB8346      31       0       0       0       0      32    3039       0       0
        650                  2197                  2197             3.4693146E-01         1.0000000E+30              2038       
 NEXT SEEDS:2A388CA2      31       0       0       0       0      32    3039       0       0
  Comptn_2: TXYZ:  0.99999999999447997       U,V,W  0.61334879478852145        7.4185121332291715E-002 -0.78632043321972844     
  Comptn_2: TXYZ:  0.99999999999887956       U,V,W  0.33083093113545914      -0.81457205918630393       0.47646957447030047     
  Comptn_2: TXYZ:  0.99999999996997513       U,V,W  0.15683618905632102       0.98711072209091100        3.1856429577487688E-002
        700                  2147                  2147             3.4745822E-01         1.0000000E+30              2044       
 NEXT SEEDS:3757B4A9      31       0       0       0       0      32    3039       0       0
  Comptn_2: TXYZ:  0.99999999999444067       U,V,W -0.79716299220126707       0.58863739221645517      -0.13430258502268089     
  Comptn_2: TXYZ:   1.0000000000017040       U,V,W  0.26851765537845118      -0.74494159005292460      -0.61070475367495192     
  Comptn_2: TXYZ:  0.99999999999672196       U,V,W -0.29242971755177294       0.14100839686872746       0.94583375510806533     
        750                  2097                  2097             3.6039289E-01         1.0000000E+30              2047       
 NEXT SEEDS: F04F40E      32       0       0       0       0      32    3039       0       0
  Comptn_2: TXYZ:   1.0000000000017484       U,V,W  0.17132233051657408      -0.47134113784181153       0.86515096419417148     
  Comptn_2: TXYZ:   1.0000000000013736       U,V,W  0.50194172305721452      -0.78819465696939517       0.35609505666412389     
        800                  2047                  2047             3.5579375E-01         1.0000000E+30              2047       
 NEXT SEEDS:195AB4EA      32       0       0       0       0      32    3039       0       0
  Comptn_2: TXYZ:   1.0000000000022549       U,V,W   8.3150802558698444E-002 -0.21819545667192131      -0.97235625504432832     
  Comptn_2: TXYZ:   1.0000000000011076       U,V,W  0.34198958591041873       0.66729055375321167       0.66163920682019750     
  Comptn_2: TXYZ:  0.99999999999776268       U,V,W  0.14264829396474532      -0.38953498689986077       0.90989777349306422     
        850                  1997                  1997             3.5532013E-01         1.0000000E+30              2052       
 NEXT SEEDS:25F8E71A      32       0       0       0       0      32    3039       0       0
        900                  1947                  1947             3.5235266E-01         1.0000000E+30              2237       
 NEXT SEEDS:30C755FB      32       0       0       0       0      32    3039       0       0
  *** Hhflev: call to Hadriv !! ***  0.78229697496389539        3.5000000000000000        1.5477449082338086               13 T F T
  Comptn_2: TXYZ:  0.99999999999898848       U,V,W -0.92704044446264433       0.24854511566378790      -0.28075138434060420     
        950                  1897                  1897             3.5020603E-01         1.0000000E+30              3305       
 NEXT SEEDS:  84863E      33       0       0       0       0      32    3039       0       0
  Comptn_2: TXYZ:   1.0000000000015443       U,V,W  0.99059167779166657      -0.11156796221526832       -7.9250979164726232E-002
  Comptn_2: TXYZ:  0.99999999999783973       U,V,W -0.94237152862532980       0.29724945602733044       0.15355345299163758     
       1000                  1847                  1847             3.4457155E-01         1.0000000E+30              3306       
 NEXT SEEDS: 90DA8FF      33       0       0       0       0      32    3039       0       0
  Comptn_2: TXYZ:   1.0000000000022111       U,V,W -0.32756294967158084       0.16404884459686286       0.93047863521474738     
       1050                  1797                  1797             3.4096217E-01         1.0000000E+30              3322       
 NEXT SEEDS:12AFC9B4      33       0       0       0       0      32    3039       0       0
  Comptn_2: TXYZ:  0.99999999999897415       U,V,W -0.27388939425098613       0.92182048066021771      -0.27428379673463610     
  Comptn_2: TXYZ:   1.0000000000304601       U,V,W -0.32629752300988457      -0.33214740427020362       0.88499041144220314     
  Comptn_2: TXYZ:  0.99999999999882583       U,V,W -0.91931137156592690        5.5945988078519804E-002  0.38953388623625318     
  Comptn_2: TXYZ:   1.0000000000021332       U,V,W -0.69964733371600829       0.48744949231280543       0.52238549067733686     
  Comptn_2: TXYZ:  0.99999999997672639       U,V,W -0.32643152015643295       0.87162176088924070      -0.36567467586561975     
       1100                  1747                  1747             3.5537991E-01         1.0000000E+30              3391       
 NEXT SEEDS:2A63EC56      33       0       0       0       0      32    3039       0       0
  Comptn_2: TXYZ:  0.99999999999874656       U,V,W -0.70881162232116868      -0.12106035839167362       0.69493199213107104     
  Comptn_2: TXYZ:  0.99999999980846233       U,V,W -0.44693284163872704      -0.26536880828763287      -0.85430113570168942     
  Comptn_2: TXYZ:  0.99999999999852351       U,V,W  0.42277173606903062       0.17206737270316808      -0.88975102047186805     
  Comptn_2: TXYZ:  0.99999999999701383       U,V,W   3.7141972560334580E-002  0.12071042813946242       0.99199267457463058     
       1150                  1697                  1697             3.5779723E-01         1.0000000E+30              3467       
 NEXT SEEDS:39379626      33       0       0       0       0      32    3039       0       0
  Comptn_2: TXYZ:   1.0000000000101941       U,V,W  0.15879375618949609      -0.30847740023781967       0.93788391421750106     
       1200                  1647                  1647             3.5710469E-01         1.0000000E+30              3468       
 NEXT SEEDS: 9F655DB      34       0       0       0       0      32    3039       0       0
  Comptn_2: TXYZ:  0.99999999999831657       U,V,W -0.36221796352737101      -0.82182248888815224      -0.43977942613778964     
  Comptn_2: TXYZ:  0.99999999999868716       U,V,W -0.40434972352800713      -0.64687835449904441      -0.64656762644144194     
       1250                  1597                  1597             3.5487204E-01         1.0000000E+30              3494       
 NEXT SEEDS:14F3503F      34       0       0       0       0      32    3039       0       0
  Comptn_2: TXYZ:   1.0000000000071712       U,V,W  -2.1037450681255843E-002  0.63939564908690727      -0.76859002700057033     
  Comptn_2: TXYZ:   1.0000000000013711       U,V,W  0.70729334621376516        3.0841658575162967E-002  0.70624706335632936     
  Comptn_2: TXYZ:   1.0000000000039710       U,V,W -0.52807864767246571      -0.37863071222037092      -0.76011296899861236     
       1300                  1547                  1547             3.5104689E-01         1.0000000E+30              3520       
 NEXT SEEDS:1E4F6663      34       0       0       0       0      32    3039       0       0
  Comptn_2: TXYZ:  0.99999999999879918       U,V,W -0.84462960332575054       0.28478485152831468       0.45331933724978057     
  Comptn_2: TXYZ:   1.0000000000057028       U,V,W  0.74829063097834592      -0.38248442440227848      -0.54200257996193102     
       1350                  1497                  1497             3.6091308E-01         1.0000000E+30              3523       
 NEXT SEEDS:34222849      34       0       0       0       0      32    3039       0       0
       1400                  1447                  1447             3.5467365E-01         1.0000000E+30              3535       
 NEXT SEEDS:3AD31C9D      34       0       0       0       0      32    3039       0       0
  Comptn_2: TXYZ:   1.0000000000112041       U,V,W  -6.8802158511713785E-002  0.22724211146623929       0.97140480015887221     
       1450                  1397                  1397             3.5781289E-01         1.0000000E+30              3540       
 NEXT SEEDS: F346482      35       0       0       0       0      32    3039       0       0
  *** Hhflev: call to Hadriv !! ***  0.43233630530034595        3.5000000000000000        1.3237677893925137               14 T F T
  Comptn_2: TXYZ:  0.99999999999642497       U,V,W   8.1447453801381187E-002  0.70026653898939628       0.70922005515743081     
  Comptn_2: TXYZ:  0.99999999999881439       U,V,W -0.22811612834954076       0.89331488166630635       0.38723578628420086     
       1500                  1347                  1347             3.6099643E-01         1.0000000E+30              6312       
 NEXT SEEDS:1F61EBAC      35       0       0       0       0      32    3039       0       0
  Comptn_2: TXYZ:   1.0000000000024263       U,V,W  0.31513669605080707       0.79463608720446621      -0.51888568270572222     
  Comptn_2: TXYZ:  0.99999999999648448       U,V,W  0.83279315361963313      -0.33785954117163541       0.43852764305120218     
  Comptn_2: TXYZ:   1.0000000000015326       U,V,W  0.26603768157914942       -7.1829047804030211E-002 -0.96128275750326964     
       1550                  1297                  1297             3.5909508E-01         1.0000000E+30              6322       
 NEXT SEEDS:2A4C8777      35       0       0       0       0      32    3039       0       0
  Comptn_2: TXYZ:  0.99999999999896616       U,V,W -0.81860325919020904       0.14105037388335262      -0.55677059555035768     
  Comptn_2: TXYZ:  0.99999999992864230       U,V,W -0.99106008927535250       0.12870201578883211       -3.5152389763197789E-002
       1600                  1247                  1247             3.5916600E-01         1.0000000E+30              6325       
 NEXT SEEDS:3759285B      35       0       0       0       0      32    3039       0       0
  Comptn_2: TXYZ:  0.99999999999822253       U,V,W  0.49427301836556126      -0.58375998082574654      -0.64414165220108544     
       1650                  1197                  1197             3.5417526E-01         1.0000000E+30              6348       
 NEXT SEEDS: 2BE231F      36       0       0       0       0      32    3039       0       0
  Comptn_2: TXYZ:  0.99999999998625932       U,V,W  0.98102926621467645       -9.7021972455308969E-003 -0.19361675078660312     
  Comptn_2: TXYZ:   1.0000000000010976       U,V,W  0.32076765579540734       0.55806875706608805       0.76528907831180248     
       1700                  1147                  1147             3.5526264E-01         1.0000000E+30              6351       
 NEXT SEEDS:10F4BF3B      36       0       0       0       0      32    3039       0       0
  Comptn_2: TXYZ:   1.0000000000013314       U,V,W -0.79168674605524103      -0.59215965047701502      -0.15026325055959333     
  Comptn_2: TXYZ:   1.0000000000033027       U,V,W  0.19505439708149197       0.82571398040404631       0.52929217332942358     
  Comptn_2: TXYZ:   1.0000000000043323       U,V,W  0.23799416033801890      -0.79967007641532817       0.55125905755392068     
  Comptn_2: TXYZ:   1.0000000000046976       U,V,W -0.86033690846673527       0.10828949947493527      -0.49809014067542634     
       1750                  1097                  1097             3.5180142E-01         1.0000000E+30              6364       
 NEXT SEEDS:196812E7      36       0       0       0       0      32    3039       0       0
  Comptn_2: TXYZ:  0.99999999998346256       U,V,W -0.34583769431389300       0.93332524963795471       -9.6437894851362671E-002
  Comptn_2: TXYZ:   1.0000000000013152       U,V,W -0.71742150584778841       0.43585706395056434       0.54344733208729679     
  Comptn_2: TXYZ:   1.0000000000030629       U,V,W  0.20960952154987922       0.97699772493803749        3.9233836730460325E-002
  Comptn_2: TXYZ:   1.0000000000012839       U,V,W -0.59404040648296119      -0.20134270088192352       0.77883060563155482     
       1800                  1047                  1047             3.4990090E-01         1.0000000E+30              6621       
 NEXT SEEDS:23BA28EC      36       0       0       0       0      32    3039       0       0
  Comptn_2: TXYZ:  0.99999999999803213       U,V,W   1.9476225617054865E-002  0.31123646271753103      -0.95013290697082198     
  Comptn_2: TXYZ:   1.0000000000022455       U,V,W -0.52924472356561125      -0.33196063279027044      -0.78083427233804770     
       1850                   997                   997             3.4840871E-01         1.0000000E+30              6629       
 NEXT SEEDS:2E5213A6      36       0       0       0       0      32    3039       0       0
  Comptn_2: TXYZ:   1.0000000000012124       U,V,W  0.62696147758707355       0.41026569944495606       0.66226985548338746     
       1900                   947                   947             3.4654812E-01         1.0000000E+30              6629       
 NEXT SEEDS:382D2CCB      36       0       0       0       0      32    3039       0       0
  Comptn_2: TXYZ:   1.0000000000147147       U,V,W  0.40681557500522558       0.52119218858980076      -0.75023982199084571     
       1950                   897                   897             3.4793865E-01         1.0000000E+30              6630       
 NEXT SEEDS: B41E508      37       0       0       0       0      32    3039       0       0
  Comptn_2: TXYZ:   1.0000000000017399       U,V,W -0.88077135973639020       0.47235879368518052       -3.3451186797051946E-002
  Comptn_2: TXYZ:  0.99999999999803735       U,V,W  0.21052435248867596      -0.62211531586699154       0.75409020068621402     
  Comptn_2: TXYZ:  0.99999999999798028       U,V,W  -7.1985056330355235E-002  0.70767063374002248       0.70286586615448243     
  Comptn_2: TXYZ:  0.99999999999491218       U,V,W  0.47400814734923813       0.74757793382276816       0.46523489669492335     
       2000                   847                   847             3.5221318E-01         1.0000000E+30              6631       
 NEXT SEEDS:1DBEC64E      37       0       0       0       0      32    3039       0       0
  Comptn_2: TXYZ:  0.99999999991435584       U,V,W -0.47598905615888043       0.81914122409136780      -0.32006573281972805     
       2050                   797                   797             3.5191800E-01         1.0000000E+30              6631       
 NEXT SEEDS:29CC6C81      37       0       0       0       0      32    3039       0       0
  *** Hhflev: call to Hadriv !! ***  0.61713343601047088        3.5000000000000000        1.4461069611724118               13 T F T
  *** Hhflev: call to Hadriv !! ***  0.65864575216337740        3.5000000000000000        1.4722186960192023               13 T F T
  Comptn_2: TXYZ:   1.0000000000046230       U,V,W -0.35571565829481244       0.74542543009165363      -0.56374400096247967     
  Comptn_2: TXYZ:  0.99999999999796696       U,V,W -0.56909450762771652       0.77401953991532935      -0.27753412982045234     
  Comptn_2: TXYZ:  0.99999999999516032       U,V,W  0.81076325969585383       0.20591225026134907       0.54796266470884802     
  *** Hhflev: call to Hadriv !! ***  0.43584072012240244        3.5000000000000000        1.3274916699331105               13 T F T
  Comptn_2: TXYZ:  0.99999999999708922       U,V,W -0.68802786115887571       0.30126370643228029      -0.66019530553686678     
  Comptn_2: TXYZ:   1.0000000000175711       U,V,W  0.54943278537754736       0.28108795535791842       0.78683745190639343     
       2100                   747                   747             3.5508729E-01         1.0000000E+30              9359       
 NEXT SEEDS:3B4CCC8F      37       0       0       0       0      32    3039       0       0
       2150                   697                   697             3.5083784E-01         1.0000000E+30              9363       
 NEXT SEEDS: 5F9FF19      38       0       0       0       0      32    3039       0       0
       2200                   647                   647             3.5194628E-01         1.0000000E+30              9390       
 NEXT SEEDS:1479E7B4      38       0       0       0       0      32    3039       0       0
  Comptn_2: TXYZ:  0.99999999999856060       U,V,W  0.62511895876178869      -0.63293317925384684      -0.45675144005767021     
       2250                   597                   597             3.4909067E-01         1.0000000E+30              9393       
 NEXT SEEDS:1C8BEDDB      38       0       0       0       0      32    3039       0       0
  Comptn_2: TXYZ:  0.99999999999892730       U,V,W  -8.2144397564114513E-002 -0.98914499749593432       0.12183789179284155     
  Comptn_2: TXYZ:   1.0000000000012823       U,V,W -0.19053609650912762       0.93136806361938085       0.31024107722581107     
  Comptn_2: TXYZ:  0.99999999999863598       U,V,W -0.77667428751533407      -0.15774079959981435       0.60983185490165681     
       2300                   547                   547             3.5813661E-01         1.0000000E+30             10445       
 NEXT SEEDS:384C268C      38       0       0       0       0      32    3039       0       0
  Comptn_2: TXYZ:   1.0000000000011620       U,V,W  0.99133610579854547      -0.13134959147173220        1.0080449406757452E-004
       2350                   497                   497             3.5639579E-01         1.0000000E+30             10454       
 NEXT SEEDS: 6A9C651      39       0       0       0       0      32    3039       0       0
  Comptn_2: TXYZ:   1.0000000000015070       U,V,W -0.91602329588754827      -0.19822817475890631       0.34872182628073745     
       2400                   447                   447             3.5306484E-01         1.0000000E+30             10455       
 NEXT SEEDS: DBA39D7      39       0       0       0       0      32    3039       0       0
  Comptn_2: TXYZ:   1.0000000000195441       U,V,W -0.78036795108221213       0.41857703040577121      -0.46456337625772903     
  Comptn_2: TXYZ:   1.0000000000032048       U,V,W -0.62163607391318720      -0.55339546310003129      -0.55436635272471690     
       2450                   397                   397             3.5046851E-01         1.0000000E+30             10466       
 NEXT SEEDS:15FB7B0B      39       0       0       0       0      32    3039       0       0
       2500                   347                   347             3.4859989E-01         1.0000000E+30             10473       
 NEXT SEEDS:1F630497      39       0       0       0       0      32    3039       0       0
  Comptn_2: TXYZ:  0.99999999999735245       U,V,W -0.49727691724860534       0.86125700963490104       0.10465195136175964     
       2550                   297                   297             3.5214335E-01         1.0000000E+30             10475       
 NEXT SEEDS:32356B12      39       0       0       0       0      32    3039       0       0
       2600                   247                   247             3.5040575E-01         1.0000000E+30             11338       
 NEXT SEEDS:3B9A5D74      39       0       0       0       0      32    3039       0       0
  Comptn_2: TXYZ:   1.0000000000065115       U,V,W  0.99310745430345060       -8.6900481639986538E-003  0.11688484622199091     
  Comptn_2: TXYZ:   1.0000000000102927       U,V,W -0.15402963070141595       0.54211656594312885      -0.82606567644849349     
       2650                   197                   197             3.5052613E-01         1.0000000E+30             11357       
 NEXT SEEDS: CF07F18      3A       0       0       0       0      32    3039       0       0
       2700                   147                   147             3.4903176E-01         1.0000000E+30             11360       
 NEXT SEEDS:16C359C8      3A       0       0       0       0      32    3039       0       0
  Comptn_2: TXYZ:   1.0000000000201681       U,V,W -0.66976397349450778      -0.47891504333250623       0.56750030933810081     
  Comptn_2: TXYZ:   1.0000000000011551       U,V,W  0.73046481697906707      -0.25407684976870115      -0.63392910137373093     
       2750                    97                    97             3.4784078E-01         1.0000000E+30             11363       
 NEXT SEEDS:2157A6D2      3A       0       0       0       0      32    3039       0       0
  Comptn_2: TXYZ:  0.99999999999898581       U,V,W  0.66246801342158435        2.7066732037695829E-002 -0.74860104408760009     
       2797                    50                    50             3.4887240E-01         1.0000000E+30             11366       
 NEXT SEEDS:2F79B306      3A       0       0       0       0      32    3039       0       0
       2798                    49                    49             3.4874776E-01         1.0000000E+30             11366       
 NEXT SEEDS:2F79B30A      3A       0       0       0       0      32    3039       0       0
       2799                    48                    48             3.4862320E-01         1.0000000E+30             11366       
 NEXT SEEDS:2F79B30E      3A       0       0       0       0      32    3039       0       0
       2800                    47                    47             3.4867127E-01         1.0000000E+30             11366       
 NEXT SEEDS:2FD42733      3A       0       0       0       0      32    3039       0       0
       2801                    46                    46             3.4854686E-01         1.0000000E+30             11366       
 NEXT SEEDS:2FD42737      3A       0       0       0       0      32    3039       0       0
       2802                    45                    45             3.4844115E-01         1.0000000E+30             11366       
 NEXT SEEDS:2FDE6F9D      3A       0       0       0       0      32    3039       0       0
       2803                    44                    44             3.4878899E-01         1.0000000E+30             11367       
 NEXT SEEDS:30D625F5      3A       0       0       0       0      32    3039       0       0
       2804                    43                    43             3.4874758E-01         1.0000000E+30             11368       
 NEXT SEEDS:3101E066      3A       0       0       0       0      32    3039       0       0
       2805                    42                    42             3.4862329E-01         1.0000000E+30             11368       
 NEXT SEEDS:3101E06A      3A       0       0       0       0      32    3039       0       0
  Comptn_2: TXYZ:   1.0000000000012697       U,V,W -0.91881529880274515       -7.0625035160901461E-002  0.38831759050526315     
       2806                    41                    41             3.4879211E-01         1.0000000E+30             11368       
 NEXT SEEDS:319C5538      3A       0       0       0       0      32    3039       0       0
       2807                    40                    40             3.4866791E-01         1.0000000E+30             11368       
 NEXT SEEDS:319C553C      3A       0       0       0       0      32    3039       0       0
       2808                    39                    39             3.4854377E-01         1.0000000E+30             11368       
 NEXT SEEDS:319C5540      3A       0       0       0       0      32    3039       0       0
       2809                    38                    38             3.4841973E-01         1.0000000E+30             11368       
 NEXT SEEDS:319C5544      3A       0       0       0       0      32    3039       0       0
       2810                    37                    37             3.4846896E-01         1.0000000E+30             11368       
 NEXT SEEDS:31F83A53      3A       0       0       0       0      32    3039       0       0
       2811                    36                    36             3.4834504E-01         1.0000000E+30             11368       
 NEXT SEEDS:31F83A57      3A       0       0       0       0      32    3039       0       0
       2812                    35                    35             3.4829806E-01         1.0000000E+30             11368       
 NEXT SEEDS:3220F6FF      3A       0       0       0       0      32    3039       0       0
       2813                    34                    34             3.4824519E-01         1.0000000E+30             11368       
 NEXT SEEDS:3246617A      3A       0       0       0       0      32    3039       0       0
       2814                    33                    33             3.4812148E-01         1.0000000E+30             11368       
 NEXT SEEDS:3246617E      3A       0       0       0       0      32    3039       0       0
       2815                    32                    32             3.4799786E-01         1.0000000E+30             11368       
 NEXT SEEDS:32466182      3A       0       0       0       0      32    3039       0       0
  Comptn_2: TXYZ:  0.99999999997973898       U,V,W -0.56613684703393119       -4.8174967236889188E-003  0.82429719284705527     
       2816                    31                    31             3.4991534E-01         1.0000000E+30             11368       
 NEXT SEEDS:368B9E78      3A       0       0       0       0      32    3039       0       0
       2817                    30                    30             3.5008005E-01         1.0000000E+30             11368       
 NEXT SEEDS:3726C5EC      3A       0       0       0       0      32    3039       0       0
       2818                    29                    29             3.4998131E-01         1.0000000E+30             11369       
 NEXT SEEDS:37344FB4      3A       0       0       0       0      32    3039       0       0
       2819                    28                    28             3.4985720E-01         1.0000000E+30             11369       
 NEXT SEEDS:37344FB8      3A       0       0       0       0      32    3039       0       0
       2820                    27                    27             3.4992962E-01         1.0000000E+30             11369       
 NEXT SEEDS:37984A32      3A       0       0       0       0      32    3039       0       0
       2821                    26                    26             3.4989747E-01         1.0000000E+30             11369       
 NEXT SEEDS:37C89D88      3A       0       0       0       0      32    3039       0       0
       2822                    25                    25             3.4977354E-01         1.0000000E+30             11369       
 NEXT SEEDS:37C89D8C      3A       0       0       0       0      32    3039       0       0
       2823                    24                    24             3.4983806E-01         1.0000000E+30             11369       
 NEXT SEEDS:383355C4      3A       0       0       0       0      32    3039       0       0
  Comptn_2: TXYZ:   1.0000000000023124       U,V,W  0.61080769329904427      -0.51743462980094534      -0.59931241076067465     
  Comptn_2: TXYZ:  0.99999999999788125       U,V,W  0.61232808079926659      -0.24026918720080914      -0.75320982411571791     
       2824                    23                    23             3.5229737E-01         1.0000000E+30             11369       
 NEXT SEEDS: 20AC4E4      3B       0       0       0       0      32    3039       0       0
       2825                    22                    22             3.5217273E-01         1.0000000E+30             11369       
 NEXT SEEDS: 20AC4E8      3B       0       0       0       0      32    3039       0       0
       2826                    21                    21             3.5204813E-01         1.0000000E+30             11369       
 NEXT SEEDS: 20AC4EC      3B       0       0       0       0      32    3039       0       0
       2827                    20                    20             3.5194523E-01         1.0000000E+30             11369       
 NEXT SEEDS: 2169D66      3B       0       0       0       0      32    3039       0       0
       2828                    19                    19             3.5191432E-01         1.0000000E+30             11369       
 NEXT SEEDS: 2489D5B      3B       0       0       0       0      32    3039       0       0
       2829                    18                    18             3.5191575E-01         1.0000000E+30             11369       
 NEXT SEEDS: 28C50C5      3B       0       0       0       0      32    3039       0       0
       2830                    17                    17             3.5179144E-01         1.0000000E+30             11369       
 NEXT SEEDS: 28C50C9      3B       0       0       0       0      32    3039       0       0
       2831                    16                    16             3.5174744E-01         1.0000000E+30             11369       
 NEXT SEEDS: 2B66DA1      3B       0       0       0       0      32    3039       0       0
       2832                    15                    15             3.5162328E-01         1.0000000E+30             11369       
 NEXT SEEDS: 2B66DA5      3B       0       0       0       0      32    3039       0       0
       2833                    14                    14             3.5163156E-01         1.0000000E+30             11370       
 NEXT SEEDS: 2FCC0E0      3B       0       0       0       0      32    3039       0       0
       2834                    13                    13             3.5154935E-01         1.0000000E+30             11370       
 NEXT SEEDS: 3146D55      3B       0       0       0       0      32    3039       0       0
       2835                    12                    12             3.5142539E-01         1.0000000E+30             11370       
 NEXT SEEDS: 3146D59      3B       0       0       0       0      32    3039       0       0
       2836                    11                    11             3.5153154E-01         1.0000000E+30             11371       
 NEXT SEEDS: 3909421      3B       0       0       0       0      32    3039       0       0
       2837                    10                    10             3.5151578E-01         1.0000000E+30             11372       
 NEXT SEEDS: 3CA5BE0      3B       0       0       0       0      32    3039       0       0
  Comptn_2: TXYZ:  0.99999999999575329       U,V,W  0.36727507063545772       0.49850451879489993      -0.78524026082883580     
       2838                     9                     9             3.5159021E-01         1.0000000E+30             11372       
 NEXT SEEDS: 4359141      3B       0       0       0       0      32    3039       0       0
       2839                     8                     8             3.5150601E-01         1.0000000E+30             11372       
 NEXT SEEDS: 44BA37E      3B       0       0       0       0      32    3039       0       0
       2840                     7                     7             3.5138228E-01         1.0000000E+30             11372       
 NEXT SEEDS: 44BA382      3B       0       0       0       0      32    3039       0       0
       2841                     6                     6             3.5125864E-01         1.0000000E+30             11372       
 NEXT SEEDS: 44BA386      3B       0       0       0       0      32    3039       0       0
       2842                     5                     5             3.5127013E-01         1.0000000E+30             11372       
 NEXT SEEDS: 4981299      3B       0       0       0       0      32    3039       0       0
       2843                     4                     4             3.5134417E-01         1.0000000E+30             11372       
 NEXT SEEDS: 4FF6A02      3B       0       0       0       0      32    3039       0       0
       2844                     3                     3             3.5122068E-01         1.0000000E+30             11372       
 NEXT SEEDS: 4FF6A06      3B       0       0       0       0      32    3039       0       0
       2845                     2                     2             3.5109727E-01         1.0000000E+30             11372       
 NEXT SEEDS: 4FF6A0A      3B       0       0       0       0      32    3039       0       0
       2846                     1                     1             3.5100770E-01         1.0000000E+30             11372       
 NEXT SEEDS: 512842B      3B       0       0       0       0      32    3039       0       0
       2847                     0                     1             3.5103017E-01         1.0000000E+30             11372       
 NEXT SEEDS: 5663A87      3B       0       0       0       0      32    3039       0       0
