1NUMBER OF BEAM       NUMBER OF BEAM        APPROXIMATE NUMBER    AVERAGE TIME USED     TIME LEFT (RESERVED   NUMBER OF STARS
 PARTICLES HANDLED    PARTICLES LEFT        OF BEAM PARTICLES     BY A BEAM PARTICLE     10000.0 SECONDS      CREATED
                                            THAT CAN STILL BE                           FOR PRINTOUT)
                                            HANDLED

 NEXT SEEDS:1FD68A65       D       0       0       0       0      44    3039       0       0
          1                  2152                  2152             4.3771815E-01         1.0000000E+30                 0       
 NEXT SEEDS:20277647       D       0       0       0       0      44    3039       0       0
  Comptn_2: TXYZ:   1.0000000000025473       U,V,W  0.25914276879864317      -0.83705571188033190       0.48185346381491456     
         40                  2113                  2113             8.1511950E-02         1.0000000E+30                 6       
 NEXT SEEDS:2229CC0C       D       0       0       0       0      44    3039       0       0
         80                  2073                  2073             8.1204927E-02         1.0000000E+30                16       
 NEXT SEEDS:2478851A       D       0       0       0       0      44    3039       0       0
        120                  2033                  2033             7.8820920E-02         1.0000000E+30                20       
 NEXT SEEDS:2698815B       D       0       0       0       0      44    3039       0       0
        160                  1993                  1993             7.5028253E-02         1.0000000E+30                20       
 NEXT SEEDS:2864268C       D       0       0       0       0      44    3039       0       0
  *** Hhflev: call to Hadriv !! ***  0.68959618201847905        3.5000000000000000        1.4914353356185421               14 T F T
  Comptn_2: TXYZ:   1.0000000000010547       U,V,W -0.38320120820812065       0.82633731316903436      -0.41270265190991040     
        200                  1953                  1953             9.7811222E-02         1.0000000E+30                29       
 NEXT SEEDS:2DD0FBBC       D       0       0       0       0      44    3039       0       0
        240                  1913                  1913             9.2041119E-02         1.0000000E+30                31       
 NEXT SEEDS:2F9384C2       D       0       0       0       0      44    3039       0       0
  Comptn_2: TXYZ:   1.0000000000012554       U,V,W  0.26399459698428984      -0.75263518477166569       0.60319742324389836     
        280                  1873                  1873             9.6461228E-02         1.0000000E+30                31       
 NEXT SEEDS:331C2F08       D       0       0       0       0      44    3039       0       0
  Comptn_2: TXYZ:  0.99999999999639555       U,V,W  0.10007807182918782       0.95274109457004741      -0.28682535845495849     
        320                  1833                  1833             1.0550681E-01         1.0000000E+30                34       
 NEXT SEEDS:37AB6816       D       0       0       0       0      44    3039       0       0
        360                  1793                  1793             1.0317632E-01         1.0000000E+30                38       
 NEXT SEEDS:3A13096E       D       0       0       0       0      44    3039       0       0
        400                  1753                  1753             1.0379764E-01         1.0000000E+30                38       
 NEXT SEEDS: 19C717D       E       0       0       0       0      44    3039       0       0
        440                  1713                  1713             1.0121796E-01         1.0000000E+30                52       
 NEXT SEEDS: 3C3BD6E       E       0       0       0       0      44    3039       0       0
        480                  1673                  1673             9.6666082E-02         1.0000000E+30                56       
 NEXT SEEDS: 5181FB4       E       0       0       0       0      44    3039       0       0
        520                  1633                  1633             1.1481298E-01         1.0000000E+30                57       
 NEXT SEEDS: EBDA4BC       E       0       0       0       0      44    3039       0       0
  Comptn_2: TXYZ:  0.99999999999874101       U,V,W -0.22303890306430674       0.41455932459226114       0.88226652101970870     
        560                  1593                  1593             1.1047737E-01         1.0000000E+30                60       
 NEXT SEEDS:1044F1CF       E       0       0       0       0      44    3039       0       0
        600                  1553                  1553             1.0644482E-01         1.0000000E+30                60       
 NEXT SEEDS:11AE48F6       E       0       0       0       0      44    3039       0       0
        640                  1513                  1513             1.1073587E-01         1.0000000E+30                60       
 NEXT SEEDS:168896E8       E       0       0       0       0      44    3039       0       0
        680                  1473                  1473             1.0978905E-01         1.0000000E+30                67       
 NEXT SEEDS:1934F615       E       0       0       0       0      44    3039       0       0
  *** Kaon: P_min > 1.5 GeV/c:           24   2.2169572276744001     
  *** Kaon: P_min > 1.5 GeV/c:           24   2.9135551882861517     
  *** Kaon: P_min > 1.5 GeV/c:           24   2.8542482879114388     
  *** Kbar: P_min > 1.8 GeV/c:           16   2.7604033225310762     
  *** Kaon: P_min > 1.5 GeV/c:           15   2.9120760890464421     
  *** Kaon: P_min > 1.5 GeV/c:           24   96.694966205298755     
  *** Kbar: P_min > 1.8 GeV/c:           25   68.248984808398731     
  *** Kbar: P_min > 1.8 GeV/c:           25   2.5854627484796051     
  *** Kbar: P_min > 1.8 GeV/c:           25   3.3459352249061145     
  *** Kbar: P_min > 1.8 GeV/c:           16   5.7557702748523321     
  *** Kaon: P_min > 1.5 GeV/c:           24   38.468827144200262     
  *** Kaon: P_min > 1.5 GeV/c:           15   16.073374428464096     
  *** Kaon: P_min > 1.5 GeV/c:           15   16.072118795574259     
  *** Kaon: P_min > 1.5 GeV/c:           15   13.520352612679387     
  *** Kaon: P_min > 1.5 GeV/c:           24   5.4939042373822931     
  *** Kaon: P_min > 1.5 GeV/c:           24   5.4938401136154713     
  *** Kaon: P_min > 1.5 GeV/c:           24   5.5328289803126784     
  *** Hhflev: call to Hadriv !! ***  0.81306316093283681        3.5000000000000000        1.5660340110752420               13 T F T
  *** Kaon: P_min > 1.5 GeV/c:           24   38.468414651118145     
  *** Kaon: P_min > 1.5 GeV/c:           24   44.882747797212559     
  *** Kbar: P_min > 1.8 GeV/c:           16   10.193728996087643     
  Comptn_2: TXYZ:  0.99999999999802269       U,V,W  0.92153244610072993      -0.14453506561379470       0.36039917534539967     
  *** Hhflev: call to Hadriv !! ***  0.75311110489810407        3.5000000000000000        1.5302140460985338               13 T F T
  *** Hhflev: call to Hadriv !! ***  0.90868351813639447        5.0000000000000000        2.0532786219375865                8 T F T
  *** Hhflev: call to Hadriv !! ***  0.90868351813639447        5.0000000000000000        2.0532786219375865                8 T F T
  *** Hhflev: call to Hadriv !! ***  0.90868351813639447        5.0000000000000000        2.0532786219375865                8 T F T
  *** Hhflev: call to Hadriv !! ***  0.90868351813639447        5.0000000000000000        2.0532786219375865                8 T F T
  *** Hhflev: call to Hadriv !! ***  0.90868351813639447        5.0000000000000000        2.0532786219375865                8 T F T
  *** Hhflev: call to Hadriv !! ***  0.90868351813639447        5.0000000000000000        2.0532786219375865                8 T F T
  *** Hhflev: call to Hadriv !! ***  0.90868351813639447        5.0000000000000000        2.0532786219375865                8 T F T
        720                  1433                  1433             1.1131851E-01         1.0000000E+30              1006       
 NEXT SEEDS:1D1A6059       E       0       0       0       0      44    3039       0       0
  Comptn_2: TXYZ:  0.99999999999894451       U,V,W  0.36935014639258412      -0.69292921752748526      -0.61921689968497162     
  Comptn_2: TXYZ:   1.0000000000143219       U,V,W -0.41257699803043124       0.79739064522212288       0.44039570799766636     
        760                  1393                  1393             1.1148305E-01         1.0000000E+30              1008       
 NEXT SEEDS:205A203F       E       0       0       0       0      44    3039       0       0
        800                  1353                  1353             1.0801398E-01         1.0000000E+30              1012       
 NEXT SEEDS:218726C9       E       0       0       0       0      44    3039       0       0
        840                  1313                  1313             1.0759169E-01         1.0000000E+30              1017       
 NEXT SEEDS:244E60A7       E       0       0       0       0      44    3039       0       0
  Comptn_2: TXYZ:  0.99999999999641742       U,V,W -0.42072072120381421       -4.3269660363577600E-002 -0.90615771874336559     
        880                  1273                  1273             1.0600608E-01         1.0000000E+30              1017       
 NEXT SEEDS:26637950       E       0       0       0       0      44    3039       0       0
        920                  1233                  1233             1.0482957E-01         1.0000000E+30              1136       
 NEXT SEEDS:28A347B6       E       0       0       0       0      44    3039       0       0
        960                  1193                  1193             1.0716454E-01         1.0000000E+30              1138       
 NEXT SEEDS:2D46210D       E       0       0       0       0      44    3039       0       0
  Comptn_2: TXYZ:  0.99999999994541233       U,V,W  0.31261320171381612      -0.73100236830981657      -0.60655463363582385     
       1000                  1153                  1153             1.0579546E-01         1.0000000E+30              1140       
 NEXT SEEDS:2F5DA1C3       E       0       0       0       0      44    3039       0       0
       1040                  1113                  1113             1.0495190E-01         1.0000000E+30              1260       
 NEXT SEEDS:31BFD8A1       E       0       0       0       0      44    3039       0       0
       1080                  1073                  1073             1.0393534E-01         1.0000000E+30              1262       
 NEXT SEEDS:33F2BAFB       E       0       0       0       0      44    3039       0       0
       1120                  1033                  1033             1.0290353E-01         1.0000000E+30              1262       
 NEXT SEEDS:360C99FB       E       0       0       0       0      44    3039       0       0
       1160                   993                   993             1.0209421E-01         1.0000000E+30              1270       
 NEXT SEEDS:384008E1       E       0       0       0       0      44    3039       0       0
  Comptn_2: TXYZ:   1.0000000000021587       U,V,W  0.51353321445735389       0.67810446857225060      -0.52579270378505782     
       1200                   953                   953             1.0168367E-01         1.0000000E+30              1274       
 NEXT SEEDS:3AC970E9       E       0       0       0       0      44    3039       0       0
       1240                   913                   913             1.0072178E-01         1.0000000E+30              1277       
 NEXT SEEDS: 13920FC       F       0       0       0       0      44    3039       0       0
  Comptn_2: TXYZ:   1.0000000000031406       U,V,W  0.63122344549933462      -0.27216203035905551       0.72628148199298437     
       1280                   873                   873             1.0212985E-01         1.0000000E+30              1278       
 NEXT SEEDS: 540AD8D       F       0       0       0       0      44    3039       0       0
       1320                   833                   833             1.0110374E-01         1.0000000E+30              1586       
 NEXT SEEDS: 72D1DED       F       0       0       0       0      44    3039       0       0
       1360                   793                   793             9.9551582E-02         1.0000000E+30              1588       
 NEXT SEEDS: 88F4C8A       F       0       0       0       0      44    3039       0       0
       1400                   753                   753             9.8330590E-02         1.0000000E+30              1608       
 NEXT SEEDS: A2A92BC       F       0       0       0       0      44    3039       0       0
       1440                   713                   713             9.8280398E-02         1.0000000E+30              1620       
 NEXT SEEDS: CDF5B40       F       0       0       0       0      44    3039       0       0
       1480                   673                   673             9.9130280E-02         1.0000000E+30              1622       
 NEXT SEEDS:10930920       F       0       0       0       0      44    3039       0       0
  Comptn_2: TXYZ:   1.0000000000011398       U,V,W  0.94480187682754391       0.10285440326172335       0.31107938741415353     
       1520                   633                   633             9.8489219E-02         1.0000000E+30              1626       
 NEXT SEEDS:12AA7023       F       0       0       0       0      44    3039       0       0
       1560                   593                   593             9.8606833E-02         1.0000000E+30              1630       
 NEXT SEEDS:159ECF9C       F       0       0       0       0      44    3039       0       0
       1600                   553                   553             9.8467817E-02         1.0000000E+30              1631       
 NEXT SEEDS:18350814       F       0       0       0       0      44    3039       0       0
  Comptn_2: TXYZ:  0.99999999999834865       U,V,W  0.25050425319221148       0.90781872973586530      -0.33632242427724179     
       1640                   513                   513             9.9586719E-02         1.0000000E+30              1640       
 NEXT SEEDS:1C3958D1       F       0       0       0       0      44    3039       0       0
  Comptn_2: TXYZ:  0.99999999999860556       U,V,W  0.96579741643575101        2.4925451341644589E-002 -0.25809702106000643     
  Comptn_2: TXYZ:   1.0000000000013389       U,V,W  0.63649107363265500       0.29505539123402968       0.71261590586445855     
       1680                   473                   473             1.0130874E-01         1.0000000E+30              1642       
 NEXT SEEDS:21051043       F       0       0       0       0      44    3039       0       0
  Comptn_2: TXYZ:  0.99999999999730194       U,V,W -0.70009164029376336      -0.22427438861904392      -0.67791791081047847     
       1720                   433                   433             1.0055692E-01         1.0000000E+30              1644       
 NEXT SEEDS:22FA794F       F       0       0       0       0      44    3039       0       0
       1760                   393                   393             1.0019604E-01         1.0000000E+30              1655       
 NEXT SEEDS:25660B74       F       0       0       0       0      44    3039       0       0
  Comptn_2: TXYZ:  0.99999999999774425       U,V,W  0.47765899347247398      -0.17721280321202570      -0.86048678568025849     
       1800                   353                   353             9.9299223E-02         1.0000000E+30              1655       
 NEXT SEEDS:27158419       F       0       0       0       0      44    3039       0       0
       1840                   313                   313             9.9685943E-02         1.0000000E+30              1656       
 NEXT SEEDS:2A6929F6       F       0       0       0       0      44    3039       0       0
       1880                   273                   273             9.8601702E-02         1.0000000E+30              1656       
 NEXT SEEDS:2BC9BEC1       F       0       0       0       0      44    3039       0       0
       1920                   233                   233             9.8181375E-02         1.0000000E+30              1656       
 NEXT SEEDS:2DFAE306       F       0       0       0       0      44    3039       0       0
  Comptn_2: TXYZ:  0.99999999999866485       U,V,W  0.69479478665302707       0.19903990510662339       0.69111744343026515     
  Comptn_2: TXYZ:   1.0000000000138320       U,V,W  0.77220485190231969       0.16967701535168089      -0.61229843799710437     
       1960                   193                   193             1.0601675E-01         1.0000000E+30              1662       
 NEXT SEEDS:3B937920       F       0       0       0       0      44    3039       0       0
  Comptn_2: TXYZ:   1.0000000000014637       U,V,W  0.13158814189395684      -0.90290429271317552       0.40920459322260783     
  Comptn_2: TXYZ:   1.0000000000011324       U,V,W -0.95904542849037000      -0.25975367614938705       0.11295969998072053     
       2000                   153                   153             1.0648923E-01         1.0000000E+30              1663       
 NEXT SEEDS: 3A901DA      10       0       0       0       0      44    3039       0       0
       2040                   113                   113             1.0906810E-01         1.0000000E+30              1663       
 NEXT SEEDS: A8110CD      10       0       0       0       0      44    3039       0       0
       2080                    73                    73             1.0952462E-01         1.0000000E+30              1664       
 NEXT SEEDS: E3B7914      10       0       0       0       0      44    3039       0       0
       2103                    50                    50             1.0870600E-01         1.0000000E+30              1668       
 NEXT SEEDS: EC9448D      10       0       0       0       0      44    3039       0       0
       2104                    49                    49             1.0865441E-01         1.0000000E+30              1668       
 NEXT SEEDS: EC94491      10       0       0       0       0      44    3039       0       0
       2105                    48                    48             1.0860284E-01         1.0000000E+30              1668       
 NEXT SEEDS: EC94495      10       0       0       0       0      44    3039       0       0
       2106                    47                    47             1.0861737E-01         1.0000000E+30              1668       
 NEXT SEEDS: EE2C970      10       0       0       0       0      44    3039       0       0
       2107                    46                    46             1.0856629E-01         1.0000000E+30              1668       
 NEXT SEEDS: EE2EB7D      10       0       0       0       0      44    3039       0       0
       2108                    45                    45             1.0851485E-01         1.0000000E+30              1668       
 NEXT SEEDS: EE2EB81      10       0       0       0       0      44    3039       0       0
       2109                    44                    44             1.0846344E-01         1.0000000E+30              1668       
 NEXT SEEDS: EE2EB85      10       0       0       0       0      44    3039       0       0
       2110                    43                    43             1.0841209E-01         1.0000000E+30              1668       
 NEXT SEEDS: EE2EB89      10       0       0       0       0      44    3039       0       0
       2111                    42                    42             1.0836134E-01         1.0000000E+30              1668       
 NEXT SEEDS: EE3179B      10       0       0       0       0      44    3039       0       0
       2112                    41                    41             1.0831009E-01         1.0000000E+30              1668       
 NEXT SEEDS: EE317B3      10       0       0       0       0      44    3039       0       0
       2113                    40                    40             1.0826109E-01         1.0000000E+30              1668       
 NEXT SEEDS: EE3D8F9      10       0       0       0       0      44    3039       0       0
       2114                    39                    39             1.0820994E-01         1.0000000E+30              1668       
 NEXT SEEDS: EE3D90A      10       0       0       0       0      44    3039       0       0
       2115                    38                    38             1.0815918E-01         1.0000000E+30              1668       
 NEXT SEEDS: EE3F409      10       0       0       0       0      44    3039       0       0
       2116                    37                    37             1.0816340E-01         1.0000000E+30              1668       
 NEXT SEEDS: EF87EBE      10       0       0       0       0      44    3039       0       0
       2117                    36                    36             1.0811239E-01         1.0000000E+30              1668       
 NEXT SEEDS: EF87EC2      10       0       0       0       0      44    3039       0       0
       2118                    35                    35             1.0808421E-01         1.0000000E+30              1668       
 NEXT SEEDS: F01A558      10       0       0       0       0      44    3039       0       0
       2119                    34                    34             1.0805898E-01         1.0000000E+30              1668       
 NEXT SEEDS: F0BD7AA      10       0       0       0       0      44    3039       0       0
       2120                    33                    33             1.0847718E-01         1.0000000E+30              1668       
 NEXT SEEDS: FC8A554      10       0       0       0       0      44    3039       0       0
       2121                    32                    32             1.0842611E-01         1.0000000E+30              1668       
 NEXT SEEDS: FC8A558      10       0       0       0       0      44    3039       0       0
       2122                    31                    31             1.0837508E-01         1.0000000E+30              1668       
 NEXT SEEDS: FC8A5E4      10       0       0       0       0      44    3039       0       0
       2123                    30                    30             1.0832437E-01         1.0000000E+30              1668       
 NEXT SEEDS: FC8BC86      10       0       0       0       0      44    3039       0       0
       2124                    29                    29             1.0827342E-01         1.0000000E+30              1668       
 NEXT SEEDS: FC8BC8A      10       0       0       0       0      44    3039       0       0
       2125                    28                    28             1.0822252E-01         1.0000000E+30              1668       
 NEXT SEEDS: FC8BC8E      10       0       0       0       0      44    3039       0       0
       2126                    27                    27             1.0817167E-01         1.0000000E+30              1668       
 NEXT SEEDS: FC8BC92      10       0       0       0       0      44    3039       0       0
       2127                    26                    26             1.0812087E-01         1.0000000E+30              1668       
 NEXT SEEDS: FC8BCA6      10       0       0       0       0      44    3039       0       0
       2128                    25                    25             1.0810391E-01         1.0000000E+30              1668       
 NEXT SEEDS: FD48A0E      10       0       0       0       0      44    3039       0       0
       2129                    24                    24             1.0805320E-01         1.0000000E+30              1668       
 NEXT SEEDS: FD48A24      10       0       0       0       0      44    3039       0       0
       2130                    23                    23             1.0800278E-01         1.0000000E+30              1668       
 NEXT SEEDS: FD4A087      10       0       0       0       0      44    3039       0       0
       2131                    22                    22             1.0795509E-01         1.0000000E+30              1668       
 NEXT SEEDS: FD58014      10       0       0       0       0      44    3039       0       0
       2132                    21                    21             1.0791357E-01         1.0000000E+30              1668       
 NEXT SEEDS: FD8E015      10       0       0       0       0      44    3039       0       0
       2133                    20                    20             1.0789867E-01         1.0000000E+30              1668       
 NEXT SEEDS: FE6D004      10       0       0       0       0      44    3039       0       0
       2134                    19                    19             1.0784818E-01         1.0000000E+30              1668       
 NEXT SEEDS: FE6D015      10       0       0       0       0      44    3039       0       0
       2135                    18                    18             1.0779771E-01         1.0000000E+30              1668       
 NEXT SEEDS: FE6D019      10       0       0       0       0      44    3039       0       0
       2136                    17                    17             1.0774730E-01         1.0000000E+30              1668       
 NEXT SEEDS: FE6D01D      10       0       0       0       0      44    3039       0       0
  Comptn_2: TXYZ:   1.0000000000237939       U,V,W -0.63136250878471145      -0.63101879967548768       0.45077339870601918     
       2137                    16                    16             1.0771051E-01         1.0000000E+30              1668       
 NEXT SEEDS: FEC3503      10       0       0       0       0      44    3039       0       0
       2138                    15                    15             1.0774369E-01         1.0000000E+30              1668       
 NEXT SEEDS:100DAB79      10       0       0       0       0      44    3039       0       0
       2139                    14                    14             1.0773259E-01         1.0000000E+30              1673       
 NEXT SEEDS:101CD0C8      10       0       0       0       0      44    3039       0       0
       2140                    13                    13             1.0773019E-01         1.0000000E+30              1673       
 NEXT SEEDS:102FE194      10       0       0       0       0      44    3039       0       0
       2141                    12                    12             1.0786950E-01         1.0000000E+30              1673       
 NEXT SEEDS:1077BD5B      10       0       0       0       0      44    3039       0       0
       2142                    11                    11             1.0781922E-01         1.0000000E+30              1673       
 NEXT SEEDS:1077BD5F      10       0       0       0       0      44    3039       0       0
       2143                    10                    10             1.0794649E-01         1.0000000E+30              1673       
 NEXT SEEDS:10B5A64F      10       0       0       0       0      44    3039       0       0
       2144                     9                     9             1.0811579E-01         1.0000000E+30              1673       
 NEXT SEEDS:110A3DAF      10       0       0       0       0      44    3039       0       0
       2145                     8                     8             1.0806547E-01         1.0000000E+30              1673       
 NEXT SEEDS:110A3DB3      10       0       0       0       0      44    3039       0       0
       2146                     7                     7             1.0801516E-01         1.0000000E+30              1673       
 NEXT SEEDS:110A3DC7      10       0       0       0       0      44    3039       0       0
       2147                     6                     6             1.0805999E-01         1.0000000E+30              1673       
 NEXT SEEDS:112FCC7B      10       0       0       0       0      44    3039       0       0
       2148                     5                     5             1.0805940E-01         1.0000000E+30              1673       
 NEXT SEEDS:11435DF9      10       0       0       0       0      44    3039       0       0
       2149                     4                     4             1.0800918E-01         1.0000000E+30              1673       
 NEXT SEEDS:11435E11      10       0       0       0       0      44    3039       0       0
       2150                     3                     3             1.0803790E-01         1.0000000E+30              1673       
 NEXT SEEDS:1160FC32      10       0       0       0       0      44    3039       0       0
       2151                     2                     2             1.0798775E-01         1.0000000E+30              1673       
 NEXT SEEDS:1160FC46      10       0       0       0       0      44    3039       0       0
       2152                     1                     1             1.0800671E-01         1.0000000E+30              1673       
 NEXT SEEDS:117ACF83      10       0       0       0       0      44    3039       0       0
       2153                     0                     1             1.0795662E-01         1.0000000E+30              1673       
 NEXT SEEDS:117ACF87      10       0       0       0       0      44    3039       0       0
