1NUMBER OF BEAM       NUMBER OF BEAM        APPROXIMATE NUMBER    AVERAGE TIME USED     TIME LEFT (RESERVED   NUMBER OF STARS
 PARTICLES HANDLED    PARTICLES LEFT        OF BEAM PARTICLES     BY A BEAM PARTICLE     10000.0 SECONDS      CREATED
                                            THAT CAN STILL BE                           FOR PRINTOUT)
                                            HANDLED

 NEXT SEEDS:260C7DB8       3       0       0       0       0       E    3039       0       0
          1                  2152                  2152             7.1676970E-02         1.0000000E+30                 0       
 NEXT SEEDS:2617D2F1       3       0       0       0       0       E    3039       0       0
         40                  2113                  2113             6.0210478E-02         1.0000000E+30                 0       
 NEXT SEEDS:27C5B06A       3       0       0       0       0       E    3039       0       0
  *** Kbar: P_min > 1.8 GeV/c:           16   7.2285891214420968     
  *** Kbar: P_min > 1.8 GeV/c:           16   7.2789044742077138     
  *** Kaon: P_min > 1.5 GeV/c:           15   3.6833409634068275     
  *** Kaon: P_min > 1.5 GeV/c:           15   2.4694712664498693     
  *** Kaon: P_min > 1.5 GeV/c:           15   2.1007223851308416     
  *** Kaon: P_min > 1.5 GeV/c:           15   2.0249101770881253     
  *** Kaon: P_min > 1.5 GeV/c:           15   2.3686883220828832     
  *** Kaon: P_min > 1.5 GeV/c:           24   3.4674172148778934     
  *** Kbar: P_min > 1.8 GeV/c:           25   3.4556231785485219     
  *** Kbar: P_min > 1.8 GeV/c:           25   3.8874952077640614     
  *** Kbar: P_min > 1.8 GeV/c:           25   2.9825523848025015     
  *** Kbar: P_min > 1.8 GeV/c:           25   3.5890177057423682     
  *** Kbar: P_min > 1.8 GeV/c:           16   2.4450086072526749     
  *** Kbar: P_min > 1.8 GeV/c:           16   2.3961065387461491     
  *** Kbar: P_min > 1.8 GeV/c:           16   2.1796525469886978     
  *** Kbar: P_min > 1.8 GeV/c:           16   2.4066030164197785     
  *** Kbar: P_min > 1.8 GeV/c:           16   3.0263173010607285     
  *** Kbar: P_min > 1.8 GeV/c:           16   1.9379069929155595     
  *** Kaon: P_min > 1.5 GeV/c:           15   3.5661167926123856     
  *** Kaon: P_min > 1.5 GeV/c:           15   3.5946610655051372     
         80                  2073                  2073             1.2840795E-01         1.0000000E+30               807       
 NEXT SEEDS:2D8D8E92       3       0       0       0       0       E    3039       0       0
  Comptn_2: TXYZ:  0.99999999999867206       U,V,W  0.78549321570760355       0.55015742272037116       0.28342056788751080     
        120                  2033                  2033             2.1406780E-01         1.0000000E+30              1156       
 NEXT SEEDS:37F7B10B       3       0       0       0       0       E    3039       0       0
  Comptn_2: TXYZ:  0.99999999991379229       U,V,W  -8.4505351272923690E-002  0.17818477297294066       0.98036168438011373     
        160                  1993                  1993             1.6763710E-01         1.0000000E+30              1158       
 NEXT SEEDS:38C424E6       3       0       0       0       0       E    3039       0       0
        200                  1953                  1953             1.6602646E-01         1.0000000E+30              1552       
 NEXT SEEDS: 1A54D00       4       0       0       0       0       E    3039       0       0
        240                  1913                  1913             1.5046892E-01         1.0000000E+30              1555       
 NEXT SEEDS: 3B4E17B       4       0       0       0       0       E    3039       0       0
        280                  1873                  1873             1.3684263E-01         1.0000000E+30              1557       
 NEXT SEEDS: 5458FDE       4       0       0       0       0       E    3039       0       0
        320                  1833                  1833             1.2771800E-01         1.0000000E+30              1559       
 NEXT SEEDS: 711ACD7       4       0       0       0       0       E    3039       0       0
        360                  1793                  1793             1.2330143E-01         1.0000000E+30              1560       
 NEXT SEEDS: 98B9047       4       0       0       0       0       E    3039       0       0
  Comptn_2: TXYZ:  0.99999999999635647       U,V,W   4.2390603346774469E-002  0.66412883072372608      -0.74641538900654325     
        400                  1753                  1753             1.2137533E-01         1.0000000E+30              1561       
 NEXT SEEDS: C8FA894       4       0       0       0       0       E    3039       0       0
  Comptn_2: TXYZ:  0.99999999999765543       U,V,W  0.62555585838363825        8.6315813673323305E-002 -0.77538986861415538     
        440                  1713                  1713             1.1922797E-01         1.0000000E+30              1668       
 NEXT SEEDS: F60384E       4       0       0       0       0       E    3039       0       0
        480                  1673                  1673             1.1639615E-01         1.0000000E+30              1670       
 NEXT SEEDS:11ADD4F8       4       0       0       0       0       E    3039       0       0
  Comptn_2: TXYZ:   1.0000000000026610       U,V,W -0.21116571527289807       0.78262584049175388      -0.58558162069050823     
  Comptn_2: TXYZ:  0.99999999999064526       U,V,W  -2.6116737043665239E-002 -0.69748481898680836       0.71612348329026076     
  Comptn_2: TXYZ:   1.0000000000049325       U,V,W  0.81879323986011343       0.55936529418796965      -0.12918242149115144     
        520                  1633                  1633             1.3406762E-01         1.0000000E+30              1703       
 NEXT SEEDS:1BD50C06       4       0       0       0       0       E    3039       0       0
        560                  1593                  1593             1.2866270E-01         1.0000000E+30              1706       
 NEXT SEEDS:1D84A942       4       0       0       0       0       E    3039       0       0
  Comptn_2: TXYZ:   1.0000000000028118       U,V,W  0.20855238143464305       0.97089181161950933      -0.11779216583006757     
        600                  1553                  1553             1.3726771E-01         1.0000000E+30              1706       
 NEXT SEEDS:24C8E87D       4       0       0       0       0       E    3039       0       0
        640                  1513                  1513             1.3618885E-01         1.0000000E+30              1936       
 NEXT SEEDS:282F6392       4       0       0       0       0       E    3039       0       0
  Comptn_2: TXYZ:   1.0000000000011764       U,V,W  0.76435762469161972       0.55601406753346483      -0.32650540314342891     
        680                  1473                  1473             1.3109885E-01         1.0000000E+30              1943       
 NEXT SEEDS:298F872E       4       0       0       0       0       E    3039       0       0
  Comptn_2: TXYZ:  0.99999999999885558       U,V,W  0.93055558863059717        9.8605754345051366E-002  0.35262331414309767     
        720                  1433                  1433             1.2744694E-01         1.0000000E+30              1949       
 NEXT SEEDS:2B71CA0F       4       0       0       0       0       E    3039       0       0
        760                  1393                  1393             1.3252888E-01         1.0000000E+30              1958       
 NEXT SEEDS:31C080AA       4       0       0       0       0       E    3039       0       0
        800                  1353                  1353             1.2973052E-01         1.0000000E+30              1964       
 NEXT SEEDS:33F68036       4       0       0       0       0       E    3039       0       0
  Comptn_2: TXYZ:   1.0000000000022788       U,V,W -0.99793715569261021       -5.7912760517730533E-002   2.7704610801052354E-002
  Comptn_2: TXYZ:   1.0000000000018578       U,V,W  0.81919037699472597      -0.23752356798222252       0.52202459797799872     
        840                  1313                  1313             1.3937875E-01         1.0000000E+30              1968       
 NEXT SEEDS: 186EADE       5       0       0       0       0       E    3039       0       0
  Comptn_2: TXYZ:  0.99999999999779066       U,V,W  0.86072390958479872      -0.40910916503368355      -0.30295881329364249     
        880                  1273                  1273             1.3906351E-01         1.0000000E+30              1970       
 NEXT SEEDS: 54F2F95       5       0       0       0       0       E    3039       0       0
        920                  1233                  1233             1.3595478E-01         1.0000000E+30              1974       
 NEXT SEEDS: 735769B       5       0       0       0       0       E    3039       0       0
  Comptn_2: TXYZ:   1.0000000000073364       U,V,W -0.90050214496944192       0.24244910003822895      -0.36099074891667726     
        960                  1193                  1193             1.3338177E-01         1.0000000E+30              1980       
 NEXT SEEDS: 94BBCF8       5       0       0       0       0       E    3039       0       0
       1000                  1153                  1153             1.3024513E-01         1.0000000E+30              1983       
 NEXT SEEDS: ACDF81F       5       0       0       0       0       E    3039       0       0
       1040                  1113                  1113             1.2886444E-01         1.0000000E+30              1986       
 NEXT SEEDS: D872765       5       0       0       0       0       E    3039       0       0
       1080                  1073                  1073             1.3139947E-01         1.0000000E+30              2498       
 NEXT SEEDS:12FD2EA3       5       0       0       0       0       E    3039       0       0
  Comptn_2: TXYZ:  0.99999999999799927       U,V,W  0.93083350090753458      -0.10721078250278993       0.34936348077805945     
       1120                  1033                  1033             1.3015214E-01         1.0000000E+30              2509       
 NEXT SEEDS:15ABD56C       5       0       0       0       0       E    3039       0       0
  Comptn_2: TXYZ:  0.99999999999675793       U,V,W  0.22576741115905463      -0.29278403347652215       0.92914293076819732     
  Comptn_2: TXYZ:  0.99999999999777645       U,V,W -0.54912892527008239       0.82608651484648732      -0.12664317359528354     
  Comptn_2: TXYZ:   1.0000000000010116       U,V,W  0.88063391837611071      -0.19082057109275041       0.43367200907412240     
       1160                   993                   993             1.3597375E-01         1.0000000E+30              2511       
 NEXT SEEDS:1E70950E       5       0       0       0       0       E    3039       0       0
       1200                   953                   953             1.3648781E-01         1.0000000E+30              2513       
 NEXT SEEDS:22A42AB3       5       0       0       0       0       E    3039       0       0
       1240                   913                   913             1.3328645E-01         1.0000000E+30              2515       
 NEXT SEEDS:23AFF741       5       0       0       0       0       E    3039       0       0
  Comptn_2: TXYZ:   1.0000000000015148       U,V,W  0.44574356863618547       0.52670987351734766       0.72380203105568341     
       1280                   873                   873             1.3792684E-01         1.0000000E+30              2516       
 NEXT SEEDS:2B39F3F0       5       0       0       0       0       E    3039       0       0
       1320                   833                   833             1.3658714E-01         1.0000000E+30              2519       
 NEXT SEEDS:2DE422B3       5       0       0       0       0       E    3039       0       0
  Comptn_2: TXYZ:   1.0000000000010092       U,V,W  -7.0579464305097872E-002  0.43159899949575475      -0.89930019618238610     
       1360                   793                   793             1.3728542E-01         1.0000000E+30              2523       
 NEXT SEEDS:32710BC7       5       0       0       0       0       E    3039       0       0
  Comptn_2: TXYZ:  0.99999999999879241       U,V,W -0.21732729247082716       -5.0428870112568802E-002  0.97479524876009815     
       1400                   753                   753             1.3470072E-01         1.0000000E+30              2525       
 NEXT SEEDS:33B29801       5       0       0       0       0       E    3039       0       0
  Comptn_2: TXYZ:  0.99999999999857325       U,V,W  0.82835206310801368      -0.55206258805138475        9.5182763236195456E-002
       1440                   713                   713             1.3399072E-01         1.0000000E+30              2526       
 NEXT SEEDS:36C86B9B       5       0       0       0       0       E    3039       0       0
       1480                   673                   673             1.3297884E-01         1.0000000E+30              2531       
 NEXT SEEDS:397F4758       5       0       0       0       0       E    3039       0       0
       1520                   633                   633             1.3275806E-01         1.0000000E+30              2532       
 NEXT SEEDS: 16CCD25       6       0       0       0       0       E    3039       0       0
  Comptn_2: TXYZ:  0.99999999999586542       U,V,W -0.12784857927408488       0.32551948939675412      -0.93685207092493528     
       1560                   593                   593             1.3168051E-01         1.0000000E+30              2535       
 NEXT SEEDS: 3FBA4D5       6       0       0       0       0       E    3039       0       0
       1600                   553                   553             1.3051008E-01         1.0000000E+30              2537       
 NEXT SEEDS: 66B1469       6       0       0       0       0       E    3039       0       0
  Comptn_2: TXYZ:  0.99999999999871980       U,V,W  0.13729473537953041      -0.32673019464870379       0.93509226044310978     
  Comptn_2: TXYZ:   1.0000000000016438       U,V,W -0.77091871088204300      -0.33573603625437443      -0.54126301847975355     
       1640                   513                   513             1.2915543E-01         1.0000000E+30              2565       
 NEXT SEEDS: 88291ED       6       0       0       0       0       E    3039       0       0
       1680                   473                   473             1.2946503E-01         1.0000000E+30              2609       
 NEXT SEEDS: C954E54       6       0       0       0       0       E    3039       0       0
       1720                   433                   433             1.2839459E-01         1.0000000E+30              2610       
 NEXT SEEDS: EEE9143       6       0       0       0       0       E    3039       0       0
       1760                   393                   393             1.2842953E-01         1.0000000E+30              2615       
 NEXT SEEDS:1284AF82       6       0       0       0       0       E    3039       0       0
       1800                   353                   353             1.2706806E-01         1.0000000E+30              2624       
 NEXT SEEDS:14635BAE       6       0       0       0       0       E    3039       0       0
  Comptn_2: TXYZ:   1.0000000000017835       U,V,W -0.97143242749225589        5.6464842839233143E-002  0.23050110702863691     
       1840                   313                   313             1.2676570E-01         1.0000000E+30              2627       
 NEXT SEEDS:178F6528       6       0       0       0       0       E    3039       0       0
       1880                   273                   273             1.2671471E-01         1.0000000E+30              2631       
 NEXT SEEDS:1AF92AEF       6       0       0       0       0       E    3039       0       0
       1920                   233                   233             1.2537366E-01         1.0000000E+30              2632       
 NEXT SEEDS:1C9E83CC       6       0       0       0       0       E    3039       0       0
  Comptn_2: TXYZ:   1.0000000000029683       U,V,W -0.20050248566198547      -0.47403817811444071       0.85737189068471054     
  Comptn_2: TXYZ:   1.0000000000012648       U,V,W -0.94172487818177331      -0.32077243686623547      -0.10128819063289640     
       1960                   193                   193             1.2780993E-01         1.0000000E+30              2639       
 NEXT SEEDS:238B9BFD       6       0       0       0       0       E    3039       0       0
  Comptn_2: TXYZ:   1.0000000000039475       U,V,W  0.69379286180905586      -0.41741117517179305       0.58687253790618854     
  Comptn_2: TXYZ:   1.0000000000010787       U,V,W  0.33686237221973592      -0.48264288465696836       0.80844269312893857     
  Comptn_2: TXYZ:  0.99999999999898592       U,V,W  0.42182470417851192       0.53455066091177983       0.73233838480751245     
       2000                   153                   153             1.3066705E-01         1.0000000E+30              2674       
 NEXT SEEDS:2AFCBD75       6       0       0       0       0       E    3039       0       0
       2040                   113                   113             1.2934797E-01         1.0000000E+30              2683       
 NEXT SEEDS:2CBDFED6       6       0       0       0       0       E    3039       0       0
  Comptn_2: TXYZ:  0.99999999999790123       U,V,W  -8.4858714436986560E-002 -0.43638658197950519      -0.89574870898609049     
       2080                    73                    73             1.2926970E-01         1.0000000E+30              2689       
 NEXT SEEDS:304E998D       6       0       0       0       0       E    3039       0       0
       2103                    50                    50             1.2830678E-01         1.0000000E+30              2689       
 NEXT SEEDS:30FBE360       6       0       0       0       0       E    3039       0       0
       2104                    49                    49             1.2824588E-01         1.0000000E+30              2689       
 NEXT SEEDS:30FBE4F5       6       0       0       0       0       E    3039       0       0
       2105                    48                    48             1.2818579E-01         1.0000000E+30              2689       
 NEXT SEEDS:30FC22B2       6       0       0       0       0       E    3039       0       0
       2106                    47                    47             1.2846039E-01         1.0000000E+30              2689       
 NEXT SEEDS:31809E19       6       0       0       0       0       E    3039       0       0
       2107                    46                    46             1.2839950E-01         1.0000000E+30              2689       
 NEXT SEEDS:31809E1D       6       0       0       0       0       E    3039       0       0
       2108                    45                    45             1.2833977E-01         1.0000000E+30              2689       
 NEXT SEEDS:3180F19E       6       0       0       0       0       E    3039       0       0
       2109                    44                    44             1.2832896E-01         1.0000000E+30              2689       
 NEXT SEEDS:3193FF19       6       0       0       0       0       E    3039       0       0
       2110                    43                    43             1.2827439E-01         1.0000000E+30              2689       
 NEXT SEEDS:3195F026       6       0       0       0       0       E    3039       0       0
       2111                    42                    42             1.2821455E-01         1.0000000E+30              2689       
 NEXT SEEDS:3196344E       6       0       0       0       0       E    3039       0       0
       2112                    41                    41             1.2817132E-01         1.0000000E+30              2689       
 NEXT SEEDS:319D25E2       6       0       0       0       0       E    3039       0       0
       2113                    40                    40             1.2811101E-01         1.0000000E+30              2689       
 NEXT SEEDS:319D3AB8       6       0       0       0       0       E    3039       0       0
       2114                    39                    39             1.2814562E-01         1.0000000E+30              2689       
 NEXT SEEDS:31BFE167       6       0       0       0       0       E    3039       0       0
       2115                    38                    38             1.2808530E-01         1.0000000E+30              2689       
 NEXT SEEDS:31BFF18B       6       0       0       0       0       E    3039       0       0
       2116                    37                    37             1.2806270E-01         1.0000000E+30              2689       
 NEXT SEEDS:31CDDD00       6       0       0       0       0       E    3039       0       0
       2117                    36                    36             1.2806434E-01         1.0000000E+30              2693       
 NEXT SEEDS:31E2395C       6       0       0       0       0       E    3039       0       0
       2118                    35                    35             1.2800425E-01         1.0000000E+30              2693       
 NEXT SEEDS:31E251D7       6       0       0       0       0       E    3039       0       0
       2119                    34                    34             1.2802222E-01         1.0000000E+30              2693       
 NEXT SEEDS:32012B36       6       0       0       0       0       E    3039       0       0
       2120                    33                    33             1.2801532E-01         1.0000000E+30              2693       
 NEXT SEEDS:3213A52E       6       0       0       0       0       E    3039       0       0
       2121                    32                    32             1.2795561E-01         1.0000000E+30              2693       
 NEXT SEEDS:3213CFCB       6       0       0       0       0       E    3039       0       0
       2122                    31                    31             1.2797471E-01         1.0000000E+30              2693       
 NEXT SEEDS:32329C31       6       0       0       0       0       E    3039       0       0
       2123                    30                    30             1.2791507E-01         1.0000000E+30              2693       
 NEXT SEEDS:3232C91F       6       0       0       0       0       E    3039       0       0
       2124                    29                    29             1.2785490E-01         1.0000000E+30              2693       
 NEXT SEEDS:3232C923       6       0       0       0       0       E    3039       0       0
       2125                    28                    28             1.2779477E-01         1.0000000E+30              2693       
 NEXT SEEDS:3232C927       6       0       0       0       0       E    3039       0       0
       2126                    27                    27             1.2775496E-01         1.0000000E+30              2693       
 NEXT SEEDS:32395D2A       6       0       0       0       0       E    3039       0       0
       2127                    26                    26             1.2769496E-01         1.0000000E+30              2693       
 NEXT SEEDS:32395D2E       6       0       0       0       0       E    3039       0       0
       2128                    25                    25             1.2763501E-01         1.0000000E+30              2693       
 NEXT SEEDS:32395D32       6       0       0       0       0       E    3039       0       0
       2129                    24                    24             1.2757546E-01         1.0000000E+30              2693       
 NEXT SEEDS:32397774       6       0       0       0       0       E    3039       0       0
       2130                    23                    23             1.2767480E-01         1.0000000E+30              2693       
 NEXT SEEDS:32786C3E       6       0       0       0       0       E    3039       0       0
       2131                    22                    22             1.2776170E-01         1.0000000E+30              2694       
 NEXT SEEDS:32B078B5       6       0       0       0       0       E    3039       0       0
       2132                    21                    21             1.2770342E-01         1.0000000E+30              2694       
 NEXT SEEDS:32B0F64E       6       0       0       0       0       E    3039       0       0
       2133                    20                    20             1.2764394E-01         1.0000000E+30              2694       
 NEXT SEEDS:32B11149       6       0       0       0       0       E    3039       0       0
       2134                    19                    19             1.2758418E-01         1.0000000E+30              2694       
 NEXT SEEDS:32B1114D       6       0       0       0       0       E    3039       0       0
       2135                    18                    18             1.2752834E-01         1.0000000E+30              2694       
 NEXT SEEDS:32B26D0C       6       0       0       0       0       E    3039       0       0
       2136                    17                    17             1.2746902E-01         1.0000000E+30              2694       
 NEXT SEEDS:32B28711       6       0       0       0       0       E    3039       0       0
  Comptn_2: TXYZ:  0.99999999999714473       U,V,W  0.97023689009098479       -8.7277346003034495E-002  0.22588280584937337     
       2137                    16                    16             1.2756360E-01         1.0000000E+30              2694       
 NEXT SEEDS:32EF0472       6       0       0       0       0       E    3039       0       0
       2138                    15                    15             1.2750427E-01         1.0000000E+30              2694       
 NEXT SEEDS:32EF19ED       6       0       0       0       0       E    3039       0       0
       2139                    14                    14             1.2747988E-01         1.0000000E+30              2694       
 NEXT SEEDS:32FC2CE5       6       0       0       0       0       E    3039       0       0
       2140                    13                    13             1.2752660E-01         1.0000000E+30              2694       
 NEXT SEEDS:3325A1D2       6       0       0       0       0       E    3039       0       0
       2141                    12                    12             1.2746766E-01         1.0000000E+30              2694       
 NEXT SEEDS:3325CDB7       6       0       0       0       0       E    3039       0       0
       2142                    11                    11             1.2740821E-01         1.0000000E+30              2694       
 NEXT SEEDS:3325CDBB       6       0       0       0       0       E    3039       0       0
       2143                    10                    10             1.2737282E-01         1.0000000E+30              2694       
 NEXT SEEDS:332DC6E8       6       0       0       0       0       E    3039       0       0
       2144                     9                     9             1.2731347E-01         1.0000000E+30              2694       
 NEXT SEEDS:332DC6EC       6       0       0       0       0       E    3039       0       0
       2145                     8                     8             1.2725417E-01         1.0000000E+30              2694       
 NEXT SEEDS:332DC6F0       6       0       0       0       0       E    3039       0       0
       2146                     7                     7             1.2719492E-01         1.0000000E+30              2694       
 NEXT SEEDS:332DC6F4       6       0       0       0       0       E    3039       0       0
       2147                     6                     6             1.2714505E-01         1.0000000E+30              2694       
 NEXT SEEDS:3330DCC4       6       0       0       0       0       E    3039       0       0
       2148                     5                     5             1.2708592E-01         1.0000000E+30              2694       
 NEXT SEEDS:3330DCC8       6       0       0       0       0       E    3039       0       0
       2149                     4                     4             1.2702682E-01         1.0000000E+30              2694       
 NEXT SEEDS:3330DCCC       6       0       0       0       0       E    3039       0       0
       2150                     3                     3             1.2716882E-01         1.0000000E+30              2694       
 NEXT SEEDS:337CA49D       6       0       0       0       0       E    3039       0       0
       2151                     2                     2             1.2710975E-01         1.0000000E+30              2694       
 NEXT SEEDS:337CA4A1       6       0       0       0       0       E    3039       0       0
       2152                     1                     1             1.2709583E-01         1.0000000E+30              2694       
 NEXT SEEDS:338C73F5       6       0       0       0       0       E    3039       0       0
       2153                     0                     1             1.2703685E-01         1.0000000E+30              2694       
 NEXT SEEDS:338C73F9       6       0       0       0       0       E    3039       0       0
