1NUMBER OF BEAM       NUMBER OF BEAM        APPROXIMATE NUMBER    AVERAGE TIME USED     TIME LEFT (RESERVED   NUMBER OF STARS
 PARTICLES HANDLED    PARTICLES LEFT        OF BEAM PARTICLES     BY A BEAM PARTICLE     10000.0 SECONDS      CREATED
                                            THAT CAN STILL BE                           FOR PRINTOUT)
                                            HANDLED

 NEXT SEEDS:  A43A5F       D       0       0       0       0      45    3039       0       0
          1                  2152                  2152             9.4890594E-05         1.0000000E+30                 0       
 NEXT SEEDS:  A43A63       D       0       0       0       0      45    3039       0       0
  Comptn_2: TXYZ:  0.99999999999524469       U,V,W  0.50809711368812316       0.29536934209859567       0.80907000612140223     
  Comptn_2: TXYZ:   1.0000000000025189       U,V,W -0.14633512348588340       0.95636622914821245      -0.25288271467563561     
         40                  2113                  2113             1.6384973E-01         1.0000000E+30                 0       
 NEXT SEEDS: 5557D68       D       0       0       0       0      45    3039       0       0
         80                  2073                  2073             1.3617489E-01         1.0000000E+30                 3       
 NEXT SEEDS: 886354B       D       0       0       0       0      45    3039       0       0
        120                  2033                  2033             1.1365801E-01         1.0000000E+30                 7       
 NEXT SEEDS: A6D5C33       D       0       0       0       0      45    3039       0       0
  Comptn_2: TXYZ:   1.0000000000054130       U,V,W  0.51808553738124496       0.21270613879130451      -0.82845849291457796     
        160                  1993                  1993             1.2335764E-01         1.0000000E+30                21       
 NEXT SEEDS: EFADD5F       D       0       0       0       0      45    3039       0       0
        200                  1953                  1953             1.1081479E-01         1.0000000E+30                62       
 NEXT SEEDS:10BFD5ED       D       0       0       0       0      45    3039       0       0
        240                  1913                  1913             1.0608564E-01         1.0000000E+30                64       
 NEXT SEEDS:132AF0AD       D       0       0       0       0      45    3039       0       0
  *** Kbar: P_min > 1.8 GeV/c:           25   2.2950300321543047     
  *** Kbar: P_min > 1.8 GeV/c:           25   2.1889017171212628     
  *** Kbar: P_min > 1.8 GeV/c:           25   2.5475023648153119     
  Comptn_2: TXYZ:  0.99999999999865574       U,V,W  0.83447424082020039        3.7220364465298417E-002  0.54978849194510815     
  Comptn_2: TXYZ:  0.99999999999769829       U,V,W  0.67499417264498618       0.48270785834622099      -0.55801074396808303     
        280                  1873                  1873             1.1484822E-01         1.0000000E+30                88       
 NEXT SEEDS:180651C3       D       0       0       0       0      45    3039       0       0
  *** Kaon: P_min > 1.5 GeV/c:           24   4.9679948354914831     
  *** Kbar: P_min > 1.8 GeV/c:           16   3.0222625637879563     
  *** Kbar: P_min > 1.8 GeV/c:           16   2.4608441149350568     
  *** Kbar: P_min > 1.8 GeV/c:           16   2.1507706264999817     
  *** Kbar: P_min > 1.8 GeV/c:           16   2.2585366207606707     
  *** Kbar: P_min > 1.8 GeV/c:           16   2.8116533055206610     
  *** Kbar: P_min > 1.8 GeV/c:           16   2.3135250622980505     
  *** Kbar: P_min > 1.8 GeV/c:           16   2.2749165711309964     
  *** Kbar: P_min > 1.8 GeV/c:           16   2.2420343522001054     
  *** Kbar: P_min > 1.8 GeV/c:           16   2.3934351929450388     
  *** Kbar: P_min > 1.8 GeV/c:           16   2.3431567059422496     
  *** Kbar: P_min > 1.8 GeV/c:           16   2.6538746301115981     
  *** Kbar: P_min > 1.8 GeV/c:           25   2.5019060210038586     
  *** Kaon: P_min > 1.5 GeV/c:           24   4.9617325669208707     
  *** Kaon: P_min > 1.5 GeV/c:           24   3.5710457618370546     
  *** Kaon: P_min > 1.5 GeV/c:           24   5.8314960139719734     
  *** Kaon: P_min > 1.5 GeV/c:           24   3.2943615959184980     
  Comptn_2: TXYZ:   1.0000000000012748       U,V,W  0.50084459893146516       0.84886056855598380       0.16908702751324967     
        320                  1833                  1833             1.1944879E-01         1.0000000E+30               228       
 NEXT SEEDS:1C631401       D       0       0       0       0      45    3039       0       0
  Comptn_2: TXYZ:  0.99999999999793543       U,V,W  0.76261632827145576      -0.36904071855039433      -0.53124879661370272     
        360                  1793                  1793             1.2629792E-01         1.0000000E+30               233       
 NEXT SEEDS:21AB2738       D       0       0       0       0      45    3039       0       0
        400                  1753                  1753             1.1862444E-01         1.0000000E+30               239       
 NEXT SEEDS:23197671       D       0       0       0       0      45    3039       0       0
  Comptn_2: TXYZ:  0.99999999999616029       U,V,W  0.53813231278823537       0.75419416507359216      -0.37630409949705879     
        440                  1713                  1713             1.2114209E-01         1.0000000E+30               304       
 NEXT SEEDS:273F9D34       D       0       0       0       0      45    3039       0       0
  Comptn_2: TXYZ:  0.99999999998923705       U,V,W  0.25756846122861177        1.8966402049954922E-002  0.96607389125410159     
  Comptn_2: TXYZ:  0.99999999999337841       U,V,W  0.59231780167841475      -0.33443405782625746      -0.73301670020136100     
        480                  1673                  1673             1.2208062E-01         1.0000000E+30               304       
 NEXT SEEDS:2B320128       D       0       0       0       0      45    3039       0       0
  Comptn_2: TXYZ:   1.0000000000036033       U,V,W  0.76040009810716924       -2.9134908552833849E-002  0.64880108500666722     
  Comptn_2: TXYZ:   1.0000000000021159       U,V,W -0.80891935601025367      -0.35858164903780221      -0.46590629577995912     
  Comptn_2: TXYZ:   1.0000000000014753       U,V,W  -1.2499524120210381E-002  0.30845047378016233      -0.95115827658862173     
  Comptn_2: TXYZ:   1.0000000000236682       U,V,W -0.90425066189011716      -0.12791782346053537      -0.40739142226619407     
        520                  1633                  1633             1.5531832E-01         1.0000000E+30               309       
 NEXT SEEDS:   7025B       E       0       0       0       0      45    3039       0       0
        560                  1593                  1593             1.4774169E-01         1.0000000E+30               312       
 NEXT SEEDS: 173522B       E       0       0       0       0      45    3039       0       0
        600                  1553                  1553             1.4490280E-01         1.0000000E+30               319       
 NEXT SEEDS: 48C5AD9       E       0       0       0       0      45    3039       0       0
  *** Hhflev: call to Hadriv !! ***  0.55538159871261250        3.5000000000000000        1.4065377560398780               13 T F T
  Comptn_2: TXYZ:   1.0000000000087887       U,V,W -0.41136809450262035      -0.74763477996738459      -0.52136218372374543     
        640                  1513                  1513             1.4584579E-01         1.0000000E+30               530       
 NEXT SEEDS: 933890A       E       0       0       0       0      45    3039       0       0
  Comptn_2: TXYZ:  0.99999999999864553       U,V,W -0.54228059285317798      -0.84015929954636270        8.0068719995125548E-003
  Comptn_2: TXYZ:  0.99999999999895639       U,V,W  0.49445390474769724       0.70103224536067898       0.51387656790641500     
        680                  1473                  1473             1.5674472E-01         1.0000000E+30               661       
 NEXT SEEDS:13190BEF       E       0       0       0       0      45    3039       0       0
        720                  1433                  1433             1.5464144E-01         1.0000000E+30               665       
 NEXT SEEDS:1689E592       E       0       0       0       0      45    3039       0       0
        760                  1393                  1393             1.5254913E-01         1.0000000E+30               670       
 NEXT SEEDS:19C3C348       E       0       0       0       0      45    3039       0       0
  Comptn_2: TXYZ:   1.0000000000062392       U,V,W -0.93534322128445524       0.32115870131273994      -0.14829075148023207     
        800                  1353                  1353             1.4926826E-01         1.0000000E+30               671       
 NEXT SEEDS:1C55914E       E       0       0       0       0      45    3039       0       0
  Comptn_2: TXYZ:   1.0000000000012277       U,V,W -0.85707274006349365       0.11682643812428495      -0.50177475185233789     
  Comptn_2: TXYZ:   1.0000000000013767       U,V,W   3.8476159324503101E-002  0.99250023415249355      -0.11602960989444711     
        840                  1313                  1313             1.4837648E-01         1.0000000E+30               867       
 NEXT SEEDS:202CBF2A       E       0       0       0       0      45    3039       0       0
  Comptn_2: TXYZ:  0.99999999999576861       U,V,W  0.99208266229378772        9.5652315731453275E-002   8.1379516262074958E-002
  Comptn_2: TXYZ:   1.0000000000015767       U,V,W  0.26946541304371863       -1.6402491718459089E-002  0.96287037000843512     
  Comptn_2: TXYZ:  0.99999999999876332       U,V,W  0.21015144241882666      -0.74314125828453825       0.63527745236496713     
        880                  1273                  1273             1.5771263E-01         1.0000000E+30               912       
 NEXT SEEDS:2A64CFF3       E       0       0       0       0      45    3039       0       0
        920                  1233                  1233             1.5448191E-01         1.0000000E+30               913       
 NEXT SEEDS:2CD06E9E       E       0       0       0       0      45    3039       0       0
        960                  1193                  1193             1.5156620E-01         1.0000000E+30               915       
 NEXT SEEDS:2F3A3771       E       0       0       0       0      45    3039       0       0
       1000                  1153                  1153             1.5504607E-01         1.0000000E+30               919       
 NEXT SEEDS:35B576C4       E       0       0       0       0      45    3039       0       0
       1040                  1113                  1113             1.5502094E-01         1.0000000E+30               974       
 NEXT SEEDS:3A441C3A       E       0       0       0       0      45    3039       0       0
  Comptn_2: TXYZ:   1.0000000000048639       U,V,W  0.26424020515283075       0.82434827234372676      -0.50062664718287486     
  Comptn_2: TXYZ:   1.0000000000017149       U,V,W -0.31214452454996433       0.84817457267236662      -0.42797860935710297     
       1080                  1073                  1073             1.5284786E-01         1.0000000E+30              1042       
 NEXT SEEDS: 17BCF1D       F       0       0       0       0      45    3039       0       0
  Comptn_2: TXYZ:  0.99999999999898870       U,V,W -0.17966782219985689       0.96403645514411718       0.19583969673718826     
       1120                  1033                  1033             1.6145117E-01         1.0000000E+30              1049       
 NEXT SEEDS: D5CD24C       F       0       0       0       0      45    3039       0       0
       1160                   993                   993             1.5832771E-01         1.0000000E+30              1051       
 NEXT SEEDS: F651186       F       0       0       0       0      45    3039       0       0
       1200                   953                   953             1.5470400E-01         1.0000000E+30              1053       
 NEXT SEEDS:10D2B95A       F       0       0       0       0      45    3039       0       0
       1240                   913                   913             1.5127132E-01         1.0000000E+30              1119       
 NEXT SEEDS:1238FB7A       F       0       0       0       0      45    3039       0       0
  Comptn_2: TXYZ:  0.99999999999739420       U,V,W  0.48438690614646163       0.87401547705181848        3.8291918535577452E-002
       1280                   873                   873             1.4922199E-01         1.0000000E+30              1128       
 NEXT SEEDS:14BCE7BD       F       0       0       0       0      45    3039       0       0
       1320                   833                   833             1.4631597E-01         1.0000000E+30              1140       
 NEXT SEEDS:164861AD       F       0       0       0       0      45    3039       0       0
       1360                   793                   793             1.4536965E-01         1.0000000E+30              1149       
 NEXT SEEDS:19AB4C63       F       0       0       0       0      45    3039       0       0
  *** Hhflev: call to Hadriv !! ***  0.70075493467274941        3.5000000000000000        1.4968837478682362               14 T F T
  Comptn_2: TXYZ:   1.0000000000010114       U,V,W  0.32428658646364283       0.94217445717293735        8.4531071752643072E-002
  Comptn_2: TXYZ:   1.0000000000011169       U,V,W  0.48644393858576596       0.22677304657611330       0.84376909161267122     
  Comptn_2: TXYZ:  0.99999999999708034       U,V,W  0.86764959927384666      -0.19019813775585703      -0.45935698674475134     
       1400                   753                   753             1.5289731E-01         1.0000000E+30              1210       
 NEXT SEEDS:256E7F89       F       0       0       0       0      45    3039       0       0
  Comptn_2: TXYZ:  0.99999999999868261       U,V,W  -8.8273702023826672E-003 -0.67207590646857085      -0.74042964113981924     
       1440                   713                   713             1.5560175E-01         1.0000000E+30              1213       
 NEXT SEEDS:2CB26E92       F       0       0       0       0      45    3039       0       0
       1480                   673                   673             1.5350337E-01         1.0000000E+30              1218       
 NEXT SEEDS:2EF3EA8C       F       0       0       0       0      45    3039       0       0
       1520                   633                   633             1.5303126E-01         1.0000000E+30              1497       
 NEXT SEEDS:330778A9       F       0       0       0       0      45    3039       0       0
  Comptn_2: TXYZ:   1.0000000000010560       U,V,W -0.38619315148949340       0.58760205265448917       0.71104055964473645     
  *** Hhflev: call to Hadriv !! ***  0.57924403354457732        3.5000000000000000        1.4219318595081745               14 T F T
  Comptn_2: TXYZ:   1.0000000000043985       U,V,W -0.99645673276099167        8.2120410205543948E-002   1.8171900488425763E-002
       1560                   593                   593             1.5413911E-01         1.0000000E+30              1593       
 NEXT SEEDS:38CD4C24       F       0       0       0       0      45    3039       0       0
       1600                   553                   553             1.5222845E-01         1.0000000E+30              1596       
 NEXT SEEDS:3B058AE6       F       0       0       0       0      45    3039       0       0
       1640                   513                   513             1.5138713E-01         1.0000000E+30              1597       
 NEXT SEEDS: 2B1CADE      10       0       0       0       0      45    3039       0       0
       1680                   473                   473             1.5006897E-01         1.0000000E+30              1599       
 NEXT SEEDS: 57314A0      10       0       0       0       0      45    3039       0       0
       1720                   433                   433             1.4793765E-01         1.0000000E+30              1602       
 NEXT SEEDS: 723032E      10       0       0       0       0      45    3039       0       0
       1760                   393                   393             1.4691042E-01         1.0000000E+30              1602       
 NEXT SEEDS: A0E458E      10       0       0       0       0      45    3039       0       0
       1800                   353                   353             1.4537863E-01         1.0000000E+30              1603       
 NEXT SEEDS: C5A1594      10       0       0       0       0      45    3039       0       0
  Comptn_2: TXYZ:   1.0000000000015203       U,V,W -0.95703307878208221      -0.26424736947423000       0.11941948687027093     
  Comptn_2: TXYZ:  0.99999999999717604       U,V,W  0.71118261908154068      -0.19395648325221515       0.67572195829196602     
       1840                   313                   313             1.4641672E-01         1.0000000E+30              1609       
 NEXT SEEDS:11F6F7B4      10       0       0       0       0      45    3039       0       0
  Comptn_2: TXYZ:  0.99999999999855216       U,V,W  0.69318515805699832      -0.63385381161816667       0.34310884882959236     
       1880                   273                   273             1.4607331E-01         1.0000000E+30              1609       
 NEXT SEEDS:15B3310A      10       0       0       0       0      45    3039       0       0
  Comptn_2: TXYZ:  0.99999999999885891       U,V,W  0.68440585457081227      -0.18978973143887856       0.70396625208060470     
       1920                   233                   233             1.4540305E-01         1.0000000E+30              1610       
 NEXT SEEDS:1921C7B1      10       0       0       0       0      45    3039       0       0
       1960                   193                   193             1.4363965E-01         1.0000000E+30              1611       
 NEXT SEEDS:1AC723B9      10       0       0       0       0      45    3039       0       0
  Comptn_2: TXYZ:   1.0000000000013904       U,V,W  0.81153033966239896        7.6931120483237692E-002  0.57922371369792458     
       2000                   153                   153             1.4339222E-01         1.0000000E+30              1615       
 NEXT SEEDS:1EADBA09      10       0       0       0       0      45    3039       0       0
  Comptn_2: TXYZ:   1.0000000000011924       U,V,W -0.93681808818529611        3.0333762286460342E-002 -0.34849925755385414     
  Comptn_2: TXYZ:   1.0000000000041824       U,V,W -0.52234097489275655      -0.11179170882505218       0.84537714647974838     
       2040                   113                   113             1.4206336E-01         1.0000000E+30              1616       
 NEXT SEEDS:20E049CB      10       0       0       0       0      45    3039       0       0
  Comptn_2: TXYZ:  0.99999999999773825       U,V,W  0.46424370738732534       0.82995588028433787       0.30927498594367364     
  Comptn_2: TXYZ:  0.99999999999613942       U,V,W -0.16920856479135438      -0.10146151538468473       0.98034382871176007     
       2080                    73                    73             1.4398815E-01         1.0000000E+30              1617       
 NEXT SEEDS:2821CB4C      10       0       0       0       0      45    3039       0       0
       2103                    50                    50             1.4343749E-01         1.0000000E+30              1617       
 NEXT SEEDS:29AEB2BE      10       0       0       0       0      45    3039       0       0
       2104                    49                    49             1.4361057E-01         1.0000000E+30              1617       
 NEXT SEEDS:2A110241      10       0       0       0       0      45    3039       0       0
       2105                    48                    48             1.4354240E-01         1.0000000E+30              1617       
 NEXT SEEDS:2A110245      10       0       0       0       0      45    3039       0       0
       2106                    47                    47             1.4347425E-01         1.0000000E+30              1617       
 NEXT SEEDS:2A110249      10       0       0       0       0      45    3039       0       0
       2107                    46                    46             1.4346426E-01         1.0000000E+30              1617       
 NEXT SEEDS:2A284F23      10       0       0       0       0      45    3039       0       0
       2108                    45                    45             1.4339830E-01         1.0000000E+30              1617       
 NEXT SEEDS:2A28EB32      10       0       0       0       0      45    3039       0       0
       2109                    44                    44             1.4333037E-01         1.0000000E+30              1617       
 NEXT SEEDS:2A28EB45      10       0       0       0       0      45    3039       0       0
       2110                    43                    43             1.4326885E-01         1.0000000E+30              1617       
 NEXT SEEDS:2A2B39EF      10       0       0       0       0      45    3039       0       0
       2111                    42                    42             1.4320104E-01         1.0000000E+30              1617       
 NEXT SEEDS:2A2B3A08      10       0       0       0       0      45    3039       0       0
       2112                    41                    41             1.4318447E-01         1.0000000E+30              1617       
 NEXT SEEDS:2A3E0160      10       0       0       0       0      45    3039       0       0
       2113                    40                    40             1.4311676E-01         1.0000000E+30              1617       
 NEXT SEEDS:2A3E0164      10       0       0       0       0      45    3039       0       0
       2114                    39                    39             1.4304912E-01         1.0000000E+30              1617       
 NEXT SEEDS:2A3E017C      10       0       0       0       0      45    3039       0       0
       2115                    38                    38             1.4301389E-01         1.0000000E+30              1617       
 NEXT SEEDS:2A4B6FA2      10       0       0       0       0      45    3039       0       0
       2116                    37                    37             1.4295388E-01         1.0000000E+30              1617       
 NEXT SEEDS:2A4DF9F6      10       0       0       0       0      45    3039       0       0
       2117                    36                    36             1.4311534E-01         1.0000000E+30              1617       
 NEXT SEEDS:2AACC722      10       0       0       0       0      45    3039       0       0
       2118                    35                    35             1.4305166E-01         1.0000000E+30              1617       
 NEXT SEEDS:2AAE21B2      10       0       0       0       0      45    3039       0       0
       2119                    34                    34             1.4298421E-01         1.0000000E+30              1617       
 NEXT SEEDS:2AAE21B6      10       0       0       0       0      45    3039       0       0
       2120                    33                    33             1.4291681E-01         1.0000000E+30              1617       
 NEXT SEEDS:2AAE21BA      10       0       0       0       0      45    3039       0       0
       2121                    32                    32             1.4284948E-01         1.0000000E+30              1617       
 NEXT SEEDS:2AAE21CE      10       0       0       0       0      45    3039       0       0
       2122                    31                    31             1.4278333E-01         1.0000000E+30              1617       
 NEXT SEEDS:2AAE7671      10       0       0       0       0      45    3039       0       0
       2123                    30                    30             1.4277051E-01         1.0000000E+30              1617       
 NEXT SEEDS:2AC4EA17      10       0       0       0       0      45    3039       0       0
       2124                    29                    29             1.4270335E-01         1.0000000E+30              1617       
 NEXT SEEDS:2AC4EA2D      10       0       0       0       0      45    3039       0       0
       2125                    28                    28             1.4278120E-01         1.0000000E+30              1617       
 NEXT SEEDS:2B009457      10       0       0       0       0      45    3039       0       0
       2126                    27                    27             1.4271412E-01         1.0000000E+30              1617       
 NEXT SEEDS:2B00946E      10       0       0       0       0      45    3039       0       0
       2127                    26                    26             1.4276928E-01         1.0000000E+30              1617       
 NEXT SEEDS:2B2F4E0A      10       0       0       0       0      45    3039       0       0
       2128                    25                    25             1.4274182E-01         1.0000000E+30              1617       
 NEXT SEEDS:2B3F6DE5      10       0       0       0       0      45    3039       0       0
       2129                    24                    24             1.4267483E-01         1.0000000E+30              1617       
 NEXT SEEDS:2B3F6DFD      10       0       0       0       0      45    3039       0       0
       2130                    23                    23             1.4260791E-01         1.0000000E+30              1617       
 NEXT SEEDS:2B3F6E13      10       0       0       0       0      45    3039       0       0
       2131                    22                    22             1.4254103E-01         1.0000000E+30              1617       
 NEXT SEEDS:2B3F6E17      10       0       0       0       0      45    3039       0       0
       2132                    21                    21             1.4254513E-01         1.0000000E+30              1617       
 NEXT SEEDS:2B5C8DB3      10       0       0       0       0      45    3039       0       0
       2133                    20                    20             1.4247877E-01         1.0000000E+30              1618       
 NEXT SEEDS:2B5CACA7      10       0       0       0       0      45    3039       0       0
       2134                    19                    19             1.4241206E-01         1.0000000E+30              1618       
 NEXT SEEDS:2B5CACAB      10       0       0       0       0      45    3039       0       0
       2135                    18                    18             1.4234599E-01         1.0000000E+30              1618       
 NEXT SEEDS:2B5CD773      10       0       0       0       0      45    3039       0       0
       2136                    17                    17             1.4238540E-01         1.0000000E+30              1618       
 NEXT SEEDS:2B88E898      10       0       0       0       0      45    3039       0       0
       2137                    16                    16             1.4231883E-01         1.0000000E+30              1618       
 NEXT SEEDS:2B88E89C      10       0       0       0       0      45    3039       0       0
       2138                    15                    15             1.4225226E-01         1.0000000E+30              1618       
 NEXT SEEDS:2B88E8B2      10       0       0       0       0      45    3039       0       0
       2139                    14                    14             1.4229259E-01         1.0000000E+30              1618       
 NEXT SEEDS:2BB65F34      10       0       0       0       0      45    3039       0       0
       2140                    13                    13             1.4222616E-01         1.0000000E+30              1618       
 NEXT SEEDS:2BB65F38      10       0       0       0       0      45    3039       0       0
       2141                    12                    12             1.4215988E-01         1.0000000E+30              1618       
 NEXT SEEDS:2BB668BE      10       0       0       0       0      45    3039       0       0
       2142                    11                    11             1.4228980E-01         1.0000000E+30              1620       
 NEXT SEEDS:2BFD0661      10       0       0       0       0      45    3039       0       0
       2143                    10                    10             1.4222346E-01         1.0000000E+30              1620       
 NEXT SEEDS:2BFD0665      10       0       0       0       0      45    3039       0       0
       2144                     9                     9             1.4224217E-01         1.0000000E+30              1620       
 NEXT SEEDS:2C1FAAA9      10       0       0       0       0      45    3039       0       0
       2145                     8                     8             1.4218846E-01         1.0000000E+30              1620       
 NEXT SEEDS:2C243FF5      10       0       0       0       0      45    3039       0       0
       2146                     7                     7             1.4215221E-01         1.0000000E+30              1621       
 NEXT SEEDS:2C305C45      10       0       0       0       0      45    3039       0       0
       2147                     6                     6             1.4208795E-01         1.0000000E+30              1621       
 NEXT SEEDS:2C30EF4A      10       0       0       0       0      45    3039       0       0
       2148                     5                     5             1.4202969E-01         1.0000000E+30              1621       
 NEXT SEEDS:2C3402DA      10       0       0       0       0      45    3039       0       0
       2149                     4                     4             1.4209686E-01         1.0000000E+30              1621       
 NEXT SEEDS:2C6B661C      10       0       0       0       0      45    3039       0       0
       2150                     3                     3             1.4206120E-01         1.0000000E+30              1621       
 NEXT SEEDS:2C77E31C      10       0       0       0       0      45    3039       0       0
       2151                     2                     2             1.4199521E-01         1.0000000E+30              1621       
 NEXT SEEDS:2C77E320      10       0       0       0       0      45    3039       0       0
       2152                     1                     1             1.4192927E-01         1.0000000E+30              1621       
 NEXT SEEDS:2C77E324      10       0       0       0       0      45    3039       0       0
       2153                     0                     1             1.4212472E-01         1.0000000E+30              1621       
 NEXT SEEDS:2CE44DBE      10       0       0       0       0      45    3039       0       0
