1NUMBER OF BEAM       NUMBER OF BEAM        APPROXIMATE NUMBER    AVERAGE TIME USED     TIME LEFT (RESERVED   NUMBER OF STARS
 PARTICLES HANDLED    PARTICLES LEFT        OF BEAM PARTICLES     BY A BEAM PARTICLE     10000.0 SECONDS      CREATED
                                            THAT CAN STILL BE                           FOR PRINTOUT)
                                            HANDLED

 NEXT SEEDS:3AA4E7EA       2       0       0       0       0      45    3039       0       0
          1                  2152                  2152             5.0497055E-04         1.0000000E+30                 0       
 NEXT SEEDS:3AA4F008       2       0       0       0       0      45    3039       0       0
         40                  2113                  2113             5.2359051E-02         1.0000000E+30                 3       
 NEXT SEEDS:  86E0FF       3       0       0       0       0      45    3039       0       0
         80                  2073                  2073             5.7889602E-02         1.0000000E+30                 6       
 NEXT SEEDS: 25B5EE7       3       0       0       0       0      45    3039       0       0
  Comptn_2: TXYZ:   1.0000000000032296       U,V,W  0.87167875158405028       0.11655277101544925       0.47601639216388492     
        120                  2033                  2033             1.6980031E-01         1.0000000E+30                 7       
 NEXT SEEDS: DF8D180       3       0       0       0       0      45    3039       0       0
        160                  1993                  1993             1.5044648E-01         1.0000000E+30                21       
 NEXT SEEDS:109976C7       3       0       0       0       0      45    3039       0       0
  Comptn_2: TXYZ:  0.99999999999834777       U,V,W -0.88188614060389270        4.1587958194453378E-002 -0.46962461258151222     
        200                  1953                  1953             1.7726889E-01         1.0000000E+30                64       
 NEXT SEEDS:18B92200       3       0       0       0       0      45    3039       0       0
        240                  1913                  1913             1.7116583E-01         1.0000000E+30                66       
 NEXT SEEDS:1CC5748C       3       0       0       0       0      45    3039       0       0
  Comptn_2: TXYZ:  0.99999999999684852       U,V,W  0.24842323568580582       0.63127974243626883      -0.73469162426003010     
  Comptn_2: TXYZ:  0.99999999999019895       U,V,W  0.73984215567298861       0.35689364601053342      -0.57031614926867746     
        280                  1873                  1873             1.6127490E-01         1.0000000E+30                80       
 NEXT SEEDS:1FA7779C       3       0       0       0       0      45    3039       0       0
  Comptn_2: TXYZ:  0.99999999999898215       U,V,W -0.10833920385289275       0.45892671554440340       0.88184402626945868     
        320                  1833                  1833             1.6355849E-01         1.0000000E+30                82       
 NEXT SEEDS:24C0ADA0       3       0       0       0       0      45    3039       0       0
  Comptn_2: TXYZ:   1.0000000000061129       U,V,W -0.97909382763354103       -7.2578799844535524E-002  0.19001998449937219     
        360                  1793                  1793             1.6542204E-01         1.0000000E+30               106       
 NEXT SEEDS:29EA84D1       3       0       0       0       0      45    3039       0       0
  Comptn_2: TXYZ:   1.0000000000017466       U,V,W -0.57714671214112911      -0.78044104289777394      -0.24044427884037134     
  Comptn_2: TXYZ:  0.99999999999873723       U,V,W  -4.9078162285445259E-002  0.54922107793679231       0.83423470410632561     
        400                  1753                  1753             1.7231480E-01         1.0000000E+30               112       
 NEXT SEEDS:309A98AD       3       0       0       0       0      45    3039       0       0
  Comptn_2: TXYZ:  0.99999999999779010       U,V,W  0.99320244141933678        8.9200102877001086E-002  -7.4781361335505947E-002
  Comptn_2: TXYZ:  0.99999999999867795       U,V,W  0.74739456351023170        9.5120830131193657E-002 -0.65753585005623894     
        440                  1713                  1713             1.7134970E-01         1.0000000E+30               117       
 NEXT SEEDS:34EC1A7D       3       0       0       0       0      45    3039       0       0
        480                  1673                  1673             1.7632594E-01         1.0000000E+30               169       
 NEXT SEEDS:   7D9FA       4       0       0       0       0      45    3039       0       0
        520                  1633                  1633             1.6864671E-01         1.0000000E+30               170       
 NEXT SEEDS: 23F69F3       4       0       0       0       0      45    3039       0       0
        560                  1593                  1593             1.6042712E-01         1.0000000E+30               178       
 NEXT SEEDS: 3CC88FD       4       0       0       0       0      45    3039       0       0
  Comptn_2: TXYZ:  0.99999999999598488       U,V,W  -7.6139847245755732E-002 -0.78173886371951795       0.61894028193994188     
        600                  1553                  1553             1.5570309E-01         1.0000000E+30               181       
 NEXT SEEDS: 6517E3F       4       0       0       0       0      45    3039       0       0
  Comptn_2: TXYZ:  0.99999999999878431       U,V,W -0.23821277877051017       0.97013012466030268       -4.5849899190748999E-002
        640                  1513                  1513             1.6157914E-01         1.0000000E+30               181       
 NEXT SEEDS: DB37D65       4       0       0       0       0      45    3039       0       0
        680                  1473                  1473             1.5769626E-01         1.0000000E+30               182       
 NEXT SEEDS:1072C280       4       0       0       0       0      45    3039       0       0
  *** Kaon: P_min > 1.5 GeV/c:           15   103.05884465001829     
  *** Kbar: P_min > 1.8 GeV/c:           16   37.280877759417038     
  *** Kbar: P_min > 1.8 GeV/c:           16   37.261210834345576     
  *** Kbar: P_min > 1.8 GeV/c:           16   44.018187179378813     
  *** Kbar: P_min > 1.8 GeV/c:           25   13.277955711421850     
  *** Kbar: P_min > 1.8 GeV/c:           25   13.273917608601401     
  *** Kbar: P_min > 1.8 GeV/c:           25   12.454616176241627     
  *** Kbar: P_min > 1.8 GeV/c:           16   6.3504388504979783     
  *** Kbar: P_min > 1.8 GeV/c:           16   6.2544293559251347     
  *** Kbar: P_min > 1.8 GeV/c:           16   6.2711902245784188     
  *** Kbar: P_min > 1.8 GeV/c:           16   5.5299832741748869     
  *** Kbar: P_min > 1.8 GeV/c:           16   7.4175675676709210     
  *** Kbar: P_min > 1.8 GeV/c:           16   5.1925597570849442     
  *** Kbar: P_min > 1.8 GeV/c:           16   6.2745353449236356     
  *** Kaon: P_min > 1.5 GeV/c:           15   102.71116510667507     
  *** Kaon: P_min > 1.5 GeV/c:           15   101.11989767302556     
  *** Kaon: P_min > 1.5 GeV/c:           15   1.6392520427242034     
  *** Kaon: P_min > 1.5 GeV/c:           24   8.8193644778730782     
  *** Kaon: P_min > 1.5 GeV/c:           15   6.9195020982517432     
  *** Kbar: P_min > 1.8 GeV/c:           25   8.3813389143819794     
  *** Hhflev: call to Hadriv !! ***  0.66699589962541961        3.5000000000000000        1.4760050320599996               13 T F T
  Comptn_2: TXYZ:   1.0000000000032401       U,V,W  0.80999830149184504      -0.54453491610570381      -0.21767975727044586     
        720                  1433                  1433             1.5837493E-01         1.0000000E+30              1505       
 NEXT SEEDS:155FA964       4       0       0       0       0      45    3039       0       0
        760                  1393                  1393             1.5319139E-01         1.0000000E+30              1568       
 NEXT SEEDS:170E8DB6       4       0       0       0       0      45    3039       0       0
        800                  1353                  1353             1.4959369E-01         1.0000000E+30              1572       
 NEXT SEEDS:196BC484       4       0       0       0       0      45    3039       0       0
  Comptn_2: TXYZ:   1.0000000000033575       U,V,W -0.71311362912802778      -0.70101177781695156        7.1721208249897472E-003
        840                  1313                  1313             1.4677832E-01         1.0000000E+30              1578       
 NEXT SEEDS:1C151070       4       0       0       0       0      45    3039       0       0
  Comptn_2: TXYZ:   1.0000000000011637       U,V,W -0.38514216728986383       0.48618731892429423      -0.78440257641955569     
  Comptn_2: TXYZ:   1.0000000000011355       U,V,W -0.26380893280315121       0.24251026860926572      -0.93359178262957077     
        880                  1273                  1273             1.4872647E-01         1.0000000E+30              1580       
 NEXT SEEDS:217FDF38       4       0       0       0       0      45    3039       0       0
        920                  1233                  1233             1.4695125E-01         1.0000000E+30              1583       
 NEXT SEEDS:24AD28A0       4       0       0       0       0      45    3039       0       0
        960                  1193                  1193             1.4416122E-01         1.0000000E+30              1587       
 NEXT SEEDS:26FE5C67       4       0       0       0       0      45    3039       0       0
  Comptn_2: TXYZ:   1.0000000000016347       U,V,W  0.18286723792427839       0.33039910747781676       0.92595680410775216     
  Comptn_2: TXYZ:   1.0000000000010478       U,V,W -0.91201915292095670       -1.7438926909008501E-002 -0.40977670570037361     
  Comptn_2: TXYZ:   1.0000000000010425       U,V,W  0.50486022585553769      -0.46536119801127995       0.72701795557994586     
       1000                  1153                  1153             1.5065580E-01         1.0000000E+30              1593       
 NEXT SEEDS:2FA217D3       4       0       0       0       0      45    3039       0       0
  Comptn_2: TXYZ:  0.99999999999897982       U,V,W  0.57555554554568289      -0.18075380726436663       0.79753612780238825     
       1040                  1113                  1113             1.4800155E-01         1.0000000E+30              1594       
 NEXT SEEDS:320DD73A       4       0       0       0       0      45    3039       0       0
       1080                  1073                  1073             1.4519538E-01         1.0000000E+30              1601       
 NEXT SEEDS:3413410C       4       0       0       0       0      45    3039       0       0
       1120                  1033                  1033             1.4374886E-01         1.0000000E+30              1605       
 NEXT SEEDS:3716813E       4       0       0       0       0      45    3039       0       0
       1160                   993                   993             1.4083876E-01         1.0000000E+30              1667       
 NEXT SEEDS:38C836D6       4       0       0       0       0      45    3039       0       0
       1200                   953                   953             1.3840726E-01         1.0000000E+30              1669       
 NEXT SEEDS:3AAD9787       4       0       0       0       0      45    3039       0       0
       1240                   913                   913             1.3580281E-01         1.0000000E+30              1670       
 NEXT SEEDS:  AE4E43       5       0       0       0       0      45    3039       0       0
  Comptn_2: TXYZ:  0.99999999999899591       U,V,W  0.26498129428571104       0.36732895332704724      -0.89154604689007577     
       1280                   873                   873             1.3440149E-01         1.0000000E+30              1671       
 NEXT SEEDS: 3571574       5       0       0       0       0      45    3039       0       0
       1320                   833                   833             1.3295598E-01         1.0000000E+30              1728       
 NEXT SEEDS: 5D69ACB       5       0       0       0       0      45    3039       0       0
       1360                   793                   793             1.3220091E-01         1.0000000E+30              1728       
 NEXT SEEDS: 8F72A60       5       0       0       0       0      45    3039       0       0
       1400                   753                   753             1.3259699E-01         1.0000000E+30              1744       
 NEXT SEEDS: D3B921C       5       0       0       0       0      45    3039       0       0
       1440                   713                   713             1.3118868E-01         1.0000000E+30              1745       
 NEXT SEEDS: F99602D       5       0       0       0       0      45    3039       0       0
       1480                   673                   673             1.3266253E-01         1.0000000E+30              1804       
 NEXT SEEDS:15122EE3       5       0       0       0       0      45    3039       0       0
  Comptn_2: TXYZ:   1.0000000000101219       U,V,W -0.65902572673454074       0.52874289046785350      -0.53489816534722934     
       1520                   633                   633             1.3378145E-01         1.0000000E+30              1805       
 NEXT SEEDS:1A3D1F54       5       0       0       0       0      45    3039       0       0
       1560                   593                   593             1.3306200E-01         1.0000000E+30              1811       
 NEXT SEEDS:1D4D0F34       5       0       0       0       0      45    3039       0       0
  Comptn_2: TXYZ:  0.99999999999877742       U,V,W  0.13988013584322800       0.81426273709605823      -0.56339128727030641     
       1600                   553                   553             1.3435316E-01         1.0000000E+30              1822       
 NEXT SEEDS:228AA5C3       5       0       0       0       0      45    3039       0       0
       1640                   513                   513             1.3219069E-01         1.0000000E+30              1823       
 NEXT SEEDS:23CF1B9C       5       0       0       0       0      45    3039       0       0
       1680                   473                   473             1.3031810E-01         1.0000000E+30              1823       
 NEXT SEEDS:25559A50       5       0       0       0       0      45    3039       0       0
  Comptn_2: TXYZ:  0.99999999998678568       U,V,W  0.80934109969689416      -0.58357274036696083       -6.6406633921644698E-002
  Comptn_2: TXYZ:   1.0000000000010467       U,V,W  0.65383104893407307       0.12559478706340954       0.74614402692329662     
       1720                   433                   433             1.3007692E-01         1.0000000E+30              1827       
 NEXT SEEDS:28BA821B       5       0       0       0       0      45    3039       0       0
       1760                   393                   393             1.2852846E-01         1.0000000E+30              1833       
 NEXT SEEDS:2A7C9F9C       5       0       0       0       0      45    3039       0       0
  Comptn_2: TXYZ:   1.0000000000025508       U,V,W  0.41697993072759587       0.83146481321217891       0.36714302630309703     
       1800                   353                   353             1.2795600E-01         1.0000000E+30              1880       
 NEXT SEEDS:2D6B5680       5       0       0       0       0      45    3039       0       0
       1840                   313                   313             1.2627877E-01         1.0000000E+30              1882       
 NEXT SEEDS:2EE3CA0C       5       0       0       0       0      45    3039       0       0
  Comptn_2: TXYZ:   1.0000000000013940       U,V,W -0.17921404262807528       0.41380587460314189       0.89255085293232739     
       1880                   273                   273             1.2938223E-01         1.0000000E+30              2205       
 NEXT SEEDS:36FE3370       5       0       0       0       0      45    3039       0       0
  *** Hhflev: call to Hadriv !! ***  0.79222986007670593        3.5000000000000000        1.5522188750379322               13 T F T
  Comptn_2: TXYZ:   1.0000000000024631       U,V,W  0.59890586278592650        3.4667233150713628E-002  0.80006871609180052     
  Comptn_2: TXYZ:  0.99999999999881983       U,V,W  -7.4152825380025433E-002 -0.54732529812794084      -0.83362844032346928     
  Comptn_2: TXYZ:  0.99999999999898037       U,V,W  -9.1160491861018045E-002  0.59439130555329456       0.79899232825183475     
  Comptn_2: TXYZ:   1.0000000000010867       U,V,W -0.84840054517512220      -0.41962934638874216       0.32268828084855983     
  Comptn_2: TXYZ:  0.99999999999391698       U,V,W -0.72561892174343257      -0.36434558744170431      -0.58372037253600695     
       1920                   233                   233             1.3715492E-01         1.0000000E+30              2308       
 NEXT SEEDS: AA69A9A       6       0       0       0       0      45    3039       0       0
  Comptn_2: TXYZ:  0.99999999999827183       U,V,W -0.88772834507316034        1.2255727899912472E-002 -0.46020450072286678     
  Comptn_2: TXYZ:   1.0000000000010578       U,V,W   6.8078370313199521E-002  0.65075770090809471       0.75622731384509478     
       1960                   193                   193             1.4076078E-01         1.0000000E+30              2309       
 NEXT SEEDS:14195547       6       0       0       0       0      45    3039       0       0
       2000                   153                   153             1.3936363E-01         1.0000000E+30              2312       
 NEXT SEEDS:163000A8       6       0       0       0       0      45    3039       0       0
  Comptn_2: TXYZ:   1.0000000000030833       U,V,W  0.32468224752872743      -0.89315261400493595      -0.31122314541005380     
       2040                   113                   113             1.4441926E-01         1.0000000E+30              2312       
 NEXT SEEDS:218F63F4       6       0       0       0       0      45    3039       0       0
  Comptn_2: TXYZ:   1.0000000000014089       U,V,W -0.43359852107460028       0.65232270261873992      -0.62166503373723003     
  Comptn_2: TXYZ:   1.0000000000024263       U,V,W  0.95472995735446453       -2.5680942394799899E-002  0.29636328674463641     
       2080                    73                    73             1.4615418E-01         1.0000000E+30              2319       
 NEXT SEEDS:2876D26C       6       0       0       0       0      45    3039       0       0
       2103                    50                    50             1.4839292E-01         1.0000000E+30              2319       
 NEXT SEEDS:2DFE65BD       6       0       0       0       0      45    3039       0       0
       2104                    49                    49             1.4832246E-01         1.0000000E+30              2319       
 NEXT SEEDS:2DFE65C1       6       0       0       0       0      45    3039       0       0
       2105                    48                    48             1.4831676E-01         1.0000000E+30              2319       
 NEXT SEEDS:2E1784CE       6       0       0       0       0      45    3039       0       0
       2106                    47                    47             1.4826840E-01         1.0000000E+30              2319       
 NEXT SEEDS:2E203529       6       0       0       0       0      45    3039       0       0
       2107                    46                    46             1.4819809E-01         1.0000000E+30              2319       
 NEXT SEEDS:2E20352D       6       0       0       0       0      45    3039       0       0
       2108                    45                    45             1.4813954E-01         1.0000000E+30              2319       
 NEXT SEEDS:2E24506F       6       0       0       0       0      45    3039       0       0
       2109                    44                    44             1.4814802E-01         1.0000000E+30              2319       
 NEXT SEEDS:2E4372EE       6       0       0       0       0      45    3039       0       0
       2110                    43                    43             1.4835707E-01         1.0000000E+30              2319       
 NEXT SEEDS:2EB4147A       6       0       0       0       0      45    3039       0       0
       2111                    42                    42             1.4828731E-01         1.0000000E+30              2319       
 NEXT SEEDS:2EB43E72       6       0       0       0       0      45    3039       0       0
       2112                    41                    41             1.4821715E-01         1.0000000E+30              2319       
 NEXT SEEDS:2EB43E89       6       0       0       0       0      45    3039       0       0
       2113                    40                    40             1.4830137E-01         1.0000000E+30              2319       
 NEXT SEEDS:2EF17BD1       6       0       0       0       0      45    3039       0       0
       2114                    39                    39             1.4823128E-01         1.0000000E+30              2319       
 NEXT SEEDS:2EF17BE8       6       0       0       0       0      45    3039       0       0
       2115                    38                    38             1.4816125E-01         1.0000000E+30              2319       
 NEXT SEEDS:2EF17BEC       6       0       0       0       0      45    3039       0       0
       2116                    37                    37             1.4815879E-01         1.0000000E+30              2319       
 NEXT SEEDS:2F0C7FFC       6       0       0       0       0      45    3039       0       0
       2117                    36                    36             1.4808886E-01         1.0000000E+30              2319       
 NEXT SEEDS:2F0C8000       6       0       0       0       0      45    3039       0       0
       2118                    35                    35             1.4811840E-01         1.0000000E+30              2319       
 NEXT SEEDS:2F33E28E       6       0       0       0       0      45    3039       0       0
       2119                    34                    34             1.4804856E-01         1.0000000E+30              2319       
 NEXT SEEDS:2F33E292       6       0       0       0       0      45    3039       0       0
       2120                    33                    33             1.4807710E-01         1.0000000E+30              2319       
 NEXT SEEDS:2F59423F       6       0       0       0       0      45    3039       0       0
       2121                    32                    32             1.4801219E-01         1.0000000E+30              2319       
 NEXT SEEDS:2F5AB3D3       6       0       0       0       0      45    3039       0       0
       2122                    31                    31             1.4809697E-01         1.0000000E+30              2319       
 NEXT SEEDS:2F970036       6       0       0       0       0      45    3039       0       0
       2123                    30                    30             1.4802741E-01         1.0000000E+30              2319       
 NEXT SEEDS:2F970B95       6       0       0       0       0      45    3039       0       0
       2124                    29                    29             1.4803151E-01         1.0000000E+30              2319       
 NEXT SEEDS:2FB480CB       6       0       0       0       0      45    3039       0       0
       2125                    28                    28             1.4815238E-01         1.0000000E+30              2319       
 NEXT SEEDS:3002FBB8       6       0       0       0       0      45    3039       0       0
       2126                    27                    27             1.4808277E-01         1.0000000E+30              2319       
 NEXT SEEDS:3002FBBC       6       0       0       0       0      45    3039       0       0
       2127                    26                    26             1.4801321E-01         1.0000000E+30              2319       
 NEXT SEEDS:3002FBD3       6       0       0       0       0      45    3039       0       0
       2128                    25                    25             1.4794369E-01         1.0000000E+30              2319       
 NEXT SEEDS:3002FBD7       6       0       0       0       0      45    3039       0       0
       2129                    24                    24             1.4787426E-01         1.0000000E+30              2319       
 NEXT SEEDS:3002FBF2       6       0       0       0       0      45    3039       0       0
       2130                    23                    23             1.4780489E-01         1.0000000E+30              2319       
 NEXT SEEDS:3002FC04       6       0       0       0       0      45    3039       0       0
       2131                    22                    22             1.4773559E-01         1.0000000E+30              2319       
 NEXT SEEDS:3002FC08       6       0       0       0       0      45    3039       0       0
       2132                    21                    21             1.4772458E-01         1.0000000E+30              2320       
 NEXT SEEDS:301764D4       6       0       0       0       0      45    3039       0       0
       2133                    20                    20             1.4765586E-01         1.0000000E+30              2320       
 NEXT SEEDS:30178784       6       0       0       0       0      45    3039       0       0
       2134                    19                    19             1.4761734E-01         1.0000000E+30              2320       
 NEXT SEEDS:302351E8       6       0       0       0       0      45    3039       0       0
       2135                    18                    18             1.4760204E-01         1.0000000E+30              2320       
 NEXT SEEDS:3038E9EB       6       0       0       0       0      45    3039       0       0
       2136                    17                    17             1.4758342E-01         1.0000000E+30              2320       
 NEXT SEEDS:304C5BA4       6       0       0       0       0      45    3039       0       0
       2137                    16                    16             1.4751441E-01         1.0000000E+30              2320       
 NEXT SEEDS:304C5BA8       6       0       0       0       0      45    3039       0       0
       2138                    15                    15             1.4744777E-01         1.0000000E+30              2320       
 NEXT SEEDS:304D336F       6       0       0       0       0      45    3039       0       0
       2139                    14                    14             1.4737894E-01         1.0000000E+30              2320       
 NEXT SEEDS:304D3530       6       0       0       0       0      45    3039       0       0
       2140                    13                    13             1.4731011E-01         1.0000000E+30              2320       
 NEXT SEEDS:304D3534       6       0       0       0       0      45    3039       0       0
       2141                    12                    12             1.4724908E-01         1.0000000E+30              2320       
 NEXT SEEDS:304FF962       6       0       0       0       0      45    3039       0       0
       2142                    11                    11             1.4729984E-01         1.0000000E+30              2320       
 NEXT SEEDS:3080EBB3       6       0       0       0       0      45    3039       0       0
       2143                    10                    10             1.4723213E-01         1.0000000E+30              2320       
 NEXT SEEDS:308145C7       6       0       0       0       0      45    3039       0       0
       2144                     9                     9             1.4716352E-01         1.0000000E+30              2320       
 NEXT SEEDS:308145CB       6       0       0       0       0      45    3039       0       0
       2145                     8                     8             1.4709539E-01         1.0000000E+30              2320       
 NEXT SEEDS:30816695       6       0       0       0       0      45    3039       0       0
       2146                     7                     7             1.4702777E-01         1.0000000E+30              2320       
 NEXT SEEDS:3081B134       6       0       0       0       0      45    3039       0       0
       2147                     6                     6             1.4708827E-01         1.0000000E+30              2320       
 NEXT SEEDS:30B742D9       6       0       0       0       0      45    3039       0       0
       2148                     5                     5             1.4701986E-01         1.0000000E+30              2320       
 NEXT SEEDS:30B742DD       6       0       0       0       0      45    3039       0       0
       2149                     4                     4             1.4695149E-01         1.0000000E+30              2320       
 NEXT SEEDS:30B742E1       6       0       0       0       0      45    3039       0       0
       2150                     3                     3             1.4691686E-01         1.0000000E+30              2320       
 NEXT SEEDS:30C42DF0       6       0       0       0       0      45    3039       0       0
       2151                     2                     2             1.4684855E-01         1.0000000E+30              2320       
 NEXT SEEDS:30C44954       6       0       0       0       0      45    3039       0       0
       2152                     1                     1             1.4678032E-01         1.0000000E+30              2320       
 NEXT SEEDS:30C49666       6       0       0       0       0      45    3039       0       0
       2153                     0                     1             1.4671214E-01         1.0000000E+30              2320       
 NEXT SEEDS:30C4966A       6       0       0       0       0      45    3039       0       0
