1NUMBER OF BEAM       NUMBER OF BEAM        APPROXIMATE NUMBER    AVERAGE TIME USED     TIME LEFT (RESERVED   NUMBER OF STARS
 PARTICLES HANDLED    PARTICLES LEFT        OF BEAM PARTICLES     BY A BEAM PARTICLE     10000.0 SECONDS      CREATED
                                            THAT CAN STILL BE                           FOR PRINTOUT)
                                            HANDLED

 NEXT SEEDS:2E06B966       7       0       0       0       0       F    3039       0       0
          1                  2152                  2152             1.0921717E-01         1.0000000E+30                 0       
 NEXT SEEDS:2E1A7FF9       7       0       0       0       0       F    3039       0       0
  Comptn_2: TXYZ:  0.99999999999764777       U,V,W -0.13819506377042146       0.80289998558318132      -0.57987389792752708     
         40                  2113                  2113             1.5652778E-01         1.0000000E+30                 0       
 NEXT SEEDS:32AC7365       7       0       0       0       0       F    3039       0       0
         80                  2073                  2073             1.3561753E-01         1.0000000E+30                 2       
 NEXT SEEDS:35F43E57       7       0       0       0       0       F    3039       0       0
        120                  2033                  2033             1.1720658E-01         1.0000000E+30                16       
 NEXT SEEDS:383B7FEE       7       0       0       0       0       F    3039       0       0
  Comptn_2: TXYZ:  0.99999999999833533       U,V,W -0.93550245135183019      -0.26223472073909448       0.23678706626828472     
  Comptn_2: TXYZ:   1.0000000000057587       U,V,W  0.88048174568523763      -0.39274481950529605       0.26552476771967548     
        160                  1993                  1993             1.7004914E-01         1.0000000E+30                19       
 NEXT SEEDS: 66DB708       8       0       0       0       0       F    3039       0       0
        200                  1953                  1953             1.4978455E-01         1.0000000E+30                22       
 NEXT SEEDS: 871B9D9       8       0       0       0       0       F    3039       0       0
  Comptn_2: TXYZ:  0.99999999999401701       U,V,W -0.16194332110501364       0.98667490794733226       -1.5715812757183256E-002
        240                  1913                  1913             1.4814355E-01         1.0000000E+30                28       
 NEXT SEEDS: C896C51       8       0       0       0       0       F    3039       0       0
        280                  1873                  1873             1.4330890E-01         1.0000000E+30                30       
 NEXT SEEDS: FDFD6B2       8       0       0       0       0       F    3039       0       0
        320                  1833                  1833             1.3671051E-01         1.0000000E+30                34       
 NEXT SEEDS:127E3CD3       8       0       0       0       0       F    3039       0       0
        360                  1793                  1793             1.3713139E-01         1.0000000E+30                35       
 NEXT SEEDS:163AA13A       8       0       0       0       0       F    3039       0       0
  *** Kbar: P_min > 1.8 GeV/c:           16   4.5579675269562614     
  *** Kaon: P_min > 1.5 GeV/c:           15   3.1452819001236891     
  *** Kaon: P_min > 1.5 GeV/c:           15   3.1091683603259757     
  *** Kaon: P_min > 1.5 GeV/c:           15   3.6671081171902240     
  *** Kaon: P_min > 1.5 GeV/c:           15   2.8491878426609905     
  *** Kaon: P_min > 1.5 GeV/c:           15   3.0445424585485159     
  *** Kaon: P_min > 1.5 GeV/c:           24   3.0087882909727934     
  *** Kaon: P_min > 1.5 GeV/c:           24   2.7305392128706667     
  *** Kaon: P_min > 1.5 GeV/c:           24   1.9931586303779552     
  *** Kaon: P_min > 1.5 GeV/c:           24   2.2563364230820269     
  *** Kaon: P_min > 1.5 GeV/c:           24   1.9891125529079008     
  *** Kaon: P_min > 1.5 GeV/c:           24   2.1280332972325540     
  *** Kaon: P_min > 1.5 GeV/c:           24   2.0096800473667700     
  *** Kaon: P_min > 1.5 GeV/c:           24   2.3257125564745214     
  *** Kaon: P_min > 1.5 GeV/c:           24   1.6014456015183018     
  *** Kbar: P_min > 1.8 GeV/c:           16   4.2216659696866090     
  *** Kbar: P_min > 1.8 GeV/c:           16   4.5657974997657700     
  *** Kbar: P_min > 1.8 GeV/c:           16   3.2926062102495646     
  *** Kbar: P_min > 1.8 GeV/c:           16   3.2856376892385826     
  *** Kbar: P_min > 1.8 GeV/c:           16   3.5047876992361875     
        400                  1753                  1753             1.3237062E-01         1.0000000E+30               113       
 NEXT SEEDS:18D5BB1F       8       0       0       0       0       F    3039       0       0
  Comptn_2: TXYZ:  0.99999999999133227       U,V,W   8.1367479491042616E-002 -0.84503261827161680       0.52848766052730412     
        440                  1713                  1713             1.3784277E-01         1.0000000E+30               113       
 NEXT SEEDS:1E62F433       8       0       0       0       0       F    3039       0       0
        480                  1673                  1673             1.4239524E-01         1.0000000E+30               131       
 NEXT SEEDS:241FF71A       8       0       0       0       0       F    3039       0       0
  Comptn_2: TXYZ:  0.99999999999568234       U,V,W -0.65684204802302304       0.72945903635855869      -0.19091369311666995     
        520                  1633                  1633             1.5617446E-01         1.0000000E+30               133       
 NEXT SEEDS:2E05CABD       8       0       0       0       0       F    3039       0       0
        560                  1593                  1593             1.5049052E-01         1.0000000E+30               195       
 NEXT SEEDS:30499F15       8       0       0       0       0       F    3039       0       0
        600                  1553                  1553             1.4322473E-01         1.0000000E+30               197       
 NEXT SEEDS:31884A31       8       0       0       0       0       F    3039       0       0
  Comptn_2: TXYZ:  0.99999999999837275       U,V,W  0.98528618327165374       -9.7757292511943206E-002 -0.14019503847527659     
  Comptn_2: TXYZ:   1.0000000000015499       U,V,W -0.76870911719949353       0.32250971187537658       0.55233484308160996     
  Comptn_2: TXYZ:  0.99999999999806310       U,V,W  0.92286949832614873       0.30651923409449466      -0.23314769608003871     
        640                  1513                  1513             1.4112078E-01         1.0000000E+30               198       
 NEXT SEEDS:34CD45A5       8       0       0       0       0       F    3039       0       0
  Comptn_2: TXYZ:   1.0000000000011320       U,V,W -0.13051781422048236       0.90408170347240713      -0.40694148672588071     
        680                  1473                  1473             1.3777114E-01         1.0000000E+30               215       
 NEXT SEEDS:37533D18       8       0       0       0       0       F    3039       0       0
        720                  1433                  1433             1.3334074E-01         1.0000000E+30               222       
 NEXT SEEDS:390FB782       8       0       0       0       0       F    3039       0       0
        760                  1393                  1393             1.3636522E-01         1.0000000E+30               223       
 NEXT SEEDS: 31EDDD6       9       0       0       0       0       F    3039       0       0
  Comptn_2: TXYZ:  0.99999999999521605       U,V,W  0.53802536244910470       0.38702021011607712      -0.74882846254561741     
        800                  1353                  1353             1.3464739E-01         1.0000000E+30               226       
 NEXT SEEDS: 6291121       9       0       0       0       0       F    3039       0       0
        840                  1313                  1313             1.3241903E-01         1.0000000E+30               359       
 NEXT SEEDS: 8D08743       9       0       0       0       0       F    3039       0       0
        880                  1273                  1273             1.3007679E-01         1.0000000E+30               359       
 NEXT SEEDS: B2F3249       9       0       0       0       0       F    3039       0       0
        920                  1233                  1233             1.2752157E-01         1.0000000E+30               365       
 NEXT SEEDS: D4CD77A       9       0       0       0       0       F    3039       0       0
  Comptn_2: TXYZ:   1.0000000000093257       U,V,W  0.41486607401407127       -5.0422521858926928E-002 -0.90848429261647823     
        960                  1193                  1193             1.2701879E-01         1.0000000E+30               377       
 NEXT SEEDS:10BD8A1C       9       0       0       0       0       F    3039       0       0
       1000                  1153                  1153             1.2952644E-01         1.0000000E+30               471       
 NEXT SEEDS:16851D7D       9       0       0       0       0       F    3039       0       0
  Comptn_2: TXYZ:   1.0000000000016447       U,V,W  0.84779890243989087      -0.13396676275354480       0.51311784952454786     
       1040                  1113                  1113             1.3029858E-01         1.0000000E+30               492       
 NEXT SEEDS:1AC9B390       9       0       0       0       0       F    3039       0       0
  Comptn_2: TXYZ:  0.99999999998458877       U,V,W -0.82506963526705590       0.46836096179600872       0.31606661704519468     
  Comptn_2: TXYZ:   1.0000000000052371       U,V,W  0.91000556330050131      -0.20220426154091342       0.36194379588835091     
       1080                  1073                  1073             1.3457705E-01         1.0000000E+30               565       
 NEXT SEEDS:2230F0EC       9       0       0       0       0       F    3039       0       0
  Comptn_2: TXYZ:  0.99999999999898193       U,V,W  0.40457899855996260       -5.5472434558275552E-002  0.91281906363056287     
       1120                  1033                  1033             1.3407226E-01         1.0000000E+30               570       
 NEXT SEEDS:25B61B36       9       0       0       0       0       F    3039       0       0
       1160                   993                   993             1.3271573E-01         1.0000000E+30               584       
 NEXT SEEDS:2870BA7A       9       0       0       0       0       F    3039       0       0
       1200                   953                   953             1.3138581E-01         1.0000000E+30               739       
 NEXT SEEDS:2B2ADF9C       9       0       0       0       0       F    3039       0       0
       1240                   913                   913             1.2851585E-01         1.0000000E+30               739       
 NEXT SEEDS:2C72963B       9       0       0       0       0       F    3039       0       0
  Comptn_2: TXYZ:  0.99999999999849498       U,V,W  0.53115677982324172       0.64292995173712875       0.55182746615730593     
       1280                   873                   873             1.2814561E-01         1.0000000E+30               746       
 NEXT SEEDS:2FFF772A       9       0       0       0       0       F    3039       0       0
       1320                   833                   833             1.2619899E-01         1.0000000E+30               797       
 NEXT SEEDS:31F3E98F       9       0       0       0       0       F    3039       0       0
       1360                   793                   793             1.2533797E-01         1.0000000E+30               799       
 NEXT SEEDS:34D57E5B       9       0       0       0       0       F    3039       0       0
       1400                   753                   753             1.2394364E-01         1.0000000E+30               881       
 NEXT SEEDS:37115F4F       9       0       0       0       0       F    3039       0       0
  Comptn_2: TXYZ:  0.99999999999879652       U,V,W  0.38879853048778434      -0.86762196416775339      -0.30994810853274402     
       1440                   713                   713             1.2225217E-01         1.0000000E+30               881       
 NEXT SEEDS:38EE95F7       9       0       0       0       0       F    3039       0       0
  Comptn_2: TXYZ:  0.99999999999897882       U,V,W -0.42270788767387657      -0.52625372992464747      -0.73781776438200808     
       1480                   673                   673             1.2149597E-01         1.0000000E+30               882       
 NEXT SEEDS:  21CB56       A       0       0       0       0       F    3039       0       0
       1520                   633                   633             1.2152907E-01         1.0000000E+30               882       
 NEXT SEEDS: 3E539F2       A       0       0       0       0       F    3039       0       0
  Comptn_2: TXYZ:   1.0000000000012843       U,V,W  0.19073620043464246       0.58993493145277043      -0.78459956570014455     
  Comptn_2: TXYZ:  0.99999999999737854       U,V,W  0.81338104307907599       0.55380498856796834       0.17807670648966223     
  Comptn_2: TXYZ:  0.99999999999898104       U,V,W -0.80912458321986502      -0.16096064123723863       0.56516287988575264     
       1560                   593                   593             1.2471326E-01         1.0000000E+30               883       
 NEXT SEEDS: B071A94       A       0       0       0       0       F    3039       0       0
  Comptn_2: TXYZ:  0.99999999999452682       U,V,W  0.68547996014594759       0.15851599503810121      -0.71062641630459922     
  Comptn_2: TXYZ:  0.99999999999723643       U,V,W -0.45130946675689643       0.76077212251730941      -0.46641777711977284     
  Comptn_2: TXYZ:   1.0000000000016125       U,V,W -0.99824247567701363        3.7196870182931718E-002  -4.6134072055622255E-002
  Comptn_2: TXYZ:   1.0000000000026446       U,V,W  0.81650948239195031       0.19798663751934242       0.54232237325271626     
       1600                   553                   553             1.3579279E-01         1.0000000E+30               884       
 NEXT SEEDS:1C1544CC       A       0       0       0       0       F    3039       0       0
  Comptn_2: TXYZ:  0.99999999999873046       U,V,W -0.72627454627740562       0.64311004316383702      -0.24276481584053045     
       1640                   513                   513             1.3421293E-01         1.0000000E+30               885       
 NEXT SEEDS:1E3B8529       A       0       0       0       0       F    3039       0       0
       1680                   473                   473             1.3291569E-01         1.0000000E+30               889       
 NEXT SEEDS:20A265CB       A       0       0       0       0       F    3039       0       0
  Comptn_2: TXYZ:   1.0000000000014020       U,V,W  0.48032040402128651      -0.14877932068557698      -0.86438245193812691     
  Comptn_2: TXYZ:  0.99999999999883171       U,V,W -0.94187039333369071       0.30496501828285005      -0.14098404088410632     
       1720                   433                   433             1.3215710E-01         1.0000000E+30               964       
 NEXT SEEDS:23C3AEDE       A       0       0       0       0       F    3039       0       0
       1760                   393                   393             1.3083979E-01         1.0000000E+30               965       
 NEXT SEEDS:260429E3       A       0       0       0       0       F    3039       0       0
  Comptn_2: TXYZ:   1.0000000000011022       U,V,W -0.87050494636230624       0.33822995994120220      -0.35752151341986860     
       1800                   353                   353             1.2965093E-01         1.0000000E+30              1005       
 NEXT SEEDS:28648F67       A       0       0       0       0       F    3039       0       0
  Comptn_2: TXYZ:  0.99999999999847600       U,V,W  0.58547325541765360      -0.79203326952376152       0.17292879215628432     
       1840                   313                   313             1.3230941E-01         1.0000000E+30              1008       
 NEXT SEEDS:2FD7369E       A       0       0       0       0       F    3039       0       0
  Comptn_2: TXYZ:   1.0000000000091984       U,V,W  0.35376451777756657       0.93296174571339918       -6.6581131007296790E-002
  Comptn_2: TXYZ:   1.0000000000015039       U,V,W -0.82629932207470524       0.55604172610625824       -8.9705234903874498E-002
       1880                   273                   273             1.3283690E-01         1.0000000E+30              1011       
 NEXT SEEDS:34A369AC       A       0       0       0       0       F    3039       0       0
       1920                   233                   233             1.3242192E-01         1.0000000E+30              1051       
 NEXT SEEDS:380CF750       A       0       0       0       0       F    3039       0       0
       1960                   193                   193             1.3130832E-01         1.0000000E+30              1055       
 NEXT SEEDS:3A57A01F       A       0       0       0       0       F    3039       0       0
  Comptn_2: TXYZ:  0.99999999994958255       U,V,W  0.90754822292031179      -0.22991747694811693      -0.35141738263435229     
  Comptn_2: TXYZ:   1.0000000000025862       U,V,W  -1.9043717239867419E-002  0.87062380127018102      -0.49158064801020629     
       2000                   153                   153             1.3223739E-01         1.0000000E+30              1056       
 NEXT SEEDS: 431C3F0       B       0       0       0       0       F    3039       0       0
       2040                   113                   113             1.3092712E-01         1.0000000E+30              1060       
 NEXT SEEDS: 62A505C       B       0       0       0       0       F    3039       0       0
       2080                    73                    73             1.2963685E-01         1.0000000E+30              1082       
 NEXT SEEDS: 8130BB3       B       0       0       0       0       F    3039       0       0
  Comptn_2: TXYZ:  0.99999999999799871       U,V,W  0.60364000819319585       0.57820858100170369      -0.54890215645642471     
       2103                    50                    50             1.2979893E-01         1.0000000E+30              1118       
 NEXT SEEDS: A98A1CE       B       0       0       0       0       F    3039       0       0
       2104                    49                    49             1.2973730E-01         1.0000000E+30              1118       
 NEXT SEEDS: A98A1D2       B       0       0       0       0       F    3039       0       0
       2105                    48                    48             1.2970202E-01         1.0000000E+30              1118       
 NEXT SEEDS: AA20BCE       B       0       0       0       0       F    3039       0       0
       2106                    47                    47             1.2968926E-01         1.0000000E+30              1118       
 NEXT SEEDS: AB68E3F       B       0       0       0       0       F    3039       0       0
       2107                    46                    46             1.2962776E-01         1.0000000E+30              1118       
 NEXT SEEDS: AB68E43       B       0       0       0       0       F    3039       0       0
       2108                    45                    45             1.2956777E-01         1.0000000E+30              1118       
 NEXT SEEDS: AB70DDB       B       0       0       0       0       F    3039       0       0
       2109                    44                    44             1.2953244E-01         1.0000000E+30              1118       
 NEXT SEEDS: AC20E11       B       0       0       0       0       F    3039       0       0
       2110                    43                    43             1.2947131E-01         1.0000000E+30              1118       
 NEXT SEEDS: AC220CE       B       0       0       0       0       F    3039       0       0
       2111                    42                    42             1.2946354E-01         1.0000000E+30              1118       
 NEXT SEEDS: AD858DA       B       0       0       0       0       F    3039       0       0
       2112                    41                    41             1.2948189E-01         1.0000000E+30              1118       
 NEXT SEEDS: AFA7BD0       B       0       0       0       0       F    3039       0       0
       2113                    40                    40             1.2969084E-01         1.0000000E+30              1118       
 NEXT SEEDS: B6C63EB       B       0       0       0       0       F    3039       0       0
       2114                    39                    39             1.2962956E-01         1.0000000E+30              1118       
 NEXT SEEDS: B6C63EF       B       0       0       0       0       F    3039       0       0
       2115                    38                    38             1.2956867E-01         1.0000000E+30              1118       
 NEXT SEEDS: B6C801D       B       0       0       0       0       F    3039       0       0
       2116                    37                    37             1.2950750E-01         1.0000000E+30              1118       
 NEXT SEEDS: B6C8021       B       0       0       0       0       F    3039       0       0
       2117                    36                    36             1.2950122E-01         1.0000000E+30              1118       
 NEXT SEEDS: B816342       B       0       0       0       0       F    3039       0       0
       2118                    35                    35             1.2987317E-01         1.0000000E+30              1118       
 NEXT SEEDS: C2C6AB7       B       0       0       0       0       F    3039       0       0
       2119                    34                    34             1.2981295E-01         1.0000000E+30              1118       
 NEXT SEEDS: C2CBE9E       B       0       0       0       0       F    3039       0       0
       2120                    33                    33             1.2975177E-01         1.0000000E+30              1118       
 NEXT SEEDS: C2CBEA2       B       0       0       0       0       F    3039       0       0
       2121                    32                    32             1.2970316E-01         1.0000000E+30              1118       
 NEXT SEEDS: C31CAE7       B       0       0       0       0       F    3039       0       0
       2122                    31                    31             1.2970062E-01         1.0000000E+30              1118       
 NEXT SEEDS: C4A9865       B       0       0       0       0       F    3039       0       0
       2123                    30                    30             1.2969853E-01         1.0000000E+30              1118       
 NEXT SEEDS: C618AAB       B       0       0       0       0       F    3039       0       0
       2124                    29                    29             1.2969320E-01         1.0000000E+30              1118       
 NEXT SEEDS: C75F675       B       0       0       0       0       F    3039       0       0
       2125                    28                    28             1.2963259E-01         1.0000000E+30              1118       
 NEXT SEEDS: C76156B       B       0       0       0       0       F    3039       0       0
       2126                    27                    27             1.2968078E-01         1.0000000E+30              1118       
 NEXT SEEDS: CA42DFA       B       0       0       0       0       F    3039       0       0
       2127                    26                    26             1.2962081E-01         1.0000000E+30              1118       
 NEXT SEEDS: CA479A9       B       0       0       0       0       F    3039       0       0
       2128                    25                    25             1.2961003E-01         1.0000000E+30              1118       
 NEXT SEEDS: CB8DD58       B       0       0       0       0       F    3039       0       0
       2129                    24                    24             1.2956304E-01         1.0000000E+30              1118       
 NEXT SEEDS: CBE4BF7       B       0       0       0       0       F    3039       0       0
       2130                    23                    23             1.2953442E-01         1.0000000E+30              1118       
 NEXT SEEDS: CCABD24       B       0       0       0       0       F    3039       0       0
       2131                    22                    22             1.2976452E-01         1.0000000E+30              1118       
 NEXT SEEDS: D4600F3       B       0       0       0       0       F    3039       0       0
       2132                    21                    21             1.2975646E-01         1.0000000E+30              1118       
 NEXT SEEDS: D5A652D       B       0       0       0       0       F    3039       0       0
       2133                    20                    20             1.2969568E-01         1.0000000E+30              1118       
 NEXT SEEDS: D5A6531       B       0       0       0       0       F    3039       0       0
       2134                    19                    19             1.2973491E-01         1.0000000E+30              1118       
 NEXT SEEDS: D813690       B       0       0       0       0       F    3039       0       0
       2135                    18                    18             1.2967419E-01         1.0000000E+30              1118       
 NEXT SEEDS: D813694       B       0       0       0       0       F    3039       0       0
       2136                    17                    17             1.2961354E-01         1.0000000E+30              1118       
 NEXT SEEDS: D813698       B       0       0       0       0       F    3039       0       0
       2137                    16                    16             1.2955293E-01         1.0000000E+30              1118       
 NEXT SEEDS: D81369C       B       0       0       0       0       F    3039       0       0
       2138                    15                    15             1.2952285E-01         1.0000000E+30              1118       
 NEXT SEEDS: D8DD273       B       0       0       0       0       F    3039       0       0
       2139                    14                    14             1.2946235E-01         1.0000000E+30              1118       
 NEXT SEEDS: D8DD277       B       0       0       0       0       F    3039       0       0
       2140                    13                    13             1.2942386E-01         1.0000000E+30              1118       
 NEXT SEEDS: D955D03       B       0       0       0       0       F    3039       0       0
       2141                    12                    12             1.2936347E-01         1.0000000E+30              1118       
 NEXT SEEDS: D955D07       B       0       0       0       0       F    3039       0       0
       2142                    11                    11             1.2930312E-01         1.0000000E+30              1118       
 NEXT SEEDS: D955D0B       B       0       0       0       0       F    3039       0       0
       2143                    10                    10             1.2924386E-01         1.0000000E+30              1118       
 NEXT SEEDS: D95ACA0       B       0       0       0       0       F    3039       0       0
       2144                     9                     9             1.2918592E-01         1.0000000E+30              1118       
 NEXT SEEDS: D9673D1       B       0       0       0       0       F    3039       0       0
       2145                     8                     8             1.2912627E-01         1.0000000E+30              1118       
 NEXT SEEDS: D969FD8       B       0       0       0       0       F    3039       0       0
       2146                     7                     7             1.2915701E-01         1.0000000E+30              1118       
 NEXT SEEDS: DB71A14       B       0       0       0       0       F    3039       0       0
       2147                     6                     6             1.2909716E-01         1.0000000E+30              1118       
 NEXT SEEDS: DB72DBC       B       0       0       0       0       F    3039       0       0
  Comptn_2: TXYZ:   1.0000000000022735       U,V,W -0.60905340986747092      -0.32067691479960558      -0.72541040814540736     
  Comptn_2: TXYZ:  0.99999999999859301       U,V,W  0.95843399569988996       -8.8153857771104072E-002  0.27135433153979349     
       2148                     5                     5             1.3521023E-01         1.0000000E+30              1118       
 NEXT SEEDS:179E727F       B       0       0       0       0       F    3039       0       0
       2149                     4                     4             1.3522080E-01         1.0000000E+30              1118       
 NEXT SEEDS:17BD03B1       B       0       0       0       0       F    3039       0       0
       2150                     3                     3             1.3515798E-01         1.0000000E+30              1118       
 NEXT SEEDS:17BD03B5       B       0       0       0       0       F    3039       0       0
       2151                     2                     2             1.3509519E-01         1.0000000E+30              1118       
 NEXT SEEDS:17BD03B9       B       0       0       0       0       F    3039       0       0
       2152                     1                     1             1.3523357E-01         1.0000000E+30              1118       
 NEXT SEEDS:180F24DF       B       0       0       0       0       F    3039       0       0
       2153                     0                     1             1.3517107E-01         1.0000000E+30              1118       
 NEXT SEEDS:180F3718       B       0       0       0       0       F    3039       0       0
