1NUMBER OF BEAM       NUMBER OF BEAM        APPROXIMATE NUMBER    AVERAGE TIME USED     TIME LEFT (RESERVED   NUMBER OF STARS
 PARTICLES HANDLED    PARTICLES LEFT        OF BEAM PARTICLES     BY A BEAM PARTICLE     10000.0 SECONDS      CREATED
                                            THAT CAN STILL BE                           FOR PRINTOUT)
                                            HANDLED

 NEXT SEEDS: 718E4DA      26       0       0       0       0      33    3039       0       0
          1                  2846                  2846             5.3351998E-01         1.0000000E+30                 4       
 NEXT SEEDS: 77EB9B8      26       0       0       0       0      33    3039       0       0
  Comptn_2: TXYZ:  0.99999999999663414       U,V,W  0.62990018689981753       0.75410882994487238       0.18586453975781581     
  Comptn_2: TXYZ:   1.0000000000033575       U,V,W -0.46248858845231666      -0.55121985373127158       0.69445012665217121     
         50                  2797                  2797             2.0549790E-01         1.0000000E+30                13       
 NEXT SEEDS: EB3D212      26       0       0       0       0      33    3039       0       0
  Comptn_2: TXYZ:   1.0000000000150706       U,V,W  0.83515381959740864       -2.7555886946856845E-002  0.54932574190684136     
  Comptn_2: TXYZ:   1.0000000000069829       U,V,W  0.79914150792081529       0.40833511563971570      -0.44117489010655220     
  Comptn_2: TXYZ:   1.0000000000070624       U,V,W  -5.9425252457032229E-002 -0.81632734809392538       0.57452441212834415     
        100                  2747                  2747             3.1858814E-01         1.0000000E+30                27       
 NEXT SEEDS:1E8B5D65      26       0       0       0       0      33    3039       0       0
        150                  2697                  2697             2.6956731E-01         1.0000000E+30                44       
 NEXT SEEDS:24D20E56      26       0       0       0       0      33    3039       0       0
  Comptn_2: TXYZ:   1.0000000000036084       U,V,W  0.93594522797411805      -0.26121337773226116      -0.23616541137471359     
        200                  2647                  2647             2.5580031E-01         1.0000000E+30                49       
 NEXT SEEDS:2C7EDEDF      26       0       0       0       0      33    3039       0       0
  Comptn_2: TXYZ:   1.0000000000017741       U,V,W -0.86454658986055222      -0.48537203070543455      -0.13028117965058073     
  Comptn_2: TXYZ:  0.99999999999897837       U,V,W -0.96359210850096844       0.16222395435332260       0.21254090680997706     
  Comptn_2: TXYZ:  0.99999999999854738       U,V,W  0.47068609465203082       0.38612270378268931       0.79332456026730469     
        250                  2597                  2597             2.8498117E-01         1.0000000E+30                61       
 NEXT SEEDS:3B1641D8      26       0       0       0       0      33    3039       0       0
  Comptn_2: TXYZ:  0.99999999998121525       U,V,W -0.92447576654974739      -0.37337519647400086       -7.7042324091848968E-002
  Comptn_2: TXYZ:  0.99999999999720901       U,V,W -0.14895941952110547       0.19264557979268204       0.96989626863880951     
        300                  2547                  2547             2.6813423E-01         1.0000000E+30                63       
 NEXT SEEDS: 613C409      27       0       0       0       0      33    3039       0       0
  Comptn_2: TXYZ:  0.99999999996006550       U,V,W -0.48646307181894599       0.87025165107201019       -7.7561224351995861E-002
  Comptn_2: TXYZ:  0.99999999999564682       U,V,W -0.20230030893475259      -0.72477027572656993      -0.65862176734737687     
  Comptn_2: TXYZ:   1.0000000000017908       U,V,W -0.76233236126913795       0.56198507650842089       0.32097062910091267     
        350                  2497                  2497             2.8853527E-01         1.0000000E+30                64       
 NEXT SEEDS:151BB9CD      27       0       0       0       0      33    3039       0       0
        400                  2447                  2447             2.8708134E-01         1.0000000E+30                67       
 NEXT SEEDS:1F571D8A      27       0       0       0       0      33    3039       0       0
  Comptn_2: TXYZ:  0.99999999997983102       U,V,W -0.28999831447163160       0.23484214450924853       0.92776621233247170     
        450                  2397                  2397             2.9222509E-01         1.0000000E+30                71       
 NEXT SEEDS:2B919129      27       0       0       0       0      33    3039       0       0
        500                  2347                  2347             2.9243233E-01         1.0000000E+30                76       
 NEXT SEEDS:366D132A      27       0       0       0       0      33    3039       0       0
  *** Kaon: P_min > 1.5 GeV/c:           24   7.3196654314413667     
  *** Kaon: P_min > 1.5 GeV/c:           24   7.3195593669670798     
  *** Kaon: P_min > 1.5 GeV/c:           24   8.5989478344801586     
  *** Kaon: P_min > 1.5 GeV/c:           24   1.5720349368664153     
  *** Kbar: P_min > 1.8 GeV/c:           16   70.223026981257121     
  *** Kaon: P_min > 1.5 GeV/c:           15   1.8984329277620393     
  *** Kbar: P_min > 1.8 GeV/c:           16   70.027035262414614     
  *** Kbar: P_min > 1.8 GeV/c:           16   76.826262353140820     
  *** Kbar: P_min > 1.8 GeV/c:           16   4.9351824053209734     
  *** Kbar: P_min > 1.8 GeV/c:           16   4.5527808538031369     
        550                  2297                  2297             2.9198208E-01         1.0000000E+30               201       
 NEXT SEEDS: 55B34EE      28       0       0       0       0      33    3039       0       0
  Comptn_2: TXYZ:  0.99999999999893785       U,V,W -0.44546804309270382       -6.2128318331332366E-002 -0.89313957175987646     
  *** Kaon: P_min > 1.5 GeV/c:           24   14.805007927321585     
  *** Kaon: P_min > 1.5 GeV/c:           24   12.782083279599405     
  *** Kaon: P_min > 1.5 GeV/c:           24   5.2323266490037348     
  *** Kaon: P_min > 1.5 GeV/c:           24   5.2321864224955581     
  *** Kaon: P_min > 1.5 GeV/c:           24   4.4064840170752078     
  *** Kaon: P_min > 1.5 GeV/c:           24   2.4337202411716214     
  *** Kaon: P_min > 1.5 GeV/c:           24   2.6629730740463122     
  *** Kaon: P_min > 1.5 GeV/c:           24   1.5932922938578289     
  *** Kaon: P_min > 1.5 GeV/c:           15   1.8876905487704838     
  *** Kbar: P_min > 1.8 GeV/c:           25   6.1088007015859089     
  Comptn_2: TXYZ:  0.99999999999770994       U,V,W -0.24506186426957299       0.60077335884526128       0.76093104416905888     
        600                  2247                  2247             3.1430190E-01         1.0000000E+30               565       
 NEXT SEEDS:19A15E65      28       0       0       0       0      33    3039       0       0
  Comptn_2: TXYZ:   1.0000000000024274       U,V,W -0.65983861652015463      -0.15874320508589790       0.73444781638333723     
        650                  2197                  2197             3.0480092E-01         1.0000000E+30               594       
 NEXT SEEDS:209FA6A1      28       0       0       0       0      33    3039       0       0
  Comptn_2: TXYZ:  0.99999999999220845       U,V,W -0.91310372507842352       0.33225757657170618      -0.23631861977172264     
  Comptn_2: TXYZ:   1.0000000000013221       U,V,W  0.69496445365007808      -0.23695289129125285       0.67887976510784753     
        700                  2147                  2147             3.0727943E-01         1.0000000E+30               630       
 NEXT SEEDS:2D1FC3EA      28       0       0       0       0      33    3039       0       0
  Comptn_2: TXYZ:  0.99999999999388678       U,V,W -0.21629290052202066      -0.88226848906044564       0.41811445130329616     
  Comptn_2: TXYZ:   1.0000000000010467       U,V,W  0.18517839721110840       -4.0593161589029592E-002  0.98186616014586159     
  Comptn_2: TXYZ:  0.99999999999784983       U,V,W  0.16607910501565470       0.10137904725296838       0.98088736338742244     
  Comptn_2: TXYZ:  0.99999999999710421       U,V,W  0.63793914599017398       0.76780425373601702       -5.9247564973674116E-002
  *** Hhflev: call to Hadriv !! ***  0.76862200642622791        3.5000000000000000        1.5381073771332276               14 T F T
  *** Hhflev: call to Hadriv !! ***  0.78295531034191423        3.5000000000000000        1.5466888339564910               14 T F T
  Comptn_2: TXYZ:  0.99999999999775391       U,V,W  0.15707946141014872       0.98233456535450969       0.10170960874282287     
        750                  2097                  2097             3.0530694E-01         1.0000000E+30              1132       
 NEXT SEEDS:370F7B8C      28       0       0       0       0      33    3039       0       0
  Comptn_2: TXYZ:   1.0000000000045539       U,V,W  0.10185138065705246      -0.97753915137518632       0.18450881765240013     
  Comptn_2: TXYZ:  0.99999999999628131       U,V,W -0.20119888486442505       0.94071115976230857       0.27309617834060873     
  Comptn_2: TXYZ:  0.99999999999883749       U,V,W -0.70528935998897424       0.44437185576493476      -0.55235909740784450     
  Comptn_2: TXYZ:  0.99999999999878575       U,V,W -0.73326147268293518      -0.43698377449143777      -0.52093453860236139     
  Comptn_2: TXYZ:   1.0000000000056808       U,V,W  0.37378288266524828       0.35878911971076377       0.85531089330682164     
  Comptn_2: TXYZ:  0.99999999999820033       U,V,W  0.44100564128638808      -0.19213189531479377       0.87669798628406070     
  Comptn_2: TXYZ:   1.0000000000154354       U,V,W  0.97475227436144962       0.22323353876947749        4.9790371632241204E-003
  Comptn_2: TXYZ:  0.99999999999867495       U,V,W   1.6137267858312043E-002  0.30613832306129751      -0.95185025909433918     
        800                  2047                  2047             3.1443215E-01         1.0000000E+30              1210       
 NEXT SEEDS: C129F17      29       0       0       0       0      33    3039       0       0
  Comptn_2: TXYZ:   1.0000000000010763       U,V,W  0.76681342845391498        6.0311191515632245E-002  0.63903030141128170     
  Comptn_2: TXYZ:   1.0000000000096705       U,V,W -0.55029298793115800      -0.61635238146328675      -0.56328267265024579     
  Comptn_2: TXYZ:   1.0000000000027880       U,V,W  0.70540252331309006       -2.0992759291530660E-002 -0.70849600151563408     
  Comptn_2: TXYZ:   1.0000000000011717       U,V,W  0.18628928694505120       0.73846528089795527       0.64804732117259789     
  Comptn_2: TXYZ:  0.99999999999795741       U,V,W  0.51964481774096072       0.15407853886743794      -0.84037436137318977     
        850                  1997                  1997             3.2159028E-01         1.0000000E+30              1219       
 NEXT SEEDS:1C358DF3      29       0       0       0       0      33    3039       0       0
  Comptn_2: TXYZ:  0.99999999999828038       U,V,W  0.95666821022261317        1.8070200940769610E-003  0.29117463870694849     
  Comptn_2: TXYZ:  0.99999999999806777       U,V,W -0.49467539386562009       0.14328113137945031       0.85718537790409499     
  Comptn_2: TXYZ:   1.0000000000012983       U,V,W -0.44997022613640070       0.68331690175993742      -0.57498244091559414     
  Comptn_2: TXYZ:   1.0000000000017515       U,V,W -0.70125415447404293      -0.66385597848407230       0.25988045456632847     
  Comptn_2: TXYZ:  0.99999999999889744       U,V,W -0.11778309759910854      -0.98580536452191048      -0.11964499654678207     
        900                  1947                  1947             3.3760379E-01         1.0000000E+30              1347       
 NEXT SEEDS:333204A7      29       0       0       0       0      33    3039       0       0
  Comptn_2: TXYZ:   1.0000000000013332       U,V,W  0.19847309463271756       0.82055116253979232      -0.53600766819406687     
        950                  1897                  1897             3.3502367E-01         1.0000000E+30              1350       
 NEXT SEEDS: 25A6741      2A       0       0       0       0      33    3039       0       0
  Comptn_2: TXYZ:   1.0000000000024656       U,V,W -0.72433820030467988       0.66645032757744715      -0.17657330617552702     
  Comptn_2: TXYZ:   1.0000000000027445       U,V,W  0.27915562687485362       0.95224456795514811       0.12370294574813201     
       1000                  1847                  1847             3.2880029E-01         1.0000000E+30              1353       
 NEXT SEEDS: A2FBF17      2A       0       0       0       0      33    3039       0       0
  Comptn_2: TXYZ:   1.0000000000015845       U,V,W -0.26951806238101206       0.95815243907466119       -9.6456817007648965E-002
  Comptn_2: TXYZ:   1.0000000000011813       U,V,W  0.87658781547509612       0.27578648743376988       0.39438003893544504     
  Comptn_2: TXYZ:   1.0000000000010210       U,V,W  0.45793979295024911       0.48919796855529540      -0.74227790859965381     
  Comptn_2: TXYZ:  0.99999999999889033       U,V,W -0.46075836926536340       0.62344024584852864      -0.63168345316870500     
       1050                  1797                  1797             3.3488161E-01         1.0000000E+30              1383       
 NEXT SEEDS:1B4E5738      2A       0       0       0       0      33    3039       0       0
  Comptn_2: TXYZ:  0.99999999999884670       U,V,W  0.65675411719863774      -0.44253322952542717       0.61060492162058466     
       1100                  1747                  1747             3.2902634E-01         1.0000000E+30              1404       
 NEXT SEEDS:232352E1      2A       0       0       0       0      33    3039       0       0
  Comptn_2: TXYZ:   1.0000000000111728       U,V,W -0.48525509230188391      -0.69794148334864303       0.52669268195728591     
  Comptn_2: TXYZ:  0.99999999999350075       U,V,W -0.49667073143851326      -0.84341475916205866       0.20486514723944538     
  Comptn_2: TXYZ:   1.0000000000017955       U,V,W  -9.7950193632570404E-002  -1.9675193267898499E-002  0.99499680720040917     
       1150                  1697                  1697             3.2763711E-01         1.0000000E+30              1417       
 NEXT SEEDS:2E58B081      2A       0       0       0       0      33    3039       0       0
       1200                  1647                  1647             3.2357149E-01         1.0000000E+30              1424       
 NEXT SEEDS:36FA8AEA      2A       0       0       0       0      33    3039       0       0
  Comptn_2: TXYZ:   1.0000000000011133       U,V,W  0.95487513362250498       0.13221109587836111       0.26595808939973864     
  Comptn_2: TXYZ:  0.99999999999509881       U,V,W -0.77714240394325884       0.53248128160092278       0.33543012496350144     
       1250                  1597                  1597             3.2440939E-01         1.0000000E+30              1428       
 NEXT SEEDS: 82F2D80      2B       0       0       0       0      33    3039       0       0
  Comptn_2: TXYZ:  0.99999999999839739       U,V,W -0.87501572748784540       0.26210313785779249      -0.40700051814759775     
  Comptn_2: TXYZ:   1.0000000000011913       U,V,W -0.41983159260105651      -0.80544353010556335       0.41833258738274282     
       1300                  1547                  1547             3.1919330E-01         1.0000000E+30              1433       
 NEXT SEEDS: F385FBC      2B       0       0       0       0      33    3039       0       0
  *** Hhflev: call to Hadriv !! ***  0.37352243353463871        3.5000000000000000        1.2837835966664624               13 T F T
  Comptn_2: TXYZ:   1.0000000000021751       U,V,W -0.43403058053650057       0.81869852647014341      -0.37596566055550795     
  Comptn_2: TXYZ:  0.99999999999819300       U,V,W -0.41495685219459943      -0.22176736148135490       0.88240016330264837     
       1350                  1497                  1497             3.1996227E-01         1.0000000E+30              2059       
 NEXT SEEDS:1BE6A001      2B       0       0       0       0      33    3039       0       0
       1400                  1447                  1447             3.1531526E-01         1.0000000E+30              2324       
 NEXT SEEDS:2308C511      2B       0       0       0       0      33    3039       0       0
  Comptn_2: TXYZ:  0.99999999999784417       U,V,W  0.73298441705708939       0.47259966862014124      -0.48926822660934732     
       1450                  1397                  1397             3.1322846E-01         1.0000000E+30              2845       
 NEXT SEEDS:2CA54ABF      2B       0       0       0       0      33    3039       0       0
  Comptn_2: TXYZ:  0.99999999999682376       U,V,W  0.72700408307191289      -0.62460069814918384       0.28519998433580440     
       1500                  1347                  1347             3.1008909E-01         1.0000000E+30              2846       
 NEXT SEEDS:34D4E4B2      2B       0       0       0       0      33    3039       0       0
  Comptn_2: TXYZ:   1.0000000000014673       U,V,W -0.65182006179123420      -0.68632641652219917       0.32262463798001484     
  Comptn_2: TXYZ:  0.99999999999874367       U,V,W  0.64607960821957633      -0.24108647926345128      -0.72419503544137598     
  Comptn_2: TXYZ:   1.0000000000055356       U,V,W  0.25101765034623469       0.84015461558173854      -0.48076019088199473     
  Comptn_2: TXYZ:  0.99999999999308797       U,V,W  -1.1987932264048595E-002 -0.97900866802158859      -0.20346576471661137     
       1550                  1297                  1297             3.1793396E-01         1.0000000E+30              2969       
 NEXT SEEDS: E0E0E7F      2C       0       0       0       0      33    3039       0       0
  Comptn_2: TXYZ:  0.99999999999881950       U,V,W  0.55661568670664252      -0.52920242838744969       0.64040906231856098     
  Comptn_2: TXYZ:   1.0000000000037041       U,V,W  0.25356419254192986      -0.22139469952567550      -0.94164196342675766     
  Comptn_2: TXYZ:  0.99999999999734213       U,V,W -0.33175090925489670      -0.89388436772765445      -0.30151628701949562     
       1600                  1247                  1247             3.1959318E-01         1.0000000E+30              2971       
 NEXT SEEDS:1BFF2154      2C       0       0       0       0      33    3039       0       0
  Comptn_2: TXYZ:  0.99999999999891631       U,V,W -0.93303842663158321       0.27687424272219374      -0.22973886946876831     
  Comptn_2: TXYZ:   1.0000000000013065       U,V,W  -7.5570776570778264E-002  0.90161723202109068      -0.42588193745734593     
  Comptn_2: TXYZ:  0.99999999999886557       U,V,W  0.14566029486171539       0.85898864265642416      -0.49083764147316344     
       1650                  1197                  1197             3.1850761E-01         1.0000000E+30              3652       
 NEXT SEEDS:2687D2E0      2C       0       0       0       0      33    3039       0       0
       1700                  1147                  1147             3.2198804E-01         1.0000000E+30              3670       
 NEXT SEEDS:36BC0439      2C       0       0       0       0      33    3039       0       0
  Comptn_2: TXYZ:   1.0000000000013425       U,V,W  0.16437207940326104       0.84844755093939028      -0.50310890751301685     
  Comptn_2: TXYZ:  0.99999999999654010       U,V,W  0.85416719961083487      -0.48896034121499099      -0.17696378110914068     
  Comptn_2: TXYZ:   1.0000000000010454       U,V,W  0.97505503004961191        9.4980517068606218E-002 -0.20061502873258519     
  Comptn_2: TXYZ:  0.99999999999810929       U,V,W  -4.1739662355510632E-002 -0.18114961923969020      -0.98256939502198648     
  Comptn_2: TXYZ:  0.99999999999884537       U,V,W  0.64209558181023496      -0.65841726595183570       0.39268303721338782     
  Comptn_2: TXYZ:  0.99999999999859779       U,V,W  0.11884379099629427       0.94214242948399129       0.31343866370668039     
       1750                  1097                  1097             3.3183958E-01         1.0000000E+30              4949       
 NEXT SEEDS:143E9E61      2D       0       0       0       0      33    3039       0       0
  Comptn_2: TXYZ:   1.0000000000028506       U,V,W -0.94659073708405561        5.3406806354558967E-003 -0.32239332127056386     
       1800                  1047                  1047             3.3732935E-01         1.0000000E+30              4950       
 NEXT SEEDS:28847500      2D       0       0       0       0      33    3039       0       0
  Comptn_2: TXYZ:   1.0000000000055169       U,V,W -0.39696147597212317       0.78477182493946174       0.47597769840690773     
  Comptn_2: TXYZ:  0.99999999999777600       U,V,W -0.17295930625531497       0.96232893848422663       0.20978105856649165     
  Comptn_2: TXYZ:  0.99999999999819400       U,V,W -0.19485970446446643      -0.90921457159404184      -0.36791107400468093     
  Comptn_2: TXYZ:   1.0000000000018157       U,V,W -0.51070267619193288       0.84779466343306709      -0.14292300439966255     
  Comptn_2: TXYZ:  0.99999999999870692       U,V,W   4.0686901744706461E-002  0.89997181583956198      -0.43404528187686253     
       1850                   997                   997             3.4447587E-01         1.0000000E+30              4953       
 NEXT SEEDS: 3B194F9      2E       0       0       0       0      33    3039       0       0
  Comptn_2: TXYZ:   1.0000000000013198       U,V,W  0.73357199205105084       0.33328820781413526      -0.59227620500203670     
  Comptn_2: TXYZ:   1.0000000000022284       U,V,W -0.97022300886132840       -7.3277492793501153E-002  0.23086299428058510     
       1900                   947                   947             3.4513008E-01         1.0000000E+30              4966       
 NEXT SEEDS:11B08D8C      2E       0       0       0       0      33    3039       0       0
  Comptn_2: TXYZ:   1.0000000000046765       U,V,W  0.73575873924823432      -0.67551696990014776        4.8331159736221707E-002
       1950                   897                   897             3.3936205E-01         1.0000000E+30              4978       
 NEXT SEEDS:16490C91      2E       0       0       0       0      33    3039       0       0
  Comptn_2: TXYZ:  0.99999999999125322       U,V,W -0.40791050410429364      -0.62334807956769156      -0.66711782492443206     
  Comptn_2: TXYZ:  0.99999999998736300       U,V,W  0.96375138933163385      -0.26073867189080602        5.6556206815230325E-002
  Comptn_2: TXYZ:  0.99999999999836175       U,V,W -0.81353386094824742       -4.7676924435393175E-002  0.57955980533969154     
       2000                   847                   847             3.3910362E-01         1.0000000E+30              5038       
 NEXT SEEDS:22CCAE1B      2E       0       0       0       0      33    3039       0       0
  Comptn_2: TXYZ:  0.99999999999766576       U,V,W  0.27259289028529565      -0.95122720676926775       0.14442962738133502     
  Comptn_2: TXYZ:   1.0000000000020475       U,V,W  0.49561469550961590      -0.86740300158012928       -4.4475908610621673E-002
  Comptn_2: TXYZ:  0.99999999999841815       U,V,W -0.95047557184383891       0.21767742630791975      -0.22183941354616366     
  Comptn_2: TXYZ:   1.0000000000105915       U,V,W  0.28004015127280901      -0.92546653844043192       0.25512585112602437     
  Comptn_2: TXYZ:  0.99999999999857303       U,V,W  0.54903694938523273       0.80739746563118331       0.21602722212876913     
  Comptn_2: TXYZ:   1.0000000002006975       U,V,W -0.96505610277103671       -5.0508462864058856E-002 -0.25712956633608997     
       2050                   797                   797             3.4255161E-01         1.0000000E+30              5042       
 NEXT SEEDS:356A0B68      2E       0       0       0       0      33    3039       0       0
  Comptn_2: TXYZ:   1.0000000000012033       U,V,W  0.54740908015554357       0.80787142475706197      -0.21837367063238133     
  Comptn_2: TXYZ:   1.0000000000010747       U,V,W  0.24738596034881510      -0.18393471797332595       0.95129816889734542     
  Comptn_2: TXYZ:   1.0000000000022893       U,V,W  0.50526569217613826       0.57661818103146967      -0.64204209645163957     
  Comptn_2: TXYZ:   1.0000000000014619       U,V,W   4.1510481749643446E-002 -0.23272337191369274       0.97165668426224272     
       2100                   747                   747             3.4638836E-01         1.0000000E+30              5051       
 NEXT SEEDS: CE2580A      2F       0       0       0       0      33    3039       0       0
  Comptn_2: TXYZ:   1.0000000000035596       U,V,W  0.72271453280908560       0.69107129879392204       -1.0206079236731114E-002
  Comptn_2: TXYZ:   1.0000000000011051       U,V,W -0.55563547864546337       0.11145831162697561      -0.82392127029273610     
       2150                   697                   697             3.4698558E-01         1.0000000E+30              5523       
 NEXT SEEDS:1B14A7EA      2F       0       0       0       0      33    3039       0       0
  Comptn_2: TXYZ:  0.99999999999561107       U,V,W  0.25703155139921474        7.1900517936839492E-002  0.96372459608611116     
       2200                   647                   647             3.4245448E-01         1.0000000E+30              5528       
 NEXT SEEDS:20B13295      2F       0       0       0       0      33    3039       0       0
  Comptn_2: TXYZ:   1.0000000000013682       U,V,W -0.11255764448342021       0.75709243366404877      -0.64353851754060543     
  Comptn_2: TXYZ:  0.99999999999863654       U,V,W   2.5389007299736477E-004 -0.99688142449943473       -7.8913630168971238E-002
       2250                   597                   597             3.3934251E-01         1.0000000E+30              5534       
 NEXT SEEDS:2865C6B9      2F       0       0       0       0      33    3039       0       0
  Comptn_2: TXYZ:   1.0000000000025115       U,V,W  0.84247493722730660      -0.53682940682965530       -4.5278782109036797E-002
       2300                   547                   547             3.3794902E-01         1.0000000E+30              5539       
 NEXT SEEDS:32D1859C      2F       0       0       0       0      33    3039       0       0
  Comptn_2: TXYZ:  0.99999999999888467       U,V,W  0.36910201439699453       0.44014855796814345       0.81855540428582430     
  Comptn_2: TXYZ:  0.99999999999406819       U,V,W -0.63850940211696638       0.47100599423825429       0.60865351128038014     
  Comptn_2: TXYZ:  0.99999999999867528       U,V,W  0.61451087672162430       0.73102200533236328       0.29661963877893527     
  Comptn_2: TXYZ:   1.0000000000025961       U,V,W -0.68124409782632256       0.71503562928798203      -0.15694116103857425     
  Comptn_2: TXYZ:   1.0000000000010514       U,V,W -0.46243384938664889      -0.67962728005072215       0.56943980819166029     
       2350                   497                   497             3.3959557E-01         1.0000000E+30              5589       
 NEXT SEEDS: 73FC127      30       0       0       0       0      33    3039       0       0
  Comptn_2: TXYZ:  0.99999999999895828       U,V,W  0.95633158942456475       0.28295374790031502       -7.3260273114485130E-002
       2400                   447                   447             3.3753078E-01         1.0000000E+30              5594       
 NEXT SEEDS:106570AD      30       0       0       0       0      33    3039       0       0
       2450                   397                   397             3.3646595E-01         1.0000000E+30              5672       
 NEXT SEEDS:1B51CB55      30       0       0       0       0      33    3039       0       0
  Comptn_2: TXYZ:  0.99999999999780731       U,V,W -0.15781459188188762       0.86828967480065433      -0.47028458960669184     
       2500                   347                   347             3.3764398E-01         1.0000000E+30              5684       
 NEXT SEEDS:2A4D9EEA      30       0       0       0       0      33    3039       0       0
  *** Hhflev: call to Hadriv !! ***  0.52082150059671428        3.5000000000000000        1.3840114117493001               14 T F T
  Comptn_2: TXYZ:   1.0000000000213847       U,V,W -0.98099076433753662       -8.8216857674751736E-002  0.17284358920085197     
  Comptn_2: TXYZ:  0.99999999999167177       U,V,W -0.82661140836243963       -3.7132155332528782E-002  0.56154677685576360     
       2550                   297                   297             3.3808264E-01         1.0000000E+30              8130       
 NEXT SEEDS:37DA4A37      30       0       0       0       0      33    3039       0       0
  Comptn_2: TXYZ:  0.99999999999878242       U,V,W -0.53184796454710437       0.31367291989762336      -0.78660475585187228     
  Comptn_2: TXYZ:  0.99999999999852451       U,V,W -0.14291913367397058       0.45157764531825961       0.88071093525470801     
  Comptn_2: TXYZ:  0.99999999999781064       U,V,W -0.46428740973929905      -0.20343687583807935      -0.86200385074814179     
  Comptn_2: TXYZ:   1.0000000000171865       U,V,W  0.42921615171101024      -0.54904210279295285      -0.71716543732131299     
  Comptn_2: TXYZ:  0.99999999999713030       U,V,W  -3.9631675958318624E-002 -0.75827748047963439       0.65072620421750571     
       2600                   247                   247             3.4855956E-01         1.0000000E+30              8134       
 NEXT SEEDS:1DE72D1E      31       0       0       0       0      33    3039       0       0
  Comptn_2: TXYZ:   1.0000000000036628       U,V,W  0.88143816706328870       -7.4223970868089850E-002  0.46643065915133164     
       2650                   197                   197             3.4549375E-01         1.0000000E+30              8342       
 NEXT SEEDS:24FA9573      31       0       0       0       0      33    3039       0       0
  Comptn_2: TXYZ:  0.99999999999733236       U,V,W  0.34026056415027028       -5.2702471506037796E-002 -0.93885312907750773     
  Comptn_2: TXYZ:   1.0000000000022113       U,V,W  0.48241078851825137       0.63965377619265951      -0.59843368699119992     
  Comptn_2: TXYZ:  0.99999999999854050       U,V,W  0.18993898551975530       0.28613561192850057      -0.93917495354410363     
  Comptn_2: TXYZ:  0.99999999993796407       U,V,W  0.31681250152798057      -0.20906192643320765      -0.92516103988958776     
       2700                   147                   147             3.5166310E-01         1.0000000E+30              8746       
 NEXT SEEDS: 309481E      32       0       0       0       0      33    3039       0       0
       2750                    97                    97             3.4848829E-01         1.0000000E+30              8753       
 NEXT SEEDS: 9CC645E      32       0       0       0       0      33    3039       0       0
       2797                    50                    50             3.4508043E-01         1.0000000E+30              8754       
 NEXT SEEDS: F018956      32       0       0       0       0      33    3039       0       0
       2798                    49                    49             3.4501923E-01         1.0000000E+30              8754       
 NEXT SEEDS: F216050      32       0       0       0       0      33    3039       0       0
       2799                    48                    48             3.4489600E-01         1.0000000E+30              8754       
 NEXT SEEDS: F216054      32       0       0       0       0      33    3039       0       0
       2800                    47                    47             3.4477287E-01         1.0000000E+30              8754       
 NEXT SEEDS: F216058      32       0       0       0       0      33    3039       0       0
       2801                    46                    46             3.4480059E-01         1.0000000E+30              8754       
 NEXT SEEDS: F73591C      32       0       0       0       0      33    3039       0       0
       2802                    45                    45             3.4467758E-01         1.0000000E+30              8754       
 NEXT SEEDS: F735920      32       0       0       0       0      33    3039       0       0
       2803                    44                    44             3.4455466E-01         1.0000000E+30              8754       
 NEXT SEEDS: F735924      32       0       0       0       0      33    3039       0       0
       2804                    43                    43             3.4446652E-01         1.0000000E+30              8754       
 NEXT SEEDS: F8702BA      32       0       0       0       0      33    3039       0       0
       2805                    42                    42             3.4434374E-01         1.0000000E+30              8754       
 NEXT SEEDS: F8702BE      32       0       0       0       0      33    3039       0       0
       2806                    41                    41             3.4427498E-01         1.0000000E+30              8754       
 NEXT SEEDS: FA41E4D      32       0       0       0       0      33    3039       0       0
       2807                    40                    40             3.4415238E-01         1.0000000E+30              8754       
 NEXT SEEDS: FA41E51      32       0       0       0       0      33    3039       0       0
       2808                    39                    39             3.4432302E-01         1.0000000E+30              8754       
 NEXT SEEDS:1043EC96      32       0       0       0       0      33    3039       0       0
       2809                    38                    38             3.4420048E-01         1.0000000E+30              8754       
 NEXT SEEDS:1043EC9A      32       0       0       0       0      33    3039       0       0
       2810                    37                    37             3.4414267E-01         1.0000000E+30              8754       
 NEXT SEEDS:10687E16      32       0       0       0       0      33    3039       0       0
       2811                    36                    36             3.4409807E-01         1.0000000E+30              8754       
 NEXT SEEDS:109540A8      32       0       0       0       0      33    3039       0       0
       2812                    35                    35             3.4403215E-01         1.0000000E+30              8754       
 NEXT SEEDS:10B57782      32       0       0       0       0      33    3039       0       0
       2813                    34                    34             3.4396397E-01         1.0000000E+30              8754       
 NEXT SEEDS:10D3046F      32       0       0       0       0      33    3039       0       0
       2814                    33                    33             3.4384178E-01         1.0000000E+30              8754       
 NEXT SEEDS:10D30473      32       0       0       0       0      33    3039       0       0
       2815                    32                    32             3.4389313E-01         1.0000000E+30              8754       
 NEXT SEEDS:1130DDF0      32       0       0       0       0      33    3039       0       0
       2816                    31                    31             3.4546625E-01         1.0000000E+30              8754       
 NEXT SEEDS:149E1F07      32       0       0       0       0      33    3039       0       0
       2817                    30                    30             3.4536444E-01         1.0000000E+30              8754       
 NEXT SEEDS:14AA2295      32       0       0       0       0      33    3039       0       0
       2818                    29                    29             3.4539395E-01         1.0000000E+30              8755       
 NEXT SEEDS:14FDB721      32       0       0       0       0      33    3039       0       0
       2819                    28                    28             3.4527147E-01         1.0000000E+30              8755       
 NEXT SEEDS:14FDB725      32       0       0       0       0      33    3039       0       0
       2820                    27                    27             3.4514906E-01         1.0000000E+30              8755       
 NEXT SEEDS:14FDB729      32       0       0       0       0      33    3039       0       0
       2821                    26                    26             3.4502675E-01         1.0000000E+30              8755       
 NEXT SEEDS:14FDB72D      32       0       0       0       0      33    3039       0       0
       2822                    25                    25             3.4490453E-01         1.0000000E+30              8755       
 NEXT SEEDS:14FDB731      32       0       0       0       0      33    3039       0       0
       2823                    24                    24             3.4478237E-01         1.0000000E+30              8755       
 NEXT SEEDS:14FDB735      32       0       0       0       0      33    3039       0       0
  Comptn_2: TXYZ:   1.0000000000010634       U,V,W  -3.9700157364734423E-002 -0.51817371437556403      -0.85435349781955594     
       2824                    23                    23             3.4495995E-01         1.0000000E+30              8755       
 NEXT SEEDS:15A21B26      32       0       0       0       0      33    3039       0       0
       2825                    22                    22             3.4483788E-01         1.0000000E+30              8755       
 NEXT SEEDS:15A21B2A      32       0       0       0       0      33    3039       0       0
       2826                    21                    21             3.4473914E-01         1.0000000E+30              8755       
 NEXT SEEDS:15AF8D5D      32       0       0       0       0      33    3039       0       0
       2827                    20                    20             3.4468423E-01         1.0000000E+30              8755       
 NEXT SEEDS:15D3EB09      32       0       0       0       0      33    3039       0       0
       2828                    19                    19             3.4558365E-01         1.0000000E+30              8755       
 NEXT SEEDS:181442FD      32       0       0       0       0      33    3039       0       0
       2829                    18                    18             3.4546150E-01         1.0000000E+30              8755       
 NEXT SEEDS:18144301      32       0       0       0       0      33    3039       0       0
       2830                    17                    17             3.4533942E-01         1.0000000E+30              8755       
 NEXT SEEDS:18144305      32       0       0       0       0      33    3039       0       0
       2831                    16                    16             3.4521744E-01         1.0000000E+30              8755       
 NEXT SEEDS:18144309      32       0       0       0       0      33    3039       0       0
       2832                    15                    15             3.4516602E-01         1.0000000E+30              8755       
 NEXT SEEDS:183B7134      32       0       0       0       0      33    3039       0       0
       2833                    14                    14             3.4504422E-01         1.0000000E+30              8755       
 NEXT SEEDS:183B7138      32       0       0       0       0      33    3039       0       0
       2834                    13                    13             3.4497203E-01         1.0000000E+30              8755       
 NEXT SEEDS:18570186      32       0       0       0       0      33    3039       0       0
       2835                    12                    12             3.4520605E-01         1.0000000E+30              8755       
 NEXT SEEDS:1919DB86      32       0       0       0       0      33    3039       0       0
       2836                    11                    11             3.4513933E-01         1.0000000E+30              8755       
 NEXT SEEDS:19380CC0      32       0       0       0       0      33    3039       0       0
       2837                    10                    10             3.4501772E-01         1.0000000E+30              8755       
 NEXT SEEDS:19380CC4      32       0       0       0       0      33    3039       0       0
       2838                     9                     9             3.4501370E-01         1.0000000E+30              8756       
 NEXT SEEDS:19793B32      32       0       0       0       0      33    3039       0       0
       2839                     8                     8             3.4540720E-01         1.0000000E+30              8756       
 NEXT SEEDS:1A979D07      32       0       0       0       0      33    3039       0       0
       2840                     7                     7             3.4531163E-01         1.0000000E+30              8756       
 NEXT SEEDS:1AA66ED8      32       0       0       0       0      33    3039       0       0
       2841                     6                     6             3.4544320E-01         1.0000000E+30              8756       
 NEXT SEEDS:1B3A9393      32       0       0       0       0      33    3039       0       0
       2842                     5                     5             3.4537212E-01         1.0000000E+30              8756       
 NEXT SEEDS:1B5790B8      32       0       0       0       0      33    3039       0       0
       2843                     4                     4             3.4525068E-01         1.0000000E+30              8756       
 NEXT SEEDS:1B5790BC      32       0       0       0       0      33    3039       0       0
       2844                     3                     3             3.4531031E-01         1.0000000E+30              8756       
 NEXT SEEDS:1BBC197B      32       0       0       0       0      33    3039       0       0
       2845                     2                     2             3.4518898E-01         1.0000000E+30              8756       
 NEXT SEEDS:1BBC197F      32       0       0       0       0      33    3039       0       0
       2846                     1                     1             3.4569959E-01         1.0000000E+30              8757       
 NEXT SEEDS:1D18E481      32       0       0       0       0      33    3039       0       0
       2847                     0                     1             3.4582825E-01         1.0000000E+30              8757       
 NEXT SEEDS:1DA1F441      32       0       0       0       0      33    3039       0       0
