1NUMBER OF BEAM       NUMBER OF BEAM        APPROXIMATE NUMBER    AVERAGE TIME USED     TIME LEFT (RESERVED   NUMBER OF STARS
 PARTICLES HANDLED    PARTICLES LEFT        OF BEAM PARTICLES     BY A BEAM PARTICLE     10000.0 SECONDS      CREATED
                                            THAT CAN STILL BE                           FOR PRINTOUT)
                                            HANDLED

 NEXT SEEDS:       0       0       0       0       0       0      45    3039       0       0
          1                  2152                  2152             2.1775103E-01         1.0000000E+30                 0       
 NEXT SEEDS:  25976A       0       0       0       0       0      45    3039       0       0
         40                  2113                  2113             5.5867851E-02         1.0000000E+30                 1       
 NEXT SEEDS: 19A490E       0       0       0       0       0      45    3039       0       0
         80                  2073                  2073             9.4154876E-02         1.0000000E+30                 5       
 NEXT SEEDS: 5619457       0       0       0       0       0      45    3039       0       0
        120                  2033                  2033             8.5550749E-02         1.0000000E+30                10       
 NEXT SEEDS: 762B48B       0       0       0       0       0      45    3039       0       0
        160                  1993                  1993             7.4746463E-02         1.0000000E+30                10       
 NEXT SEEDS: 89B801D       0       0       0       0       0      45    3039       0       0
  *** Kbar: P_min > 1.8 GeV/c:           25   15.511772305884177     
  *** Kbar: P_min > 1.8 GeV/c:           25   15.801492922423957     
  *** Kbar: P_min > 1.8 GeV/c:           25   3.0270452235909753     
  *** Kaon: P_min > 1.5 GeV/c:           24   34.612344855783029     
  *** Kaon: P_min > 1.5 GeV/c:           24   33.562079657589869     
  *** Kaon: P_min > 1.5 GeV/c:           24   5.1518978973249556     
  *** Kaon: P_min > 1.5 GeV/c:           24   5.1515580232482128     
  *** Kaon: P_min > 1.5 GeV/c:           24   6.6345568834919479     
  *** Kaon: P_min > 1.5 GeV/c:           24   1.6413040660800562     
  *** Kbar: P_min > 1.8 GeV/c:           25   10.010722134488429     
  *** Kbar: P_min > 1.8 GeV/c:           25   10.429081537806844     
  *** Kbar: P_min > 1.8 GeV/c:           25   10.188782049152298     
  *** Kbar: P_min > 1.8 GeV/c:           25   4.9317669025274080     
  *** Kbar: P_min > 1.8 GeV/c:           25   4.9350526088913282     
  *** Kbar: P_min > 1.8 GeV/c:           25   6.5155390067509265     
  *** Kaon: P_min > 1.5 GeV/c:           24   17.741577495546256     
  *** Kaon: P_min > 1.5 GeV/c:           24   20.365040612344274     
  *** Kaon: P_min > 1.5 GeV/c:           24   6.1434670155209492     
  *** Kaon: P_min > 1.5 GeV/c:           24   6.1421425456322734     
  *** Kaon: P_min > 1.5 GeV/c:           24   5.5851422543936247     
        200                  1953                  1953             7.4931233E-02         1.0000000E+30               148       
 NEXT SEEDS: AC17721       0       0       0       0       0      45    3039       0       0
        240                  1913                  1913             8.7763359E-02         1.0000000E+30               148       
 NEXT SEEDS: EFCD47E       0       0       0       0       0      45    3039       0       0
  Comptn_2: TXYZ:  0.99999999999101274       U,V,W  0.83110407438314837       0.14364098439946815       0.53724601918999326     
  Comptn_2: TXYZ:   1.0000000000015574       U,V,W  0.37389625414169103       0.91843756281737043      -0.12912797662187003     
        280                  1873                  1873             1.1249492E-01         1.0000000E+30               227       
 NEXT SEEDS:1673381A       0       0       0       0       0      45    3039       0       0
  Comptn_2: TXYZ:  0.99999999999886324       U,V,W  0.44168763103117215      -0.61265455353071729      -0.65541317856067849     
        320                  1833                  1833             1.1769718E-01         1.0000000E+30               245       
 NEXT SEEDS:1AE08377       0       0       0       0       0      45    3039       0       0
        360                  1793                  1793             1.1336762E-01         1.0000000E+30               247       
 NEXT SEEDS:1D24C763       0       0       0       0       0      45    3039       0       0
        400                  1753                  1753             1.1215203E-01         1.0000000E+30               252       
 NEXT SEEDS:20101D8B       0       0       0       0       0      45    3039       0       0
        440                  1713                  1713             1.0627970E-01         1.0000000E+30               255       
 NEXT SEEDS:2167C2BE       0       0       0       0       0      45    3039       0       0
  Comptn_2: TXYZ:   1.0000000000250144       U,V,W   4.4753738268923371E-003 -0.91804199393894237      -0.39645790245464241     
  Comptn_2: TXYZ:  0.99999999999631495       U,V,W -0.99991793159052333       -4.7867670065642187E-003   1.1883473468195405E-002
  Comptn_2: TXYZ:   1.0000000000011557       U,V,W -0.56388550515309532       0.71044597834659129       0.42106964855062756     
  Comptn_2: TXYZ:  0.99999999999660583       U,V,W  0.63622131589285402       0.39436656433868222      -0.66309686331023698     
  Comptn_2: TXYZ:   1.0000000000051885       U,V,W -0.65500987509723529        9.9065760494340793E-002  0.74909815019660186     
  Comptn_2: TXYZ:   1.0000000000862430       U,V,W -0.25786013422668930       0.95165297260658477      -0.16692744229720802     
        480                  1673                  1673             1.2092196E-01         1.0000000E+30               261       
 NEXT SEEDS:29A1EB93       0       0       0       0       0      45    3039       0       0
        520                  1633                  1633             1.2270911E-01         1.0000000E+30               262       
 NEXT SEEDS:2DEB4FB6       0       0       0       0       0      45    3039       0       0
        560                  1593                  1593             1.1846470E-01         1.0000000E+30               308       
 NEXT SEEDS:2FC2EE73       0       0       0       0       0      45    3039       0       0
  Comptn_2: TXYZ:  0.99999999999890443       U,V,W -0.17326351115620220       0.61056880753748288      -0.77277777333654285     
        600                  1553                  1553             1.1789534E-01         1.0000000E+30               311       
 NEXT SEEDS:32DFF74F       0       0       0       0       0      45    3039       0       0
  Comptn_2: TXYZ:  0.99999999999853073       U,V,W  0.47951028510532723        7.6483867122988158E-002 -0.87419683398342940     
  Comptn_2: TXYZ:   1.0000000000026350       U,V,W -0.99001096215103246        6.4790572706243665E-002 -0.12522170942699518     
        640                  1513                  1513             1.1928816E-01         1.0000000E+30               313       
 NEXT SEEDS:36F26CA4       0       0       0       0       0      45    3039       0       0
        680                  1473                  1473             1.1444043E-01         1.0000000E+30               314       
 NEXT SEEDS:3800C01F       0       0       0       0       0      45    3039       0       0
        720                  1433                  1433             1.1370178E-01         1.0000000E+30               323       
 NEXT SEEDS:3AEE8750       0       0       0       0       0      45    3039       0       0
  Comptn_2: TXYZ:   1.0000000000011589       U,V,W  0.44156571104502262      -0.72074565781209543      -0.53436450066922703     
        760                  1393                  1393             1.1100663E-01         1.0000000E+30               325       
 NEXT SEEDS: 11B0F6F       1       0       0       0       0      45    3039       0       0
  Comptn_2: TXYZ:   1.0000000000053344       U,V,W  0.87333412801002197       -3.3334174768413050E-002  0.48597976670929199     
  Comptn_2: TXYZ:  0.99999999999288336       U,V,W  0.12835168040933453       0.12269378312325330      -0.98410979149274169     
  Comptn_2: TXYZ:  0.99999999999446065       U,V,W -0.55322991135926713        5.4173339834278522E-002 -0.83126524913716793     
        800                  1353                  1353             1.1121998E-01         1.0000000E+30               533       
 NEXT SEEDS: 4796063       1       0       0       0       0      45    3039       0       0
  Comptn_2: TXYZ:   1.0000000000042353       U,V,W  0.32870106759338569      -0.75409330542996145      -0.56859378722680276     
        840                  1313                  1313             1.0974381E-01         1.0000000E+30               533       
 NEXT SEEDS: 6BD8169       1       0       0       0       0      45    3039       0       0
  Comptn_2: TXYZ:  0.99999999999889799       U,V,W  0.47343839577578706      -0.22091405974494194       0.85267406645866473     
        880                  1273                  1273             1.1017894E-01         1.0000000E+30               825       
 NEXT SEEDS: A3979B4       1       0       0       0       0      45    3039       0       0
  Comptn_2: TXYZ:  0.99999999999021527       U,V,W -0.93044623666016868       0.34788856705559112      -0.11507973577981545     
        920                  1233                  1233             1.0827708E-01         1.0000000E+30               828       
 NEXT SEEDS: C30B771       1       0       0       0       0      45    3039       0       0
  Comptn_2: TXYZ:   1.0000000000017051       U,V,W  0.79197905380291544       -7.5805274410029710E-002 -0.60582401628753857     
  Comptn_2: TXYZ:  0.99999999999851041       U,V,W  0.32166273968365999       0.41350506399431808       0.85179025819081033     
        960                  1193                  1193             1.0949043E-01         1.0000000E+30               832       
 NEXT SEEDS:102800A9       1       0       0       0       0      45    3039       0       0
       1000                  1153                  1153             1.0850677E-01         1.0000000E+30               838       
 NEXT SEEDS:1295904A       1       0       0       0       0      45    3039       0       0
  Comptn_2: TXYZ:  0.99999999999827349       U,V,W  0.50350669958697480      -0.86382268991264510       -1.7069383743638866E-002
       1040                  1113                  1113             1.0736739E-01         1.0000000E+30               846       
 NEXT SEEDS:14DF0104       1       0       0       0       0      45    3039       0       0
       1080                  1073                  1073             1.0502959E-01         1.0000000E+30               846       
 NEXT SEEDS:1621D6F4       1       0       0       0       0      45    3039       0       0
  Comptn_2: TXYZ:  0.99999999999692901       U,V,W  -7.3541715660695672E-002  0.91221280834143315       0.40306253652807555     
  Comptn_2: TXYZ:  0.99999999999159561       U,V,W  0.72111737478491023      -0.52643322733035802      -0.45039736781808415     
       1120                  1033                  1033             1.0526422E-01         1.0000000E+30               855       
 NEXT SEEDS:196913C6       1       0       0       0       0      45    3039       0       0
       1160                   993                   993             1.0340678E-01         1.0000000E+30               857       
 NEXT SEEDS:1ADF1F72       1       0       0       0       0      45    3039       0       0
       1200                   953                   953             1.0367818E-01         1.0000000E+30               872       
 NEXT SEEDS:1E168160       1       0       0       0       0      45    3039       0       0
  Comptn_2: TXYZ:  0.99999999999809386       U,V,W   9.1401744088983605E-003 -0.98046060912711175      -0.19650305636290177     
       1240                   913                   913             1.0445952E-01         1.0000000E+30               874       
 NEXT SEEDS:21CBEE16       1       0       0       0       0      45    3039       0       0
       1280                   873                   873             1.0787693E-01         1.0000000E+30               988       
 NEXT SEEDS:2821E265       1       0       0       0       0      45    3039       0       0
  Comptn_2: TXYZ:  0.99999999999879519       U,V,W  0.76997149529149311       0.30458304347178577       0.56068981270114193     
       1320                   833                   833             1.1079945E-01         1.0000000E+30              2836       
 NEXT SEEDS:2E1EB582       1       0       0       0       0      45    3039       0       0
       1360                   793                   793             1.1001355E-01         1.0000000E+30              2846       
 NEXT SEEDS:3099FAC8       1       0       0       0       0      45    3039       0       0
       1400                   753                   753             1.0923974E-01         1.0000000E+30              2847       
 NEXT SEEDS:330AEF55       1       0       0       0       0      45    3039       0       0
       1440                   713                   713             1.0857744E-01         1.0000000E+30              2849       
 NEXT SEEDS:358D7672       1       0       0       0       0      45    3039       0       0
       1480                   673                   673             1.0749103E-01         1.0000000E+30              2849       
 NEXT SEEDS:378D3DE6       1       0       0       0       0      45    3039       0       0
       1520                   633                   633             1.0849514E-01         1.0000000E+30              2852       
 NEXT SEEDS:  476C9D       2       0       0       0       0      45    3039       0       0
       1560                   593                   593             1.0792257E-01         1.0000000E+30              2854       
 NEXT SEEDS: 2BE9906       2       0       0       0       0      45    3039       0       0
  Comptn_2: TXYZ:   1.0000000000130171       U,V,W  -9.7131911391713288E-002 -0.97685731902166850       0.19056539579946730     
  Comptn_2: TXYZ:  0.99999999999695877       U,V,W  0.32561003964390878       0.40621723486880512      -0.85379485836797642     
  Comptn_2: TXYZ:  0.99999999999798117       U,V,W -0.56572025579541219        6.5180257066925762E-002 -0.82201710825836471     
       1600                   553                   553             1.1226060E-01         1.0000000E+30              2856       
 NEXT SEEDS: B23E64C       2       0       0       0       0      45    3039       0       0
  Comptn_2: TXYZ:   1.0000000000014739       U,V,W -0.15128517148555076       0.38466591808249717      -0.91057395545656306     
  Comptn_2: TXYZ:  0.99999999999806755       U,V,W  -7.3145971275437205E-002 -0.69850096519468252      -0.71186098959441324     
       1640                   513                   513             1.1125507E-01         1.0000000E+30              2857       
 NEXT SEEDS: D2B9E76       2       0       0       0       0      45    3039       0       0
  Comptn_2: TXYZ:   1.0000000000031881       U,V,W  0.91565306585050443      -0.37002907198753121      -0.15702849705007793     
       1680                   473                   473             1.1067168E-01         1.0000000E+30              2880       
 NEXT SEEDS: FB9AF7D       2       0       0       0       0      45    3039       0       0
       1720                   433                   433             1.0937568E-01         1.0000000E+30              2885       
 NEXT SEEDS:11459377       2       0       0       0       0      45    3039       0       0
  Comptn_2: TXYZ:  0.99999999999848788       U,V,W  0.74778689547684962       0.32222185259036501      -0.58050653455823920     
       1760                   393                   393             1.0930888E-01         1.0000000E+30              2906       
 NEXT SEEDS:1464F7DD       2       0       0       0       0      45    3039       0       0
  Comptn_2: TXYZ:   1.0000000000022884       U,V,W -0.15978188876924548      -0.84481255085855622      -0.51064811948687350     
       1800                   353                   353             1.0939927E-01         1.0000000E+30              2907       
 NEXT SEEDS:17C01ECC       2       0       0       0       0      45    3039       0       0
       1840                   313                   313             1.0946955E-01         1.0000000E+30              2916       
 NEXT SEEDS:1B05EA51       2       0       0       0       0      45    3039       0       0
  Comptn_2: TXYZ:   1.0000000000040004       U,V,W  -2.8080326149314772E-002 -0.83817395759686519       0.54467964171038830     
  Comptn_2: TXYZ:  0.99999999999883271       U,V,W  0.12609969190071979      -0.80469888191879591       0.58013668832441212     
       1880                   273                   273             1.0983034E-01         1.0000000E+30              2989       
 NEXT SEEDS:1E9CA832       2       0       0       0       0      45    3039       0       0
  Comptn_2: TXYZ:   1.0000000000015148       U,V,W  0.63213531967447167      -0.41010219404389403      -0.65743526530142304     
  Comptn_2: TXYZ:   1.0000000000023126       U,V,W -0.32267812274060503       0.35773309715297330       0.87630237949480261     
       1920                   233                   233             1.0944534E-01         1.0000000E+30              2993       
 NEXT SEEDS:214122C4       2       0       0       0       0      45    3039       0       0
       1960                   193                   193             1.0922261E-01         1.0000000E+30              2996       
 NEXT SEEDS:242712CB       2       0       0       0       0      45    3039       0       0
       2000                   153                   153             1.0893909E-01         1.0000000E+30              2996       
 NEXT SEEDS:26E181F6       2       0       0       0       0      45    3039       0       0
       2040                   113                   113             1.0797733E-01         1.0000000E+30              2996       
 NEXT SEEDS:28A2E8A7       2       0       0       0       0      45    3039       0       0
  Comptn_2: TXYZ:  0.99999999999849654       U,V,W -0.82334347288031751      -0.21362159494621125       0.52580542012850273     
       2080                    73                    73             1.0830303E-01         1.0000000E+30              3066       
 NEXT SEEDS:2C37FB60       2       0       0       0       0      45    3039       0       0
       2103                    50                    50             1.0771284E-01         1.0000000E+30              3066       
 NEXT SEEDS:2D1B2597       2       0       0       0       0      45    3039       0       0
       2104                    49                    49             1.0766223E-01         1.0000000E+30              3066       
 NEXT SEEDS:2D1B4E00       2       0       0       0       0      45    3039       0       0
       2105                    48                    48             1.0795317E-01         1.0000000E+30              3066       
 NEXT SEEDS:2D9556C9       2       0       0       0       0      45    3039       0       0
       2106                    47                    47             1.0790198E-01         1.0000000E+30              3066       
 NEXT SEEDS:2D9556CD       2       0       0       0       0      45    3039       0       0
       2107                    46                    46             1.0789795E-01         1.0000000E+30              3066       
 NEXT SEEDS:2DA6470D       2       0       0       0       0      45    3039       0       0
       2108                    45                    45             1.0788892E-01         1.0000000E+30              3066       
 NEXT SEEDS:2DB555B7       2       0       0       0       0      45    3039       0       0
       2109                    44                    44             1.0783804E-01         1.0000000E+30              3066       
 NEXT SEEDS:2DB5689F       2       0       0       0       0      45    3039       0       0
       2110                    43                    43             1.0790975E-01         1.0000000E+30              3066       
 NEXT SEEDS:2DE5DAEB       2       0       0       0       0      45    3039       0       0
       2111                    42                    42             1.0798083E-01         1.0000000E+30              3066       
 NEXT SEEDS:2E12CEE8       2       0       0       0       0      45    3039       0       0
       2112                    41                    41             1.0792977E-01         1.0000000E+30              3066       
 NEXT SEEDS:2E12CEEC       2       0       0       0       0      45    3039       0       0
       2113                    40                    40             1.0787874E-01         1.0000000E+30              3066       
 NEXT SEEDS:2E12CEF0       2       0       0       0       0      45    3039       0       0
       2114                    39                    39             1.0782776E-01         1.0000000E+30              3066       
 NEXT SEEDS:2E12CEF4       2       0       0       0       0      45    3039       0       0
       2115                    38                    38             1.0785576E-01         1.0000000E+30              3067       
 NEXT SEEDS:2E332FA9       2       0       0       0       0      45    3039       0       0
       2116                    37                    37             1.0780485E-01         1.0000000E+30              3067       
 NEXT SEEDS:2E332FAD       2       0       0       0       0      45    3039       0       0
  Comptn_2: TXYZ:  0.99999999999678391       U,V,W -0.93131412105810263       0.17069931889730583      -0.32173863685071069     
  Comptn_2: TXYZ:   1.0000000000030198       U,V,W -0.36132837782159477       0.33789326263523378       0.86906268269299858     
  Comptn_2: TXYZ:   1.0000000000012297       U,V,W -0.94607367828522282      -0.19329194889396462       0.25996695511135925     
       2117                    36                    36             1.1334539E-01         1.0000000E+30              3067       
 NEXT SEEDS:370300A0       2       0       0       0       0      45    3039       0       0
       2118                    35                    35             1.1329196E-01         1.0000000E+30              3067       
 NEXT SEEDS:370300A4       2       0       0       0       0      45    3039       0       0
       2119                    34                    34             1.1370112E-01         1.0000000E+30              3067       
 NEXT SEEDS:37B4DF10       2       0       0       0       0      45    3039       0       0
       2120                    33                    33             1.1364868E-01         1.0000000E+30              3067       
 NEXT SEEDS:37B53278       2       0       0       0       0      45    3039       0       0
       2121                    32                    32             1.1361719E-01         1.0000000E+30              3067       
 NEXT SEEDS:37BDA548       2       0       0       0       0      45    3039       0       0
       2122                    31                    31             1.1368442E-01         1.0000000E+30              3067       
 NEXT SEEDS:37EDB042       2       0       0       0       0      45    3039       0       0
       2123                    30                    30             1.1363094E-01         1.0000000E+30              3067       
 NEXT SEEDS:37EDB046       2       0       0       0       0      45    3039       0       0
       2124                    29                    29             1.1357750E-01         1.0000000E+30              3067       
 NEXT SEEDS:37EDB05C       2       0       0       0       0      45    3039       0       0
       2125                    28                    28             1.1352417E-01         1.0000000E+30              3067       
 NEXT SEEDS:37EDB6A4       2       0       0       0       0      45    3039       0       0
       2126                    27                    27             1.1390949E-01         1.0000000E+30              3272       
 NEXT SEEDS:38A2580C       2       0       0       0       0      45    3039       0       0
       2127                    26                    26             1.1385601E-01         1.0000000E+30              3272       
 NEXT SEEDS:38A25810       2       0       0       0       0      45    3039       0       0
       2128                    25                    25             1.1381537E-01         1.0000000E+30              3272       
 NEXT SEEDS:38A6D16D       2       0       0       0       0      45    3039       0       0
       2129                    24                    24             1.1389290E-01         1.0000000E+30              3272       
 NEXT SEEDS:38DBF9E0       2       0       0       0       0      45    3039       0       0
       2130                    23                    23             1.1383949E-01         1.0000000E+30              3272       
 NEXT SEEDS:38DBF9E4       2       0       0       0       0      45    3039       0       0
       2131                    22                    22             1.1378767E-01         1.0000000E+30              3272       
 NEXT SEEDS:38DC8A41       2       0       0       0       0      45    3039       0       0
       2132                    21                    21             1.1381637E-01         1.0000000E+30              3272       
 NEXT SEEDS:38FE92FA       2       0       0       0       0      45    3039       0       0
       2133                    20                    20             1.1376307E-01         1.0000000E+30              3272       
 NEXT SEEDS:38FE92FE       2       0       0       0       0      45    3039       0       0
       2134                    19                    19             1.1406975E-01         1.0000000E+30              3272       
 NEXT SEEDS:399101F4       2       0       0       0       0      45    3039       0       0
       2135                    18                    18             1.1401639E-01         1.0000000E+30              3272       
 NEXT SEEDS:399101F8       2       0       0       0       0      45    3039       0       0
       2136                    17                    17             1.1396306E-01         1.0000000E+30              3272       
 NEXT SEEDS:399101FC       2       0       0       0       0      45    3039       0       0
  Comptn_2: TXYZ:  0.99999999999796463       U,V,W -0.14136765729655565      -0.44049673901255204       0.88655389480152635     
       2137                    16                    16             1.1395459E-01         1.0000000E+30              3272       
 NEXT SEEDS:39A2BAA9       2       0       0       0       0      45    3039       0       0
       2138                    15                    15             1.1390135E-01         1.0000000E+30              3272       
 NEXT SEEDS:39A2BAC7       2       0       0       0       0      45    3039       0       0
       2139                    14                    14             1.1384816E-01         1.0000000E+30              3272       
 NEXT SEEDS:39A2BACB       2       0       0       0       0      45    3039       0       0
       2140                    13                    13             1.1379500E-01         1.0000000E+30              3272       
 NEXT SEEDS:39A2BACF       2       0       0       0       0      45    3039       0       0
       2141                    12                    12             1.1374191E-01         1.0000000E+30              3272       
 NEXT SEEDS:39A2BAD3       2       0       0       0       0      45    3039       0       0
       2142                    11                    11             1.1368886E-01         1.0000000E+30              3272       
 NEXT SEEDS:39A2BAD7       2       0       0       0       0      45    3039       0       0
       2143                    10                    10             1.1363870E-01         1.0000000E+30              3272       
 NEXT SEEDS:39A3A4A7       2       0       0       0       0      45    3039       0       0
       2144                     9                     9             1.1386468E-01         1.0000000E+30              3272       
 NEXT SEEDS:3A1125F5       2       0       0       0       0      45    3039       0       0
       2145                     8                     8             1.1381167E-01         1.0000000E+30              3272       
 NEXT SEEDS:3A112609       2       0       0       0       0      45    3039       0       0
       2146                     7                     7             1.1399112E-01         1.0000000E+30              3272       
 NEXT SEEDS:3A6E8C53       2       0       0       0       0      45    3039       0       0
       2147                     6                     6             1.1393809E-01         1.0000000E+30              3272       
 NEXT SEEDS:3A6E8C6A       2       0       0       0       0      45    3039       0       0
       2148                     5                     5             1.1388509E-01         1.0000000E+30              3272       
 NEXT SEEDS:3A6E8C6E       2       0       0       0       0      45    3039       0       0
       2149                     4                     4             1.1388288E-01         1.0000000E+30              3272       
 NEXT SEEDS:3A803CE3       2       0       0       0       0      45    3039       0       0
       2150                     3                     3             1.1390164E-01         1.0000000E+30              3272       
 NEXT SEEDS:3A9AEBB9       2       0       0       0       0      45    3039       0       0
       2151                     2                     2             1.1387265E-01         1.0000000E+30              3272       
 NEXT SEEDS:3AA4DAB5       2       0       0       0       0      45    3039       0       0
       2152                     1                     1             1.1381980E-01         1.0000000E+30              3272       
 NEXT SEEDS:3AA4DAB9       2       0       0       0       0      45    3039       0       0
       2153                     0                     1             1.1376712E-01         1.0000000E+30              3272       
 NEXT SEEDS:3AA4E7EA       2       0       0       0       0      45    3039       0       0
