1NUMBER OF BEAM       NUMBER OF BEAM        APPROXIMATE NUMBER    AVERAGE TIME USED     TIME LEFT (RESERVED   NUMBER OF STARS
 PARTICLES HANDLED    PARTICLES LEFT        OF BEAM PARTICLES     BY A BEAM PARTICLE     10000.0 SECONDS      CREATED
                                            THAT CAN STILL BE                           FOR PRINTOUT)
                                            HANDLED

 NEXT SEEDS:32CEF170       5       0       0       0       0      13    3039       0       0
          1                  2846                  2846             8.2015991E-05         1.0000000E+30                 0       
 NEXT SEEDS:32CEF174       5       0       0       0       0      13    3039       0       0
         50                  2797                  2797             2.4375520E-02         1.0000000E+30                 4       
 NEXT SEEDS:33ADC350       5       0       0       0       0      13    3039       0       0
  Comptn_2: TXYZ:  0.99999999999796385       U,V,W  -2.1772380088279419E-002 -0.30496056834535068       0.95211607234503504     
  Comptn_2: TXYZ:  0.99999999999799449       U,V,W -0.85480462325229922        3.9978517352125209E-002 -0.51740774464131789     
        100                  2747                  2747             4.1738322E-02         1.0000000E+30                25       
 NEXT SEEDS:35C52986       5       0       0       0       0      13    3039       0       0
        150                  2697                  2697             3.8707264E-02         1.0000000E+30                36       
 NEXT SEEDS:36F20EB0       5       0       0       0       0      13    3039       0       0
        200                  2647                  2647             3.9191786E-02         1.0000000E+30                40       
 NEXT SEEDS:38651813       5       0       0       0       0      13    3039       0       0
        250                  2597                  2597             3.5996148E-02         1.0000000E+30                90       
 NEXT SEEDS:39397E93       5       0       0       0       0      13    3039       0       0
        300                  2547                  2547             3.8221821E-02         1.0000000E+30               113       
 NEXT SEEDS:3AF69C7C       5       0       0       0       0      13    3039       0       0
        350                  2497                  2497             3.8930117E-02         1.0000000E+30               125       
 NEXT SEEDS:  E4A764       6       0       0       0       0      13    3039       0       0
        400                  2447                  2447             4.0616270E-02         1.0000000E+30               129       
 NEXT SEEDS: 2BCC318       6       0       0       0       0      13    3039       0       0
  Comptn_2: TXYZ:  0.99999999999841460       U,V,W  0.19725759600159165       0.53827634917473688      -0.81935829326199183     
        450                  2397                  2397             4.0468361E-02         1.0000000E+30               135       
 NEXT SEEDS: 4229B23       6       0       0       0       0      13    3039       0       0
        500                  2347                  2347             3.9478627E-02         1.0000000E+30               143       
 NEXT SEEDS: 53B7768       6       0       0       0       0      13    3039       0       0
        550                  2297                  2297             4.0539402E-02         1.0000000E+30               146       
 NEXT SEEDS: 710752E       6       0       0       0       0      13    3039       0       0
        600                  2247                  2247             4.0371161E-02         1.0000000E+30               148       
 NEXT SEEDS: 87197F5       6       0       0       0       0      13    3039       0       0
  *** Kbar: P_min > 1.8 GeV/c:           25   5.2395487411824737     
  *** Kbar: P_min > 1.8 GeV/c:           25   5.0012306685344514     
  *** Kbar: P_min > 1.8 GeV/c:           25   4.9381287556706104     
  *** Kbar: P_min > 1.8 GeV/c:           25   4.6838242818378175     
  *** Kaon: P_min > 1.5 GeV/c:           15   3.4262263452465822     
  *** Kaon: P_min > 1.5 GeV/c:           15   2.9925359522154014     
        650                  2197                  2197             3.9263385E-02         1.0000000E+30               260       
 NEXT SEEDS: 9611B3C       6       0       0       0       0      13    3039       0       0
        700                  2147                  2147             3.9748909E-02         1.0000000E+30               263       
 NEXT SEEDS: B0BFA61       6       0       0       0       0      13    3039       0       0
  *** Kaon: P_min > 1.5 GeV/c:           15   25.451060124726883     
  *** Kaon: P_min > 1.5 GeV/c:           15   28.835427934651594     
  *** Kaon: P_min > 1.5 GeV/c:           24   9.1844282482731998     
  *** Kaon: P_min > 1.5 GeV/c:           24   9.1837459701345097     
  *** Kaon: P_min > 1.5 GeV/c:           24   8.3647671576541534     
  *** Kaon: P_min > 1.5 GeV/c:           24   2.4603365691021168     
  *** Kaon: P_min > 1.5 GeV/c:           24   3.6592586067759374     
  *** Kaon: P_min > 1.5 GeV/c:           24   1.8286002383993352     
  *** Kaon: P_min > 1.5 GeV/c:           24   2.0923412720769154     
  *** Kbar: P_min > 1.8 GeV/c:           16   2.5443535923389651     
  *** Kbar: P_min > 1.8 GeV/c:           16   3.1752802160153495     
  *** Kbar: P_min > 1.8 GeV/c:           16   2.0863978104961358     
  *** Kaon: P_min > 1.5 GeV/c:           15   10.794757708640056     
  *** Kaon: P_min > 1.5 GeV/c:           15   9.5981527815247052     
        750                  2097                  2097             3.9717260E-02         1.0000000E+30               442       
 NEXT SEEDS: C77124C       6       0       0       0       0      13    3039       0       0
        800                  2047                  2047             3.9641013E-02         1.0000000E+30               445       
 NEXT SEEDS: DD5D172       6       0       0       0       0      13    3039       0       0
  Comptn_2: TXYZ:   1.0000000000010880       U,V,W  -6.8850872162002474E-002  0.89923972652487871      -0.43200401808673128     
  Comptn_2: TXYZ:  0.99999999999830425       U,V,W  0.25356419986522383       0.83310283687300446      -0.49157385990221769     
        850                  1997                  1997             4.3297986E-02         1.0000000E+30               451       
 NEXT SEEDS:11780DBF       6       0       0       0       0      13    3039       0       0
        900                  1947                  1947             4.2031157E-02         1.0000000E+30               458       
 NEXT SEEDS:12342A63       6       0       0       0       0      13    3039       0       0
        950                  1897                  1897             4.2968879E-02         1.0000000E+30               690       
 NEXT SEEDS:1463F39F       6       0       0       0       0      13    3039       0       0
       1000                  1847                  1847             4.3434395E-02         1.0000000E+30               694       
 NEXT SEEDS:163EA5B6       6       0       0       0       0      13    3039       0       0
       1050                  1797                  1797             4.3304952E-02         1.0000000E+30               739       
 NEXT SEEDS:17B2C298       6       0       0       0       0      13    3039       0       0
       1100                  1747                  1747             4.2526367E-02         1.0000000E+30               742       
 NEXT SEEDS:18A1EA68       6       0       0       0       0      13    3039       0       0
       1150                  1697                  1697             4.2033420E-02         1.0000000E+30               742       
 NEXT SEEDS:19BEF68C       6       0       0       0       0      13    3039       0       0
       1200                  1647                  1647             4.1176624E-02         1.0000000E+30               754       
 NEXT SEEDS:1A8573A0       6       0       0       0       0      13    3039       0       0
       1250                  1597                  1597             4.0603699E-02         1.0000000E+30               758       
 NEXT SEEDS:1B7A4705       6       0       0       0       0      13    3039       0       0
       1300                  1547                  1547             4.0613148E-02         1.0000000E+30               776       
 NEXT SEEDS:1CEBF5A2       6       0       0       0       0      13    3039       0       0
  Comptn_2: TXYZ:  0.99999999999837474       U,V,W  0.69860621925373501       0.21157309273068137      -0.68351018781782003     
       1350                  1497                  1497             4.0677075E-02         1.0000000E+30               784       
 NEXT SEEDS:1E6C48DC       6       0       0       0       0      13    3039       0       0
       1400                  1447                  1447             4.0114054E-02         1.0000000E+30               784       
 NEXT SEEDS:1F5039D3       6       0       0       0       0      13    3039       0       0
       1450                  1397                  1397             3.9593353E-02         1.0000000E+30               785       
 NEXT SEEDS:2032F028       6       0       0       0       0      13    3039       0       0
       1500                  1347                  1347             3.9540487E-02         1.0000000E+30               792       
 NEXT SEEDS:218F53A1       6       0       0       0       0      13    3039       0       0
       1550                  1297                  1297             4.0059460E-02         1.0000000E+30               794       
 NEXT SEEDS:238B7323       6       0       0       0       0      13    3039       0       0
  Comptn_2: TXYZ:  0.99999999999881528       U,V,W -0.55907662981222472      -0.41552982639879588      -0.71747354332379842     
       1600                  1247                  1247             4.0506344E-02         1.0000000E+30               797       
 NEXT SEEDS:257DA805       6       0       0       0       0      13    3039       0       0
       1650                  1197                  1197             4.1363761E-02         1.0000000E+30               799       
 NEXT SEEDS:27F3A3BB       6       0       0       0       0      13    3039       0       0
       1700                  1147                  1147             4.0803681E-02         1.0000000E+30               803       
 NEXT SEEDS:28BFA98D       6       0       0       0       0      13    3039       0       0
       1750                  1097                  1097             4.0647077E-02         1.0000000E+30               845       
 NEXT SEEDS:29FD6161       6       0       0       0       0      13    3039       0       0
       1800                  1047                  1047             3.9973602E-02         1.0000000E+30               851       
 NEXT SEEDS:2A92B359       6       0       0       0       0      13    3039       0       0
       1850                   997                   997             3.9816359E-02         1.0000000E+30               873       
 NEXT SEEDS:2BC8FD69       6       0       0       0       0      13    3039       0       0
       1900                   947                   947             4.0150962E-02         1.0000000E+30              1283       
 NEXT SEEDS:2D9AFA02       6       0       0       0       0      13    3039       0       0
       1950                   897                   897             4.0511991E-02         1.0000000E+30              1292       
 NEXT SEEDS:2F99E126       6       0       0       0       0      13    3039       0       0
       2000                   847                   847             4.1343163E-02         1.0000000E+30              1293       
 NEXT SEEDS:32424E6A       6       0       0       0       0      13    3039       0       0
       2050                   797                   797             4.2295618E-02         1.0000000E+30              1344       
 NEXT SEEDS:351EE0B2       6       0       0       0       0      13    3039       0       0
       2100                   747                   747             4.2096670E-02         1.0000000E+30              1349       
 NEXT SEEDS:36526F81       6       0       0       0       0      13    3039       0       0
       2150                   697                   697             4.1676419E-02         1.0000000E+30              1357       
 NEXT SEEDS:372BCBE3       6       0       0       0       0      13    3039       0       0
       2200                   647                   647             4.1794968E-02         1.0000000E+30              1360       
 NEXT SEEDS:38D9EB6C       6       0       0       0       0      13    3039       0       0
       2250                   597                   597             4.1711311E-02         1.0000000E+30              1364       
 NEXT SEEDS:3A33D8B9       6       0       0       0       0      13    3039       0       0
  Comptn_2: TXYZ:   1.0000000000018692       U,V,W -0.93388891779530159      -0.28126291880193577      -0.22077739858963241     
       2300                   547                   547             4.2065496E-02         1.0000000E+30              1365       
 NEXT SEEDS:  A9EA8A       7       0       0       0       0      13    3039       0       0
       2350                   497                   497             4.1805034E-02         1.0000000E+30              1366       
 NEXT SEEDS: 1B939BF       7       0       0       0       0      13    3039       0       0
       2400                   447                   447             4.1903534E-02         1.0000000E+30              1371       
 NEXT SEEDS: 36FC9FB       7       0       0       0       0      13    3039       0       0
  Comptn_2: TXYZ:   1.0000000000017510       U,V,W -0.97855413916858680        1.2403477086017745E-002  0.20561602679254776     
       2450                   397                   397             4.2376553E-02         1.0000000E+30              1376       
 NEXT SEEDS: 5BD9224       7       0       0       0       0      13    3039       0       0
       2500                   347                   347             4.2223181E-02         1.0000000E+30              1383       
 NEXT SEEDS: 6F5CB9D       7       0       0       0       0      13    3039       0       0
  Comptn_2: TXYZ:  0.99999999999679157       U,V,W  -5.0020981110421303E-002  0.60897225233655661      -0.79161271928240495     
       2550                   297                   297             4.2447977E-02         1.0000000E+30              1396       
 NEXT SEEDS: 8D77A58       7       0       0       0       0      13    3039       0       0
       2600                   247                   247             4.2683337E-02         1.0000000E+30              1401       
 NEXT SEEDS: ACB7EA5       7       0       0       0       0      13    3039       0       0
       2650                   197                   197             4.2477832E-02         1.0000000E+30              1415       
 NEXT SEEDS: BEA9050       7       0       0       0       0      13    3039       0       0
       2700                   147                   147             4.2434989E-02         1.0000000E+30              1462       
 NEXT SEEDS: D5A6D60       7       0       0       0       0      13    3039       0       0
       2750                    97                    97             4.3039923E-02         1.0000000E+30              1482       
 NEXT SEEDS:100742B3       7       0       0       0       0      13    3039       0       0
       2797                    50                    50             4.3081617E-02         1.0000000E+30              1487       
 NEXT SEEDS:118E7F27       7       0       0       0       0      13    3039       0       0
       2798                    49                    49             4.3071559E-02         1.0000000E+30              1487       
 NEXT SEEDS:11913F4C       7       0       0       0       0      13    3039       0       0
       2799                    48                    48             4.3060409E-02         1.0000000E+30              1487       
 NEXT SEEDS:11936688       7       0       0       0       0      13    3039       0       0
       2800                    47                    47             4.3063545E-02         1.0000000E+30              1489       
 NEXT SEEDS:119CBD97       7       0       0       0       0      13    3039       0       0
       2801                    46                    46             4.3048215E-02         1.0000000E+30              1489       
 NEXT SEEDS:119CBD9B       7       0       0       0       0      13    3039       0       0
       2802                    45                    45             4.3032889E-02         1.0000000E+30              1489       
 NEXT SEEDS:119CBD9F       7       0       0       0       0      13    3039       0       0
       2803                    44                    44             4.3017575E-02         1.0000000E+30              1489       
 NEXT SEEDS:119CBDA3       7       0       0       0       0      13    3039       0       0
       2804                    43                    43             4.3002272E-02         1.0000000E+30              1489       
 NEXT SEEDS:119CBDA7       7       0       0       0       0      13    3039       0       0
       2805                    42                    42             4.2999676E-02         1.0000000E+30              1489       
 NEXT SEEDS:11A310B7       7       0       0       0       0      13    3039       0       0
       2806                    41                    41             4.2991761E-02         1.0000000E+30              1489       
 NEXT SEEDS:11A71EEA       7       0       0       0       0      13    3039       0       0
       2807                    40                    40             4.2993092E-02         1.0000000E+30              1489       
 NEXT SEEDS:11AF7FEA       7       0       0       0       0      13    3039       0       0
       2808                    39                    39             4.3217553E-02         1.0000000E+30              1489       
 NEXT SEEDS:12277860       7       0       0       0       0      13    3039       0       0
       2809                    38                    38             4.3202217E-02         1.0000000E+30              1489       
 NEXT SEEDS:12277864       7       0       0       0       0      13    3039       0       0
       2810                    37                    37             4.3186880E-02         1.0000000E+30              1489       
 NEXT SEEDS:12277868       7       0       0       0       0      13    3039       0       0
       2811                    36                    36             4.3181885E-02         1.0000000E+30              1489       
 NEXT SEEDS:122C9457       7       0       0       0       0      13    3039       0       0
       2812                    35                    35             4.3173254E-02         1.0000000E+30              1489       
 NEXT SEEDS:12307D38       7       0       0       0       0      13    3039       0       0
       2813                    34                    34             4.3157947E-02         1.0000000E+30              1489       
 NEXT SEEDS:12307D3C       7       0       0       0       0      13    3039       0       0
       2814                    33                    33             4.3142646E-02         1.0000000E+30              1489       
 NEXT SEEDS:12307D40       7       0       0       0       0      13    3039       0       0
       2815                    32                    32             4.3127360E-02         1.0000000E+30              1489       
 NEXT SEEDS:12307D44       7       0       0       0       0      13    3039       0       0
       2816                    31                    31             4.3112080E-02         1.0000000E+30              1489       
 NEXT SEEDS:12307D48       7       0       0       0       0      13    3039       0       0
       2817                    30                    30             4.3096811E-02         1.0000000E+30              1489       
 NEXT SEEDS:12307D4C       7       0       0       0       0      13    3039       0       0
       2818                    29                    29             4.3081556E-02         1.0000000E+30              1489       
 NEXT SEEDS:12307D50       7       0       0       0       0      13    3039       0       0
       2819                    28                    28             4.3066311E-02         1.0000000E+30              1489       
 NEXT SEEDS:12307D54       7       0       0       0       0      13    3039       0       0
       2820                    27                    27             4.3072412E-02         1.0000000E+30              1489       
 NEXT SEEDS:123B865E       7       0       0       0       0      13    3039       0       0
       2821                    26                    26             4.3057187E-02         1.0000000E+30              1489       
 NEXT SEEDS:123B8662       7       0       0       0       0      13    3039       0       0
       2822                    25                    25             4.3092797E-02         1.0000000E+30              1489       
 NEXT SEEDS:1257AF52       7       0       0       0       0      13    3039       0       0
       2823                    24                    24             4.3077572E-02         1.0000000E+30              1489       
 NEXT SEEDS:1257AF56       7       0       0       0       0      13    3039       0       0
       2824                    23                    23             4.3062356E-02         1.0000000E+30              1489       
 NEXT SEEDS:1257AF5A       7       0       0       0       0      13    3039       0       0
       2825                    22                    22             4.3059055E-02         1.0000000E+30              1489       
 NEXT SEEDS:125DA5E9       7       0       0       0       0      13    3039       0       0
       2826                    21                    21             4.3061294E-02         1.0000000E+30              1489       
 NEXT SEEDS:1266EFCC       7       0       0       0       0      13    3039       0       0
       2827                    20                    20             4.3046105E-02         1.0000000E+30              1489       
 NEXT SEEDS:1266EFD0       7       0       0       0       0      13    3039       0       0
       2828                    19                    19             4.3030921E-02         1.0000000E+30              1489       
 NEXT SEEDS:1266EFD4       7       0       0       0       0      13    3039       0       0
       2829                    18                    18             4.3028763E-02         1.0000000E+30              1489       
 NEXT SEEDS:126D9CB8       7       0       0       0       0      13    3039       0       0
       2830                    17                    17             4.3024353E-02         1.0000000E+30              1489       
 NEXT SEEDS:127309B4       7       0       0       0       0      13    3039       0       0
       2831                    16                    16             4.3009199E-02         1.0000000E+30              1489       
 NEXT SEEDS:127309B8       7       0       0       0       0      13    3039       0       0
       2832                    15                    15             4.2994049E-02         1.0000000E+30              1489       
 NEXT SEEDS:127309BC       7       0       0       0       0      13    3039       0       0
       2833                    14                    14             4.2978911E-02         1.0000000E+30              1489       
 NEXT SEEDS:127309C0       7       0       0       0       0      13    3039       0       0
       2834                    13                    13             4.2976377E-02         1.0000000E+30              1489       
 NEXT SEEDS:127984F6       7       0       0       0       0      13    3039       0       0
       2835                    12                    12             4.2961258E-02         1.0000000E+30              1489       
 NEXT SEEDS:127984FA       7       0       0       0       0      13    3039       0       0
       2836                    11                    11             4.2958893E-02         1.0000000E+30              1489       
 NEXT SEEDS:12801B87       7       0       0       0       0      13    3039       0       0
       2837                    10                    10             4.2948511E-02         1.0000000E+30              1489       
 NEXT SEEDS:1282B24D       7       0       0       0       0      13    3039       0       0
       2838                     9                     9             4.2945563E-02         1.0000000E+30              1489       
 NEXT SEEDS:1289290C       7       0       0       0       0      13    3039       0       0
       2839                     8                     8             4.2943123E-02         1.0000000E+30              1489       
 NEXT SEEDS:128FA0A0       7       0       0       0       0      13    3039       0       0
       2840                     7                     7             4.2942429E-02         1.0000000E+30              1489       
 NEXT SEEDS:129729A1       7       0       0       0       0      13    3039       0       0
       2841                     6                     6             4.2931565E-02         1.0000000E+30              1489       
 NEXT SEEDS:12997802       7       0       0       0       0      13    3039       0       0
       2842                     5                     5             4.2955741E-02         1.0000000E+30              1489       
 NEXT SEEDS:12AD9F32       7       0       0       0       0      13    3039       0       0
       2843                     4                     4             4.2940677E-02         1.0000000E+30              1489       
 NEXT SEEDS:12AD9F36       7       0       0       0       0      13    3039       0       0
       2844                     3                     3             4.3000537E-02         1.0000000E+30              1489       
 NEXT SEEDS:12D5D264       7       0       0       0       0      13    3039       0       0
       2845                     2                     2             4.2997803E-02         1.0000000E+30              1489       
 NEXT SEEDS:12DC210E       7       0       0       0       0      13    3039       0       0
       2846                     1                     1             4.3011428E-02         1.0000000E+30              1489       
 NEXT SEEDS:12EC1DC4       7       0       0       0       0      13    3039       0       0
       2847                     0                     1             4.3009470E-02         1.0000000E+30              1489       
 NEXT SEEDS:12F34923       7       0       0       0       0      13    3039       0       0
