1NUMBER OF BEAM       NUMBER OF BEAM        APPROXIMATE NUMBER    AVERAGE TIME USED     TIME LEFT (RESERVED   NUMBER OF STARS
 PARTICLES HANDLED    PARTICLES LEFT        OF BEAM PARTICLES     BY A BEAM PARTICLE     10000.0 SECONDS      CREATED
                                            THAT CAN STILL BE                           FOR PRINTOUT)
                                            HANDLED

 NEXT SEEDS:188B0F08       1       0       0       0       0      13    3039       0       0
          1                  2846                  2846             2.5345802E-02         1.0000000E+30                 0       
 NEXT SEEDS:189002C9       1       0       0       0       0      13    3039       0       0
         50                  2797                  2797             4.4878359E-02         1.0000000E+30                 5       
 NEXT SEEDS:1A1FACEC       1       0       0       0       0      13    3039       0       0
        100                  2747                  2747             4.3725939E-02         1.0000000E+30                10       
 NEXT SEEDS:1BA341C9       1       0       0       0       0      13    3039       0       0
        150                  2697                  2697             4.9398543E-02         1.0000000E+30                15       
 NEXT SEEDS:1DCD5B97       1       0       0       0       0      13    3039       0       0
        200                  2647                  2647             4.6184058E-02         1.0000000E+30                49       
 NEXT SEEDS:1F189183       1       0       0       0       0      13    3039       0       0
  Comptn_2: TXYZ:   1.0000000000024252       U,V,W  0.37625021830491789      -0.72017517827448074       0.58290950054467849     
  *** Kaon: P_min > 1.5 GeV/c:           15   1.7171308093160242     
        250                  2597                  2597             4.3655205E-02         1.0000000E+30                78       
 NEXT SEEDS:204819AB       1       0       0       0       0      13    3039       0       0
        300                  2547                  2547             4.3108002E-02         1.0000000E+30                87       
 NEXT SEEDS:21B1B253       1       0       0       0       0      13    3039       0       0
  Comptn_2: TXYZ:  0.99999999999862010       U,V,W  -3.3985698883356008E-002  0.95465012250906511      -0.29578390061573145     
        350                  2497                  2497             4.5760517E-02         1.0000000E+30               111       
 NEXT SEEDS:23E14B8E       1       0       0       0       0      13    3039       0       0
  Comptn_2: TXYZ:   1.0000000000026414       U,V,W -0.97225832133711343       -8.5681233507393983E-002  0.21765220609502478     
        400                  2447                  2447             4.3869474E-02         1.0000000E+30               116       
 NEXT SEEDS:24F3381C       1       0       0       0       0      13    3039       0       0
        450                  2397                  2397             4.3085211E-02         1.0000000E+30               118       
 NEXT SEEDS:263B3424       1       0       0       0       0      13    3039       0       0
        500                  2347                  2347             4.2883371E-02         1.0000000E+30               127       
 NEXT SEEDS:27AAA344       1       0       0       0       0      13    3039       0       0
        550                  2297                  2297             4.2178898E-02         1.0000000E+30               139       
 NEXT SEEDS:28E8C7AC       1       0       0       0       0      13    3039       0       0
  Comptn_2: TXYZ:   1.0000000000014049       U,V,W -0.34583981061055624      -0.10473176134392759      -0.93243020305224888     
        600                  2247                  2247             4.1543581E-02         1.0000000E+30               149       
 NEXT SEEDS:2A174AF8       1       0       0       0       0      13    3039       0       0
  Comptn_2: TXYZ:  0.99999999999881017       U,V,W -0.84972533926742955       0.18952309496606290       0.49198358131155828     
        650                  2197                  2197             4.0505625E-02         1.0000000E+30               154       
 NEXT SEEDS:2B116C0A       1       0       0       0       0      13    3039       0       0
        700                  2147                  2147             4.0806300E-02         1.0000000E+30               168       
 NEXT SEEDS:2CA4DBD8       1       0       0       0       0      13    3039       0       0
        750                  2097                  2097             4.3405557E-02         1.0000000E+30               195       
 NEXT SEEDS:2F7AA732       1       0       0       0       0      13    3039       0       0
  Comptn_2: TXYZ:  0.99999999999856970       U,V,W -0.42975841032432527      -0.89255042478907853      -0.13660691037760131     
        800                  2047                  2047             4.3559235E-02         1.0000000E+30               199       
 NEXT SEEDS:3118A079       1       0       0       0       0      13    3039       0       0
        850                  1997                  1997             4.4086635E-02         1.0000000E+30               203       
 NEXT SEEDS:32F45034       1       0       0       0       0      13    3039       0       0
  Eventv: ekin+am < pla,ij,igreyt   2.6664447214904361        2.9667454009146224               30           8
        900                  1947                  1947             4.3728721E-02         1.0000000E+30               224       
 NEXT SEEDS:34479F5B       1       0       0       0       0      13    3039       0       0
        950                  1897                  1897             4.3069493E-02         1.0000000E+30               229       
 NEXT SEEDS:356144A9       1       0       0       0       0      13    3039       0       0
       1000                  1847                  1847             4.4415893E-02         1.0000000E+30               230       
 NEXT SEEDS:37D51D03       1       0       0       0       0      13    3039       0       0
       1050                  1797                  1797             4.4338567E-02         1.0000000E+30               243       
 NEXT SEEDS:3954A654       1       0       0       0       0      13    3039       0       0
       1100                  1747                  1747             4.4493102E-02         1.0000000E+30               253       
 NEXT SEEDS:3B0487C1       1       0       0       0       0      13    3039       0       0
  Comptn_2: TXYZ:   1.0000000000484848       U,V,W -0.97235375862924656       -2.0799976811815668E-002  0.23258445582774812     
       1150                  1697                  1697             4.5141160E-02         1.0000000E+30               253       
 NEXT SEEDS: 1874AB4       2       0       0       0       0      13    3039       0       0
  Comptn_2: TXYZ:  0.99999999999888822       U,V,W   3.0990267747583289E-002 -0.80016600519943504      -0.59897743482288135     
       1200                  1647                  1647             4.4572667E-02         1.0000000E+30               260       
 NEXT SEEDS: 2A1A180       2       0       0       0       0      13    3039       0       0
       1250                  1597                  1597             4.3832122E-02         1.0000000E+30               263       
 NEXT SEEDS: 38C0EBD       2       0       0       0       0      13    3039       0       0
       1300                  1547                  1547             4.3415958E-02         1.0000000E+30               265       
 NEXT SEEDS: 4B84BD6       2       0       0       0       0      13    3039       0       0
       1350                  1497                  1497             4.3670091E-02         1.0000000E+30               292       
 NEXT SEEDS: 6846FF8       2       0       0       0       0      13    3039       0       0
       1400                  1447                  1447             4.3334459E-02         1.0000000E+30               376       
 NEXT SEEDS: 7BA5760       2       0       0       0       0      13    3039       0       0
       1450                  1397                  1397             4.3676302E-02         1.0000000E+30               383       
 NEXT SEEDS: 99C3B5F       2       0       0       0       0      13    3039       0       0
       1500                  1347                  1347             4.3043800E-02         1.0000000E+30               388       
 NEXT SEEDS: A7C52F7       2       0       0       0       0      13    3039       0       0
  *** Kaon: P_min > 1.5 GeV/c:           24   2.2724395436065499     
  *** Kaon: P_min > 1.5 GeV/c:           24   2.2715946603128963     
  *** Kaon: P_min > 1.5 GeV/c:           24   2.2572215268296469     
  *** Kbar: P_min > 1.8 GeV/c:           25   2.6914601589004157     
  *** Kaon: P_min > 1.5 GeV/c:           15   2.1595589445240164     
  *** Kaon: P_min > 1.5 GeV/c:           15   2.1136176311700776     
  *** Kaon: P_min > 1.5 GeV/c:           15   2.0015034897553328     
  *** Kaon: P_min > 1.5 GeV/c:           15   2.0586523949982438     
  *** Kaon: P_min > 1.5 GeV/c:           15   1.9148748859382398     
  *** Kaon: P_min > 1.5 GeV/c:           15   1.7802968368905572     
  *** Kbar: P_min > 1.8 GeV/c:           25   2.6912719962344420     
  *** Kbar: P_min > 1.8 GeV/c:           25   2.8302220919802950     
  *** Kbar: P_min > 1.8 GeV/c:           25   2.7268984303610013     
  *** Kbar: P_min > 1.8 GeV/c:           25   2.6959888752276111     
  *** Kbar: P_min > 1.8 GeV/c:           16   1.9247366521049625     
  *** Kbar: P_min > 1.8 GeV/c:           16   1.9938146007813426     
  *** Kbar: P_min > 1.8 GeV/c:           25   13.293867773961097     
  *** Kbar: P_min > 1.8 GeV/c:           25   13.277433652263648     
  *** Kbar: P_min > 1.8 GeV/c:           25   10.009463266887083     
       1550                  1297                  1297             4.3617319E-02         1.0000000E+30               717       
 NEXT SEEDS: C9FC5D0       2       0       0       0       0      13    3039       0       0
       1600                  1247                  1247             4.3781564E-02         1.0000000E+30               762       
 NEXT SEEDS: E5A60FD       2       0       0       0       0      13    3039       0       0
  Comptn_2: TXYZ:  0.99999999999153311       U,V,W -0.12984384470624377       0.96158973028653294      -0.24183830670699535     
       1650                  1197                  1197             4.3678336E-02         1.0000000E+30               771       
 NEXT SEEDS: FCE35B5       2       0       0       0       0      13    3039       0       0
  Comptn_2: TXYZ:  0.99999999998092726       U,V,W  0.94789664286284392       0.23727008469163025      -0.21259083080110486     
       1700                  1147                  1147             4.3428091E-02         1.0000000E+30               774       
 NEXT SEEDS:110C2337       2       0       0       0       0      13    3039       0       0
       1750                  1097                  1097             4.3422082E-02         1.0000000E+30               782       
 NEXT SEEDS:12956DDF       2       0       0       0       0      13    3039       0       0
       1800                  1047                  1047             4.3221348E-02         1.0000000E+30               784       
 NEXT SEEDS:13DD21D7       2       0       0       0       0      13    3039       0       0
       1850                   997                   997             4.2795647E-02         1.0000000E+30               789       
 NEXT SEEDS:14D4C279       2       0       0       0       0      13    3039       0       0
       1900                   947                   947             4.2574360E-02         1.0000000E+30               793       
 NEXT SEEDS:160B444E       2       0       0       0       0      13    3039       0       0
       1950                   897                   897             4.2342867E-02         1.0000000E+30               796       
 NEXT SEEDS:17377D62       2       0       0       0       0      13    3039       0       0
       2000                   847                   847             4.2375013E-02         1.0000000E+30               798       
 NEXT SEEDS:18B96391       2       0       0       0       0      13    3039       0       0
       2050                   797                   797             4.2193177E-02         1.0000000E+30               801       
 NEXT SEEDS:19F6C2B4       2       0       0       0       0      13    3039       0       0
       2100                   747                   747             4.2240831E-02         1.0000000E+30               874       
 NEXT SEEDS:1B885D87       2       0       0       0       0      13    3039       0       0
       2150                   697                   697             4.2037429E-02         1.0000000E+30               884       
 NEXT SEEDS:1CBC70EF       2       0       0       0       0      13    3039       0       0
       2200                   647                   647             4.1796852E-02         1.0000000E+30               895       
 NEXT SEEDS:1DD5DC9C       2       0       0       0       0      13    3039       0       0
       2250                   597                   597             4.2010723E-02         1.0000000E+30               898       
 NEXT SEEDS:1FA6FCE5       2       0       0       0       0      13    3039       0       0
       2300                   547                   547             4.2074556E-02         1.0000000E+30               913       
 NEXT SEEDS:213CFEC6       2       0       0       0       0      13    3039       0       0
       2350                   497                   497             4.2121859E-02         1.0000000E+30              1023       
 NEXT SEEDS:22CD8985       2       0       0       0       0      13    3039       0       0
       2400                   447                   447             4.1846849E-02         1.0000000E+30              1024       
 NEXT SEEDS:23D32068       2       0       0       0       0      13    3039       0       0
       2450                   397                   397             4.1636497E-02         1.0000000E+30              1026       
 NEXT SEEDS:24F411EA       2       0       0       0       0      13    3039       0       0
       2500                   347                   347             4.1380351E-02         1.0000000E+30              1033       
 NEXT SEEDS:25F8AC84       2       0       0       0       0      13    3039       0       0
       2550                   297                   297             4.1425019E-02         1.0000000E+30              1035       
 NEXT SEEDS:2785C307       2       0       0       0       0      13    3039       0       0
  Comptn_2: TXYZ:   1.0000000000651321       U,V,W  0.87255039704055548       0.48182783429288634       -8.0608577646103186E-002
       2600                   247                   247             4.1193370E-02         1.0000000E+30              1039       
 NEXT SEEDS:288F054F       2       0       0       0       0      13    3039       0       0
  Comptn_2: TXYZ:   1.0000000000017770       U,V,W -0.40502229709880311      -0.24105576929771644       0.88195751311663084     
       2650                   197                   197             4.0979854E-02         1.0000000E+30              1041       
 NEXT SEEDS:299DF88A       2       0       0       0       0      13    3039       0       0
       2700                   147                   147             4.0814897E-02         1.0000000E+30              1047       
 NEXT SEEDS:2ABB8C82       2       0       0       0       0      13    3039       0       0
       2750                    97                    97             4.1236251E-02         1.0000000E+30              1047       
 NEXT SEEDS:2D0447FE       2       0       0       0       0      13    3039       0       0
  Comptn_2: TXYZ:   1.0000000000010598       U,V,W -0.48310538026100147      -0.57379216536343947       0.66134086712637696     
       2797                    50                    50             4.1083530E-02         1.0000000E+30              1051       
 NEXT SEEDS:2E188654       2       0       0       0       0      13    3039       0       0
       2798                    49                    49             4.1074545E-02         1.0000000E+30              1051       
 NEXT SEEDS:2E1B7F54       2       0       0       0       0      13    3039       0       0
       2799                    48                    48             4.1059917E-02         1.0000000E+30              1051       
 NEXT SEEDS:2E1B7F58       2       0       0       0       0      13    3039       0       0
       2800                    47                    47             4.1045293E-02         1.0000000E+30              1051       
 NEXT SEEDS:2E1B7F5C       2       0       0       0       0      13    3039       0       0
       2801                    46                    46             4.1030675E-02         1.0000000E+30              1051       
 NEXT SEEDS:2E1B7F60       2       0       0       0       0      13    3039       0       0
       2802                    45                    45             4.1051483E-02         1.0000000E+30              1051       
 NEXT SEEDS:2E2D7921       2       0       0       0       0      13    3039       0       0
       2803                    44                    44             4.1036881E-02         1.0000000E+30              1051       
 NEXT SEEDS:2E2D7925       2       0       0       0       0      13    3039       0       0
       2804                    43                    43             4.1214154E-02         1.0000000E+30              1051       
 NEXT SEEDS:2E8EADB2       2       0       0       0       0      13    3039       0       0
       2805                    42                    42             4.1207680E-02         1.0000000E+30              1052       
 NEXT SEEDS:2E92E954       2       0       0       0       0      13    3039       0       0
       2806                    41                    41             4.1199050E-02         1.0000000E+30              1052       
 NEXT SEEDS:2E95E9AF       2       0       0       0       0      13    3039       0       0
       2807                    40                    40             4.1184416E-02         1.0000000E+30              1052       
 NEXT SEEDS:2E95E9B3       2       0       0       0       0      13    3039       0       0
       2808                    39                    39             4.1184804E-02         1.0000000E+30              1058       
 NEXT SEEDS:2E9DFF0C       2       0       0       0       0      13    3039       0       0
       2809                    38                    38             4.1455822E-02         1.0000000E+30              1058       
 NEXT SEEDS:2F37BBF3       2       0       0       0       0      13    3039       0       0
       2810                    37                    37             4.1441121E-02         1.0000000E+30              1058       
 NEXT SEEDS:2F37BBF7       2       0       0       0       0      13    3039       0       0
       2811                    36                    36             4.1426416E-02         1.0000000E+30              1058       
 NEXT SEEDS:2F37BBFB       2       0       0       0       0      13    3039       0       0
       2812                    35                    35             4.1411722E-02         1.0000000E+30              1058       
 NEXT SEEDS:2F37BBFF       2       0       0       0       0      13    3039       0       0
       2813                    34                    34             4.1397039E-02         1.0000000E+30              1058       
 NEXT SEEDS:2F37BC03       2       0       0       0       0      13    3039       0       0
       2814                    33                    33             4.1430070E-02         1.0000000E+30              1058       
 NEXT SEEDS:2F4FFE47       2       0       0       0       0      13    3039       0       0
       2815                    32                    32             4.1418287E-02         1.0000000E+30              1059       
 NEXT SEEDS:2F518F17       2       0       0       0       0      13    3039       0       0
       2816                    31                    31             4.1410808E-02         1.0000000E+30              1059       
 NEXT SEEDS:2F5573D7       2       0       0       0       0      13    3039       0       0
       2817                    30                    30             4.1405386E-02         1.0000000E+30              1060       
 NEXT SEEDS:2F5A194D       2       0       0       0       0      13    3039       0       0
       2818                    29                    29             4.1410584E-02         1.0000000E+30              1060       
 NEXT SEEDS:2F640532       2       0       0       0       0      13    3039       0       0
       2819                    28                    28             4.1430996E-02         1.0000000E+30              1060       
 NEXT SEEDS:2F76297C       2       0       0       0       0      13    3039       0       0
       2820                    27                    27             4.1441333E-02         1.0000000E+30              1060       
 NEXT SEEDS:2F83B11F       2       0       0       0       0      13    3039       0       0
       2821                    26                    26             4.1426686E-02         1.0000000E+30              1060       
 NEXT SEEDS:2F83B123       2       0       0       0       0      13    3039       0       0
       2822                    25                    25             4.1418981E-02         1.0000000E+30              1060       
 NEXT SEEDS:2F873282       2       0       0       0       0      13    3039       0       0
       2823                    24                    24             4.1418627E-02         1.0000000E+30              1060       
 NEXT SEEDS:2F8E4A55       2       0       0       0       0      13    3039       0       0
       2824                    23                    23             4.1414448E-02         1.0000000E+30              1060       
 NEXT SEEDS:2F93CEB7       2       0       0       0       0      13    3039       0       0
       2825                    22                    22             4.1399832E-02         1.0000000E+30              1060       
 NEXT SEEDS:2F93CEBB       2       0       0       0       0      13    3039       0       0
       2826                    21                    21             4.1390679E-02         1.0000000E+30              1060       
 NEXT SEEDS:2F96C6B8       2       0       0       0       0      13    3039       0       0
       2827                    20                    20             4.1376078E-02         1.0000000E+30              1060       
 NEXT SEEDS:2F96C6BC       2       0       0       0       0      13    3039       0       0
       2828                    19                    19             4.1376360E-02         1.0000000E+30              1060       
 NEXT SEEDS:2F9E64CD       2       0       0       0       0      13    3039       0       0
       2829                    18                    18             4.1361778E-02         1.0000000E+30              1060       
 NEXT SEEDS:2F9E64D1       2       0       0       0       0      13    3039       0       0
       2830                    17                    17             4.1350314E-02         1.0000000E+30              1060       
 NEXT SEEDS:2FA009E7       2       0       0       0       0      13    3039       0       0
       2831                    16                    16             4.1359089E-02         1.0000000E+30              1060       
 NEXT SEEDS:2FABE384       2       0       0       0       0      13    3039       0       0
       2832                    15                    15             4.1347960E-02         1.0000000E+30              1060       
 NEXT SEEDS:2FADC4C4       2       0       0       0       0      13    3039       0       0
       2833                    14                    14             4.1397672E-02         1.0000000E+30              1067       
 NEXT SEEDS:2FCF767A       2       0       0       0       0      13    3039       0       0
       2834                    13                    13             4.1383110E-02         1.0000000E+30              1067       
 NEXT SEEDS:2FCF767E       2       0       0       0       0      13    3039       0       0
       2835                    12                    12             4.1385658E-02         1.0000000E+30              1067       
 NEXT SEEDS:2FD8325B       2       0       0       0       0      13    3039       0       0
       2836                    11                    11             4.1375354E-02         1.0000000E+30              1067       
 NEXT SEEDS:2FDA7428       2       0       0       0       0      13    3039       0       0
       2837                    10                    10             4.1360769E-02         1.0000000E+30              1067       
 NEXT SEEDS:2FDA742C       2       0       0       0       0      13    3039       0       0
       2838                     9                     9             4.1346195E-02         1.0000000E+30              1067       
 NEXT SEEDS:2FDA7430       2       0       0       0       0      13    3039       0       0
       2839                     8                     8             4.1331632E-02         1.0000000E+30              1067       
 NEXT SEEDS:2FDA7434       2       0       0       0       0      13    3039       0       0
       2840                     7                     7             4.1317078E-02         1.0000000E+30              1067       
 NEXT SEEDS:2FDA7438       2       0       0       0       0      13    3039       0       0
       2841                     6                     6             4.1302535E-02         1.0000000E+30              1067       
 NEXT SEEDS:2FDA743C       2       0       0       0       0      13    3039       0       0
       2842                     5                     5             4.1288002E-02         1.0000000E+30              1067       
 NEXT SEEDS:2FDA7440       2       0       0       0       0      13    3039       0       0
       2843                     4                     4             4.1280591E-02         1.0000000E+30              1067       
 NEXT SEEDS:2FDE66B4       2       0       0       0       0      13    3039       0       0
       2844                     3                     3             4.1266122E-02         1.0000000E+30              1067       
 NEXT SEEDS:2FDE66B8       2       0       0       0       0      13    3039       0       0
       2845                     2                     2             4.1273231E-02         1.0000000E+30              1067       
 NEXT SEEDS:2FE964B5       2       0       0       0       0      13    3039       0       0
       2846                     1                     1             4.1262892E-02         1.0000000E+30              1067       
 NEXT SEEDS:2FEB84D2       2       0       0       0       0      13    3039       0       0
       2847                     0                     1             4.1248442E-02         1.0000000E+30              1067       
 NEXT SEEDS:2FEB84D6       2       0       0       0       0      13    3039       0       0
