1NUMBER OF BEAM       NUMBER OF BEAM        APPROXIMATE NUMBER    AVERAGE TIME USED     TIME LEFT (RESERVED   NUMBER OF STARS
 PARTICLES HANDLED    PARTICLES LEFT        OF BEAM PARTICLES     BY A BEAM PARTICLE     10000.0 SECONDS      CREATED
                                            THAT CAN STILL BE                           FOR PRINTOUT)
                                            HANDLED

 NEXT SEEDS:1A1A6ED6       0       0       0       0       0       1    3039       0       0
          1                  2152                  2152             1.5130043E-03         1.0000000E+30                 0       
 NEXT SEEDS:1A1A8AC2       0       0       0       0       0       1    3039       0       0
         40                  2113                  2113             1.4215422E-02         1.0000000E+30                18       
 NEXT SEEDS:1A81F630       0       0       0       0       0       1    3039       0       0
  *** Kaon: P_min > 1.5 GeV/c:           15   3.9914563769615659     
  *** Kbar: P_min > 1.8 GeV/c:           16   1.9415658831239708     
  *** Kbar: P_min > 1.8 GeV/c:           16   2.5302897635860666     
  *** Kbar: P_min > 1.8 GeV/c:           16   1.8759041659371314     
  *** Kbar: P_min > 1.8 GeV/c:           16   2.0714589167352955     
  *** Kaon: P_min > 1.5 GeV/c:           15   3.4458206865120968     
  *** Kaon: P_min > 1.5 GeV/c:           15   3.1722808116294674     
  *** Kaon: P_min > 1.5 GeV/c:           15   3.9860242074808578     
  *** Kaon: P_min > 1.5 GeV/c:           15   3.0705355402682426     
  *** Kaon: P_min > 1.5 GeV/c:           15   2.9141935445967619     
  *** Kaon: P_min > 1.5 GeV/c:           15   4.0334524547944790     
  *** Kaon: P_min > 1.5 GeV/c:           15   3.4364517238921444     
  *** Kaon: P_min > 1.5 GeV/c:           15   3.4328647986110052     
         80                  2073                  2073             1.8975925E-02         1.0000000E+30               126       
 NEXT SEEDS:1B2E442F       0       0       0       0       0       1    3039       0       0
        120                  2033                  2033             1.4689124E-02         1.0000000E+30               126       
 NEXT SEEDS:1B59A6B6       0       0       0       0       0       1    3039       0       0
        160                  1993                  1993             1.4677513E-02         1.0000000E+30               128       
 NEXT SEEDS:1BC3E67E       0       0       0       0       0       1    3039       0       0
        200                  1953                  1953             1.4852486E-02         1.0000000E+30               128       
 NEXT SEEDS:1C3406ED       0       0       0       0       0       1    3039       0       0
        240                  1913                  1913             1.4416504E-02         1.0000000E+30               159       
 NEXT SEEDS:1C8BC24C       0       0       0       0       0       1    3039       0       0
        280                  1873                  1873             1.6625106E-02         1.0000000E+30               159       
 NEXT SEEDS:1D65F72E       0       0       0       0       0       1    3039       0       0
        320                  1833                  1833             1.6946512E-02         1.0000000E+30               161       
 NEXT SEEDS:1DF25622       0       0       0       0       0       1    3039       0       0
        360                  1793                  1793             1.8758188E-02         1.0000000E+30               170       
 NEXT SEEDS:1EDFAE95       0       0       0       0       0       1    3039       0       0
        400                  1753                  1753             1.8487167E-02         1.0000000E+30               172       
 NEXT SEEDS:1F54FB38       0       0       0       0       0       1    3039       0       0
  Comptn_2: TXYZ:  0.99999999998391753       U,V,W -0.81652864210232678      -0.55159410895609540       0.17036700260138105     
        440                  1713                  1713             1.8344855E-02         1.0000000E+30               172       
 NEXT SEEDS:1FD15200       0       0       0       0       0       1    3039       0       0
        480                  1673                  1673             1.8009007E-02         1.0000000E+30               174       
 NEXT SEEDS:203B2000       0       0       0       0       0       1    3039       0       0
  Comptn_2: TXYZ:  0.99999999999852296       U,V,W  0.74369739862083062       0.57265115569041569      -0.34494178229023476     
        520                  1633                  1633             1.7344090E-02         1.0000000E+30               177       
 NEXT SEEDS:207FC2F9       0       0       0       0       0       1    3039       0       0
  *** Kbar: P_min > 1.8 GeV/c:           16   26.473509886985614     
  *** Kbar: P_min > 1.8 GeV/c:           16   25.479653912755204     
  *** Kbar: P_min > 1.8 GeV/c:           25   8.0044509765491547     
  *** Kaon: P_min > 1.5 GeV/c:           24   10.833206905890925     
  *** Kaon: P_min > 1.5 GeV/c:           24   10.830659980678824     
  *** Kaon: P_min > 1.5 GeV/c:           24   12.127952559758539     
  *** Kbar: P_min > 1.8 GeV/c:           25   8.0081946649471760     
        560                  1593                  1593             1.6683991E-02         1.0000000E+30               292       
 NEXT SEEDS:20B929B2       0       0       0       0       0       1    3039       0       0
        600                  1553                  1553             1.6232800E-02         1.0000000E+30               293       
 NEXT SEEDS:2100DB79       0       0       0       0       0       1    3039       0       0
        640                  1513                  1513             1.5707874E-02         1.0000000E+30               293       
 NEXT SEEDS:2137A7C8       0       0       0       0       0       1    3039       0       0
        680                  1473                  1473             1.5808257E-02         1.0000000E+30               294       
 NEXT SEEDS:21B6E957       0       0       0       0       0       1    3039       0       0
        720                  1433                  1433             1.5649064E-02         1.0000000E+30               342       
 NEXT SEEDS:2214C247       0       0       0       0       0       1    3039       0       0
        760                  1393                  1393             1.7358944E-02         1.0000000E+30               343       
 NEXT SEEDS:237A1802       0       0       0       0       0       1    3039       0       0
        800                  1353                  1353             1.7516121E-02         1.0000000E+30               343       
 NEXT SEEDS:240DA4D7       0       0       0       0       0       1    3039       0       0
        840                  1313                  1313             1.7081062E-02         1.0000000E+30               349       
 NEXT SEEDS:2447EBBD       0       0       0       0       0       1    3039       0       0
  Comptn_2: TXYZ:  0.99999999999761724       U,V,W   3.7568480315606223E-002  0.37328020718271659      -0.92695765610410774     
  Comptn_2: TXYZ:  0.99999999998927902       U,V,W -0.58696748591920667      -0.69189027597940367       0.42042480477263666     
        880                  1273                  1273             1.7202342E-02         1.0000000E+30               353       
 NEXT SEEDS:24D6A79A       0       0       0       0       0       1    3039       0       0
        920                  1233                  1233             1.7089704E-02         1.0000000E+30               355       
 NEXT SEEDS:254109BD       0       0       0       0       0       1    3039       0       0
        960                  1193                  1193             1.7350440E-02         1.0000000E+30               358       
 NEXT SEEDS:25E36FA9       0       0       0       0       0       1    3039       0       0
       1000                  1153                  1153             1.6925963E-02         1.0000000E+30               360       
 NEXT SEEDS:2612A9DE       0       0       0       0       0       1    3039       0       0
       1040                  1113                  1113             1.6715170E-02         1.0000000E+30               360       
 NEXT SEEDS:26650BA4       0       0       0       0       0       1    3039       0       0
       1080                  1073                  1073             1.6931778E-02         1.0000000E+30               368       
 NEXT SEEDS:27094943       0       0       0       0       0       1    3039       0       0
       1120                  1033                  1033             1.7395124E-02         1.0000000E+30               370       
 NEXT SEEDS:27E52B46       0       0       0       0       0       1    3039       0       0
       1160                   993                   993             1.7510522E-02         1.0000000E+30               376       
 NEXT SEEDS:287D4A00       0       0       0       0       0       1    3039       0       0
       1200                   953                   953             1.7266039E-02         1.0000000E+30               377       
 NEXT SEEDS:28C543DD       0       0       0       0       0       1    3039       0       0
       1240                   913                   913             1.6888175E-02         1.0000000E+30               377       
 NEXT SEEDS:28EC8C0D       0       0       0       0       0       1    3039       0       0
       1280                   873                   873             1.7652967E-02         1.0000000E+30               378       
 NEXT SEEDS:2A1FA2F7       0       0       0       0       0       1    3039       0       0
       1320                   833                   833             1.7852941E-02         1.0000000E+30               380       
 NEXT SEEDS:2AD04426       0       0       0       0       0       1    3039       0       0
       1360                   793                   793             1.7724146E-02         1.0000000E+30               381       
 NEXT SEEDS:2B32FB2F       0       0       0       0       0       1    3039       0       0
       1400                   753                   753             1.7431494E-02         1.0000000E+30               382       
 NEXT SEEDS:2B68FC36       0       0       0       0       0       1    3039       0       0
       1440                   713                   713             1.7959870E-02         1.0000000E+30               383       
 NEXT SEEDS:2C676C6D       0       0       0       0       0       1    3039       0       0
       1480                   673                   673             1.7903330E-02         1.0000000E+30               388       
 NEXT SEEDS:2CD98FE3       0       0       0       0       0       1    3039       0       0
       1520                   633                   633             1.7817947E-02         1.0000000E+30               390       
 NEXT SEEDS:2D446930       0       0       0       0       0       1    3039       0       0
       1560                   593                   593             1.8104773E-02         1.0000000E+30               391       
 NEXT SEEDS:2E14A05C       0       0       0       0       0       1    3039       0       0
       1600                   553                   553             1.8173015E-02         1.0000000E+30               392       
 NEXT SEEDS:2EA93F88       0       0       0       0       0       1    3039       0       0
       1640                   513                   513             1.8239139E-02         1.0000000E+30               394       
 NEXT SEEDS:2F3FF4EE       0       0       0       0       0       1    3039       0       0
       1680                   473                   473             1.8232822E-02         1.0000000E+30               394       
 NEXT SEEDS:2FBFCC97       0       0       0       0       0       1    3039       0       0
       1720                   433                   433             1.8087848E-02         1.0000000E+30               397       
 NEXT SEEDS:3016C21A       0       0       0       0       0       1    3039       0       0
       1760                   393                   393             1.8097996E-02         1.0000000E+30               440       
 NEXT SEEDS:309AB2E7       0       0       0       0       0       1    3039       0       0
       1800                   353                   353             1.8143581E-02         1.0000000E+30               443       
 NEXT SEEDS:312C73A1       0       0       0       0       0       1    3039       0       0
       1840                   313                   313             1.8719818E-02         1.0000000E+30               443       
 NEXT SEEDS:3271AF09       0       0       0       0       0       1    3039       0       0
       1880                   273                   273             1.8683827E-02         1.0000000E+30               444       
 NEXT SEEDS:32ED114B       0       0       0       0       0       1    3039       0       0
       1920                   233                   233             1.8503310E-02         1.0000000E+30               448       
 NEXT SEEDS:333578DE       0       0       0       0       0       1    3039       0       0
       1960                   193                   193             1.8655337E-02         1.0000000E+30               450       
 NEXT SEEDS:33EFCB40       0       0       0       0       0       1    3039       0       0
       2000                   153                   153             1.8763366E-02         1.0000000E+30               450       
 NEXT SEEDS:349AE8D3       0       0       0       0       0       1    3039       0       0
       2040                   113                   113             1.8684486E-02         1.0000000E+30               451       
 NEXT SEEDS:3504F534       0       0       0       0       0       1    3039       0       0
       2080                    73                    73             1.8715244E-02         1.0000000E+30               453       
 NEXT SEEDS:359821AF       0       0       0       0       0       1    3039       0       0
       2103                    50                    50             1.8651872E-02         1.0000000E+30               474       
 NEXT SEEDS:35CE31B5       0       0       0       0       0       1    3039       0       0
       2104                    49                    49             1.8653151E-02         1.0000000E+30               474       
 NEXT SEEDS:35D21BCD       0       0       0       0       0       1    3039       0       0
       2105                    48                    48             1.8668041E-02         1.0000000E+30               474       
 NEXT SEEDS:35DB1BDD       0       0       0       0       0       1    3039       0       0
       2106                    47                    47             1.8659236E-02         1.0000000E+30               474       
 NEXT SEEDS:35DB1BE1       0       0       0       0       0       1    3039       0       0
       2107                    46                    46             1.8658553E-02         1.0000000E+30               474       
 NEXT SEEDS:35DE5AC6       0       0       0       0       0       1    3039       0       0
       2108                    45                    45             1.8649760E-02         1.0000000E+30               474       
 NEXT SEEDS:35DE5ACA       0       0       0       0       0       1    3039       0       0
       2109                    44                    44             1.8640969E-02         1.0000000E+30               474       
 NEXT SEEDS:35DE5ACE       0       0       0       0       0       1    3039       0       0
       2110                    43                    43             1.8632183E-02         1.0000000E+30               474       
 NEXT SEEDS:35DE5AD2       0       0       0       0       0       1    3039       0       0
       2111                    42                    42             1.8624233E-02         1.0000000E+30               474       
 NEXT SEEDS:35DE9C7B       0       0       0       0       0       1    3039       0       0
       2112                    41                    41             1.8664771E-02         1.0000000E+30               474       
 NEXT SEEDS:35F0FDBF       0       0       0       0       0       1    3039       0       0
       2113                    40                    40             1.8659583E-02         1.0000000E+30               475       
 NEXT SEEDS:35F26A45       0       0       0       0       0       1    3039       0       0
       2114                    39                    39             1.8656468E-02         1.0000000E+30               475       
 NEXT SEEDS:35F486AF       0       0       0       0       0       1    3039       0       0
       2115                    38                    38             1.8647704E-02         1.0000000E+30               475       
 NEXT SEEDS:35F486B3       0       0       0       0       0       1    3039       0       0
       2116                    37                    37             1.8639357E-02         1.0000000E+30               475       
 NEXT SEEDS:35F4A34C       0       0       0       0       0       1    3039       0       0
       2117                    36                    36             1.8637208E-02         1.0000000E+30               475       
 NEXT SEEDS:35F745A6       0       0       0       0       0       1    3039       0       0
       2118                    35                    35             1.8632843E-02         1.0000000E+30               475       
 NEXT SEEDS:35F90D93       0       0       0       0       0       1    3039       0       0
       2119                    34                    34             1.8645682E-02         1.0000000E+30               475       
 NEXT SEEDS:3601A39D       0       0       0       0       0       1    3039       0       0
       2120                    33                    33             1.8636946E-02         1.0000000E+30               475       
 NEXT SEEDS:3601A3A1       0       0       0       0       0       1    3039       0       0
       2121                    32                    32             1.8628963E-02         1.0000000E+30               475       
 NEXT SEEDS:3601DA59       0       0       0       0       0       1    3039       0       0
       2122                    31                    31             1.8630898E-02         1.0000000E+30               475       
 NEXT SEEDS:3606009A       0       0       0       0       0       1    3039       0       0
       2123                    30                    30             1.8650378E-02         1.0000000E+30               476       
 NEXT SEEDS:36113939       0       0       0       0       0       1    3039       0       0
       2124                    29                    29             1.8641658E-02         1.0000000E+30               476       
 NEXT SEEDS:3611393D       0       0       0       0       0       1    3039       0       0
       2125                    28                    28             1.8659558E-02         1.0000000E+30               476       
 NEXT SEEDS:361BEB52       0       0       0       0       0       1    3039       0       0
       2126                    27                    27             1.8673982E-02         1.0000000E+30               476       
 NEXT SEEDS:362521A4       0       0       0       0       0       1    3039       0       0
       2127                    26                    26             1.8665202E-02         1.0000000E+30               476       
 NEXT SEEDS:362521A8       0       0       0       0       0       1    3039       0       0
       2128                    25                    25             1.8656431E-02         1.0000000E+30               476       
 NEXT SEEDS:36253075       0       0       0       0       0       1    3039       0       0
       2129                    24                    24             1.8647668E-02         1.0000000E+30               476       
 NEXT SEEDS:36253079       0       0       0       0       0       1    3039       0       0
       2130                    23                    23             1.8638913E-02         1.0000000E+30               476       
 NEXT SEEDS:36255AD6       0       0       0       0       0       1    3039       0       0
       2131                    22                    22             1.8630167E-02         1.0000000E+30               476       
 NEXT SEEDS:36255ADA       0       0       0       0       0       1    3039       0       0
       2132                    21                    21             1.8634347E-02         1.0000000E+30               476       
 NEXT SEEDS:362AC6DA       0       0       0       0       0       1    3039       0       0
       2133                    20                    20             1.8627317E-02         1.0000000E+30               476       
 NEXT SEEDS:362B5041       0       0       0       0       0       1    3039       0       0
       2134                    19                    19             1.8618979E-02         1.0000000E+30               476       
 NEXT SEEDS:362B6BE9       0       0       0       0       0       1    3039       0       0
       2135                    18                    18             1.8610823E-02         1.0000000E+30               476       
 NEXT SEEDS:362B95DF       0       0       0       0       0       1    3039       0       0
       2136                    17                    17             1.8612149E-02         1.0000000E+30               476       
 NEXT SEEDS:362F6A86       0       0       0       0       0       1    3039       0       0
       2137                    16                    16             1.8603789E-02         1.0000000E+30               476       
 NEXT SEEDS:362F8337       0       0       0       0       0       1    3039       0       0
       2138                    15                    15             1.8602023E-02         1.0000000E+30               476       
 NEXT SEEDS:36322770       0       0       0       0       0       1    3039       0       0
       2139                    14                    14             1.8593382E-02         1.0000000E+30               476       
 NEXT SEEDS:36322774       0       0       0       0       0       1    3039       0       0
       2140                    13                    13             1.8585185E-02         1.0000000E+30               476       
 NEXT SEEDS:36324A39       0       0       0       0       0       1    3039       0       0
       2141                    12                    12             1.8592823E-02         1.0000000E+30               476       
 NEXT SEEDS:3638C8D2       0       0       0       0       0       1    3039       0       0
       2142                    11                    11             1.8598668E-02         1.0000000E+30               476       
 NEXT SEEDS:363E6098       0       0       0       0       0       1    3039       0       0
       2143                    10                    10             1.8590347E-02         1.0000000E+30               476       
 NEXT SEEDS:363E7939       0       0       0       0       0       1    3039       0       0
       2144                     9                     9             1.8592779E-02         1.0000000E+30               476       
 NEXT SEEDS:3642F5D5       0       0       0       0       0       1    3039       0       0
       2145                     8                     8             1.8584164E-02         1.0000000E+30               476       
 NEXT SEEDS:3642F5D9       0       0       0       0       0       1    3039       0       0
       2146                     7                     7             1.8576734E-02         1.0000000E+30               476       
 NEXT SEEDS:36435A50       0       0       0       0       0       1    3039       0       0
       2147                     6                     6             1.8568139E-02         1.0000000E+30               476       
 NEXT SEEDS:36435A54       0       0       0       0       0       1    3039       0       0
       2148                     5                     5             1.8567557E-02         1.0000000E+30               476       
 NEXT SEEDS:364686F3       0       0       0       0       0       1    3039       0       0
       2149                     4                     4             1.8558972E-02         1.0000000E+30               476       
 NEXT SEEDS:364686F7       0       0       0       0       0       1    3039       0       0
       2150                     3                     3             1.8550392E-02         1.0000000E+30               476       
 NEXT SEEDS:364686FB       0       0       0       0       0       1    3039       0       0
       2151                     2                     2             1.8542596E-02         1.0000000E+30               476       
 NEXT SEEDS:3646C333       0       0       0       0       0       1    3039       0       0
       2152                     1                     1             1.8534034E-02         1.0000000E+30               476       
 NEXT SEEDS:3646C337       0       0       0       0       0       1    3039       0       0
       2153                     0                     1             1.8529395E-02         1.0000000E+30               476       
 NEXT SEEDS:36482A64       0       0       0       0       0       1    3039       0       0
