1NUMBER OF BEAM       NUMBER OF BEAM        APPROXIMATE NUMBER    AVERAGE TIME USED     TIME LEFT (RESERVED   NUMBER OF STARS
 PARTICLES HANDLED    PARTICLES LEFT        OF BEAM PARTICLES     BY A BEAM PARTICLE     10000.0 SECONDS      CREATED
                                            THAT CAN STILL BE                           FOR PRINTOUT)
                                            HANDLED

 NEXT SEEDS: F0EED95       4       0       0       0       0      13    3039       0       0
          1                  2846                  2846             8.8214874E-05         1.0000000E+30                 0       
 NEXT SEEDS: F0EED99       4       0       0       0       0      13    3039       0       0
         50                  2797                  2797             3.7237582E-02         1.0000000E+30                26       
 NEXT SEEDS:106CDC95       4       0       0       0       0      13    3039       0       0
  Comptn_2: TXYZ:  0.99999999999809241       U,V,W  0.49610730367834321      -0.55591894449052148       0.66695702289700876     
        100                  2747                  2747             6.4559329E-02         1.0000000E+30                33       
 NEXT SEEDS:13C70423       4       0       0       0       0      13    3039       0       0
        150                  2697                  2697             5.5856992E-02         1.0000000E+30                42       
 NEXT SEEDS:152E98FA       4       0       0       0       0      13    3039       0       0
  Comptn_2: TXYZ:   1.0000000000012566       U,V,W  0.52067681915071340      -0.25842968706450620      -0.81370126388257091     
        200                  2647                  2647             5.3933607E-02         1.0000000E+30                49       
 NEXT SEEDS:16F13963       4       0       0       0       0      13    3039       0       0
        250                  2597                  2597             6.7010369E-02         1.0000000E+30               108       
 NEXT SEEDS:1B38117A       4       0       0       0       0      13    3039       0       0
        300                  2547                  2547             6.0150847E-02         1.0000000E+30               132       
 NEXT SEEDS:1C245BC0       4       0       0       0       0      13    3039       0       0
        350                  2497                  2497             5.7517635E-02         1.0000000E+30               136       
 NEXT SEEDS:1DA13D0A       4       0       0       0       0      13    3039       0       0
        400                  2447                  2447             5.4955431E-02         1.0000000E+30               136       
 NEXT SEEDS:1EFA8276       4       0       0       0       0      13    3039       0       0
  *** Hhflev: call to Hadriv !! ***  0.86407012630543367        3.5000000000000000        1.5959353032258867               14 T F T
        450                  2397                  2397             5.4075873E-02         1.0000000E+30               162       
 NEXT SEEDS:20ADA2F2       4       0       0       0       0      13    3039       0       0
        500                  2347                  2347             5.1291787E-02         1.0000000E+30               165       
 NEXT SEEDS:21A0C812       4       0       0       0       0      13    3039       0       0
        550                  2297                  2297             5.2991528E-02         1.0000000E+30               170       
 NEXT SEEDS:24317CFD       4       0       0       0       0      13    3039       0       0
  Comptn_2: TXYZ:   1.0000000000038196       U,V,W -0.54503472265541575      -0.17907654901210890       0.81906577312061302     
        600                  2247                  2247             5.1291504E-02         1.0000000E+30               174       
 NEXT SEEDS:255FEB39       4       0       0       0       0      13    3039       0       0
        650                  2197                  2197             5.3434185E-02         1.0000000E+30               177       
 NEXT SEEDS:28459141       4       0       0       0       0      13    3039       0       0
  Comptn_2: TXYZ:   1.0000000000016125       U,V,W -0.79945994644098839      -0.10859876079171471       0.59082154936384002     
        700                  2147                  2147             5.2792124E-02         1.0000000E+30               184       
 NEXT SEEDS:29E1B571       4       0       0       0       0      13    3039       0       0
        750                  2097                  2097             5.1266342E-02         1.0000000E+30               207       
 NEXT SEEDS:2AF9E136       4       0       0       0       0      13    3039       0       0
  Comptn_2: TXYZ:   1.0000000000055360       U,V,W -0.70016202790010951       0.12880906089637278       0.70226872386810513     
  Comptn_2: TXYZ:   1.0000000000023885       U,V,W -0.15115493251241219      -0.73718986446380175      -0.65856153099873538     
        800                  2047                  2047             5.1139169E-02         1.0000000E+30               209       
 NEXT SEEDS:2CC9B777       4       0       0       0       0      13    3039       0       0
        850                  1997                  1997             5.1150042E-02         1.0000000E+30               209       
 NEXT SEEDS:2EA560A9       4       0       0       0       0      13    3039       0       0
        900                  1947                  1947             5.0201518E-02         1.0000000E+30               235       
 NEXT SEEDS:2FDEEEF2       4       0       0       0       0      13    3039       0       0
        950                  1897                  1897             4.9493943E-02         1.0000000E+30               254       
 NEXT SEEDS:312FF458       4       0       0       0       0      13    3039       0       0
  Comptn_2: TXYZ:  0.99999999999630118       U,V,W -0.62046092674253828       0.50168591586464117       0.60277647615442653     
  Comptn_2: TXYZ:  0.99999999999816691       U,V,W -0.67447743629976031      -0.16956975566989740      -0.71855847770569170     
       1000                  1847                  1847             4.8917794E-02         1.0000000E+30               256       
 NEXT SEEDS:3294F834       4       0       0       0       0      13    3039       0       0
  Comptn_2: TXYZ:   1.0000000000069567       U,V,W  -9.3306506153107094E-002 -0.49323203845008834       0.86487921247005772     
       1050                  1797                  1797             4.9740517E-02         1.0000000E+30               266       
 NEXT SEEDS:34F8EC5B       4       0       0       0       0      13    3039       0       0
       1100                  1747                  1747             4.8994772E-02         1.0000000E+30               271       
 NEXT SEEDS:362FDD3E       4       0       0       0       0      13    3039       0       0
  Comptn_2: TXYZ:  0.99999999999876465       U,V,W   8.1160256250186080E-002  0.97960212335226160       0.18382788887410229     
       1150                  1697                  1697             4.9044963E-02         1.0000000E+30               276       
 NEXT SEEDS:37F8DAFE       4       0       0       0       0      13    3039       0       0
  *** Kaon: P_min > 1.5 GeV/c:           24   1.9652669709967066     
  *** Kbar: P_min > 1.8 GeV/c:           25   2.2147642929861422     
  *** Kbar: P_min > 1.8 GeV/c:           25   2.2147087344622696     
  *** Kbar: P_min > 1.8 GeV/c:           25   2.3851529732272954     
  *** Kbar: P_min > 1.8 GeV/c:           25   1.9498303669831785     
       1200                  1647                  1647             4.8633261E-02         1.0000000E+30               323       
 NEXT SEEDS:3963B06F       4       0       0       0       0      13    3039       0       0
       1250                  1597                  1597             4.8528696E-02         1.0000000E+30               328       
 NEXT SEEDS:3B0C9D6F       4       0       0       0       0      13    3039       0       0
       1300                  1547                  1547             4.7556980E-02         1.0000000E+30               332       
 NEXT SEEDS:  44B419       5       0       0       0       0      13    3039       0       0
       1350                  1497                  1497             4.6796361E-02         1.0000000E+30               369       
 NEXT SEEDS: 13C3582       5       0       0       0       0      13    3039       0       0
       1400                  1447                  1447             4.7515957E-02         1.0000000E+30               371       
 NEXT SEEDS: 3A08830       5       0       0       0       0      13    3039       0       0
       1450                  1397                  1397             4.7947114E-02         1.0000000E+30               408       
 NEXT SEEDS: 5CAD2E8       5       0       0       0       0      13    3039       0       0
       1500                  1347                  1347             4.7152151E-02         1.0000000E+30               410       
 NEXT SEEDS: 6A9EF1A       5       0       0       0       0      13    3039       0       0
  Comptn_2: TXYZ:  0.99999999999654277       U,V,W -0.78802618150533732       0.32756624805616497       0.52126297623470919     
       1550                  1297                  1297             4.7786521E-02         1.0000000E+30               415       
 NEXT SEEDS: 90F837B       5       0       0       0       0      13    3039       0       0
       1600                  1247                  1247             4.7903195E-02         1.0000000E+30               426       
 NEXT SEEDS: AE6E320       5       0       0       0       0      13    3039       0       0
       1650                  1197                  1197             4.7359143E-02         1.0000000E+30               431       
 NEXT SEEDS: BFAB19A       5       0       0       0       0      13    3039       0       0
  *** Kbar: P_min > 1.8 GeV/c:           16   2.2485161200537718     
  *** Kbar: P_min > 1.8 GeV/c:           16   2.4042353549736837     
  *** Kbar: P_min > 1.8 GeV/c:           16   2.5624528449716588     
  *** Kbar: P_min > 1.8 GeV/c:           16   2.6223259373492187     
  *** Kbar: P_min > 1.8 GeV/c:           16   2.7082495771464998     
  *** Kbar: P_min > 1.8 GeV/c:           16   1.9999695168115179     
  *** Kbar: P_min > 1.8 GeV/c:           16   2.4692492467769296     
  *** Kbar: P_min > 1.8 GeV/c:           16   1.8916289122436816     
       1700                  1147                  1147             4.7029379E-02         1.0000000E+30               476       
 NEXT SEEDS: D44689F       5       0       0       0       0      13    3039       0       0
       1750                  1097                  1097             4.6700052E-02         1.0000000E+30               477       
 NEXT SEEDS: E8D6152       5       0       0       0       0      13    3039       0       0
       1800                  1047                  1047             4.6519424E-02         1.0000000E+30               484       
 NEXT SEEDS: FFF7399       5       0       0       0       0      13    3039       0       0
       1850                   997                   997             4.6179748E-02         1.0000000E+30               491       
 NEXT SEEDS:1137AE5F       5       0       0       0       0      13    3039       0       0
       1900                   947                   947             4.5525613E-02         1.0000000E+30               500       
 NEXT SEEDS:11FD24DA       5       0       0       0       0      13    3039       0       0
  Comptn_2: TXYZ:   1.0000000000057963       U,V,W -0.62214874766331008       0.34369298399928994      -0.70342452938210442     
       1950                   897                   897             4.5891982E-02         1.0000000E+30               511       
 NEXT SEEDS:14270DF4       5       0       0       0       0      13    3039       0       0
  Comptn_2: TXYZ:  0.99999999998841327       U,V,W -0.88982437548665416       0.31752433466142094      -0.32770547397933569     
       2000                   847                   847             4.6070072E-02         1.0000000E+30               517       
 NEXT SEEDS:16233188       5       0       0       0       0      13    3039       0       0
       2050                   797                   797             4.6371899E-02         1.0000000E+30               550       
 NEXT SEEDS:184CFC74       5       0       0       0       0      13    3039       0       0
  Comptn_2: TXYZ:   1.0000000000012506       U,V,W  0.39127311846547030      -0.53093153193402620       0.75167616376052848     
       2100                   747                   747             4.6222029E-02         1.0000000E+30               558       
 NEXT SEEDS:19C31659       5       0       0       0       0      13    3039       0       0
       2150                   697                   697             4.6212283E-02         1.0000000E+30               560       
 NEXT SEEDS:1B718ACE       5       0       0       0       0      13    3039       0       0
       2200                   647                   647             4.5776024E-02         1.0000000E+30               561       
 NEXT SEEDS:1C713F91       5       0       0       0       0      13    3039       0       0
       2250                   597                   597             4.5708506E-02         1.0000000E+30               577       
 NEXT SEEDS:1DFC33AD       5       0       0       0       0      13    3039       0       0
       2300                   547                   547             4.5238598E-02         1.0000000E+30               578       
 NEXT SEEDS:1EDF245C       5       0       0       0       0      13    3039       0       0
       2350                   497                   497             4.5850489E-02         1.0000000E+30               587       
 NEXT SEEDS:218EF3D9       5       0       0       0       0      13    3039       0       0
       2400                   447                   447             4.5842835E-02         1.0000000E+30               594       
 NEXT SEEDS:233D38E7       5       0       0       0       0      13    3039       0       0
       2450                   397                   397             4.5956178E-02         1.0000000E+30               597       
 NEXT SEEDS:2521839A       5       0       0       0       0      13    3039       0       0
       2500                   347                   347             4.5683548E-02         1.0000000E+30               599       
 NEXT SEEDS:264E57ED       5       0       0       0       0      13    3039       0       0
       2550                   297                   297             4.5340872E-02         1.0000000E+30               668       
 NEXT SEEDS:27566D47       5       0       0       0       0      13    3039       0       0
  *** Kaon: P_min > 1.5 GeV/c:           15   2.4341622036258377     
  *** Kaon: P_min > 1.5 GeV/c:           15   2.3984143735511965     
  *** Kaon: P_min > 1.5 GeV/c:           15   2.5081686904346752     
  *** Kaon: P_min > 1.5 GeV/c:           15   2.8278286657490392     
       2600                   247                   247             4.6044320E-02         1.0000000E+30               689       
 NEXT SEEDS:2A5A3533       5       0       0       0       0      13    3039       0       0
       2650                   197                   197             4.6091674E-02         1.0000000E+30               737       
 NEXT SEEDS:2C1F59A3       5       0       0       0       0      13    3039       0       0
       2700                   147                   147             4.5936356E-02         1.0000000E+30               737       
 NEXT SEEDS:2D8019C4       5       0       0       0       0      13    3039       0       0
       2750                    97                    97             4.6318088E-02         1.0000000E+30               738       
 NEXT SEEDS:30044D49       5       0       0       0       0      13    3039       0       0
  Comptn_2: TXYZ:   1.0000000000012823       U,V,W  -1.9676594688363025E-002  0.94225819030885916       0.33430874116395159     
       2797                    50                    50             4.6217426E-02         1.0000000E+30               745       
 NEXT SEEDS:3163D454       5       0       0       0       0      13    3039       0       0
       2798                    49                    49             4.6200963E-02         1.0000000E+30               745       
 NEXT SEEDS:3163D458       5       0       0       0       0      13    3039       0       0
       2799                    48                    48             4.6200909E-02         1.0000000E+30               753       
 NEXT SEEDS:316C372F       5       0       0       0       0      13    3039       0       0
       2800                    47                    47             4.6189630E-02         1.0000000E+30               753       
 NEXT SEEDS:316F1407       5       0       0       0       0      13    3039       0       0
       2801                    46                    46             4.6184923E-02         1.0000000E+30               753       
 NEXT SEEDS:31753920       5       0       0       0       0      13    3039       0       0
       2802                    45                    45             4.6168483E-02         1.0000000E+30               753       
 NEXT SEEDS:31753924       5       0       0       0       0      13    3039       0       0
       2803                    44                    44             4.6185633E-02         1.0000000E+30               753       
 NEXT SEEDS:3187FD55       5       0       0       0       0      13    3039       0       0
       2804                    43                    43             4.6169205E-02         1.0000000E+30               753       
 NEXT SEEDS:3187FD59       5       0       0       0       0      13    3039       0       0
       2805                    42                    42             4.6168641E-02         1.0000000E+30               753       
 NEXT SEEDS:318FB859       5       0       0       0       0      13    3039       0       0
       2806                    41                    41             4.6152231E-02         1.0000000E+30               753       
 NEXT SEEDS:318FB85D       5       0       0       0       0      13    3039       0       0
       2807                    40                    40             4.6144883E-02         1.0000000E+30               753       
 NEXT SEEDS:3194A3F6       5       0       0       0       0      13    3039       0       0
       2808                    39                    39             4.6128493E-02         1.0000000E+30               753       
 NEXT SEEDS:3194A3FA       5       0       0       0       0      13    3039       0       0
       2809                    38                    38             4.6154572E-02         1.0000000E+30               753       
 NEXT SEEDS:31A9782D       5       0       0       0       0      13    3039       0       0
       2810                    37                    37             4.6138191E-02         1.0000000E+30               753       
 NEXT SEEDS:31A97831       5       0       0       0       0      13    3039       0       0
       2811                    36                    36             4.6137877E-02         1.0000000E+30               753       
 NEXT SEEDS:31B1F329       5       0       0       0       0      13    3039       0       0
       2812                    35                    35             4.6121519E-02         1.0000000E+30               753       
 NEXT SEEDS:31B1F32D       5       0       0       0       0      13    3039       0       0
       2813                    34                    34             4.6112777E-02         1.0000000E+30               753       
 NEXT SEEDS:31B5EBF7       5       0       0       0       0      13    3039       0       0
       2814                    33                    33             4.6109187E-02         1.0000000E+30               753       
 NEXT SEEDS:31BCB0AF       5       0       0       0       0      13    3039       0       0
       2815                    32                    32             4.6101968E-02         1.0000000E+30               753       
 NEXT SEEDS:31C14093       5       0       0       0       0      13    3039       0       0
       2816                    31                    31             4.6100400E-02         1.0000000E+30               753       
 NEXT SEEDS:31C9523E       5       0       0       0       0      13    3039       0       0
       2817                    30                    30             4.6096076E-02         1.0000000E+30               753       
 NEXT SEEDS:31CFA5B4       5       0       0       0       0      13    3039       0       0
       2818                    29                    29             4.6150397E-02         1.0000000E+30               754       
 NEXT SEEDS:31F24FBC       5       0       0       0       0      13    3039       0       0
       2819                    28                    28             4.6163926E-02         1.0000000E+30               754       
 NEXT SEEDS:320207E2       5       0       0       0       0      13    3039       0       0
       2820                    27                    27             4.6147600E-02         1.0000000E+30               754       
 NEXT SEEDS:320207E6       5       0       0       0       0      13    3039       0       0
       2821                    26                    26             4.6131241E-02         1.0000000E+30               754       
 NEXT SEEDS:320207EA       5       0       0       0       0      13    3039       0       0
       2822                    25                    25             4.6114894E-02         1.0000000E+30               754       
 NEXT SEEDS:320207EE       5       0       0       0       0      13    3039       0       0
       2823                    24                    24             4.6117428E-02         1.0000000E+30               758       
 NEXT SEEDS:320C892F       5       0       0       0       0      13    3039       0       0
       2824                    23                    23             4.6118836E-02         1.0000000E+30               758       
 NEXT SEEDS:32160749       5       0       0       0       0      13    3039       0       0
       2825                    22                    22             4.6114642E-02         1.0000000E+30               758       
 NEXT SEEDS:321C7582       5       0       0       0       0      13    3039       0       0
       2826                    21                    21             4.6098368E-02         1.0000000E+30               758       
 NEXT SEEDS:321C7586       5       0       0       0       0      13    3039       0       0
       2827                    20                    20             4.6119936E-02         1.0000000E+30               758       
 NEXT SEEDS:3230C2FD       5       0       0       0       0      13    3039       0       0
       2828                    19                    19             4.6116064E-02         1.0000000E+30               758       
 NEXT SEEDS:32379D27       5       0       0       0       0      13    3039       0       0
       2829                    18                    18             4.6099806E-02         1.0000000E+30               758       
 NEXT SEEDS:32379D2B       5       0       0       0       0      13    3039       0       0
       2830                    17                    17             4.6083554E-02         1.0000000E+30               758       
 NEXT SEEDS:32379D2F       5       0       0       0       0      13    3039       0       0
       2831                    16                    16             4.6079673E-02         1.0000000E+30               758       
 NEXT SEEDS:323E25BF       5       0       0       0       0      13    3039       0       0
       2832                    15                    15             4.6141581E-02         1.0000000E+30               758       
 NEXT SEEDS:32684719       5       0       0       0       0      13    3039       0       0
       2833                    14                    14             4.6134262E-02         1.0000000E+30               758       
 NEXT SEEDS:326CF98C       5       0       0       0       0      13    3039       0       0
       2834                    13                    13             4.6127061E-02         1.0000000E+30               758       
 NEXT SEEDS:3271D2BF       5       0       0       0       0      13    3039       0       0
       2835                    12                    12             4.6110833E-02         1.0000000E+30               758       
 NEXT SEEDS:3271D2C3       5       0       0       0       0      13    3039       0       0
       2836                    11                    11             4.6094612E-02         1.0000000E+30               758       
 NEXT SEEDS:3271D2C7       5       0       0       0       0      13    3039       0       0
       2837                    10                    10             4.6089530E-02         1.0000000E+30               758       
 NEXT SEEDS:32780CD9       5       0       0       0       0      13    3039       0       0
       2838                     9                     9             4.6079301E-02         1.0000000E+30               758       
 NEXT SEEDS:327AEAFC       5       0       0       0       0      13    3039       0       0
       2839                     8                     8             4.6079517E-02         1.0000000E+30               759       
 NEXT SEEDS:3283B14A       5       0       0       0       0      13    3039       0       0
       2840                     7                     7             4.6067923E-02         1.0000000E+30               759       
 NEXT SEEDS:32864ACC       5       0       0       0       0      13    3039       0       0
       2841                     6                     6             4.6057320E-02         1.0000000E+30               759       
 NEXT SEEDS:32897321       5       0       0       0       0      13    3039       0       0
       2842                     5                     5             4.6056641E-02         1.0000000E+30               759       
 NEXT SEEDS:3291C46E       5       0       0       0       0      13    3039       0       0
       2843                     4                     4             4.6045385E-02         1.0000000E+30               759       
 NEXT SEEDS:32948870       5       0       0       0       0      13    3039       0       0
       2844                     3                     3             4.6047774E-02         1.0000000E+30               759       
 NEXT SEEDS:329E6868       5       0       0       0       0      13    3039       0       0
       2845                     2                     2             4.6044520E-02         1.0000000E+30               760       
 NEXT SEEDS:32A54612       5       0       0       0       0      13    3039       0       0
       2846                     1                     1             4.6107836E-02         1.0000000E+30               760       
 NEXT SEEDS:32CEF16C       5       0       0       0       0      13    3039       0       0
       2847                     0                     1             4.6091683E-02         1.0000000E+30               760       
 NEXT SEEDS:32CEF170       5       0       0       0       0      13    3039       0       0
