1NUMBER OF BEAM       NUMBER OF BEAM        APPROXIMATE NUMBER    AVERAGE TIME USED     TIME LEFT (RESERVED   NUMBER OF STARS
 PARTICLES HANDLED    PARTICLES LEFT        OF BEAM PARTICLES     BY A BEAM PARTICLE     10000.0 SECONDS      CREATED
                                            THAT CAN STILL BE                           FOR PRINTOUT)
                                            HANDLED

 NEXT SEEDS:320A18EF       1       0       0       0       0      37    3039       0       0
          1                  2152                  2152             4.3280840E-02         1.0000000E+30                 0       
 NEXT SEEDS:3211FA73       1       0       0       0       0      37    3039       0       0
         40                  2113                  2113             1.3961273E-02         1.0000000E+30                 0       
 NEXT SEEDS:326D4D5C       1       0       0       0       0      37    3039       0       0
         80                  2073                  2073             1.4800063E-02         1.0000000E+30                 0       
 NEXT SEEDS:32DF596A       1       0       0       0       0      37    3039       0       0
        120                  2033                  2033             1.4763115E-02         1.0000000E+30                 2       
 NEXT SEEDS:334974AB       1       0       0       0       0      37    3039       0       0
        160                  1993                  1993             1.4059912E-02         1.0000000E+30                 3       
 NEXT SEEDS:339FFC03       1       0       0       0       0      37    3039       0       0
  *** Kaon: P_min > 1.5 GeV/c:           15   2.2167943913416974     
  *** Kbar: P_min > 1.8 GeV/c:           25   3.4866388585230177     
  *** Kbar: P_min > 1.8 GeV/c:           25   4.1786354357074496     
  *** Kaon: P_min > 1.5 GeV/c:           24   1.5142200116999913     
  *** Kbar: P_min > 1.8 GeV/c:           25   3.4865762881947484     
  *** Kbar: P_min > 1.8 GeV/c:           25   4.3313332958415378     
  *** Kaon: P_min > 1.5 GeV/c:           15   1.9535570562786990     
  *** Kaon: P_min > 1.5 GeV/c:           15   2.0835280322082976     
  *** Kaon: P_min > 1.5 GeV/c:           15   1.6579908966453731     
  *** Kaon: P_min > 1.5 GeV/c:           15   4.4107338482762897     
  *** Kbar: P_min > 1.8 GeV/c:           25   2.7776534726328954     
  *** Kbar: P_min > 1.8 GeV/c:           25   2.7776463617839702     
  *** Kbar: P_min > 1.8 GeV/c:           25   2.8509686008156887     
  *** Kbar: P_min > 1.8 GeV/c:           25   3.2536105326354265     
  *** Kbar: P_min > 1.8 GeV/c:           25   2.7487376232612131     
  *** Kbar: P_min > 1.8 GeV/c:           25   2.7485545664335445     
  *** Kbar: P_min > 1.8 GeV/c:           25   3.4049296872456578     
  *** Kbar: P_min > 1.8 GeV/c:           25   2.7870354333504292     
  *** Kaon: P_min > 1.5 GeV/c:           15   4.1115391124222356     
  *** Kaon: P_min > 1.5 GeV/c:           15   5.1308017882343941     
  Comptn_2: TXYZ:   1.0000000000021092       U,V,W -0.38746167839074275      -0.92069837928678311        4.6775443978958720E-002
        200                  1953                  1953             2.0551876E-02         1.0000000E+30               121       
 NEXT SEEDS:34F9E816       1       0       0       0       0      37    3039       0       0
        240                  1913                  1913             1.9580967E-02         1.0000000E+30               126       
 NEXT SEEDS:35661462       1       0       0       0       0      37    3039       0       0
        280                  1873                  1873             2.0626844E-02         1.0000000E+30               141       
 NEXT SEEDS:362E7428       1       0       0       0       0      37    3039       0       0
        320                  1833                  1833             2.1107405E-02         1.0000000E+30               269       
 NEXT SEEDS:36DFAA4E       1       0       0       0       0      37    3039       0       0
        360                  1793                  1793             2.0081406E-02         1.0000000E+30               269       
 NEXT SEEDS:37367BB2       1       0       0       0       0      37    3039       0       0
        400                  1753                  1753             2.1305835E-02         1.0000000E+30               271       
 NEXT SEEDS:381BE89E       1       0       0       0       0      37    3039       0       0
        440                  1713                  1713             2.0352981E-02         1.0000000E+30               285       
 NEXT SEEDS:3868E103       1       0       0       0       0      37    3039       0       0
        480                  1673                  1673             2.1206631E-02         1.0000000E+30               291       
 NEXT SEEDS:394EFE20       1       0       0       0       0      37    3039       0       0
        520                  1633                  1633             2.0419636E-02         1.0000000E+30               292       
 NEXT SEEDS:399E2B48       1       0       0       0       0      37    3039       0       0
        560                  1593                  1593             1.9876187E-02         1.0000000E+30               294       
 NEXT SEEDS:39FBEC46       1       0       0       0       0      37    3039       0       0
        600                  1553                  1553             1.9260672E-02         1.0000000E+30               294       
 NEXT SEEDS:3A49C725       1       0       0       0       0      37    3039       0       0
        640                  1513                  1513             1.9965359E-02         1.0000000E+30               294       
 NEXT SEEDS:3B297930       1       0       0       0       0      37    3039       0       0
        680                  1473                  1473             2.0473767E-02         1.0000000E+30               295       
 NEXT SEEDS:  615E8B       2       0       0       0       0      37    3039       0       0
        720                  1433                  1433             2.0043893E-02         1.0000000E+30               295       
 NEXT SEEDS:  BE54AC       2       0       0       0       0      37    3039       0       0
  Comptn_2: TXYZ:  0.99999999999805333       U,V,W -0.83883605074263379       0.39990616061191986      -0.36936315825646204     
        760                  1393                  1393             2.0054861E-02         1.0000000E+30               296       
 NEXT SEEDS: 15242A7       2       0       0       0       0      37    3039       0       0
        800                  1353                  1353             2.0802158E-02         1.0000000E+30               298       
 NEXT SEEDS: 25597DA       2       0       0       0       0      37    3039       0       0
        840                  1313                  1313             2.0730242E-02         1.0000000E+30               300       
 NEXT SEEDS: 2E1F213       2       0       0       0       0      37    3039       0       0
        880                  1273                  1273             2.0307178E-02         1.0000000E+30               304       
 NEXT SEEDS: 331E490       2       0       0       0       0      37    3039       0       0
        920                  1233                  1233             1.9881552E-02         1.0000000E+30               326       
 NEXT SEEDS: 37E53A2       2       0       0       0       0      37    3039       0       0
        960                  1193                  1193             1.9662747E-02         1.0000000E+30               327       
 NEXT SEEDS: 3E57159       2       0       0       0       0      37    3039       0       0
       1000                  1153                  1153             1.9328416E-02         1.0000000E+30               328       
 NEXT SEEDS: 43903A5       2       0       0       0       0      37    3039       0       0
       1040                  1113                  1113             2.0289037E-02         1.0000000E+30               328       
 NEXT SEEDS: 57E682B       2       0       0       0       0      37    3039       0       0
       1080                  1073                  1073             2.0507682E-02         1.0000000E+30               329       
 NEXT SEEDS: 6417E00       2       0       0       0       0      37    3039       0       0
       1120                  1033                  1033             2.0176083E-02         1.0000000E+30               329       
 NEXT SEEDS: 69350AA       2       0       0       0       0      37    3039       0       0
       1160                   993                   993             2.0104891E-02         1.0000000E+30               329       
 NEXT SEEDS: 718339C       2       0       0       0       0      37    3039       0       0
       1200                   953                   953             1.9860861E-02         1.0000000E+30               337       
 NEXT SEEDS: 774FFAA       2       0       0       0       0      37    3039       0       0
       1240                   913                   913             1.9641277E-02         1.0000000E+30               350       
 NEXT SEEDS: 7D50952       2       0       0       0       0      37    3039       0       0
       1280                   873                   873             2.0017529E-02         1.0000000E+30               350       
 NEXT SEEDS: 8BD4228       2       0       0       0       0      37    3039       0       0
       1320                   833                   833             1.9712751E-02         1.0000000E+30               356       
 NEXT SEEDS: 9045A3E       2       0       0       0       0      37    3039       0       0
       1360                   793                   793             1.9437377E-02         1.0000000E+30               358       
 NEXT SEEDS: 94E9BF6       2       0       0       0       0      37    3039       0       0
       1400                   753                   753             1.9629610E-02         1.0000000E+30               361       
 NEXT SEEDS: A0CA83D       2       0       0       0       0      37    3039       0       0
  Comptn_2: TXYZ:  0.99999999999899813       U,V,W -0.34333588445306162      -0.15420685265694090       0.92646679219466499     
       1440                   713                   713             1.9360286E-02         1.0000000E+30               363       
 NEXT SEEDS: A55CA02       2       0       0       0       0      37    3039       0       0
       1480                   673                   673             1.9145230E-02         1.0000000E+30               372       
 NEXT SEEDS: AAA437B       2       0       0       0       0      37    3039       0       0
       1520                   633                   633             1.8901341E-02         1.0000000E+30               373       
 NEXT SEEDS: AF17AC6       2       0       0       0       0      37    3039       0       0
       1560                   593                   593             1.8780814E-02         1.0000000E+30               374       
 NEXT SEEDS: B5AA6F4       2       0       0       0       0      37    3039       0       0
       1600                   553                   553             1.8984908E-02         1.0000000E+30               417       
 NEXT SEEDS: C1E77BA       2       0       0       0       0      37    3039       0       0
       1640                   513                   513             1.9433553E-02         1.0000000E+30               418       
 NEXT SEEDS: D29CD88       2       0       0       0       0      37    3039       0       0
       1680                   473                   473             1.9201650E-02         1.0000000E+30               419       
 NEXT SEEDS: D6FF582       2       0       0       0       0      37    3039       0       0
       1720                   433                   433             1.9060655E-02         1.0000000E+30               421       
 NEXT SEEDS: DD03384       2       0       0       0       0      37    3039       0       0
       1760                   393                   393             1.9418163E-02         1.0000000E+30               428       
 NEXT SEEDS: ED21056       2       0       0       0       0      37    3039       0       0
       1800                   353                   353             1.9522397E-02         1.0000000E+30               429       
 NEXT SEEDS: F80617B       2       0       0       0       0      37    3039       0       0
       1840                   313                   313             1.9592965E-02         1.0000000E+30               429       
 NEXT SEEDS:102B7BC6       2       0       0       0       0      37    3039       0       0
       1880                   273                   273             1.9367508E-02         1.0000000E+30               431       
 NEXT SEEDS:106CF9AD       2       0       0       0       0      37    3039       0       0
       1920                   233                   233             1.9257096E-02         1.0000000E+30               432       
 NEXT SEEDS:10D468CE       2       0       0       0       0      37    3039       0       0
       1960                   193                   193             1.9098898E-02         1.0000000E+30               433       
 NEXT SEEDS:11293040       2       0       0       0       0      37    3039       0       0
       2000                   153                   153             1.9010566E-02         1.0000000E+30               435       
 NEXT SEEDS:1194A579       2       0       0       0       0      37    3039       0       0
       2040                   113                   113             1.8966426E-02         1.0000000E+30               435       
 NEXT SEEDS:120BBA60       2       0       0       0       0      37    3039       0       0
       2080                    73                    73             1.9072848E-02         1.0000000E+30               435       
 NEXT SEEDS:12BD3FA2       2       0       0       0       0      37    3039       0       0
       2103                    50                    50             1.8949928E-02         1.0000000E+30               435       
 NEXT SEEDS:12DE0782       2       0       0       0       0      37    3039       0       0
       2104                    49                    49             1.8952132E-02         1.0000000E+30               435       
 NEXT SEEDS:12E24AC2       2       0       0       0       0      37    3039       0       0
       2105                    48                    48             1.8950982E-02         1.0000000E+30               436       
 NEXT SEEDS:12E5100C       2       0       0       0       0      37    3039       0       0
       2106                    47                    47             1.8942047E-02         1.0000000E+30               436       
 NEXT SEEDS:12E51020       2       0       0       0       0      37    3039       0       0
       2107                    46                    46             1.8942656E-02         1.0000000E+30               436       
 NEXT SEEDS:12E8E150       2       0       0       0       0      37    3039       0       0
       2108                    45                    45             1.8934137E-02         1.0000000E+30               436       
 NEXT SEEDS:12E90355       2       0       0       0       0      37    3039       0       0
       2109                    44                    44             1.8925429E-02         1.0000000E+30               436       
 NEXT SEEDS:12E91640       2       0       0       0       0      37    3039       0       0
       2110                    43                    43             1.8916510E-02         1.0000000E+30               436       
 NEXT SEEDS:12E91644       2       0       0       0       0      37    3039       0       0
       2111                    42                    42             1.8907981E-02         1.0000000E+30               436       
 NEXT SEEDS:12E93387       2       0       0       0       0      37    3039       0       0
       2112                    41                    41             1.8899106E-02         1.0000000E+30               436       
 NEXT SEEDS:12E93484       2       0       0       0       0      37    3039       0       0
       2113                    40                    40             1.8898015E-02         1.0000000E+30               436       
 NEXT SEEDS:12EC3F90       2       0       0       0       0      37    3039       0       0
       2114                    39                    39             1.8898766E-02         1.0000000E+30               436       
 NEXT SEEDS:12F00549       2       0       0       0       0      37    3039       0       0
       2115                    38                    38             1.8889888E-02         1.0000000E+30               436       
 NEXT SEEDS:12F0054D       2       0       0       0       0      37    3039       0       0
       2116                    37                    37             1.8881011E-02         1.0000000E+30               436       
 NEXT SEEDS:12F00551       2       0       0       0       0      37    3039       0       0
       2117                    36                    36             1.8872141E-02         1.0000000E+30               436       
 NEXT SEEDS:12F00555       2       0       0       0       0      37    3039       0       0
       2118                    35                    35             1.8863281E-02         1.0000000E+30               436       
 NEXT SEEDS:12F00559       2       0       0       0       0      37    3039       0       0
       2119                    34                    34             1.8854433E-02         1.0000000E+30               436       
 NEXT SEEDS:12F0056B       2       0       0       0       0      37    3039       0       0
       2120                    33                    33             1.8845588E-02         1.0000000E+30               436       
 NEXT SEEDS:12F0056F       2       0       0       0       0      37    3039       0       0
       2121                    32                    32             1.8836757E-02         1.0000000E+30               436       
 NEXT SEEDS:12F00586       2       0       0       0       0      37    3039       0       0
       2122                    31                    31             1.8827936E-02         1.0000000E+30               436       
 NEXT SEEDS:12F0059D       2       0       0       0       0      37    3039       0       0
       2123                    30                    30             1.8836126E-02         1.0000000E+30               436       
 NEXT SEEDS:12F6D94D       2       0       0       0       0      37    3039       0       0
       2124                    29                    29             1.8827317E-02         1.0000000E+30               436       
 NEXT SEEDS:12F6D951       2       0       0       0       0      37    3039       0       0
       2125                    28                    28             1.8818508E-02         1.0000000E+30               436       
 NEXT SEEDS:12F6D955       2       0       0       0       0      37    3039       0       0
       2126                    27                    27             1.8809717E-02         1.0000000E+30               436       
 NEXT SEEDS:12F6D9A3       2       0       0       0       0      37    3039       0       0
       2127                    26                    26             1.8800933E-02         1.0000000E+30               436       
 NEXT SEEDS:12F6D9B9       2       0       0       0       0      37    3039       0       0
       2128                    25                    25             1.9165092E-02         1.0000000E+30               436       
 NEXT SEEDS:13857506       2       0       0       0       0      37    3039       0       0
       2129                    24                    24             1.9163501E-02         1.0000000E+30               436       
 NEXT SEEDS:13886DBF       2       0       0       0       0      37    3039       0       0
       2130                    23                    23             1.9165176E-02         1.0000000E+30               437       
 NEXT SEEDS:138C59BB       2       0       0       0       0      37    3039       0       0
       2131                    22                    22             1.9164749E-02         1.0000000E+30               437       
 NEXT SEEDS:138FC3D6       2       0       0       0       0      37    3039       0       0
       2132                    21                    21             1.9165736E-02         1.0000000E+30               437       
 NEXT SEEDS:1393BC08       2       0       0       0       0      37    3039       0       0
       2133                    20                    20             1.9156814E-02         1.0000000E+30               437       
 NEXT SEEDS:1393BC24       2       0       0       0       0      37    3039       0       0
       2134                    19                    19             1.9161867E-02         1.0000000E+30               438       
 NEXT SEEDS:13994042       2       0       0       0       0      37    3039       0       0
       2135                    18                    18             1.9152953E-02         1.0000000E+30               438       
 NEXT SEEDS:13994058       2       0       0       0       0      37    3039       0       0
       2136                    17                    17             1.9144038E-02         1.0000000E+30               438       
 NEXT SEEDS:1399405C       2       0       0       0       0      37    3039       0       0
       2137                    16                    16             1.9135128E-02         1.0000000E+30               438       
 NEXT SEEDS:13994060       2       0       0       0       0      37    3039       0       0
       2138                    15                    15             1.9131523E-02         1.0000000E+30               438       
 NEXT SEEDS:139B6631       2       0       0       0       0      37    3039       0       0
       2139                    14                    14             1.9132154E-02         1.0000000E+30               438       
 NEXT SEEDS:139ED72E       2       0       0       0       0      37    3039       0       0
       2140                    13                    13             1.9123278E-02         1.0000000E+30               438       
 NEXT SEEDS:139ED74A       2       0       0       0       0      37    3039       0       0
       2141                    12                    12             1.9114402E-02         1.0000000E+30               438       
 NEXT SEEDS:139ED763       2       0       0       0       0      37    3039       0       0
       2142                    11                    11             1.9117234E-02         1.0000000E+30               438       
 NEXT SEEDS:13A392C7       2       0       0       0       0      37    3039       0       0
       2143                    10                    10             1.9108370E-02         1.0000000E+30               438       
 NEXT SEEDS:13A392CB       2       0       0       0       0      37    3039       0       0
       2144                     9                     9             1.9099509E-02         1.0000000E+30               438       
 NEXT SEEDS:13A392CF       2       0       0       0       0      37    3039       0       0
       2145                     8                     8             1.9096392E-02         1.0000000E+30               438       
 NEXT SEEDS:13A5F196       2       0       0       0       0      37    3039       0       0
       2146                     7                     7             1.9087552E-02         1.0000000E+30               438       
 NEXT SEEDS:13A5F19A       2       0       0       0       0      37    3039       0       0
       2147                     6                     6             1.9078717E-02         1.0000000E+30               438       
 NEXT SEEDS:13A5F1AE       2       0       0       0       0      37    3039       0       0
       2148                     5                     5             1.9069971E-02         1.0000000E+30               438       
 NEXT SEEDS:13A5F856       2       0       0       0       0      37    3039       0       0
       2149                     4                     4             1.9061158E-02         1.0000000E+30               438       
 NEXT SEEDS:13A5F870       2       0       0       0       0      37    3039       0       0
       2150                     3                     3             1.9066765E-02         1.0000000E+30               438       
 NEXT SEEDS:13ABF610       2       0       0       0       0      37    3039       0       0
       2151                     2                     2             1.9088729E-02         1.0000000E+30               438       
 NEXT SEEDS:13B77100       2       0       0       0       0      37    3039       0       0
       2152                     1                     1             1.9079913E-02         1.0000000E+30               438       
 NEXT SEEDS:13B77104       2       0       0       0       0      37    3039       0       0
       2153                     0                     1             1.9071303E-02         1.0000000E+30               438       
 NEXT SEEDS:13B782A1       2       0       0       0       0      37    3039       0       0
