1NUMBER OF BEAM       NUMBER OF BEAM        APPROXIMATE NUMBER    AVERAGE TIME USED     TIME LEFT (RESERVED   NUMBER OF STARS
 PARTICLES HANDLED    PARTICLES LEFT        OF BEAM PARTICLES     BY A BEAM PARTICLE     10000.0 SECONDS      CREATED
                                            THAT CAN STILL BE                           FOR PRINTOUT)
                                            HANDLED

 NEXT SEEDS: EDB1A03       4       0       0       0       0      25    3039       0       0
          1                  2846                  2846             4.5503855E-02         1.0000000E+30                 0       
 NEXT SEEDS: EE38B60       4       0       0       0       0      25    3039       0       0
  Comptn_2: TXYZ:  0.99999999998206857       U,V,W   5.3468144987391497E-002  0.88835192265759133      -0.45603949276815570     
         50                  2797                  2797             5.2491179E-02         1.0000000E+30                 0       
 NEXT SEEDS:10B6C407       4       0       0       0       0      25    3039       0       0
        100                  2747                  2747             4.1524158E-02         1.0000000E+30                 1       
 NEXT SEEDS:11D2B633       4       0       0       0       0      25    3039       0       0
  Comptn_2: TXYZ:   1.0000000000033720       U,V,W  0.14589097265297823      -0.86073113074403151      -0.48770661741444599     
        150                  2697                  2697             3.7756027E-02         1.0000000E+30                28       
 NEXT SEEDS:12E7D187       4       0       0       0       0      25    3039       0       0
        200                  2647                  2647             3.5768807E-02         1.0000000E+30                33       
 NEXT SEEDS:13F91B8C       4       0       0       0       0      25    3039       0       0
        250                  2597                  2597             3.7619833E-02         1.0000000E+30                35       
 NEXT SEEDS:15952045       4       0       0       0       0      25    3039       0       0
  Comptn_2: TXYZ:  0.99999999999859368       U,V,W  0.38250035200644561      -0.88726534957721315      -0.25778611318914102     
  Comptn_2: TXYZ:  0.99999999999842482       U,V,W  0.99814079511759712       -6.0629521954247423E-002  -6.2461338470427563E-003
        300                  2547                  2547             4.0991209E-02         1.0000000E+30                36       
 NEXT SEEDS:17B1544C       4       0       0       0       0      25    3039       0       0
        350                  2497                  2497             3.8851543E-02         1.0000000E+30                41       
 NEXT SEEDS:189BE438       4       0       0       0       0      25    3039       0       0
  Comptn_2: TXYZ:   1.0000000000100053       U,V,W -0.50441382936648438      -0.86342777903853118       -7.6914978017157409E-003
        400                  2447                  2447             4.0448691E-02         1.0000000E+30                50       
 NEXT SEEDS:1A7CFC81       4       0       0       0       0      25    3039       0       0
        450                  2397                  2397             4.4858573E-02         1.0000000E+30                58       
 NEXT SEEDS:1D612529       4       0       0       0       0      25    3039       0       0
  Comptn_2: TXYZ:   1.0000000000010461       U,V,W -0.75315500702550509       0.65737099524124787       -2.4918065915890963E-002
  Comptn_2: TXYZ:  0.99999999999771494       U,V,W  0.24518901718984409      -0.52393579774054899      -0.81570437395735951     
        500                  2347                  2347             4.8033139E-02         1.0000000E+30                69       
 NEXT SEEDS:20054A38       4       0       0       0       0      25    3039       0       0
        550                  2297                  2297             4.9097201E-02         1.0000000E+30                72       
 NEXT SEEDS:222D441F       4       0       0       0       0      25    3039       0       0
        600                  2247                  2247             4.7793227E-02         1.0000000E+30                72       
 NEXT SEEDS:235F5B00       4       0       0       0       0      25    3039       0       0
  *** Kaon: P_min > 1.5 GeV/c:           15   4.7209752273125840     
  *** Kaon: P_min > 1.5 GeV/c:           15   4.4454553362511984     
  *** Kaon: P_min > 1.5 GeV/c:           24   2.2251350682809039     
  *** Kbar: P_min > 1.8 GeV/c:           16   1.8682092988662429     
  *** Kbar: P_min > 1.8 GeV/c:           16   1.9745550277362027     
        650                  2197                  2197             4.6383459E-02         1.0000000E+30                93       
 NEXT SEEDS:246AA9DD       4       0       0       0       0      25    3039       0       0
        700                  2147                  2147             4.6278810E-02         1.0000000E+30               220       
 NEXT SEEDS:26078DCA       4       0       0       0       0      25    3039       0       0
        750                  2097                  2097             4.8346637E-02         1.0000000E+30               223       
 NEXT SEEDS:28D45D5A       4       0       0       0       0      25    3039       0       0
        800                  2047                  2047             5.2202438E-02         1.0000000E+30               231       
 NEXT SEEDS:2CA859A2       4       0       0       0       0      25    3039       0       0
        850                  1997                  1997             5.1885989E-02         1.0000000E+30               234       
 NEXT SEEDS:2E5E2161       4       0       0       0       0      25    3039       0       0
        900                  1947                  1947             5.0070918E-02         1.0000000E+30               240       
 NEXT SEEDS:2F0CEEE3       4       0       0       0       0      25    3039       0       0
        950                  1897                  1897             4.8661755E-02         1.0000000E+30               248       
 NEXT SEEDS:2FE18289       4       0       0       0       0      25    3039       0       0
       1000                  1847                  1847             4.9893187E-02         1.0000000E+30               256       
 NEXT SEEDS:3281339B       4       0       0       0       0      25    3039       0       0
       1050                  1797                  1797             4.9413996E-02         1.0000000E+30               257       
 NEXT SEEDS:33F384C7       4       0       0       0       0      25    3039       0       0
       1100                  1747                  1747             4.8179382E-02         1.0000000E+30               262       
 NEXT SEEDS:34C19E87       4       0       0       0       0      25    3039       0       0
       1150                  1697                  1697             4.7960675E-02         1.0000000E+30               267       
 NEXT SEEDS:364A954E       4       0       0       0       0      25    3039       0       0
  Comptn_2: TXYZ:  0.99999999998660138       U,V,W  0.82317032480013097      -0.50875689337547669       0.25210521572942923     
       1200                  1647                  1647             4.7239159E-02         1.0000000E+30               271       
 NEXT SEEDS:37658830       4       0       0       0       0      25    3039       0       0
       1250                  1597                  1597             4.6393727E-02         1.0000000E+30               276       
 NEXT SEEDS:38558EF9       4       0       0       0       0      25    3039       0       0
       1300                  1547                  1547             4.5783667E-02         1.0000000E+30               282       
 NEXT SEEDS:39706044       4       0       0       0       0      25    3039       0       0
  *** Kaon: P_min > 1.5 GeV/c:           15   2.8287362810408441     
  *** Kaon: P_min > 1.5 GeV/c:           15   2.1111401041595346     
  *** Kaon: P_min > 1.5 GeV/c:           15   1.9599129449260948     
  *** Kaon: P_min > 1.5 GeV/c:           15   2.4843153207009134     
  *** Kaon: P_min > 1.5 GeV/c:           15   1.5485916210987527     
  *** Kaon: P_min > 1.5 GeV/c:           15   2.0885337371449380     
  *** Kaon: P_min > 1.5 GeV/c:           15   1.9530762537847897     
       1350                  1497                  1497             4.6301192E-02         1.0000000E+30               318       
 NEXT SEEDS:     3E3       5       0       0       0       0      25    3039       0       0
       1400                  1447                  1447             4.7408629E-02         1.0000000E+30               320       
 NEXT SEEDS: 2C7B679       5       0       0       0       0      25    3039       0       0
       1450                  1397                  1397             4.6834487E-02         1.0000000E+30               325       
 NEXT SEEDS: 3E4B49A       5       0       0       0       0      25    3039       0       0
       1500                  1347                  1347             4.6414817E-02         1.0000000E+30               421       
 NEXT SEEDS: 5217FAA       5       0       0       0       0      25    3039       0       0
  *** Kbar: P_min > 1.8 GeV/c:           16   33.402059246221370     
  *** Kbar: P_min > 1.8 GeV/c:           16   36.286974538441456     
  *** Kbar: P_min > 1.8 GeV/c:           25   12.710545333993034     
  *** Kbar: P_min > 1.8 GeV/c:           25   14.641991394678106     
  *** Kbar: P_min > 1.8 GeV/c:           25   12.233689549008636     
  *** Kaon: P_min > 1.5 GeV/c:           15   48.512490576934781     
  *** Kaon: P_min > 1.5 GeV/c:           15   42.113773936063367     
  *** Kaon: P_min > 1.5 GeV/c:           15   11.529053488555547     
       1550                  1297                  1297             4.6737293E-02         1.0000000E+30               926       
 NEXT SEEDS: 7292CCF       5       0       0       0       0      25    3039       0       0
       1600                  1247                  1247             4.6798717E-02         1.0000000E+30              1058       
 NEXT SEEDS: 8EA7032       5       0       0       0       0      25    3039       0       0
       1650                  1197                  1197             4.7909372E-02         1.0000000E+30              1065       
 NEXT SEEDS: BE8BCBB       5       0       0       0       0      25    3039       0       0
       1700                  1147                  1147             4.8365341E-02         1.0000000E+30              1069       
 NEXT SEEDS: E31BF7D       5       0       0       0       0      25    3039       0       0
  Comptn_2: TXYZ:  0.99999999999891254       U,V,W  -1.1791585348220224E-002  0.52094969965096283      -0.85350592789239599     
       1750                  1097                  1097             4.7944446E-02         1.0000000E+30              1073       
 NEXT SEEDS: F67E7F3       5       0       0       0       0      25    3039       0       0
       1800                  1047                  1047             4.7534109E-02         1.0000000E+30              1478       
 NEXT SEEDS:1095EC80       5       0       0       0       0      25    3039       0       0
       1850                   997                   997             4.7087602E-02         1.0000000E+30              1485       
 NEXT SEEDS:11ADE5AE       5       0       0       0       0      25    3039       0       0
  Comptn_2: TXYZ:   1.0000000000024272       U,V,W -0.47105960649221146       0.64794660808178151       0.59855496005725684     
       1900                   947                   947             4.6755525E-02         1.0000000E+30              1526       
 NEXT SEEDS:12E82F01       5       0       0       0       0      25    3039       0       0
  *** Hhflev: call to Hadriv !! ***  0.80093652703685703        3.5000000000000000        1.5588484073677673               14 T F T
  Comptn_2: TXYZ:   1.0000000000090263       U,V,W  0.67427058603526291       0.10741585107271590      -0.73063055763840978     
       1950                   897                   897             4.6775005E-02         1.0000000E+30              1840       
 NEXT SEEDS:149750C2       5       0       0       0       0      25    3039       0       0
       2000                   847                   847             4.6387079E-02         1.0000000E+30              1844       
 NEXT SEEDS:15B48C1B       5       0       0       0       0      25    3039       0       0
       2050                   797                   797             4.6051495E-02         1.0000000E+30              2001       
 NEXT SEEDS:16E0BBFD       5       0       0       0       0      25    3039       0       0
       2100                   747                   747             4.5994969E-02         1.0000000E+30              2005       
 NEXT SEEDS:186EB464       5       0       0       0       0      25    3039       0       0
       2150                   697                   697             4.5751905E-02         1.0000000E+30              2042       
 NEXT SEEDS:19B84583       5       0       0       0       0      25    3039       0       0
  Comptn_2: TXYZ:  0.99999999999883715       U,V,W -0.90109012895123897       -9.5669649507627241E-002 -0.42294668419147641     
       2200                   647                   647             4.5530865E-02         1.0000000E+30              2042       
 NEXT SEEDS:1B026B2B       5       0       0       0       0      25    3039       0       0
       2250                   597                   597             4.5080361E-02         1.0000000E+30              2115       
 NEXT SEEDS:1BEC6771       5       0       0       0       0      25    3039       0       0
       2300                   547                   547             4.5057424E-02         1.0000000E+30              2121       
 NEXT SEEDS:1D8B4CB7       5       0       0       0       0      25    3039       0       0
       2350                   497                   497             4.5039112E-02         1.0000000E+30              2124       
 NEXT SEEDS:1F2A5D39       5       0       0       0       0      25    3039       0       0
       2400                   447                   447             4.5335125E-02         1.0000000E+30              2158       
 NEXT SEEDS:214D0E3D       5       0       0       0       0      25    3039       0       0
  Comptn_2: TXYZ:  0.99999999999762645       U,V,W  0.11889152920107904       0.76737627752267201       0.63007813243859090     
       2450                   397                   397             4.5145146E-02         1.0000000E+30              2164       
 NEXT SEEDS:229A98A1       5       0       0       0       0      25    3039       0       0
  Comptn_2: TXYZ:   1.0000000000036631       U,V,W -0.77587411114112292      -0.35783440559322344       0.51959012869605203     
       2500                   347                   347             4.5449006E-02         1.0000000E+30              2171       
 NEXT SEEDS:24CB7E0C       5       0       0       0       0      25    3039       0       0
       2550                   297                   297             4.4991752E-02         1.0000000E+30              2176       
 NEXT SEEDS:2599599E       5       0       0       0       0      25    3039       0       0
       2600                   247                   247             4.4952391E-02         1.0000000E+30              2177       
 NEXT SEEDS:2728DEEE       5       0       0       0       0      25    3039       0       0
       2650                   197                   197             4.5123266E-02         1.0000000E+30              2185       
 NEXT SEEDS:291B46AB       5       0       0       0       0      25    3039       0       0
  Comptn_2: TXYZ:  0.99999999999889455       U,V,W -0.12221355323034899       0.97371795928226135      -0.19219048669717154     
  Comptn_2: TXYZ:  0.99999999999828548       U,V,W -0.59482724070205606      -0.61561373616630988       0.51691419168022534     
       2700                   147                   147             4.5249753E-02         1.0000000E+30              2189       
 NEXT SEEDS:2AFEBE34       5       0       0       0       0      25    3039       0       0
       2750                    97                    97             4.4927178E-02         1.0000000E+30              2195       
 NEXT SEEDS:2BFA28C2       5       0       0       0       0      25    3039       0       0
       2797                    50                    50             4.5105262E-02         1.0000000E+30              2202       
 NEXT SEEDS:2DE0ED7A       5       0       0       0       0      25    3039       0       0
       2798                    49                    49             4.5089196E-02         1.0000000E+30              2202       
 NEXT SEEDS:2DE0ED7E       5       0       0       0       0      25    3039       0       0
       2799                    48                    48             4.5073125E-02         1.0000000E+30              2202       
 NEXT SEEDS:2DE0ED82       5       0       0       0       0      25    3039       0       0
       2800                    47                    47             4.5057066E-02         1.0000000E+30              2202       
 NEXT SEEDS:2DE0ED86       5       0       0       0       0      25    3039       0       0
       2801                    46                    46             4.5041018E-02         1.0000000E+30              2202       
 NEXT SEEDS:2DE0ED8A       5       0       0       0       0      25    3039       0       0
       2802                    45                    45             4.5024982E-02         1.0000000E+30              2202       
 NEXT SEEDS:2DE0ED8E       5       0       0       0       0      25    3039       0       0
       2803                    44                    44             4.5008957E-02         1.0000000E+30              2202       
 NEXT SEEDS:2DE0ED92       5       0       0       0       0      25    3039       0       0
       2804                    43                    43             4.5009442E-02         1.0000000E+30              2203       
 NEXT SEEDS:2DE981A9       5       0       0       0       0      25    3039       0       0
       2805                    42                    42             4.5015939E-02         1.0000000E+30              2203       
 NEXT SEEDS:2DF5267F       5       0       0       0       0      25    3039       0       0
       2806                    41                    41             4.5006509E-02         1.0000000E+30              2203       
 NEXT SEEDS:2DF8B98A       5       0       0       0       0      25    3039       0       0
       2807                    40                    40             4.4996145E-02         1.0000000E+30              2203       
 NEXT SEEDS:2DFBBFB1       5       0       0       0       0      25    3039       0       0
       2808                    39                    39             4.4980164E-02         1.0000000E+30              2203       
 NEXT SEEDS:2DFBBFB5       5       0       0       0       0      25    3039       0       0
       2809                    38                    38             4.4967943E-02         1.0000000E+30              2203       
 NEXT SEEDS:2DFDC90A       5       0       0       0       0      25    3039       0       0
       2810                    37                    37             4.4964782E-02         1.0000000E+30              2203       
 NEXT SEEDS:2E046767       5       0       0       0       0      25    3039       0       0
       2811                    36                    36             4.4948830E-02         1.0000000E+30              2203       
 NEXT SEEDS:2E04676B       5       0       0       0       0      25    3039       0       0
       2812                    35                    35             4.4932883E-02         1.0000000E+30              2203       
 NEXT SEEDS:2E04676F       5       0       0       0       0      25    3039       0       0
       2813                    34                    34             4.4916948E-02         1.0000000E+30              2203       
 NEXT SEEDS:2E046773       5       0       0       0       0      25    3039       0       0
       2814                    33                    33             4.4901029E-02         1.0000000E+30              2203       
 NEXT SEEDS:2E046777       5       0       0       0       0      25    3039       0       0
       2815                    32                    32             4.4888380E-02         1.0000000E+30              2203       
 NEXT SEEDS:2E063A54       5       0       0       0       0      25    3039       0       0
       2816                    31                    31             4.4881965E-02         1.0000000E+30              2203       
 NEXT SEEDS:2E0AF21F       5       0       0       0       0      25    3039       0       0
       2817                    30                    30             4.4866076E-02         1.0000000E+30              2203       
 NEXT SEEDS:2E0AF223       5       0       0       0       0      25    3039       0       0
       2818                    29                    29             4.4855483E-02         1.0000000E+30              2203       
 NEXT SEEDS:2E0DD6A4       5       0       0       0       0      25    3039       0       0
       2819                    28                    28             4.4839609E-02         1.0000000E+30              2203       
 NEXT SEEDS:2E0DD6A8       5       0       0       0       0      25    3039       0       0
       2820                    27                    27             4.4831560E-02         1.0000000E+30              2203       
 NEXT SEEDS:2E11DFA8       5       0       0       0       0      25    3039       0       0
       2821                    26                    26             4.4815711E-02         1.0000000E+30              2203       
 NEXT SEEDS:2E11DFAC       5       0       0       0       0      25    3039       0       0
       2822                    25                    25             4.4799862E-02         1.0000000E+30              2203       
 NEXT SEEDS:2E11DFB0       5       0       0       0       0      25    3039       0       0
       2823                    24                    24             4.4784036E-02         1.0000000E+30              2203       
 NEXT SEEDS:2E11DFB4       5       0       0       0       0      25    3039       0       0
       2824                    23                    23             4.4768215E-02         1.0000000E+30              2203       
 NEXT SEEDS:2E11DFB8       5       0       0       0       0      25    3039       0       0
       2825                    22                    22             4.4752406E-02         1.0000000E+30              2203       
 NEXT SEEDS:2E11DFBC       5       0       0       0       0      25    3039       0       0
       2826                    21                    21             4.4769355E-02         1.0000000E+30              2203       
 NEXT SEEDS:2E22E36D       5       0       0       0       0      25    3039       0       0
       2827                    20                    20             4.4796489E-02         1.0000000E+30              2203       
 NEXT SEEDS:2E38DB10       5       0       0       0       0      25    3039       0       0
       2828                    19                    19             4.4780692E-02         1.0000000E+30              2203       
 NEXT SEEDS:2E38DB14       5       0       0       0       0      25    3039       0       0
       2829                    18                    18             4.4768800E-02         1.0000000E+30              2204       
 NEXT SEEDS:2E3ADE4A       5       0       0       0       0      25    3039       0       0
       2830                    17                    17             4.4759003E-02         1.0000000E+30              2204       
 NEXT SEEDS:2E3DBEDD       5       0       0       0       0      25    3039       0       0
       2831                    16                    16             4.4757837E-02         1.0000000E+30              2204       
 NEXT SEEDS:2E456CC1       5       0       0       0       0      25    3039       0       0
       2832                    15                    15             4.4742081E-02         1.0000000E+30              2204       
 NEXT SEEDS:2E456CC5       5       0       0       0       0      25    3039       0       0
       2833                    14                    14             4.4731006E-02         1.0000000E+30              2204       
 NEXT SEEDS:2E480E18       5       0       0       0       0      25    3039       0       0
       2834                    13                    13             4.4730524E-02         1.0000000E+30              2204       
 NEXT SEEDS:2E5030EE       5       0       0       0       0      25    3039       0       0
       2835                    12                    12             4.4720872E-02         1.0000000E+30              2204       
 NEXT SEEDS:2E5351C4       5       0       0       0       0      25    3039       0       0
       2836                    11                    11             4.4716644E-02         1.0000000E+30              2204       
 NEXT SEEDS:2E594A00       5       0       0       0       0      25    3039       0       0
       2837                    10                    10             4.4715850E-02         1.0000000E+30              2204       
 NEXT SEEDS:2E61023B       5       0       0       0       0      25    3039       0       0
       2838                     9                     9             4.4700137E-02         1.0000000E+30              2204       
 NEXT SEEDS:2E61023F       5       0       0       0       0      25    3039       0       0
       2839                     8                     8             4.4684429E-02         1.0000000E+30              2204       
 NEXT SEEDS:2E610243       5       0       0       0       0      25    3039       0       0
       2840                     7                     7             4.4675401E-02         1.0000000E+30              2204       
 NEXT SEEDS:2E64B228       5       0       0       0       0      25    3039       0       0
       2841                     6                     6             4.4663355E-02         1.0000000E+30              2204       
 NEXT SEEDS:2E669ED8       5       0       0       0       0      25    3039       0       0
       2842                     5                     5             4.4647682E-02         1.0000000E+30              2204       
 NEXT SEEDS:2E669EDC       5       0       0       0       0      25    3039       0       0
       2843                     4                     4             4.4638440E-02         1.0000000E+30              2204       
 NEXT SEEDS:2E6A0029       5       0       0       0       0      25    3039       0       0
       2844                     3                     3             4.4622787E-02         1.0000000E+30              2204       
 NEXT SEEDS:2E6A002D       5       0       0       0       0      25    3039       0       0
       2845                     2                     2             4.4607140E-02         1.0000000E+30              2204       
 NEXT SEEDS:2E6A0031       5       0       0       0       0      25    3039       0       0
       2846                     1                     1             4.4591504E-02         1.0000000E+30              2204       
 NEXT SEEDS:2E6A0035       5       0       0       0       0      25    3039       0       0
       2847                     0                     1             4.4575879E-02         1.0000000E+30              2204       
 NEXT SEEDS:2E6A0039       5       0       0       0       0      25    3039       0       0
