1NUMBER OF BEAM       NUMBER OF BEAM        APPROXIMATE NUMBER    AVERAGE TIME USED     TIME LEFT (RESERVED   NUMBER OF STARS
 PARTICLES HANDLED    PARTICLES LEFT        OF BEAM PARTICLES     BY A BEAM PARTICLE     10000.0 SECONDS      CREATED
                                            THAT CAN STILL BE                           FOR PRINTOUT)
                                            HANDLED

 NEXT SEEDS:1E120777       0       0       0       0       0      37    3039       0       0
          1                  2152                  2152             1.1630058E-03         1.0000000E+30                 0       
 NEXT SEEDS:1E121C7F       0       0       0       0       0      37    3039       0       0
  Comptn_2: TXYZ:  0.99999999999894684       U,V,W  0.82270692189938965        2.6282225807392479E-003  0.56845968467767749     
         40                  2113                  2113             1.2518203E-02         1.0000000E+30                 5       
 NEXT SEEDS:1E707AC8       0       0       0       0       0      37    3039       0       0
  Comptn_2: TXYZ:  0.99999999996660283       U,V,W  0.56040367130674440      -0.58048776720463025       0.59074671161023673     
         80                  2073                  2073             1.2102601E-02         1.0000000E+30                10       
 NEXT SEEDS:1EC8286A       0       0       0       0       0      37    3039       0       0
        120                  2033                  2033             1.2800399E-02         1.0000000E+30                11       
 NEXT SEEDS:1F351C39       0       0       0       0       0      37    3039       0       0
        160                  1993                  1993             1.1866538E-02         1.0000000E+30                14       
 NEXT SEEDS:1F7A9771       0       0       0       0       0      37    3039       0       0
        200                  1953                  1953             1.1108605E-02         1.0000000E+30                16       
 NEXT SEEDS:1FB6C495       0       0       0       0       0      37    3039       0       0
        240                  1913                  1913             1.0709684E-02         1.0000000E+30                16       
 NEXT SEEDS:1FF8CDD9       0       0       0       0       0      37    3039       0       0
        280                  1873                  1873             1.0685280E-02         1.0000000E+30                19       
 NEXT SEEDS:2048CE3A       0       0       0       0       0      37    3039       0       0
        320                  1833                  1833             1.1086737E-02         1.0000000E+30                22       
 NEXT SEEDS:20ADB0A4       0       0       0       0       0      37    3039       0       0
        360                  1793                  1793             1.0849278E-02         1.0000000E+30                25       
 NEXT SEEDS:20F10885       0       0       0       0       0      37    3039       0       0
        400                  1753                  1753             1.3200597E-02         1.0000000E+30                59       
 NEXT SEEDS:21FBAE2D       0       0       0       0       0      37    3039       0       0
        440                  1713                  1713             1.5069643E-02         1.0000000E+30                60       
 NEXT SEEDS:22F87493       0       0       0       0       0      37    3039       0       0
        480                  1673                  1673             1.4659254E-02         1.0000000E+30                60       
 NEXT SEEDS:2345FB47       0       0       0       0       0      37    3039       0       0
        520                  1633                  1633             1.4617865E-02         1.0000000E+30                61       
 NEXT SEEDS:23ADA5D5       0       0       0       0       0      37    3039       0       0
  Comptn_2: TXYZ:   1.0000000000104414       U,V,W  -4.8363694408379843E-002  0.38448482049889776       0.92186353430404466     
        560                  1593                  1593             1.6942776E-02         1.0000000E+30                64       
 NEXT SEEDS:2501B722       0       0       0       0       0      37    3039       0       0
        600                  1553                  1553             1.6392581E-02         1.0000000E+30                64       
 NEXT SEEDS:2542F45A       0       0       0       0       0      37    3039       0       0
        640                  1513                  1513             1.5724001E-02         1.0000000E+30                64       
 NEXT SEEDS:256E29F1       0       0       0       0       0      37    3039       0       0
  Comptn_2: TXYZ:   1.0000000000018789       U,V,W  0.78874702494980653       0.35801006988415907       0.49970683455026688     
        680                  1473                  1473             1.5968900E-02         1.0000000E+30                77       
 NEXT SEEDS:26077355       0       0       0       0       0      37    3039       0       0
        720                  1433                  1433             1.5891645E-02         1.0000000E+30                92       
 NEXT SEEDS:26734C6E       0       0       0       0       0      37    3039       0       0
        760                  1393                  1393             1.6245670E-02         1.0000000E+30                94       
 NEXT SEEDS:271FFFC5       0       0       0       0       0      37    3039       0       0
        800                  1353                  1353             1.6228822E-02         1.0000000E+30                94       
 NEXT SEEDS:27946BF1       0       0       0       0       0      37    3039       0       0
        840                  1313                  1313             1.6141891E-02         1.0000000E+30                94       
 NEXT SEEDS:2800A476       0       0       0       0       0      37    3039       0       0
        880                  1273                  1273             1.5741862E-02         1.0000000E+30               104       
 NEXT SEEDS:283843B5       0       0       0       0       0      37    3039       0       0
        920                  1233                  1233             1.5722953E-02         1.0000000E+30               105       
 NEXT SEEDS:28AA2736       0       0       0       0       0      37    3039       0       0
        960                  1193                  1193             1.6121588E-02         1.0000000E+30               107       
 NEXT SEEDS:2968F4BB       0       0       0       0       0      37    3039       0       0
       1000                  1153                  1153             1.6208924E-02         1.0000000E+30               108       
 NEXT SEEDS:29F56C2A       0       0       0       0       0      37    3039       0       0
       1040                  1113                  1113             1.7139802E-02         1.0000000E+30               176       
 NEXT SEEDS:2B2B5F50       0       0       0       0       0      37    3039       0       0
       1080                  1073                  1073             1.6941103E-02         1.0000000E+30               182       
 NEXT SEEDS:2B858663       0       0       0       0       0      37    3039       0       0
       1120                  1033                  1033             1.6849387E-02         1.0000000E+30               185       
 NEXT SEEDS:2BF3065D       0       0       0       0       0      37    3039       0       0
       1160                   993                   993             1.6750301E-02         1.0000000E+30               191       
 NEXT SEEDS:2C5D1DA6       0       0       0       0       0      37    3039       0       0
       1200                   953                   953             1.6500815E-02         1.0000000E+30               191       
 NEXT SEEDS:2CA33515       0       0       0       0       0      37    3039       0       0
       1240                   913                   913             1.6366174E-02         1.0000000E+30               216       
 NEXT SEEDS:2CFF28D2       0       0       0       0       0      37    3039       0       0
  Comptn_2: TXYZ:   1.0000000000017040       U,V,W  0.63012342808448807       0.73529622598058353       0.24956747672617041     
  *** Kbar: P_min > 1.8 GeV/c:           25   3.5316990492203910     
  *** Kbar: P_min > 1.8 GeV/c:           25   3.3254713626665535     
       1280                   873                   873             1.6437493E-02         1.0000000E+30               255       
 NEXT SEEDS:2D8EE730       0       0       0       0       0      37    3039       0       0
  Comptn_2: TXYZ:  0.99999999999083533       U,V,W  0.14878523847173142       0.97526100974416252       0.16348980297419757     
  *** Kaon: P_min > 1.5 GeV/c:           24   6.3169626393777154     
  *** Kaon: P_min > 1.5 GeV/c:           24   6.3167298252453250     
  *** Kaon: P_min > 1.5 GeV/c:           24   6.7871501425846850     
  *** Kaon: P_min > 1.5 GeV/c:           24   6.1442866007288774     
  *** Kaon: P_min > 1.5 GeV/c:           15   2.0561580598156359     
  *** Kaon: P_min > 1.5 GeV/c:           15   1.9995273818885346     
  *** Kaon: P_min > 1.5 GeV/c:           15   1.9834833632827211     
  *** Kaon: P_min > 1.5 GeV/c:           15   2.5287303291833365     
  *** Kaon: P_min > 1.5 GeV/c:           15   1.9534084308629525     
       1320                   833                   833             1.6569476E-02         1.0000000E+30               307       
 NEXT SEEDS:2E2679C4       0       0       0       0       0      37    3039       0       0
       1360                   793                   793             1.6616486E-02         1.0000000E+30               313       
 NEXT SEEDS:2EB15E40       0       0       0       0       0      37    3039       0       0
       1400                   753                   753             1.7072012E-02         1.0000000E+30               313       
 NEXT SEEDS:2FA77FDC       0       0       0       0       0      37    3039       0       0
       1440                   713                   713             1.7023379E-02         1.0000000E+30               314       
 NEXT SEEDS:301AB1DA       0       0       0       0       0      37    3039       0       0
       1480                   673                   673             1.7434016E-02         1.0000000E+30               318       
 NEXT SEEDS:310F1E3A       0       0       0       0       0      37    3039       0       0
       1520                   633                   633             1.7278525E-02         1.0000000E+30               319       
 NEXT SEEDS:316659BC       0       0       0       0       0      37    3039       0       0
       1560                   593                   593             1.7217376E-02         1.0000000E+30               326       
 NEXT SEEDS:31D41574       0       0       0       0       0      37    3039       0       0
       1600                   553                   553             1.7016972E-02         1.0000000E+30               327       
 NEXT SEEDS:32197C9B       0       0       0       0       0      37    3039       0       0
       1640                   513                   513             1.7064812E-02         1.0000000E+30               327       
 NEXT SEEDS:32A74D66       0       0       0       0       0      37    3039       0       0
  Comptn_2: TXYZ:  0.99999999999599298       U,V,W  0.28047466838912882       0.94773059676884941      -0.15212059800093414     
       1680                   473                   473             1.7008004E-02         1.0000000E+30               329       
 NEXT SEEDS:331787CC       0       0       0       0       0      37    3039       0       0
       1720                   433                   433             1.6820007E-02         1.0000000E+30               329       
 NEXT SEEDS:3359A38B       0       0       0       0       0      37    3039       0       0
       1760                   393                   393             1.6798678E-02         1.0000000E+30               330       
 NEXT SEEDS:33D1F421       0       0       0       0       0      37    3039       0       0
       1800                   353                   353             1.6603105E-02         1.0000000E+30               336       
 NEXT SEEDS:340E265A       0       0       0       0       0      37    3039       0       0
       1840                   313                   313             1.6527709E-02         1.0000000E+30               339       
 NEXT SEEDS:3471B039       0       0       0       0       0      37    3039       0       0
       1880                   273                   273             1.7104139E-02         1.0000000E+30               341       
 NEXT SEEDS:35BB6A67       0       0       0       0       0      37    3039       0       0
       1920                   233                   233             1.7118557E-02         1.0000000E+30               347       
 NEXT SEEDS:36427E02       0       0       0       0       0      37    3039       0       0
       1960                   193                   193             1.7098032E-02         1.0000000E+30               348       
 NEXT SEEDS:36BB1C2C       0       0       0       0       0      37    3039       0       0
       2000                   153                   153             1.7534084E-02         1.0000000E+30               351       
 NEXT SEEDS:37DF478A       0       0       0       0       0      37    3039       0       0
       2040                   113                   113             1.7455348E-02         1.0000000E+30               355       
 NEXT SEEDS:38447902       0       0       0       0       0      37    3039       0       0
  Comptn_2: TXYZ:   1.0000000000049820       U,V,W  0.47619293276260066       0.39934391512001355      -0.78343138068917995     
       2080                    73                    73             1.7807829E-02         1.0000000E+30               355       
 NEXT SEEDS:3940A773       0       0       0       0       0      37    3039       0       0
       2103                    50                    50             1.7734695E-02         1.0000000E+30               356       
 NEXT SEEDS:39712A1D       0       0       0       0       0      37    3039       0       0
       2104                    49                    49             1.7727868E-02         1.0000000E+30               356       
 NEXT SEEDS:3971AC3B       0       0       0       0       0      37    3039       0       0
       2105                    48                    48             1.7719503E-02         1.0000000E+30               356       
 NEXT SEEDS:3971AC3F       0       0       0       0       0      37    3039       0       0
       2106                    47                    47             1.7711140E-02         1.0000000E+30               356       
 NEXT SEEDS:3971AC43       0       0       0       0       0      37    3039       0       0
       2107                    46                    46             1.7718952E-02         1.0000000E+30               356       
 NEXT SEEDS:39783F84       0       0       0       0       0      37    3039       0       0
       2108                    45                    45             1.7710606E-02         1.0000000E+30               356       
 NEXT SEEDS:39783F88       0       0       0       0       0      37    3039       0       0
       2109                    44                    44             1.7705737E-02         1.0000000E+30               356       
 NEXT SEEDS:39798E82       0       0       0       0       0      37    3039       0       0
       2110                    43                    43             1.7697404E-02         1.0000000E+30               356       
 NEXT SEEDS:39798E86       0       0       0       0       0      37    3039       0       0
       2111                    42                    42             1.7689452E-02         1.0000000E+30               356       
 NEXT SEEDS:3979B3D1       0       0       0       0       0      37    3039       0       0
       2112                    41                    41             1.7681133E-02         1.0000000E+30               356       
 NEXT SEEDS:3979B3E6       0       0       0       0       0      37    3039       0       0
       2113                    40                    40             1.7710130E-02         1.0000000E+30               356       
 NEXT SEEDS:39886ED2       0       0       0       0       0      37    3039       0       0
       2114                    39                    39             1.7701812E-02         1.0000000E+30               356       
 NEXT SEEDS:39886ED6       0       0       0       0       0      37    3039       0       0
       2115                    38                    38             1.7749390E-02         1.0000000E+30               356       
 NEXT SEEDS:399F06EE       0       0       0       0       0      37    3039       0       0
       2116                    37                    37             1.7741176E-02         1.0000000E+30               356       
 NEXT SEEDS:399F0F12       0       0       0       0       0      37    3039       0       0
       2117                    36                    36             1.7732850E-02         1.0000000E+30               356       
 NEXT SEEDS:399F0F16       0       0       0       0       0      37    3039       0       0
       2118                    35                    35             1.7724526E-02         1.0000000E+30               356       
 NEXT SEEDS:399F0F1A       0       0       0       0       0      37    3039       0       0
       2119                    34                    34             1.7725944E-02         1.0000000E+30               356       
 NEXT SEEDS:39A31F28       0       0       0       0       0      37    3039       0       0
       2120                    33                    33             1.7721970E-02         1.0000000E+30               356       
 NEXT SEEDS:39A4E731       0       0       0       0       0      37    3039       0       0
       2121                    32                    32             1.7743474E-02         1.0000000E+30               356       
 NEXT SEEDS:39B03D60       0       0       0       0       0      37    3039       0       0
       2122                    31                    31             1.7735168E-02         1.0000000E+30               356       
 NEXT SEEDS:39B03D64       0       0       0       0       0      37    3039       0       0
       2123                    30                    30             1.7726864E-02         1.0000000E+30               356       
 NEXT SEEDS:39B03D68       0       0       0       0       0      37    3039       0       0
       2124                    29                    29             1.7727789E-02         1.0000000E+30               356       
 NEXT SEEDS:39B3F2DB       0       0       0       0       0      37    3039       0       0
       2125                    28                    28             1.7719500E-02         1.0000000E+30               356       
 NEXT SEEDS:39B3F2DF       0       0       0       0       0      37    3039       0       0
       2126                    27                    27             1.7711218E-02         1.0000000E+30               356       
 NEXT SEEDS:39B3F2E3       0       0       0       0       0      37    3039       0       0
       2127                    26                    26             1.7702945E-02         1.0000000E+30               356       
 NEXT SEEDS:39B3F2FA       0       0       0       0       0      37    3039       0       0
       2128                    25                    25             1.7709671E-02         1.0000000E+30               356       
 NEXT SEEDS:39BA08C5       0       0       0       0       0      37    3039       0       0
       2129                    24                    24             1.7713745E-02         1.0000000E+30               363       
 NEXT SEEDS:39BEF3CC       0       0       0       0       0      37    3039       0       0
       2130                    23                    23             1.7713755E-02         1.0000000E+30               363       
 NEXT SEEDS:39C263AE       0       0       0       0       0      37    3039       0       0
       2131                    22                    22             1.7705499E-02         1.0000000E+30               363       
 NEXT SEEDS:39C263B2       0       0       0       0       0      37    3039       0       0
       2132                    21                    21             1.7697250E-02         1.0000000E+30               363       
 NEXT SEEDS:39C263C9       0       0       0       0       0      37    3039       0       0
       2133                    20                    20             1.7704191E-02         1.0000000E+30               363       
 NEXT SEEDS:39C8A0AE       0       0       0       0       0      37    3039       0       0
       2134                    19                    19             1.7696440E-02         1.0000000E+30               363       
 NEXT SEEDS:39C8C630       0       0       0       0       0      37    3039       0       0
       2135                    18                    18             1.7688208E-02         1.0000000E+30               363       
 NEXT SEEDS:39C8C64C       0       0       0       0       0      37    3039       0       0
       2136                    17                    17             1.7679986E-02         1.0000000E+30               363       
 NEXT SEEDS:39C8C660       0       0       0       0       0      37    3039       0       0
       2137                    16                    16             1.7684838E-02         1.0000000E+30               363       
 NEXT SEEDS:39CE17E6       0       0       0       0       0      37    3039       0       0
       2138                    15                    15             1.7676738E-02         1.0000000E+30               363       
 NEXT SEEDS:39CE21C9       0       0       0       0       0      37    3039       0       0
       2139                    14                    14             1.7697192E-02         1.0000000E+30               363       
 NEXT SEEDS:39DA1734       0       0       0       0       0      37    3039       0       0
       2140                    13                    13             1.7688985E-02         1.0000000E+30               363       
 NEXT SEEDS:39DA174C       0       0       0       0       0      37    3039       0       0
       2141                    12                    12             1.7728760E-02         1.0000000E+30               363       
 NEXT SEEDS:39ED358A       0       0       0       0       0      37    3039       0       0
       2142                    11                    11             1.7746374E-02         1.0000000E+30               363       
 NEXT SEEDS:39F81B28       0       0       0       0       0      37    3039       0       0
       2143                    10                    10             1.7751148E-02         1.0000000E+30               363       
 NEXT SEEDS:39FD63F5       0       0       0       0       0      37    3039       0       0
       2144                     9                     9             1.7756455E-02         1.0000000E+30               363       
 NEXT SEEDS:3A02DA91       0       0       0       0       0      37    3039       0       0
       2145                     8                     8             1.7748259E-02         1.0000000E+30               363       
 NEXT SEEDS:3A02DBBA       0       0       0       0       0      37    3039       0       0
       2146                     7                     7             1.7745954E-02         1.0000000E+30               363       
 NEXT SEEDS:3A051798       0       0       0       0       0      37    3039       0       0
       2147                     6                     6             1.7737744E-02         1.0000000E+30               363       
 NEXT SEEDS:3A05179C       0       0       0       0       0      37    3039       0       0
       2148                     5                     5             1.7729539E-02         1.0000000E+30               363       
 NEXT SEEDS:3A0517AF       0       0       0       0       0      37    3039       0       0
       2149                     4                     4             1.7729957E-02         1.0000000E+30               363       
 NEXT SEEDS:3A08B828       0       0       0       0       0      37    3039       0       0
       2150                     3                     3             1.7721767E-02         1.0000000E+30               363       
 NEXT SEEDS:3A08B82C       0       0       0       0       0      37    3039       0       0
       2151                     2                     2             1.7732107E-02         1.0000000E+30               363       
 NEXT SEEDS:3A107D33       0       0       0       0       0      37    3039       0       0
       2152                     1                     1             1.7723927E-02         1.0000000E+30               363       
 NEXT SEEDS:3A107D37       0       0       0       0       0      37    3039       0       0
       2153                     0                     1             1.7733408E-02         1.0000000E+30               363       
 NEXT SEEDS:3A1795CC       0       0       0       0       0      37    3039       0       0
