1NUMBER OF BEAM       NUMBER OF BEAM        APPROXIMATE NUMBER    AVERAGE TIME USED     TIME LEFT (RESERVED   NUMBER OF STARS
 PARTICLES HANDLED    PARTICLES LEFT        OF BEAM PARTICLES     BY A BEAM PARTICLE     10000.0 SECONDS      CREATED
                                            THAT CAN STILL BE                           FOR PRINTOUT)
                                            HANDLED

 NEXT SEEDS:       0       0       0       0       0       0      37    3039       0       0
          1                  2152                  2152             1.3118029E-02         1.0000000E+30                 0       
 NEXT SEEDS:   2792E       0       0       0       0       0      37    3039       0       0
         40                  2113                  2113             1.1384201E-02         1.0000000E+30                 5       
 NEXT SEEDS:  548A34       0       0       0       0       0      37    3039       0       0
         80                  2073                  2073             2.0167226E-02         1.0000000E+30                 6       
 NEXT SEEDS: 12D52DF       0       0       0       0       0      37    3039       0       0
  Comptn_2: TXYZ:   1.0000000000011224       U,V,W  0.89693355882290149       0.27165004349365773       0.34887883989760837     
        120                  2033                  2033             2.1597044E-02         1.0000000E+30                 7       
 NEXT SEEDS: 1E7F058       0       0       0       0       0      37    3039       0       0
        160                  1993                  1993             1.9663525E-02         1.0000000E+30                 8       
 NEXT SEEDS: 24F635E       0       0       0       0       0      37    3039       0       0
        200                  1953                  1953             2.0314879E-02         1.0000000E+30                10       
 NEXT SEEDS: 2F76510       0       0       0       0       0      37    3039       0       0
        240                  1913                  1913             1.9210692E-02         1.0000000E+30                13       
 NEXT SEEDS: 35C072F       0       0       0       0       0      37    3039       0       0
  Comptn_2: TXYZ:  0.99999999994367650       U,V,W  0.92753453555204146       0.21839162027745829       0.30328993635549750     
  *** Kaon: P_min > 1.5 GeV/c:           24   4.6874167291922140     
  *** Kaon: P_min > 1.5 GeV/c:           24   4.6873815991147518     
  *** Kaon: P_min > 1.5 GeV/c:           24   4.5384988744362085     
  *** Kaon: P_min > 1.5 GeV/c:           24   5.5261313186136771     
  *** Kbar: P_min > 1.8 GeV/c:           25   4.3750707574431980     
  *** Kbar: P_min > 1.8 GeV/c:           25   4.9902563488130038     
  *** Kbar: P_min > 1.8 GeV/c:           25   4.4904325231662412     
  *** Kbar: P_min > 1.8 GeV/c:           25   2.3261561839199336     
  *** Kbar: P_min > 1.8 GeV/c:           25   2.3252954187731931     
  *** Kbar: P_min > 1.8 GeV/c:           25   2.7200554277547164     
  *** Kaon: P_min > 1.5 GeV/c:           24   6.8806872000981825     
  *** Kaon: P_min > 1.5 GeV/c:           24   7.0905364431086157     
        280                  1873                  1873             2.0064725E-02         1.0000000E+30               223       
 NEXT SEEDS: 419802B       0       0       0       0       0      37    3039       0       0
        320                  1833                  1833             1.8903618E-02         1.0000000E+30               227       
 NEXT SEEDS: 4684F13       0       0       0       0       0      37    3039       0       0
        360                  1793                  1793             1.8681188E-02         1.0000000E+30               230       
 NEXT SEEDS: 4E474E9       0       0       0       0       0      37    3039       0       0
        400                  1753                  1753             1.7698771E-02         1.0000000E+30               241       
 NEXT SEEDS: 5252F91       0       0       0       0       0      37    3039       0       0
        440                  1713                  1713             1.7609771E-02         1.0000000E+30               242       
 NEXT SEEDS: 5A293E6       0       0       0       0       0      37    3039       0       0
        480                  1673                  1673             1.6790262E-02         1.0000000E+30               245       
 NEXT SEEDS: 5DC2752       0       0       0       0       0      37    3039       0       0
        520                  1633                  1633             1.6684287E-02         1.0000000E+30               246       
 NEXT SEEDS: 64D6F7A       0       0       0       0       0      37    3039       0       0
  *** Kaon: P_min > 1.5 GeV/c:           24   2.0106078131046079     
  *** Kaon: P_min > 1.5 GeV/c:           24   2.0101691375479493     
  *** Kaon: P_min > 1.5 GeV/c:           24   2.4141153682353322     
  *** Kaon: P_min > 1.5 GeV/c:           24   2.3823811106427484     
  *** Kaon: P_min > 1.5 GeV/c:           15   1.6934109506542436     
  *** Kbar: P_min > 1.8 GeV/c:           25   2.1479421199826190     
  *** Kaon: P_min > 1.5 GeV/c:           15   1.7740344008486821     
  *** Kaon: P_min > 1.5 GeV/c:           15   1.7816612184127607     
        560                  1593                  1593             1.7510621E-02         1.0000000E+30               386       
 NEXT SEEDS: 71D4279       0       0       0       0       0      37    3039       0       0
        600                  1553                  1553             1.6843913E-02         1.0000000E+30               387       
 NEXT SEEDS: 7554CE7       0       0       0       0       0      37    3039       0       0
  Comptn_2: TXYZ:   1.0000000000170812       U,V,W  0.96356380468269265      -0.12391373865815325      -0.23704467868790857     
        640                  1513                  1513             1.6584542E-02         1.0000000E+30               388       
 NEXT SEEDS: 7B3F9EC       0       0       0       0       0      37    3039       0       0
        680                  1473                  1473             1.6310666E-02         1.0000000E+30               388       
 NEXT SEEDS: 80E71CF       0       0       0       0       0      37    3039       0       0
        720                  1433                  1433             1.6278375E-02         1.0000000E+30               389       
 NEXT SEEDS: 883C81B       0       0       0       0       0      37    3039       0       0
        760                  1393                  1393             1.6242049E-02         1.0000000E+30               390       
 NEXT SEEDS: 8F47595       0       0       0       0       0      37    3039       0       0
        800                  1353                  1353             1.6003497E-02         1.0000000E+30               393       
 NEXT SEEDS: 94889D1       0       0       0       0       0      37    3039       0       0
        840                  1313                  1313             1.6526110E-02         1.0000000E+30               395       
 NEXT SEEDS: A102D9E       0       0       0       0       0      37    3039       0       0
        880                  1273                  1273             1.7007411E-02         1.0000000E+30               609       
 NEXT SEEDS: ADCB10C       0       0       0       0       0      37    3039       0       0
        920                  1233                  1233             1.7117954E-02         1.0000000E+30               699       
 NEXT SEEDS: B6DA822       0       0       0       0       0      37    3039       0       0
        960                  1193                  1193             1.6917409E-02         1.0000000E+30               699       
 NEXT SEEDS: BC6F71E       0       0       0       0       0      37    3039       0       0
       1000                  1153                  1153             1.6961608E-02         1.0000000E+30               705       
 NEXT SEEDS: C491FE6       0       0       0       0       0      37    3039       0       0
       1040                  1113                  1113             1.7228344E-02         1.0000000E+30               705       
 NEXT SEEDS: CFDEF48       0       0       0       0       0      37    3039       0       0
       1080                  1073                  1073             1.6904126E-02         1.0000000E+30               706       
 NEXT SEEDS: D3B9A21       0       0       0       0       0      37    3039       0       0
       1120                  1033                  1033             1.7507418E-02         1.0000000E+30               878       
 NEXT SEEDS: E2EBE4B       0       0       0       0       0      37    3039       0       0
       1160                   993                   993             1.7447267E-02         1.0000000E+30               879       
 NEXT SEEDS: EA1F678       0       0       0       0       0      37    3039       0       0
       1200                   953                   953             1.7408507E-02         1.0000000E+30               888       
 NEXT SEEDS: F1B2BE0       0       0       0       0       0      37    3039       0       0
       1240                   913                   913             1.7407491E-02         1.0000000E+30               889       
 NEXT SEEDS: F9CEC4B       0       0       0       0       0      37    3039       0       0
       1280                   873                   873             1.7499597E-02         1.0000000E+30               889       
 NEXT SEEDS:10336A96       0       0       0       0       0      37    3039       0       0
       1320                   833                   833             1.8165377E-02         1.0000000E+30              1054       
 NEXT SEEDS:115B51CF       0       0       0       0       0      37    3039       0       0
  Comptn_2: TXYZ:  0.99999999999825795       U,V,W  0.76027481509718875      -0.64121925688362325      -0.10401956608642138     
       1360                   793                   793             1.7914385E-02         1.0000000E+30              1055       
 NEXT SEEDS:11A22B5A       0       0       0       0       0      37    3039       0       0
       1400                   753                   753             1.7721061E-02         1.0000000E+30              1056       
 NEXT SEEDS:11F1D42E       0       0       0       0       0      37    3039       0       0
       1440                   713                   713             1.7579139E-02         1.0000000E+30              1060       
 NEXT SEEDS:124EF0D9       0       0       0       0       0      37    3039       0       0
       1480                   673                   673             1.8150457E-02         1.0000000E+30              1062       
 NEXT SEEDS:136E7076       0       0       0       0       0      37    3039       0       0
       1520                   633                   633             1.8050260E-02         1.0000000E+30              1064       
 NEXT SEEDS:13D67D21       0       0       0       0       0      37    3039       0       0
       1560                   593                   593             1.7761952E-02         1.0000000E+30              1066       
 NEXT SEEDS:14072E01       0       0       0       0       0      37    3039       0       0
       1600                   553                   553             1.7634968E-02         1.0000000E+30              1067       
 NEXT SEEDS:14657A31       0       0       0       0       0      37    3039       0       0
       1640                   513                   513             1.7487747E-02         1.0000000E+30              1075       
 NEXT SEEDS:14B8DCCF       0       0       0       0       0      37    3039       0       0
       1680                   473                   473             1.7475235E-02         1.0000000E+30              1158       
 NEXT SEEDS:1537181C       0       0       0       0       0      37    3039       0       0
       1720                   433                   433             1.7949368E-02         1.0000000E+30              1159       
 NEXT SEEDS:164FF0EA       0       0       0       0       0      37    3039       0       0
       1760                   393                   393             1.8246950E-02         1.0000000E+30              1159       
 NEXT SEEDS:173699D6       0       0       0       0       0      37    3039       0       0
       1800                   353                   353             1.8218665E-02         1.0000000E+30              1159       
 NEXT SEEDS:17B3A255       0       0       0       0       0      37    3039       0       0
       1840                   313                   313             1.8268726E-02         1.0000000E+30              1160       
 NEXT SEEDS:18485718       0       0       0       0       0      37    3039       0       0
  *** Hhflev: call to Hadriv !! ***  0.81791294109207269        3.5000000000000000        1.5688993852759983               13 T F T
       1880                   273                   273             1.8686893E-02         1.0000000E+30              1329       
 NEXT SEEDS:195ED63B       0       0       0       0       0      37    3039       0       0
       1920                   233                   233             1.8684355E-02         1.0000000E+30              1331       
 NEXT SEEDS:19E70BB5       0       0       0       0       0      37    3039       0       0
  Comptn_2: TXYZ:   1.0000000000015112       U,V,W  0.91449705001834380      -0.16873401537358745      -0.36772812996174764     
       1960                   193                   193             1.8921533E-02         1.0000000E+30              1335       
 NEXT SEEDS:1AC7C83E       0       0       0       0       0      37    3039       0       0
       2000                   153                   153             2.0014339E-02         1.0000000E+30              1492       
 NEXT SEEDS:1CE9B362       0       0       0       0       0      37    3039       0       0
       2040                   113                   113             1.9872813E-02         1.0000000E+30              1507       
 NEXT SEEDS:1D471ADE       0       0       0       0       0      37    3039       0       0
       2080                    73                    73             1.9649553E-02         1.0000000E+30              1508       
 NEXT SEEDS:1D835E74       0       0       0       0       0      37    3039       0       0
       2103                    50                    50             1.9499704E-02         1.0000000E+30              1509       
 NEXT SEEDS:1D9ACC66       0       0       0       0       0      37    3039       0       0
       2104                    49                    49             1.9490497E-02         1.0000000E+30              1509       
 NEXT SEEDS:1D9ACC81       0       0       0       0       0      37    3039       0       0
       2105                    48                    48             1.9481291E-02         1.0000000E+30              1509       
 NEXT SEEDS:1D9ACC85       0       0       0       0       0      37    3039       0       0
       2106                    47                    47             1.9479141E-02         1.0000000E+30              1509       
 NEXT SEEDS:1D9D6B49       0       0       0       0       0      37    3039       0       0
       2107                    46                    46             1.9477696E-02         1.0000000E+30              1509       
 NEXT SEEDS:1DA07A34       0       0       0       0       0      37    3039       0       0
       2108                    45                    45             1.9472591E-02         1.0000000E+30              1510       
 NEXT SEEDS:1DA1E78E       0       0       0       0       0      37    3039       0       0
       2109                    44                    44             1.9463519E-02         1.0000000E+30              1510       
 NEXT SEEDS:1DA1F046       0       0       0       0       0      37    3039       0       0
       2110                    43                    43             1.9455307E-02         1.0000000E+30              1510       
 NEXT SEEDS:1DA24A09       0       0       0       0       0      37    3039       0       0
       2111                    42                    42             1.9456673E-02         1.0000000E+30              1510       
 NEXT SEEDS:1DA681CD       0       0       0       0       0      37    3039       0       0
       2112                    41                    41             1.9453655E-02         1.0000000E+30              1510       
 NEXT SEEDS:1DA8D870       0       0       0       0       0      37    3039       0       0
       2113                    40                    40             1.9444506E-02         1.0000000E+30              1510       
 NEXT SEEDS:1DA8D874       0       0       0       0       0      37    3039       0       0
       2114                    39                    39             1.9435411E-02         1.0000000E+30              1510       
 NEXT SEEDS:1DA8DC15       0       0       0       0       0      37    3039       0       0
       2115                    38                    38             1.9433099E-02         1.0000000E+30              1510       
 NEXT SEEDS:1DAB9E11       0       0       0       0       0      37    3039       0       0
       2116                    37                    37             1.9423979E-02         1.0000000E+30              1510       
 NEXT SEEDS:1DAB9E25       0       0       0       0       0      37    3039       0       0
       2117                    36                    36             1.9423417E-02         1.0000000E+30              1510       
 NEXT SEEDS:1DAF0725       0       0       0       0       0      37    3039       0       0
       2118                    35                    35             1.9414302E-02         1.0000000E+30              1510       
 NEXT SEEDS:1DAF0729       0       0       0       0       0      37    3039       0       0
       2119                    34                    34             1.9405401E-02         1.0000000E+30              1510       
 NEXT SEEDS:1DAF191B       0       0       0       0       0      37    3039       0       0
       2120                    33                    33             1.9407871E-02         1.0000000E+30              1510       
 NEXT SEEDS:1DB390CD       0       0       0       0       0      37    3039       0       0
       2121                    32                    32             1.9398780E-02         1.0000000E+30              1510       
 NEXT SEEDS:1DB390D1       0       0       0       0       0      37    3039       0       0
       2122                    31                    31             1.9389694E-02         1.0000000E+30              1510       
 NEXT SEEDS:1DB390E8       0       0       0       0       0      37    3039       0       0
       2123                    30                    30             1.9389916E-02         1.0000000E+30              1510       
 NEXT SEEDS:1DB75594       0       0       0       0       0      37    3039       0       0
       2124                    29                    29             1.9380849E-02         1.0000000E+30              1510       
 NEXT SEEDS:1DB755A7       0       0       0       0       0      37    3039       0       0
       2125                    28                    28             1.9371779E-02         1.0000000E+30              1510       
 NEXT SEEDS:1DB755AB       0       0       0       0       0      37    3039       0       0
       2126                    27                    27             1.9363242E-02         1.0000000E+30              1510       
 NEXT SEEDS:1DB7849E       0       0       0       0       0      37    3039       0       0
       2127                    26                    26             1.9367910E-02         1.0000000E+30              1510       
 NEXT SEEDS:1DBCE81C       0       0       0       0       0      37    3039       0       0
       2128                    25                    25             1.9358866E-02         1.0000000E+30              1510       
 NEXT SEEDS:1DBCE820       0       0       0       0       0      37    3039       0       0
       2129                    24                    24             1.9349823E-02         1.0000000E+30              1510       
 NEXT SEEDS:1DBCE824       0       0       0       0       0      37    3039       0       0
       2130                    23                    23             1.9340791E-02         1.0000000E+30              1510       
 NEXT SEEDS:1DBCE828       0       0       0       0       0      37    3039       0       0
       2131                    22                    22             1.9341997E-02         1.0000000E+30              1510       
 NEXT SEEDS:1DC11538       0       0       0       0       0      37    3039       0       0
       2132                    21                    21             1.9346160E-02         1.0000000E+30              1510       
 NEXT SEEDS:1DC63AB1       0       0       0       0       0      37    3039       0       0
       2133                    20                    20             1.9337147E-02         1.0000000E+30              1510       
 NEXT SEEDS:1DC63AB5       0       0       0       0       0      37    3039       0       0
       2134                    19                    19             1.9328134E-02         1.0000000E+30              1510       
 NEXT SEEDS:1DC63AB9       0       0       0       0       0      37    3039       0       0
       2135                    18                    18             1.9332333E-02         1.0000000E+30              1510       
 NEXT SEEDS:1DCB86EA       0       0       0       0       0      37    3039       0       0
       2136                    17                    17             1.9323336E-02         1.0000000E+30              1510       
 NEXT SEEDS:1DCB86EE       0       0       0       0       0      37    3039       0       0
       2137                    16                    16             1.9369151E-02         1.0000000E+30              1510       
 NEXT SEEDS:1DE171C2       0       0       0       0       0      37    3039       0       0
       2138                    15                    15             1.9360150E-02         1.0000000E+30              1510       
 NEXT SEEDS:1DE171C6       0       0       0       0       0      37    3039       0       0
       2139                    14                    14             1.9353264E-02         1.0000000E+30              1510       
 NEXT SEEDS:1DE21D83       0       0       0       0       0      37    3039       0       0
       2140                    13                    13             1.9344677E-02         1.0000000E+30              1510       
 NEXT SEEDS:1DE23ABC       0       0       0       0       0      37    3039       0       0
       2141                    12                    12             1.9339214E-02         1.0000000E+30              1510       
 NEXT SEEDS:1DE38D82       0       0       0       0       0      37    3039       0       0
       2142                    11                    11             1.9348655E-02         1.0000000E+30              1510       
 NEXT SEEDS:1DEA91F7       0       0       0       0       0      37    3039       0       0
       2143                    10                    10             1.9353066E-02         1.0000000E+30              1510       
 NEXT SEEDS:1DEFD4E8       0       0       0       0       0      37    3039       0       0
       2144                     9                     9             1.9344095E-02         1.0000000E+30              1510       
 NEXT SEEDS:1DEFD4EC       0       0       0       0       0      37    3039       0       0
       2145                     8                     8             1.9335128E-02         1.0000000E+30              1510       
 NEXT SEEDS:1DEFD4F0       0       0       0       0       0      37    3039       0       0
       2146                     7                     7             1.9338648E-02         1.0000000E+30              1510       
 NEXT SEEDS:1DF4D80A       0       0       0       0       0      37    3039       0       0
       2147                     6                     6             1.9349731E-02         1.0000000E+30              1510       
 NEXT SEEDS:1DFCFB2D       0       0       0       0       0      37    3039       0       0
       2148                     5                     5             1.9340783E-02         1.0000000E+30              1510       
 NEXT SEEDS:1DFCFB45       0       0       0       0       0      37    3039       0       0
       2149                     4                     4             1.9342618E-02         1.0000000E+30              1510       
 NEXT SEEDS:1E00FC1F       0       0       0       0       0      37    3039       0       0
       2150                     3                     3             1.9375720E-02         1.0000000E+30              1510       
 NEXT SEEDS:1E120748       0       0       0       0       0      37    3039       0       0
       2151                     2                     2             1.9366776E-02         1.0000000E+30              1510       
 NEXT SEEDS:1E12075C       0       0       0       0       0      37    3039       0       0
       2152                     1                     1             1.9357833E-02         1.0000000E+30              1510       
 NEXT SEEDS:1E120773       0       0       0       0       0      37    3039       0       0
       2153                     0                     1             1.9348890E-02         1.0000000E+30              1510       
 NEXT SEEDS:1E120777       0       0       0       0       0      37    3039       0       0
