1NUMBER OF BEAM       NUMBER OF BEAM        APPROXIMATE NUMBER    AVERAGE TIME USED     TIME LEFT (RESERVED   NUMBER OF STARS
 PARTICLES HANDLED    PARTICLES LEFT        OF BEAM PARTICLES     BY A BEAM PARTICLE     10000.0 SECONDS      CREATED
                                            THAT CAN STILL BE                           FOR PRINTOUT)
                                            HANDLED

 NEXT SEEDS:2855EDE0      1A       0       0       0       0      34    3039       0       0
          1                  2846                  2846             8.2015991E-05         1.0000000E+30                 0       
 NEXT SEEDS:2855EDE4      1A       0       0       0       0      34    3039       0       0
  Comptn_2: TXYZ:  0.99999999999888578       U,V,W  0.10720545192940101      -0.32105164141282216      -0.94097440699608370     
         50                  2797                  2797             3.1529602E-01         1.0000000E+30                10       
 NEXT SEEDS:337B5B0B      1A       0       0       0       0      34    3039       0       0
  Comptn_2: TXYZ:  0.99999999999888167       U,V,W -0.32964795870933017       0.93538697927755265       0.12799774340068915     
  Comptn_2: TXYZ:   1.0000000000019624       U,V,W  0.45504578703564391      -0.17751143390678692      -0.87259556641976488     
  *** Kaon: P_min > 1.5 GeV/c:           15   15.467280280779272     
  *** Kaon: P_min > 1.5 GeV/c:           15   16.895865524451214     
  *** Kaon: P_min > 1.5 GeV/c:           24   3.3440062814792197     
  *** Kaon: P_min > 1.5 GeV/c:           24   4.4388639711000391     
  *** Kaon: P_min > 1.5 GeV/c:           15   2.4027227772509470     
  Comptn_2: TXYZ:  0.99999999999893485       U,V,W  0.79108648581004459      -0.27720598317216982      -0.54528801092743606     
  *** Kaon: P_min > 1.5 GeV/c:           15   1.5386799883582325     
  *** Kbar: P_min > 1.8 GeV/c:           25   12.161534485286431     
  *** Kbar: P_min > 1.8 GeV/c:           25   12.665518040384656     
  *** Kbar: P_min > 1.8 GeV/c:           25   12.459494634416203     
  *** Kbar: P_min > 1.8 GeV/c:           25   10.366946387133359     
  *** Kbar: P_min > 1.8 GeV/c:           25   10.382374994160200     
  *** Kaon: P_min > 1.5 GeV/c:           15   1.9052395496748493     
  *** Kaon: P_min > 1.5 GeV/c:           15   1.5284804543187513     
  *** Kaon: P_min > 1.5 GeV/c:           15   1.9616191743948435     
  *** Kaon: P_min > 1.5 GeV/c:           24   11.136927211827674     
  *** Kaon: P_min > 1.5 GeV/c:           24   11.170696363687098     
  *** Kaon: P_min > 1.5 GeV/c:           24   3.1822880783599170     
  *** Kaon: P_min > 1.5 GeV/c:           24   2.7765110574615210     
  *** Kbar: P_min > 1.8 GeV/c:           25   3.1809465401929131     
  *** Kbar: P_min > 1.8 GeV/c:           25   2.6884216839146871     
        100                  2747                  2747             4.9202507E-01         1.0000000E+30               436       
 NEXT SEEDS: F63D181      1B       0       0       0       0      34    3039       0       0
  Comptn_2: TXYZ:   1.0000000000049509       U,V,W -0.87909037999333606       0.40860849120928844      -0.24543676317901486     
  Comptn_2: TXYZ:   1.0000000000046874       U,V,W   7.9363436974404067E-002 -0.47043850513241736       0.87885667646384391     
        150                  2697                  2697             4.9124112E-01         1.0000000E+30               438       
 NEXT SEEDS:204961CD      1B       0       0       0       0      34    3039       0       0
  Comptn_2: TXYZ:  0.99999999998984668       U,V,W -0.57449014413026589       0.74185148451410754      -0.34585755624425474     
  Comptn_2: TXYZ:  0.99999999999849087       U,V,W  0.19132424373010792      -0.94155712236070954       0.27724577380261906     
  Comptn_2: TXYZ:   1.0000000000016089       U,V,W  0.17550118790413549      -0.97164074273294609      -0.15847271092277992     
  Comptn_2: TXYZ:   1.0000000000011873       U,V,W -0.36392431222328625      -0.92962504699833381       -5.7934160625151776E-002
        200                  2647                  2647             4.4087789E-01         1.0000000E+30               496       
 NEXT SEEDS:2A5A83E4      1B       0       0       0       0      34    3039       0       0
  Comptn_2: TXYZ:   1.0000000000015745       U,V,W  0.62171470475598767        1.4130425981258132E-002  0.78311631125480829     
  Comptn_2: TXYZ:   1.0000000000010225       U,V,W -0.43045397828574394       0.75466933890389787       0.49516013722567820     
  Comptn_2: TXYZ:   1.0000000000712648       U,V,W  0.78706710588511442       0.38677944158359878      -0.48054868064866696     
        250                  2597                  2597             4.2144585E-01         1.0000000E+30               508       
 NEXT SEEDS:364A1129      1B       0       0       0       0      34    3039       0       0
  Comptn_2: TXYZ:   1.0000000000027116       U,V,W  0.26634392019433051      -0.91756626243843087       0.29518311302138578     
  Comptn_2: TXYZ:   1.0000000000099241       U,V,W -0.40964118964193474      -0.13349257440509632       0.90242663321588878     
        300                  2547                  2547             4.0786777E-01         1.0000000E+30               589       
 NEXT SEEDS: 69193D8      1C       0       0       0       0      34    3039       0       0
  Comptn_2: TXYZ:  0.99999999999502265       U,V,W  0.95798764989455520      -0.23087644461435275      -0.17016383272236624     
  Comptn_2: TXYZ:   1.0000000000012190       U,V,W   9.9618094287656334E-002 -0.98102798745335740       0.16631392943746448     
        350                  2497                  2497             3.8819819E-01         1.0000000E+30               590       
 NEXT SEEDS: FEDD993      1C       0       0       0       0      34    3039       0       0
        400                  2447                  2447             3.6456183E-01         1.0000000E+30               601       
 NEXT SEEDS:16EC8443      1C       0       0       0       0      34    3039       0       0
  Comptn_2: TXYZ:  0.99999999999828448       U,V,W  0.70497294497741336       0.57197644397627112      -0.41935199341891405     
  Comptn_2: TXYZ:   1.0000000000011127       U,V,W -0.93031131723369853       0.36397356501179523       -4.5211690972777774E-002
        450                  2397                  2397             3.4877240E-01         1.0000000E+30               606       
 NEXT SEEDS:1EBE5265      1C       0       0       0       0      34    3039       0       0
  Comptn_2: TXYZ:  0.99999999998933020       U,V,W -0.72299669330263683       0.25671576312177535      -0.64138350339526795     
  Comptn_2: TXYZ:   1.0000000000035452       U,V,W  0.15000503795592124       -7.4139946086404507E-003  0.98865743373290371     
  Comptn_2: TXYZ:   1.0000000000031228       U,V,W  0.38949949036337728       0.61775850570186819      -0.68312852058949147     
        500                  2347                  2347             3.7626177E-01         1.0000000E+30               792       
 NEXT SEEDS:351526D8      1C       0       0       0       0      34    3039       0       0
  Comptn_2: TXYZ:  0.99999999999268585       U,V,W -0.46512992652028884        3.5826686837424404E-002 -0.88451715639560646     
  Comptn_2: TXYZ:  0.99999999999802702       U,V,W  0.55471352471113633      -0.74188821402334071      -0.37668923981689773     
  Comptn_2: TXYZ:  0.99999999999879974       U,V,W  0.89840645422808407      -0.21133017495931483      -0.38497454481015581     
  Comptn_2: TXYZ:  0.99999999999703948       U,V,W -0.79925975146387884      -0.59953950428003111        4.1668123242985189E-002
        550                  2297                  2297             3.9113697E-01         1.0000000E+30              1903       
 NEXT SEEDS: CBDA6FD      1D       0       0       0       0      34    3039       0       0
  Comptn_2: TXYZ:   1.0000000000027376       U,V,W  -4.9712864970487658E-002 -0.99422218774482174       -9.5136073363704554E-002
  Comptn_2: TXYZ:  0.99999999999896860       U,V,W   8.3264621553374996E-004 -0.98151235548536775       0.19139697680165568     
        600                  2247                  2247             3.8358001E-01         1.0000000E+30              1972       
 NEXT SEEDS:172F9E30      1D       0       0       0       0      34    3039       0       0
  Comptn_2: TXYZ:   1.0000000000010554       U,V,W -0.21185147869670118       0.94346582426139203       0.25493369613656114     
  Comptn_2: TXYZ:   1.0000000000026261       U,V,W  0.31690767097364869      -0.76755575831841405      -0.55716037722807243     
  Comptn_2: TXYZ:  0.99999999999879663       U,V,W -0.36718742378232605       0.49628231523352895      -0.78668752335431336     
  Comptn_2: TXYZ:  0.99999999999851563       U,V,W -0.67261474256731901      -0.73545331989793539        8.1840224405361539E-002
        650                  2197                  2197             3.8823760E-01         1.0000000E+30              1976       
 NEXT SEEDS:26BD6EC6      1D       0       0       0       0      34    3039       0       0
  Comptn_2: TXYZ:  0.99999999992052324       U,V,W  0.45205687391830907      -0.46767274980942375       0.75955696412410134     
        700                  2147                  2147             3.7922794E-01         1.0000000E+30              2116       
 NEXT SEEDS:2FF60933      1D       0       0       0       0      34    3039       0       0
  Comptn_2: TXYZ:   1.0000000000021196       U,V,W -0.49401675003697676       0.68064614319247596       0.54098824242512933     
        750                  2097                  2097             3.8472993E-01         1.0000000E+30              2116       
 NEXT SEEDS: 436EA36      1E       0       0       0       0      34    3039       0       0
  Comptn_2: TXYZ:  0.99999999999853639       U,V,W -0.95313581893161503       0.24404954692614211      -0.17880696103127747     
  Comptn_2: TXYZ:   1.0000000000064664       U,V,W  0.31315895296799567       0.61398484307844114      -0.72453715063645774     
  Comptn_2: TXYZ:  0.99999999999829536       U,V,W -0.46854027567338008      -0.49729496923418992      -0.73018334933397000     
  Comptn_2: TXYZ:  0.99999999999780154       U,V,W  0.87284803805228961       0.11191055868039257       0.47498666225686037     
  Comptn_2: TXYZ:  0.99999999999730826       U,V,W  0.99956060541232050       -1.3154069510790123E-002  -2.6562502901060769E-002
        800                  2047                  2047             3.8389339E-01         1.0000000E+30              2121       
 NEXT SEEDS:113119B1      1E       0       0       0       0      34    3039       0       0
  Comptn_2: TXYZ:   1.0000000000010654       U,V,W -0.35620032953876546      -0.75304169685927391      -0.55321743286780611     
        850                  1997                  1997             3.7412041E-01         1.0000000E+30              2124       
 NEXT SEEDS:18CC01B1      1E       0       0       0       0      34    3039       0       0
  Comptn_2: TXYZ:   1.0000000000058460       U,V,W  -6.0758116524823436E-002  0.57447378004159333       0.81626486346462634     
  Comptn_2: TXYZ:  0.99999999999881140       U,V,W -0.60062638898267551      -0.66283711070106222       0.44709608087514141     
        900                  1947                  1947             3.7921183E-01         1.0000000E+30              2143       
 NEXT SEEDS:295FFCBC      1E       0       0       0       0      34    3039       0       0
  Comptn_2: TXYZ:  0.99999999999735445       U,V,W -0.82017437781563274       0.11748203983563243      -0.55992138759664556     
  Comptn_2: TXYZ:   1.0000000000874627       U,V,W -0.77764665750027007       0.57183184851498936      -0.26129296429496662     
  Comptn_2: TXYZ:   1.0000000000011635       U,V,W -0.78435479157596788       0.46243608724968155       0.41344942392291273     
  Comptn_2: TXYZ:  0.99999999999791878       U,V,W -0.18343447293084125      -0.96655639860292020      -0.17922199211663781     
        950                  1897                  1897             3.8430590E-01         1.0000000E+30              2152       
 NEXT SEEDS:3A4553E9      1E       0       0       0       0      34    3039       0       0
  Comptn_2: TXYZ:  0.99999999999768341       U,V,W -0.52071917083618757      -0.69457757885657578       0.49640057621954270     
       1000                  1847                  1847             3.8982058E-01         1.0000000E+30              2157       
 NEXT SEEDS:10BCC810      1F       0       0       0       0      34    3039       0       0
  Comptn_2: TXYZ:  0.99999999999892586       U,V,W  0.20244946053173152      -0.86731772594361445       0.45472428810580823     
  Comptn_2: TXYZ:  0.99999999999828371       U,V,W   2.8390960731087489E-002   3.4265241397937629E-002  0.99900943267768527     
  Comptn_2: TXYZ:  0.99999999999258649       U,V,W  0.52998161633686891       0.24383287920599628       0.81219764426872132     
  Comptn_2: TXYZ:   1.0000000000237510       U,V,W  0.98768938512561277       -1.9972338558375213E-002 -0.15514762075665089     
       1050                  1797                  1797             3.8296462E-01         1.0000000E+30              2168       
 NEXT SEEDS:1989C9EA      1F       0       0       0       0      34    3039       0       0
       1100                  1747                  1747             3.7583229E-01         1.0000000E+30              2180       
 NEXT SEEDS:218089B6      1F       0       0       0       0      34    3039       0       0
       1150                  1697                  1697             3.7873060E-01         1.0000000E+30              2185       
 NEXT SEEDS:313BD8D3      1F       0       0       0       0      34    3039       0       0
  Comptn_2: TXYZ:  0.99999999999835976       U,V,W  0.70215811832075037       0.58822083484466248       0.40121094991197737     
       1200                  1647                  1647             3.8546086E-01         1.0000000E+30              2189       
 NEXT SEEDS: 884AC0A      20       0       0       0       0      34    3039       0       0
  Comptn_2: TXYZ:  0.99999999999709077       U,V,W  0.82701105594147251       0.48719797605414783       0.28051888613140363     
  Comptn_2: TXYZ:  0.99999999993223043       U,V,W   9.7566981083616611E-003  0.86388056816713288      -0.50360219490931968     
  Comptn_2: TXYZ:  0.99999999999671862       U,V,W  0.61962271182639483       0.33405762877009693      -0.71026276521166665     
       1250                  1597                  1597             3.9531430E-01         1.0000000E+30              2241       
 NEXT SEEDS:1F461850      20       0       0       0       0      34    3039       0       0
  Comptn_2: TXYZ:   1.0000000000015274       U,V,W -0.47048516137598861        1.4706133824439860E-002 -0.88228535211374504     
       1300                  1547                  1547             3.8815756E-01         1.0000000E+30              2247       
 NEXT SEEDS:26C10A65      20       0       0       0       0      34    3039       0       0
  Comptn_2: TXYZ:  0.99999999999899769       U,V,W  -2.6524031873577769E-002  0.79372180662335268       0.60770236911067599     
  Comptn_2: TXYZ:  0.99999999996560840       U,V,W  0.92092521270419070      -0.14743257960401479       0.36077747579727770     
  Comptn_2: TXYZ:   1.0000000000056029       U,V,W -0.92393722124735689       0.36959638451421029       -9.8683958946423900E-002
  Comptn_2: TXYZ:   1.0000000000021678       U,V,W -0.53989870014755326       0.59573698763924199       0.59464849713059209     
       1350                  1497                  1497             3.9008187E-01         1.0000000E+30              2295       
 NEXT SEEDS:36A1561D      20       0       0       0       0      34    3039       0       0
  Comptn_2: TXYZ:   1.0000000000071037       U,V,W -0.87308858632961517      -0.33577835047222493       0.35350985811177793     
  Comptn_2: TXYZ:  0.99999999999868638       U,V,W  0.52359562715079733      -0.81149179088320267      -0.25947773036702415     
       1400                  1447                  1447             3.8916652E-01         1.0000000E+30              2887       
 NEXT SEEDS: 7E25C52      21       0       0       0       0      34    3039       0       0
  Comptn_2: TXYZ:   1.0000000000021643       U,V,W  -8.6559266457967965E-002  0.64529513864215815       0.75901362137791750     
  Comptn_2: TXYZ:   1.0000000000036249       U,V,W  0.16586103495951932      -0.43168580429356496      -0.88664394401428126     
       1450                  1397                  1397             3.8746056E-01         1.0000000E+30              2900       
 NEXT SEEDS:13E9A85E      21       0       0       0       0      34    3039       0       0
  Comptn_2: TXYZ:  0.99999999999842870       U,V,W -0.36210675979094564        7.2415801948650937E-002 -0.92931945322384424     
  Comptn_2: TXYZ:   1.0000000000013574       U,V,W -0.17237503738115123       0.87439162730628084      -0.45357042296194550     
       1500                  1347                  1347             3.9100639E-01         1.0000000E+30              2931       
 NEXT SEEDS:25A82D35      21       0       0       0       0      34    3039       0       0
  Comptn_2: TXYZ:  0.99999999999697220       U,V,W   7.5387851503087688E-002  0.68866578306495541      -0.72114916007595298     
       1550                  1297                  1297             3.8735154E-01         1.0000000E+30              2954       
 NEXT SEEDS:2F8E9086      21       0       0       0       0      34    3039       0       0
  *** Hhflev: call to Hadriv !! ***  0.77539206358759083        3.5000000000000000        1.5421659920752200               13 T F T
  Comptn_2: TXYZ:   1.0000000000448768       U,V,W  -3.0901008711992972E-002  0.53244146875897513       0.84590260080652513     
  Comptn_2: TXYZ:  0.99999999999209399       U,V,W  0.31037892654086363       0.34852488791818104       0.88441807108010551     
       1600                  1247                  1247             3.9914932E-01         1.0000000E+30              4678       
 NEXT SEEDS: EB6AB39      22       0       0       0       0      34    3039       0       0
  Comptn_2: TXYZ:   1.0000000000025981       U,V,W  0.26498770166821828      -0.76690054731066393       0.58450412188606293     
  Comptn_2: TXYZ:   1.0000000000021085       U,V,W  -5.0506187453045470E-002  0.94200535150638132      -0.33177559097137532     
  Comptn_2: TXYZ:   1.0000000000021878       U,V,W -0.23640525942404622      -0.19086579759463065      -0.95272388477848224     
       1650                  1197                  1197             4.1004587E-01         1.0000000E+30              4783       
 NEXT SEEDS:2A4C8809      22       0       0       0       0      34    3039       0       0
  Comptn_2: TXYZ:  0.99999999999896239       U,V,W  0.57780727819521260       0.15138213657455424      -0.80201134529988138     
  Comptn_2: TXYZ:   1.0000000000019589       U,V,W  0.92748412361483545       0.25629327838121441       0.27218919137428799     
  Comptn_2: TXYZ:   1.0000000000018336       U,V,W -0.79571844200182962      -0.29583943317658878      -0.52849899795342026     
  Comptn_2: TXYZ:   1.0000000000011771       U,V,W  0.29235084086020535       -3.4741143214901626E-002 -0.95567988302445173     
       1700                  1147                  1147             4.0966380E-01         1.0000000E+30              4789       
 NEXT SEEDS:388B1863      22       0       0       0       0      34    3039       0       0
  Comptn_2: TXYZ:   1.0000000000013733       U,V,W  0.99125181317121713        6.5173153089084224E-002  0.11477065392588282     
       1750                  1097                  1097             4.0977110E-01         1.0000000E+30              4795       
 NEXT SEEDS: B9AB3BA      23       0       0       0       0      34    3039       0       0
  Comptn_2: TXYZ:  0.99999999999748401       U,V,W  0.74195525154064512       0.21879509241985318       0.63374372757584752     
       1800                  1047                  1047             4.1012332E-01         1.0000000E+30              4808       
 NEXT SEEDS:1AB68917      23       0       0       0       0      34    3039       0       0
  Comptn_2: TXYZ:  0.99999999999826006       U,V,W  0.59184926993906828        9.5612984662132305E-002 -0.80035779426132336     
  Comptn_2: TXYZ:   1.0000000000020450       U,V,W   1.7133263949219213E-002  0.99764172842262266       -6.6463771924361481E-002
  Comptn_2: TXYZ:  0.99999999999621259       U,V,W  -6.8795402664989069E-002 -0.87227663286559931      -0.48414942768222602     
       1850                   997                   997             4.0531200E-01         1.0000000E+30              4831       
 NEXT SEEDS:2306B9F4      23       0       0       0       0      34    3039       0       0
  Comptn_2: TXYZ:  0.99999999999862688       U,V,W  0.39942621429000269      -0.13015870254846629      -0.90747860111822121     
  Comptn_2: TXYZ:   1.0000000000010105       U,V,W -0.65087086967065066       0.37204789851770670       0.66177599852498403     
       1900                   947                   947             4.0604203E-01         1.0000000E+30              4835       
 NEXT SEEDS:329F9D5A      23       0       0       0       0      34    3039       0       0
  Comptn_2: TXYZ:  0.99999999998537847       U,V,W -0.11520312737945915      -0.51452527268483550       0.84970111403714554     
  Comptn_2: TXYZ:   1.0000000000010931       U,V,W  0.41236088198260568      -0.33625017224417775      -0.84669612298473496     
  Comptn_2: TXYZ:   1.0000000000067866       U,V,W  0.32866636654992476       0.88891705381103336       0.31906878717538234     
  Comptn_2: TXYZ:  0.99999999999647504       U,V,W -0.21210711829192769       0.93757278794225840       0.27562263636455953     
  Comptn_2: TXYZ:   1.0000000000010674       U,V,W  -4.3629132431703965E-003  0.99418119115576498      -0.10763235638600577     
  Comptn_2: TXYZ:  0.99999999999831168       U,V,W  0.27722887025797860       0.77197465771227414      -0.57201335766205119     
  Comptn_2: TXYZ:   1.0000000000066500       U,V,W -0.56960386602837332      -0.81441090078982370      -0.11084367589938893     
  Comptn_2: TXYZ:   1.0000000000178420       U,V,W -0.90177244464631245       0.26699267139588301       0.33988435020657448     
       1950                   897                   897             4.1532614E-01         1.0000000E+30              4840       
 NEXT SEEDS:12B9B1EF      24       0       0       0       0      34    3039       0       0
  Comptn_2: TXYZ:  0.99999999999657685       U,V,W -0.22985255722366560      -0.32044909158972246       0.91895602812846278     
       2000                   847                   847             4.1960418E-01         1.0000000E+30              4843       
 NEXT SEEDS:277634D3      24       0       0       0       0      34    3039       0       0
  Comptn_2: TXYZ:  0.99999999999879174       U,V,W  0.84248685690354108      -0.47813095814268536       0.24820693545737527     
  Comptn_2: TXYZ:   1.0000000000021649       U,V,W -0.10650196389742916       0.72594006611270845      -0.67946181062693434     
  Comptn_2: TXYZ:   1.0000000000010609       U,V,W  0.74217458122674529       -7.2790203407549825E-002  0.66624205606510145     
       2050                   797                   797             4.1891601E-01         1.0000000E+30              4844       
 NEXT SEEDS:35B6D64D      24       0       0       0       0      34    3039       0       0
  Comptn_2: TXYZ:  0.99999999999862921       U,V,W  0.94820329142950754       0.29149049728776077       0.12626879310348826     
  Comptn_2: TXYZ:   1.0000000000034484       U,V,W -0.25119734216767764       0.35180643593531613       0.90173839162244462     
       2100                   747                   747             4.1570772E-01         1.0000000E+30              4861       
 NEXT SEEDS: 42C70F1      25       0       0       0       0      34    3039       0       0
  Comptn_2: TXYZ:   1.0000000000046192       U,V,W  0.58219421113685144      -0.60084736498170344      -0.54775208307947310     
  Comptn_2: TXYZ:  0.99999999998310951       U,V,W  -1.1869416716365322E-002 -0.72255687155362913      -0.69120958059083293     
  Comptn_2: TXYZ:  0.99999999999434575       U,V,W   7.5637653304980290E-002  0.78003461105689809      -0.62114809099777091     
  Comptn_2: TXYZ:  0.99999999999849276       U,V,W  0.97912713644896865       0.17518948295899861       0.10304705589338425     
  Comptn_2: TXYZ:   1.0000000000014797       U,V,W  0.49846294109686085      -0.70932480384081487       0.49839042828964608     
  Comptn_2: TXYZ:  0.99999999999813027       U,V,W  0.44793763687616917       0.32349109762172645       0.83348988189864315     
  Comptn_2: TXYZ:   1.0000000000012228       U,V,W -0.12921313228901177      -0.97731452113639961      -0.16781028937825937     
  Comptn_2: TXYZ:   1.0000000000014089       U,V,W -0.72900826142564412       0.20164806683877146       0.65412920123990403     
       2150                   697                   697             4.2552430E-01         1.0000000E+30              6057       
 NEXT SEEDS:219D190B      25       0       0       0       0      34    3039       0       0
  Comptn_2: TXYZ:   1.0000000000012257       U,V,W -0.54106244092948685       0.37255728528911902      -0.75395789285254722     
  Comptn_2: TXYZ:   1.0000000000026046       U,V,W  0.47649150020337316       0.45097188679748967       0.75470537798193504     
  Comptn_2: TXYZ:   1.0000000000012748       U,V,W   9.8609610560167482E-002 -0.91497955357760397      -0.39126533355432258     
  Comptn_2: TXYZ:   1.0000000000066382       U,V,W  0.31848771903459294      -0.76891670792379330      -0.55437592760365817     
       2200                   647                   647             4.2242190E-01         1.0000000E+30              6058       
 NEXT SEEDS:2BF80570      25       0       0       0       0      34    3039       0       0
       2250                   597                   597             4.1937006E-01         1.0000000E+30              6061       
 NEXT SEEDS:3613F2B0      25       0       0       0       0      34    3039       0       0
  Comptn_2: TXYZ:  0.99999999999749134       U,V,W -0.16281180183815280       0.88984623538890162      -0.42622293995502503     
  Comptn_2: TXYZ:  0.99999999999807465       U,V,W  0.63647015588033184       0.29745110890602433      -0.71163795463867530     
  Comptn_2: TXYZ:   1.0000000000010751       U,V,W  -8.7349321256968704E-002 -0.97645902727443001       0.19722541451672981     
  Comptn_2: TXYZ:   1.0000000000065568       U,V,W -0.91247368993422384      -0.36104225706370485       0.19245844694043512     
       2300                   547                   547             4.1953555E-01         1.0000000E+30              6067       
 NEXT SEEDS: A1044D8      26       0       0       0       0      34    3039       0       0
  Comptn_2: TXYZ:  0.99999999999867639       U,V,W -0.29090540946894805      -0.66959523600570847      -0.68338588122585597     
  Comptn_2: TXYZ:  0.99999999999880729       U,V,W -0.93402967185927110       0.30323514751022174       0.18877769306706682     
  Comptn_2: TXYZ:   1.0000000000048048       U,V,W -0.45357033889013110       0.56384120422953288       0.69018623870437068     
       2350                   497                   497             4.1790086E-01         1.0000000E+30              6079       
 NEXT SEEDS:165F5453      26       0       0       0       0      34    3039       0       0
  Comptn_2: TXYZ:   1.0000000000082951       U,V,W  0.13790172968339220      -0.69469180638453842      -0.70596487667646102     
       2400                   447                   447             4.1431445E-01         1.0000000E+30              6101       
 NEXT SEEDS:1F15B4BA      26       0       0       0       0      34    3039       0       0
       2450                   397                   397             4.1023101E-01         1.0000000E+30              6150       
 NEXT SEEDS:26BE1BD3      26       0       0       0       0      34    3039       0       0
  Comptn_2: TXYZ:  0.99999999999874978       U,V,W -0.13747852903246383       0.99017971482499512        2.5372946279674125E-002
  Comptn_2: TXYZ:   1.0000000000022231       U,V,W  0.14552321902962895      -0.63440901798450255       0.75917599450023232     
  Comptn_2: TXYZ:  0.99999999999349765       U,V,W -0.18608116314506162       0.91747131529530013       0.35159662445249751     
       2500                   347                   347             4.1578828E-01         1.0000000E+30              6161       
 NEXT SEEDS: 44AAF5F      27       0       0       0       0      34    3039       0       0
  Comptn_2: TXYZ:   1.0000000000082223       U,V,W  0.56717922372674145       0.82059564531929041        7.0217626447856674E-002
       2550                   297                   297             4.1690961E-01         1.0000000E+30              6166       
 NEXT SEEDS:149FFB7E      27       0       0       0       0      34    3039       0       0
  Comptn_2: TXYZ:   1.0000000000016958       U,V,W -0.51503971596150677      -0.35327974746795121      -0.78097855989327059     
  Comptn_2: TXYZ:  0.99999999999889699       U,V,W -0.76158175682298435      -0.48038645910787636      -0.43499664088255940     
       2600                   247                   247             4.1373648E-01         1.0000000E+30              6168       
 NEXT SEEDS:1DA9EB0E      27       0       0       0       0      34    3039       0       0
       2650                   197                   197             4.1195635E-01         1.0000000E+30              6174       
 NEXT SEEDS:290DB9F2      27       0       0       0       0      34    3039       0       0
  Comptn_2: TXYZ:  0.99999999999895606       U,V,W  0.88767881130452864      -0.39832484452116290      -0.23100572762839988     
  Comptn_2: TXYZ:  0.99999999999106060       U,V,W -0.26083460643309309      -0.82699719690980766       0.49803709137098906     
  Comptn_2: TXYZ:   1.0000000000020024       U,V,W -0.57990723519911569       0.60630443426972391      -0.54415304055990532     
       2700                   147                   147             4.0888179E-01         1.0000000E+30              6185       
 NEXT SEEDS:31F2A04B      27       0       0       0       0      34    3039       0       0
       2750                    97                    97             4.0696058E-01         1.0000000E+30              6493       
 NEXT SEEDS: 1742163      28       0       0       0       0      34    3039       0       0
       2797                    50                    50             4.1225724E-01         1.0000000E+30              7222       
 NEXT SEEDS:1A34B010      28       0       0       0       0      34    3039       0       0
       2798                    49                    49             4.1252458E-01         1.0000000E+30              7222       
 NEXT SEEDS:1B0D0EA0      28       0       0       0       0      34    3039       0       0
       2799                    48                    48             4.1253603E-01         1.0000000E+30              7222       
 NEXT SEEDS:1B5EED9B      28       0       0       0       0      34    3039       0       0
       2800                    47                    47             4.1238874E-01         1.0000000E+30              7222       
 NEXT SEEDS:1B5EED9F      28       0       0       0       0      34    3039       0       0
       2801                    46                    46             4.1260877E-01         1.0000000E+30              7222       
 NEXT SEEDS:1C1CA9FC      28       0       0       0       0      34    3039       0       0
       2802                    45                    45             4.1251610E-01         1.0000000E+30              7222       
 NEXT SEEDS:1C3B54EF      28       0       0       0       0      34    3039       0       0
       2803                    44                    44             4.1236897E-01         1.0000000E+30              7222       
 NEXT SEEDS:1C3B54F3      28       0       0       0       0      34    3039       0       0
       2804                    43                    43             4.1232382E-01         1.0000000E+30              7225       
 NEXT SEEDS:1C6B2FC7      28       0       0       0       0      34    3039       0       0
       2805                    42                    42             4.1217687E-01         1.0000000E+30              7225       
 NEXT SEEDS:1C6B2FCB      28       0       0       0       0      34    3039       0       0
       2806                    41                    41             4.1202998E-01         1.0000000E+30              7225       
 NEXT SEEDS:1C6B2FCF      28       0       0       0       0      34    3039       0       0
       2807                    40                    40             4.1197682E-01         1.0000000E+30              7225       
 NEXT SEEDS:1C9C2F54      28       0       0       0       0      34    3039       0       0
       2808                    39                    39             4.1183015E-01         1.0000000E+30              7225       
 NEXT SEEDS:1C9C2F58      28       0       0       0       0      34    3039       0       0
       2809                    38                    38             4.1168949E-01         1.0000000E+30              7225       
 NEXT SEEDS:1C9F6B8A      28       0       0       0       0      34    3039       0       0
       2810                    37                    37             4.1162969E-01         1.0000000E+30              7225       
 NEXT SEEDS:1CCC718F      28       0       0       0       0      34    3039       0       0
       2811                    36                    36             4.1151961E-01         1.0000000E+30              7225       
 NEXT SEEDS:1CE0AC1A      28       0       0       0       0      34    3039       0       0
       2812                    35                    35             4.1137331E-01         1.0000000E+30              7225       
 NEXT SEEDS:1CE0AC1E      28       0       0       0       0      34    3039       0       0
       2813                    34                    34             4.1122711E-01         1.0000000E+30              7225       
 NEXT SEEDS:1CE0AC22      28       0       0       0       0      34    3039       0       0
       2814                    33                    33             4.1108097E-01         1.0000000E+30              7225       
 NEXT SEEDS:1CE0AC26      28       0       0       0       0      34    3039       0       0
       2815                    32                    32             4.1133628E-01         1.0000000E+30              7226       
 NEXT SEEDS:1DB446F7      28       0       0       0       0      34    3039       0       0
       2816                    31                    31             4.1119029E-01         1.0000000E+30              7226       
 NEXT SEEDS:1DB446FB      28       0       0       0       0      34    3039       0       0
       2817                    30                    30             4.1104432E-01         1.0000000E+30              7226       
 NEXT SEEDS:1DB446FF      28       0       0       0       0      34    3039       0       0
       2818                    29                    29             4.1096777E-01         1.0000000E+30              7226       
 NEXT SEEDS:1DD7AAAD      28       0       0       0       0      34    3039       0       0
       2819                    28                    28             4.1095718E-01         1.0000000E+30              7226       
 NEXT SEEDS:1E1DC857      28       0       0       0       0      34    3039       0       0
       2820                    27                    27             4.1081149E-01         1.0000000E+30              7226       
 NEXT SEEDS:1E1DC85B      28       0       0       0       0      34    3039       0       0
       2821                    26                    26             4.1066591E-01         1.0000000E+30              7226       
 NEXT SEEDS:1E1DC85F      28       0       0       0       0      34    3039       0       0
       2822                    25                    25             4.1052043E-01         1.0000000E+30              7226       
 NEXT SEEDS:1E1DC863      28       0       0       0       0      34    3039       0       0
       2823                    24                    24             4.1050166E-01         1.0000000E+30              7226       
 NEXT SEEDS:1E608D8A      28       0       0       0       0      34    3039       0       0
       2824                    23                    23             4.1035634E-01         1.0000000E+30              7226       
 NEXT SEEDS:1E608D8E      28       0       0       0       0      34    3039       0       0
       2825                    22                    22             4.1043219E-01         1.0000000E+30              7226       
 NEXT SEEDS:1ED44656      28       0       0       0       0      34    3039       0       0
       2826                    21                    21             4.1032458E-01         1.0000000E+30              7226       
 NEXT SEEDS:1EE8E5DF      28       0       0       0       0      34    3039       0       0
       2827                    20                    20             4.1017948E-01         1.0000000E+30              7226       
 NEXT SEEDS:1EE8E5E3      28       0       0       0       0      34    3039       0       0
       2828                    19                    19             4.1003448E-01         1.0000000E+30              7226       
 NEXT SEEDS:1EE8E5E7      28       0       0       0       0      34    3039       0       0
       2829                    18                    18             4.0988958E-01         1.0000000E+30              7226       
 NEXT SEEDS:1EE8E5EB      28       0       0       0       0      34    3039       0       0
       2830                    17                    17             4.0974479E-01         1.0000000E+30              7226       
 NEXT SEEDS:1EE8E5EF      28       0       0       0       0      34    3039       0       0
       2831                    16                    16             4.0960010E-01         1.0000000E+30              7226       
 NEXT SEEDS:1EE8E5F3      28       0       0       0       0      34    3039       0       0
       2832                    15                    15             4.0965495E-01         1.0000000E+30              7226       
 NEXT SEEDS:1F530637      28       0       0       0       0      34    3039       0       0
       2833                    14                    14             4.0979172E-01         1.0000000E+30              7226       
 NEXT SEEDS:1FE90F68      28       0       0       0       0      34    3039       0       0
       2834                    13                    13             4.0964716E-01         1.0000000E+30              7226       
 NEXT SEEDS:1FE90F6C      28       0       0       0       0      34    3039       0       0
       2835                    12                    12             4.0972058E-01         1.0000000E+30              7226       
 NEXT SEEDS:205B8D15      28       0       0       0       0      34    3039       0       0
       2836                    11                    11             4.0957616E-01         1.0000000E+30              7226       
 NEXT SEEDS:205B8D19      28       0       0       0       0      34    3039       0       0
       2837                    10                    10             4.0943183E-01         1.0000000E+30              7226       
 NEXT SEEDS:205B8D1D      28       0       0       0       0      34    3039       0       0
       2838                     9                     9             4.0928761E-01         1.0000000E+30              7226       
 NEXT SEEDS:205B8D21      28       0       0       0       0      34    3039       0       0
       2839                     8                     8             4.0914348E-01         1.0000000E+30              7226       
 NEXT SEEDS:205B8D25      28       0       0       0       0      34    3039       0       0
       2840                     7                     7             4.0915480E-01         1.0000000E+30              7226       
 NEXT SEEDS:20B40B58      28       0       0       0       0      34    3039       0       0
       2841                     6                     6             4.0901082E-01         1.0000000E+30              7226       
 NEXT SEEDS:20B40B5C      28       0       0       0       0      34    3039       0       0
       2842                     5                     5             4.0913746E-01         1.0000000E+30              7226       
 NEXT SEEDS:213F0228      28       0       0       0       0      34    3039       0       0
       2843                     4                     4             4.0899364E-01         1.0000000E+30              7226       
 NEXT SEEDS:213F022C      28       0       0       0       0      34    3039       0       0
       2844                     3                     3             4.0884983E-01         1.0000000E+30              7226       
 NEXT SEEDS:213F0230      28       0       0       0       0      34    3039       0       0
       2845                     2                     2             4.0893765E-01         1.0000000E+30              7226       
 NEXT SEEDS:21BA8F1D      28       0       0       0       0      34    3039       0       0
       2846                     1                     1             4.0882913E-01         1.0000000E+30              7226       
 NEXT SEEDS:21CC55F6      28       0       0       0       0      34    3039       0       0
       2847                     0                     1             4.0872875E-01         1.0000000E+30              7229       
 NEXT SEEDS:21E3BDA1      28       0       0       0       0      34    3039       0       0
