1NUMBER OF BEAM       NUMBER OF BEAM        APPROXIMATE NUMBER    AVERAGE TIME USED     TIME LEFT (RESERVED   NUMBER OF STARS
 PARTICLES HANDLED    PARTICLES LEFT        OF BEAM PARTICLES     BY A BEAM PARTICLE     10000.0 SECONDS      CREATED
                                            THAT CAN STILL BE                           FOR PRINTOUT)
                                            HANDLED

 NEXT SEEDS:1B6DBEC4       F       0       0       0       0      46    3039       0       0
          1                  2152                  2152             3.9020777E-02         1.0000000E+30                 0       
 NEXT SEEDS:1B7480BA       F       0       0       0       0      46    3039       0       0
         40                  2113                  2113             5.3493923E-02         1.0000000E+30                 7       
 NEXT SEEDS:1CEA02AE       F       0       0       0       0      46    3039       0       0
  *** Hhflev: call to Hadriv !! ***  0.66581117789965727        3.5000000000000000        1.4752677329368722               13 T F T
         80                  2073                  2073             7.7682349E-02         1.0000000E+30                60       
 NEXT SEEDS:1FCD103B       F       0       0       0       0      46    3039       0       0
        120                  2033                  2033             1.0648708E-01         1.0000000E+30                60       
 NEXT SEEDS:2477171C       F       0       0       0       0      46    3039       0       0
  Comptn_2: TXYZ:  0.99999999999656741       U,V,W  0.24421444752564980      -0.52554859775173668      -0.81495887934146238     
  *** Kaon: P_min > 1.5 GeV/c:           15   2.2216093259357983     
  *** Kaon: P_min > 1.5 GeV/c:           15   2.0151466117460370     
  *** Kaon: P_min > 1.5 GeV/c:           15   1.8420126158793328     
  *** Kaon: P_min > 1.5 GeV/c:           24   30.885551728296178     
  *** Kaon: P_min > 1.5 GeV/c:           15   1.9662922819065982     
  *** Kbar: P_min > 1.8 GeV/c:           25   3.3625553463188926     
  *** Kbar: P_min > 1.8 GeV/c:           25   1.8721711699226151     
  *** Kbar: P_min > 1.8 GeV/c:           25   3.3625312007523522     
  *** Kbar: P_min > 1.8 GeV/c:           25   4.3767982032813917     
  *** Kbar: P_min > 1.8 GeV/c:           25   3.7052017162173954     
  *** Kaon: P_min > 1.5 GeV/c:           15   1.8386485813943467     
  *** Kaon: P_min > 1.5 GeV/c:           15   2.0037273526282533     
  *** Kaon: P_min > 1.5 GeV/c:           15   1.8198105204748212     
  *** Kaon: P_min > 1.5 GeV/c:           15   1.7186623837735095     
  *** Kaon: P_min > 1.5 GeV/c:           24   30.884881473223849     
  *** Kaon: P_min > 1.5 GeV/c:           24   24.453160555800949     
  *** Kaon: P_min > 1.5 GeV/c:           24   35.184112591276609     
  *** Kaon: P_min > 1.5 GeV/c:           15   4.9077234494525905     
  *** Kaon: P_min > 1.5 GeV/c:           24   2.5361129633915462     
  *** Kaon: P_min > 1.5 GeV/c:           24   3.2753601292356866     
  *** Hhflev: call to Hadriv !! ***  0.74353803632332838        3.5000000000000000        1.5229856870214915               13 T F T
        160                  1993                  1993             1.5769278E-01         1.0000000E+30              2173       
 NEXT SEEDS:2D9565AA       F       0       0       0       0      46    3039       0       0
        200                  1953                  1953             1.4009764E-01         1.0000000E+30              2174       
 NEXT SEEDS:2F93162A       F       0       0       0       0      46    3039       0       0
  Comptn_2: TXYZ:  0.99999999999778988       U,V,W -0.23117883646091286      -0.41363670304148048      -0.88060264788799181     
  Comptn_2: TXYZ:  0.99999999999798561       U,V,W  0.18092184337943706      -0.59335096318984881       0.78434808667316247     
  Comptn_2: TXYZ:   1.0000000000157312       U,V,W  0.92063867405759936       0.22394268668397288       0.31980322844830766     
        240                  1913                  1913             1.9493004E-01         1.0000000E+30              2190       
 NEXT SEEDS: 1763CA2      10       0       0       0       0      46    3039       0       0
        280                  1873                  1873             1.7449297E-01         1.0000000E+30              2190       
 NEXT SEEDS: 2FAFFA6      10       0       0       0       0      46    3039       0       0
        320                  1833                  1833             1.6595313E-01         1.0000000E+30              2190       
 NEXT SEEDS: 6172946      10       0       0       0       0      46    3039       0       0
  Comptn_2: TXYZ:   1.0000000000032965       U,V,W -0.78233829581432701      -0.28608026444599055      -0.55326745178091130     
  Comptn_2: TXYZ:  0.99999999999688793       U,V,W -0.52508746762077863       0.57146615897195829       0.63064219688688938     
  Comptn_2: TXYZ:  0.99999999999830735       U,V,W  0.13239673781794181      -0.65255219009744370      -0.74608762421883412     
  Comptn_2: TXYZ:  0.99999999999870726       U,V,W  0.14744330584550625       0.76137875921527609      -0.63131834804309506     
  Comptn_2: TXYZ:  0.99999999999826905       U,V,W -0.68515217141900919       0.70509520888935606       0.18277649848752731     
  Comptn_2: TXYZ:   1.0000000000037206       U,V,W  0.25879296477516789      -0.74169344432375794       0.61880290564424456     
        360                  1793                  1793             2.0688012E-01         1.0000000E+30              2192       
 NEXT SEEDS:16070E7D      10       0       0       0       0      46    3039       0       0
        400                  1753                  1753             1.9437056E-01         1.0000000E+30              2199       
 NEXT SEEDS:186A9D1F      10       0       0       0       0      46    3039       0       0
  Comptn_2: TXYZ:  0.99999999999886624       U,V,W  0.43566979417163765      -0.20608872749084012       0.87619590665930147     
        440                  1713                  1713             1.8743480E-01         1.0000000E+30              2199       
 NEXT SEEDS:1BD67FE0      10       0       0       0       0      46    3039       0       0
        480                  1673                  1673             1.7995736E-01         1.0000000E+30              3156       
 NEXT SEEDS:1EB225CA      10       0       0       0       0      46    3039       0       0
        520                  1633                  1633             1.7218707E-01         1.0000000E+30              3165       
 NEXT SEEDS:20F807A4      10       0       0       0       0      46    3039       0       0
        560                  1593                  1593             1.6773819E-01         1.0000000E+30              3174       
 NEXT SEEDS:241674B6      10       0       0       0       0      46    3039       0       0
  Comptn_2: TXYZ:   1.0000000000194513       U,V,W  0.81999633400282335        9.1119972839521779E-002 -0.56506916637798099     
        600                  1553                  1553             1.6426656E-01         1.0000000E+30              3182       
 NEXT SEEDS:276E1ECF      10       0       0       0       0      46    3039       0       0
  Comptn_2: TXYZ:   1.0000000000047458       U,V,W  0.81874706287604226      -0.33467738633604327       0.46652362653125579     
  Comptn_2: TXYZ:   1.0000000000020761       U,V,W -0.20658988291607017      -0.44693935740747293       0.87038257742155878     
        640                  1513                  1513             1.5846775E-01         1.0000000E+30              3218       
 NEXT SEEDS:297F8915      10       0       0       0       0      46    3039       0       0
        680                  1473                  1473             1.5500641E-01         1.0000000E+30              3273       
 NEXT SEEDS:2C495FC3      10       0       0       0       0      46    3039       0       0
        720                  1433                  1433             1.5264747E-01         1.0000000E+30              3277       
 NEXT SEEDS:2F6EB380      10       0       0       0       0      46    3039       0       0
        760                  1393                  1393             1.4715772E-01         1.0000000E+30              3278       
 NEXT SEEDS:30D7DC0D      10       0       0       0       0      46    3039       0       0
        800                  1353                  1353             1.4387641E-01         1.0000000E+30              3282       
 NEXT SEEDS:33280B8F      10       0       0       0       0      46    3039       0       0
  Comptn_2: TXYZ:  0.99999999999893707       U,V,W   5.2006518682851777E-002  0.50198633223301670      -0.86331051439483275     
  *** Hhflev: call to Hadriv !! ***  0.59294464257216106        3.5000000000000000        1.4307113678679666               13 T F T
        840                  1313                  1313             1.4138366E-01         1.0000000E+30              3518       
 NEXT SEEDS:35CE9888      10       0       0       0       0      46    3039       0       0
  Comptn_2: TXYZ:   1.0000000000032057       U,V,W -0.20151424302429177      -0.88854288087904010      -0.41216933255729771     
        880                  1273                  1273             1.3832527E-01         1.0000000E+30              3525       
 NEXT SEEDS:37EF244F      10       0       0       0       0      46    3039       0       0
        920                  1233                  1233             1.3464682E-01         1.0000000E+30              3526       
 NEXT SEEDS:3978FBB6      10       0       0       0       0      46    3039       0       0
  Comptn_2: TXYZ:  0.99999999999892342       U,V,W  0.99148148161740401       0.12714748195072900        2.8248706913235111E-002
        960                  1193                  1193             1.3960899E-01         1.0000000E+30              3803       
 NEXT SEEDS: 53D78C5      11       0       0       0       0      46    3039       0       0
       1000                  1153                  1153             1.3638107E-01         1.0000000E+30              3821       
 NEXT SEEDS: 6F231CF      11       0       0       0       0      46    3039       0       0
  Comptn_2: TXYZ:  0.99999999999866829       U,V,W  0.82851080533911148       0.55631266548107261       -6.3922325210754138E-002
  Comptn_2: TXYZ:  0.99999999999734812       U,V,W  0.49486584301031655      -0.69060129296072148       0.52742549386621107     
       1040                  1113                  1113             1.3877237E-01         1.0000000E+30              3822       
 NEXT SEEDS: C9A07B7      11       0       0       0       0      46    3039       0       0
  Comptn_2: TXYZ:   1.0000000000024141       U,V,W  0.75386329521880313      -0.27199861715270401       0.59808601755205615     
  *** Hhflev: call to Hadriv !! ***  0.41277713714643610        3.5000000000000000        1.3105381617754388               14 T F T
  *** Hhflev: call to Hadriv !! ***  0.77475016214199321        3.5000000000000000        1.5417815857648800               13 T F T
       1080                  1073                  1073             1.4243758E-01         1.0000000E+30              5152       
 NEXT SEEDS:135DB7C6      11       0       0       0       0      46    3039       0       0
  Comptn_2: TXYZ:  0.99999999999625344       U,V,W  0.51070024885224541        5.6612479269052177E-002  0.85789293213635887     
  Comptn_2: TXYZ:  0.99999999997281686       U,V,W  0.98282215879912371       0.15297690315702539      -0.10324084098230202     
       1120                  1033                  1033             1.4711108E-01         1.0000000E+30              5154       
 NEXT SEEDS:1B6DE59A      11       0       0       0       0      46    3039       0       0
  Comptn_2: TXYZ:  0.99999999999859335       U,V,W  0.23169812027314052       0.97271186192790893        1.2149680046292133E-002
  Comptn_2: TXYZ:   1.0000000000011835       U,V,W  0.77546144331744760      -0.55403909824883968       0.30282045429729010     
  Comptn_2: TXYZ:   1.0000000000012954       U,V,W  0.30429737045044902      -0.33564826405371662       0.89148379299680158     
       1160                   993                   993             1.4668418E-01         1.0000000E+30              5163       
 NEXT SEEDS:1F5C80C4      11       0       0       0       0      46    3039       0       0
  *** Hhflev: call to Hadriv !! ***  0.62423354017372479        3.5000000000000000        1.4506006742804323               13 T F T
       1200                   953                   953             1.4516530E-01         1.0000000E+30              5441       
 NEXT SEEDS:22453092      11       0       0       0       0      46    3039       0       0
  Comptn_2: TXYZ:  0.99999999999037126       U,V,W  -8.5514580127011186E-002 -0.24077641900765201       0.96680606774364208     
  Comptn_2: TXYZ:  0.99999999999857536       U,V,W -0.18568972291746633      -0.96617514547379280      -0.17895506438797781     
       1240                   913                   913             1.4382840E-01         1.0000000E+30              5465       
 NEXT SEEDS:25347230      11       0       0       0       0      46    3039       0       0
       1280                   873                   873             1.4163058E-01         1.0000000E+30              5467       
 NEXT SEEDS:27471E2A      11       0       0       0       0      46    3039       0       0
       1320                   833                   833             1.3979036E-01         1.0000000E+30              5521       
 NEXT SEEDS:29972BDC      11       0       0       0       0      46    3039       0       0
  Comptn_2: TXYZ:  0.99999999999890732       U,V,W  0.14957271168774611      -0.98771872670988081       -4.5163268525357125E-002
       1360                   793                   793             1.4319723E-01         1.0000000E+30              5528       
 NEXT SEEDS:31117900      11       0       0       0       0      46    3039       0       0
       1400                   753                   753             1.4300662E-01         1.0000000E+30              5531       
 NEXT SEEDS:35048B6C      11       0       0       0       0      46    3039       0       0
  *** Hhflev: call to Hadriv !! ***   1.1336359899306878        5.0000000000000000        2.1274704880639179                8 T F T
       1440                   713                   713             1.4637245E-01         1.0000000E+30              5764       
 NEXT SEEDS:  FE9F33      12       0       0       0       0      46    3039       0       0
       1480                   673                   673             1.4535119E-01         1.0000000E+30              5765       
 NEXT SEEDS: 3F3229D      12       0       0       0       0      46    3039       0       0
  Comptn_2: TXYZ:   1.0000000000014309       U,V,W -0.10166057543268892      -0.88999219468485080      -0.44449861732537244     
       1520                   633                   633             1.4353444E-01         1.0000000E+30              5767       
 NEXT SEEDS: 60C88C9      12       0       0       0       0      46    3039       0       0
  Comptn_2: TXYZ:   1.0000000000019438       U,V,W -0.58817441311823870       0.77734668087169467      -0.22312103776362946     
       1560                   593                   593             1.4221258E-01         1.0000000E+30              5767       
 NEXT SEEDS: 8B8E409      12       0       0       0       0      46    3039       0       0
       1600                   553                   553             1.4087720E-01         1.0000000E+30              5818       
 NEXT SEEDS: B3E203F      12       0       0       0       0      46    3039       0       0
  Comptn_2: TXYZ:  0.99999999999874234       U,V,W  0.42307436686234468      -0.80753862384455832      -0.41096161755327643     
       1640                   513                   513             1.3969186E-01         1.0000000E+30              5849       
 NEXT SEEDS: DE1CB14      12       0       0       0       0      46    3039       0       0
  Comptn_2: TXYZ:   1.0000000000010463       U,V,W -0.14552325685031775      -0.96901302821653057       0.19959141480372367     
  Comptn_2: TXYZ:   1.0000000000061353       U,V,W  0.21319412961190665      -0.50104946915240589       0.83874769303244534     
       1680                   473                   473             1.4029600E-01         1.0000000E+30              7100       
 NEXT SEEDS:12B74C99      12       0       0       0       0      46    3039       0       0
       1720                   433                   433             1.3944663E-01         1.0000000E+30              7101       
 NEXT SEEDS:15AD6842      12       0       0       0       0      46    3039       0       0
       1760                   393                   393             1.3822807E-01         1.0000000E+30              7398       
 NEXT SEEDS:18233FEE      12       0       0       0       0      46    3039       0       0
       1800                   353                   353             1.3743716E-01         1.0000000E+30              7401       
 NEXT SEEDS:1B1A92C3      12       0       0       0       0      46    3039       0       0
       1840                   313                   313             1.3643533E-01         1.0000000E+30              7427       
 NEXT SEEDS:1DBA6B7F      12       0       0       0       0      46    3039       0       0
       1880                   273                   273             1.3529502E-01         1.0000000E+30              7428       
 NEXT SEEDS:20105BF8      12       0       0       0       0      46    3039       0       0
  *** Hhflev: call to Hadriv !! ***  0.63579125069077058        3.5000000000000000        1.4564800778461067               14 T F T
       1920                   233                   233             1.3601091E-01         1.0000000E+30              8453       
 NEXT SEEDS:24FFE4FF      12       0       0       0       0      46    3039       0       0
       1960                   193                   193             1.3571072E-01         1.0000000E+30              8454       
 NEXT SEEDS:288C3884      12       0       0       0       0      46    3039       0       0
       2000                   153                   153             1.3446438E-01         1.0000000E+30              8458       
 NEXT SEEDS:2A9CA70B      12       0       0       0       0      46    3039       0       0
       2040                   113                   113             1.3375523E-01         1.0000000E+30              8459       
 NEXT SEEDS:2D66D621      12       0       0       0       0      46    3039       0       0
       2080                    73                    73             1.3271141E-01         1.0000000E+30              8492       
 NEXT SEEDS:2FB71229      12       0       0       0       0      46    3039       0       0
  Comptn_2: TXYZ:  0.99999999999750200       U,V,W -0.32180701214551277      -0.84194900417201524       0.43308442745639297     
  Comptn_2: TXYZ:   1.0000000000270879       U,V,W   8.1233033954632106E-002  0.81904559902082497       0.56794850201953295     
       2103                    50                    50             1.3212280E-01         1.0000000E+30              8493       
 NEXT SEEDS:3104BAEF      12       0       0       0       0      46    3039       0       0
       2104                    49                    49             1.3206006E-01         1.0000000E+30              8493       
 NEXT SEEDS:3104BAF3      12       0       0       0       0      46    3039       0       0
       2105                    48                    48             1.3220681E-01         1.0000000E+30              8493       
 NEXT SEEDS:314D9490      12       0       0       0       0      46    3039       0       0
       2106                    47                    47             1.3216421E-01         1.0000000E+30              8493       
 NEXT SEEDS:315591BE      12       0       0       0       0      46    3039       0       0
       2107                    46                    46             1.3214102E-01         1.0000000E+30              8493       
 NEXT SEEDS:3164F8E8      12       0       0       0       0      46    3039       0       0
       2108                    45                    45             1.3213079E-01         1.0000000E+30              8493       
 NEXT SEEDS:3179F9AC      12       0       0       0       0      46    3039       0       0
       2109                    44                    44             1.3207375E-01         1.0000000E+30              8493       
 NEXT SEEDS:317BDAAA      12       0       0       0       0      46    3039       0       0
       2110                    43                    43             1.3201121E-01         1.0000000E+30              8493       
 NEXT SEEDS:317BDAAE      12       0       0       0       0      46    3039       0       0
       2111                    42                    42             1.3194890E-01         1.0000000E+30              8493       
 NEXT SEEDS:317BE7B2      12       0       0       0       0      46    3039       0       0
       2112                    41                    41             1.3188646E-01         1.0000000E+30              8493       
 NEXT SEEDS:317BE7B6      12       0       0       0       0      46    3039       0       0
       2113                    40                    40             1.3182411E-01         1.0000000E+30              8493       
 NEXT SEEDS:317BE7BA      12       0       0       0       0      46    3039       0       0
       2114                    39                    39             1.3187775E-01         1.0000000E+30              8493       
 NEXT SEEDS:31A96BDC      12       0       0       0       0      46    3039       0       0
       2115                    38                    38             1.3181546E-01         1.0000000E+30              8493       
 NEXT SEEDS:31A96BE0      12       0       0       0       0      46    3039       0       0
       2116                    37                    37             1.3187369E-01         1.0000000E+30              8493       
 NEXT SEEDS:31D9D6D1      12       0       0       0       0      46    3039       0       0
       2117                    36                    36             1.3181146E-01         1.0000000E+30              8493       
 NEXT SEEDS:31D9D6D5      12       0       0       0       0      46    3039       0       0
       2118                    35                    35             1.3178089E-01         1.0000000E+30              8493       
 NEXT SEEDS:31E62294      12       0       0       0       0      46    3039       0       0
       2119                    34                    34             1.3172052E-01         1.0000000E+30              8493       
 NEXT SEEDS:31E6B4A9      12       0       0       0       0      46    3039       0       0
       2120                    33                    33             1.3165857E-01         1.0000000E+30              8493       
 NEXT SEEDS:31E6BEF9      12       0       0       0       0      46    3039       0       0
       2121                    32                    32             1.3195739E-01         1.0000000E+30              8493       
 NEXT SEEDS:3278DF4D      12       0       0       0       0      46    3039       0       0
       2122                    31                    31             1.3189527E-01         1.0000000E+30              8493       
 NEXT SEEDS:3278DF51      12       0       0       0       0      46    3039       0       0
       2123                    30                    30             1.3194711E-01         1.0000000E+30              8493       
 NEXT SEEDS:32A5395F      12       0       0       0       0      46    3039       0       0
       2124                    29                    29             1.3188506E-01         1.0000000E+30              8493       
 NEXT SEEDS:32A53963      12       0       0       0       0      46    3039       0       0
       2125                    28                    28             1.3187948E-01         1.0000000E+30              8493       
 NEXT SEEDS:32BB98BA      12       0       0       0       0      46    3039       0       0
       2126                    27                    27             1.3181766E-01         1.0000000E+30              8493       
 NEXT SEEDS:32BBA425      12       0       0       0       0      46    3039       0       0
       2127                    26                    26             1.3175586E-01         1.0000000E+30              8493       
 NEXT SEEDS:32BBAF1A      12       0       0       0       0      46    3039       0       0
       2128                    25                    25             1.3175126E-01         1.0000000E+30              8493       
 NEXT SEEDS:32D1DADF      12       0       0       0       0      46    3039       0       0
       2129                    24                    24             1.3170327E-01         1.0000000E+30              8493       
 NEXT SEEDS:32D777C2      12       0       0       0       0      46    3039       0       0
       2130                    23                    23             1.3164150E-01         1.0000000E+30              8493       
 NEXT SEEDS:32D777C6      12       0       0       0       0      46    3039       0       0
       2131                    22                    22             1.3157978E-01         1.0000000E+30              8493       
 NEXT SEEDS:32D777CA      12       0       0       0       0      46    3039       0       0
       2132                    21                    21             1.3151810E-01         1.0000000E+30              8493       
 NEXT SEEDS:32D777CE      12       0       0       0       0      46    3039       0       0
       2133                    20                    20             1.3145756E-01         1.0000000E+30              8493       
 NEXT SEEDS:32D7CC19      12       0       0       0       0      46    3039       0       0
       2134                    19                    19             1.3139602E-01         1.0000000E+30              8493       
 NEXT SEEDS:32D7CC1D      12       0       0       0       0      46    3039       0       0
       2135                    18                    18             1.3133453E-01         1.0000000E+30              8493       
 NEXT SEEDS:32D7CC35      12       0       0       0       0      46    3039       0       0
       2136                    17                    17             1.3127310E-01         1.0000000E+30              8493       
 NEXT SEEDS:32D7CC49      12       0       0       0       0      46    3039       0       0
       2137                    16                    16             1.3125941E-01         1.0000000E+30              8493       
 NEXT SEEDS:32EA5ABC      12       0       0       0       0      46    3039       0       0
       2138                    15                    15             1.3125098E-01         1.0000000E+30              8493       
 NEXT SEEDS:32FD0DE1      12       0       0       0       0      46    3039       0       0
       2139                    14                    14             1.3118967E-01         1.0000000E+30              8493       
 NEXT SEEDS:32FD0DE5      12       0       0       0       0      46    3039       0       0
       2140                    13                    13             1.3112862E-01         1.0000000E+30              8493       
 NEXT SEEDS:32FD1EE2      12       0       0       0       0      46    3039       0       0
       2141                    12                    12             1.3106742E-01         1.0000000E+30              8493       
 NEXT SEEDS:32FD1EE6      12       0       0       0       0      46    3039       0       0
       2142                    11                    11             1.3103974E-01         1.0000000E+30              8493       
 NEXT SEEDS:330A48E1      12       0       0       0       0      46    3039       0       0
       2143                    10                    10             1.3097866E-01         1.0000000E+30              8493       
 NEXT SEEDS:330A48E5      12       0       0       0       0      46    3039       0       0
       2144                     9                     9             1.3093702E-01         1.0000000E+30              8494       
 NEXT SEEDS:331221EB      12       0       0       0       0      46    3039       0       0
       2145                     8                     8             1.3090874E-01         1.0000000E+30              8494       
 NEXT SEEDS:331DB17C      12       0       0       0       0      46    3039       0       0
       2146                     7                     7             1.3084781E-01         1.0000000E+30              8494       
 NEXT SEEDS:331DB180      12       0       0       0       0      46    3039       0       0
       2147                     6                     6             1.3101064E-01         1.0000000E+30              8494       
 NEXT SEEDS:3375BDC3      12       0       0       0       0      46    3039       0       0
       2148                     5                     5             1.3094973E-01         1.0000000E+30              8494       
 NEXT SEEDS:3375BDC7      12       0       0       0       0      46    3039       0       0
       2149                     4                     4             1.3088884E-01         1.0000000E+30              8494       
 NEXT SEEDS:3375BDCB      12       0       0       0       0      46    3039       0       0
       2150                     3                     3             1.3082802E-01         1.0000000E+30              8494       
 NEXT SEEDS:3375BDE2      12       0       0       0       0      46    3039       0       0
       2151                     2                     2             1.3076725E-01         1.0000000E+30              8494       
 NEXT SEEDS:3375BDE6      12       0       0       0       0      46    3039       0       0
       2152                     1                     1             1.3088332E-01         1.0000000E+30              8494       
 NEXT SEEDS:33BDA7D4      12       0       0       0       0      46    3039       0       0
       2153                     0                     1             1.3082260E-01         1.0000000E+30              8494       
 NEXT SEEDS:33BDA7D8      12       0       0       0       0      46    3039       0       0
