1NUMBER OF BEAM       NUMBER OF BEAM        APPROXIMATE NUMBER    AVERAGE TIME USED     TIME LEFT (RESERVED   NUMBER OF STARS
 PARTICLES HANDLED    PARTICLES LEFT        OF BEAM PARTICLES     BY A BEAM PARTICLE     10000.0 SECONDS      CREATED
                                            THAT CAN STILL BE                           FOR PRINTOUT)
                                            HANDLED

 NEXT SEEDS:17EE04C7       F       0       0       0       0      10    3039       0       0
          1                  2152                  2152             9.1609955E-03         1.0000000E+30                 0       
 NEXT SEEDS:17EFD9F5       F       0       0       0       0      10    3039       0       0
         40                  2113                  2113             7.7224982E-02         1.0000000E+30                 1       
 NEXT SEEDS:1A23F22A       F       0       0       0       0      10    3039       0       0
  Comptn_2: TXYZ:  0.99999999998961198       U,V,W  0.61830358245452999       0.78020800333953844        9.4742553472222824E-002
         80                  2073                  2073             1.2847364E-01         1.0000000E+30                18       
 NEXT SEEDS:1F321025       F       0       0       0       0      10    3039       0       0
        120                  2033                  2033             1.1012667E-01         1.0000000E+30                25       
 NEXT SEEDS:21421013       F       0       0       0       0      10    3039       0       0
  Comptn_2: TXYZ:   1.0000000000171527       U,V,W  0.68505007683890540       0.45575919086833849      -0.56832204970351086     
  *** Kaon: P_min > 1.5 GeV/c:           24   2.5137958828651241     
  *** Kaon: P_min > 1.5 GeV/c:           24   8.2434711868882165     
  *** Kaon: P_min > 1.5 GeV/c:           24   8.2430293372601771     
  *** Kaon: P_min > 1.5 GeV/c:           24   8.2099908596479327     
  *** Kaon: P_min > 1.5 GeV/c:           15   5.0435172559788617     
  *** Kaon: P_min > 1.5 GeV/c:           15   1.5129249681100110     
  *** Kaon: P_min > 1.5 GeV/c:           15   1.5944082048963857     
        160                  1993                  1993             1.3913496E-01         1.0000000E+30               252       
 NEXT SEEDS:27CBAFB0       F       0       0       0       0      10    3039       0       0
        200                  1953                  1953             1.3433373E-01         1.0000000E+30               254       
 NEXT SEEDS:2AF9D7EA       F       0       0       0       0      10    3039       0       0
  *** Kbar: P_min > 1.8 GeV/c:           25   2.0528790774776837     
  *** Kbar: P_min > 1.8 GeV/c:           25   2.2047816607854780     
  *** Kbar: P_min > 1.8 GeV/c:           25   1.8938991410887152     
  *** Kaon: P_min > 1.5 GeV/c:           15   1.8392826826588433     
  *** Kaon: P_min > 1.5 GeV/c:           15   1.7830074590050120     
  *** Kaon: P_min > 1.5 GeV/c:           15   1.6866663759617826     
  *** Kaon: P_min > 1.5 GeV/c:           15   2.1294821304528413     
  *** Kaon: P_min > 1.5 GeV/c:           15   2.0144551971651388     
  *** Kaon: P_min > 1.5 GeV/c:           15   1.7477586034618757     
  *** Kaon: P_min > 1.5 GeV/c:           15   1.6285188724687083     
  *** Kaon: P_min > 1.5 GeV/c:           15   1.5264188538469787     
  *** Kaon: P_min > 1.5 GeV/c:           15   1.8915676511684580     
  *** Kaon: P_min > 1.5 GeV/c:           15   1.7277509108652622     
        240                  1913                  1913             1.2206252E-01         1.0000000E+30               277       
 NEXT SEEDS:2CA41652       F       0       0       0       0      10    3039       0       0
  Comptn_2: TXYZ:  0.99999999999554068       U,V,W  0.18325066967666004      -0.23668787004470460      -0.95414781047398378     
  Comptn_2: TXYZ:   1.0000000000211824       U,V,W -0.17241000259286920       0.92689558545935413      -0.33337571099747265     
        280                  1873                  1873             1.2228106E-01         1.0000000E+30               282       
 NEXT SEEDS:300F9FDB       F       0       0       0       0      10    3039       0       0
        320                  1833                  1833             1.1974626E-01         1.0000000E+30               283       
 NEXT SEEDS:32D8B58E       F       0       0       0       0      10    3039       0       0
  Comptn_2: TXYZ:  0.99999999999562728       U,V,W -0.33265144413979897       0.18933638825978960       0.92384779524988403     
  Comptn_2: TXYZ:  0.99999999999755551       U,V,W -0.14205987936095710      -0.84154240617776210       0.52117690785188131     
        360                  1793                  1793             1.2930515E-01         1.0000000E+30               284       
 NEXT SEEDS:38C482CF       F       0       0       0       0      10    3039       0       0
  Comptn_2: TXYZ:   1.0000000000024936       U,V,W -0.24348256040475746      -0.83071910672643412      -0.50062162208685379     
        400                  1753                  1753             1.3650552E-01         1.0000000E+30               290       
 NEXT SEEDS: 2E19098      10       0       0       0       0      10    3039       0       0
  Comptn_2: TXYZ:  0.99999999999839684       U,V,W -0.13525169935368098      -0.96949103433922446       0.20443608330282359     
        440                  1713                  1713             1.4347073E-01         1.0000000E+30               292       
 NEXT SEEDS: 8E2C874      10       0       0       0       0      10    3039       0       0
  Comptn_2: TXYZ:  0.99999999999753775       U,V,W -0.38097155664176086       0.34995433389609332       0.85579941412391314     
  Comptn_2: TXYZ:   1.0000000000020692       U,V,W  0.98326619690298500      -0.16649320488230757       -7.3943213062644730E-002
  Comptn_2: TXYZ:   1.0000000000024056       U,V,W  0.39899529432054237        9.4016588535774659E-003  0.91690477363970047     
        480                  1673                  1673             1.7433510E-01         1.0000000E+30               845       
 NEXT SEEDS:17E5F9B8      10       0       0       0       0      10    3039       0       0
  Comptn_2: TXYZ:  0.99999999999884870       U,V,W  0.95718615623508185      -0.24671855985150781      -0.15140876637617851     
  Comptn_2: TXYZ:   1.0000000000128546       U,V,W  0.31156482229732774       0.89059363428108895      -0.33131607280313347     
        520                  1633                  1633             1.7425591E-01         1.0000000E+30               851       
 NEXT SEEDS:1CA25A17      10       0       0       0       0      10    3039       0       0
  Comptn_2: TXYZ:   1.0000000000022631       U,V,W -0.66668462627683311      -0.53623270821887559       0.51767373095863434     
        560                  1593                  1593             1.7744365E-01         1.0000000E+30               856       
 NEXT SEEDS:22EF3F36      10       0       0       0       0      10    3039       0       0
        600                  1553                  1553             1.7336173E-01         1.0000000E+30               862       
 NEXT SEEDS:26482FEC      10       0       0       0       0      10    3039       0       0
  Comptn_2: TXYZ:  0.99999999999762967       U,V,W  0.82724716401296661       0.40994562254451239      -0.38419619491442880     
        640                  1513                  1513             1.6668041E-01         1.0000000E+30               865       
 NEXT SEEDS:2819FCCE      10       0       0       0       0      10    3039       0       0
        680                  1473                  1473             1.6427084E-01         1.0000000E+30               894       
 NEXT SEEDS:2BA054F7      10       0       0       0       0      10    3039       0       0
  Comptn_2: TXYZ:   1.0000000000034790       U,V,W -0.46476915729790846       0.46921448453846892       0.75088441049696186     
  Comptn_2: TXYZ:  0.99999999999841627       U,V,W  0.20986451068343115       0.93834827719685876      -0.27469874014219187     
        720                  1433                  1433             1.7978652E-01         1.0000000E+30              1571       
 NEXT SEEDS:3791B87D      10       0       0       0       0      10    3039       0       0
  Comptn_2: TXYZ:   1.0000000000010805       U,V,W -0.78346429071269696      -0.49219182518162086       0.37938227739776664     
  Comptn_2: TXYZ:  0.99999999999894229       U,V,W -0.70957379302643631       -5.8796911162062315E-007  0.70463113204617400     
        760                  1393                  1393             2.0185319E-01         1.0000000E+30              1574       
 NEXT SEEDS: C50F80E      11       0       0       0       0      10    3039       0       0
  Comptn_2: TXYZ:  0.99999999997600175       U,V,W -0.38560777413205294       0.14865330244765573      -0.91060904903055473     
        800                  1353                  1353             2.0447829E-01         1.0000000E+30              1606       
 NEXT SEEDS:139342A3      11       0       0       0       0      10    3039       0       0
        840                  1313                  1313             2.0068736E-01         1.0000000E+30              1610       
 NEXT SEEDS:16F4D35E      11       0       0       0       0      10    3039       0       0
        880                  1273                  1273             1.9669329E-01         1.0000000E+30              2085       
 NEXT SEEDS:1A0BFC89      11       0       0       0       0      10    3039       0       0
        920                  1233                  1233             1.9129635E-01         1.0000000E+30              2086       
 NEXT SEEDS:1C06F1E4      11       0       0       0       0      10    3039       0       0
  Comptn_2: TXYZ:  0.99999999998966571       U,V,W  0.21703348575584869       0.89648895549856689       0.38626936031663206     
        960                  1193                  1193             1.8995432E-01         1.0000000E+30              2089       
 NEXT SEEDS:207D4B57      11       0       0       0       0      10    3039       0       0
       1000                  1153                  1153             1.8732543E-01         1.0000000E+30              2092       
 NEXT SEEDS:23F733E3      11       0       0       0       0      10    3039       0       0
  Comptn_2: TXYZ:  0.99999999999267741       U,V,W  0.45212740471651358       0.89012828243336273       -5.7030261346227462E-002
       1040                  1113                  1113             1.8643142E-01         1.0000000E+30              2133       
 NEXT SEEDS:28B2DCE8      11       0       0       0       0      10    3039       0       0
       1080                  1073                  1073             1.8081556E-01         1.0000000E+30              2133       
 NEXT SEEDS:29A6E479      11       0       0       0       0      10    3039       0       0
  Comptn_2: TXYZ:   1.0000000000016895       U,V,W  0.47434385452184102       0.70912855315187073       0.52166522098352175     
  Comptn_2: TXYZ:   1.0000000000027103       U,V,W  0.48819314125023539       0.51339404574683556      -0.70575775633756521     
       1120                  1033                  1033             1.9074299E-01         1.0000000E+30              2134       
 NEXT SEEDS:371625D0      11       0       0       0       0      10    3039       0       0
       1160                   993                   993             1.8641453E-01         1.0000000E+30              2136       
 NEXT SEEDS:38EDB857      11       0       0       0       0      10    3039       0       0
  Comptn_2: TXYZ:   1.0000000000018330       U,V,W  0.74835153752317751       0.59500748743555221      -0.29314853945425057     
  Comptn_2: TXYZ:   1.0000000000029070       U,V,W -0.75594467649222707       -1.0400893457202187E-002  0.65455287601633927     
  Comptn_2: TXYZ:   1.0000000000021669       U,V,W -0.13407823313006872      -0.97073415583785372       0.19924413690910825     
       1200                   953                   953             1.9598654E-01         1.0000000E+30              2139       
 NEXT SEEDS: A67C6B6      12       0       0       0       0      10    3039       0       0
       1240                   913                   913             1.9532281E-01         1.0000000E+30              2256       
 NEXT SEEDS: F4B673F      12       0       0       0       0      10    3039       0       0
       1280                   873                   873             1.9605413E-01         1.0000000E+30              2262       
 NEXT SEEDS:159AF7E0      12       0       0       0       0      10    3039       0       0
  Comptn_2: TXYZ:  0.99999999999841971       U,V,W -0.34204310787575309       0.77853226878021353      -0.52620720141504052     
       1320                   833                   833             2.0151739E-01         1.0000000E+30              2265       
 NEXT SEEDS:203EA40D      12       0       0       0       0      10    3039       0       0
       1360                   793                   793             1.9714456E-01         1.0000000E+30              2270       
 NEXT SEEDS:21B3F0E5      12       0       0       0       0      10    3039       0       0
  Comptn_2: TXYZ:  0.99999999999732248       U,V,W  0.62478058377929813      -0.73347078275334354      -0.26771222044747844     
       1400                   753                   753             1.9305921E-01         1.0000000E+30              2272       
 NEXT SEEDS:23384532      12       0       0       0       0      10    3039       0       0
       1440                   713                   713             1.8918596E-01         1.0000000E+30              2308       
 NEXT SEEDS:24B2C219      12       0       0       0       0      10    3039       0       0
  Comptn_2: TXYZ:   1.0000000000219407       U,V,W  0.96400204307540349       0.10530716527145501      -0.24415253820281890     
       1480                   673                   673             1.8800787E-01         1.0000000E+30              2314       
 NEXT SEEDS:28CBC558      12       0       0       0       0      10    3039       0       0
       1520                   633                   633             1.8500484E-01         1.0000000E+30              2316       
 NEXT SEEDS:2AE998E7      12       0       0       0       0      10    3039       0       0
  Comptn_2: TXYZ:  0.99999999999821632       U,V,W -0.94370364774137983       -8.1656006282457838E-003  0.33069131861028644     
  Comptn_2: TXYZ:   1.0000000000023923       U,V,W   8.6992114537113890E-002 -0.87137239449630499      -0.48284834277496458     
       1560                   593                   593             1.8744784E-01         1.0000000E+30              2350       
 NEXT SEEDS:32BEDF90      12       0       0       0       0      10    3039       0       0
  Comptn_2: TXYZ:  0.99999999999730005       U,V,W -0.29682385480733942       0.93193310017395881       0.20831777652126959     
       1600                   553                   553             1.8479429E-01         1.0000000E+30              2353       
 NEXT SEEDS:3515835F      12       0       0       0       0      10    3039       0       0
  Comptn_2: TXYZ:  0.99999999999643696       U,V,W  0.27992487495596663       0.60627925446665643       0.74435712529717790     
       1640                   513                   513             1.8322995E-01         1.0000000E+30              2381       
 NEXT SEEDS:388A835C      12       0       0       0       0      10    3039       0       0
       1680                   473                   473             1.8077483E-01         1.0000000E+30              2419       
 NEXT SEEDS:3ADBB0BF      12       0       0       0       0      10    3039       0       0
       1720                   433                   433             1.8067155E-01         1.0000000E+30              2423       
 NEXT SEEDS: 453E08E      13       0       0       0       0      10    3039       0       0
  Comptn_2: TXYZ:  0.99999999999882117       U,V,W  0.71176189320995320        3.7145765536696018E-002 -0.70143795126561059     
  Comptn_2: TXYZ:   1.0000000000010514       U,V,W -0.64821554164970330      -0.19563693179651409      -0.73589591823985501     
       1760                   393                   393             1.8405595E-01         1.0000000E+30              2424       
 NEXT SEEDS: D3FA809      13       0       0       0       0      10    3039       0       0
       1800                   353                   353             1.8205936E-01         1.0000000E+30              2472       
 NEXT SEEDS: FE07BDE      13       0       0       0       0      10    3039       0       0
  Comptn_2: TXYZ:  0.99999999999843714       U,V,W   3.2228643641090571E-002  0.98731798476410382      -0.15544938561744637     
       1840                   313                   313             1.8171330E-01         1.0000000E+30              2476       
 NEXT SEEDS:149C7D07      13       0       0       0       0      10    3039       0       0
       1880                   273                   273             1.8045792E-01         1.0000000E+30              2496       
 NEXT SEEDS:18118054      13       0       0       0       0      10    3039       0       0
  Comptn_2: TXYZ:   1.0000000000029108       U,V,W  0.48033009188208631       0.87006775655229518      -0.11074792026721525     
       1920                   233                   233             1.7896636E-01         1.0000000E+30              2497       
 NEXT SEEDS:1B2D766C      13       0       0       0       0      10    3039       0       0
  Comptn_2: TXYZ:   1.0000000000034064       U,V,W  0.86180902430534445       0.49364116350696463      -0.11663450313164958     
  Comptn_2: TXYZ:  0.99999999999777045       U,V,W  0.63580831313640118      -0.57952126820812566       0.50980671694168578     
  Comptn_2: TXYZ:   1.0000000000588805       U,V,W  0.77552777549707974      -0.62855079454658380       -5.8996340278781645E-002
       1960                   193                   193             1.7714809E-01         1.0000000E+30              2498       
 NEXT SEEDS:1DC5925A      13       0       0       0       0      10    3039       0       0
       2000                   153                   153             1.7629345E-01         1.0000000E+30              2504       
 NEXT SEEDS:2181B997      13       0       0       0       0      10    3039       0       0
       2040                   113                   113             1.7429637E-01         1.0000000E+30              2584       
 NEXT SEEDS:23AC3820      13       0       0       0       0      10    3039       0       0
  Comptn_2: TXYZ:   1.0000000000307792       U,V,W -0.79351127594722470       0.17070052570130656      -0.58412428942878591     
       2080                    73                    73             1.7269370E-01         1.0000000E+30              2587       
 NEXT SEEDS:2647C21E      13       0       0       0       0      10    3039       0       0
  Comptn_2: TXYZ:  0.99999999999791145       U,V,W  0.59054251470745456      -0.41248958275278369       0.69362229090575056     
       2103                    50                    50             1.7250250E-01         1.0000000E+30              2587       
 NEXT SEEDS:28BBCA05      13       0       0       0       0      10    3039       0       0
       2104                    49                    49             1.7242173E-01         1.0000000E+30              2587       
 NEXT SEEDS:28BC2634      13       0       0       0       0      10    3039       0       0
       2105                    48                    48             1.7234020E-01         1.0000000E+30              2587       
 NEXT SEEDS:28BC40A5      13       0       0       0       0      10    3039       0       0
       2106                    47                    47             1.7229190E-01         1.0000000E+30              2587       
 NEXT SEEDS:28C945B7      13       0       0       0       0      10    3039       0       0
       2107                    46                    46             1.7224555E-01         1.0000000E+30              2587       
 NEXT SEEDS:28D64A73      13       0       0       0       0      10    3039       0       0
       2108                    45                    45             1.7216391E-01         1.0000000E+30              2587       
 NEXT SEEDS:28D64A77      13       0       0       0       0      10    3039       0       0
       2109                    44                    44             1.7223646E-01         1.0000000E+30              2591       
 NEXT SEEDS:29139084      13       0       0       0       0      10    3039       0       0
       2110                    43                    43             1.7215490E-01         1.0000000E+30              2591       
 NEXT SEEDS:29139088      13       0       0       0       0      10    3039       0       0
       2111                    42                    42             1.7207340E-01         1.0000000E+30              2591       
 NEXT SEEDS:2913908C      13       0       0       0       0      10    3039       0       0
       2112                    41                    41             1.7201779E-01         1.0000000E+30              2591       
 NEXT SEEDS:291DCBD5      13       0       0       0       0      10    3039       0       0
       2113                    40                    40             1.7202975E-01         1.0000000E+30              2592       
 NEXT SEEDS:29424FBE      13       0       0       0       0      10    3039       0       0
       2114                    39                    39             1.7194843E-01         1.0000000E+30              2592       
 NEXT SEEDS:29424FC2      13       0       0       0       0      10    3039       0       0
       2115                    38                    38             1.7186964E-01         1.0000000E+30              2592       
 NEXT SEEDS:294332A8      13       0       0       0       0      10    3039       0       0
       2116                    37                    37             1.7178848E-01         1.0000000E+30              2592       
 NEXT SEEDS:294332AC      13       0       0       0       0      10    3039       0       0
       2117                    36                    36             1.7170737E-01         1.0000000E+30              2592       
 NEXT SEEDS:294332B0      13       0       0       0       0      10    3039       0       0
       2118                    35                    35             1.7180132E-01         1.0000000E+30              2599       
 NEXT SEEDS:2989A5C3      13       0       0       0       0      10    3039       0       0
       2119                    34                    34             1.7182181E-01         1.0000000E+30              2600       
 NEXT SEEDS:29B1AEF1      13       0       0       0       0      10    3039       0       0
       2120                    33                    33             1.7186355E-01         1.0000000E+30              2600       
 NEXT SEEDS:29E05A4C      13       0       0       0       0      10    3039       0       0
       2121                    32                    32             1.7178259E-01         1.0000000E+30              2600       
 NEXT SEEDS:29E05A50      13       0       0       0       0      10    3039       0       0
       2122                    31                    31             1.7170191E-01         1.0000000E+30              2600       
 NEXT SEEDS:29E06A94      13       0       0       0       0      10    3039       0       0
       2123                    30                    30             1.7165066E-01         1.0000000E+30              2601       
 NEXT SEEDS:29EC5B72      13       0       0       0       0      10    3039       0       0
       2124                    29                    29             1.7165305E-01         1.0000000E+30              2601       
 NEXT SEEDS:2A0DDE89      13       0       0       0       0      10    3039       0       0
       2125                    28                    28             1.7157233E-01         1.0000000E+30              2601       
 NEXT SEEDS:2A0DDE8D      13       0       0       0       0      10    3039       0       0
       2126                    27                    27             1.7207154E-01         1.0000000E+30              2601       
 NEXT SEEDS:2AF63455      13       0       0       0       0      10    3039       0       0
       2127                    26                    26             1.7199217E-01         1.0000000E+30              2601       
 NEXT SEEDS:2AF6B135      13       0       0       0       0      10    3039       0       0
       2128                    25                    25             1.7200589E-01         1.0000000E+30              2602       
 NEXT SEEDS:2B1CC9CD      13       0       0       0       0      10    3039       0       0
       2129                    24                    24             1.7192547E-01         1.0000000E+30              2602       
 NEXT SEEDS:2B1CE2FE      13       0       0       0       0      10    3039       0       0
       2130                    23                    23             1.7184481E-01         1.0000000E+30              2602       
 NEXT SEEDS:2B1CE302      13       0       0       0       0      10    3039       0       0
  Comptn_2: TXYZ:   1.0000000000010618       U,V,W  -8.5160512921618192E-002  0.93491251989860835       0.34450873309224406     
       2131                    22                    22             1.7236587E-01         1.0000000E+30              2602       
 NEXT SEEDS:2C1556E1      13       0       0       0       0      10    3039       0       0
       2132                    21                    21             1.7235173E-01         1.0000000E+30              2602       
 NEXT SEEDS:2C30E829      13       0       0       0       0      10    3039       0       0
       2133                    20                    20             1.7228077E-01         1.0000000E+30              2602       
 NEXT SEEDS:2C34797D      13       0       0       0       0      10    3039       0       0
       2134                    19                    19             1.7220009E-01         1.0000000E+30              2602       
 NEXT SEEDS:2C347981      13       0       0       0       0      10    3039       0       0
       2135                    18                    18             1.7213080E-01         1.0000000E+30              2602       
 NEXT SEEDS:2C38BD5A      13       0       0       0       0      10    3039       0       0
       2136                    17                    17             1.7205210E-01         1.0000000E+30              2602       
 NEXT SEEDS:2C394808      13       0       0       0       0      10    3039       0       0
       2137                    16                    16             1.7227945E-01         1.0000000E+30              2604       
 NEXT SEEDS:2CB7C6F7      13       0       0       0       0      10    3039       0       0
       2138                    15                    15             1.7219894E-01         1.0000000E+30              2604       
 NEXT SEEDS:2CB7C6FB      13       0       0       0       0      10    3039       0       0
       2139                    14                    14             1.7211915E-01         1.0000000E+30              2604       
 NEXT SEEDS:2CB7FEAC      13       0       0       0       0      10    3039       0       0
       2140                    13                    13             1.7207410E-01         1.0000000E+30              2604       
 NEXT SEEDS:2CC6522F      13       0       0       0       0      10    3039       0       0
       2141                    12                    12             1.7217642E-01         1.0000000E+30              2604       
 NEXT SEEDS:2D099E2F      13       0       0       0       0      10    3039       0       0
       2142                    11                    11             1.7209663E-01         1.0000000E+30              2604       
 NEXT SEEDS:2D09C74A      13       0       0       0       0      10    3039       0       0
       2143                    10                    10             1.7223451E-01         1.0000000E+30              2604       
 NEXT SEEDS:2D6173FF      13       0       0       0       0      10    3039       0       0
       2144                     9                     9             1.7215427E-01         1.0000000E+30              2604       
 NEXT SEEDS:2D617403      13       0       0       0       0      10    3039       0       0
       2145                     8                     8             1.7213927E-01         1.0000000E+30              2604       
 NEXT SEEDS:2D7B258C      13       0       0       0       0      10    3039       0       0
       2146                     7                     7             1.7210425E-01         1.0000000E+30              2604       
 NEXT SEEDS:2D8CB689      13       0       0       0       0      10    3039       0       0
       2147                     6                     6             1.7203734E-01         1.0000000E+30              2604       
 NEXT SEEDS:2D91762C      13       0       0       0       0      10    3039       0       0
       2148                     5                     5             1.7195729E-01         1.0000000E+30              2604       
 NEXT SEEDS:2D917630      13       0       0       0       0      10    3039       0       0
       2149                     4                     4             1.7187877E-01         1.0000000E+30              2604       
 NEXT SEEDS:2D91ED9F      13       0       0       0       0      10    3039       0       0
       2150                     3                     3             1.7180045E-01         1.0000000E+30              2604       
 NEXT SEEDS:2D926267      13       0       0       0       0      10    3039       0       0
       2151                     2                     2             1.7172241E-01         1.0000000E+30              2604       
 NEXT SEEDS:2D92F1B4      13       0       0       0       0      10    3039       0       0
  Comptn_2: TXYZ:   1.0000000000030120       U,V,W  0.49144030182948484      -0.50036096865864721      -0.71282910349096795     
       2152                     1                     1             1.7557029E-01         1.0000000E+30              2604       
 NEXT SEEDS:33D8F2A8      13       0       0       0       0      10    3039       0       0
       2153                     0                     1             1.7548874E-01         1.0000000E+30              2604       
 NEXT SEEDS:33D93C99      13       0       0       0       0      10    3039       0       0
