1NUMBER OF BEAM       NUMBER OF BEAM        APPROXIMATE NUMBER    AVERAGE TIME USED     TIME LEFT (RESERVED   NUMBER OF STARS
 PARTICLES HANDLED    PARTICLES LEFT        OF BEAM PARTICLES     BY A BEAM PARTICLE     10000.0 SECONDS      CREATED
                                            THAT CAN STILL BE                           FOR PRINTOUT)
                                            HANDLED

 NEXT SEEDS:       0       0       0       0       0       0      10    3039       0       0
          1                  2152                  2152             8.2969666E-05         1.0000000E+30                 0       
 NEXT SEEDS:       4       0       0       0       0       0      10    3039       0       0
         40                  2113                  2113             1.1052235E-01         1.0000000E+30                 4       
 NEXT SEEDS: 32422EB       0       0       0       0       0      10    3039       0       0
  Comptn_2: TXYZ:  0.99999999999763489       U,V,W -0.47768919084669648       0.14139018752878485       0.86707661242616751     
         80                  2073                  2073             2.4445668E-01         1.0000000E+30                 5       
 NEXT SEEDS: DDE8755       0       0       0       0       0      10    3039       0       0
        120                  2033                  2033             2.4460509E-01         1.0000000E+30                 5       
 NEXT SEEDS:15153BF7       0       0       0       0       0      10    3039       0       0
  Comptn_2: TXYZ:  0.99999999999775291       U,V,W -0.67173667833998607       0.48179550107591496      -0.56271034299497558     
        160                  1993                  1993             2.2390088E-01         1.0000000E+30                 8       
 NEXT SEEDS:19B35102       0       0       0       0       0      10    3039       0       0
  Comptn_2: TXYZ:  0.99999999999616551       U,V,W   6.5751537610978517E-002  0.80168548803258233      -0.59411877059719131     
        200                  1953                  1953             2.0107540E-01         1.0000000E+30                10       
 NEXT SEEDS:1CDB80E8       0       0       0       0       0      10    3039       0       0
        240                  1913                  1913             2.2367691E-01         1.0000000E+30                26       
 NEXT SEEDS:26BC08B4       0       0       0       0       0      10    3039       0       0
        280                  1873                  1873             1.9923583E-01         1.0000000E+30                28       
 NEXT SEEDS:2838E30A       0       0       0       0       0      10    3039       0       0
        320                  1833                  1833             1.8694437E-01         1.0000000E+30                32       
 NEXT SEEDS:2AFA2141       0       0       0       0       0      10    3039       0       0
  Comptn_2: TXYZ:  0.99999999999566525       U,V,W -0.84795684879799538       0.44686593009650011      -0.28509651539650349     
  Comptn_2: TXYZ:   1.0000000000704559       U,V,W -0.84017534266558869       0.21382660631940098       0.49838095476968647     
  *** Kbar: P_min > 1.8 GeV/c:           25   5.1537733559332821     
  *** Kbar: P_min > 1.8 GeV/c:           25   5.3674654768436794     
  *** Kaon: P_min > 1.5 GeV/c:           15   5.0747808882701140     
  *** Kaon: P_min > 1.5 GeV/c:           15   3.9405137047004213     
        360                  1793                  1793             1.7597935E-01         1.0000000E+30               193       
 NEXT SEEDS:2D88C807       0       0       0       0       0      10    3039       0       0
        400                  1753                  1753             1.7483018E-01         1.0000000E+30               340       
 NEXT SEEDS:3211E030       0       0       0       0       0      10    3039       0       0
        440                  1713                  1713             1.6381178E-01         1.0000000E+30               343       
 NEXT SEEDS:3394BD96       0       0       0       0       0      10    3039       0       0
  Comptn_2: TXYZ:  0.99999999999279154       U,V,W  0.93524930079268387       0.20066491746376869       0.29162019178864540     
  Comptn_2: TXYZ:  0.99999999999884159       U,V,W  0.87002558961243737       0.35484103692704139      -0.34226205154956091     
        480                  1673                  1673             1.6597359E-01         1.0000000E+30               343       
 NEXT SEEDS:39133111       0       0       0       0       0      10    3039       0       0
        520                  1633                  1633             1.8138001E-01         1.0000000E+30               347       
 NEXT SEEDS: 7FBC733       1       0       0       0       0      10    3039       0       0
  *** Kaon: P_min > 1.5 GeV/c:           15   11.993841205548124     
  *** Kaon: P_min > 1.5 GeV/c:           15   14.580651353924553     
  *** Kaon: P_min > 1.5 GeV/c:           24   5.5888353744142369     
  *** Kaon: P_min > 1.5 GeV/c:           24   5.5884745542632386     
  *** Kaon: P_min > 1.5 GeV/c:           24   5.2167043966272928     
  *** Kaon: P_min > 1.5 GeV/c:           24   3.4292042003572951     
  *** Kaon: P_min > 1.5 GeV/c:           24   3.6024061421888929     
  Comptn_2: TXYZ:  0.99999999999841716       U,V,W  0.29525738397810741       0.94553257584628359      -0.13708108993699142     
  Comptn_2: TXYZ:   1.0000000000011018       U,V,W  0.39605672226363708      -0.54475788605049047       0.73917380793470144     
  Comptn_2: TXYZ:   1.0000000000011551       U,V,W -0.87896699811228274      -0.19851764176428333       0.43359861870050409     
        560                  1593                  1593             1.9776496E-01         1.0000000E+30               381       
 NEXT SEEDS:1440484D       1       0       0       0       0      10    3039       0       0
        600                  1553                  1553             2.0057803E-01         1.0000000E+30               387       
 NEXT SEEDS:1B38E1B5       1       0       0       0       0      10    3039       0       0
  *** Kbar: P_min > 1.8 GeV/c:           16   20.603833719215682     
  *** Kbar: P_min > 1.8 GeV/c:           16   20.684291279951406     
  *** Kbar: P_min > 1.8 GeV/c:           25   10.908741208350239     
  *** Kaon: P_min > 1.5 GeV/c:           15   1.5529610224221910     
  *** Kaon: P_min > 1.5 GeV/c:           15   1.7371536198501785     
  *** Kbar: P_min > 1.8 GeV/c:           25   10.908691358314780     
  *** Kbar: P_min > 1.8 GeV/c:           25   13.035133026605418     
  *** Kbar: P_min > 1.8 GeV/c:           25   12.287410770112627     
  *** Kbar: P_min > 1.8 GeV/c:           25   3.5214141504773240     
        640                  1513                  1513             1.9600811E-01         1.0000000E+30               507       
 NEXT SEEDS:1ED17E9F       1       0       0       0       0      10    3039       0       0
        680                  1473                  1473             1.9119793E-01         1.0000000E+30               597       
 NEXT SEEDS:220ADE74       1       0       0       0       0      10    3039       0       0
  Comptn_2: TXYZ:   1.0000000000040978       U,V,W  0.15541611657107524       0.86194821057989657       0.48258793291189761     
  Comptn_2: TXYZ:   1.0000000000034444       U,V,W -0.10995783036213425      -0.74326998548006307       0.65989317637778555     
        720                  1433                  1433             2.0252372E-01         1.0000000E+30               604       
 NEXT SEEDS:2D138F26       1       0       0       0       0      10    3039       0       0
        760                  1393                  1393             1.9547435E-01         1.0000000E+30               605       
 NEXT SEEDS:2F0B21C8       1       0       0       0       0      10    3039       0       0
        800                  1353                  1353             1.9242611E-01         1.0000000E+30               605       
 NEXT SEEDS:32CFE3BD       1       0       0       0       0      10    3039       0       0
  Comptn_2: TXYZ:  0.99999999999824518       U,V,W  0.82094234673471433       0.29152022467479100       0.49098841324567388     
        840                  1313                  1313             1.8692509E-01         1.0000000E+30               629       
 NEXT SEEDS:34FE33D4       1       0       0       0       0      10    3039       0       0
  Comptn_2: TXYZ:   1.0000000000013380       U,V,W  0.74719705089763977      -0.45136222896750056       0.48782036180616473     
        880                  1273                  1273             2.0006132E-01         1.0000000E+30               630       
 NEXT SEEDS: 65D56A3       2       0       0       0       0      10    3039       0       0
        920                  1233                  1233             1.9842647E-01         1.0000000E+30               632       
 NEXT SEEDS: AFE1343       2       0       0       0       0      10    3039       0       0
        960                  1193                  1193             1.9587638E-01         1.0000000E+30               656       
 NEXT SEEDS: EF1F976       2       0       0       0       0      10    3039       0       0
  Comptn_2: TXYZ:  0.99999999999880240       U,V,W  0.90965511810731758      -0.15153954999782115       0.38673418634305179     
       1000                  1153                  1153             1.9762433E-01         1.0000000E+30               660       
 NEXT SEEDS:152B3C3D       2       0       0       0       0      10    3039       0       0
       1040                  1113                  1113             1.9382408E-01         1.0000000E+30               667       
 NEXT SEEDS:17FF4EB4       2       0       0       0       0      10    3039       0       0
       1080                  1073                  1073             1.9264699E-01         1.0000000E+30               673       
 NEXT SEEDS:1C80135E       2       0       0       0       0      10    3039       0       0
       1120                  1033                  1033             1.8880853E-01         1.0000000E+30               680       
 NEXT SEEDS:1EE9BD11       2       0       0       0       0      10    3039       0       0
  Comptn_2: TXYZ:  0.99999999999394551       U,V,W -0.98242717151300951      -0.13523900271931666      -0.12863617224707014     
  Comptn_2: TXYZ:   1.0000000000024287       U,V,W  0.29323880041244621      -0.25363673620304894       0.92178056606947578     
       1160                   993                   993             1.8505898E-01         1.0000000E+30               696       
 NEXT SEEDS:212CBE46       2       0       0       0       0      10    3039       0       0
       1200                   953                   953             1.8167608E-01         1.0000000E+30               701       
 NEXT SEEDS:23775FE4       2       0       0       0       0      10    3039       0       0
  *** Hhflev: call to Hadriv !! ***  0.63371174908555084        3.5000000000000000        1.4555210465729671               23 T F T
       1240                   913                   913             1.8077449E-01         1.0000000E+30               713       
 NEXT SEEDS:27DDBE65       2       0       0       0       0      10    3039       0       0
  Comptn_2: TXYZ:   1.0000000000081490       U,V,W -0.46781310351769889      -0.88333061819268721       -2.9629700447571850E-002
  Comptn_2: TXYZ:   1.0000000000033045       U,V,W  0.71308179927275717       0.69879220680762444        5.6602113513207541E-002
  Comptn_2: TXYZ:  0.99999999999693823       U,V,W  0.32024495315231150      -0.94581560074448845       -5.3628531266056712E-002
  Comptn_2: TXYZ:  0.99999999999103917       U,V,W -0.82160842621144070        3.3427544015125932E-002 -0.56907134286529981     
  Comptn_2: TXYZ:  0.99999999998542566       U,V,W  0.96947446853586428      -0.17736437969344365      -0.16929598831185899     
  Comptn_2: TXYZ:  0.99999999998162437       U,V,W  -4.3057475212492591E-002  0.99887474451737712        1.9882116972155472E-002
  Comptn_2: TXYZ:   1.0000000000010112       U,V,W -0.33918881086018970       0.37385720846314285      -0.86323909681409106     
       1280                   873                   873             1.9045817E-01         1.0000000E+30               721       
 NEXT SEEDS:363F1F13       2       0       0       0       0      10    3039       0       0
       1320                   833                   833             1.8647322E-01         1.0000000E+30               788       
 NEXT SEEDS:37E13EA9       2       0       0       0       0      10    3039       0       0
       1360                   793                   793             1.8412327E-01         1.0000000E+30               845       
 NEXT SEEDS:3ADFB309       2       0       0       0       0      10    3039       0       0
  Comptn_2: TXYZ:   1.0000000000010052       U,V,W  0.91316402609616176       0.40724296789956327        1.6870878495465647E-002
  Comptn_2: TXYZ:  0.99999999999780242       U,V,W  0.87067606173035017       0.18277634766566564      -0.45663552452862177     
       1400                   753                   753             1.8169189E-01         1.0000000E+30               851       
 NEXT SEEDS: 20C45A8       3       0       0       0       0      10    3039       0       0
       1440                   713                   713             1.7914366E-01         1.0000000E+30               853       
 NEXT SEEDS: 4A40DE5       3       0       0       0       0      10    3039       0       0
  Comptn_2: TXYZ:   1.0000000000028715       U,V,W  0.85682346511567431       0.47864527883858132       0.19170875482245719     
  Comptn_2: TXYZ:   1.0000000000137483       U,V,W  0.18950203081294603       0.88152014825867786      -0.43244792581941738     
  Comptn_2: TXYZ:  0.99999999999888567       U,V,W   6.4908651891840918E-002 -0.68438632523100296      -0.72622463793599934     
  Comptn_2: TXYZ:  0.99999999999032285       U,V,W  0.97611986816476981        7.4032263305014112E-002  0.20422836961169821     
  Comptn_2: TXYZ:  0.99999999999668965       U,V,W  0.65352441302815123      -0.19060791878136030      -0.73251243188818194     
       1480                   673                   673             1.7953694E-01         1.0000000E+30               893       
 NEXT SEEDS: A454BED       3       0       0       0       0      10    3039       0       0
       1520                   633                   633             1.7732051E-01         1.0000000E+30               897       
 NEXT SEEDS: CF4B042       3       0       0       0       0      10    3039       0       0
       1560                   593                   593             1.7374861E-01         1.0000000E+30               899       
 NEXT SEEDS: E10ADB0       3       0       0       0       0      10    3039       0       0
  Comptn_2: TXYZ:  0.99999999999892997       U,V,W -0.95160695541652363       0.21158029013215440      -0.22288558326957286     
       1600                   553                   553             1.7451648E-01         1.0000000E+30               900       
 NEXT SEEDS:140E3506       3       0       0       0       0      10    3039       0       0
  Comptn_2: TXYZ:  0.99999999999806499       U,V,W -0.83949234359157998      -0.39030501847427956       0.37804047085328563     
       1640                   513                   513             1.7502309E-01         1.0000000E+30               986       
 NEXT SEEDS:19DD7BFD       3       0       0       0       0      10    3039       0       0
       1680                   473                   473             1.7278585E-01         1.0000000E+30               986       
 NEXT SEEDS:1C246939       3       0       0       0       0      10    3039       0       0
       1720                   433                   433             1.7178268E-01         1.0000000E+30               987       
 NEXT SEEDS:1FEB72FE       3       0       0       0       0      10    3039       0       0
       1760                   393                   393             1.7015984E-01         1.0000000E+30               987       
 NEXT SEEDS:22CCE162       3       0       0       0       0      10    3039       0       0
  Comptn_2: TXYZ:  0.99999999999899181       U,V,W  0.28080667916025703      -0.93552913767429047      -0.21431948464938699     
       1800                   353                   353             1.6788021E-01         1.0000000E+30               995       
 NEXT SEEDS:24C2CF7E       3       0       0       0       0      10    3039       0       0
       1840                   313                   313             1.6700819E-01         1.0000000E+30              1002       
 NEXT SEEDS:2879A86D       3       0       0       0       0      10    3039       0       0
       1880                   273                   273             1.6600357E-01         1.0000000E+30              1006       
 NEXT SEEDS:2BE0D621       3       0       0       0       0      10    3039       0       0
  Comptn_2: TXYZ:  0.99999999999835054       U,V,W -0.10557746276924718      -0.96430611485886253       0.24283145636297832     
  Comptn_2: TXYZ:  0.99999999999815004       U,V,W  0.46502454481067446        3.3095747176332679E-002 -0.88467894981208595     
  Comptn_2: TXYZ:   1.0000000000013420       U,V,W -0.23007056745841226      -0.82255781635076630      -0.52006362375286841     
       1920                   233                   233             1.6867553E-01         1.0000000E+30              1057       
 NEXT SEEDS:344B8600       3       0       0       0       0      10    3039       0       0
       1960                   193                   193             1.6944927E-01         1.0000000E+30              1059       
 NEXT SEEDS:3A6035AF       3       0       0       0       0      10    3039       0       0
       2000                   153                   153             1.6877540E-01         1.0000000E+30              1062       
 NEXT SEEDS: 2B7E248       4       0       0       0       0      10    3039       0       0
  Comptn_2: TXYZ:   1.0000000000127358       U,V,W -0.49134888901641105       0.86067455483763311      -0.13347501612705059     
  Comptn_2: TXYZ:   1.0000000000032945       U,V,W -0.94968459956260531       0.28263396187112733      -0.13497112637130471     
  Comptn_2: TXYZ:  0.99999999999822831       U,V,W  0.74905920962293493      -0.12127991590650566      -0.65130751759441807     
       2040                   113                   113             1.7092234E-01         1.0000000E+30              1363       
 NEXT SEEDS: A9F41AC       4       0       0       0       0      10    3039       0       0
  Comptn_2: TXYZ:   1.0000000000011755       U,V,W -0.85988256507769023      -0.50292316085483435        8.7580069378653036E-002
  Comptn_2: TXYZ:  0.99999999999806888       U,V,W  0.84714247440545876       0.27424619612722267       0.45512487513430244     
       2080                    73                    73             1.7214324E-01         1.0000000E+30              1373       
 NEXT SEEDS:1139BEA4       4       0       0       0       0      10    3039       0       0
  Comptn_2: TXYZ:   1.0000000000013445       U,V,W -0.18517363332874126       0.95900014676913514       0.21454473663540341     
       2103                    50                    50             1.7110822E-01         1.0000000E+30              1374       
 NEXT SEEDS:12868EBD       4       0       0       0       0      10    3039       0       0
       2104                    49                    49             1.7103105E-01         1.0000000E+30              1374       
 NEXT SEEDS:1287B818       4       0       0       0       0      10    3039       0       0
       2105                    48                    48             1.7099899E-01         1.0000000E+30              1374       
 NEXT SEEDS:129BAED3       4       0       0       0       0      10    3039       0       0
       2106                    47                    47             1.7091785E-01         1.0000000E+30              1374       
 NEXT SEEDS:129BAED7       4       0       0       0       0      10    3039       0       0
       2107                    46                    46             1.7084271E-01         1.0000000E+30              1374       
 NEXT SEEDS:129DB608       4       0       0       0       0      10    3039       0       0
       2108                    45                    45             1.7081231E-01         1.0000000E+30              1374       
 NEXT SEEDS:12B010EA       4       0       0       0       0      10    3039       0       0
       2109                    44                    44             1.7073137E-01         1.0000000E+30              1374       
 NEXT SEEDS:12B010EE       4       0       0       0       0      10    3039       0       0
       2110                    43                    43             1.7065092E-01         1.0000000E+30              1374       
 NEXT SEEDS:12B03155       4       0       0       0       0      10    3039       0       0
       2111                    42                    42             1.7064521E-01         1.0000000E+30              1374       
 NEXT SEEDS:12C73D23       4       0       0       0       0      10    3039       0       0
       2112                    41                    41             1.7059541E-01         1.0000000E+30              1374       
 NEXT SEEDS:12D387A7       4       0       0       0       0      10    3039       0       0
       2113                    40                    40             1.7058352E-01         1.0000000E+30              1374       
 NEXT SEEDS:12EEABB5       4       0       0       0       0      10    3039       0       0
       2114                    39                    39             1.7062975E-01         1.0000000E+30              1374       
 NEXT SEEDS:131B8AAC       4       0       0       0       0      10    3039       0       0
       2115                    38                    38             1.7065530E-01         1.0000000E+30              1375       
 NEXT SEEDS:13432099       4       0       0       0       0      10    3039       0       0
       2116                    37                    37             1.7061401E-01         1.0000000E+30              1375       
 NEXT SEEDS:1352DFEE       4       0       0       0       0      10    3039       0       0
       2117                    36                    36             1.7053519E-01         1.0000000E+30              1375       
 NEXT SEEDS:135382DB       4       0       0       0       0      10    3039       0       0
       2118                    35                    35             1.7047724E-01         1.0000000E+30              1375       
 NEXT SEEDS:135C6635       4       0       0       0       0      10    3039       0       0
       2119                    34                    34             1.7040279E-01         1.0000000E+30              1375       
 NEXT SEEDS:135EF515       4       0       0       0       0      10    3039       0       0
       2120                    33                    33             1.7034455E-01         1.0000000E+30              1375       
 NEXT SEEDS:13670735       4       0       0       0       0      10    3039       0       0
       2121                    32                    32             1.7026466E-01         1.0000000E+30              1375       
 NEXT SEEDS:136723CC       4       0       0       0       0      10    3039       0       0
       2122                    31                    31             1.7018512E-01         1.0000000E+30              1375       
 NEXT SEEDS:136756DC       4       0       0       0       0      10    3039       0       0
       2123                    30                    30             1.7010663E-01         1.0000000E+30              1375       
 NEXT SEEDS:1367EA38       4       0       0       0       0      10    3039       0       0
       2124                    29                    29             1.7006782E-01         1.0000000E+30              1375       
 NEXT SEEDS:1378E5A0       4       0       0       0       0      10    3039       0       0
       2125                    28                    28             1.7081986E-01         1.0000000E+30              1375       
 NEXT SEEDS:14A5AA8F       4       0       0       0       0      10    3039       0       0
       2126                    27                    27             1.7078328E-01         1.0000000E+30              1375       
 NEXT SEEDS:14B73D11       4       0       0       0       0      10    3039       0       0
       2127                    26                    26             1.7071647E-01         1.0000000E+30              1375       
 NEXT SEEDS:14BC2AA4       4       0       0       0       0      10    3039       0       0
       2128                    25                    25             1.7063731E-01         1.0000000E+30              1375       
 NEXT SEEDS:14BC88E2       4       0       0       0       0      10    3039       0       0
       2129                    24                    24             1.7061906E-01         1.0000000E+30              1375       
 NEXT SEEDS:14D54B8D       4       0       0       0       0      10    3039       0       0
       2130                    23                    23             1.7058555E-01         1.0000000E+30              1375       
 NEXT SEEDS:14E6FB94       4       0       0       0       0      10    3039       0       0
       2131                    22                    22             1.7050556E-01         1.0000000E+30              1375       
 NEXT SEEDS:14E6FB98       4       0       0       0       0      10    3039       0       0
       2132                    21                    21             1.7051220E-01         1.0000000E+30              1378       
 NEXT SEEDS:150A1B7B       4       0       0       0       0      10    3039       0       0
       2133                    20                    20             1.7053073E-01         1.0000000E+30              1378       
 NEXT SEEDS:152FC83D       4       0       0       0       0      10    3039       0       0
       2134                    19                    19             1.7045088E-01         1.0000000E+30              1378       
 NEXT SEEDS:152FC841       4       0       0       0       0      10    3039       0       0
       2135                    18                    18             1.7037150E-01         1.0000000E+30              1378       
 NEXT SEEDS:152FEA24       4       0       0       0       0      10    3039       0       0
       2136                    17                    17             1.7029179E-01         1.0000000E+30              1378       
 NEXT SEEDS:152FEA28       4       0       0       0       0      10    3039       0       0
       2137                    16                    16             1.7021215E-01         1.0000000E+30              1378       
 NEXT SEEDS:152FEA2C       4       0       0       0       0      10    3039       0       0
       2138                    15                    15             1.7015175E-01         1.0000000E+30              1378       
 NEXT SEEDS:15375875       4       0       0       0       0      10    3039       0       0
       2139                    14                    14             1.7034822E-01         1.0000000E+30              1378       
 NEXT SEEDS:159867CC       4       0       0       0       0      10    3039       0       0
       2140                    13                    13             1.7026916E-01         1.0000000E+30              1378       
 NEXT SEEDS:15988B83       4       0       0       0       0      10    3039       0       0
       2141                    12                    12             1.7018969E-01         1.0000000E+30              1378       
 NEXT SEEDS:15988B87       4       0       0       0       0      10    3039       0       0
       2142                    11                    11             1.7011027E-01         1.0000000E+30              1378       
 NEXT SEEDS:15988B8B       4       0       0       0       0      10    3039       0       0
       2143                    10                    10             1.7003095E-01         1.0000000E+30              1378       
 NEXT SEEDS:15988B8F       4       0       0       0       0      10    3039       0       0
       2144                     9                     9             1.6995169E-01         1.0000000E+30              1378       
 NEXT SEEDS:15988B93       4       0       0       0       0      10    3039       0       0
       2145                     8                     8             1.6987250E-01         1.0000000E+30              1378       
 NEXT SEEDS:15988B97       4       0       0       0       0      10    3039       0       0
       2146                     7                     7             1.6979434E-01         1.0000000E+30              1378       
 NEXT SEEDS:1598D5DA       4       0       0       0       0      10    3039       0       0
       2147                     6                     6             1.6973011E-01         1.0000000E+30              1378       
 NEXT SEEDS:159D98B3       4       0       0       0       0      10    3039       0       0
       2148                     5                     5             1.6980802E-01         1.0000000E+30              1378       
 NEXT SEEDS:15D7E4ED       4       0       0       0       0      10    3039       0       0
       2149                     4                     4             1.6974248E-01         1.0000000E+30              1378       
 NEXT SEEDS:15DC8472       4       0       0       0       0      10    3039       0       0
       2150                     3                     3             1.6966420E-01         1.0000000E+30              1378       
 NEXT SEEDS:15DCB50E       4       0       0       0       0      10    3039       0       0
       2151                     2                     2             1.6968630E-01         1.0000000E+30              1378       
 NEXT SEEDS:1606B8AA       4       0       0       0       0      10    3039       0       0
       2152                     1                     1             1.6968818E-01         1.0000000E+30              1378       
 NEXT SEEDS:1628A967       4       0       0       0       0      10    3039       0       0
       2153                     0                     1             1.6972588E-01         1.0000000E+30              1378       
 NEXT SEEDS:1656F521       4       0       0       0       0      10    3039       0       0
