  *** dp/dx:d,imat,ztar,ij,po,eo  -1.9416809525729661E-004          26   3.3731000000000000               36   1.8515960795556614        2.2749341454041905       ***
  ***       x,xoster,ccster,d0ster  0.14641007670209907       0.14640000000000000       -3.1997000000000000        0.0000000000000000       ***
  *** dp/dx:d,imat,ztar,ij,po,eo  -1.9416809525729661E-004          26   3.3731000000000000               37   1.8515960795556614        2.2749341454041905       ***
  ***       x,xoster,ccster,d0ster  0.14641007670209907       0.14640000000000000       -3.1997000000000000        0.0000000000000000       ***
1NUMBER OF BEAM       NUMBER OF BEAM        APPROXIMATE NUMBER    AVERAGE TIME USED     TIME LEFT (RESERVED   NUMBER OF STARS
 PARTICLES HANDLED    PARTICLES LEFT        OF BEAM PARTICLES     BY A BEAM PARTICLE     10000.0 SECONDS      CREATED
                                            THAT CAN STILL BE                           FOR PRINTOUT)
                                            HANDLED

 NEXT SEEDS:       0       0       0       0       0       0      35    3039       0       0
          1                  2846                  2846             5.1255202E-01         1.0000000E+30                 0       
 NEXT SEEDS:  5FBD41       0       0       0       0       0      35    3039       0       0
  Comptn_2: TXYZ:  0.99999999999297373       U,V,W  0.58612414866064455       0.12105090364924820      -0.80112743123395092     
  Comptn_2: TXYZ:   1.0000000000045006       U,V,W  -5.5728696251378551E-002  0.48394469743632745      -0.87332230146829737     
         50                  2797                  2797             2.4036902E-01         1.0000000E+30                12       
 NEXT SEEDS: 8D4F2B9       0       0       0       0       0      35    3039       0       0
  Comptn_2: TXYZ:  0.99999999999722666       U,V,W -0.57633815604695826      -0.42300214579215378       0.69921635745801325     
        100                  2747                  2747             2.2441631E-01         1.0000000E+30                42       
 NEXT SEEDS:1090640C       0       0       0       0       0      35    3039       0       0
  Comptn_2: TXYZ:  0.99999999999821920       U,V,W  0.13508162119479294       0.49945460986464241       0.85574414885441286     
  Comptn_2: TXYZ:  0.99999999999724121       U,V,W   1.8775937447202296E-002  0.57453993201804110      -0.81826116288561845     
  Comptn_2: TXYZ:   1.0000000000027827       U,V,W -0.74292494998522329       0.51001742780782422       0.43352594158196212     
  Comptn_2: TXYZ:  0.99999999999804745       U,V,W  0.97423624879045079      -0.20384927766136229        9.6484213930047247E-002
  Comptn_2: TXYZ:  0.99999999999895461       U,V,W -0.68352476502407811        8.6417088876139303E-002 -0.72479375159275961     
  Comptn_2: TXYZ:   1.0000000000018625       U,V,W  0.23237007300400214       -1.3141352006016405E-003 -0.97262655846046675     
        150                  2697                  2697             2.8250577E-01         1.0000000E+30                78       
 NEXT SEEDS:1F89B3A1       0       0       0       0       0      35    3039       0       0
  Comptn_2: TXYZ:  0.99999999999536582       U,V,W -0.98899372638149075        3.8006964799964571E-002 -0.14299258652151536     
        200                  2647                  2647             2.7885050E-01         1.0000000E+30                87       
 NEXT SEEDS:29690FCF       0       0       0       0       0      35    3039       0       0
  Comptn_2: TXYZ:  0.99999999999815259       U,V,W -0.74389708964783097       -1.8308635690665653E-002 -0.66804334729924975     
  Comptn_2: TXYZ:  0.99999999999742972       U,V,W  -5.8569358086437262E-002  -2.3219419049056000E-002 -0.99801327088861735     
        250                  2597                  2597             2.6868321E-01         1.0000000E+30               146       
 NEXT SEEDS:31D7A8FB       0       0       0       0       0      35    3039       0       0
  Comptn_2: TXYZ:   1.0000000000050786       U,V,W  0.58293894794617529       0.68474295070626567      -0.43738915673637990     
  Comptn_2: TXYZ:   1.0000000000050608       U,V,W  -9.1070395533819237E-002  0.97932525984501240       0.18063282783556645     
        300                  2547                  2547             2.7233229E-01         1.0000000E+30               212       
 NEXT SEEDS:  F9CDC6       1       0       0       0       0      35    3039       0       0
  Comptn_2: TXYZ:   1.0000000000010907       U,V,W   1.7124691397796710E-002 -0.91075943568624673      -0.41258210728785905     
  Comptn_2: TXYZ:  0.99999999999608435       U,V,W  -5.3340833438312529E-002 -0.77517068434535374      -0.62949596155634424     
  Comptn_2: TXYZ:  0.99999999999869993       U,V,W -0.54180694039270350      -0.42793454940671882       0.72340670494892834     
        350                  2497                  2497             3.7430388E-01         1.0000000E+30               225       
 NEXT SEEDS:24A51538       1       0       0       0       0      35    3039       0       0
  Comptn_2: TXYZ:  0.99999999998419753       U,V,W  0.81097449748669703       0.41564315905044680      -0.41177800905944650     
  Comptn_2: TXYZ:  0.99999999999886846       U,V,W   7.5557062378805995E-003 -0.77366457692112700       0.63355034031998514     
        400                  2447                  2447             3.7653182E-01         1.0000000E+30               229       
 NEXT SEEDS:33047D03       1       0       0       0       0      35    3039       0       0
  *** Kaon: P_min > 1.5 GeV/c:           15   4.8772627997185074     
  *** Kbar: P_min > 1.8 GeV/c:           16   3.4419725251695508     
  *** Kbar: P_min > 1.8 GeV/c:           16   3.3461378424504762     
  *** Kbar: P_min > 1.8 GeV/c:           16   3.2819166005388785     
  *** Kbar: P_min > 1.8 GeV/c:           25   2.9954127240180104     
  *** Kbar: P_min > 1.8 GeV/c:           25   2.9948054006736160     
  *** Kbar: P_min > 1.8 GeV/c:           25   3.5587079071631300     
  *** Hhflev: call to Hadriv !! ***  0.56869890872482076        5.0000000000000000        1.5969993375349867               25 T F T
  *** Kaon: P_min > 1.5 GeV/c:           15   4.4558892333772224     
  *** Kaon: P_min > 1.5 GeV/c:           15   4.5812799246647575     
  *** Kaon: P_min > 1.5 GeV/c:           24   1.5641285082690861     
  *** Kaon: P_min > 1.5 GeV/c:           24   1.5640794556377411     
  Comptn_2: TXYZ:  0.99999999999534461       U,V,W -0.80679367886844489       -1.9151513501213913E-002  0.59052280164603133     
  *** Kbar: P_min > 1.8 GeV/c:           16   3.6317254765791258     
  *** Kbar: P_min > 1.8 GeV/c:           16   4.2747394022060430     
  *** Kbar: P_min > 1.8 GeV/c:           16   3.2595993362319797     
  *** Kbar: P_min > 1.8 GeV/c:           16   3.0704014060581071     
  *** Kbar: P_min > 1.8 GeV/c:           25   2.5046559713543917     
  *** Kbar: P_min > 1.8 GeV/c:           25   2.4086100942522761     
  *** Kbar: P_min > 1.8 GeV/c:           16   2.1941840842219600     
  *** Kbar: P_min > 1.8 GeV/c:           16   2.1099022804634213     
  *** Kaon: P_min > 1.5 GeV/c:           24   1.6809630205681729     
  Comptn_2: TXYZ:   1.0000000000017328       U,V,W  -4.8636026768399621E-002 -0.22828404475553299      -0.97237900625834683     
        450                  2397                  2397             4.0144025E-01         1.0000000E+30               410       
 NEXT SEEDS: DAB1EE1       2       0       0       0       0      35    3039       0       0
  Comptn_2: TXYZ:   1.0000000000012452       U,V,W -0.33751033719762802       0.11352053097245829      -0.93445163670129006     
        500                  2347                  2347             3.8736751E-01         1.0000000E+30               411       
 NEXT SEEDS:173FA460       2       0       0       0       0      35    3039       0       0
  Comptn_2: TXYZ:  0.99999999999643729       U,V,W  0.66561208406255901      -0.35284388632810249      -0.65761823684202625     
  Comptn_2: TXYZ:   1.0000000000011013       U,V,W -0.72238865164952415      -0.31743277249404400      -0.61432163474504820     
        550                  2297                  2297             3.7122522E-01         1.0000000E+30               416       
 NEXT SEEDS:1F107E80       2       0       0       0       0      35    3039       0       0
  Comptn_2: TXYZ:  0.99999999999859912       U,V,W   6.2167278496204403E-002 -0.61549447676964775       0.78568554686275860     
  Comptn_2: TXYZ:   1.0000000000012541       U,V,W -0.26644373418058365       0.31368380817001906      -0.91137818989106556     
  Comptn_2: TXYZ:   1.0000000000308928       U,V,W  0.94254867532862363       0.26368814505727300      -0.20511108410664747     
  Comptn_2: TXYZ:   1.0000000000016382       U,V,W -0.96658881838991384        8.8934153283531714E-002 -0.24040959328814182     
  Comptn_2: TXYZ:   1.0000000000099227       U,V,W  0.64932368953682840       0.40780824654283521       0.64192770641861330     
        600                  2247                  2247             3.8906661E-01         1.0000000E+30               954       
 NEXT SEEDS:35031376       2       0       0       0       0      35    3039       0       0
  Comptn_2: TXYZ:  0.99999999999725597       U,V,W  0.89023483689103955      -0.29664518370998394       0.34566395554716145     
        650                  2197                  2197             3.9153263E-01         1.0000000E+30               957       
 NEXT SEEDS: 903565C       3       0       0       0       0      35    3039       0       0
        700                  2147                  2147             3.9330997E-01         1.0000000E+30              1207       
 NEXT SEEDS:18911EF9       3       0       0       0       0      35    3039       0       0
  Comptn_2: TXYZ:   1.0000000000033222       U,V,W -0.40885046565689720      -0.48822622252804138      -0.77102299081898984     
        750                  2097                  2097             3.8411340E-01         1.0000000E+30              1236       
 NEXT SEEDS:22063703       3       0       0       0       0      35    3039       0       0
  Comptn_2: TXYZ:  0.99999999999434075       U,V,W  0.44768970900330451       0.66587202940125678      -0.59681518488383745     
  Comptn_2: TXYZ:  0.99999999999203903       U,V,W -0.12771209099075520      -0.99179407527778540        5.8424353390194028E-003
  Comptn_2: TXYZ:   1.0000000000011238       U,V,W  0.26168573879221668       -6.0651397684281960E-002 -0.96324554609551072     
        800                  2047                  2047             3.7819412E-01         1.0000000E+30              1241       
 NEXT SEEDS:2CBF2F4D       3       0       0       0       0      35    3039       0       0
        850                  1997                  1997             3.6875937E-01         1.0000000E+30              1244       
 NEXT SEEDS:34C53A64       3       0       0       0       0      35    3039       0       0
        900                  1947                  1947             3.6405073E-01         1.0000000E+30              1283       
 NEXT SEEDS: 3900307       4       0       0       0       0      35    3039       0       0
  Comptn_2: TXYZ:  0.99999999999833855       U,V,W  0.74372222574906743       0.54930421408444374      -0.38097523714050396     
        950                  1897                  1897             3.5459045E-01         1.0000000E+30              1390       
 NEXT SEEDS: A545F83       4       0       0       0       0      35    3039       0       0
  Comptn_2: TXYZ:   1.0000000000020945       U,V,W -0.63291561213626046      -0.77281625540429033       -4.6613981799112025E-002
  Comptn_2: TXYZ:  0.99999999999826261       U,V,W -0.32819929352568522       -1.7783823110386648E-002  0.94444108305551921     
       1000                  1847                  1847             3.5272140E-01         1.0000000E+30              1393       
 NEXT SEEDS:16395702       4       0       0       0       0      35    3039       0       0
  Comptn_2: TXYZ:   1.0000000000010072       U,V,W -0.43527867717031299       0.29959192481489083       0.84898595500018637     
  Comptn_2: TXYZ:   1.0000000000010576       U,V,W -0.42884135994210482      -0.63364918928812353       0.64388181595582239     
       1050                  1797                  1797             3.4790335E-01         1.0000000E+30              1968       
 NEXT SEEDS:1FA47E31       4       0       0       0       0      35    3039       0       0
  Comptn_2: TXYZ:  0.99999999999869937       U,V,W  0.80905780008151851       0.35398124959478139      -0.46917241080574001     
  Comptn_2: TXYZ:   1.0000000000020526       U,V,W -0.73696929367728359       0.66149401933770235       0.13893135916455179     
  Comptn_2: TXYZ:   1.0000000000040086       U,V,W  0.44922588700482891       0.87885637032536224       0.16064738649372146     
       1100                  1747                  1747             3.4909299E-01         1.0000000E+30              1974       
 NEXT SEEDS:2DE0E4B2       4       0       0       0       0      35    3039       0       0
  Comptn_2: TXYZ:   1.0000000000016722       U,V,W -0.19483237029853484      -0.14174001607612752      -0.97054114561324289     
  Comptn_2: TXYZ:  0.99999999999682077       U,V,W  0.80631110350273172        1.2342848305522125E-002 -0.59136288221424127     
       1150                  1697                  1697             3.6532630E-01         1.0000000E+30              2015       
 NEXT SEEDS: C87AAE9       5       0       0       0       0      35    3039       0       0
       1200                  1647                  1647             3.6693433E-01         1.0000000E+30              2017       
 NEXT SEEDS:1B8E1ED1       5       0       0       0       0      35    3039       0       0
  Comptn_2: TXYZ:  0.99999999999745059       U,V,W -0.85282065526804562      -0.52035249239037284        4.3934196348160981E-002
  Comptn_2: TXYZ:   1.0000000000011784       U,V,W  0.36487415628536013      -0.77922572446097504      -0.50958229994230919     
  Comptn_2: TXYZ:   1.0000000000010048       U,V,W  -2.1577051167973593E-002  0.14294675797269463       0.98949515170565405     
       1250                  1597                  1597             3.7545840E-01         1.0000000E+30              2420       
 NEXT SEEDS:31449108       5       0       0       0       0      35    3039       0       0
  Comptn_2: TXYZ:   1.0000000000033014       U,V,W -0.19936913039332183      -0.43034720033001861       0.88037107915788937     
  Comptn_2: TXYZ:   1.0000000000022977       U,V,W  0.32268957526206066      -0.70992931561506323      -0.62599664923209986     
       1300                  1547                  1547             3.7789435E-01         1.0000000E+30              2426       
 NEXT SEEDS: 599AB67       6       0       0       0       0      35    3039       0       0
  Comptn_2: TXYZ:  0.99999999999719003       U,V,W -0.87102867541671003       0.17314029180026580       0.45970804425670053     
       1350                  1497                  1497             3.8026078E-01         1.0000000E+30              2474       
 NEXT SEEDS:162137F8       6       0       0       0       0      35    3039       0       0
  Comptn_2: TXYZ:   1.0000000000010001       U,V,W -0.52915551161765251       0.82963889481472108      -0.17802738198453838     
  Comptn_2: TXYZ:   1.0000000000100819       U,V,W   9.9433961071037302E-002 -0.13665919189497799       0.98561511385855738     
  Comptn_2: TXYZ:  0.99999999999415323       U,V,W -0.43461742530027436        7.7530607693176989E-003  0.90058180287424250     
  Comptn_2: TXYZ:  0.99999999998402922       U,V,W -0.92623313906271676      -0.36504506731671427       -9.3990802282940322E-002
       1400                  1447                  1447             3.8598340E-01         1.0000000E+30              4161       
 NEXT SEEDS:2A6A43F5       6       0       0       0       0      35    3039       0       0
  Comptn_2: TXYZ:   1.0000000000039595       U,V,W  0.72854644513307742        3.5641881413596366E-002 -0.68406851526525791     
  Comptn_2: TXYZ:  0.99999999999844269       U,V,W  0.26430824756569393       0.52690328884119686      -0.80778343290483789     
  Comptn_2: TXYZ:  0.99999999999867062       U,V,W   1.5616937465324554E-002  0.29018285720854242       0.95684378069001497     
  Eventv: ekin+am < pla,ij,igreyt   3.1572399494458128        3.2343965725918467               30           5
  Comptn_2: TXYZ:  0.99999999999763522       U,V,W -0.27996938305965102      -0.45243876201180910       0.84670910658623200     
  Comptn_2: TXYZ:  0.99999999999878142       U,V,W  0.83083384730609389      -0.50218060062799097      -0.23985362728598858     
       1450                  1397                  1397             4.0769779E-01         1.0000000E+30              4173       
 NEXT SEEDS:14E5D9D1       7       0       0       0       0      35    3039       0       0
  Comptn_2: TXYZ:   1.0000000000027187       U,V,W  -3.0017176479319119E-002  0.85100931141835900      -0.52429201881983545     
  Comptn_2: TXYZ:   1.0000000000014546       U,V,W -0.54654467506141913       0.83101349364491739       0.10346734530049240     
       1500                  1347                  1347             4.0916618E-01         1.0000000E+30              4990       
 NEXT SEEDS:25988B25       7       0       0       0       0      35    3039       0       0
  Comptn_2: TXYZ:  0.99999999999731704       U,V,W -0.73022513955199120      -0.41034943336789809      -0.54624590442239196     
  Comptn_2: TXYZ:   1.0000000000014164       U,V,W -0.67456910396846226       -5.4628000034227853E-002  0.73618768366827680     
  Comptn_2: TXYZ:  0.99999999997300115       U,V,W  0.40339556669971444        5.2524834911821472E-002 -0.91351691744461050     
       1550                  1297                  1297             4.1692788E-01         1.0000000E+30              4998       
 NEXT SEEDS: 26ADDC6       8       0       0       0       0      35    3039       0       0
  Comptn_2: TXYZ:  0.99999999999769007       U,V,W -0.95598450833153237      -0.14603576553784592      -0.25449395869368630     
  Comptn_2: TXYZ:   1.0000000000018692       U,V,W  0.82057102056219122      -0.43692170450030510       0.36845980018441793     
  Comptn_2: TXYZ:  0.99999999998725797       U,V,W -0.36459782778172212       0.80687381218379528      -0.46478282581878716     
  Comptn_2: TXYZ:   1.0000000000012974       U,V,W  -6.5684596670216422E-002  0.96075784579722368       0.26949934230095351     
  Comptn_2: TXYZ:  0.99999999999677824       U,V,W -0.49109209023400879      -0.71904143465783932       0.49173974229420025     
  Comptn_2: TXYZ:   1.0000000000031530       U,V,W -0.71849360111180260      -0.30728253384356208       0.62397467060709033     
  Comptn_2: TXYZ:  0.99999999999523170       U,V,W  -1.3455870370250977E-002 -0.87563085282119602      -0.48279348497617036     
  Comptn_2: TXYZ:   1.0000000000020637       U,V,W  0.85867020764450741       0.14413509986255235       0.49184402760775114     
  Comptn_2: TXYZ:  0.99999999999752087       U,V,W  0.40509034933680799       0.91272542100355647       -5.3236404138374382E-002
       1600                  1247                  1247             4.4966503E-01         1.0000000E+30              5094       
 NEXT SEEDS:3951A7F9       8       0       0       0       0      35    3039       0       0
  Comptn_2: TXYZ:  0.99999999999794986       U,V,W  0.26483315504563620       0.78803694356140852      -0.55575280077469458     
  Comptn_2: TXYZ:  0.99999999999745093       U,V,W  -9.9873186932029512E-002 -0.66248162009884481       0.74239036197993613     
       1650                  1197                  1197             4.4632875E-01         1.0000000E+30              5097       
 NEXT SEEDS: ADB73D3       9       0       0       0       0      35    3039       0       0
  Comptn_2: TXYZ:  0.99999999999882638       U,V,W -0.92007920222870965      -0.38876618897691984        4.8115610079989324E-002
  Comptn_2: TXYZ:   1.0000000000058333       U,V,W -0.55388450433397907       0.70706418776884106      -0.43962733108773477     
  Comptn_2: TXYZ:  0.99999999999895473       U,V,W -0.18121521924513928        4.6260861020567950E-002 -0.98235481219899690     
  Comptn_2: TXYZ:  0.99999999997891309       U,V,W -0.66361875959356098      -0.71194744096176521      -0.22965405113433235     
       1700                  1147                  1147             4.4937195E-01         1.0000000E+30              5102       
 NEXT SEEDS:201AC09A       9       0       0       0       0      35    3039       0       0
       1750                  1097                  1097             4.4480681E-01         1.0000000E+30              5108       
 NEXT SEEDS:2B0B3A32       9       0       0       0       0      35    3039       0       0
  Comptn_2: TXYZ:  0.99999999999861355       U,V,W  0.39122333563588962       0.13824121990143823      -0.90985365129382423     
  Comptn_2: TXYZ:  0.99999999999893607       U,V,W  0.22808989393423929      -0.39782610751400149      -0.88865594493271782     
  Comptn_2: TXYZ:   1.0000000000029143       U,V,W   7.3934366138473706E-002  0.17358728858017258      -0.98203928778333527     
       1800                  1047                  1047             4.4597676E-01         1.0000000E+30              5116       
 NEXT SEEDS: 21D6772       A       0       0       0       0      35    3039       0       0
  Comptn_2: TXYZ:  0.99999999999411537       U,V,W -0.30973918957963065       0.66402472729636486       0.68053860726020332     
       1850                   997                   997             4.4558683E-01         1.0000000E+30              5234       
 NEXT SEEDS:120FC397       A       0       0       0       0      35    3039       0       0
  Comptn_2: TXYZ:  0.99999999999884648       U,V,W  0.47086263195155809       0.39119317432270861       0.79073148552073036     
  Comptn_2: TXYZ:  0.99999999998883216       U,V,W -0.58157701392985928      -0.11735503254918456      -0.80498197072520838     
  Comptn_2: TXYZ:  0.99999999998253009       U,V,W   3.9166252340393726E-002 -0.31996863358347127       0.94661823254301680     
  Comptn_2: TXYZ:  0.99999999999374956       U,V,W -0.54349925926366183       0.22350473070738985      -0.80910703279913321     
       1900                   947                   947             4.3798844E-01         1.0000000E+30              5238       
 NEXT SEEDS:18004A83       A       0       0       0       0      35    3039       0       0
  Comptn_2: TXYZ:  0.99999999998447331       U,V,W -0.26946805282548780      -0.80825551339374613       0.52355514853692853     
  Comptn_2: TXYZ:  0.99999999999805944       U,V,W -0.21339842057277281       0.48391535741680958       0.84869726107208976     
  Comptn_2: TXYZ:   1.0000000000058984       U,V,W  -4.8514654180621619E-002  0.24622095412731607       0.96799874487742343     
  Comptn_2: TXYZ:   1.0000000000028695       U,V,W  0.17365972953246001      -0.25510711959701382       0.95119012603816344     
       1950                   897                   897             4.4429290E-01         1.0000000E+30              5687       
 NEXT SEEDS:316055F5       A       0       0       0       0      35    3039       0       0
  Comptn_2: TXYZ:   1.0000000000012645       U,V,W  0.29964850096256157      -0.21454597282316712      -0.92961325367999947     
       2000                   847                   847             4.4274475E-01         1.0000000E+30              5691       
 NEXT SEEDS: 3F0BC4B       B       0       0       0       0      35    3039       0       0
  Comptn_2: TXYZ:  0.99999999999833800       U,V,W -0.78481972681571222       0.26037763937720371      -0.56237130199860275     
  Comptn_2: TXYZ:   1.0000000000010019       U,V,W  -6.4735759845316210E-002  0.99105943041535127       0.11666399094429636     
       2050                   797                   797             4.4480195E-01         1.0000000E+30              5703       
 NEXT SEEDS:17E329A0       B       0       0       0       0      35    3039       0       0
       2100                   747                   747             4.4415004E-01         1.0000000E+30              5752       
 NEXT SEEDS:27C2650A       B       0       0       0       0      35    3039       0       0
  Comptn_2: TXYZ:  0.99999999999320865       U,V,W  0.80769923852834324        9.5633276259206923E-002  0.58178708867237106     
  Comptn_2: TXYZ:   1.0000000000010694       U,V,W  0.19260993225038447      -0.52763751329362663       0.82734519311161137     
       2150                   697                   697             4.4302252E-01         1.0000000E+30              6238       
 NEXT SEEDS:36B5B3D8       B       0       0       0       0      35    3039       0       0
  Comptn_2: TXYZ:  0.99999999999861033       U,V,W  0.42027961175308715       0.70591740165836825       0.57012776636398144     
  Comptn_2: TXYZ:   1.0000000000019147       U,V,W -0.42919794363115216       0.71643649327825365      -0.55000716021145024     
  Comptn_2: TXYZ:  0.99999999999875977       U,V,W  0.86478543527285723       0.39289921876213896      -0.31269210868647690     
  Comptn_2: TXYZ:   1.0000000000019948       U,V,W -0.45464152657622492       -9.4199903817411182E-002  0.88567909562957681     
  Comptn_2: TXYZ:   1.0000000000014326       U,V,W -0.20695376779393371      -0.97507540700543061        7.9988053173714491E-002
  Comptn_2: TXYZ:   1.0000000000030513       U,V,W  0.40264588339853447      -0.59512772202424458       0.69548492942945828     
       2200                   647                   647             4.4024206E-01         1.0000000E+30              6241       
 NEXT SEEDS: 7203899       C       0       0       0       0      35    3039       0       0
  Comptn_2: TXYZ:   1.0000000001975269       U,V,W -0.16011202517495349       0.94365580121390735       0.28961676130231240     
  Comptn_2: TXYZ:   1.0000000000598577       U,V,W   8.8678363422573625E-002  0.83773442363906270       0.53882945666572368     
  Comptn_2: TXYZ:  0.99999999999530664       U,V,W  0.84984690895526427      -0.50977424409283856       0.13375519202656960     
  Comptn_2: TXYZ:   1.0000000000012541       U,V,W -0.98717320930853614      -0.10766681768942732       0.11788516103976221     
  Comptn_2: TXYZ:   1.0000000000055289       U,V,W -0.40424181692640815        8.3762079652487387E-002  0.91080868872988674     
  Comptn_2: TXYZ:  0.99999999999866129       U,V,W  0.60474518716336334        1.5674665572689150E-002 -0.79626475713834921     
       2250                   597                   597             4.4119642E-01         1.0000000E+30              7801       
 NEXT SEEDS:18FD02C2       C       0       0       0       0      35    3039       0       0
       2300                   547                   547             4.3824189E-01         1.0000000E+30              7805       
 NEXT SEEDS:2474A706       C       0       0       0       0      35    3039       0       0
  Comptn_2: TXYZ:   1.0000000000016149       U,V,W -0.17942397590643111      -0.44024977923047626       0.87976540552527993     
  Comptn_2: TXYZ:   1.0000000000111346       U,V,W -0.48288546702610802      -0.86919723608154698       0.10638510485172148     
  Comptn_2: TXYZ:  0.99999999999871547       U,V,W  0.28381292424424487       0.18197043914305744       0.94145471654707258     
  Comptn_2: TXYZ:   1.0000000000242579       U,V,W -0.16003583867677662      -0.68253709564067400      -0.71311404658558786     
       2350                   497                   497             4.3677319E-01         1.0000000E+30              7805       
 NEXT SEEDS:32BC6881       C       0       0       0       0      35    3039       0       0
  Comptn_2: TXYZ:  0.99999999999764433       U,V,W -0.75034297893718005      -0.47985731959672506      -0.45466731440336616     
  Comptn_2: TXYZ:  0.99999999999655143       U,V,W  0.41535130212146498       0.69992782297928358      -0.58102008437061414     
  Comptn_2: TXYZ:   1.0000000000056746       U,V,W  -5.6245621732927020E-002  0.38956976552978517      -0.91927788389943288     
       2400                   447                   447             4.3902227E-01         1.0000000E+30              7809       
 NEXT SEEDS: B59771E       D       0       0       0       0      35    3039       0       0
  Comptn_2: TXYZ:   1.0000000000018188       U,V,W  0.48116658374107901       0.17192732530381960      -0.85960439360593810     
  Comptn_2: TXYZ:   1.0000000000010814       U,V,W  0.70844195522867004       0.70497759627223289       -3.3415338200967426E-002
  Comptn_2: TXYZ:  0.99999999999448264       U,V,W  0.15299109019564838      -0.11029683555261727      -0.98205312197574557     
  Eventv: ekin+am < pla,ij,igreyt   6.8653827432965766        6.9443332981562182               30          11
       2450                   397                   397             4.4058150E-01         1.0000000E+30              8434       
 NEXT SEEDS:1E9F4E15       D       0       0       0       0      35    3039       0       0
  Comptn_2: TXYZ:  0.99999999999890588       U,V,W -0.26409225227733657      -0.75276403116759294      -0.60299386038856539     
  Comptn_2: TXYZ:   1.0000000000612783       U,V,W -0.77926602150547630      -0.13805625806077160      -0.61129774856330243     
       2500                   347                   347             4.3919311E-01         1.0000000E+30              8439       
 NEXT SEEDS:2CB25BBE       D       0       0       0       0      35    3039       0       0
  Comptn_2: TXYZ:   1.0000000000019467       U,V,W  0.92342243732115747      -0.26037011617691519       0.28195461488654416     
  Comptn_2: TXYZ:  0.99999999999885736       U,V,W  0.13798685856779969      -0.87002415873532968       0.47330496519509424     
  Comptn_2: TXYZ:   1.0000000000084233       U,V,W -0.45898683805469886      -0.37129458158889839      -0.80713779256313956     
  Comptn_2: TXYZ:   1.0000000000011284       U,V,W -0.29896523770023009       0.94603792291916311      -0.12502813702030835     
  Comptn_2: TXYZ:   1.0000000000018556       U,V,W -0.10845277193593006      -0.42908125720066437       0.89673143748859729     
  Comptn_2: TXYZ:   1.0000000000011746       U,V,W -0.98407138450843612       -6.9040701564908602E-002  0.16381969271198571     
  Eventv: ekin+am < pla,ij,igreyt   3.0911199090778281        3.2743267816586865               30          14
  Comptn_2: TXYZ:   1.0000000000011053       U,V,W -0.21605208771389073       0.90508273766817027       0.36626047202867085     
       2550                   297                   297             4.4163076E-01         1.0000000E+30              8485       
 NEXT SEEDS: 7034474       E       0       0       0       0      35    3039       0       0
       2600                   247                   247             4.3951782E-01         1.0000000E+30              9672       
 NEXT SEEDS:138EE076       E       0       0       0       0      35    3039       0       0
  Comptn_2: TXYZ:   1.0000000000016847       U,V,W -0.49491592065581891       0.86792460074984434       -4.2013318082616991E-002
       2650                   197                   197             4.3928573E-01         1.0000000E+30              9872       
 NEXT SEEDS:2372CE0D       E       0       0       0       0      35    3039       0       0
  Comptn_2: TXYZ:   1.0000000000040634       U,V,W -0.50035421404119518      -0.72055679363796798      -0.48004538081045212     
  Comptn_2: TXYZ:   1.0000000000026030       U,V,W -0.55793134887792917       0.82936763110300404        2.9358855911787884E-002
  Comptn_2: TXYZ:   1.0000000000013871       U,V,W  0.79913168385546385       -5.6061890300810546E-002  0.59853622807280260     
  Comptn_2: TXYZ:   1.0000000000030200       U,V,W  0.47199650708954266      -0.87878270049892393        7.0429131771660991E-002
       2700                   147                   147             4.4115836E-01         1.0000000E+30              9882       
 NEXT SEEDS:3805D41F       E       0       0       0       0      35    3039       0       0
  Comptn_2: TXYZ:  0.99999999999598577       U,V,W   4.7682067908017878E-002 -0.98533838886237746       0.16381294158306048     
       2750                    97                    97             4.3657333E-01         1.0000000E+30              9888       
 NEXT SEEDS: 377E34D       F       0       0       0       0      35    3039       0       0
  Comptn_2: TXYZ:   1.0000000000031366       U,V,W -0.88724649397359201       -2.5473444073540463E-002  0.46059175262018925     
  Comptn_2: TXYZ:   1.0000000000024207       U,V,W -0.95703868671385695        4.2863043937956036E-002  0.28677467042925819     
  *** Hhflev: call to Hadriv !! ***  0.86269224281331158        3.5000000000000000        1.5936637897720891               14 T F T
  *** Hhflev: call to Hadriv !! ***  0.67883222839597046        3.5000000000000000        1.4847762926250931               14 T F T
  *** Hhflev: call to Hadriv !! ***  0.86135466783383141        3.5000000000000000        1.5928862242325419               14 T F T
       2797                    50                    50             4.3670992E-01         1.0000000E+30             10997       
 NEXT SEEDS:132B24FD       F       0       0       0       0      35    3039       0       0
       2798                    49                    49             4.3672373E-01         1.0000000E+30             10997       
 NEXT SEEDS:13856C66       F       0       0       0       0      35    3039       0       0
  Comptn_2: TXYZ:  0.99999999999819533       U,V,W -0.67767547814607809       0.70734859199038169      -0.20103212610651156     
       2799                    48                    48             4.3665375E-01         1.0000000E+30             10997       
 NEXT SEEDS:13B60C0E       F       0       0       0       0      35    3039       0       0
       2800                    47                    47             4.3682512E-01         1.0000000E+30             10997       
 NEXT SEEDS:146759BE       F       0       0       0       0      35    3039       0       0
  Comptn_2: TXYZ:  0.99999999999877065       U,V,W -0.49445888707436475        2.2406784883955311E-002 -0.86891216183404607     
       2801                    46                    46             4.3700631E-01         1.0000000E+30             10997       
 NEXT SEEDS:151C478A       F       0       0       0       0      35    3039       0       0
       2802                    45                    45             4.3685039E-01         1.0000000E+30             10997       
 NEXT SEEDS:151C478E       F       0       0       0       0      35    3039       0       0
       2803                    44                    44             4.3681134E-01         1.0000000E+30             10997       
 NEXT SEEDS:155AE22F       F       0       0       0       0      35    3039       0       0
       2804                    43                    43             4.3665561E-01         1.0000000E+30             10997       
 NEXT SEEDS:155AE233       F       0       0       0       0      35    3039       0       0
       2805                    42                    42             4.3649998E-01         1.0000000E+30             10997       
 NEXT SEEDS:155AE237       F       0       0       0       0      35    3039       0       0
       2806                    41                    41             4.3637792E-01         1.0000000E+30             10997       
 NEXT SEEDS:156D0607       F       0       0       0       0      35    3039       0       0
       2807                    40                    40             4.3631639E-01         1.0000000E+30             10997       
 NEXT SEEDS:159FEF2D       F       0       0       0       0      35    3039       0       0
       2808                    39                    39             4.3616105E-01         1.0000000E+30             10997       
 NEXT SEEDS:159FEF31       F       0       0       0       0      35    3039       0       0
       2809                    38                    38             4.3606218E-01         1.0000000E+30             10997       
 NEXT SEEDS:15C03924       F       0       0       0       0      35    3039       0       0
       2810                    37                    37             4.3590705E-01         1.0000000E+30             10997       
 NEXT SEEDS:15C03928       F       0       0       0       0      35    3039       0       0
       2811                    36                    36             4.3579297E-01         1.0000000E+30             10997       
 NEXT SEEDS:15D7A49E       F       0       0       0       0      35    3039       0       0
       2812                    35                    35             4.3619330E-01         1.0000000E+30             10997       
 NEXT SEEDS:170068EA       F       0       0       0       0      35    3039       0       0
       2813                    34                    34             4.3609569E-01         1.0000000E+30             10997       
 NEXT SEEDS:1721C4F4       F       0       0       0       0      35    3039       0       0
       2814                    33                    33             4.3594076E-01         1.0000000E+30             10997       
 NEXT SEEDS:1721C4F8       F       0       0       0       0      35    3039       0       0
       2815                    32                    32             4.3584283E-01         1.0000000E+30             10998       
 NEXT SEEDS:1740AD30       F       0       0       0       0      35    3039       0       0
       2816                    31                    31             4.3579613E-01         1.0000000E+30             11002       
 NEXT SEEDS:177A392B       F       0       0       0       0      35    3039       0       0
       2817                    30                    30             4.3564147E-01         1.0000000E+30             11002       
 NEXT SEEDS:177A392F       F       0       0       0       0      35    3039       0       0
       2818                    29                    29             4.3569212E-01         1.0000000E+30             11002       
 NEXT SEEDS:17E757F8       F       0       0       0       0      35    3039       0       0
       2819                    28                    28             4.3553761E-01         1.0000000E+30             11002       
 NEXT SEEDS:17E757FC       F       0       0       0       0      35    3039       0       0
       2820                    27                    27             4.3538320E-01         1.0000000E+30             11002       
 NEXT SEEDS:17E75800       F       0       0       0       0      35    3039       0       0
       2821                    26                    26             4.3543077E-01         1.0000000E+30             11002       
 NEXT SEEDS:1855E18F       F       0       0       0       0      35    3039       0       0
       2822                    25                    25             4.3527652E-01         1.0000000E+30             11002       
 NEXT SEEDS:1855E193       F       0       0       0       0      35    3039       0       0
       2823                    24                    24             4.3512237E-01         1.0000000E+30             11002       
 NEXT SEEDS:1855E197       F       0       0       0       0      35    3039       0       0
       2824                    23                    23             4.3501061E-01         1.0000000E+30             11002       
 NEXT SEEDS:186DB349       F       0       0       0       0      35    3039       0       0
       2825                    22                    22             4.3487538E-01         1.0000000E+30             11003       
 NEXT SEEDS:18779263       F       0       0       0       0      35    3039       0       0
       2826                    21                    21             4.3479035E-01         1.0000000E+30             11003       
 NEXT SEEDS:189FD5B7       F       0       0       0       0      35    3039       0       0
       2827                    20                    20             4.3519474E-01         1.0000000E+30             11003       
 NEXT SEEDS:19E46EAD       F       0       0       0       0      35    3039       0       0
       2828                    19                    19             4.3506723E-01         1.0000000E+30             11003       
 NEXT SEEDS:19F36504       F       0       0       0       0      35    3039       0       0
       2829                    18                    18             4.3492703E-01         1.0000000E+30             11003       
 NEXT SEEDS:19FB35E9       F       0       0       0       0      35    3039       0       0
       2830                    17                    17             4.3477339E-01         1.0000000E+30             11003       
 NEXT SEEDS:19FB35ED       F       0       0       0       0      35    3039       0       0
       2831                    16                    16             4.3469195E-01         1.0000000E+30             11003       
 NEXT SEEDS:1A22CC74       F       0       0       0       0      35    3039       0       0
       2832                    15                    15             4.3456079E-01         1.0000000E+30             11003       
 NEXT SEEDS:1A2F433C       F       0       0       0       0      35    3039       0       0
       2833                    14                    14             4.3443514E-01         1.0000000E+30             11003       
 NEXT SEEDS:1A3EC2D7       F       0       0       0       0      35    3039       0       0
       2834                    13                    13             4.3428189E-01         1.0000000E+30             11003       
 NEXT SEEDS:1A3EC2DB       F       0       0       0       0      35    3039       0       0
       2835                    12                    12             4.3412875E-01         1.0000000E+30             11003       
 NEXT SEEDS:1A3EC2DF       F       0       0       0       0      35    3039       0       0
       2836                    11                    11             4.3414634E-01         1.0000000E+30             11003       
 NEXT SEEDS:1A9D0291       F       0       0       0       0      35    3039       0       0
       2837                    10                    10             4.3399335E-01         1.0000000E+30             11003       
 NEXT SEEDS:1A9D0295       F       0       0       0       0      35    3039       0       0
       2838                     9                     9             4.3396860E-01         1.0000000E+30             11003       
 NEXT SEEDS:1AE3EB4F       F       0       0       0       0      35    3039       0       0
       2839                     8                     8             4.3381579E-01         1.0000000E+30             11003       
 NEXT SEEDS:1AE3EB53       F       0       0       0       0      35    3039       0       0
       2840                     7                     7             4.3390606E-01         1.0000000E+30             11003       
 NEXT SEEDS:1B662AE2       F       0       0       0       0      35    3039       0       0
       2841                     6                     6             4.3383905E-01         1.0000000E+30             11003       
 NEXT SEEDS:1B914C00       F       0       0       0       0      35    3039       0       0
       2842                     5                     5             4.3391052E-01         1.0000000E+30             11003       
 NEXT SEEDS:1C0BF4AA       F       0       0       0       0      35    3039       0       0
       2843                     4                     4             4.3375794E-01         1.0000000E+30             11003       
 NEXT SEEDS:1C0BF4AE       F       0       0       0       0      35    3039       0       0
       2844                     3                     3             4.3360547E-01         1.0000000E+30             11003       
 NEXT SEEDS:1C0BF4B2       F       0       0       0       0      35    3039       0       0
       2845                     2                     2             4.3345310E-01         1.0000000E+30             11003       
 NEXT SEEDS:1C0BF4B6       F       0       0       0       0      35    3039       0       0
  Comptn_2: TXYZ:  0.99999999999850919       U,V,W  0.96821420526147151      -0.12136946637728663      -0.21870232134044443     
       2846                     1                     1             4.3383137E-01         1.0000000E+30             11003       
 NEXT SEEDS:1D311DCC       F       0       0       0       0      35    3039       0       0
       2847                     0                     1             4.3378631E-01         1.0000000E+30             11003       
 NEXT SEEDS:1D6BE74E       F       0       0       0       0      35    3039       0       0
