  *** dp/dx:d,imat,ztar,ij,po,eo  -1.9416809525729661E-004          26   3.3731000000000000               36   1.8515960795556614        2.2749341454041905       ***
  ***       x,xoster,ccster,d0ster  0.14641007670209907       0.14640000000000000       -3.1997000000000000        0.0000000000000000       ***
  *** dp/dx:d,imat,ztar,ij,po,eo  -1.9416809525729661E-004          26   3.3731000000000000               37   1.8515960795556614        2.2749341454041905       ***
  ***       x,xoster,ccster,d0ster  0.14641007670209907       0.14640000000000000       -3.1997000000000000        0.0000000000000000       ***
1NUMBER OF BEAM       NUMBER OF BEAM        APPROXIMATE NUMBER    AVERAGE TIME USED     TIME LEFT (RESERVED   NUMBER OF STARS
 PARTICLES HANDLED    PARTICLES LEFT        OF BEAM PARTICLES     BY A BEAM PARTICLE     10000.0 SECONDS      CREATED
                                            THAT CAN STILL BE                           FOR PRINTOUT)
                                            HANDLED

 NEXT SEEDS: F90D491      3B       0       0       0       0      23    3039       0       0
          1                  2846                  2846             4.1581702E-01         1.0000000E+30                 0       
 NEXT SEEDS: FDED023      3B       0       0       0       0      23    3039       0       0
  Comptn_2: TXYZ:  0.99999999999858424       U,V,W -0.60974632678220075      -0.75090322862304504       0.25368042537350988     
  Comptn_2: TXYZ:   1.0000000000010361       U,V,W  0.71675692100404653      -0.62057026931144321       0.31804411178413261     
  Comptn_2: TXYZ:  0.99999999999752887       U,V,W -0.17444197847631671       0.15263436811291342      -0.97276551430114377     
  Comptn_2: TXYZ:  0.99999999999761624       U,V,W  0.19574408351411954      -0.97314615022435014      -0.12112317726331412     
         50                  2797                  2797             2.3072426E-01         1.0000000E+30                 6       
 NEXT SEEDS:17DBEDB9      3B       0       0       0       0      23    3039       0       0
        100                  2747                  2747             2.8645803E-01         1.0000000E+30                65       
 NEXT SEEDS:243C051D      3B       0       0       0       0      23    3039       0       0
  Comptn_2: TXYZ:   1.0000000000089304       U,V,W  0.99983828809328656        1.7363709890332757E-002   4.6796634986812080E-003
  Comptn_2: TXYZ:  0.99999999999781863       U,V,W  0.54660783308814587       0.31360134309617571      -0.77644965993474102     
        150                  2697                  2697             2.8338378E-01         1.0000000E+30                71       
 NEXT SEEDS:2E29319D      3B       0       0       0       0      23    3039       0       0
  Comptn_2: TXYZ:   1.0000000000037779       U,V,W -0.60196874162963354      -0.68813828479635930      -0.40509176133579672     
  Comptn_2: TXYZ:  0.99999999999628697       U,V,W -0.93945330792824677      -0.21101550649067491      -0.26999988562857880     
        200                  2647                  2647             3.2810253E-01         1.0000000E+30                73       
 NEXT SEEDS: 3521CA5      3C       0       0       0       0      23    3039       0       0
  Comptn_2: TXYZ:  0.99999999999394418       U,V,W  -4.3435285448254035E-002 -0.16164073442085325      -0.98589332533893348     
        250                  2597                  2597             3.2408151E-01         1.0000000E+30                80       
 NEXT SEEDS: E623195      3C       0       0       0       0      23    3039       0       0
  Comptn_2: TXYZ:  0.99999999999860989       U,V,W  0.53450843180421259       0.62129009508891642       0.57297413036996403     
  Comptn_2: TXYZ:   1.0000000000017930       U,V,W  0.97082753880743344       0.22909284249390893       -7.0783892326964803E-002
  Comptn_2: TXYZ:   1.0000000000012961       U,V,W -0.92237758046867846      -0.33981171848185099      -0.18370518509953371     
  Comptn_2: TXYZ:   1.0000000000017852       U,V,W  0.75406867056311455      -0.20421552076437877      -0.62424070770488527     
  Comptn_2: TXYZ:  0.99999999999881917       U,V,W  0.34428930696579130       0.56995595260006815       0.74606640803857616     
        300                  2547                  2547             3.6071062E-01         1.0000000E+30               162       
 NEXT SEEDS:21E8F824      3C       0       0       0       0      23    3039       0       0
  Comptn_2: TXYZ:  0.99999999999347389       U,V,W  0.27149407307487650      -0.48385140495616952      -0.83197282780186299     
  Comptn_2: TXYZ:  0.99999999999555500       U,V,W -0.64184577867332138      -0.69450111259557445      -0.32511874907224581     
  Comptn_2: TXYZ:   1.0000000000160025       U,V,W  0.52399517081022395      -0.77990296833053208      -0.34231625870354421     
        350                  2497                  2497             3.6077412E-01         1.0000000E+30               190       
 NEXT SEEDS:2EAC1F4A      3C       0       0       0       0      23    3039       0       0
  Comptn_2: TXYZ:   1.0000000000018514       U,V,W -0.37107116546008712      -0.53508465651086823       0.75894044597227150     
  Comptn_2: TXYZ:  0.99999999999366462       U,V,W -0.59187326756565994       0.79135964797748670       0.15308802267898614     
        400                  2447                  2447             3.5512255E-01         1.0000000E+30               194       
 NEXT SEEDS:3A08D8E4      3C       0       0       0       0      23    3039       0       0
  Comptn_2: TXYZ:   1.0000000000023157       U,V,W  0.67021215254992939      -0.27390352960073638       0.68977715752912871     
  Comptn_2: TXYZ:  0.99999999996599076       U,V,W  0.24496087233637809       0.18228035286893016      -0.95224368937167014     
  *** Kbar: P_min > 1.8 GeV/c:           25   2.9022268761310235     
  *** Kbar: P_min > 1.8 GeV/c:           25   3.3666025737419223     
  *** Kaon: P_min > 1.5 GeV/c:           24   1.8643549205797174     
  *** Kaon: P_min > 1.5 GeV/c:           15   3.6530210028125043     
  *** Kaon: P_min > 1.5 GeV/c:           15   3.8566537604055093     
  *** Kbar: P_min > 1.8 GeV/c:           16   3.3579709271643403     
  *** Kbar: P_min > 1.8 GeV/c:           16   4.2677728996361646     
  *** Kbar: P_min > 1.8 GeV/c:           16   2.5806892855995258     
  *** Kbar: P_min > 1.8 GeV/c:           16   2.4948855246632129     
  *** Kbar: P_min > 1.8 GeV/c:           16   3.0972049570368649     
  *** Kbar: P_min > 1.8 GeV/c:           16   2.0570870005715371     
  *** Kbar: P_min > 1.8 GeV/c:           16   2.2384073118267902     
  *** Kbar: P_min > 1.8 GeV/c:           16   2.9693918893650992     
  *** Kaon: P_min > 1.5 GeV/c:           24   1.6798747509230787     
  *** Kaon: P_min > 1.5 GeV/c:           24   1.7775862027111773     
  *** Kbar: P_min > 1.8 GeV/c:           16   2.8319920920410868     
  *** Kbar: P_min > 1.8 GeV/c:           16   2.9046888579402506     
  *** Kbar: P_min > 1.8 GeV/c:           16   1.8600084356848219     
  *** Kbar: P_min > 1.8 GeV/c:           16   1.8804295127237027     
  *** Kbar: P_min > 1.8 GeV/c:           16   1.8141387466327323     
  Comptn_2: TXYZ:   1.0000000000012284       U,V,W  0.18984460758787947      -0.81684035899145579      -0.54473007342512503     
        450                  2397                  2397             3.6327730E-01         1.0000000E+30              1502       
 NEXT SEEDS: D97EE53      3D       0       0       0       0      23    3039       0       0
  Comptn_2: TXYZ:   1.0000000000015032       U,V,W  0.94469969206119231       0.24600047417369808      -0.21685538620773848     
  Comptn_2: TXYZ:   1.0000000000016280       U,V,W -0.81064031520976021       -6.0433107871418201E-002  0.58241747812994937     
  Comptn_2: TXYZ:  0.99999999999638267       U,V,W  0.64761265057823891      -0.22867323307978538       0.72684689397441105     
  Comptn_2: TXYZ:  0.99999999999811851       U,V,W -0.89025905254433724       0.44490268228996399       -9.7470111583874086E-002
  Comptn_2: TXYZ:   1.0000000000018026       U,V,W  0.58435386987741289      -0.64246895355953626       0.49574610283209353     
  Comptn_2: TXYZ:  0.99999999999371503       U,V,W -0.95203585446753181       0.11761392844431384       0.28247954906132122     
  Comptn_2: TXYZ:   1.0000000000657006       U,V,W  0.94739573597088089       0.12480557180242613       0.29472850010978391     
  Comptn_2: TXYZ:  0.99999999999856837       U,V,W -0.81257405194993204      -0.32495808530313042      -0.48386532516017411     
        500                  2347                  2347             3.8204613E-01         1.0000000E+30              1513       
 NEXT SEEDS:219E5B52      3D       0       0       0       0      23    3039       0       0
  Comptn_2: TXYZ:   1.0000000000056246       U,V,W -0.14783756051473063       0.62367239215092729       0.76757853212255611     
  Comptn_2: TXYZ:   1.0000000000012985       U,V,W -0.19778725530682095       0.46235563696562726      -0.86435378555635545     
        550                  2297                  2297             3.9913420E-01         1.0000000E+30              1517       
 NEXT SEEDS:359AA70F      3D       0       0       0       0      23    3039       0       0
  Comptn_2: TXYZ:  0.99999999999840417       U,V,W -0.96652835385054203      -0.19587499779270368      -0.16569829945136405     
  Comptn_2: TXYZ:  0.99999999999645084       U,V,W -0.23422957788392296       0.66801114047693488       0.70632685142182927     
  Comptn_2: TXYZ:  0.99999999999866218       U,V,W -0.27963443211227457        1.3104540306670191E-002 -0.96001711203460260     
        600                  2247                  2247             3.8930749E-01         1.0000000E+30              1522       
 NEXT SEEDS: 4299874      3E       0       0       0       0      23    3039       0       0
  Comptn_2: TXYZ:  0.99999999999832800       U,V,W  -7.6988383806437355E-002  0.29689621117337445       0.95180114968836627     
  Comptn_2: TXYZ:  0.99999999998952938       U,V,W   9.3012251850836947E-003 -0.32538188013090480      -0.94553694760282281     
        650                  2197                  2197             3.8884814E-01         1.0000000E+30              1708       
 NEXT SEEDS:11E9B599      3E       0       0       0       0      23    3039       0       0
  Comptn_2: TXYZ:  0.99999999999603717       U,V,W  0.64175089068135094      -0.42373616282755222      -0.63922097792384136     
  Comptn_2: TXYZ:   1.0000000000042941       U,V,W  0.87330631820759663       0.37090064690255264      -0.31586197097823288     
  Ferevv: Umo2 < Urmin2 !!   5.0031901738791458        6.8963546956776094               30           1  0.83465385355390986       0.93827208129999995      F           0
  Comptn_2: TXYZ:  0.99999999999892308       U,V,W -0.90816943699771180       0.10813468986718533       0.40439481024057411     
        700                  2147                  2147             3.8650396E-01         1.0000000E+30              1737       
 NEXT SEEDS:1E9B54AD      3E       0       0       0       0      23    3039       0       0
  Comptn_2: TXYZ:   1.0000000000010680       U,V,W -0.64836232170227248      -0.74596523242819757       0.15219123432790838     
        750                  2097                  2097             3.8154603E-01         1.0000000E+30              1749       
 NEXT SEEDS:2952280B      3E       0       0       0       0      23    3039       0       0
  Comptn_2: TXYZ:   1.0000000000206912       U,V,W  0.75632873171133497       0.14756282195722292      -0.63733198820131065     
  Comptn_2: TXYZ:  0.99999999999830358       U,V,W  0.84561076858881989       0.32715185873725261       0.42179863604531675     
  Comptn_2: TXYZ:   1.0000000000025886       U,V,W -0.62924994939848489       -3.8564789867322702E-002 -0.77624561716449136     
  Comptn_2: TXYZ:  0.99999999996890243       U,V,W  0.98853350745418211       -6.7657047359602984E-002 -0.13499640199581364     
        800                  2047                  2047             3.8548047E-01         1.0000000E+30              1781       
 NEXT SEEDS:396D192C      3E       0       0       0       0      23    3039       0       0
  Comptn_2: TXYZ:   1.0000000000010671       U,V,W  0.67352657923971293      -0.33552409102975034       0.65862396813157176     
        850                  1997                  1997             3.8325699E-01         1.0000000E+30              1791       
 NEXT SEEDS: 9B4B02C      3F       0       0       0       0      23    3039       0       0
  Comptn_2: TXYZ:   1.0000000000014393       U,V,W  0.83966479845435193      -0.19962378282095017       0.50508748902571909     
  Comptn_2: TXYZ:   1.0000000000017220       U,V,W  0.91501292404672441      -0.38105853596807293      -0.13246033744126606     
  Comptn_2: TXYZ:  0.99999999999669165       U,V,W   6.6716788939658045E-002  0.95334371595546397      -0.29442253534418938     
  Comptn_2: TXYZ:   1.0000000000033242       U,V,W  -4.6109171368001967E-002  0.99609410618142968        7.5302562703397413E-002
        900                  1947                  1947             3.9587125E-01         1.0000000E+30              1796       
 NEXT SEEDS:1DCEAC6F      3F       0       0       0       0      23    3039       0       0
  Comptn_2: TXYZ:   1.0000000000017106       U,V,W  0.73464755219653632       0.45724275539551940      -0.50122054695678742     
        950                  1897                  1897             4.0169807E-01         1.0000000E+30              1805       
 NEXT SEEDS:2F20CC2C      3F       0       0       0       0      23    3039       0       0
  Comptn_2: TXYZ:  0.99999999999811950       U,V,W  0.26156467427712471      -0.33074437197534223      -0.90674808054666300     
  Comptn_2: TXYZ:   1.0000000000051517       U,V,W  0.94988334390868800       -2.7522558677368636E-003  0.31259247920837652     
  Comptn_2: TXYZ:   1.0000000000025857       U,V,W  0.18326549354063104       0.92403335206964954       0.33552365511662785     
  Comptn_2: TXYZ:  0.99999999999543188       U,V,W -0.36875066419027291       0.60901077788520297      -0.70223131521908400     
  Comptn_2: TXYZ:  0.99999999999781752       U,V,W  -2.9040756553385449E-002  0.87627607914613748      -0.48093332965484592     
       1000                  1847                  1847             3.9788895E-01         1.0000000E+30              1812       
 NEXT SEEDS:3A9473BC      3F       0       0       0       0      23    3039       0       0
  Comptn_2: TXYZ:   1.0000000000055711       U,V,W  0.65507507098099182      -0.41979399489980551       0.62821147174409475     
  Comptn_2: TXYZ:  0.99999999999500233       U,V,W  0.99758320289465097       -6.7846504945919150E-002  -1.4986829687273939E-002
  Comptn_2: TXYZ:  0.99999999999845102       U,V,W -0.80639607728429752      -0.16114832036659266      -0.56899612070907324     
  Comptn_2: TXYZ:  0.99999999999807621       U,V,W  0.20024734854764148       0.90662942754528997       0.37138131415920128     
       1050                  1797                  1797             3.9931888E-01         1.0000000E+30              1820       
 NEXT SEEDS: E841BAF      40       0       0       0       0      23    3039       0       0
  Comptn_2: TXYZ:  0.99999999999809708       U,V,W -0.45785120753964970        6.6504856471084395E-002  0.88653785921321049     
  Comptn_2: TXYZ:   1.0000000000035221       U,V,W -0.76310943806261378      -0.11493132993127375      -0.63596758953858057     
  Comptn_2: TXYZ:  0.99999999999821632       U,V,W   3.7710080294473869E-002  0.66349789255571068       0.74722720535091014     
       1100                  1747                  1747             3.9625655E-01         1.0000000E+30              1854       
 NEXT SEEDS:1AA62E9D      40       0       0       0       0      23    3039       0       0
  Comptn_2: TXYZ:  0.99999999999899492       U,V,W -0.61552414012582179      -0.13830868765031568      -0.77588706642256255     
       1150                  1697                  1697             3.9241724E-01         1.0000000E+30              1915       
 NEXT SEEDS:25B0CD80      40       0       0       0       0      23    3039       0       0
  Comptn_2: TXYZ:  0.99999999999557110       U,V,W  0.59118171404369946       0.62904757586265703       0.50478047533283155     
  Comptn_2: TXYZ:   1.0000000000025855       U,V,W -0.23705168904390916       0.93348084440773960       0.26910966137957359     
  Comptn_2: TXYZ:  0.99999999999715727       U,V,W  0.17570058584575321       -5.6659555546673346E-002  0.98281178202943309     
  Comptn_2: TXYZ:  0.99999999999891731       U,V,W  0.35234801087681689      -0.58276118479732020       0.73228428955132685     
  Comptn_2: TXYZ:  0.99999999999881051       U,V,W  0.66090523977183580       0.14541937068732835       0.73624552336149662     
  Comptn_2: TXYZ:  0.99999999999755329       U,V,W -0.52043595331628723       0.85278996311048161        4.3539606237814610E-002
  Comptn_2: TXYZ:  0.99999999999617384       U,V,W -0.68321822097338725       0.18966246941131004      -0.70515318209800171     
       1200                  1647                  1647             3.9019290E-01         1.0000000E+30              3141       
 NEXT SEEDS:31EE80F6      40       0       0       0       0      23    3039       0       0
  Comptn_2: TXYZ:  0.99999999998871325       U,V,W -0.62937346446054221      -0.76261441151658005       0.14935963835276311     
  Comptn_2: TXYZ:  0.99999999999714462       U,V,W  -4.8306559524220916E-002  0.99369341895767516       0.10119222017667084     
  Comptn_2: TXYZ:   1.0000000000020597       U,V,W  0.48258503206658843        3.7396067366813668E-002  0.87505041053235688     
       1250                  1597                  1597             3.9381939E-01         1.0000000E+30              3142       
 NEXT SEEDS: 7809417      41       0       0       0       0      23    3039       0       0
  Comptn_2: TXYZ:   1.0000000000101523       U,V,W -0.80394551880457499       0.58898664704828008       -8.2257719412950792E-002
  Comptn_2: TXYZ:   1.0000000000015064       U,V,W  0.10362639166726950       0.96241205657924556      -0.25104701611936164     
  Comptn_2: TXYZ:   1.0000000000025910       U,V,W   4.7644702561978614E-002  0.12677874868285244      -0.99078611778868897     
  Comptn_2: TXYZ:  0.99999999995938560       U,V,W  0.90242741835677975       0.18029124125058615      -0.39130528093245331     
  Comptn_2: TXYZ:  0.99999999999894185       U,V,W  0.59584680749364338       0.25464893555072976      -0.76165641966798603     
  Comptn_2: TXYZ:   1.0000000000011882       U,V,W -0.12332227455063816       0.29492477206929735      -0.94752888896366549     
  Comptn_2: TXYZ:  0.99999999999565492       U,V,W  0.50921635789383402       0.23894786084005659      -0.82680264915453350     
  Comptn_2: TXYZ:   1.0000000000058615       U,V,W  0.49662207656214719       0.63546513100671753      -0.59122802737317670     
       1300                  1547                  1547             4.1275870E-01         1.0000000E+30              3201       
 NEXT SEEDS:273FA860      41       0       0       0       0      23    3039       0       0
  Comptn_2: TXYZ:   1.0000000000010716       U,V,W -0.85926314430753337      -0.37626977564802644      -0.34653701789215319     
       1350                  1497                  1497             4.1157277E-01         1.0000000E+30              3209       
 NEXT SEEDS:3548D21D      41       0       0       0       0      23    3039       0       0
  Comptn_2: TXYZ:  0.99999999999743627       U,V,W  0.20547499586052709       0.85386185158355599       0.47822585091549996     
  Comptn_2: TXYZ:  0.99999999999839961       U,V,W  0.50404435513574342       0.14262446963925157       0.85182013871140327     
  Comptn_2: TXYZ:  0.99999999994600253       U,V,W   4.8343785085307900E-002 -0.77677764460398624       0.62791668972333525     
  Comptn_2: TXYZ:  0.99999999999091216       U,V,W -0.54733545769163072      -0.81703120106012506       0.18133922145706549     
       1400                  1447                  1447             4.1949603E-01         1.0000000E+30              3504       
 NEXT SEEDS:1098A623      42       0       0       0       0      23    3039       0       0
  Comptn_2: TXYZ:   1.0000000000036691       U,V,W -0.62385705900077326       0.71677206025341178       0.31151273421588144     
  Comptn_2: TXYZ:  0.99999999999410139       U,V,W  0.25177303320421629      -0.16910882286107665       0.95289692295430939     
       1450                  1397                  1397             4.2087508E-01         1.0000000E+30              3515       
 NEXT SEEDS:20F21DA7      42       0       0       0       0      23    3039       0       0
  Comptn_2: TXYZ:  0.99999999999887967       U,V,W -0.89542100312700157      -0.33598541975374019       0.29212159261310511     
  Comptn_2: TXYZ:   1.0000000000032223       U,V,W  0.99350435355939837      -0.11331037617128459       -1.0481322133504278E-002
       1500                  1347                  1347             4.1481861E-01         1.0000000E+30              3519       
 NEXT SEEDS:2989E5AA      42       0       0       0       0      23    3039       0       0
  Comptn_2: TXYZ:  0.99999999997483791       U,V,W  0.17803774501550151       0.63159190639738194      -0.75458215265003048     
  Comptn_2: TXYZ:  0.99999999999567479       U,V,W  0.50112922974008023      -0.35696766802404056      -0.78831692806971176     
  Comptn_2: TXYZ:   1.0000000000013085       U,V,W  0.60295271218373614      -0.75364023748610354      -0.26167617261316423     
  Comptn_2: TXYZ:  0.99999999999622924       U,V,W  0.68340547706294785      -0.38808211723855379       0.61834393681529320     
       1550                  1297                  1297             4.0914366E-01         1.0000000E+30              3522       
 NEXT SEEDS:320E732A      42       0       0       0       0      23    3039       0       0
  Comptn_2: TXYZ:  0.99999999999887723       U,V,W -0.93310520889039417       0.25739970824263025       0.25111762052293329     
       1600                  1247                  1247             4.1315640E-01         1.0000000E+30              3544       
 NEXT SEEDS: A026735      43       0       0       0       0      23    3039       0       0
       1650                  1197                  1197             4.0907001E-01         1.0000000E+30              3549       
 NEXT SEEDS:1415D942      43       0       0       0       0      23    3039       0       0
  Comptn_2: TXYZ:   1.0000000000029732       U,V,W -0.72616184420471086       -3.2233131307748408E-002  0.68676779283123324     
  Comptn_2: TXYZ:  0.99999999999693745       U,V,W   9.1239228610078271E-002 -0.46526086566342095      -0.88045881791353509     
       1700                  1147                  1147             4.1759913E-01         1.0000000E+30              3568       
 NEXT SEEDS:2D26FF7C      43       0       0       0       0      23    3039       0       0
  Comptn_2: TXYZ:   1.0000000000031193       U,V,W  0.11772685328338639       0.85745395324045148       0.50091227384785952     
  Comptn_2: TXYZ:  0.99999999999860656       U,V,W  0.52599811025500998       0.82633387491997468      -0.20124193192897089     
       1750                  1097                  1097             4.1889192E-01         1.0000000E+30              3568       
 NEXT SEEDS: 233CCC4      44       0       0       0       0      23    3039       0       0
  *** Hhflev: call to Hadriv !! ***  0.65583728528650864        3.5000000000000000        1.4690481419209716               13 T F T
       1800                  1047                  1047             4.1294810E-01         1.0000000E+30              3601       
 NEXT SEEDS: 98D743C      44       0       0       0       0      23    3039       0       0
       1850                   997                   997             4.1179322E-01         1.0000000E+30              5165       
 NEXT SEEDS:16CE958D      44       0       0       0       0      23    3039       0       0
  Comptn_2: TXYZ:  0.99999999999876077       U,V,W -0.91566298431356330       -2.7790315576503133E-002  0.40098503403106989     
  Comptn_2: TXYZ:   1.0000000000033920       U,V,W  0.10262863076384576      -0.10900213694626615       0.98872943634347088     
  Comptn_2: TXYZ:   1.0000000000028806       U,V,W  0.49999678465711739       0.44552599424326900       0.74263706060832391     
  Comptn_2: TXYZ:   1.0000000000023554       U,V,W  -2.9092235836237990E-002  0.12740063387330736      -0.99142459133566163     
       1900                   947                   947             4.1222412E-01         1.0000000E+30              5575       
 NEXT SEEDS:258E2623      44       0       0       0       0      23    3039       0       0
       1950                   897                   897             4.0861203E-01         1.0000000E+30              5578       
 NEXT SEEDS:2E9C43D6      44       0       0       0       0      23    3039       0       0
  Comptn_2: TXYZ:  0.99999999999564859       U,V,W  0.55487417348977885      -0.82742585115290268       -8.6493424221600890E-002
  Comptn_2: TXYZ:   1.0000000000019662       U,V,W -0.27463224601304859      -0.31928544342346754       0.90699169514923028     
  Comptn_2: TXYZ:  0.99999999997500921       U,V,W  0.94996276516489431       -1.2680175722721287E-003  0.31236058795359156     
       2000                   847                   847             4.0819953E-01         1.0000000E+30              6328       
 NEXT SEEDS:  7C4E94      45       0       0       0       0      23    3039       0       0
  Comptn_2: TXYZ:  0.99999999999793965       U,V,W -0.40748425587539705       0.47950394345532743       0.77719530970175299     
  Comptn_2: TXYZ:  0.99999999999236922       U,V,W   2.0483563771392710E-002 -0.44493590669685545      -0.89532813121192589     
  Comptn_2: TXYZ:  0.99999999999793054       U,V,W -0.70450857865323968      -0.42704709412415198       0.56683193452913372     
       2050                   797                   797             4.0571632E-01         1.0000000E+30              6332       
 NEXT SEEDS: AF553BD      45       0       0       0       0      23    3039       0       0
  Comptn_2: TXYZ:  0.99999999999811329       U,V,W  -6.6108309150038735E-002 -0.33336415429563254      -0.94047755533568900     
  Comptn_2: TXYZ:   1.0000000000015592       U,V,W -0.41883678224736087      -0.76046010193975278      -0.49626221213791499     
       2100                   747                   747             4.0928705E-01         1.0000000E+30              6334       
 NEXT SEEDS:1DE5A2C7      45       0       0       0       0      23    3039       0       0
  Comptn_2: TXYZ:   1.0000000000128708       U,V,W -0.83913065290261990        9.7659245043985266E-002 -0.53509103826314686     
  Comptn_2: TXYZ:   1.0000000000054903       U,V,W -0.75014347358658995       0.51167985062529908      -0.41888960300418887     
       2150                   697                   697             4.0607644E-01         1.0000000E+30              6336       
 NEXT SEEDS:270FCE9C      45       0       0       0       0      23    3039       0       0
       2200                   647                   647             4.0623935E-01         1.0000000E+30              6339       
 NEXT SEEDS:350BF1D1      45       0       0       0       0      23    3039       0       0
  Comptn_2: TXYZ:   1.0000000000015441       U,V,W  0.65495970804618509       0.44124328833762405      -0.61345916028257363     
  Comptn_2: TXYZ:   1.0000000000117577       U,V,W -0.65376550627422603      -0.73777371275048154      -0.16816840247838627     
  Comptn_2: TXYZ:  0.99999999999853817       U,V,W  0.25557927547021819      -0.93589944526932811      -0.24242826215856184     
       2250                   597                   597             4.0805974E-01         1.0000000E+30              6386       
 NEXT SEEDS: A47929C      46       0       0       0       0      23    3039       0       0
  Comptn_2: TXYZ:   1.0000000000057414       U,V,W  0.10468789967685410      -0.52946637848060618      -0.84184665927092794     
  Comptn_2: TXYZ:  0.99999999999870270       U,V,W -0.61091186311809054       0.31376872160316083       0.72686717138952162     
       2300                   547                   547             4.1045506E-01         1.0000000E+30              6416       
 NEXT SEEDS:1C1BF14A      46       0       0       0       0      23    3039       0       0
  Comptn_2: TXYZ:  0.99999999999779354       U,V,W  0.70805414174211379       0.37376732919186395       0.59913046658337521     
  Comptn_2: TXYZ:  0.99999999999680167       U,V,W -0.30568366134704661      -0.33300950312342792      -0.89199897422124508     
  Comptn_2: TXYZ:   1.0000000000014042       U,V,W -0.81129609267057834       0.29370462063117486      -0.50550593056734172     
  Comptn_2: TXYZ:   1.0000000000011837       U,V,W -0.24841620382327534      -0.79915146248275448      -0.54739960695171419     
  Comptn_2: TXYZ:  0.99999999999875866       U,V,W -0.59841401912844816       0.64333157287762077      -0.47751978916910076     
  Comptn_2: TXYZ:   1.0000000000013594       U,V,W -0.30984383380511815       0.60620343094697038      -0.73247129565767111     
  Comptn_2: TXYZ:   1.0000000000014819       U,V,W  0.26330297729087704       0.46514310830768935       0.84517065196627783     
       2350                   497                   497             4.1590195E-01         1.0000000E+30              6419       
 NEXT SEEDS:32F5C618      46       0       0       0       0      23    3039       0       0
  Comptn_2: TXYZ:  0.99999999999808031       U,V,W -0.92746162850252567       -9.6634078636000709E-002  0.36121570079343801     
  Comptn_2: TXYZ:  0.99999999999838696       U,V,W  0.89808721236891742      -0.43106511341072462       -8.7305366261261952E-002
  Comptn_2: TXYZ:   1.0000000000015088       U,V,W -0.22628893512395365      -0.33320180437253555      -0.91529769769450553     
       2400                   447                   447             4.1370034E-01         1.0000000E+30              6511       
 NEXT SEEDS: 204C708      47       0       0       0       0      23    3039       0       0
  Comptn_2: TXYZ:  0.99999999999854949       U,V,W  0.22285758956800095      -0.16970342580150444      -0.95996627130421786     
  Comptn_2: TXYZ:   1.0000000000094467       U,V,W   3.4571676516549132E-002  0.82868179879022819       0.55865130049618017     
  Comptn_2: TXYZ:  0.99999999999860845       U,V,W -0.48296323152909126      -0.23869771469223622      -0.84247843770050856     
  Comptn_2: TXYZ:   1.0000000000055951       U,V,W  0.98397461285964738       0.11088809668760291      -0.13963449167846420     
  Comptn_2: TXYZ:  0.99999999999076006       U,V,W  0.89683360440068327       0.23559624106977139       0.37441140100460757     
  Comptn_2: TXYZ:  0.99999999997488520       U,V,W   6.0496685112184423E-002 -0.73750897273249838       0.67262223142294175     
  Comptn_2: TXYZ:  0.99999999999872657       U,V,W -0.38734812246043759      -0.74853938840351297      -0.53819161646535818     
       2450                   397                   397             4.2031706E-01         1.0000000E+30              6519       
 NEXT SEEDS:1BE5538C      47       0       0       0       0      23    3039       0       0
  Comptn_2: TXYZ:  0.99999999999686973       U,V,W -0.62397905476962023      -0.78117848828282632        2.0256076861997485E-002
       2500                   347                   347             4.1692303E-01         1.0000000E+30              6546       
 NEXT SEEDS:246054E7      47       0       0       0       0      23    3039       0       0
  Comptn_2: TXYZ:  0.99999999999768163       U,V,W -0.81088562182171486        5.2344766114998720E-002 -0.58285893128685817     
  Comptn_2: TXYZ:   1.0000000000012559       U,V,W -0.22259127685512681      -0.14236279072575186      -0.96446148667846554     
       2550                   297                   297             4.1572469E-01         1.0000000E+30              7571       
 NEXT SEEDS:305CA3E1      47       0       0       0       0      23    3039       0       0
  Comptn_2: TXYZ:   1.0000000000030471       U,V,W  -5.9319251514926563E-002   7.4331958090894545E-002  0.99546772243459980     
       2600                   247                   247             4.1414394E-01         1.0000000E+30              7592       
 NEXT SEEDS:   29283      48       0       0       0       0      23    3039       0       0
  Comptn_2: TXYZ:  0.99999999999824918       U,V,W  0.75571734876300667       0.65093134490624749        7.1969945084077835E-002
       2650                   197                   197             4.1134713E-01         1.0000000E+30              8055       
 NEXT SEEDS: 919A340      48       0       0       0       0      23    3039       0       0
  Comptn_2: TXYZ:  0.99999999999881628       U,V,W  0.73212256772446693       -9.8867110363844546E-002  0.67395982099503016     
  Comptn_2: TXYZ:   1.0000000000018525       U,V,W  0.84955046784462240       0.31863003552521718      -0.42040326241364312     
  Comptn_2: TXYZ:   1.0000000000024249       U,V,W  -7.6210878553155226E-002 -0.29646166376775795       0.95199915121213952     
  Comptn_2: TXYZ:  0.99999999998426581       U,V,W  0.76698744755768189       0.62116320967297156       0.16089289052655431     
       2700                   147                   147             4.1683506E-01         1.0000000E+30              8463       
 NEXT SEEDS:21AD2130      48       0       0       0       0      23    3039       0       0
  Comptn_2: TXYZ:   1.0000000000025664       U,V,W -0.89182406090116118       0.45134999469829040       -3.0545485528662653E-002
  Comptn_2: TXYZ:   1.0000000000058651       U,V,W -0.63572058902278172       0.65678859945393242       0.40557128636743300     
  Comptn_2: TXYZ:  0.99999999999757372       U,V,W -0.72404813071935781      -0.60439062688495682       0.33236467100608991     
  Comptn_2: TXYZ:  0.99999999999794587       U,V,W -0.23478584545862446      -0.18147053866890417      -0.95495761705189963     
       2750                    97                    97             4.1878225E-01         1.0000000E+30              8466       
 NEXT SEEDS:3449EBB9      48       0       0       0       0      23    3039       0       0
  Comptn_2: TXYZ:  0.99999999999886002       U,V,W  -2.4138698201342734E-002 -0.91133677969812155       0.41095327863087050     
  Comptn_2: TXYZ:   1.0000000000030287       U,V,W -0.82940062646918733      -0.23442020293791188       0.50709148017896766     
       2797                    50                    50             4.1530195E-01         1.0000000E+30              8832       
 NEXT SEEDS:3B3328CC      48       0       0       0       0      23    3039       0       0
       2798                    49                    49             4.1549574E-01         1.0000000E+30              8832       
 NEXT SEEDS:  447F59      49       0       0       0       0      23    3039       0       0
       2799                    48                    48             4.1578852E-01         1.0000000E+30              8832       
 NEXT SEEDS: 126434C      49       0       0       0       0      23    3039       0       0
       2800                    47                    47             4.1564011E-01         1.0000000E+30              8832       
 NEXT SEEDS: 1264350      49       0       0       0       0      23    3039       0       0
       2801                    46                    46             4.1549176E-01         1.0000000E+30              8832       
 NEXT SEEDS: 1264354      49       0       0       0       0      23    3039       0       0
       2802                    45                    45             4.1534352E-01         1.0000000E+30              8832       
 NEXT SEEDS: 1264358      49       0       0       0       0      23    3039       0       0
       2803                    44                    44             4.1605720E-01         1.0000000E+30              8832       
 NEXT SEEDS: 2DFE3EE      49       0       0       0       0      23    3039       0       0
       2804                    43                    43             4.1603646E-01         1.0000000E+30              8832       
 NEXT SEEDS: 3231A6A      49       0       0       0       0      23    3039       0       0
       2805                    42                    42             4.1626140E-01         1.0000000E+30              8832       
 NEXT SEEDS: 3E1CD66      49       0       0       0       0      23    3039       0       0
       2806                    41                    41             4.1623900E-01         1.0000000E+30              8832       
 NEXT SEEDS: 422286B      49       0       0       0       0      23    3039       0       0
       2807                    40                    40             4.1622404E-01         1.0000000E+30              8832       
 NEXT SEEDS: 466A71F      49       0       0       0       0      23    3039       0       0
       2808                    39                    39             4.1626635E-01         1.0000000E+30              8832       
 NEXT SEEDS: 4C7A627      49       0       0       0       0      23    3039       0       0
       2809                    38                    38             4.1611825E-01         1.0000000E+30              8832       
 NEXT SEEDS: 4C7A62B      49       0       0       0       0      23    3039       0       0
       2810                    37                    37             4.1597021E-01         1.0000000E+30              8832       
 NEXT SEEDS: 4C7A62F      49       0       0       0       0      23    3039       0       0
       2811                    36                    36             4.1582227E-01         1.0000000E+30              8832       
 NEXT SEEDS: 4C7A633      49       0       0       0       0      23    3039       0       0
       2812                    35                    35             4.1573457E-01         1.0000000E+30              8832       
 NEXT SEEDS: 4E77BA9      49       0       0       0       0      23    3039       0       0
  Comptn_2: TXYZ:   1.0000000000011773       U,V,W -0.52498204714592589       0.62365885586312686      -0.57917482825062905     
       2813                    34                    34             4.1586472E-01         1.0000000E+30              8833       
 NEXT SEEDS: 570C67B      49       0       0       0       0      23    3039       0       0
       2814                    33                    33             4.1603430E-01         1.0000000E+30              8833       
 NEXT SEEDS: 60FE139      49       0       0       0       0      23    3039       0       0
       2815                    32                    32             4.1597263E-01         1.0000000E+30              8833       
 NEXT SEEDS: 63B5967      49       0       0       0       0      23    3039       0       0
       2816                    31                    31             4.1595951E-01         1.0000000E+30              8833       
 NEXT SEEDS: 67F3FA9      49       0       0       0       0      23    3039       0       0
  Comptn_2: TXYZ:  0.99999999999892020       U,V,W  0.57510202472504091      -0.15950941989209610       0.80238046220092230     
  Comptn_2: TXYZ:  0.99999999999898515       U,V,W  0.53650156532503956      -0.45621692263056701      -0.70995224480824248     
       2817                    30                    30             4.2294003E-01         1.0000000E+30              8833       
 NEXT SEEDS:1458C65A      49       0       0       0       0      23    3039       0       0
  Comptn_2: TXYZ:   1.0000000000019245       U,V,W -0.14513050136746841       0.95791277437856692       0.24766964742799757     
  Comptn_2: TXYZ:  0.99999999999438760       U,V,W  0.28927756834387708      -0.87673401426066988       0.38426027206284630     
       2818                    29                    29             4.2566891E-01         1.0000000E+30              8833       
 NEXT SEEDS:1A2CA772      49       0       0       0       0      23    3039       0       0
       2819                    28                    28             4.2551799E-01         1.0000000E+30              8833       
 NEXT SEEDS:1A2CA776      49       0       0       0       0      23    3039       0       0
       2820                    27                    27             4.2542433E-01         1.0000000E+30              8833       
 NEXT SEEDS:1A496846      49       0       0       0       0      23    3039       0       0
       2821                    26                    26             4.2527361E-01         1.0000000E+30              8833       
 NEXT SEEDS:1A49684A      49       0       0       0       0      23    3039       0       0
       2822                    25                    25             4.2523935E-01         1.0000000E+30              8833       
 NEXT SEEDS:1A888EC1      49       0       0       0       0      23    3039       0       0
       2823                    24                    24             4.2516772E-01         1.0000000E+30              8833       
 NEXT SEEDS:1AB38721      49       0       0       0       0      23    3039       0       0
       2824                    23                    23             4.2501725E-01         1.0000000E+30              8833       
 NEXT SEEDS:1AB38725      49       0       0       0       0      23    3039       0       0
       2825                    22                    22             4.2486685E-01         1.0000000E+30              8833       
 NEXT SEEDS:1AB38729      49       0       0       0       0      23    3039       0       0
       2826                    21                    21             4.2485236E-01         1.0000000E+30              8833       
 NEXT SEEDS:1AFD8171      49       0       0       0       0      23    3039       0       0
  Comptn_2: TXYZ:  0.99999999999648870       U,V,W  0.97850173028153620       0.14961566650609370      -0.14194899143166140     
       2827                    20                    20             4.2541657E-01         1.0000000E+30              8833       
 NEXT SEEDS:1C6AEB4F      49       0       0       0       0      23    3039       0       0
       2828                    19                    19             4.2542698E-01         1.0000000E+30              8834       
 NEXT SEEDS:1CBC820E      49       0       0       0       0      23    3039       0       0
  Comptn_2: TXYZ:  0.99999999999878941       U,V,W  0.41491033554951429       0.23908000168224586       0.87788960937500349     
       2829                    18                    18             4.2543880E-01         1.0000000E+30              8834       
 NEXT SEEDS:1D0DFC4A      49       0       0       0       0      23    3039       0       0
       2830                    17                    17             4.2558014E-01         1.0000000E+30              8834       
 NEXT SEEDS:1D9B4BF5      49       0       0       0       0      23    3039       0       0
       2831                    16                    16             4.2545111E-01         1.0000000E+30              8834       
 NEXT SEEDS:1DA6B942      49       0       0       0       0      23    3039       0       0
       2832                    15                    15             4.2568360E-01         1.0000000E+30              8834       
 NEXT SEEDS:1E6D7B64      49       0       0       0       0      23    3039       0       0
       2833                    14                    14             4.2582143E-01         1.0000000E+30              8834       
 NEXT SEEDS:1F02B301      49       0       0       0       0      23    3039       0       0
       2834                    13                    13             4.2567122E-01         1.0000000E+30              8834       
 NEXT SEEDS:1F02B305      49       0       0       0       0      23    3039       0       0
       2835                    12                    12             4.2552112E-01         1.0000000E+30              8834       
 NEXT SEEDS:1F02B309      49       0       0       0       0      23    3039       0       0
       2836                    11                    11             4.2545105E-01         1.0000000E+30              8834       
 NEXT SEEDS:1F2D975B      49       0       0       0       0      23    3039       0       0
       2837                    10                    10             4.2530117E-01         1.0000000E+30              8834       
 NEXT SEEDS:1F2D975F      49       0       0       0       0      23    3039       0       0
       2838                     9                     9             4.2515135E-01         1.0000000E+30              8834       
 NEXT SEEDS:1F2D9763      49       0       0       0       0      23    3039       0       0
  Comptn_2: TXYZ:   1.0000000000015108       U,V,W  0.91748826920682625      -0.39139376236995460        7.0895688495596687E-002
       2839                     8                     8             4.2514947E-01         1.0000000E+30              8834       
 NEXT SEEDS:1F7915E2      49       0       0       0       0      23    3039       0       0
  Comptn_2: TXYZ:  0.99999999999895040       U,V,W  0.46019611223788814      -0.48450820088916657       0.74395654547239953     
       2840                     7                     7             4.2512227E-01         1.0000000E+30              8834       
 NEXT SEEDS:1FBC6470      49       0       0       0       0      23    3039       0       0
       2841                     6                     6             4.2524160E-01         1.0000000E+30              8834       
 NEXT SEEDS:2045285D      49       0       0       0       0      23    3039       0       0
       2842                     5                     5             4.2515542E-01         1.0000000E+30              8834       
 NEXT SEEDS:2065195C      49       0       0       0       0      23    3039       0       0
       2843                     4                     4             4.2533816E-01         1.0000000E+30              8834       
 NEXT SEEDS:211033A7      49       0       0       0       0      23    3039       0       0
       2844                     3                     3             4.2518869E-01         1.0000000E+30              8834       
 NEXT SEEDS:211033AB      49       0       0       0       0      23    3039       0       0
       2845                     2                     2             4.2503933E-01         1.0000000E+30              8834       
 NEXT SEEDS:211033AF      49       0       0       0       0      23    3039       0       0
       2846                     1                     1             4.2489002E-01         1.0000000E+30              8834       
 NEXT SEEDS:211033B3      49       0       0       0       0      23    3039       0       0
       2847                     0                     1             4.2481492E-01         1.0000000E+30              8834       
 NEXT SEEDS:2133E588      49       0       0       0       0      23    3039       0       0
