  *** dp/dx:d,imat,ztar,ij,po,eo  -1.9416809525729661E-004          26   3.3731000000000000               36   1.8515960795556614        2.2749341454041905       ***
  ***       x,xoster,ccster,d0ster  0.14641007670209907       0.14640000000000000       -3.1997000000000000        0.0000000000000000       ***
  *** dp/dx:d,imat,ztar,ij,po,eo  -1.9416809525729661E-004          26   3.3731000000000000               37   1.8515960795556614        2.2749341454041905       ***
  ***       x,xoster,ccster,d0ster  0.14641007670209907       0.14640000000000000       -3.1997000000000000        0.0000000000000000       ***
1NUMBER OF BEAM       NUMBER OF BEAM        APPROXIMATE NUMBER    AVERAGE TIME USED     TIME LEFT (RESERVED   NUMBER OF STARS
 PARTICLES HANDLED    PARTICLES LEFT        OF BEAM PARTICLES     BY A BEAM PARTICLE     10000.0 SECONDS      CREATED
                                            THAT CAN STILL BE                           FOR PRINTOUT)
                                            HANDLED

 NEXT SEEDS:       0       0       0       0       0       0      23    3039       0       0
  Comptn_2: TXYZ:  0.99999999931199657       U,V,W  0.11580447488768186      -0.90245736683141331      -0.41492170822903063     
          1                  2846                  2846             1.2213403E+01         1.0000000E+30                 0       
 NEXT SEEDS: 8DFBA98       0       0       0       0       0      23    3039       0       0
  Comptn_2: TXYZ:  0.99999999999148237       U,V,W -0.98618914013674441        7.0484669289228918E-002  0.14987625316580022     
         50                  2797                  2797             5.1460302E-01         1.0000000E+30                 3       
 NEXT SEEDS:127BA186       0       0       0       0       0      23    3039       0       0
  Comptn_2: TXYZ:  0.99999999999876710       U,V,W -0.99100167254064964        3.3704259708994044E-002 -0.12953651183303805     
  Comptn_2: TXYZ:  0.99999999999794231       U,V,W -0.97316445370184324        1.4733592313120880E-002 -0.22963855797031574     
  Comptn_2: TXYZ:   1.0000000000485356       U,V,W -0.92536475573213295       -9.2079349044411174E-002  0.36772471004394447     
  Comptn_2: TXYZ:   1.0000000000014164       U,V,W  0.63155339641832597       0.77533068516653714        1.6236111237617479E-003
        100                  2747                  2747             4.0887496E-01         1.0000000E+30                 6       
 NEXT SEEDS:1D33B2A5       0       0       0       0       0      23    3039       0       0
  Comptn_2: TXYZ:   1.0000000000014109       U,V,W  0.29264505291615706       0.95341559256812047       -7.3195497491923334E-002
  Comptn_2: TXYZ:  0.99999999990947175       U,V,W -0.84032415866801102      -0.53697801789650157        7.4228812224873764E-002
  *** Kaon: P_min > 1.5 GeV/c:           15   8.5408181058165322     
  *** Kaon: P_min > 1.5 GeV/c:           15   8.9510599361118075     
  *** Kaon: P_min > 1.5 GeV/c:           24   8.5343100854879062     
  *** Kaon: P_min > 1.5 GeV/c:           24   8.5319191486745591     
  *** Kaon: P_min > 1.5 GeV/c:           24   7.2288557766100618     
  *** Kaon: P_min > 1.5 GeV/c:           24   8.3757222155510753     
  *** Kaon: P_min > 1.5 GeV/c:           24   1.8503017088203930     
  *** Kaon: P_min > 1.5 GeV/c:           24   1.8499157752295967     
  *** Kaon: P_min > 1.5 GeV/c:           24   2.4012864460567478     
  Comptn_2: TXYZ:   1.0000000000017297       U,V,W -0.77702431192526689       0.39257182947042679       0.49205749398321075     
  *** Kaon: P_min > 1.5 GeV/c:           15   4.9932190072156111     
  *** Kaon: P_min > 1.5 GeV/c:           15   6.2114496011667013     
  *** Kaon: P_min > 1.5 GeV/c:           15   4.3227538585727396     
  *** Kaon: P_min > 1.5 GeV/c:           15   2.4227026577371302     
  *** Kaon: P_min > 1.5 GeV/c:           15   3.0208049340596639     
  *** Kaon: P_min > 1.5 GeV/c:           15   2.4167756909533087     
  *** Kaon: P_min > 1.5 GeV/c:           15   2.9115671949689941     
  *** Kaon: P_min > 1.5 GeV/c:           15   2.3715067742341365     
  *** Kbar: P_min > 1.8 GeV/c:           16   5.2029275246667561     
  *** Kbar: P_min > 1.8 GeV/c:           16   5.3812677683072545     
  *** Kaon: P_min > 1.5 GeV/c:           15   1.6486547551056909     
  Comptn_2: TXYZ:  0.99999999999885991       U,V,W  0.12918299562966595       0.53963685305171083      -0.83192777358821957     
  Comptn_2: TXYZ:   1.0000000000010230       U,V,W -0.71481934057738350       0.67526229362144008       0.18180798978771406     
        150                  2697                  2697             4.6979199E-01         1.0000000E+30               778       
 NEXT SEEDS:329459BC       0       0       0       0       0      23    3039       0       0
  Comptn_2: TXYZ:  0.99999999999887557       U,V,W  -2.6419766904824726E-002 -0.89206555115053021       0.45113307168292494     
        200                  2647                  2647             4.1598482E-01         1.0000000E+30               786       
 NEXT SEEDS:   4C217       1       0       0       0       0      23    3039       0       0
  Comptn_2: TXYZ:   1.0000000000033022       U,V,W -0.85893402623346304       0.17192406180330977      -0.48236340611071071     
        250                  2597                  2597             4.6406114E-01         1.0000000E+30               794       
 NEXT SEEDS:16C2513C       1       0       0       0       0      23    3039       0       0
  Comptn_2: TXYZ:  0.99999999999899714       U,V,W  0.92640629328943935        1.9148751373528228E-002  0.37603816970296133     
  Comptn_2: TXYZ:  0.99999999999421751       U,V,W -0.51319589010027045       0.30809771097908367       0.80106540236603507     
  Comptn_2: TXYZ:  0.99999999999639155       U,V,W -0.30936144127070975      -0.28661923232404263       0.90672207115150627     
  Comptn_2: TXYZ:   1.0000000000031328       U,V,W -0.64749564305263618      -0.74729568779810762       0.14932698091550378     
  Comptn_2: TXYZ:   1.0000000000024145       U,V,W -0.37095571404441663       0.80074700396261989      -0.47031488799005672     
  Comptn_2: TXYZ:  0.99999999988490784       U,V,W  -6.9490243168218058E-002 -0.99756297750635170        6.2619404334327555E-003
        300                  2547                  2547             4.4750611E-01         1.0000000E+30               803       
 NEXT SEEDS:2399201A       1       0       0       0       0      23    3039       0       0
  Comptn_2: TXYZ:   1.0000000000017397       U,V,W   8.7140949540341239E-002 -0.22360194873349037      -0.97077732948268469     
        350                  2497                  2497             5.0647348E-01         1.0000000E+30               820       
 NEXT SEEDS: 67FF10A       2       0       0       0       0      23    3039       0       0
  Comptn_2: TXYZ:   1.0000000000015399       U,V,W -0.34799693666798071       0.89923969478303789      -0.26507754223575830     
        400                  2447                  2447             5.1406346E-01         1.0000000E+30               928       
 NEXT SEEDS:1A37DB47       2       0       0       0       0      23    3039       0       0
  Comptn_2: TXYZ:   1.0000000000016427       U,V,W  0.27579801899972267      -0.74961372750037536       0.60167658443757333     
  Comptn_2: TXYZ:   1.0000000000046378       U,V,W  0.88583419964427890      -0.25037003670128399       0.39065664651636922     
        450                  2397                  2397             4.8383647E-01         1.0000000E+30               977       
 NEXT SEEDS:22B8D9F3       2       0       0       0       0      23    3039       0       0
  Comptn_2: TXYZ:   1.0000000000011791       U,V,W -0.82011620809507235      -0.51295089486504253      -0.25355627517001267     
  Comptn_2: TXYZ:   1.0000000000215654       U,V,W  0.49050677460857095      -0.64598661187400808      -0.58489691516044218     
  Comptn_2: TXYZ:   1.0000000000020681       U,V,W -0.94084221960999415      -0.11420785383866416       0.31901799937146791     
  Comptn_2: TXYZ:   1.0000000000017573       U,V,W -0.94633801014799346      -0.28299147162254457       0.15607753694814619     
  Comptn_2: TXYZ:  0.99999999999824019       U,V,W -0.92651995551796063       0.37510745437370474       -2.9243284673842851E-002
        500                  2347                  2347             4.8691413E-01         1.0000000E+30               988       
 NEXT SEEDS:34F269D7       2       0       0       0       0      23    3039       0       0
  Comptn_2: TXYZ:   1.0000000000015001       U,V,W  -6.8491776398531101E-002  0.40463376676844121       0.91191029786819300     
  Comptn_2: TXYZ:   1.0000000000010885       U,V,W -0.99633822057171884       -1.4987435913511149E-002   8.4175572429344925E-002
  Comptn_2: TXYZ:  0.99999999999629807       U,V,W  0.62065578626231854       0.51449545832264221       0.59167627833197400     
        550                  2297                  2297             4.6884999E-01         1.0000000E+30               989       
 NEXT SEEDS: 377C01D       3       0       0       0       0      23    3039       0       0
  Comptn_2: TXYZ:  0.99999999999845746       U,V,W   6.6035067063751285E-002 -0.65146108585659745      -0.75580276761261356     
  Comptn_2: TXYZ:  0.99999999999814115       U,V,W -0.23742296311113664      -0.84945655298552225       0.47122595554110092     
  Comptn_2: TXYZ:   1.0000000000010403       U,V,W -0.72687251964816824      -0.18232232753440403       0.66212907281269651     
  Comptn_2: TXYZ:  0.99999999999471623       U,V,W   9.9432979491581364E-002 -0.98525690795230503       0.13921892082761644     
        600                  2247                  2247             4.6037527E-01         1.0000000E+30               997       
 NEXT SEEDS:1023F99A       3       0       0       0       0      23    3039       0       0
  Comptn_2: TXYZ:   1.0000000000148557       U,V,W  -5.4914872290339645E-002 -0.88843070310679906       0.45571399209740093     
  Comptn_2: TXYZ:  0.99999999994091671       U,V,W  0.56044435127719794      -0.80185711634512558       0.20718902970253339     
        650                  2197                  2197             4.5079201E-01         1.0000000E+30              1936       
 NEXT SEEDS:1BF64468       3       0       0       0       0      23    3039       0       0
  Comptn_2: TXYZ:  0.99999999999767109       U,V,W -0.50047271078103250      -0.48700999904941611       0.71578511201829542     
        700                  2147                  2147             4.4108251E-01         1.0000000E+30              2142       
 NEXT SEEDS:26FA16CE       3       0       0       0       0      23    3039       0       0
  Comptn_2: TXYZ:  0.99999999999862277       U,V,W -0.66865745578913238      -0.64594550697853492       0.36830912129686766     
  Comptn_2: TXYZ:   1.0000000000034082       U,V,W  0.57156055752571078       0.81745723205150966       -7.1289570422266024E-002
        750                  2097                  2097             4.4218685E-01         1.0000000E+30              2144       
 NEXT SEEDS:37029006       3       0       0       0       0      23    3039       0       0
  Comptn_2: TXYZ:  0.99999999999696543       U,V,W   1.6975485121804468E-002  0.99821764645342137       -5.7213313230725760E-002
        800                  2047                  2047             4.2650875E-01         1.0000000E+30              2147       
 NEXT SEEDS: 22DAD5B       4       0       0       0       0      23    3039       0       0
  Comptn_2: TXYZ:   1.0000000000045570       U,V,W   8.7610595170701799E-003  0.77177627734500653       0.63583380027187841     
        850                  1997                  1997             4.2380565E-01         1.0000000E+30              2174       
 NEXT SEEDS: FBED5F4       4       0       0       0       0      23    3039       0       0
  Comptn_2: TXYZ:   1.0000000000387850       U,V,W  0.69669621208245758       0.68262097234054409      -0.22055157272073700     
        900                  1947                  1947             4.2174710E-01         1.0000000E+30              2183       
 NEXT SEEDS:1D8D56EA       4       0       0       0       0      23    3039       0       0
  Comptn_2: TXYZ:  0.99999999999874833       U,V,W  -5.2492689830895500E-002 -0.59435239226876035      -0.80248972038118183     
  Comptn_2: TXYZ:  0.99999999999831157       U,V,W  0.62109388858311121       0.15446434637193818      -0.76836394193306035     
        950                  1897                  1897             4.4793444E-01         1.0000000E+30              3190       
 NEXT SEEDS: 2D9D0A1       5       0       0       0       0      23    3039       0       0
  Comptn_2: TXYZ:  0.99999999999757250       U,V,W  0.96505273896561627       -7.9481121147210843E-002 -0.24971175862124895     
  Comptn_2: TXYZ:  0.99999999999861899       U,V,W -0.95656141674838047       0.28982572698562592       -3.1484979977818739E-002
       1000                  1847                  1847             4.4222901E-01         1.0000000E+30              4091       
 NEXT SEEDS: EBDCF2D       5       0       0       0       0      23    3039       0       0
  Comptn_2: TXYZ:  0.99999999999845102       U,V,W   6.6174993460066389E-004  0.92958311770116353      -0.36861197670512524     
       1050                  1797                  1797             4.3305310E-01         1.0000000E+30              4236       
 NEXT SEEDS:17A70CEE       5       0       0       0       0      23    3039       0       0
  Comptn_2: TXYZ:  0.99999999999697176       U,V,W -0.21793976494889478      -0.26322581742999773      -0.93979488607318018     
  Comptn_2: TXYZ:  0.99999999999722700       U,V,W  0.29616946687724521      -0.49219155366348843       0.81855428738062130     
  Comptn_2: TXYZ:  0.99999999999817457       U,V,W -0.54793360307053973       0.81853741816757974       0.17252611884541835     
  Comptn_2: TXYZ:  0.99999999999899691       U,V,W  0.11919893592920516       0.98845965931978963       -9.3483236838203254E-002
  Comptn_2: TXYZ:   1.0000000000035243       U,V,W   6.5720514400965158E-002  0.66443480238694974       0.74445094356002528     
       1100                  1747                  1747             4.3395100E-01         1.0000000E+30              4441       
 NEXT SEEDS:280549D2       5       0       0       0       0      23    3039       0       0
       1150                  1697                  1697             4.3132163E-01         1.0000000E+30              4445       
 NEXT SEEDS:35681F84       5       0       0       0       0      23    3039       0       0
       1200                  1647                  1647             4.3192609E-01         1.0000000E+30              4449       
 NEXT SEEDS: 9DB2BC6       6       0       0       0       0      23    3039       0       0
  Comptn_2: TXYZ:  0.99999999999827249       U,V,W  0.59714416158180228      -0.77810156051253543       0.19487640138045492     
  Comptn_2: TXYZ:  0.99999999999885048       U,V,W  0.56362494028481080       0.30264590414133963       0.76859116791325732     
       1250                  1597                  1597             4.3427259E-01         1.0000000E+30              4453       
 NEXT SEEDS:1BFC9936       6       0       0       0       0      23    3039       0       0
  Comptn_2: TXYZ:  0.99999999999826494       U,V,W  -7.1414030688210062E-002  0.62927531383920865       0.77389444733225332     
  Comptn_2: TXYZ:  0.99999999997319278       U,V,W  0.98532385897500774        9.7971431017583654E-002 -0.13978015457195170     
  Comptn_2: TXYZ:   1.0000000000045741       U,V,W -0.21954647360855972      -0.45636798022432856       0.86228047209512226     
  Comptn_2: TXYZ:   1.0000000000056617       U,V,W  0.95819290626540266       0.27385197261470751        8.2894218636504036E-002
  Comptn_2: TXYZ:   1.0000000000023552       U,V,W -0.15749009901331590      -0.90820121754133964      -0.38777237804098341     
  Comptn_2: TXYZ:   1.0000000000017224       U,V,W -0.72877677785100659      -0.60754823896672461      -0.31586317511742124     
       1300                  1547                  1547             4.5900947E-01         1.0000000E+30              4461       
 NEXT SEEDS: 75405DD       7       0       0       0       0      23    3039       0       0
  Comptn_2: TXYZ:   1.0000000000013292       U,V,W  0.24460565564642422      -0.80550109516877910       0.53975555477364878     
  Comptn_2: TXYZ:  0.99999999999338751       U,V,W  0.58755496716658229        6.9942326226993146E-002 -0.80615583577446159     
  Comptn_2: TXYZ:   1.0000000000303344       U,V,W -0.47031303126939861       0.61967927731114969       0.62833370585991588     
       1350                  1497                  1497             4.5085655E-01         1.0000000E+30              4493       
 NEXT SEEDS: FDB3270       7       0       0       0       0      23    3039       0       0
  Comptn_2: TXYZ:  0.99999999999752998       U,V,W -0.90954432256859974       0.18743282283283236       0.37094212783892999     
  Comptn_2: TXYZ:  0.99999999999865885       U,V,W -0.62805991061897970      -0.60130413095201618      -0.49393733486342040     
  Comptn_2: TXYZ:  0.99999999999855682       U,V,W -0.28600029454734965       0.93921296568137080       0.18995482782332829     
  Comptn_2: TXYZ:  0.99999999999877964       U,V,W -0.76812539752314946       -6.2710183101863493E-002  0.63722115989192796     
  Comptn_2: TXYZ:   1.0000000000051394       U,V,W  0.95857546317975206        6.1815301593171057E-002 -0.27805026503099839     
       1400                  1447                  1447             4.5384506E-01         1.0000000E+30              4496       
 NEXT SEEDS:22E31817       7       0       0       0       0      23    3039       0       0
  Comptn_2: TXYZ:  0.99999999999492428       U,V,W  0.25914857140097070       0.72561793434775623      -0.63743284453239113     
  Comptn_2: TXYZ:  0.99999999999889400       U,V,W -0.30263843163778148       0.67239254773263468      -0.67549851328358557     
       1450                  1397                  1397             4.4782364E-01         1.0000000E+30              4506       
 NEXT SEEDS:2CABA784       7       0       0       0       0      23    3039       0       0
  Comptn_2: TXYZ:  0.99999999999808997       U,V,W -0.32713804808788893      -0.77393696995459138      -0.54221975621406671     
  Comptn_2: TXYZ:  0.99999999999893174       U,V,W -0.28828875795399789        1.6374451787058319E-002 -0.95740350394436424     
  Comptn_2: TXYZ:   1.0000000000030904       U,V,W  0.53613150562186718      -0.61911867469343207      -0.57380752463571660     
       1500                  1347                  1347             4.4333942E-01         1.0000000E+30              4507       
 NEXT SEEDS:37F90FEE       7       0       0       0       0      23    3039       0       0
  *** Hhflev: call to Hadriv !! ***  0.54968127206809647        3.5000000000000000        1.4028410532061044               13 T F T
  Comptn_2: TXYZ:   1.0000000000012843       U,V,W   2.5973155727385233E-002 -0.35410841233731105      -0.93484363799236192     
       1550                  1297                  1297             4.3754503E-01         1.0000000E+30              5466       
 NEXT SEEDS: 5E4E67C       8       0       0       0       0      23    3039       0       0
  Comptn_2: TXYZ:  0.99999999999884492       U,V,W -0.45646347051039182      -0.30819543332307120       0.83465961623122631     
  Comptn_2: TXYZ:  0.99999999999740008       U,V,W  0.34680155356575426      -0.85273465972785800      -0.39060502114104168     
       1600                  1247                  1247             4.5216780E-01         1.0000000E+30              5902       
 NEXT SEEDS:24EE6ACF       8       0       0       0       0      23    3039       0       0
  Comptn_2: TXYZ:   1.0000000000025662       U,V,W  0.88432100221280763       0.40234891493669522      -0.23683689682388076     
  Comptn_2: TXYZ:  0.99999999999875788       U,V,W  0.98889483026524250       0.10912830130076046      -0.10088621575143719     
  Comptn_2: TXYZ:   1.0000000000017044       U,V,W  -2.2756575030516757E-002  0.69700728492978925      -0.71670285547735091     
  Comptn_2: TXYZ:  0.99999999999876388       U,V,W -0.15565071883499115      -0.76001996324017718       0.63098534784994342     
       1650                  1197                  1197             4.4831286E-01         1.0000000E+30              5978       
 NEXT SEEDS:30939030       8       0       0       0       0      23    3039       0       0
  Comptn_2: TXYZ:   1.0000000000030140       U,V,W -0.49900435945649235       0.12452079042274988       0.85760668257594830     
  Comptn_2: TXYZ:  0.99999999999403610       U,V,W  0.18370937237972385       0.61312077508928553       0.76833181741211121     
  Comptn_2: TXYZ:  0.99999999999818512       U,V,W -0.95608304675478095       0.15495314698783424       0.24878651479701830     
  Comptn_2: TXYZ:  0.99999999999696376       U,V,W -0.85066777056896470      -0.46035580312634750       0.25384420150967912     
  Comptn_2: TXYZ:   1.0000000000015112       U,V,W   1.6562055217015370E-002  0.44535314122026648      -0.89520180849557107     
  Comptn_2: TXYZ:  0.99999999999872213       U,V,W -0.66320960862438483      -0.51654969656317462       0.54159895310783668     
       1700                  1147                  1147             4.4965226E-01         1.0000000E+30              6003       
 NEXT SEEDS: 6FCBC3A       9       0       0       0       0      23    3039       0       0
  Comptn_2: TXYZ:  0.99999999999815803       U,V,W -0.10257188618719582       0.87394843896476360       0.47507171478968502     
       1750                  1097                  1097             4.4299144E-01         1.0000000E+30              6041       
 NEXT SEEDS: ECBF584       9       0       0       0       0      23    3039       0       0
  Comptn_2: TXYZ:   1.0000000000011318       U,V,W  0.59998363337214933      -0.79641322445100826        7.5799839091082788E-002
  Comptn_2: TXYZ:  0.99999999999644196       U,V,W -0.98570746564822187        4.9841034373261817E-002 -0.16092440291765797     
  Comptn_2: TXYZ:   1.0000000000015383       U,V,W  0.25689744763454314       0.80879929572412745      -0.52900604971640064     
  Comptn_2: TXYZ:  0.99999999998258760       U,V,W  0.32975909912568113       0.87988455585343672       0.34214339814909067     
  Comptn_2: TXYZ:   1.0000000000053348       U,V,W -0.95321771830470858        2.2794538558343902E-003 -0.30227600898089690     
  Comptn_2: TXYZ:  0.99999999999862388       U,V,W  0.11428180530609211      -0.92992868603925016       0.34953155487869481     
       1800                  1047                  1047             4.3909521E-01         1.0000000E+30              6056       
 NEXT SEEDS:199323C3       9       0       0       0       0      23    3039       0       0
  Comptn_2: TXYZ:   1.0000000000013625       U,V,W  -8.9169931422603099E-002  0.33777394139259798      -0.93699385688891290     
       1850                   997                   997             4.3757491E-01         1.0000000E+30              6058       
 NEXT SEEDS:2769CAC0       9       0       0       0       0      23    3039       0       0
  Comptn_2: TXYZ:  0.99999999999583533       U,V,W  0.13354970415342393       0.53948586846932756       0.83133595750350153     
  Comptn_2: TXYZ:   1.0000000000025142       U,V,W   2.1726900693437301E-002 -0.95432685651826310       0.29797347653229522     
  Comptn_2: TXYZ:   1.0000000000213685       U,V,W  -4.1022078721908883E-002  0.44560156666287298       0.89429102246768366     
       1900                   947                   947             4.3487310E-01         1.0000000E+30              6071       
 NEXT SEEDS:337828E0       9       0       0       0       0      23    3039       0       0
  Comptn_2: TXYZ:   1.0000000000017653       U,V,W -0.13834871948225924      -0.82984073320159268       0.54057745914792577     
  Comptn_2: TXYZ:  0.99999999999878730       U,V,W -0.90474103635840564      -0.19905788042190409       0.37658945467158844     
  Comptn_2: TXYZ:   1.0000000000013705       U,V,W  -9.2167465097983126E-002 -0.99244159091144546       -8.1023743482646182E-002
       1950                   897                   897             4.3108967E-01         1.0000000E+30              6086       
 NEXT SEEDS: 2510086       A       0       0       0       0      23    3039       0       0
  *** Hhflev: call to Hadriv !! ***  0.83263548513717955        3.5000000000000000        1.5761062856654431               14 T F T
       2000                   847                   847             4.2506401E-01         1.0000000E+30              6151       
 NEXT SEEDS: 91186C2       A       0       0       0       0      23    3039       0       0
  Comptn_2: TXYZ:  0.99999999999858291       U,V,W -0.53167660744465195       0.80790155298392730      -0.25419493657602032     
  Comptn_2: TXYZ:   1.0000000000023297       U,V,W  0.13377407829137766       0.98206653304472624       0.13285262757331395     
  Comptn_2: TXYZ:   1.0000000000096330       U,V,W  0.92350591962288231       0.21193968207450098      -0.31971610468239930     
  Comptn_2: TXYZ:   1.0000000000019211       U,V,W  0.96540778146277528      -0.12380643628274868       0.22947719239176934     
  Comptn_2: TXYZ:   1.0000000000024634       U,V,W  0.32988441544340930      -0.80926840155846946       0.48606679241542849     
       2050                   797                   797             4.2362711E-01         1.0000000E+30              6211       
 NEXT SEEDS:15E853A4       A       0       0       0       0      23    3039       0       0
  Comptn_2: TXYZ:   1.0000000000011360       U,V,W  0.70251818064058291      -0.59769666597461679       0.38629897922905343     
  Comptn_2: TXYZ:   1.0000000000027343       U,V,W  0.44216637019910365      -0.34708631363905340       0.82705501144248927     
  Comptn_2: TXYZ:   1.0000000000015765       U,V,W -0.86357530670039750      -0.13638856093914065      -0.48542337202059116     
  Comptn_2: TXYZ:   1.0000000000011942       U,V,W  0.14993664286787123       0.75996558575486550       0.63243285145141748     
  Comptn_2: TXYZ:   1.0000000000011031       U,V,W  0.32166289720198904      -0.29527251267710852       0.89963721789512041     
  Comptn_2: TXYZ:   1.0000000000012781       U,V,W  -7.9504470752723932E-002 -0.77151822969633344       0.63121997780317685     
  Comptn_2: TXYZ:  0.99999999999641920       U,V,W  0.73085158272781570      -0.55343873524893406      -0.39945153691871838     
  Comptn_2: TXYZ:  0.99999999999642475       U,V,W  0.63950136547697056      -0.76878914625006090        1.1189984885362492E-003
  Comptn_2: TXYZ:  0.99999999999300626       U,V,W -0.84678882017976775       0.30237717091603145       0.43762625666244048     
       2100                   747                   747             4.3325331E-01         1.0000000E+30              6245       
 NEXT SEEDS:3400E409       A       0       0       0       0      23    3039       0       0
  Comptn_2: TXYZ:   1.0000000000018097       U,V,W  -8.8597114660295517E-002  0.98660840048839749       0.13694676104751835     
       2150                   697                   697             4.3898791E-01         1.0000000E+30              6267       
 NEXT SEEDS:10CB590D       B       0       0       0       0      23    3039       0       0
  Comptn_2: TXYZ:   1.0000000000075806       U,V,W -0.34826132514987762      -0.55602256458301724       0.75468732405344952     
  Comptn_2: TXYZ:   1.0000000000025624       U,V,W   4.9385872785322249E-002  0.13370306098939011      -0.98979014293630030     
       2200                   647                   647             4.3488999E-01         1.0000000E+30              6270       
 NEXT SEEDS:1A1B3615       B       0       0       0       0      23    3039       0       0
  Comptn_2: TXYZ:   1.0000000000020752       U,V,W  0.46211074491198190      -0.46207719504837286       0.75692689558186288     
  Comptn_2: TXYZ:   1.0000000000011844       U,V,W -0.59994616241381848       0.40496753763176940      -0.68997528627522442     
  Comptn_2: TXYZ:   1.0000000000015099       U,V,W  0.88754086184261993       0.45885128993118940       -4.1553727746773461E-002
  Comptn_2: TXYZ:  0.99999999999874489       U,V,W  0.87755164460413404      -0.41832372434023135      -0.23432535651406283     
       2250                   597                   597             4.3740765E-01         1.0000000E+30              6273       
 NEXT SEEDS:2DD92CF2       B       0       0       0       0      23    3039       0       0
  Comptn_2: TXYZ:   1.0000000000018667       U,V,W   5.9155989096240091E-003 -0.98859966089045159      -0.15045170713119660     
       2300                   547                   547             4.3231022E-01         1.0000000E+30              6273       
 NEXT SEEDS:35363DCB       B       0       0       0       0      23    3039       0       0
  Comptn_2: TXYZ:  0.99999999979985776       U,V,W -0.61435468485547062       0.23688497444499035      -0.75263127086122950     
  Comptn_2: TXYZ:   1.0000000000020943       U,V,W -0.73079459879053132      -0.51282887951400369       0.45049505515276422     
  Comptn_2: TXYZ:   1.0000000000018212       U,V,W   2.0181439652944277E-002  0.45727714109448669      -0.88909522871726665     
  Comptn_2: TXYZ:   1.0000000000010849       U,V,W  0.12507040842866779      -0.11966134778630533      -0.98490535321041683     
  Comptn_2: TXYZ:   1.0000000000608773       U,V,W -0.29432168850695462      -0.56095864504240112       0.77375715976492643     
       2350                   497                   497             4.3291147E-01         1.0000000E+30              6283       
 NEXT SEEDS: A8A1D3D       C       0       0       0       0      23    3039       0       0
  Comptn_2: TXYZ:   1.0000000000012941       U,V,W  -7.8458832979620752E-002 -0.19059809968442742       0.97852775940463488     
  Comptn_2: TXYZ:   1.0000000000125078       U,V,W -0.38461879415427802       0.33481384860698427       0.86021396755504753     
       2400                   447                   447             4.3178870E-01         1.0000000E+30              7017       
 NEXT SEEDS:1857F25E       C       0       0       0       0      23    3039       0       0
  Comptn_2: TXYZ:  0.99999999999164357       U,V,W  0.28012260035404601      -0.25016912556651505      -0.92679379442021315     
  Comptn_2: TXYZ:   1.0000000000023113       U,V,W -0.62850432280073676        9.3336440356154071E-002 -0.77218561571991273     
  Comptn_2: TXYZ:  0.99999999998859557       U,V,W -0.68952070868763826      -0.71290247601346834      -0.12779378691219279     
       2450                   397                   397             4.2806328E-01         1.0000000E+30              7018       
 NEXT SEEDS:21642D18       C       0       0       0       0      23    3039       0       0
  Comptn_2: TXYZ:  0.99999999999772748       U,V,W  0.58228122634197632       0.15151451431950136      -0.79874396736246922     
  Comptn_2: TXYZ:   1.0000000000012657       U,V,W  0.70242452991391047       0.13326357554679902      -0.69917136612490793     
  Comptn_2: TXYZ:  0.99999999999789557       U,V,W  0.34910122144169264      -0.92062246781767954      -0.17487884073008786     
       2500                   347                   347             4.3350114E-01         1.0000000E+30              7022       
 NEXT SEEDS:3B3F7C31       C       0       0       0       0      23    3039       0       0
  Comptn_2: TXYZ:   1.0000000000012936       U,V,W -0.51497665402776960      -0.55173783521845365      -0.65603689453879888     
  Comptn_2: TXYZ:  0.99999999999789657       U,V,W -0.41772443192613196      -0.67922489172667833      -0.60345658122914614     
  Comptn_2: TXYZ:  0.99999999999817513       U,V,W -0.98908290506753360       0.13286633461156239       -6.3730244219144083E-002
  Comptn_2: TXYZ:   1.0000000000013320       U,V,W  0.58758123001031493      -0.67094949552290473      -0.45229975967101410     
  Comptn_2: TXYZ:  0.99999999999738409       U,V,W  0.34111423452465317      -0.72471532094351687      -0.59868922037379235     
       2550                   297                   297             4.3174705E-01         1.0000000E+30              7419       
 NEXT SEEDS: C59BF5A       D       0       0       0       0      23    3039       0       0
  Comptn_2: TXYZ:  0.99999999999865319       U,V,W  0.44243256793441788       0.89193852792251249        9.3268886757757130E-002
  Comptn_2: TXYZ:  0.99999999999888234       U,V,W  0.88520582592727859      -0.25807175197206789       0.38705247264079645     
  Comptn_2: TXYZ:   1.0000000000067299       U,V,W -0.57940833097519828       0.34255008947868948       0.73955758545322681     
       2600                   247                   247             4.3519979E-01         1.0000000E+30              7483       
 NEXT SEEDS:233D051F       D       0       0       0       0      23    3039       0       0
       2650                   197                   197             4.3268031E-01         1.0000000E+30              7501       
 NEXT SEEDS:2E330117       D       0       0       0       0      23    3039       0       0
  Comptn_2: TXYZ:  0.99999999999785572       U,V,W -0.14012933615653367      -0.97455866043530914       0.17492623164271492     
  Comptn_2: TXYZ:   1.0000000000068556       U,V,W  -8.6283399432005581E-002  -1.7731077845656529E-002  0.99611283691544905     
  Comptn_2: TXYZ:   1.0000000000041949       U,V,W -0.86779339798481203       -9.9265711724356720E-002  0.48690957773905552     
       2700                   147                   147             4.2911681E-01         1.0000000E+30              7503       
 NEXT SEEDS:3718990F       D       0       0       0       0      23    3039       0       0
  Comptn_2: TXYZ:   1.0000000000078033       U,V,W  0.26141424297992444       0.39954167709806121      -0.87865183197709484     
  Comptn_2: TXYZ:  0.99999999999329725       U,V,W -0.52167816066499029       0.51852396771065656      -0.67748416334855222     
       2750                    97                    97             4.2529143E-01         1.0000000E+30              7520       
 NEXT SEEDS: 3BAD59A       E       0       0       0       0      23    3039       0       0
  Comptn_2: TXYZ:  0.99999999999725464       U,V,W -0.33227373181654229       -2.5994648348175841E-002 -0.94282471615842667     
  *** Hhflev: call to Hadriv !! ***  0.63274462052022129        3.5000000000000000        1.4559723127066868               14 T F T
  Comptn_2: TXYZ:  0.99999999999690725       U,V,W  0.89155238619499677       0.43334011086576396      -0.13172202162797930     
       2797                    50                    50             4.2688566E-01         1.0000000E+30              8265       
 NEXT SEEDS:1616B102       E       0       0       0       0      23    3039       0       0
       2798                    49                    49             4.2673313E-01         1.0000000E+30              8265       
 NEXT SEEDS:1616B106       E       0       0       0       0      23    3039       0       0
       2799                    48                    48             4.2665529E-01         1.0000000E+30              8265       
 NEXT SEEDS:1640DD42       E       0       0       0       0      23    3039       0       0
       2800                    47                    47             4.2697023E-01         1.0000000E+30              8265       
 NEXT SEEDS:173A1CEC       E       0       0       0       0      23    3039       0       0
       2801                    46                    46             4.2692474E-01         1.0000000E+30              8265       
 NEXT SEEDS:1772F2D2       E       0       0       0       0      23    3039       0       0
       2802                    45                    45             4.2710160E-01         1.0000000E+30              8265       
 NEXT SEEDS:182829AA       E       0       0       0       0      23    3039       0       0
       2803                    44                    44             4.2699966E-01         1.0000000E+30              8266       
 NEXT SEEDS:1844BF11       E       0       0       0       0      23    3039       0       0
       2804                    43                    43             4.2725294E-01         1.0000000E+30              8266       
 NEXT SEEDS:1921C956       E       0       0       0       0      23    3039       0       0
       2805                    42                    42             4.2717312E-01         1.0000000E+30              8266       
 NEXT SEEDS:194BCD58       E       0       0       0       0      23    3039       0       0
       2806                    41                    41             4.3031152E-01         1.0000000E+30              8266       
 NEXT SEEDS:200FEE6A       E       0       0       0       0      23    3039       0       0
       2807                    40                    40             4.3027582E-01         1.0000000E+30              8266       
 NEXT SEEDS:204E8349       E       0       0       0       0      23    3039       0       0
       2808                    39                    39             4.3012263E-01         1.0000000E+30              8266       
 NEXT SEEDS:204E834D       E       0       0       0       0      23    3039       0       0
       2809                    38                    38             4.2996950E-01         1.0000000E+30              8266       
 NEXT SEEDS:204E8351       E       0       0       0       0      23    3039       0       0
       2810                    37                    37             4.3000142E-01         1.0000000E+30              8266       
 NEXT SEEDS:20B86B06       E       0       0       0       0      23    3039       0       0
       2811                    36                    36             4.2994863E-01         1.0000000E+30              8266       
 NEXT SEEDS:20EDEA9C       E       0       0       0       0      23    3039       0       0
       2812                    35                    35             4.2982508E-01         1.0000000E+30              8266       
 NEXT SEEDS:20FE2A08       E       0       0       0       0      23    3039       0       0
       2813                    34                    34             4.2976419E-01         1.0000000E+30              8266       
 NEXT SEEDS:21328830       E       0       0       0       0      23    3039       0       0
       2814                    33                    33             4.3009576E-01         1.0000000E+30              8461       
 NEXT SEEDS:2226F9CC       E       0       0       0       0      23    3039       0       0
       2815                    32                    32             4.3002562E-01         1.0000000E+30              8461       
 NEXT SEEDS:2255C24D       E       0       0       0       0      23    3039       0       0
       2816                    31                    31             4.3009993E-01         1.0000000E+30              8461       
 NEXT SEEDS:22CD09B5       E       0       0       0       0      23    3039       0       0
       2817                    30                    30             4.2994730E-01         1.0000000E+30              8461       
 NEXT SEEDS:22CD09B9       E       0       0       0       0      23    3039       0       0
       2818                    29                    29             4.3000746E-01         1.0000000E+30              8462       
 NEXT SEEDS:233AD37E       E       0       0       0       0      23    3039       0       0
       2819                    28                    28             4.2985496E-01         1.0000000E+30              8462       
 NEXT SEEDS:233AD382       E       0       0       0       0      23    3039       0       0
       2820                    27                    27             4.2982655E-01         1.0000000E+30              8462       
 NEXT SEEDS:237B2A25       E       0       0       0       0      23    3039       0       0
       2821                    26                    26             4.2967423E-01         1.0000000E+30              8462       
 NEXT SEEDS:237B2A29       E       0       0       0       0      23    3039       0       0
       2822                    25                    25             4.2969197E-01         1.0000000E+30              8462       
 NEXT SEEDS:23D6BC21       E       0       0       0       0      23    3039       0       0
       2823                    24                    24             4.2953980E-01         1.0000000E+30              8462       
 NEXT SEEDS:23D6BC25       E       0       0       0       0      23    3039       0       0
       2824                    23                    23             4.2938774E-01         1.0000000E+30              8462       
 NEXT SEEDS:23D6BC29       E       0       0       0       0      23    3039       0       0
       2825                    22                    22             4.2923579E-01         1.0000000E+30              8462       
 NEXT SEEDS:23D6BC2D       E       0       0       0       0      23    3039       0       0
       2826                    21                    21             4.2932324E-01         1.0000000E+30              8462       
 NEXT SEEDS:24584920       E       0       0       0       0      23    3039       0       0
       2827                    20                    20             4.2917142E-01         1.0000000E+30              8462       
 NEXT SEEDS:24584924       E       0       0       0       0      23    3039       0       0
       2828                    19                    19             4.2901971E-01         1.0000000E+30              8462       
 NEXT SEEDS:24584928       E       0       0       0       0      23    3039       0       0
       2829                    18                    18             4.2893464E-01         1.0000000E+30              8462       
 NEXT SEEDS:247C3F23       E       0       0       0       0      23    3039       0       0
       2830                    17                    17             4.2878311E-01         1.0000000E+30              8462       
 NEXT SEEDS:247C3F27       E       0       0       0       0      23    3039       0       0
       2831                    16                    16             4.2873449E-01         1.0000000E+30              8462       
 NEXT SEEDS:24B3E0FA       E       0       0       0       0      23    3039       0       0
       2832                    15                    15             4.2872608E-01         1.0000000E+30              8462       
 NEXT SEEDS:25011D22       E       0       0       0       0      23    3039       0       0
       2833                    14                    14             4.2951287E-01         1.0000000E+30              8463       
 NEXT SEEDS:27006633       E       0       0       0       0      23    3039       0       0
       2834                    13                    13             4.2938341E-01         1.0000000E+30              8463       
 NEXT SEEDS:270CE7C2       E       0       0       0       0      23    3039       0       0
       2835                    12                    12             4.2933719E-01         1.0000000E+30              8463       
 NEXT SEEDS:2745A579       E       0       0       0       0      23    3039       0       0
       2836                    11                    11             4.2918584E-01         1.0000000E+30              8463       
 NEXT SEEDS:2745A57D       E       0       0       0       0      23    3039       0       0
       2837                    10                    10             4.2903461E-01         1.0000000E+30              8463       
 NEXT SEEDS:2745A581       E       0       0       0       0      23    3039       0       0
       2838                     9                     9             4.2888347E-01         1.0000000E+30              8463       
 NEXT SEEDS:2745A585       E       0       0       0       0      23    3039       0       0
       2839                     8                     8             4.2884596E-01         1.0000000E+30              8464       
 NEXT SEEDS:277FD469       E       0       0       0       0      23    3039       0       0
       2840                     7                     7             4.2893725E-01         1.0000000E+30              8464       
 NEXT SEEDS:27FF4660       E       0       0       0       0      23    3039       0       0
       2841                     6                     6             4.2878631E-01         1.0000000E+30              8464       
 NEXT SEEDS:27FF4664       E       0       0       0       0      23    3039       0       0
       2842                     5                     5             4.2870287E-01         1.0000000E+30              8465       
 NEXT SEEDS:2824FBAC       E       0       0       0       0      23    3039       0       0
       2843                     4                     4             4.2880451E-01         1.0000000E+30              8465       
 NEXT SEEDS:28AE4C22       E       0       0       0       0      23    3039       0       0
       2844                     3                     3             4.2865378E-01         1.0000000E+30              8465       
 NEXT SEEDS:28AE4C26       E       0       0       0       0      23    3039       0       0
       2845                     2                     2             4.2853289E-01         1.0000000E+30              8465       
 NEXT SEEDS:28BF23FC       E       0       0       0       0      23    3039       0       0
       2846                     1                     1             4.2857005E-01         1.0000000E+30              8466       
 NEXT SEEDS:29259543       E       0       0       0       0      23    3039       0       0
       2847                     0                     1             4.2848512E-01         1.0000000E+30              8466       
 NEXT SEEDS:294B0341       E       0       0       0       0      23    3039       0       0
