  *** dp/dx:d,imat,ztar,ij,po,eo  -1.9416809525729661E-004          26   3.3731000000000000               36   1.8515960795556614        2.2749341454041905       ***
  ***       x,xoster,ccster,d0ster  0.14641007670209907       0.14640000000000000       -3.1997000000000000        0.0000000000000000       ***
  *** dp/dx:d,imat,ztar,ij,po,eo  -1.9416809525729661E-004          26   3.3731000000000000               37   1.8515960795556614        2.2749341454041905       ***
  ***       x,xoster,ccster,d0ster  0.14641007670209907       0.14640000000000000       -3.1997000000000000        0.0000000000000000       ***
1NUMBER OF BEAM       NUMBER OF BEAM        APPROXIMATE NUMBER    AVERAGE TIME USED     TIME LEFT (RESERVED   NUMBER OF STARS
 PARTICLES HANDLED    PARTICLES LEFT        OF BEAM PARTICLES     BY A BEAM PARTICLE     10000.0 SECONDS      CREATED
                                            THAT CAN STILL BE                           FOR PRINTOUT)
                                            HANDLED

 NEXT SEEDS: B1E8089       4       0       0       0       0      47    3039       0       0
          1                  2152                  2152             9.0122223E-05         1.0000000E+30                 0       
 NEXT SEEDS: B1E808D       4       0       0       0       0      47    3039       0       0
         40                  2113                  2113             6.2976575E-02         1.0000000E+30                 1       
 NEXT SEEDS: CFE9E7B       4       0       0       0       0      47    3039       0       0
  Comptn_2: TXYZ:  0.99999999999808753       U,V,W -0.62020346260331216      -0.47127360378438254       0.62709557114448700     
         80                  2073                  2073             6.4332700E-02         1.0000000E+30                 9       
 NEXT SEEDS: EF490FA       4       0       0       0       0      47    3039       0       0
        120                  2033                  2033             6.4937556E-02         1.0000000E+30                10       
 NEXT SEEDS:10F09E78       4       0       0       0       0      47    3039       0       0
        160                  1993                  1993             7.3208413E-02         1.0000000E+30                13       
 NEXT SEEDS:13E0503B       4       0       0       0       0      47    3039       0       0
  Comptn_2: TXYZ:   1.0000000000021427       U,V,W  0.18381761930012885        7.0280697426952088E-002 -0.98044464729333747     
  Comptn_2: TXYZ:  0.99999999999863509       U,V,W   8.9687821098095810E-002 -0.99038008513286080      -0.10537258522755621     
        200                  1953                  1953             9.0911291E-02         1.0000000E+30                17       
 NEXT SEEDS:18969E49       4       0       0       0       0      47    3039       0       0
  Comptn_2: TXYZ:  0.99999999999896760       U,V,W -0.83557338465727327       0.36999776068337553      -0.40610192801887024     
  Comptn_2: TXYZ:  0.99999999998942046       U,V,W -0.43224094809892222       0.75296108887375368      -0.49620294378209451     
        240                  1913                  1913             8.9060297E-02         1.0000000E+30                18       
 NEXT SEEDS:1AF49844       4       0       0       0       0      47    3039       0       0
  Comptn_2: TXYZ:   1.0000000000019191       U,V,W  0.65168152539316537       0.30301155793422652       0.69533818047150930     
        280                  1873                  1873             8.7641680E-02         1.0000000E+30                18       
 NEXT SEEDS:1D3D2CDE       4       0       0       0       0      47    3039       0       0
  Comptn_2: TXYZ:   1.0000000000019444       U,V,W -0.85142723377590102      -0.52383491778306279        2.5858161146402381E-002
        320                  1833                  1833             8.6816774E-02         1.0000000E+30                27       
 NEXT SEEDS:1FA64B75       4       0       0       0       0      47    3039       0       0
        360                  1793                  1793             8.5277567E-02         1.0000000E+30                29       
 NEXT SEEDS:21C8D5F8       4       0       0       0       0      47    3039       0       0
  *** Kaon: P_min > 1.5 GeV/c:           24   3.3500161325098938     
  *** Kaon: P_min > 1.5 GeV/c:           24   2.7264840991590895     
  *** Kaon: P_min > 1.5 GeV/c:           24   2.2980451826530586     
  *** Kaon: P_min > 1.5 GeV/c:           24   2.9153403122846386     
  *** Hhflev: call to Hadriv !! ***  0.78225507198576949        3.5000000000000000        1.5462705882048349               14 T F T
  *** Kaon: P_min > 1.5 GeV/c:           15   3.3926535116074779     
  *** Kaon: P_min > 1.5 GeV/c:           15   2.7282304803994455     
  *** Kaon: P_min > 1.5 GeV/c:           15   4.0685055703637891     
  *** Kaon: P_min > 1.5 GeV/c:           15   3.3733828673842901     
  *** Kaon: P_min > 1.5 GeV/c:           15   3.3468971905025744     
  *** Kaon: P_min > 1.5 GeV/c:           15   3.5990467575613070     
  *** Kaon: P_min > 1.5 GeV/c:           15   4.4448494754308197     
  *** Kbar: P_min > 1.8 GeV/c:           25   9.5952666106671813     
  *** Kaon: P_min > 1.5 GeV/c:           24   6.0426911486013495     
  *** Kaon: P_min > 1.5 GeV/c:           24   3.0240066257952605     
  *** Kaon: P_min > 1.5 GeV/c:           24   3.5408176458619165     
  *** Kaon: P_min > 1.5 GeV/c:           24   3.3224380873851498     
  *** Kaon: P_min > 1.5 GeV/c:           24   4.4231189072953612     
  *** Kbar: P_min > 1.8 GeV/c:           25   7.0663355259470251     
  *** Kbar: P_min > 1.8 GeV/c:           25   7.2250663579885517     
        400                  1753                  1753             9.9457587E-02         1.0000000E+30               354       
 NEXT SEEDS:285EF89C       4       0       0       0       0      47    3039       0       0
        440                  1713                  1713             9.6912782E-02         1.0000000E+30               355       
 NEXT SEEDS:2A8009B4       4       0       0       0       0      47    3039       0       0
        480                  1673                  1673             9.3413423E-02         1.0000000E+30               356       
 NEXT SEEDS:2C20F18A       4       0       0       0       0      47    3039       0       0
        520                  1633                  1633             9.2747123E-02         1.0000000E+30               359       
 NEXT SEEDS:2EA4CA26       4       0       0       0       0      47    3039       0       0
  *** Hhflev: call to Hadriv !! ***  0.81619014155365022        3.5000000000000000        1.5655646699801089               23 T F T
        560                  1593                  1593             9.6616472E-02         1.0000000E+30               429       
 NEXT SEEDS:32F104C3       4       0       0       0       0      47    3039       0       0
        600                  1553                  1553             9.5510355E-02         1.0000000E+30               430       
 NEXT SEEDS:3557FADD       4       0       0       0       0      47    3039       0       0
  Comptn_2: TXYZ:  0.99999999999698763       U,V,W -0.53522400711766238       0.13745055151576935      -0.83345222303975586     
  Comptn_2: TXYZ:   1.0000000000010671       U,V,W  0.93847964457222677       -5.3549046977110493E-003 -0.34529303746286644     
        640                  1513                  1513             9.4053911E-02         1.0000000E+30               432       
 NEXT SEEDS:377A0FF4       4       0       0       0       0      47    3039       0       0
        680                  1473                  1473             9.2812880E-02         1.0000000E+30               436       
 NEXT SEEDS:39A84D72       4       0       0       0       0      47    3039       0       0
        720                  1433                  1433             8.9607657E-02         1.0000000E+30               436       
 NEXT SEEDS:3AAC6140       4       0       0       0       0      47    3039       0       0
  Comptn_2: TXYZ:   1.0000000000042431       U,V,W  0.15478341780669780      -0.59815167332304497       0.78629299200562741     
        760                  1393                  1393             8.7488871E-02         1.0000000E+30               437       
 NEXT SEEDS:  856310       5       0       0       0       0      47    3039       0       0
  Comptn_2: TXYZ:  0.99999999998901645       U,V,W  0.19861132729235464      -0.95353489951047266       0.22654963269830830     
        800                  1353                  1353             9.5868649E-02         1.0000000E+30               437       
 NEXT SEEDS: 7A268A7       5       0       0       0       0      47    3039       0       0
  Comptn_2: TXYZ:   1.0000000000012088       U,V,W   3.8294356079703107E-002 -0.98975969224230798       0.13751106830383364     
        840                  1313                  1313             9.6248331E-02         1.0000000E+30               445       
 NEXT SEEDS: AAB0CB9       5       0       0       0       0      47    3039       0       0
  Comptn_2: TXYZ:   1.0000000000023541       U,V,W  0.50022088343511228      -0.65398044045539905       0.56752854666484609     
  Comptn_2: TXYZ:   1.0000000000105131       U,V,W  -6.1340924355253179E-002  0.84323379493855555      -0.53403563372052076     
        880                  1273                  1273             1.1343271E-01         1.0000000E+30               452       
 NEXT SEEDS:17C78E92       5       0       0       0       0      47    3039       0       0
  Comptn_2: TXYZ:   1.0000000000014984       U,V,W  0.62489422648251547      -0.13270298007172698       0.76934850671876909     
  Comptn_2: TXYZ:  0.99999999999894673       U,V,W  0.62081112928457927       0.77700224627876935      -0.10421636643588528     
  Comptn_2: TXYZ:   1.0000000000010660       U,V,W  0.70066642442215610      -0.67006034290898242       0.24512384328994585     
  Comptn_2: TXYZ:  0.99999999999868905       U,V,W -0.60514287114388310       0.70819276783788609      -0.36368270385672830     
        920                  1233                  1233             1.1845942E-01         1.0000000E+30               456       
 NEXT SEEDS:1EB2F3B4       5       0       0       0       0      47    3039       0       0
  Comptn_2: TXYZ:  0.99999999978672593       U,V,W -0.69540317828939990       0.55256829549341546       0.45943737138725282     
  Comptn_2: TXYZ:   1.0000000000014206       U,V,W  0.34317804720670786      -0.76142340185920432      -0.54996657263689031     
        960                  1193                  1193             1.3305000E-01         1.0000000E+30               456       
 NEXT SEEDS:2C7CE841       5       0       0       0       0      47    3039       0       0
       1000                  1153                  1153             1.3178020E-01         1.0000000E+30               461       
 NEXT SEEDS:2F7FDCE9       5       0       0       0       0      47    3039       0       0
       1040                  1113                  1113             1.2944911E-01         1.0000000E+30               461       
 NEXT SEEDS:3190639A       5       0       0       0       0      47    3039       0       0
  Comptn_2: TXYZ:   1.0000000000010894       U,V,W  0.52210051541385383      -0.31066214698085304       0.79429218946111035     
  Comptn_2: TXYZ:  0.99999999998915523       U,V,W  0.32576333588105300       0.65163567932685851      -0.68501765700821693     
       1080                  1073                  1073             1.2751635E-01         1.0000000E+30               462       
 NEXT SEEDS:33E29699       5       0       0       0       0      47    3039       0       0
  Comptn_2: TXYZ:   1.0000000000014571       U,V,W  0.59881310601440418       0.58924283808915678       0.54241657591511228     
       1120                  1033                  1033             1.2604404E-01         1.0000000E+30               463       
 NEXT SEEDS:367BB0EA       5       0       0       0       0      47    3039       0       0
       1160                   993                   993             1.2512185E-01         1.0000000E+30               473       
 NEXT SEEDS:396E9745       5       0       0       0       0      47    3039       0       0
  Comptn_2: TXYZ:  0.99999999999802214       U,V,W -0.17923096781751724       0.85154630221099126      -0.49269174476949118     
       1200                   953                   953             1.2437414E-01         1.0000000E+30               474       
 NEXT SEEDS:  D917C1       6       0       0       0       0      47    3039       0       0
  Comptn_2: TXYZ:   1.0000000000038507       U,V,W -0.32345720755574092      -0.92505637693366083      -0.19911337066722012     
       1240                   913                   913             1.2438163E-01         1.0000000E+30               475       
 NEXT SEEDS: 47976CA       6       0       0       0       0      47    3039       0       0
       1280                   873                   873             1.2424785E-01         1.0000000E+30               477       
 NEXT SEEDS: 805E878       6       0       0       0       0      47    3039       0       0
  Comptn_2: TXYZ:   1.0000000000015026       U,V,W  0.87893040634153152      -0.42237964671146955       0.22153278505383156     
       1320                   833                   833             1.2265806E-01         1.0000000E+30               477       
 NEXT SEEDS: A2B9099       6       0       0       0       0      47    3039       0       0
       1360                   793                   793             1.2215391E-01         1.0000000E+30               485       
 NEXT SEEDS: D57EF4A       6       0       0       0       0      47    3039       0       0
  Comptn_2: TXYZ:   1.0000000000293634       U,V,W  0.61092189500917016       0.44618916515020146      -0.65397986752677184     
       1400                   753                   753             1.2326655E-01         1.0000000E+30               487       
 NEXT SEEDS:1216236B       6       0       0       0       0      47    3039       0       0
       1440                   713                   713             1.2313193E-01         1.0000000E+30               494       
 NEXT SEEDS:159B41C1       6       0       0       0       0      47    3039       0       0
  *** Kbar: P_min > 1.8 GeV/c:           25   24.299200834328659     
  *** Hhflev: call to Hadriv !! ***  0.81226894326742816        3.5000000000000000        1.5655643136647981               13 T F T
  Comptn_2: TXYZ:   1.0000000000018883       U,V,W -0.15029270639911374      -0.56203827428022080       0.81334192111880554     
       1480                   673                   673             1.2692712E-01         1.0000000E+30              1660       
 NEXT SEEDS:1D1D4BCA       6       0       0       0       0      47    3039       0       0
       1520                   633                   633             1.2616186E-01         1.0000000E+30              1665       
 NEXT SEEDS:20001A59       6       0       0       0       0      47    3039       0       0
       1560                   593                   593             1.2430305E-01         1.0000000E+30              1665       
 NEXT SEEDS:21959E1B       6       0       0       0       0      47    3039       0       0
  Comptn_2: TXYZ:   1.0000000000010900       U,V,W -0.57675949556926298       0.46110005537031284       0.67434058398503183     
       1600                   553                   553             1.2440294E-01         1.0000000E+30              1666       
 NEXT SEEDS:256D5015       6       0       0       0       0      47    3039       0       0
       1640                   513                   513             1.2377720E-01         1.0000000E+30              1667       
 NEXT SEEDS:28355681       6       0       0       0       0      47    3039       0       0
       1680                   473                   473             1.2382293E-01         1.0000000E+30              1668       
 NEXT SEEDS:2BF8521F       6       0       0       0       0      47    3039       0       0
  Comptn_2: TXYZ:   1.0000000000262830       U,V,W -0.87136054819239916       0.21957970278322136      -0.43876593897630300     
       1720                   433                   433             1.2440788E-01         1.0000000E+30              1682       
 NEXT SEEDS:30572B78       6       0       0       0       0      47    3039       0       0
  Comptn_2: TXYZ:   1.0000000000011204       U,V,W  0.60250416699079601       0.44559254520606117      -0.66214500860206726     
       1760                   393                   393             1.2323848E-01         1.0000000E+30              1683       
 NEXT SEEDS:3286C106       6       0       0       0       0      47    3039       0       0
       1800                   353                   353             1.2242116E-01         1.0000000E+30              1744       
 NEXT SEEDS:3517E63F       6       0       0       0       0      47    3039       0       0
  Comptn_2: TXYZ:   1.0000000003007281       U,V,W  0.68864642780778240      -0.16744851953399120      -0.70549776121131913     
       1840                   313                   313             1.2479509E-01         1.0000000E+30              1751       
 NEXT SEEDS:  90117D       7       0       0       0       0      47    3039       0       0
  Comptn_2: TXYZ:  0.99999999999574474       U,V,W  0.34542500425330491       0.11248925479789307      -0.93168005988502500     
       1880                   273                   273             1.2736370E-01         1.0000000E+30              1751       
 NEXT SEEDS: 7EE1240       7       0       0       0       0      47    3039       0       0
  Comptn_2: TXYZ:   1.0000000000011031       U,V,W -0.83814928776918052      -0.30473748136013512      -0.45237245591149744     
       1920                   233                   233             1.2781731E-01         1.0000000E+30              1757       
 NEXT SEEDS: C646029       7       0       0       0       0      47    3039       0       0
       1960                   193                   193             1.2749775E-01         1.0000000E+30              1760       
 NEXT SEEDS: FBE7308       7       0       0       0       0      47    3039       0       0
       2000                   153                   153             1.2606827E-01         1.0000000E+30              1762       
 NEXT SEEDS:116EAEB1       7       0       0       0       0      47    3039       0       0
  Comptn_2: TXYZ:  0.99999999999882450       U,V,W -0.17110764887574703      -0.91080889815138377       0.37569844761896576     
  Eventv: ekin+am < pla,ij,igreyt   4.1746991385947796        4.2109053263045437               30          12
       2040                   113                   113             1.2425809E-01         1.0000000E+30              1771       
 NEXT SEEDS:126C551D       7       0       0       0       0      47    3039       0       0
       2080                    73                    73             1.2285917E-01         1.0000000E+30              1775       
 NEXT SEEDS:13EC4E56       7       0       0       0       0      47    3039       0       0
       2103                    50                    50             1.2340854E-01         1.0000000E+30              1789       
 NEXT SEEDS:16F2C2E7       7       0       0       0       0      47    3039       0       0
       2104                    49                    49             1.2334996E-01         1.0000000E+30              1789       
 NEXT SEEDS:16F2C2EB       7       0       0       0       0      47    3039       0       0
       2105                    48                    48             1.2329665E-01         1.0000000E+30              1789       
 NEXT SEEDS:16F4C412       7       0       0       0       0      47    3039       0       0
       2106                    47                    47             1.2323816E-01         1.0000000E+30              1789       
 NEXT SEEDS:16F4C416       7       0       0       0       0      47    3039       0       0
       2107                    46                    46             1.2328610E-01         1.0000000E+30              1789       
 NEXT SEEDS:17210B9F       7       0       0       0       0      47    3039       0       0
       2108                    45                    45             1.2328001E-01         1.0000000E+30              1789       
 NEXT SEEDS:17340A97       7       0       0       0       0      47    3039       0       0
       2109                    44                    44             1.2322161E-01         1.0000000E+30              1789       
 NEXT SEEDS:17340A9B       7       0       0       0       0      47    3039       0       0
  Comptn_2: TXYZ:  0.99999999999866673       U,V,W  0.82315906144677875      -0.47019058999175201       0.31832368532663935     
       2110                    43                    43             1.2339126E-01         1.0000000E+30              1789       
 NEXT SEEDS:1785D546       7       0       0       0       0      47    3039       0       0
       2111                    42                    42             1.2336508E-01         1.0000000E+30              1792       
 NEXT SEEDS:17935A7F       7       0       0       0       0      47    3039       0       0
       2112                    41                    41             1.2330903E-01         1.0000000E+30              1792       
 NEXT SEEDS:179432CD       7       0       0       0       0      47    3039       0       0
       2113                    40                    40             1.2325074E-01         1.0000000E+30              1792       
 NEXT SEEDS:179432E4       7       0       0       0       0      47    3039       0       0
       2114                    39                    39             1.2325397E-01         1.0000000E+30              1792       
 NEXT SEEDS:17AC9D4F       7       0       0       0       0      47    3039       0       0
       2115                    38                    38             1.2319605E-01         1.0000000E+30              1792       
 NEXT SEEDS:17ACB8D9       7       0       0       0       0      47    3039       0       0
       2116                    37                    37             1.2313834E-01         1.0000000E+30              1792       
 NEXT SEEDS:17ACDBEE       7       0       0       0       0      47    3039       0       0
       2117                    36                    36             1.2310217E-01         1.0000000E+30              1792       
 NEXT SEEDS:17B3C746       7       0       0       0       0      47    3039       0       0
       2118                    35                    35             1.2320881E-01         1.0000000E+30              1792       
 NEXT SEEDS:17F809B8       7       0       0       0       0      47    3039       0       0
       2119                    34                    34             1.2315074E-01         1.0000000E+30              1792       
 NEXT SEEDS:17F809CB       7       0       0       0       0      47    3039       0       0
       2120                    33                    33             1.2309715E-01         1.0000000E+30              1792       
 NEXT SEEDS:17F9B56C       7       0       0       0       0      47    3039       0       0
       2121                    32                    32             1.2303917E-01         1.0000000E+30              1792       
 NEXT SEEDS:17F9B570       7       0       0       0       0      47    3039       0       0
       2122                    31                    31             1.2298169E-01         1.0000000E+30              1792       
 NEXT SEEDS:17F9D7AB       7       0       0       0       0      47    3039       0       0
       2123                    30                    30             1.2297472E-01         1.0000000E+30              1792       
 NEXT SEEDS:180CE41C       7       0       0       0       0      47    3039       0       0
       2124                    29                    29             1.2305490E-01         1.0000000E+30              1792       
 NEXT SEEDS:183F5690       7       0       0       0       0      47    3039       0       0
       2125                    28                    28             1.2299705E-01         1.0000000E+30              1792       
 NEXT SEEDS:183F56A6       7       0       0       0       0      47    3039       0       0
       2126                    27                    27             1.2293925E-01         1.0000000E+30              1792       
 NEXT SEEDS:183F56AA       7       0       0       0       0      47    3039       0       0
       2127                    26                    26             1.2288150E-01         1.0000000E+30              1792       
 NEXT SEEDS:183F56AE       7       0       0       0       0      47    3039       0       0
       2128                    25                    25             1.2282473E-01         1.0000000E+30              1792       
 NEXT SEEDS:183FA12D       7       0       0       0       0      47    3039       0       0
       2129                    24                    24             1.2281870E-01         1.0000000E+30              1792       
 NEXT SEEDS:185439E5       7       0       0       0       0      47    3039       0       0
       2130                    23                    23             1.2276111E-01         1.0000000E+30              1792       
 NEXT SEEDS:18543A00       7       0       0       0       0      47    3039       0       0
       2131                    22                    22             1.2274222E-01         1.0000000E+30              1792       
 NEXT SEEDS:186410D7       7       0       0       0       0      47    3039       0       0
       2132                    21                    21             1.2268471E-01         1.0000000E+30              1792       
 NEXT SEEDS:186410DB       7       0       0       0       0      47    3039       0       0
       2133                    20                    20             1.2277198E-01         1.0000000E+30              1807       
 NEXT SEEDS:18A121C3       7       0       0       0       0      47    3039       0       0
       2134                    19                    19             1.2282933E-01         1.0000000E+30              1807       
 NEXT SEEDS:18D02CD7       7       0       0       0       0      47    3039       0       0
       2135                    18                    18             1.2277514E-01         1.0000000E+30              1807       
 NEXT SEEDS:18D16106       7       0       0       0       0      47    3039       0       0
       2136                    17                    17             1.2271772E-01         1.0000000E+30              1807       
 NEXT SEEDS:18D1610A       7       0       0       0       0      47    3039       0       0
       2137                    16                    16             1.2266034E-01         1.0000000E+30              1807       
 NEXT SEEDS:18D1610E       7       0       0       0       0      47    3039       0       0
       2138                    15                    15             1.2260302E-01         1.0000000E+30              1807       
 NEXT SEEDS:18D16112       7       0       0       0       0      47    3039       0       0
       2139                    14                    14             1.2254575E-01         1.0000000E+30              1807       
 NEXT SEEDS:18D16116       7       0       0       0       0      47    3039       0       0
       2140                    13                    13             1.2248854E-01         1.0000000E+30              1807       
 NEXT SEEDS:18D1611A       7       0       0       0       0      47    3039       0       0
       2141                    12                    12             1.2255307E-01         1.0000000E+30              1809       
 NEXT SEEDS:19054006       7       0       0       0       0      47    3039       0       0
       2142                    11                    11             1.2249591E-01         1.0000000E+30              1809       
 NEXT SEEDS:1905400A       7       0       0       0       0      47    3039       0       0
       2143                    10                    10             1.2243880E-01         1.0000000E+30              1809       
 NEXT SEEDS:1905400E       7       0       0       0       0      47    3039       0       0
       2144                     9                     9             1.2240233E-01         1.0000000E+30              1813       
 NEXT SEEDS:190DCF51       7       0       0       0       0      47    3039       0       0
       2145                     8                     8             1.2235896E-01         1.0000000E+30              1814       
 NEXT SEEDS:1912FF78       7       0       0       0       0      47    3039       0       0
       2146                     7                     7             1.2230256E-01         1.0000000E+30              1814       
 NEXT SEEDS:19132A4C       7       0       0       0       0      47    3039       0       0
       2147                     6                     6             1.2224565E-01         1.0000000E+30              1814       
 NEXT SEEDS:19132A50       7       0       0       0       0      47    3039       0       0
       2148                     5                     5             1.2221970E-01         1.0000000E+30              1814       
 NEXT SEEDS:191EB053       7       0       0       0       0      47    3039       0       0
       2149                     4                     4             1.2221981E-01         1.0000000E+30              1814       
 NEXT SEEDS:1934F6DB       7       0       0       0       0      47    3039       0       0
       2150                     3                     3             1.2216302E-01         1.0000000E+30              1814       
 NEXT SEEDS:1934F6DF       7       0       0       0       0      47    3039       0       0
       2151                     2                     2             1.2210627E-01         1.0000000E+30              1814       
 NEXT SEEDS:1934F6E3       7       0       0       0       0      47    3039       0       0
       2152                     1                     1             1.2241533E-01         1.0000000E+30              1814       
 NEXT SEEDS:19CED239       7       0       0       0       0      47    3039       0       0
       2153                     0                     1             1.2235853E-01         1.0000000E+30              1814       
 NEXT SEEDS:19CED23D       7       0       0       0       0      47    3039       0       0
