  *** dp/dx:d,imat,ztar,ij,po,eo  -1.9416809525729661E-004          26   3.3731000000000000               36   1.8515960795556614        2.2749341454041905       ***
  ***       x,xoster,ccster,d0ster  0.14641007670209907       0.14640000000000000       -3.1997000000000000        0.0000000000000000       ***
  *** dp/dx:d,imat,ztar,ij,po,eo  -1.9416809525729661E-004          26   3.3731000000000000               37   1.8515960795556614        2.2749341454041905       ***
  ***       x,xoster,ccster,d0ster  0.14641007670209907       0.14640000000000000       -3.1997000000000000        0.0000000000000000       ***
1NUMBER OF BEAM       NUMBER OF BEAM        APPROXIMATE NUMBER    AVERAGE TIME USED     TIME LEFT (RESERVED   NUMBER OF STARS
 PARTICLES HANDLED    PARTICLES LEFT        OF BEAM PARTICLES     BY A BEAM PARTICLE     10000.0 SECONDS      CREATED
                                            THAT CAN STILL BE                           FOR PRINTOUT)
                                            HANDLED

 NEXT SEEDS:       0       0       0       0       0       0      47    3039       0       0
          1                  2152                  2152             1.3113022E-04         1.0000000E+30                 0       
 NEXT SEEDS:      13       0       0       0       0       0      47    3039       0       0
         40                  2113                  2113             1.2000100E-01         1.0000000E+30                29       
 NEXT SEEDS: 38DB199       0       0       0       0       0      47    3039       0       0
  *** Kaon: P_min > 1.5 GeV/c:           24   9.8883430098946992     
  *** Kaon: P_min > 1.5 GeV/c:           24   10.080126668426930     
  *** Kaon: P_min > 1.5 GeV/c:           15   2.3280790119633541     
  *** Kaon: P_min > 1.5 GeV/c:           15   2.2118640659365489     
  *** Kaon: P_min > 1.5 GeV/c:           15   2.1371838775117635     
  *** Kaon: P_min > 1.5 GeV/c:           15   2.3722867692255276     
  *** Kaon: P_min > 1.5 GeV/c:           15   2.2354568464228683     
  *** Kaon: P_min > 1.5 GeV/c:           24   1.6131586685993664     
  *** Kaon: P_min > 1.5 GeV/c:           24   1.6056996439818816     
  *** Kaon: P_min > 1.5 GeV/c:           24   1.8838522328131322     
  *** Kaon: P_min > 1.5 GeV/c:           24   1.6913957569341995     
  *** Kbar: P_min > 1.8 GeV/c:           16   8.4907788997617910     
  *** Kbar: P_min > 1.8 GeV/c:           16   9.1526982804837722     
  *** Kbar: P_min > 1.8 GeV/c:           16   8.0512997250506384     
  *** Kbar: P_min > 1.8 GeV/c:           16   7.9690612810742030     
  *** Kbar: P_min > 1.8 GeV/c:           16   7.8653591767746756     
  *** Kbar: P_min > 1.8 GeV/c:           16   8.0570873194912362     
         80                  2073                  2073             9.9415758E-02         1.0000000E+30               138       
 NEXT SEEDS: 5E3596D       0       0       0       0       0      47    3039       0       0
        120                  2033                  2033             9.1128987E-02         1.0000000E+30               140       
 NEXT SEEDS: 819A640       0       0       0       0       0      47    3039       0       0
        160                  1993                  1993             9.9130429E-02         1.0000000E+30               149       
 NEXT SEEDS: BD2DA7D       0       0       0       0       0      47    3039       0       0
        200                  1953                  1953             9.0816537E-02         1.0000000E+30               194       
 NEXT SEEDS: D8F9E47       0       0       0       0       0      47    3039       0       0
  Comptn_2: TXYZ:   1.0000000000013134       U,V,W  0.65982733502279522      -0.17744542856671330      -0.73016505520245545     
        240                  1913                  1913             1.3622395E-01         1.0000000E+30               229       
 NEXT SEEDS:18615BDE       0       0       0       0       0      47    3039       0       0
        280                  1873                  1873             1.8942543E-01         1.0000000E+30               229       
 NEXT SEEDS:27E5572D       0       0       0       0       0      47    3039       0       0
  Comptn_2: TXYZ:   1.0000000000012190       U,V,W  0.11128778412341411      -0.94993440964018916       0.29195829580209676     
        320                  1833                  1833             1.8894355E-01         1.0000000E+30               235       
 NEXT SEEDS:2D8029BA       0       0       0       0       0      47    3039       0       0
  Comptn_2: TXYZ:  0.99999999999776690       U,V,W -0.91964721979455533       -6.5386928089249174E-002 -0.38726417437837313     
  Comptn_2: TXYZ:  0.99999999999784150       U,V,W  0.51804746501159116        1.4831413379919667E-002 -0.85522327679387899     
        360                  1793                  1793             2.0649455E-01         1.0000000E+30               238       
 NEXT SEEDS:37FAE492       0       0       0       0       0      47    3039       0       0
        400                  1753                  1753             1.9868424E-01         1.0000000E+30               243       
 NEXT SEEDS:  152520       1       0       0       0       0      47    3039       0       0
  *** Kbar: P_min > 1.8 GeV/c:           25   8.2154326123672767     
  *** Kaon: P_min > 1.5 GeV/c:           15   33.581826054760882     
  *** Kaon: P_min > 1.5 GeV/c:           15   3.8380478049026578     
  Comptn_2: TXYZ:   1.0000000000120604       U,V,W -0.49784098697395507       0.60741016982386542      -0.61903734725410686     
        440                  1713                  1713             1.9635545E-01         1.0000000E+30               992       
 NEXT SEEDS: 535FD20       1       0       0       0       0      47    3039       0       0
  Comptn_2: TXYZ:  0.99999999999862466       U,V,W -0.28492280663902214       0.40950618961670671       0.86667391498831492     
        480                  1673                  1673             1.8459861E-01         1.0000000E+30               992       
 NEXT SEEDS: 6D77B02       1       0       0       0       0      47    3039       0       0
  Comptn_2: TXYZ:   1.0000000000024041       U,V,W  0.33283670152410672       0.77706099863203804      -0.53422461055808412     
  Comptn_2: TXYZ:  0.99999999994546895       U,V,W -0.56671747901850722      -0.36930118100474374       0.73651064936555954     
        520                  1633                  1633             1.7952048E-01         1.0000000E+30               993       
 NEXT SEEDS: A55F3AB       1       0       0       0       0      47    3039       0       0
        560                  1593                  1593             1.7323645E-01         1.0000000E+30              1012       
 NEXT SEEDS: D0A45C9       1       0       0       0       0      47    3039       0       0
        600                  1553                  1553             1.7740409E-01         1.0000000E+30              1013       
 NEXT SEEDS:14123BB7       1       0       0       0       0      47    3039       0       0
  Comptn_2: TXYZ:   1.0000000000011289       U,V,W -0.73849235547185543      -0.23597367677598058       0.63162129854809734     
        640                  1513                  1513             1.7046608E-01         1.0000000E+30              1013       
 NEXT SEEDS:160A627B       1       0       0       0       0      47    3039       0       0
  Comptn_2: TXYZ:   1.0000000000018825       U,V,W  0.86864137086650572       0.49359020410260968        4.2788774637564586E-002
        680                  1473                  1473             1.6885738E-01         1.0000000E+30              1034       
 NEXT SEEDS:1A582661       1       0       0       0       0      47    3039       0       0
  Comptn_2: TXYZ:  0.99999999999883860       U,V,W  0.78505815582826699       0.18990910273407025      -0.58959157445226396     
        720                  1433                  1433             1.6353956E-01         1.0000000E+30              1034       
 NEXT SEEDS:1C8389E7       1       0       0       0       0      47    3039       0       0
  Comptn_2: TXYZ:  0.99999999998116718       U,V,W -0.39569001312793262      -0.54649593238048055      -0.73808645115838090     
  Comptn_2: TXYZ:   1.0000000000014639       U,V,W  0.12903982284036886       0.11747455515632055      -0.98465651524458764     
  Comptn_2: TXYZ:   1.0000000000013620       U,V,W -0.94650332454925312       0.26054521100040517      -0.19038815520753261     
  Comptn_2: TXYZ:  0.99999999999870059       U,V,W  0.34775385342602760       0.73344985202668056       0.58405356945068831     
        760                  1393                  1393             1.8067922E-01         1.0000000E+30              1034       
 NEXT SEEDS:2B99B668       1       0       0       0       0      47    3039       0       0
  Comptn_2: TXYZ:  0.99999999999851674       U,V,W  0.36261076453105900       0.74712454438328990       0.55706224842900554     
  Comptn_2: TXYZ:   1.0000000000013953       U,V,W -0.81571473947685291        5.2515133167277739E-002 -0.57606564260510140     
  Comptn_2: TXYZ:  0.99999999999709810       U,V,W  0.78522483236529439       0.51881814873188148       0.33800841880109544     
        800                  1353                  1353             1.8080699E-01         1.0000000E+30              1037       
 NEXT SEEDS:3102ACBD       1       0       0       0       0      47    3039       0       0
  Comptn_2: TXYZ:   1.0000000000647595       U,V,W  0.34126353991666747      -0.57462914825289602      -0.74386862977709711     
  Comptn_2: TXYZ:   1.0000000000020823       U,V,W -0.46829205936883511      -0.56877576502797211      -0.67616320237870298     
        840                  1313                  1313             1.7559810E-01         1.0000000E+30              1041       
 NEXT SEEDS:331797D9       1       0       0       0       0      47    3039       0       0
  Comptn_2: TXYZ:  0.99999999999700795       U,V,W -0.46153233140297090       0.71194720914349929       0.52926276882048739     
        880                  1273                  1273             1.7000137E-01         1.0000000E+30              1042       
 NEXT SEEDS:349F0A87       1       0       0       0       0      47    3039       0       0
  Comptn_2: TXYZ:   1.0000000000050895       U,V,W  0.31917166787772544      -0.55638437873469826      -0.76718046737990164     
        920                  1233                  1233             1.6567989E-01         1.0000000E+30              1196       
 NEXT SEEDS:36B29BF9       1       0       0       0       0      47    3039       0       0
        960                  1193                  1193             1.6577504E-01         1.0000000E+30              1197       
 NEXT SEEDS:  15C432       2       0       0       0       0      47    3039       0       0
  Comptn_2: TXYZ:  0.99999999999870004       U,V,W -0.75191215892399654      -0.63791627518619975      -0.16640592271166099     
       1000                  1153                  1153             1.6855316E-01         1.0000000E+30              1213       
 NEXT SEEDS: 715A52E       2       0       0       0       0      47    3039       0       0
  Comptn_2: TXYZ:  0.99999999999595901       U,V,W  0.37370332894450442       0.34191806353651089       0.86222842667079647     
  Comptn_2: TXYZ:  0.99999999999863465       U,V,W -0.69860933527301228       0.26317239678010651       0.66534598987372640     
       1040                  1113                  1113             1.7762198E-01         1.0000000E+30              1214       
 NEXT SEEDS:12BE77D4       2       0       0       0       0      47    3039       0       0
  Comptn_2: TXYZ:   1.0000000000011826       U,V,W -0.99332401410252880        4.8828035354262056E-002 -0.10451423812985894     
  Comptn_2: TXYZ:  0.99999999999820144       U,V,W  0.66789472121412174       0.39823768849946362      -0.62874747302165446     
  Comptn_2: TXYZ:  0.99999999999884248       U,V,W -0.66433096282019477      -0.29118496765147128       0.68838629159146336     
       1080                  1073                  1073             1.8144224E-01         1.0000000E+30              3920       
 NEXT SEEDS:1B40AFB0       2       0       0       0       0      47    3039       0       0
  Comptn_2: TXYZ:  0.99999999999890821       U,V,W  -1.5191345746710994E-002  0.65152711110388850       0.75847323387838372     
       1120                  1033                  1033             1.9156968E-01         1.0000000E+30              3924       
 NEXT SEEDS:2988C9E0       2       0       0       0       0      47    3039       0       0
       1160                   993                   993             1.8951945E-01         1.0000000E+30              3928       
 NEXT SEEDS:2D8454D5       2       0       0       0       0      47    3039       0       0
       1200                   953                   953             1.8429191E-01         1.0000000E+30              3928       
 NEXT SEEDS:2E7ECAE0       2       0       0       0       0      47    3039       0       0
  Comptn_2: TXYZ:   1.0000000000478737       U,V,W -0.99253681989986120       -6.3949853027082781E-002  0.10383196756663438     
  Comptn_2: TXYZ:   1.0000000000019897       U,V,W -0.67671714249838533       0.11216505366567731      -0.72764889183381953     
       1240                   913                   913             1.8004383E-01         1.0000000E+30              3930       
 NEXT SEEDS:300A626F       2       0       0       0       0      47    3039       0       0
  Comptn_2: TXYZ:   1.0000000000013380       U,V,W  -9.7726340073734264E-002 -0.22492938929192974      -0.96946187768776682     
       1280                   873                   873             1.7727631E-01         1.0000000E+30              3931       
 NEXT SEEDS:32C2F35F       2       0       0       0       0      47    3039       0       0
       1320                   833                   833             1.7565133E-01         1.0000000E+30              3938       
 NEXT SEEDS:367C3547       2       0       0       0       0      47    3039       0       0
       1360                   793                   793             1.7191395E-01         1.0000000E+30              3941       
 NEXT SEEDS:37EA94A5       2       0       0       0       0      47    3039       0       0
       1400                   753                   753             1.6981587E-01         1.0000000E+30              3944       
 NEXT SEEDS:3AD4260B       2       0       0       0       0      47    3039       0       0
       1440                   713                   713             1.6857578E-01         1.0000000E+30              3967       
 NEXT SEEDS: 2E9E4FD       3       0       0       0       0      47    3039       0       0
       1480                   673                   673             1.6569132E-01         1.0000000E+30              3969       
 NEXT SEEDS: 4C75E97       3       0       0       0       0      47    3039       0       0
       1520                   633                   633             1.6391207E-01         1.0000000E+30              3976       
 NEXT SEEDS: 7B1B91A       3       0       0       0       0      47    3039       0       0
       1560                   593                   593             1.6222161E-01         1.0000000E+30              3976       
 NEXT SEEDS: AA9E222       3       0       0       0       0      47    3039       0       0
       1600                   553                   553             1.6202781E-01         1.0000000E+30              4923       
 NEXT SEEDS: F479F42       3       0       0       0       0      47    3039       0       0
  Comptn_2: TXYZ:   1.0000000000015521       U,V,W -0.34075684042319665       0.93971900988304213       -2.8512421342057337E-002
       1640                   513                   513             1.6041500E-01         1.0000000E+30              5076       
 NEXT SEEDS:1225F785       3       0       0       0       0      47    3039       0       0
       1680                   473                   473             1.5829064E-01         1.0000000E+30              5078       
 NEXT SEEDS:144F181E       3       0       0       0       0      47    3039       0       0
       1720                   433                   433             1.5577148E-01         1.0000000E+30              5079       
 NEXT SEEDS:15CCD8DC       3       0       0       0       0      47    3039       0       0
  Comptn_2: TXYZ:   1.0000000000265825       U,V,W -0.24403721229680286       0.79813135464648610       0.55084678429773248     
  Comptn_2: TXYZ:  0.99999999999810263       U,V,W  0.73451805667939851      -0.12898453409309951       0.66621784303244880     
       1760                   393                   393             1.5400701E-01         1.0000000E+30              5079       
 NEXT SEEDS:1820F37B       3       0       0       0       0      47    3039       0       0
       1800                   353                   353             1.5249401E-01         1.0000000E+30              5082       
 NEXT SEEDS:1AB1A8DA       3       0       0       0       0      47    3039       0       0
  Comptn_2: TXYZ:  0.99999999998864442       U,V,W  0.79780340836715880      -0.59794060213836531       -7.7309494247458588E-002
       1840                   313                   313             1.5106791E-01         1.0000000E+30              5085       
 NEXT SEEDS:1D506124       3       0       0       0       0      47    3039       0       0
  Comptn_2: TXYZ:   1.0000000000021743       U,V,W -0.79601817601866287      -0.55233678999880453       0.24754622571130369     
  Comptn_2: TXYZ:  0.99999999999124223       U,V,W -0.26175251062670668       0.90701239302338621      -0.32986988658234395     
       1880                   273                   273             1.5185620E-01         1.0000000E+30              5902       
 NEXT SEEDS:22FD15A7       3       0       0       0       0      47    3039       0       0
  Comptn_2: TXYZ:  0.99999999999770239       U,V,W  0.87650981589280974       0.44865386668678298       0.17447134592320168     
  Comptn_2: TXYZ:  0.99999999999857236       U,V,W   7.6463375653840870E-002   6.5280139750569788E-002 -0.99493309098468430     
  Comptn_2: TXYZ:   1.0000000000010241       U,V,W   2.4802007491814493E-002  0.83980543409486152      -0.54232065541535590     
  Comptn_2: TXYZ:  0.99999999999654643       U,V,W  0.27779720956998233      -0.59614825781540048       0.75328345598143898     
  Comptn_2: TXYZ:  0.99999999999859823       U,V,W  0.42279111355351517      -0.25135510485220180      -0.87067116959476465     
       1920                   233                   233             1.5946717E-01         1.0000000E+30              5907       
 NEXT SEEDS:32F4AFA4       3       0       0       0       0      47    3039       0       0
       1960                   193                   193             1.5936575E-01         1.0000000E+30              5909       
 NEXT SEEDS:379F0003       3       0       0       0       0      47    3039       0       0
       2000                   153                   153             1.5743439E-01         1.0000000E+30              5912       
 NEXT SEEDS:39797539       3       0       0       0       0      47    3039       0       0
       2040                   113                   113             1.5738830E-01         1.0000000E+30              5930       
 NEXT SEEDS: 27B8DB7       4       0       0       0       0      47    3039       0       0
  Comptn_2: TXYZ:  0.99999999999760980       U,V,W -0.32079948857683682      -0.61800124852332772      -0.71774796756943715     
       2080                    73                    73             1.5634837E-01         1.0000000E+30              5931       
 NEXT SEEDS: 5714F80       4       0       0       0       0      47    3039       0       0
       2103                    50                    50             1.5614582E-01         1.0000000E+30              6120       
 NEXT SEEDS: 7D27E0C       4       0       0       0       0      47    3039       0       0
       2104                    49                    49             1.5613475E-01         1.0000000E+30              6120       
 NEXT SEEDS: 7E91529       4       0       0       0       0      47    3039       0       0
       2105                    48                    48             1.5619259E-01         1.0000000E+30              6121       
 NEXT SEEDS: 81C7396       4       0       0       0       0      47    3039       0       0
       2106                    47                    47             1.5623296E-01         1.0000000E+30              6121       
 NEXT SEEDS: 84B9604       4       0       0       0       0      47    3039       0       0
       2107                    46                    46             1.5615887E-01         1.0000000E+30              6121       
 NEXT SEEDS: 84B9608       4       0       0       0       0      47    3039       0       0
       2108                    45                    45             1.5608483E-01         1.0000000E+30              6121       
 NEXT SEEDS: 84B960C       4       0       0       0       0      47    3039       0       0
       2109                    44                    44             1.5601130E-01         1.0000000E+30              6121       
 NEXT SEEDS: 84BB81A       4       0       0       0       0      47    3039       0       0
       2110                    43                    43             1.5593740E-01         1.0000000E+30              6121       
 NEXT SEEDS: 84BB81E       4       0       0       0       0      47    3039       0       0
       2111                    42                    42             1.5586358E-01         1.0000000E+30              6121       
 NEXT SEEDS: 84BB822       4       0       0       0       0      47    3039       0       0
       2112                    41                    41             1.5578984E-01         1.0000000E+30              6121       
 NEXT SEEDS: 84BB826       4       0       0       0       0      47    3039       0       0
       2113                    40                    40             1.5571624E-01         1.0000000E+30              6121       
 NEXT SEEDS: 84BBE97       4       0       0       0       0      47    3039       0       0
       2114                    39                    39             1.5564321E-01         1.0000000E+30              6121       
 NEXT SEEDS: 84BEAC4       4       0       0       0       0      47    3039       0       0
       2115                    38                    38             1.5556962E-01         1.0000000E+30              6121       
 NEXT SEEDS: 84BEAC8       4       0       0       0       0      47    3039       0       0
       2116                    37                    37             1.5549610E-01         1.0000000E+30              6121       
 NEXT SEEDS: 84BEACC       4       0       0       0       0      47    3039       0       0
       2117                    36                    36             1.5547814E-01         1.0000000E+30              6121       
 NEXT SEEDS: 863B999       4       0       0       0       0      47    3039       0       0
       2118                    35                    35             1.5540479E-01         1.0000000E+30              6121       
 NEXT SEEDS: 863B99D       4       0       0       0       0      47    3039       0       0
       2119                    34                    34             1.5601564E-01         1.0000000E+30              6121       
 NEXT SEEDS: 984502E       4       0       0       0       0      47    3039       0       0
       2120                    33                    33             1.5594212E-01         1.0000000E+30              6121       
 NEXT SEEDS: 9845032       4       0       0       0       0      47    3039       0       0
       2121                    32                    32             1.5592858E-01         1.0000000E+30              6121       
 NEXT SEEDS: 99DA0FD       4       0       0       0       0      47    3039       0       0
       2122                    31                    31             1.5586203E-01         1.0000000E+30              6121       
 NEXT SEEDS: 9A0370E       4       0       0       0       0      47    3039       0       0
       2123                    30                    30             1.5578867E-01         1.0000000E+30              6121       
 NEXT SEEDS: 9A03712       4       0       0       0       0      47    3039       0       0
       2124                    29                    29             1.5577387E-01         1.0000000E+30              6121       
 NEXT SEEDS: 9B8EB25       4       0       0       0       0      47    3039       0       0
       2125                    28                    28             1.5570062E-01         1.0000000E+30              6121       
 NEXT SEEDS: 9B8EB29       4       0       0       0       0      47    3039       0       0
       2126                    27                    27             1.5562745E-01         1.0000000E+30              6121       
 NEXT SEEDS: 9B8EB3C       4       0       0       0       0      47    3039       0       0
       2127                    26                    26             1.5555432E-01         1.0000000E+30              6121       
 NEXT SEEDS: 9B8EB40       4       0       0       0       0      47    3039       0       0
       2128                    25                    25             1.5548127E-01         1.0000000E+30              6121       
 NEXT SEEDS: 9B8EB44       4       0       0       0       0      47    3039       0       0
       2129                    24                    24             1.5544704E-01         1.0000000E+30              6136       
 NEXT SEEDS: 9C7893C       4       0       0       0       0      47    3039       0       0
       2130                    23                    23             1.5537412E-01         1.0000000E+30              6136       
 NEXT SEEDS: 9C78940       4       0       0       0       0      47    3039       0       0
       2131                    22                    22             1.5530126E-01         1.0000000E+30              6136       
 NEXT SEEDS: 9C78944       4       0       0       0       0      47    3039       0       0
       2132                    21                    21             1.5522859E-01         1.0000000E+30              6136       
 NEXT SEEDS: 9C794D5       4       0       0       0       0      47    3039       0       0
       2133                    20                    20             1.5515586E-01         1.0000000E+30              6136       
 NEXT SEEDS: 9C794D9       4       0       0       0       0      47    3039       0       0
       2134                    19                    19             1.5508321E-01         1.0000000E+30              6136       
 NEXT SEEDS: 9C794DD       4       0       0       0       0      47    3039       0       0
       2135                    18                    18             1.5501061E-01         1.0000000E+30              6136       
 NEXT SEEDS: 9C794E1       4       0       0       0       0      47    3039       0       0
       2136                    17                    17             1.5496975E-01         1.0000000E+30              6136       
 NEXT SEEDS: 9D3977D       4       0       0       0       0      47    3039       0       0
       2137                    16                    16             1.5501297E-01         1.0000000E+30              6136       
 NEXT SEEDS: A0491B9       4       0       0       0       0      47    3039       0       0
       2138                    15                    15             1.5498058E-01         1.0000000E+30              6136       
 NEXT SEEDS: A14C90D       4       0       0       0       0      47    3039       0       0
       2139                    14                    14             1.5492664E-01         1.0000000E+30              6136       
 NEXT SEEDS: A1BCCBB       4       0       0       0       0      47    3039       0       0
       2140                    13                    13             1.5508247E-01         1.0000000E+30              6136       
 NEXT SEEDS: A73E9F4       4       0       0       0       0      47    3039       0       0
       2141                    12                    12             1.5505632E-01         1.0000000E+30              6136       
 NEXT SEEDS: A872C35       4       0       0       0       0      47    3039       0       0
       2142                    11                    11             1.5507902E-01         1.0000000E+30              6136       
 NEXT SEEDS: AAE6CCA       4       0       0       0       0      47    3039       0       0
       2143                    10                    10             1.5500671E-01         1.0000000E+30              6136       
 NEXT SEEDS: AAE6CCE       4       0       0       0       0      47    3039       0       0
       2144                     9                     9             1.5497982E-01         1.0000000E+30              6136       
 NEXT SEEDS: AC12903       4       0       0       0       0      47    3039       0       0
       2145                     8                     8             1.5496563E-01         1.0000000E+30              6136       
 NEXT SEEDS: ADA2B59       4       0       0       0       0      47    3039       0       0
       2146                     7                     7             1.5489347E-01         1.0000000E+30              6136       
 NEXT SEEDS: ADA2B5D       4       0       0       0       0      47    3039       0       0
       2147                     6                     6             1.5491929E-01         1.0000000E+30              6136       
 NEXT SEEDS: AFFCA8E       4       0       0       0       0      47    3039       0       0
       2148                     5                     5             1.5484723E-01         1.0000000E+30              6136       
 NEXT SEEDS: AFFCA92       4       0       0       0       0      47    3039       0       0
       2149                     4                     4             1.5477521E-01         1.0000000E+30              6136       
 NEXT SEEDS: AFFCA96       4       0       0       0       0      47    3039       0       0
       2150                     3                     3             1.5470327E-01         1.0000000E+30              6136       
 NEXT SEEDS: AFFCA9A       4       0       0       0       0      47    3039       0       0
       2151                     2                     2             1.5463140E-01         1.0000000E+30              6136       
 NEXT SEEDS: AFFCA9E       4       0       0       0       0      47    3039       0       0
       2152                     1                     1             1.5462169E-01         1.0000000E+30              6136       
 NEXT SEEDS: B182285       4       0       0       0       0      47    3039       0       0
       2153                     0                     1             1.5456615E-01         1.0000000E+30              6136       
 NEXT SEEDS: B1E8089       4       0       0       0       0      47    3039       0       0
