  *** dp/dx:d,imat,ztar,ij,po,eo  -1.9416809525729661E-004          26   3.3731000000000000               36   1.8515960795556614        2.2749341454041905       ***
  ***       x,xoster,ccster,d0ster  0.14641007670209907       0.14640000000000000       -3.1997000000000000        0.0000000000000000       ***
  *** dp/dx:d,imat,ztar,ij,po,eo  -1.9416809525729661E-004          26   3.3731000000000000               37   1.8515960795556614        2.2749341454041905       ***
  ***       x,xoster,ccster,d0ster  0.14641007670209907       0.14640000000000000       -3.1997000000000000        0.0000000000000000       ***
1NUMBER OF BEAM       NUMBER OF BEAM        APPROXIMATE NUMBER    AVERAGE TIME USED     TIME LEFT (RESERVED   NUMBER OF STARS
 PARTICLES HANDLED    PARTICLES LEFT        OF BEAM PARTICLES     BY A BEAM PARTICLE     10000.0 SECONDS      CREATED
                                            THAT CAN STILL BE                           FOR PRINTOUT)
                                            HANDLED

 NEXT SEEDS:36846462      1D       0       0       0       0      23    3039       0       0
          1                  2846                  2846             1.0219610E+00         1.0000000E+30                 0       
 NEXT SEEDS:373F0633      1D       0       0       0       0      23    3039       0       0
  Comptn_2: TXYZ:  0.99999999999715417       U,V,W -0.99133709325359121       -5.0270045838715305E-002  0.12134121322966962     
         50                  2797                  2797             2.5671984E-01         1.0000000E+30                 8       
 NEXT SEEDS: 411EE8E      1E       0       0       0       0      23    3039       0       0
  Comptn_2: TXYZ:  0.99999999999872879       U,V,W  0.77009418101033056      -0.49817846031594115      -0.39846351658589185     
  *** Kaon: P_min > 1.5 GeV/c:           15   28.647685410728766     
  *** Kbar: P_min > 1.8 GeV/c:           25   5.2045686650497966     
  *** Kbar: P_min > 1.8 GeV/c:           25   5.2022258738104421     
  *** Kbar: P_min > 1.8 GeV/c:           25   4.0153297438437416     
  *** Kbar: P_min > 1.8 GeV/c:           25   5.9687690865416609     
  *** Kbar: P_min > 1.8 GeV/c:           25   2.6640878647938662     
  *** Kbar: P_min > 1.8 GeV/c:           25   2.7261561130097758     
  *** Kbar: P_min > 1.8 GeV/c:           25   2.6634093595398194     
  *** Kbar: P_min > 1.8 GeV/c:           25   3.2659919034514906     
  *** Kbar: P_min > 1.8 GeV/c:           25   2.8897565489813015     
  *** Kbar: P_min > 1.8 GeV/c:           25   2.5515286484176540     
  *** Kbar: P_min > 1.8 GeV/c:           25   2.0632863841091660     
  *** Kbar: P_min > 1.8 GeV/c:           25   2.1046644172209517     
  *** Kbar: P_min > 1.8 GeV/c:           25   2.1035135301694545     
  *** Kbar: P_min > 1.8 GeV/c:           25   1.9392600885311679     
  *** Kbar: P_min > 1.8 GeV/c:           25   2.9402356930796207     
  *** Kbar: P_min > 1.8 GeV/c:           25   2.1601414276680804     
  *** Kaon: P_min > 1.5 GeV/c:           15   28.238370247828072     
  *** Kaon: P_min > 1.5 GeV/c:           15   27.905549094865805     
  *** Kaon: P_min > 1.5 GeV/c:           15   4.3753494505957846     
        100                  2747                  2747             4.6054736E-01         1.0000000E+30               484       
 NEXT SEEDS:1AA18468      1E       0       0       0       0      23    3039       0       0
        150                  2697                  2697             4.2481836E-01         1.0000000E+30               489       
 NEXT SEEDS:274B904F      1E       0       0       0       0      23    3039       0       0
  Comptn_2: TXYZ:   1.0000000000015521       U,V,W -0.79928659737928953       0.40349989595570435       0.44534118293183411     
  Comptn_2: TXYZ:  0.99999999998674705       U,V,W   8.9601742895581538E-002  0.48564260445368745      -0.86955321194062662     
  Comptn_2: TXYZ:   1.0000000000010176       U,V,W  0.94878350333468120      -0.11138747475663280      -0.29563946669605379     
  Comptn_2: TXYZ:   1.0000000000065536       U,V,W -0.34755493604239263       0.93501599343380803        7.0360915728201689E-002
        200                  2647                  2647             4.5864170E-01         1.0000000E+30               499       
 NEXT SEEDS:3B1E35C0      1E       0       0       0       0      23    3039       0       0
  Comptn_2: TXYZ:   1.0000000000016354       U,V,W  0.82303545081406781       0.56500157383757710       -5.8188214150121098E-002
  Comptn_2: TXYZ:   1.0000000000088098       U,V,W -0.20190965847920950       -2.4690592885889373E-002  0.97909287835453185     
  Comptn_2: TXYZ:  0.99999999999794054       U,V,W -0.92947914468386994       0.19204519676436860      -0.31493993394839137     
  Comptn_2: TXYZ:   1.0000000000012612       U,V,W  0.77458746170054815        3.9342612279327227E-003  0.63245457209680556     
  Comptn_2: TXYZ:  0.99999999999838063       U,V,W  0.72415296876860680      -0.68476426974547877       -8.1855804326480097E-002
  Comptn_2: TXYZ:   1.0000000000019373       U,V,W  -1.9064248889748114E-002 -0.81100520255318631       0.58472824102130749     
        250                  2597                  2597             5.2758340E-01         1.0000000E+30               501       
 NEXT SEEDS:1B7A0C9A      1F       0       0       0       0      23    3039       0       0
  Comptn_2: TXYZ:  0.99999999999779587       U,V,W  -6.8732673573215664E-002  0.33527468482043332      -0.93960986866881768     
        300                  2547                  2547             4.7894061E-01         1.0000000E+30               503       
 NEXT SEEDS:23A992FC      1F       0       0       0       0      23    3039       0       0
  Comptn_2: TXYZ:   1.0000000000032117       U,V,W  0.24589973000851728       0.59217902091738495      -0.76737039946187480     
  Comptn_2: TXYZ:   1.0000000000012854       U,V,W  0.11213247069679255       0.97150777101665142      -0.20880363950605840     
  Comptn_2: TXYZ:  0.99999999999837808       U,V,W  0.98190593949667448      -0.18936473531704934       -1.3126301210917291E-003
        350                  2497                  2497             4.9934764E-01         1.0000000E+30               551       
 NEXT SEEDS:39B55809      1F       0       0       0       0      23    3039       0       0
  Comptn_2: TXYZ:  0.99999999999850386       U,V,W  0.64467463383201817       0.72598461040850637      -0.23945972927000980     
  Comptn_2: TXYZ:  0.99999999998470179       U,V,W  0.46864222845292147      -0.67233062564150892       0.57301482661435443     
        400                  2447                  2447             4.6222750E-01         1.0000000E+30               598       
 NEXT SEEDS: 5293855      20       0       0       0       0      23    3039       0       0
  Comptn_2: TXYZ:  0.99999999999843503       U,V,W -0.53256056260921270      -0.68194834150468608      -0.50132395381709216     
  Comptn_2: TXYZ:   1.0000000000012939       U,V,W  0.87756022862052152       0.17341463380324740      -0.44700716988397105     
  Comptn_2: TXYZ:   1.0000000000010096       U,V,W  0.72780936036912180       0.64573054672663943      -0.23092335521599949     
  Comptn_2: TXYZ:  0.99999999998948097       U,V,W -0.82642861598901618      -0.36535923370183809       0.42840211602274536     
  Comptn_2: TXYZ:   1.0000000000031433       U,V,W  0.24964216460338662       0.38307675765983618      -0.88934300885322415     
  Comptn_2: TXYZ:  0.99999999999425049       U,V,W  0.68381531263902673      -0.65921660562484163      -0.31277801243550130     
  *** Hhflev: call to Hadriv !! ***  0.78923464821272693        3.5000000000000000        1.5518860068397873               14 T F T
        450                  2397                  2397             4.6248421E-01         1.0000000E+30              2139       
 NEXT SEEDS:156ACA0F      20       0       0       0       0      23    3039       0       0
  Comptn_2: TXYZ:   1.0000000000071461       U,V,W  0.74756559044205773       0.26075828184967520       0.61086070952465832     
  Comptn_2: TXYZ:  0.99999999999882072       U,V,W  0.78721057550519902       0.42074602363440761      -0.45085728718456863     
        500                  2347                  2347             4.4240690E-01         1.0000000E+30              2145       
 NEXT SEEDS:1E8791E3      20       0       0       0       0      23    3039       0       0
        550                  2297                  2297             4.2745676E-01         1.0000000E+30              2146       
 NEXT SEEDS:2870635D      20       0       0       0       0      23    3039       0       0
  Comptn_2: TXYZ:   1.0000000000027611       U,V,W   6.2228064543973005E-002 -0.60135899855195241       0.79655195866086803     
  Comptn_2: TXYZ:   1.0000000000069302       U,V,W -0.73718257038829194       0.28069506495363328       0.61463170958982971     
        600                  2247                  2247             4.0999299E-01         1.0000000E+30              2160       
 NEXT SEEDS:300BAD00      20       0       0       0       0      23    3039       0       0
  Comptn_2: TXYZ:  0.99999999999849498       U,V,W   7.3272742048677841E-002  0.64700718888759923      -0.75895507297792619     
        650                  2197                  2197             4.1414488E-01         1.0000000E+30              2174       
 NEXT SEEDS: 4B3B951      21       0       0       0       0      23    3039       0       0
  Comptn_2: TXYZ:  0.99999999999348743       U,V,W -0.69694584331752196      -0.15264414704246576      -0.70068984283318514     
  Comptn_2: TXYZ:  0.99999999999855615       U,V,W -0.21327657388111732       0.77129992718868934      -0.59967451617590939     
  Comptn_2: TXYZ:   1.0000000000018732       U,V,W -0.19356279208854588       0.96141708212772237      -0.19547541971761007     
        700                  2147                  2147             4.0371145E-01         1.0000000E+30              2415       
 NEXT SEEDS: E0ED5F9      21       0       0       0       0      23    3039       0       0
  Comptn_2: TXYZ:  0.99999999999893452       U,V,W  0.11970459423648094      -0.95626571686061990      -0.26688328699013475     
  Comptn_2: TXYZ:   1.0000000000011617       U,V,W -0.98560003783054206      -0.15205197416313609       -7.3978122324703577E-002
  Comptn_2: TXYZ:  0.99999999999814682       U,V,W   8.4901066422958138E-002  0.73628004500993216       0.67132965392463007     
        750                  2097                  2097             4.0980187E-01         1.0000000E+30              2422       
 NEXT SEEDS:1F61F11E      21       0       0       0       0      23    3039       0       0
  Comptn_2: TXYZ:  0.99999999999629652       U,V,W  0.74061016078059083       0.55359108665528822      -0.38083263846558779     
  Comptn_2: TXYZ:  0.99999999999862155       U,V,W   2.2748576251833796E-002  0.88281831098463215      -0.46916343854501008     
        800                  2047                  2047             4.1860396E-01         1.0000000E+30              2428       
 NEXT SEEDS:32BD335C      21       0       0       0       0      23    3039       0       0
  Comptn_2: TXYZ:  0.99999999999731282       U,V,W -0.10654821914255308        6.0611271686354939E-002 -0.99245843778942511     
  Comptn_2: TXYZ:   1.0000000000042595       U,V,W -0.87392917995926922      -0.10745024943061310      -0.47402767041310767     
  Comptn_2: TXYZ:   1.0000000000013325       U,V,W -0.57177962556195894       0.22465243421836867      -0.78904964583562176     
  Comptn_2: TXYZ:  0.99999999999876032       U,V,W  0.74576439828044983       0.48100819961575780      -0.46094096602337942     
  Comptn_2: TXYZ:  0.99999999998830025       U,V,W  -4.4630274974508666E-002  0.95885322686234531      -0.28037230226908605     
  Comptn_2: TXYZ:  0.99999999999888045       U,V,W  0.21889247717913207      -0.34882353034258529       0.91126737465608798     
        850                  1997                  1997             4.2068628E-01         1.0000000E+30              2529       
 NEXT SEEDS: 771EEE6      22       0       0       0       0      23    3039       0       0
  Comptn_2: TXYZ:   1.0000000000011660       U,V,W   9.9263786581360591E-003 -0.97222123763531754      -0.23385322768512895     
        900                  1947                  1947             4.2168229E-01         1.0000000E+30              2532       
 NEXT SEEDS:172B3B3A      22       0       0       0       0      23    3039       0       0
  Comptn_2: TXYZ:  0.99999999999685019       U,V,W  0.41508612123593025      -0.75438008061303208       0.50854125292687513     
  Comptn_2: TXYZ:   1.0000000000034308       U,V,W -0.17950164128970414      -0.87825887233117361      -0.44321610298962355     
  Comptn_2: TXYZ:   1.0000000000011475       U,V,W -0.37671516269023186      -0.64170923659711032       0.66805309808904667     
  Comptn_2: TXYZ:   1.0000000000012814       U,V,W  0.25627927495858671      -0.65162149829539118       0.71394002282212199     
        950                  1897                  1897             4.1268676E-01         1.0000000E+30              2533       
 NEXT SEEDS:20124C9B      22       0       0       0       0      23    3039       0       0
  Comptn_2: TXYZ:  0.99999999999873468       U,V,W -0.43103752333826861       0.51156927443459210      -0.74330581252107208     
  Comptn_2: TXYZ:  0.99999999999723088       U,V,W  0.77235542079748143      -0.63514288952955411        7.7854891962516604E-003
  Comptn_2: TXYZ:   1.0000000000010221       U,V,W -0.39352304639735536      -0.85265897174202787       0.34367468609572427     
  Comptn_2: TXYZ:   1.0000000000012412       U,V,W -0.61172220804873589      -0.48632247412075458       0.62392819406265687     
  Comptn_2: TXYZ:   1.0000000001287410       U,V,W  0.45446254923331253      -0.87085197133615111       0.18729825277625878     
       1000                  1847                  1847             4.2174105E-01         1.0000000E+30              2591       
 NEXT SEEDS:3576FC52      22       0       0       0       0      23    3039       0       0
  Comptn_2: TXYZ:  0.99999999999783107       U,V,W -0.18363203906920944      -0.25607858540121242       0.94905375628782451     
       1050                  1797                  1797             4.1885337E-01         1.0000000E+30              2605       
 NEXT SEEDS: 6BFC0AB      23       0       0       0       0      23    3039       0       0
  Comptn_2: TXYZ:   1.0000000000010476       U,V,W -0.11187540145657948       0.91591064256287069      -0.38547579611442018     
  Comptn_2: TXYZ:  0.99999999999532252       U,V,W  0.96365488851272119      -0.15761183500238474       0.21570295618752766     
  Comptn_2: TXYZ:  0.99999999999606048       U,V,W  0.14235005422251312      -0.67609189137068881       0.72293583151045482     
       1100                  1747                  1747             4.2347350E-01         1.0000000E+30              2614       
 NEXT SEEDS:194CE964      23       0       0       0       0      23    3039       0       0
  Comptn_2: TXYZ:  0.99999999999879063       U,V,W -0.15351715534669097      -0.85713315139314084       0.49168612324928773     
       1150                  1697                  1697             4.1546535E-01         1.0000000E+30              2946       
 NEXT SEEDS:21DFDA48      23       0       0       0       0      23    3039       0       0
  Comptn_2: TXYZ:  0.99999999999870759       U,V,W -0.42749611916498509       0.29422334571791531       0.85479804102029888     
       1200                  1647                  1647             4.1495078E-01         1.0000000E+30              2947       
 NEXT SEEDS:3060D93F      23       0       0       0       0      23    3039       0       0
  Comptn_2: TXYZ:  0.99999999999349609       U,V,W -0.76384905886177989       0.32493664451567383      -0.55762961929973187     
  Comptn_2: TXYZ:   1.0000000000010936       U,V,W -0.66847578363375959      -0.69175737759025058      -0.27315171104311986     
  Comptn_2: TXYZ:   1.0000000000015412       U,V,W -0.46320279199532877      -0.82107422760105209      -0.33358699953476767     
       1250                  1597                  1597             4.0732800E-01         1.0000000E+30              2947       
 NEXT SEEDS:3876FA05      23       0       0       0       0      23    3039       0       0
  Comptn_2: TXYZ:   1.0000000000124301       U,V,W -0.87898431370929586      -0.36444361695907901      -0.30751817234630607     
  Comptn_2: TXYZ:   1.0000000000024603       U,V,W -0.84510767102907502      -0.16468393739889109      -0.50859829446535798     
       1300                  1547                  1547             4.0185361E-01         1.0000000E+30              2958       
 NEXT SEEDS: 66A12A5      24       0       0       0       0      23    3039       0       0
  Comptn_2: TXYZ:  0.99999999999794575       U,V,W -0.87879825970052394      -0.23106436608588865      -0.41751991266357891     
  Comptn_2: TXYZ:  0.99999999999870404       U,V,W -0.44083863385963618      -0.67503711330072491      -0.59159631047032235     
  Comptn_2: TXYZ:  0.99999999999871714       U,V,W  0.42996166953138726       0.40812866235506484       0.80533468675871944     
  Comptn_2: TXYZ:  0.99999999999701261       U,V,W  0.93172992932617227      -0.36198428826952522        2.9098347734262120E-002
  *** Hhflev: call to Hadriv !! ***  0.58745220713373070        3.5000000000000000        1.4271969184895266               14 T F T
       1350                  1497                  1497             4.1071892E-01         1.0000000E+30              3322       
 NEXT SEEDS:1D8344B5      24       0       0       0       0      23    3039       0       0
  Comptn_2: TXYZ:  0.99999999999875966       U,V,W -0.38491141195718370        4.9949019494420099E-002 -0.92160094422446903     
  Comptn_2: TXYZ:   1.0000000000018581       U,V,W -0.70621422944807222      -0.26128537927595485       0.65802082999213951     
  Comptn_2: TXYZ:   1.0000000000018157       U,V,W -0.62611290735071634       0.71747208416156383      -0.30531366772470392     
  Comptn_2: TXYZ:  0.99999999999857336       U,V,W  0.93029931634126228      -0.30548984352476793       0.20302496771768297     
       1400                  1447                  1447             4.1400645E-01         1.0000000E+30              3327       
 NEXT SEEDS:2FB547FB      24       0       0       0       0      23    3039       0       0
       1450                  1397                  1397             4.0737706E-01         1.0000000E+30              3328       
 NEXT SEEDS:37A39C09      24       0       0       0       0      23    3039       0       0
  Comptn_2: TXYZ:   1.0000000000028337       U,V,W  0.23784127781817332       0.96219115923876153      -0.13273921670486288     
  Comptn_2: TXYZ:  0.99999999999859068       U,V,W  0.17583441623274609      -0.76304002734147147       0.62197441646856078     
  Comptn_2: TXYZ:   1.0000000000018021       U,V,W -0.80156420521574390      -0.44093917255392157       0.40381613517307358     
  Comptn_2: TXYZ:   1.0000000000021483       U,V,W -0.17588232273708115      -0.18491003270447659       0.96688866388844730     
       1500                  1347                  1347             4.1534844E-01         1.0000000E+30              3338       
 NEXT SEEDS:133AEF70      25       0       0       0       0      23    3039       0       0
  Comptn_2: TXYZ:   1.0000000000016174       U,V,W -0.23392050427502653      -0.22715899724195765      -0.94534649079232480     
  Comptn_2: TXYZ:   1.0000000000010063       U,V,W  0.13961671968499445       0.17567956639730659       0.97449672217810068     
       1550                  1297                  1297             4.1097205E-01         1.0000000E+30              3360       
 NEXT SEEDS:1D4A6EF9      25       0       0       0       0      23    3039       0       0
  Comptn_2: TXYZ:   1.0000000000010012       U,V,W  0.33093494695816617       0.81267839370046424       0.47962056804856701     
       1600                  1247                  1247             4.0880983E-01         1.0000000E+30              3388       
 NEXT SEEDS:297AA67F      25       0       0       0       0      23    3039       0       0
  Comptn_2: TXYZ:  0.99999999999862121       U,V,W  0.90023195009957035        5.9565843596018908E-002 -0.43131699050146466     
  Comptn_2: TXYZ:   1.0000000000016884       U,V,W  0.80660463646839275      -0.37221056127428209      -0.45918216266016287     
  Comptn_2: TXYZ:   1.0000000000029301       U,V,W   6.6514582649119802E-003 -0.68809584951621616      -0.72558931909478730     
  Comptn_2: TXYZ:   1.0000000000011195       U,V,W  0.44660233318211340      -0.61865414920978878       0.64638486961169228     
       1650                  1197                  1197             4.1005635E-01         1.0000000E+30              3394       
 NEXT SEEDS:39A45004      25       0       0       0       0      23    3039       0       0
       1700                  1147                  1147             4.0430504E-01         1.0000000E+30              3398       
 NEXT SEEDS: 5CFF973      26       0       0       0       0      23    3039       0       0
       1750                  1097                  1097             3.9850650E-01         1.0000000E+30              3409       
 NEXT SEEDS: D011F40      26       0       0       0       0      23    3039       0       0
  Comptn_2: TXYZ:   1.0000000000010956       U,V,W  0.26627253695971476       0.89804711724137043       0.35015755207705723     
       1800                  1047                  1047             3.9365731E-01         1.0000000E+30              3412       
 NEXT SEEDS:14F9892B      26       0       0       0       0      23    3039       0       0
  Comptn_2: TXYZ:   1.0000000000039075       U,V,W  0.38189118037453085       0.50637647756539650       0.77313775572307719     
  Comptn_2: TXYZ:   1.0000000000013345       U,V,W -0.79137578657288543       -6.4413566613289674E-002 -0.60792701606659705     
  Comptn_2: TXYZ:  0.99999999999518230       U,V,W -0.30557503909174955       0.30209455627972037      -0.90297440414743591     
       1850                   997                   997             3.9011410E-01         1.0000000E+30              3427       
 NEXT SEEDS:1E5B5A24      26       0       0       0       0      23    3039       0       0
  Comptn_2: TXYZ:   1.0000000000044904       U,V,W -0.98546132872113823       -6.6228274583565394E-002 -0.15646017143459545     
  Comptn_2: TXYZ:  0.99999999999865263       U,V,W -0.80272534509275317       0.44446671573047070       0.39759446544455557     
       1900                   947                   947             3.9002089E-01         1.0000000E+30              3453       
 NEXT SEEDS:2C99379F      26       0       0       0       0      23    3039       0       0
  Comptn_2: TXYZ:  0.99999999999260258       U,V,W -0.85733217721870858       0.46829647652938888      -0.21372867839433951     
  Comptn_2: TXYZ:   1.0000000000034097       U,V,W  0.75664321310719629       0.15033215265546573       0.63631068821779313     
  Comptn_2: TXYZ:   1.0000000000037530       U,V,W  0.59134375343707291       0.14199657511143471       0.79381958777251782     
       1950                   897                   897             3.8576517E-01         1.0000000E+30              3461       
 NEXT SEEDS:34A9B18A      26       0       0       0       0      23    3039       0       0
  Comptn_2: TXYZ:   1.0000000000015650       U,V,W -0.88683024196039639       0.20198967423223735      -0.41561074751452765     
  *** Hhflev: call to Hadriv !! ***   1.1394936207737290        5.0000000000000000        2.1299947143405458                1 T F T
       2000                   847                   847             3.8700093E-01         1.0000000E+30              3664       
 NEXT SEEDS: 88DC731      27       0       0       0       0      23    3039       0       0
  Comptn_2: TXYZ:   1.0000000000017708       U,V,W   6.4100670932774051E-002 -0.89818151360208631      -0.43492651403565219     
  Comptn_2: TXYZ:  0.99999999999766365       U,V,W -0.68513886423347969       0.71658310743223552      -0.13074167987785046     
  Comptn_2: TXYZ:   1.0000000000013642       U,V,W -0.62989715621231923       0.27303027691303328      -0.72710662250167246     
  Comptn_2: TXYZ:   1.0000000000021032       U,V,W  0.25220630523025278       0.85186373177982944       0.45904265823815393     
  Comptn_2: TXYZ:  0.99999999999633216       U,V,W  0.83831893008494518       0.52921691359467005      -0.13096117677730490     
  Comptn_2: TXYZ:  0.99999999999487255       U,V,W  0.46785389541018674       0.30257861749060666       0.83039684054183383     
       2050                   797                   797             3.8499680E-01         1.0000000E+30              3674       
 NEXT SEEDS:13938698      27       0       0       0       0      23    3039       0       0
       2100                   747                   747             3.8476532E-01         1.0000000E+30              4563       
 NEXT SEEDS:21020794      27       0       0       0       0      23    3039       0       0
  Comptn_2: TXYZ:   1.0000000000012492       U,V,W -0.29597858236801500      -0.80900187565823956       0.50785100567205710     
       2150                   697                   697             3.8758594E-01         1.0000000E+30              4566       
 NEXT SEEDS:32611DCC      27       0       0       0       0      23    3039       0       0
  Comptn_2: TXYZ:   1.0000000000015916       U,V,W  -3.9339060063802833E-002  0.64238601214083957      -0.76537092299138010     
       2200                   647                   647             3.8811624E-01         1.0000000E+30              4569       
 NEXT SEEDS: 56F7A92      28       0       0       0       0      23    3039       0       0
  Comptn_2: TXYZ:  0.99999999999777467       U,V,W -0.64740781966389704       0.75467133350887394       0.10646263859097083     
  Comptn_2: TXYZ:   1.0000000000024438       U,V,W  0.85446649219316129       0.50344858865543785      -0.12816603412139216     
       2250                   597                   597             3.8585179E-01         1.0000000E+30              4574       
 NEXT SEEDS: FC45EF6      28       0       0       0       0      23    3039       0       0
  Comptn_2: TXYZ:  0.99999999998665778       U,V,W  0.44106597959768123       0.79354081057437043      -0.41922998888577467     
  Comptn_2: TXYZ:  0.99999999999835776       U,V,W  0.20452298580945794       0.97382139348999974        9.9208073538079589E-002
  Comptn_2: TXYZ:  0.99999999999799716       U,V,W -0.35568476159801321      -0.70660413953006262       0.61171802357290517     
  Comptn_2: TXYZ:   1.0000000000012159       U,V,W  0.53880210409949925        8.6381870008061412E-002 -0.83799192427676683     
  Comptn_2: TXYZ:  0.99999999999803912       U,V,W -0.46592172172628210       0.87998791430995027       -9.2402488549171213E-002
  Comptn_2: TXYZ:  0.99999999999824163       U,V,W -0.42118541628248707      -0.17246129053043546       0.89042683493803487     
       2300                   547                   547             3.9150381E-01         1.0000000E+30              4591       
 NEXT SEEDS:263784C4      28       0       0       0       0      23    3039       0       0
  Comptn_2: TXYZ:   1.0000000000023450       U,V,W -0.73388656071109892        1.4301177097200579E-002 -0.67912148570312070     
  Comptn_2: TXYZ:  0.99999999999850941       U,V,W -0.76304730587723668      -0.11150712793048001       0.63665137195540211     
  Comptn_2: TXYZ:   1.0000000000052869       U,V,W  0.53931569905066112      -0.71636558257196725       0.44267248487918209     
  Comptn_2: TXYZ:  0.99999999999663869       U,V,W  0.16317912690939806       -2.7446700131909287E-002 -0.98621460706561948     
       2350                   497                   497             3.9192880E-01         1.0000000E+30              4637       
 NEXT SEEDS:35189A13      28       0       0       0       0      23    3039       0       0
  Comptn_2: TXYZ:   1.0000000000032798       U,V,W -0.24205848207342395      -0.75079105495302656      -0.61458968675215431     
  Comptn_2: TXYZ:   1.0000000000024236       U,V,W  0.85931685154941562       0.38439671855825708      -0.33736287793304598     
  Comptn_2: TXYZ:  0.99999999999134792       U,V,W  0.79475346557322268      -0.59999135364961376        9.1527616031470416E-002
       2400                   447                   447             3.8869045E-01         1.0000000E+30              4647       
 NEXT SEEDS: 214D92C      29       0       0       0       0      23    3039       0       0
  Comptn_2: TXYZ:  0.99999999999877087       U,V,W -0.13494685946191964       0.77237825853097775      -0.62066188127577959     
  Comptn_2: TXYZ:  0.99999999998485789       U,V,W  -3.5192262098661331E-002  0.98335287108125868       0.17826563216021896     
  Comptn_2: TXYZ:  0.99999999998881928       U,V,W -0.20472839399016607       0.16447490934781683      -0.96490118088748034     
  Comptn_2: TXYZ:  0.99999999999887756       U,V,W -0.71643113449123064       0.31336711614585688      -0.62331972538089531     
  Comptn_2: TXYZ:  0.99999999999763767       U,V,W  0.83434910766547432       -1.6814970250560890E-002  0.55097987559523176     
  Comptn_2: TXYZ:  0.99999999999816969       U,V,W -0.93028078604069009       -2.5723743946088007E-002 -0.36594528022517459     
       2450                   397                   397             3.9199648E-01         1.0000000E+30              4697       
 NEXT SEEDS:15D7201F      29       0       0       0       0      23    3039       0       0
  Comptn_2: TXYZ:   1.0000000000191949       U,V,W  0.55457304685850772      -0.19334489657759946       0.80936177738058745     
  Comptn_2: TXYZ:  0.99999999999698286       U,V,W -0.31719117747153547       0.39653767776695759      -0.86147990518780659     
  Comptn_2: TXYZ:   1.0000000000017377       U,V,W  0.92945426774651363      -0.19276937004025285       0.31457071405935721     
  Comptn_2: TXYZ:  0.99999999999878841       U,V,W -0.42562176267313134       0.81979058280528250      -0.38313119878388946     
       2500                   347                   347             3.9520772E-01         1.0000000E+30              5109       
 NEXT SEEDS:29A702CC      29       0       0       0       0      23    3039       0       0
  Comptn_2: TXYZ:  0.99999999999869305       U,V,W  0.14926500622361516       0.89746836852178546      -0.41505479809129042     
  Comptn_2: TXYZ:  0.99999999999673661       U,V,W -0.38730959573282142      -0.66933510377135974      -0.63402034345074298     
  Comptn_2: TXYZ:   1.0000000000021696       U,V,W -0.18018750516159798      -0.93846709707948861       0.29463871212895043     
  Comptn_2: TXYZ:  0.99999999999874845       U,V,W  0.66785838428823041      -0.74427350583017216       -4.7039402555171250E-003
  Comptn_2: TXYZ:  0.99999999999809186       U,V,W -0.17262863734541156      -0.84838599435459905       0.50044036422866256     
  Comptn_2: TXYZ:   1.0000000000010152       U,V,W  0.23019144811876657      -0.50299877737808885      -0.83306910107754462     
  Comptn_2: TXYZ:   1.0000000000175673       U,V,W  0.62010063950646099        1.0438700871759465E-002 -0.78445282230696023     
  Comptn_2: TXYZ:  0.99999999999159994       U,V,W   8.0728220629353586E-002  0.98728432440127101      -0.13694019562255733     
  Comptn_2: TXYZ:  0.99999999999803613       U,V,W -0.36376111838027470       -7.5579647680182660E-002 -0.92842100666093685     
  Comptn_2: TXYZ:  0.99999999999897637       U,V,W  0.59817649589518140       0.80111841650852966        1.9853525843142261E-002
  Comptn_2: TXYZ:  0.99999999990939026       U,V,W  0.64767753592017385       0.30348622708322637       0.69886330519247508     
  Comptn_2: TXYZ:  0.99999999999843536       U,V,W -0.99432397433403175        4.7800207661282457E-002   9.5052481348723461E-002
       2550                   297                   297             4.1050083E-01         1.0000000E+30              5113       
 NEXT SEEDS:16DA05D1      2A       0       0       0       0      23    3039       0       0
  Comptn_2: TXYZ:  0.99999999999002342       U,V,W  0.47566491364105445      -0.81844145661851542       0.32232975662981289     
  Comptn_2: TXYZ:   1.0000000000096594       U,V,W  0.79394131035003213       0.60594985072497565       -4.9819415248606447E-002
  Comptn_2: TXYZ:  0.99999999999823475       U,V,W  -2.0052206089367530E-002  0.66409103114523127      -0.74738277434099842     
       2600                   247                   247             4.1137062E-01         1.0000000E+30              5118       
 NEXT SEEDS:271332AF      2A       0       0       0       0      23    3039       0       0
  Comptn_2: TXYZ:  0.99999999999628986       U,V,W -0.72088479836396147       0.46957752987064794       0.50972742806780680     
  Comptn_2: TXYZ:   1.0000000000017371       U,V,W  0.58381416592266788       0.74497404077566687       0.32276105440423208     
  Comptn_2: TXYZ:   1.0000000000093208       U,V,W -0.47194686556389698       0.69724493067847959      -0.53955135319716874     
       2650                   197                   197             4.1055711E-01         1.0000000E+30              5122       
 NEXT SEEDS:346C7F42      2A       0       0       0       0      23    3039       0       0
  Comptn_2: TXYZ:   1.0000000000025895       U,V,W  0.23857470450137441       -4.2644055425341776E-002 -0.97018740195466968     
       2700                   147                   147             4.0672586E-01         1.0000000E+30              5123       
 NEXT SEEDS:  1871E7      2B       0       0       0       0      23    3039       0       0
  Comptn_2: TXYZ:   1.0000000000060099       U,V,W -0.99744576769882265       -5.2530711559498400E-002   4.8399017022756396E-002
  Comptn_2: TXYZ:   1.0000000000036797       U,V,W -0.71204659490118161       -9.0860423369477417E-002 -0.69622843245477384     
  Comptn_2: TXYZ:   1.0000000000022005       U,V,W -0.61364518371732402       -2.4567200997481109E-002  0.78919962058903792     
       2750                    97                    97             4.1595762E-01         1.0000000E+30              5126       
 NEXT SEEDS:216E45F6      2B       0       0       0       0      23    3039       0       0
  Comptn_2: TXYZ:  0.99999999999894351       U,V,W  0.68072430351029922      -0.39380337539621380       0.61768383833148022     
  Comptn_2: TXYZ:   1.0000000000022120       U,V,W -0.99983876972181795        9.8015092956700300E-003  -1.5045430499005974E-002
  Comptn_2: TXYZ:  0.99999999998150135       U,V,W -0.20138296093287522      -0.28143557887703063       0.93821048702812959     
  Comptn_2: TXYZ:   1.0000000000045159       U,V,W  0.44811886670629519      -0.82930948645502589      -0.33381919804301674     
       2797                    50                    50             4.1304540E-01         1.0000000E+30              5131       
 NEXT SEEDS:29D73C9F      2B       0       0       0       0      23    3039       0       0
  Comptn_2: TXYZ:  0.99999999999894795       U,V,W  0.45699763773910362      -0.28296599916382092      -0.84325761331697890     
       2798                    49                    49             4.1307958E-01         1.0000000E+30              5131       
 NEXT SEEDS:2A399942      2B       0       0       0       0      23    3039       0       0
       2799                    48                    48             4.1293204E-01         1.0000000E+30              5131       
 NEXT SEEDS:2A399946      2B       0       0       0       0      23    3039       0       0
       2800                    47                    47             4.1285301E-01         1.0000000E+30              5131       
 NEXT SEEDS:2A5F4F76      2B       0       0       0       0      23    3039       0       0
       2801                    46                    46             4.1285832E-01         1.0000000E+30              5131       
 NEXT SEEDS:2AAE542A      2B       0       0       0       0      23    3039       0       0
       2802                    45                    45             4.1271102E-01         1.0000000E+30              5131       
 NEXT SEEDS:2AAE542E      2B       0       0       0       0      23    3039       0       0
       2803                    44                    44             4.1267963E-01         1.0000000E+30              5131       
 NEXT SEEDS:2AEA4491      2B       0       0       0       0      23    3039       0       0
       2804                    43                    43             4.1269057E-01         1.0000000E+30              5131       
 NEXT SEEDS:2B3DA152      2B       0       0       0       0      23    3039       0       0
       2805                    42                    42             4.1259549E-01         1.0000000E+30              5131       
 NEXT SEEDS:2B5AA3ED      2B       0       0       0       0      23    3039       0       0
       2806                    41                    41             4.1254563E-01         1.0000000E+30              5131       
 NEXT SEEDS:2B8D9C99      2B       0       0       0       0      23    3039       0       0
       2807                    40                    40             4.1262276E-01         1.0000000E+30              5131       
 NEXT SEEDS:2C01C391      2B       0       0       0       0      23    3039       0       0
       2808                    39                    39             4.1247585E-01         1.0000000E+30              5131       
 NEXT SEEDS:2C01C395      2B       0       0       0       0      23    3039       0       0
       2809                    38                    38             4.1271600E-01         1.0000000E+30              5131       
 NEXT SEEDS:2CCCEED4      2B       0       0       0       0      23    3039       0       0
  Comptn_2: TXYZ:  0.99999999999691325       U,V,W -0.94707973037005644       0.16763792900901464      -0.27374716268239752     
       2810                    37                    37             4.1265027E-01         1.0000000E+30              5131       
 NEXT SEEDS:2CF7AE11      2B       0       0       0       0      23    3039       0       0
       2811                    36                    36             4.1274787E-01         1.0000000E+30              5131       
 NEXT SEEDS:2D7693E0      2B       0       0       0       0      23    3039       0       0
  Comptn_2: TXYZ:  0.99999999999892797       U,V,W -0.34443107866664491      -0.31481997989021693      -0.88445215377056030     
       2812                    35                    35             4.1286078E-01         1.0000000E+30              5131       
 NEXT SEEDS:2DFBD46E      2B       0       0       0       0      23    3039       0       0
       2813                    34                    34             4.1271405E-01         1.0000000E+30              5131       
 NEXT SEEDS:2DFBD472      2B       0       0       0       0      23    3039       0       0
       2814                    33                    33             4.1276776E-01         1.0000000E+30              5131       
 NEXT SEEDS:2E65C066      2B       0       0       0       0      23    3039       0       0
       2815                    32                    32             4.1296652E-01         1.0000000E+30              5134       
 NEXT SEEDS:2F1A281A      2B       0       0       0       0      23    3039       0       0
       2816                    31                    31             4.1281991E-01         1.0000000E+30              5134       
 NEXT SEEDS:2F1A281E      2B       0       0       0       0      23    3039       0       0
       2817                    30                    30             4.1289138E-01         1.0000000E+30              5134       
 NEXT SEEDS:2F8DAC62      2B       0       0       0       0      23    3039       0       0
       2818                    29                    29             4.1294767E-01         1.0000000E+30              5134       
 NEXT SEEDS:2FF6F144      2B       0       0       0       0      23    3039       0       0
       2819                    28                    28             4.1280123E-01         1.0000000E+30              5134       
 NEXT SEEDS:2FF6F148      2B       0       0       0       0      23    3039       0       0
       2820                    27                    27             4.1265489E-01         1.0000000E+30              5134       
 NEXT SEEDS:2FF6F14C      2B       0       0       0       0      23    3039       0       0
       2821                    26                    26             4.1270078E-01         1.0000000E+30              5134       
 NEXT SEEDS:305C50EA      2B       0       0       0       0      23    3039       0       0
       2822                    25                    25             4.1262072E-01         1.0000000E+30              5134       
 NEXT SEEDS:308151A1      2B       0       0       0       0      23    3039       0       0
       2823                    24                    24             4.1247460E-01         1.0000000E+30              5134       
 NEXT SEEDS:308151A5      2B       0       0       0       0      23    3039       0       0
       2824                    23                    23             4.1250659E-01         1.0000000E+30              5135       
 NEXT SEEDS:30DCB70D      2B       0       0       0       0      23    3039       0       0
       2825                    22                    22             4.1238031E-01         1.0000000E+30              5135       
 NEXT SEEDS:30E76FDE      2B       0       0       0       0      23    3039       0       0
       2826                    21                    21             4.1237063E-01         1.0000000E+30              5135       
 NEXT SEEDS:312F518A      2B       0       0       0       0      23    3039       0       0
       2827                    20                    20             4.1227351E-01         1.0000000E+30              5135       
 NEXT SEEDS:314A516F      2B       0       0       0       0      23    3039       0       0
       2828                    19                    19             4.1254030E-01         1.0000000E+30              5135       
 NEXT SEEDS:322509D4      2B       0       0       0       0      23    3039       0       0
       2829                    18                    18             4.1248543E-01         1.0000000E+30              5135       
 NEXT SEEDS:32558D76      2B       0       0       0       0      23    3039       0       0
       2830                    17                    17             4.1233972E-01         1.0000000E+30              5135       
 NEXT SEEDS:32558D7A      2B       0       0       0       0      23    3039       0       0
       2831                    16                    16             4.1219411E-01         1.0000000E+30              5135       
 NEXT SEEDS:32558D7E      2B       0       0       0       0      23    3039       0       0
       2832                    15                    15             4.1221499E-01         1.0000000E+30              5135       
 NEXT SEEDS:32ADA5DF      2B       0       0       0       0      23    3039       0       0
       2833                    14                    14             4.1206953E-01         1.0000000E+30              5135       
 NEXT SEEDS:32ADA5E3      2B       0       0       0       0      23    3039       0       0
       2834                    13                    13             4.1199399E-01         1.0000000E+30              5135       
 NEXT SEEDS:32D44CFF      2B       0       0       0       0      23    3039       0       0
       2835                    12                    12             4.1187670E-01         1.0000000E+30              5135       
 NEXT SEEDS:32E37124      2B       0       0       0       0      23    3039       0       0
       2836                    11                    11             4.1178144E-01         1.0000000E+30              5140       
 NEXT SEEDS:32FFB2C9      2B       0       0       0       0      23    3039       0       0
       2837                    10                    10             4.1197991E-01         1.0000000E+30              5140       
 NEXT SEEDS:33B275FB      2B       0       0       0       0      23    3039       0       0
       2838                     9                     9             4.1183479E-01         1.0000000E+30              5140       
 NEXT SEEDS:33B275FF      2B       0       0       0       0      23    3039       0       0
       2839                     8                     8             4.1168977E-01         1.0000000E+30              5140       
 NEXT SEEDS:33B27603      2B       0       0       0       0      23    3039       0       0
       2840                     7                     7             4.1154485E-01         1.0000000E+30              5140       
 NEXT SEEDS:33B27607      2B       0       0       0       0      23    3039       0       0
       2841                     6                     6             4.1172440E-01         1.0000000E+30              5140       
 NEXT SEEDS:345E4419      2B       0       0       0       0      23    3039       0       0
       2842                     5                     5             4.1170696E-01         1.0000000E+30              5140       
 NEXT SEEDS:34A276D3      2B       0       0       0       0      23    3039       0       0
       2843                     4                     4             4.1159289E-01         1.0000000E+30              5140       
 NEXT SEEDS:34B39979      2B       0       0       0       0      23    3039       0       0
       2844                     3                     3             4.1151277E-01         1.0000000E+30              5140       
 NEXT SEEDS:34D59924      2B       0       0       0       0      23    3039       0       0
       2845                     2                     2             4.1136816E-01         1.0000000E+30              5140       
 NEXT SEEDS:34D59928      2B       0       0       0       0      23    3039       0       0
       2846                     1                     1             4.1137499E-01         1.0000000E+30              5141       
 NEXT SEEDS:3526E006      2B       0       0       0       0      23    3039       0       0
       2847                     0                     1             4.1123054E-01         1.0000000E+30              5141       
 NEXT SEEDS:3526E00A      2B       0       0       0       0      23    3039       0       0
