  *** dp/dx:d,imat,ztar,ij,po,eo  -1.9416809525729661E-004          26   3.3731000000000000               36   1.8515960795556614        2.2749341454041905       ***
  ***       x,xoster,ccster,d0ster  0.14641007670209907       0.14640000000000000       -3.1997000000000000        0.0000000000000000       ***
  *** dp/dx:d,imat,ztar,ij,po,eo  -1.9416809525729661E-004          26   3.3731000000000000               37   1.8515960795556614        2.2749341454041905       ***
  ***       x,xoster,ccster,d0ster  0.14641007670209907       0.14640000000000000       -3.1997000000000000        0.0000000000000000       ***
1NUMBER OF BEAM       NUMBER OF BEAM        APPROXIMATE NUMBER    AVERAGE TIME USED     TIME LEFT (RESERVED   NUMBER OF STARS
 PARTICLES HANDLED    PARTICLES LEFT        OF BEAM PARTICLES     BY A BEAM PARTICLE     10000.0 SECONDS      CREATED
                                            THAT CAN STILL BE                           FOR PRINTOUT)
                                            HANDLED

 NEXT SEEDS:1D6BE74E       F       0       0       0       0      35    3039       0       0
          1                  2846                  2846             4.9136996E-01         1.0000000E+30                 0       
 NEXT SEEDS:1DCC29D3       F       0       0       0       0      35    3039       0       0
         50                  2797                  2797             2.1044911E-01         1.0000000E+30                 7       
 NEXT SEEDS:257AE5E5       F       0       0       0       0      35    3039       0       0
  Comptn_2: TXYZ:  0.99999999999881450       U,V,W -0.50787757797281330       0.77540344515071524       0.37524640310026314     
  Comptn_2: TXYZ:   1.0000000000145350       U,V,W  0.42443782378362016      -0.63961088878716055       0.64089815470264710     
  Comptn_2: TXYZ:  0.99999999999788391       U,V,W  0.75013323403433674      -0.41826929459617190      -0.51220203864597380     
        100                  2747                  2747             2.5133948E-01         1.0000000E+30                 9       
 NEXT SEEDS:3098ED32       F       0       0       0       0      35    3039       0       0
  Comptn_2: TXYZ:  0.99999999999870826       U,V,W -0.98408517311760679       0.13911166444751899       0.11056363264400737     
        150                  2697                  2697             2.7285394E-01         1.0000000E+30                15       
 NEXT SEEDS: 1073F57      10       0       0       0       0      35    3039       0       0
  Comptn_2: TXYZ:   1.0000000000016958       U,V,W -0.18357239350596632       0.39514983123223146       0.90008765529881885     
        200                  2647                  2647             2.7289356E-01         1.0000000E+30                19       
 NEXT SEEDS: B791B93      10       0       0       0       0      35    3039       0       0
  Comptn_2: TXYZ:   1.0000000000019975       U,V,W  0.13755419030214000       0.52658113316259891      -0.83892261557876324     
  Comptn_2: TXYZ:  0.99999999999792943       U,V,W -0.98775433051213568      -0.15148101873202791        3.7348139396215174E-002
        250                  2597                  2597             2.7141667E-01         1.0000000E+30                31       
 NEXT SEEDS:15892704      10       0       0       0       0      35    3039       0       0
  Comptn_2: TXYZ:   1.0000000000010325       U,V,W  0.57323105522989515       0.55692203444275634      -0.60103577669985242     
  Comptn_2: TXYZ:   1.0000000000157399       U,V,W  0.32807230671124898       0.53822324107818531      -0.77632744660239439     
        300                  2547                  2547             2.7089499E-01         1.0000000E+30                61       
 NEXT SEEDS:1FD2B5F3      10       0       0       0       0      35    3039       0       0
  Comptn_2: TXYZ:  0.99999999999683331       U,V,W  0.14443627215391608      -0.12107124705109129       0.98207938397087169     
  Comptn_2: TXYZ:  0.99999999996902911       U,V,W  0.73063247508491713       0.61478539471467997      -0.29701027720574302     
  Comptn_2: TXYZ:  0.99999999999195222       U,V,W -0.16575545565598304       0.30563068634249158       0.93761133337756064     
  Comptn_2: TXYZ:   1.0000000000032878       U,V,W -0.11293484733268855       0.74452193818326862       0.65797629427287063     
  Comptn_2: TXYZ:  0.99999999999879730       U,V,W  0.25352145014771565      -0.96058384189357149      -0.11404190899306599     
        350                  2497                  2497             2.7779775E-01         1.0000000E+30                70       
 NEXT SEEDS:2C309195      10       0       0       0       0      35    3039       0       0
  Comptn_2: TXYZ:  0.99999999998578282       U,V,W  0.39744037022694556      -0.82860506803154976       0.39427755874774562     
  Comptn_2: TXYZ:  0.99999999999803058       U,V,W -0.56686339699711397       -7.9589444811716703E-002  0.81995817540743232     
  Comptn_2: TXYZ:  0.99999999999799372       U,V,W -0.72903921372690661       0.53944313184105397      -0.42131096871071705     
  Comptn_2: TXYZ:  0.99999999999863831       U,V,W  0.34543514940985887      -0.48307900526449288      -0.80455530091069249     
        400                  2447                  2447             3.2022769E-01         1.0000000E+30               157       
 NEXT SEEDS: 844BCC3      11       0       0       0       0      35    3039       0       0
  Comptn_2: TXYZ:  0.99999999999836908       U,V,W -0.55582150441813383       0.73815285391467000       0.38235169606313946     
  Comptn_2: TXYZ:  0.99999999999169953       U,V,W -0.57439936130916180      -0.80067130014283094      -0.17026697520927314     
  Comptn_2: TXYZ:   1.0000000000080838       U,V,W  0.25471653481781686      -0.76075062326681220      -0.59697401626674207     
        450                  2397                  2397             3.3589544E-01         1.0000000E+30               185       
 NEXT SEEDS:19D0BA8B      11       0       0       0       0      35    3039       0       0
  Comptn_2: TXYZ:  0.99999999999387046       U,V,W -0.15856355793721377      -0.98524648532333536       -6.4396904010806111E-002
  Comptn_2: TXYZ:   1.0000000000011047       U,V,W  0.61025455400800155       0.63682844453358634       0.47121005034541952     
  Comptn_2: TXYZ:   1.0000000000012335       U,V,W -0.91181661100043598       0.10831181296105541      -0.39605431329301588     
  Comptn_2: TXYZ:   1.0000000000045834       U,V,W  0.29152864259506828       0.84891439390091250       0.44085757607089704     
        500                  2347                  2347             3.5124679E-01         1.0000000E+30               199       
 NEXT SEEDS:2CA6AF13      11       0       0       0       0      35    3039       0       0
  Comptn_2: TXYZ:  0.99999999999593436       U,V,W  0.89671874387070005       0.10161541845795341      -0.43077813444800483     
  Comptn_2: TXYZ:   1.0000000000012883       U,V,W -0.23457764282758831      -0.89721413540856432       0.37413917826098242     
  Comptn_2: TXYZ:  0.99999999999657219       U,V,W  0.41698994681831891       0.81855341421329797       0.39508188053716253     
  Comptn_2: TXYZ:   1.0000000000013551       U,V,W  -3.9460664071938822E-002 -0.99879474701857252       -2.9187485682435010E-002
        550                  2297                  2297             3.6113918E-01         1.0000000E+30               201       
 NEXT SEEDS: 22F8902      12       0       0       0       0      35    3039       0       0
  *** Kaon: P_min > 1.5 GeV/c:           24   15.406312359520642     
  *** Kbar: P_min > 1.8 GeV/c:           25   15.733438968927905     
  *** Kaon: P_min > 1.5 GeV/c:           24   10.337339298137596     
  *** Kbar: P_min > 1.8 GeV/c:           25   10.728726177580256     
  *** Kbar: P_min > 1.8 GeV/c:           25   10.728536844209351     
  *** Kbar: P_min > 1.8 GeV/c:           25   13.238417289751688     
  *** Kaon: P_min > 1.5 GeV/c:           15   2.4581803548967383     
  *** Kaon: P_min > 1.5 GeV/c:           15   2.3612466140100161     
  *** Kaon: P_min > 1.5 GeV/c:           15   2.3054164503780834     
  *** Kaon: P_min > 1.5 GeV/c:           15   4.6040061743028788     
  *** Hhflev: call to Hadriv !! ***  0.75442821313593933        3.5000000000000000        1.5295670776756964               13 T F T
  *** Kaon: P_min > 1.5 GeV/c:           24   2.4308588149346431     
  *** Kaon: P_min > 1.5 GeV/c:           24   2.1675715960269799     
  *** Kaon: P_min > 1.5 GeV/c:           15   2.0613213111767599     
  *** Kaon: P_min > 1.5 GeV/c:           15   1.9697418074346125     
  *** Kaon: P_min > 1.5 GeV/c:           15   2.1711351763950213     
  *** Kaon: P_min > 1.5 GeV/c:           15   1.8239915284128125     
  *** Kaon: P_min > 1.5 GeV/c:           24   1.8226370472702029     
  *** Kaon: P_min > 1.5 GeV/c:           24   10.337132190041940     
  *** Kaon: P_min > 1.5 GeV/c:           24   11.736447365407653     
  *** Kaon: P_min > 1.5 GeV/c:           15   4.3060134210596077     
  *** Hhflev: call to Hadriv !! ***  0.96827017516844360        5.0000000000000000        2.0724294573043189                8 T F T
  Comptn_2: TXYZ:  0.99999999999696865       U,V,W -0.72727795101404258       -7.9591521197556858E-002 -0.68171252865063536     
  Comptn_2: TXYZ:   1.0000000000023692       U,V,W  -9.0156585536618650E-002 -0.16350248892147920       0.98241474246024474     
        600                  2247                  2247             3.6343335E-01         1.0000000E+30              2179       
 NEXT SEEDS:10A8AFDD      12       0       0       0       0      35    3039       0       0
  Comptn_2: TXYZ:  0.99999999998799871       U,V,W -0.42515328943446207       0.80627370527405162       0.41129963852975493     
        650                  2197                  2197             3.4996577E-01         1.0000000E+30              2182       
 NEXT SEEDS:17DA5F25      12       0       0       0       0      35    3039       0       0
  Comptn_2: TXYZ:  0.99999999999893441       U,V,W -0.46396110208540620       0.34124360596511494       0.81749183307147177     
  Comptn_2: TXYZ:   1.0000000000025941       U,V,W  0.31397559060964397      -0.33028386477381844      -0.89013026977740140     
  Comptn_2: TXYZ:  0.99999999999849676       U,V,W  0.33058642495062429      -0.93032964153794850       0.15874310603214958     
  Comptn_2: TXYZ:  0.99999999999353772       U,V,W  0.77546917624714240       0.42027349486212984      -0.47118759130572130     
        700                  2147                  2147             3.6658937E-01         1.0000000E+30              2187       
 NEXT SEEDS:2D46C798      12       0       0       0       0      35    3039       0       0
  Comptn_2: TXYZ:  0.99999999999866973       U,V,W -0.71813258048837270        5.3603936550853604E-002  0.69383875275602236     
  Comptn_2: TXYZ:   1.0000000000015792       U,V,W -0.71780782045113511      -0.23619678069868044      -0.65495268049558319     
  Comptn_2: TXYZ:   1.0000000000010383       U,V,W -0.17774749147228441        3.1141975828603563E-003 -0.98407120222561306     
        750                  2097                  2097             3.6077101E-01         1.0000000E+30              2495       
 NEXT SEEDS:37F92D1D      12       0       0       0       0      35    3039       0       0
  Comptn_2: TXYZ:  0.99999999998041023       U,V,W -0.79157848135827180      -0.59101508982605822      -0.15525679189278208     
  Comptn_2: TXYZ:   1.0000000000039473       U,V,W -0.56059722330093109       0.37222510269256759       0.73971563871310764     
        800                  2047                  2047             3.7946779E-01         1.0000000E+30              2509       
 NEXT SEEDS:15D74235      13       0       0       0       0      35    3039       0       0
  Comptn_2: TXYZ:  0.99999999999875278       U,V,W -0.50091295354193122      -0.13928629624379596       0.85421633129514518     
        850                  1997                  1997             3.8722711E-01         1.0000000E+30              2524       
 NEXT SEEDS:29CA9184      13       0       0       0       0      35    3039       0       0
  Comptn_2: TXYZ:  0.99999999999771649       U,V,W  -5.9441112681113850E-002 -0.99618589182099093        6.3878189217952297E-002
        900                  1947                  1947             3.8849214E-01         1.0000000E+30              2548       
 NEXT SEEDS:398A0F87      13       0       0       0       0      35    3039       0       0
  Comptn_2: TXYZ:  0.99999999998029065       U,V,W  0.38370637595257051      -0.91906966000298063       -8.9890917759475997E-002
        950                  1897                  1897             3.9091959E-01         1.0000000E+30              2615       
 NEXT SEEDS: EE7F589      14       0       0       0       0      35    3039       0       0
  Comptn_2: TXYZ:   1.0000000000049762       U,V,W -0.16066335541783161       0.93479595653978720       0.31677090438947175     
  Comptn_2: TXYZ:   1.0000000000013816       U,V,W  0.56836141978357801       0.49888070463011758       0.65428077997961576     
       1000                  1847                  1847             3.9637434E-01         1.0000000E+30              2623       
 NEXT SEEDS:21B2F836      14       0       0       0       0      35    3039       0       0
  Comptn_2: TXYZ:  0.99999999999879829       U,V,W  0.24639389297144021       0.65523316678715360       0.71411451928052472     
  Comptn_2: TXYZ:  0.99999999999636524       U,V,W -0.77019799770894792       0.31818238446177816      -0.55277030902510482     
  Comptn_2: TXYZ:   1.0000000000118032       U,V,W  0.81058225759990421      -0.33502511460295636       0.48032757183126762     
  Comptn_2: TXYZ:   1.0000000000089997       U,V,W  0.87045825818903921       0.42087134932472736       0.25528362281409045     
       1050                  1797                  1797             4.0680935E-01         1.0000000E+30              2705       
 NEXT SEEDS:39BEAEFF      14       0       0       0       0      35    3039       0       0
  Comptn_2: TXYZ:   1.0000000000010605       U,V,W  0.28335678135825759       0.87226524601655697      -0.39857530662476393     
       1100                  1747                  1747             4.0011353E-01         1.0000000E+30              2729       
 NEXT SEEDS: 7F0BD87      15       0       0       0       0      35    3039       0       0
  Comptn_2: TXYZ:   1.0000000000021072       U,V,W  0.80999104319841031       0.25459818810348622      -0.52829373700137694     
  Comptn_2: TXYZ:   1.0000000000010743       U,V,W -0.44856260952676053       0.88390525930410746       0.13229919844865223     
       1150                  1697                  1697             3.9274617E-01         1.0000000E+30              2755       
 NEXT SEEDS:10D9358A      15       0       0       0       0      35    3039       0       0
  Comptn_2: TXYZ:  0.99999999999857536       U,V,W -0.16210852664471531        1.0788281990336657E-002  0.98671395984821864     
  Comptn_2: TXYZ:   1.0000000000016374       U,V,W  0.39709369622307022       0.63650833808550544      -0.66119114631788989     
  Comptn_2: TXYZ:  0.99999999999117362       U,V,W  0.98973601336092809       0.13468487183637023        4.7776659008462730E-002
       1200                  1647                  1647             3.9939573E-01         1.0000000E+30              3903       
 NEXT SEEDS:266616B9      15       0       0       0       0      35    3039       0       0
       1250                  1597                  1597             3.9362103E-01         1.0000000E+30              4068       
 NEXT SEEDS:304361CC      15       0       0       0       0      35    3039       0       0
  Comptn_2: TXYZ:  0.99999999998078226       U,V,W -0.83680868505317108       0.45525556624289720       0.30412759494203101     
  Comptn_2: TXYZ:   1.0000000000017752       U,V,W  0.51501974376702719       0.82326348625554857      -0.23872975459770629     
  Comptn_2: TXYZ:   1.0000000000010245       U,V,W  0.43243077499286064      -0.18046064521475813       0.88342378299928725     
  Comptn_2: TXYZ:  0.99999999999893296       U,V,W  0.46578457833165743       0.73260880963085739      -0.49631548297286798     
       1300                  1547                  1547             4.0016800E-01         1.0000000E+30              4072       
 NEXT SEEDS: A90F886      16       0       0       0       0      35    3039       0       0
       1350                  1497                  1497             3.9372161E-01         1.0000000E+30              4169       
 NEXT SEEDS:13573D34      16       0       0       0       0      35    3039       0       0
  Comptn_2: TXYZ:  0.99999999999896061       U,V,W -0.43794674646502685       0.78766832419508859       0.43333734932424051     
       1400                  1447                  1447             3.8987013E-01         1.0000000E+30              4278       
 NEXT SEEDS:1E5D7892      16       0       0       0       0      35    3039       0       0
       1450                  1397                  1397             3.9271649E-01         1.0000000E+30              4286       
 NEXT SEEDS:30D10707      16       0       0       0       0      35    3039       0       0
  Comptn_2: TXYZ:   1.0000000000037057       U,V,W -0.64376094292702746       0.48785308365170010      -0.58955170862014938     
  Comptn_2: TXYZ:  0.99999999999728739       U,V,W -0.16382152253713400      -0.94702216831533548       0.27624540081279747     
  Comptn_2: TXYZ:   1.0000000000050064       U,V,W -0.36312936065056078       0.90857739044929531      -0.20645627382782550     
       1500                  1347                  1347             4.0689751E-01         1.0000000E+30              4533       
 NEXT SEEDS:14F3866C      17       0       0       0       0      35    3039       0       0
  Comptn_2: TXYZ:   1.0000000000089360       U,V,W -0.87421812335536231      -0.25732339185100273       0.41173698499437705     
       1550                  1297                  1297             4.1230792E-01         1.0000000E+30              4551       
 NEXT SEEDS:2B500D22      17       0       0       0       0      35    3039       0       0
  Comptn_2: TXYZ:   1.0000000000012605       U,V,W  0.97238535425590111      -0.22157570437330776       -7.3286629485593835E-002
  Comptn_2: TXYZ:  0.99999999998178901       U,V,W  0.40284653339165288       -7.3203586387945663E-002 -0.91233541280389829     
       1600                  1247                  1247             4.0817814E-01         1.0000000E+30              5168       
 NEXT SEEDS:362D22B7      17       0       0       0       0      35    3039       0       0
  Comptn_2: TXYZ:  0.99999999999784628       U,V,W  0.26536497449433583      -0.29809674545151665       0.91690771654549863     
  Comptn_2: TXYZ:  0.99999999999423461       U,V,W  0.71813152736818253      -0.12947850923737292      -0.68375611517539170     
  Comptn_2: TXYZ:   1.0000000000017315       U,V,W  0.30938195435525984       0.64647761659369962      -0.69738762360998408     
       1650                  1197                  1197             4.0640352E-01         1.0000000E+30              5408       
 NEXT SEEDS: 82F2286      18       0       0       0       0      35    3039       0       0
  Comptn_2: TXYZ:  0.99999999999829026       U,V,W  0.38556066760178709        6.7469768705720412E-002 -0.92021236783013904     
       1700                  1147                  1147             4.0232451E-01         1.0000000E+30              5486       
 NEXT SEEDS:127248BA      18       0       0       0       0      35    3039       0       0
  Comptn_2: TXYZ:   1.0000000000592177       U,V,W -0.38184070826586947      -0.88900807025510176       0.25270996140147872     
       1750                  1097                  1097             3.9702016E-01         1.0000000E+30              5496       
 NEXT SEEDS:1AD5E4FC      18       0       0       0       0      35    3039       0       0
  Comptn_2: TXYZ:   1.0000000000013325       U,V,W  0.89510901129100273       -9.5269449417685337E-003 -0.44574554986791792     
       1800                  1047                  1047             4.0287964E-01         1.0000000E+30              7056       
 NEXT SEEDS:32F4CE60      18       0       0       0       0      35    3039       0       0
  Comptn_2: TXYZ:   1.0000000000013778       U,V,W -0.76428180329174467       0.42081038033094842      -0.48866343117141398     
  Comptn_2: TXYZ:  0.99999999999870059       U,V,W -0.58961055408191676       -2.8996839059942658E-002 -0.80716700740209113     
  Comptn_2: TXYZ:   1.0000000000019198       U,V,W -0.12269577782372210       0.96515014041916025       0.23115136286647076     
  Comptn_2: TXYZ:   1.0000000000011591       U,V,W -0.88696541378492455       0.30412777974809080      -0.34756099944613084     
  Comptn_2: TXYZ:   1.0000000000020663       U,V,W  0.60697772670241079       0.30208482043137508       0.73506652797837546     
  Comptn_2: TXYZ:   1.0000000000045843       U,V,W  0.97697582427026930        7.6089708256716904E-002  0.19932033286501394     
       1850                   997                   997             4.0305335E-01         1.0000000E+30              7072       
 NEXT SEEDS: 7231E36      19       0       0       0       0      35    3039       0       0
  Comptn_2: TXYZ:  0.99999999995691746       U,V,W -0.76613552367528825       0.42936920436389414       0.47820335179045514     
  Comptn_2: TXYZ:  0.99999999998492939       U,V,W -0.33681381035981417      -0.80105495421139494       0.49484080012587128     
       1900                   947                   947             4.0039895E-01         1.0000000E+30              7082       
 NEXT SEEDS:12C477B8      19       0       0       0       0      35    3039       0       0
       1950                   897                   897             3.9685579E-01         1.0000000E+30              7102       
 NEXT SEEDS:1CEB5DAC      19       0       0       0       0      35    3039       0       0
  Comptn_2: TXYZ:   1.0000000000011535       U,V,W -0.75987403260545605       0.62814186255499749      -0.16741939875359257     
  Comptn_2: TXYZ:  0.99999999999881561       U,V,W  0.69191709112982824      -0.46843526871642638      -0.54938068588531763     
  *** Bselsc failure:    0.0000000000000000        1.3246796957966378E-009   4.4259502313126475E-010   2.7711166694643907E-013
  Comptn_2: TXYZ:   1.0000000000234379       U,V,W  0.64130762100003125       0.73026465827805964       0.23545289155316595     
       2000                   847                   847             3.9676984E-01         1.0000000E+30              8097       
 NEXT SEEDS:2C3D68F6      19       0       0       0       0      35    3039       0       0
  Comptn_2: TXYZ:  0.99999999998163347       U,V,W  0.98916884083563872      -0.13908350711119510        4.6912496748333865E-002
  Comptn_2: TXYZ:  0.99999999999795919       U,V,W  0.66327662419899269      -0.31584992966411107       0.67845629315404210     
       2050                   797                   797             3.9295887E-01         1.0000000E+30              8140       
 NEXT SEEDS:359763F3      19       0       0       0       0      35    3039       0       0
  Comptn_2: TXYZ:  0.99999999999222833       U,V,W -0.47680269828882160      -0.84327026496252699       0.24810168706954983     
  Comptn_2: TXYZ:   1.0000000000182729       U,V,W  -4.1968326738640371E-002 -0.92442834588561595       0.37903943448171162     
  Comptn_2: TXYZ:  0.99999999999820588       U,V,W -0.33789519785426592      -0.79414561887548629       0.50513322132493244     
  Comptn_2: TXYZ:   1.0000000000035725       U,V,W   9.6094212155257708E-003  0.95291118123594387       0.30309724463114662     
  Comptn_2: TXYZ:   1.0000000000011546       U,V,W  -3.0895742297062156E-002 -0.70321294314072347       0.71030768664602650     
  *** Hhflev: call to Hadriv !! ***  0.63752843448202301        3.5000000000000000        1.4575728114115769               13 T F T
       2100                   747                   747             3.9192334E-01         1.0000000E+30              8258       
 NEXT SEEDS: 7980653      1A       0       0       0       0      35    3039       0       0
       2150                   697                   697             3.8694118E-01         1.0000000E+30              8409       
 NEXT SEEDS: E86F30C      1A       0       0       0       0      35    3039       0       0
  Comptn_2: TXYZ:  0.99999999999889222       U,V,W -0.38738990230369552      -0.54123935311416127       0.74631697436986499     
  Comptn_2: TXYZ:  0.99999999999886557       U,V,W -0.80694763103599287       0.20155754024020922      -0.55516671256171435     
       2200                   647                   647             3.8454801E-01         1.0000000E+30              8414       
 NEXT SEEDS:196077F0      1A       0       0       0       0      35    3039       0       0
  Comptn_2: TXYZ:   1.0000000000012410       U,V,W   1.3431097379879020E-002 -0.99983248568488337        1.2434073893970776E-002
  Comptn_2: TXYZ:   1.0000000000018747       U,V,W  0.96408155582624566       0.26443209741835716       -2.4948338069876286E-002
       2250                   597                   597             3.8310623E-01         1.0000000E+30              8421       
 NEXT SEEDS:2621B1C1      1A       0       0       0       0      35    3039       0       0
  Comptn_2: TXYZ:   1.0000000000012936       U,V,W -0.80234469249275264      -0.59451478070259611        5.2869366897551728E-002
  Comptn_2: TXYZ:  0.99999999997619327       U,V,W  0.53359274240663268       0.57898694324728694       0.61648431024343608     
       2300                   547                   547             3.7994085E-01         1.0000000E+30              8423       
 NEXT SEEDS:2F57AD93      1A       0       0       0       0      35    3039       0       0
  Comptn_2: TXYZ:  0.99999999998845368       U,V,W  0.19119871167617930       0.80109505282521443       0.56717701732421233     
  *** Hhflev: call to Hadriv !! ***  0.55668911587339542        3.5000000000000000        1.4073846409356725               14 T F T
  Comptn_2: TXYZ:  0.99999999999802802       U,V,W  0.38046212320564621       0.68913761529648809      -0.61671542869247986     
       2350                   497                   497             3.7901323E-01         1.0000000E+30              8446       
 NEXT SEEDS:  F7C8BF      1B       0       0       0       0      35    3039       0       0
  Comptn_2: TXYZ:   1.0000000000020339       U,V,W -0.20871388088484366      -0.41022676796730195      -0.88777954176198648     
  Comptn_2: TXYZ:   1.0000000000038722       U,V,W  -4.9153838514399695E-002 -0.92781272987222096       0.36979377827409365     
  Comptn_2: TXYZ:  0.99999999994029221       U,V,W -0.13146303553307348      -0.97675010477918534      -0.16934197070594337     
  Comptn_2: TXYZ:   1.0000000000157032       U,V,W -0.14303684722455046       0.64641570284662464      -0.74945793708857877     
       2400                   447                   447             3.7665268E-01         1.0000000E+30              8452       
 NEXT SEEDS: B54B829      1B       0       0       0       0      35    3039       0       0
  Comptn_2: TXYZ:   1.0000000000036682       U,V,W  0.65845888461020685       0.23667858499331373       0.71443344314716484     
  Comptn_2: TXYZ:  0.99999999998639943       U,V,W -0.97265439150186950      -0.21068344929119576        9.7754380327899071E-002
       2450                   397                   397             3.7495424E-01         1.0000000E+30              8479       
 NEXT SEEDS:16A11394      1B       0       0       0       0      35    3039       0       0
  Comptn_2: TXYZ:  0.99999999999178946       U,V,W -0.13073193177544340       0.30339714964219411       0.94385344815550809     
       2500                   347                   347             3.7285455E-01         1.0000000E+30              8479       
 NEXT SEEDS:21463423      1B       0       0       0       0      35    3039       0       0
       2550                   297                   297             3.7198097E-01         1.0000000E+30              8479       
 NEXT SEEDS:2DF414A9      1B       0       0       0       0      35    3039       0       0
  Comptn_2: TXYZ:  0.99999999999425537       U,V,W -0.70888194147617867      -0.20815203708698959      -0.67391329004535550     
       2600                   247                   247             3.6937155E-01         1.0000000E+30              8494       
 NEXT SEEDS:370A73AC      1B       0       0       0       0      35    3039       0       0
  Comptn_2: TXYZ:   1.0000000000031870       U,V,W  0.93658435793808081      -0.31164275247668627       0.16027643400592240     
  Comptn_2: TXYZ:   1.0000000000020441       U,V,W  0.66238514315821817      -0.26040571715564020       0.70244913310357759     
  Comptn_2: TXYZ:  0.99999999999767286       U,V,W  0.79802720447244013        2.9334871108332550E-002  0.60190700798099428     
       2650                   197                   197             3.6845370E-01         1.0000000E+30              8885       
 NEXT SEEDS: 7716993      1C       0       0       0       0      35    3039       0       0
  Comptn_2: TXYZ:   1.0000000000022897       U,V,W  0.96321441411754694        9.6050083046691270E-002 -0.25098281611537487     
  Comptn_2: TXYZ:   1.0000000000018203       U,V,W  0.95947507358300754       0.28170843474161700        6.9239418058444357E-003
  Comptn_2: TXYZ:  0.99999999999881539       U,V,W -0.45270361529745173      -0.67170268450048098      -0.58640850976966519     
       2700                   147                   147             3.6960047E-01         1.0000000E+30              8893       
 NEXT SEEDS:17B17C31      1C       0       0       0       0      35    3039       0       0
  Comptn_2: TXYZ:  0.99999999999800349       U,V,W -0.17459646834389719      -0.87916770977450653      -0.44337367009069339     
  Comptn_2: TXYZ:  0.99999999999811295       U,V,W  0.76236189854336089       0.63761417186684355       0.11069102710714418     
  Comptn_2: TXYZ:  0.99999999999829281       U,V,W   2.4042523171260655E-002 -0.99272774477718750      -0.11795584694050376     
       2750                    97                    97             3.6631712E-01         1.0000000E+30              8896       
 NEXT SEEDS:1EF4F02A      1C       0       0       0       0      35    3039       0       0
  Comptn_2: TXYZ:  0.99999999999886957       U,V,W -0.72602370958590967      -0.63162572311644993      -0.27191638239651184     
  Comptn_2: TXYZ:   1.0000000000015596       U,V,W -0.52679088294446075       0.37463520760772440       0.76298088237443551     
  Comptn_2: TXYZ:  0.99999999999773737       U,V,W  0.81662017916884366       -9.8803008422564176E-002 -0.56865582604826415     
       2797                    50                    50             3.6737205E-01         1.0000000E+30              8898       
 NEXT SEEDS:2E949A25      1C       0       0       0       0      35    3039       0       0
       2798                    49                    49             3.6736875E-01         1.0000000E+30              8898       
 NEXT SEEDS:2EDA7243      1C       0       0       0       0      35    3039       0       0
       2799                    48                    48             3.6754309E-01         1.0000000E+30              8898       
 NEXT SEEDS:2F820B96      1C       0       0       0       0      35    3039       0       0
       2800                    47                    47             3.6741187E-01         1.0000000E+30              8898       
 NEXT SEEDS:2F820B9A      1C       0       0       0       0      35    3039       0       0
       2801                    46                    46             3.6728075E-01         1.0000000E+30              8898       
 NEXT SEEDS:2F820B9E      1C       0       0       0       0      35    3039       0       0
       2802                    45                    45             3.6722996E-01         1.0000000E+30              8905       
 NEXT SEEDS:2FAEB67D      1C       0       0       0       0      35    3039       0       0
       2803                    44                    44             3.6722807E-01         1.0000000E+30              8905       
 NEXT SEEDS:2FF5CFA2      1C       0       0       0       0      35    3039       0       0
       2804                    43                    43             3.6709715E-01         1.0000000E+30              8905       
 NEXT SEEDS:2FF5CFA6      1C       0       0       0       0      35    3039       0       0
       2805                    42                    42             3.6704927E-01         1.0000000E+30              8905       
 NEXT SEEDS:30230BFF      1C       0       0       0       0      35    3039       0       0
       2806                    41                    41             3.6691850E-01         1.0000000E+30              8905       
 NEXT SEEDS:30230C03      1C       0       0       0       0      35    3039       0       0
       2807                    40                    40             3.6687620E-01         1.0000000E+30              8905       
 NEXT SEEDS:30534E2C      1C       0       0       0       0      35    3039       0       0
       2808                    39                    39             3.6674559E-01         1.0000000E+30              8905       
 NEXT SEEDS:30534E30      1C       0       0       0       0      35    3039       0       0
       2809                    38                    38             3.6661507E-01         1.0000000E+30              8905       
 NEXT SEEDS:30534E34      1C       0       0       0       0      35    3039       0       0
       2810                    37                    37             3.6648464E-01         1.0000000E+30              8905       
 NEXT SEEDS:30534E38      1C       0       0       0       0      35    3039       0       0
       2811                    36                    36             3.6768623E-01         1.0000000E+30              8905       
 NEXT SEEDS:3337D89D      1C       0       0       0       0      35    3039       0       0
       2812                    35                    35             3.6755552E-01         1.0000000E+30              8905       
 NEXT SEEDS:3337D8A1      1C       0       0       0       0      35    3039       0       0
       2813                    34                    34             3.6753121E-01         1.0000000E+30              8905       
 NEXT SEEDS:33729A71      1C       0       0       0       0      35    3039       0       0
       2814                    33                    33             3.6747344E-01         1.0000000E+30              8905       
 NEXT SEEDS:339A42EA      1C       0       0       0       0      35    3039       0       0
       2815                    32                    32             3.6739251E-01         1.0000000E+30              8905       
 NEXT SEEDS:33B592EF      1C       0       0       0       0      35    3039       0       0
       2816                    31                    31             3.6726209E-01         1.0000000E+30              8905       
 NEXT SEEDS:33B592F3      1C       0       0       0       0      35    3039       0       0
       2817                    30                    30             3.6713176E-01         1.0000000E+30              8905       
 NEXT SEEDS:33B592F7      1C       0       0       0       0      35    3039       0       0
       2818                    29                    29             3.6703842E-01         1.0000000E+30              8905       
 NEXT SEEDS:33CACFB9      1C       0       0       0       0      35    3039       0       0
       2819                    28                    28             3.6724910E-01         1.0000000E+30              8905       
 NEXT SEEDS:34888356      1C       0       0       0       0      35    3039       0       0
       2820                    27                    27             3.6711891E-01         1.0000000E+30              8905       
 NEXT SEEDS:3488835A      1C       0       0       0       0      35    3039       0       0
       2821                    26                    26             3.6698882E-01         1.0000000E+30              8905       
 NEXT SEEDS:3488835E      1C       0       0       0       0      35    3039       0       0
       2822                    25                    25             3.6685882E-01         1.0000000E+30              8905       
 NEXT SEEDS:34888362      1C       0       0       0       0      35    3039       0       0
       2823                    24                    24             3.6672886E-01         1.0000000E+30              8905       
 NEXT SEEDS:34888366      1C       0       0       0       0      35    3039       0       0
       2824                    23                    23             3.6659905E-01         1.0000000E+30              8905       
 NEXT SEEDS:3488836A      1C       0       0       0       0      35    3039       0       0
       2825                    22                    22             3.6665171E-01         1.0000000E+30              8905       
 NEXT SEEDS:34EF208B      1C       0       0       0       0      35    3039       0       0
       2826                    21                    21             3.6652201E-01         1.0000000E+30              8905       
 NEXT SEEDS:34EF208F      1C       0       0       0       0      35    3039       0       0
       2827                    20                    20             3.6647859E-01         1.0000000E+30              8905       
 NEXT SEEDS:351FC8A8      1C       0       0       0       0      35    3039       0       0
       2828                    19                    19             3.6640089E-01         1.0000000E+30              8905       
 NEXT SEEDS:353BB95B      1C       0       0       0       0      35    3039       0       0
  Comptn_2: TXYZ:  0.99999999999827605       U,V,W  0.92432198776309171      -0.35569610684149211       0.13823582210761742     
       2829                    18                    18             3.6630097E-01         1.0000000E+30              8905       
 NEXT SEEDS:354D1311      1C       0       0       0       0      35    3039       0       0
       2830                    17                    17             3.6628252E-01         1.0000000E+30              8905       
 NEXT SEEDS:358BD075      1C       0       0       0       0      35    3039       0       0
       2831                    16                    16             3.6615318E-01         1.0000000E+30              8905       
 NEXT SEEDS:358BD079      1C       0       0       0       0      35    3039       0       0
       2832                    15                    15             3.6602393E-01         1.0000000E+30              8905       
 NEXT SEEDS:358BD07D      1C       0       0       0       0      35    3039       0       0
       2833                    14                    14             3.6608695E-01         1.0000000E+30              8905       
 NEXT SEEDS:35F2EA6C      1C       0       0       0       0      35    3039       0       0
       2834                    13                    13             3.6600710E-01         1.0000000E+30              8905       
 NEXT SEEDS:360F3539      1C       0       0       0       0      35    3039       0       0
       2835                    12                    12             3.6587808E-01         1.0000000E+30              8905       
 NEXT SEEDS:360F353D      1C       0       0       0       0      35    3039       0       0
       2836                    11                    11             3.6591285E-01         1.0000000E+30              8905       
 NEXT SEEDS:366A02E4      1C       0       0       0       0      35    3039       0       0
       2837                    10                    10             3.6578391E-01         1.0000000E+30              8905       
 NEXT SEEDS:366A02E8      1C       0       0       0       0      35    3039       0       0
       2838                     9                     9             3.6567261E-01         1.0000000E+30              8905       
 NEXT SEEDS:3673E239      1C       0       0       0       0      35    3039       0       0
       2839                     8                     8             3.6554385E-01         1.0000000E+30              8905       
 NEXT SEEDS:3673E23D      1C       0       0       0       0      35    3039       0       0
       2840                     7                     7             3.6554112E-01         1.0000000E+30              8905       
 NEXT SEEDS:36B9ECA7      1C       0       0       0       0      35    3039       0       0
       2841                     6                     6             3.6552666E-01         1.0000000E+30              8905       
 NEXT SEEDS:36FC84B5      1C       0       0       0       0      35    3039       0       0
       2842                     5                     5             3.6543490E-01         1.0000000E+30              8905       
 NEXT SEEDS:3711D8EE      1C       0       0       0       0      35    3039       0       0
       2843                     4                     4             3.6530641E-01         1.0000000E+30              8905       
 NEXT SEEDS:3711D8F2      1C       0       0       0       0      35    3039       0       0
       2844                     3                     3             3.6517796E-01         1.0000000E+30              8905       
 NEXT SEEDS:3711D8F6      1C       0       0       0       0      35    3039       0       0
       2845                     2                     2             3.6504964E-01         1.0000000E+30              8905       
 NEXT SEEDS:3711D8FA      1C       0       0       0       0      35    3039       0       0
       2846                     1                     1             3.6492142E-01         1.0000000E+30              8905       
 NEXT SEEDS:3711D8FE      1C       0       0       0       0      35    3039       0       0
       2847                     0                     1             3.6479328E-01         1.0000000E+30              8905       
 NEXT SEEDS:3711D902      1C       0       0       0       0      35    3039       0       0
