  *** dp/dx:d,imat,ztar,ij,po,eo  -1.9416809525729661E-004          26   3.3731000000000000               36   1.8515960795556614        2.2749341454041905       ***
  ***       x,xoster,ccster,d0ster  0.14641007670209907       0.14640000000000000       -3.1997000000000000        0.0000000000000000       ***
  *** dp/dx:d,imat,ztar,ij,po,eo  -1.9416809525729661E-004          26   3.3731000000000000               37   1.8515960795556614        2.2749341454041905       ***
  ***       x,xoster,ccster,d0ster  0.14641007670209907       0.14640000000000000       -3.1997000000000000        0.0000000000000000       ***
1NUMBER OF BEAM       NUMBER OF BEAM        APPROXIMATE NUMBER    AVERAGE TIME USED     TIME LEFT (RESERVED   NUMBER OF STARS
 PARTICLES HANDLED    PARTICLES LEFT        OF BEAM PARTICLES     BY A BEAM PARTICLE     10000.0 SECONDS      CREATED
                                            THAT CAN STILL BE                           FOR PRINTOUT)
                                            HANDLED

 NEXT SEEDS: 60A7300      11       0       0       0       0      11    3039       0       0
          1                  2152                  2152             8.7022781E-05         1.0000000E+30                 0       
 NEXT SEEDS: 60A7304      11       0       0       0       0      11    3039       0       0
         40                  2113                  2113             2.6126875E-01         1.0000000E+30                 8       
 NEXT SEEDS: D633C3B      11       0       0       0       0      11    3039       0       0
         80                  2073                  2073             1.8205495E-01         1.0000000E+30                15       
 NEXT SEEDS:1047107A      11       0       0       0       0      11    3039       0       0
        120                  2033                  2033             1.4916043E-01         1.0000000E+30                22       
 NEXT SEEDS:129DEDE0      11       0       0       0       0      11    3039       0       0
        160                  1993                  1993             1.9082785E-01         1.0000000E+30                22       
 NEXT SEEDS:1B83FF68      11       0       0       0       0      11    3039       0       0
        200                  1953                  1953             1.7115881E-01         1.0000000E+30                37       
 NEXT SEEDS:1E1D208D      11       0       0       0       0      11    3039       0       0
  Comptn_2: TXYZ:  0.99999999999771938       U,V,W  0.82877816280383598      -0.37334495102187759       0.41682166978660007     
        240                  1913                  1913             1.8416107E-01         1.0000000E+30                38       
 NEXT SEEDS:2556DC46      11       0       0       0       0      11    3039       0       0
        280                  1873                  1873             1.7940927E-01         1.0000000E+30                39       
 NEXT SEEDS:2995F0EE      11       0       0       0       0      11    3039       0       0
  *** Kaon: P_min > 1.5 GeV/c:           24   1.5096052139906142     
  *** Kbar: P_min > 1.8 GeV/c:           25   32.704976367633904     
  *** Kaon: P_min > 1.5 GeV/c:           24   11.361677814683404     
  *** Kaon: P_min > 1.5 GeV/c:           24   11.361571552442063     
  *** Kaon: P_min > 1.5 GeV/c:           24   10.470664680117782     
  *** Kaon: P_min > 1.5 GeV/c:           24   13.079475781342298     
  *** Kaon: P_min > 1.5 GeV/c:           24   10.536997365739694     
  *** Kaon: P_min > 1.5 GeV/c:           24   10.534452919962154     
  *** Kaon: P_min > 1.5 GeV/c:           24   10.751361690160010     
  *** Kaon: P_min > 1.5 GeV/c:           24   2.1580273923964466     
  *** Kaon: P_min > 1.5 GeV/c:           24   2.1580169039017583     
  *** Kaon: P_min > 1.5 GeV/c:           24   2.5119116761324332     
  *** Kaon: P_min > 1.5 GeV/c:           24   2.3289966231487735     
  *** Kaon: P_min > 1.5 GeV/c:           24   1.5185261419963065     
  *** Kbar: P_min > 1.8 GeV/c:           25   32.704660649596725     
  *** Kbar: P_min > 1.8 GeV/c:           25   33.686234865878497     
  *** Kbar: P_min > 1.8 GeV/c:           25   37.540648399582793     
  *** Kbar: P_min > 1.8 GeV/c:           25   15.771154348624899     
  *** Kaon: P_min > 1.5 GeV/c:           24   5.6057602208573618     
  *** Kaon: P_min > 1.5 GeV/c:           24   5.6032239465192983     
  Comptn_2: TXYZ:  0.99999999999841871       U,V,W  0.83612199419376054      -0.35524152461940872       0.41797544187421565     
        320                  1833                  1833             1.6928543E-01         1.0000000E+30               558       
 NEXT SEEDS:2C48CDA9      11       0       0       0       0      11    3039       0       0
  Comptn_2: TXYZ:   1.0000000000098586       U,V,W  0.73295548977108638      -0.41853463881101050       0.53628817452897692     
  Comptn_2: TXYZ:  0.99999999999815925       U,V,W -0.14852372605041814        2.1701675223837924E-002  0.98867069345193936     
  Comptn_2: TXYZ:   1.0000000000035507       U,V,W -0.55052259627512967       0.70333160443637865       0.44972160854798915     
        360                  1793                  1793             1.8232885E-01         1.0000000E+30               560       
 NEXT SEEDS:34815365      11       0       0       0       0      11    3039       0       0
        400                  1753                  1753             1.7334016E-01         1.0000000E+30               563       
 NEXT SEEDS:371AB22A      11       0       0       0       0      11    3039       0       0
  Comptn_2: TXYZ:  0.99999999999878642       U,V,W  0.32795208608621351       0.82508239812288053       0.46009397468156843     
        440                  1713                  1713             1.7854142E-01         1.0000000E+30               563       
 NEXT SEEDS: 2297C23      12       0       0       0       0      11    3039       0       0
        480                  1673                  1673             1.7234194E-01         1.0000000E+30               650       
 NEXT SEEDS: 51BDA60      12       0       0       0       0      11    3039       0       0
        520                  1633                  1633             1.6639415E-01         1.0000000E+30               653       
 NEXT SEEDS: 7CD8807      12       0       0       0       0      11    3039       0       0
        560                  1593                  1593             1.6188967E-01         1.0000000E+30               656       
 NEXT SEEDS: ABF8C0C      12       0       0       0       0      11    3039       0       0
        600                  1553                  1553             1.5735281E-01         1.0000000E+30               729       
 NEXT SEEDS: D5BD538      12       0       0       0       0      11    3039       0       0
        640                  1513                  1513             1.5372576E-01         1.0000000E+30               756       
 NEXT SEEDS:1017C664      12       0       0       0       0      11    3039       0       0
  Comptn_2: TXYZ:   1.0000000001319060       U,V,W -0.57564143077229346       0.73517336192924176       0.35799032280215215     
  Comptn_2: TXYZ:  0.99999999999753109       U,V,W -0.25317236554309019       0.32931436996155128      -0.90964597457454488     
  Comptn_2: TXYZ:   1.0000000000029918       U,V,W -0.81979310506667957       0.29561404037779937      -0.49046060394249480     
        680                  1473                  1473             1.7601273E-01         1.0000000E+30               856       
 NEXT SEEDS:1E99989B      12       0       0       0       0      11    3039       0       0
        720                  1433                  1433             1.7216264E-01         1.0000000E+30               880       
 NEXT SEEDS:21924AF7      12       0       0       0       0      11    3039       0       0
        760                  1393                  1393             1.7540125E-01         1.0000000E+30               882       
 NEXT SEEDS:282FC253      12       0       0       0       0      11    3039       0       0
        800                  1353                  1353             1.7870890E-01         1.0000000E+30               891       
 NEXT SEEDS:2EFB2676      12       0       0       0       0      11    3039       0       0
        840                  1313                  1313             1.7415392E-01         1.0000000E+30               984       
 NEXT SEEDS:315A90C8      12       0       0       0       0      11    3039       0       0
  *** Hhflev: call to Hadriv !! ***   1.1026986835878472        5.0000000000000000        1.8430407561852882               16 T F T
  Comptn_2: TXYZ:  0.99999999999512612       U,V,W   5.1634383536622863E-002 -0.95261752488180107      -0.29975613708478122     
  Comptn_2: TXYZ:   1.0000000000020781       U,V,W -0.49949303876464768       0.72638642263239639      -0.47209053077036600     
        880                  1273                  1273             1.7639551E-01         1.0000000E+30              1107       
 NEXT SEEDS:377E1DE0      12       0       0       0       0      11    3039       0       0
  Comptn_2: TXYZ:  0.99999999991316690       U,V,W -0.90387451649081640      -0.41876133937614668        8.7463129349202973E-002
        920                  1233                  1233             1.7799255E-01         1.0000000E+30              1128       
 NEXT SEEDS: 1F5F9EB      13       0       0       0       0      11    3039       0       0
  Comptn_2: TXYZ:   1.0000000000015532       U,V,W  0.40321823873869889       -3.9333248587048786E-002 -0.91425814051918852     
        960                  1193                  1193             1.7222710E-01         1.0000000E+30              1130       
 NEXT SEEDS: 313C844      13       0       0       0       0      11    3039       0       0
  Comptn_2: TXYZ:  0.99999999999583511       U,V,W  0.83687138421820606      -0.28774167011548002      -0.46567265063743335     
       1000                  1153                  1153             1.6946067E-01         1.0000000E+30              1379       
 NEXT SEEDS: 607CE14      13       0       0       0       0      11    3039       0       0
       1040                  1113                  1113             1.6614137E-01         1.0000000E+30              1381       
 NEXT SEEDS: 86A346D      13       0       0       0       0      11    3039       0       0
       1080                  1073                  1073             1.6387825E-01         1.0000000E+30              1386       
 NEXT SEEDS: B5AE74E      13       0       0       0       0      11    3039       0       0
  Comptn_2: TXYZ:   1.0000000000018483       U,V,W  -8.1821184123143098E-002  0.81364696824397953       0.57557267560049752     
       1120                  1033                  1033             1.6213548E-01         1.0000000E+30              1394       
 NEXT SEEDS: EAAF1C7      13       0       0       0       0      11    3039       0       0
       1160                   993                   993             1.6286229E-01         1.0000000E+30              1396       
 NEXT SEEDS:13A2049D      13       0       0       0       0      11    3039       0       0
  Comptn_2: TXYZ:   1.0000000000323910       U,V,W  0.33094973340209322       0.27357057236804394       0.90312314549439776     
       1200                   953                   953             1.7247564E-01         1.0000000E+30              1400       
 NEXT SEEDS:20FB48A6      13       0       0       0       0      11    3039       0       0
  Comptn_2: TXYZ:  0.99999999999359857       U,V,W -0.82802582137870218       0.46589476870813940       0.31195400881237845     
  Comptn_2: TXYZ:  0.99999999999578648       U,V,W -0.28575910329601140      -0.15159111469309039      -0.94623563071010608     
       1240                   913                   913             1.7699109E-01         1.0000000E+30              1403       
 NEXT SEEDS:2A3BEB2F      13       0       0       0       0      11    3039       0       0
       1280                   873                   873             1.7693364E-01         1.0000000E+30              1724       
 NEXT SEEDS:2F4973E5      13       0       0       0       0      11    3039       0       0
       1320                   833                   833             1.7805222E-01         1.0000000E+30              1726       
 NEXT SEEDS:35246B95      13       0       0       0       0      11    3039       0       0
       1360                   793                   793             1.7536592E-01         1.0000000E+30              1726       
 NEXT SEEDS:379FE9A9      13       0       0       0       0      11    3039       0       0
  Comptn_2: TXYZ:  0.99999999999847422       U,V,W  0.51890795448181848      -0.52266278337816630       0.67643044701237187     
       1400                   753                   753             1.7286592E-01         1.0000000E+30              1756       
 NEXT SEEDS:3A1E1B51      13       0       0       0       0      11    3039       0       0
  Comptn_2: TXYZ:   1.0000000000014200       U,V,W  0.63213962505508192      -0.68475226757748686       0.36264835100153192     
  Comptn_2: TXYZ:  0.99999999999794265       U,V,W  0.35115684645835188       0.93149088213920095        9.4940010927434315E-002
       1440                   713                   713             1.7332447E-01         1.0000000E+30              1842       
 NEXT SEEDS: 3E0844B      14       0       0       0       0      11    3039       0       0
  Comptn_2: TXYZ:  0.99999999999878519       U,V,W -0.96205326684195924      -0.14691576265007278       0.22993318690969033     
       1480                   673                   673             1.7213603E-01         1.0000000E+30              1886       
 NEXT SEEDS: 793425B      14       0       0       0       0      11    3039       0       0
  Comptn_2: TXYZ:   1.0000000000142173       U,V,W -0.64619724598536799      -0.61861074532691873       0.44693384864118002     
  Comptn_2: TXYZ:   1.0000000001821900       U,V,W -0.47539254245600659       0.34365663968594617      -0.80987779618851619     
       1520                   633                   633             1.7101846E-01         1.0000000E+30              1887       
 NEXT SEEDS: B3D5309      14       0       0       0       0      11    3039       0       0
       1560                   593                   593             1.6949940E-01         1.0000000E+30              1893       
 NEXT SEEDS: E5D37D4      14       0       0       0       0      11    3039       0       0
       1600                   553                   553             1.6739186E-01         1.0000000E+30              1893       
 NEXT SEEDS:10C74722      14       0       0       0       0      11    3039       0       0
       1640                   513                   513             1.6689409E-01         1.0000000E+30              1896       
 NEXT SEEDS:1504B581      14       0       0       0       0      11    3039       0       0
       1680                   473                   473             1.6786031E-01         1.0000000E+30              1899       
 NEXT SEEDS:1A5BFE3D      14       0       0       0       0      11    3039       0       0
       1720                   433                   433             1.6703600E-01         1.0000000E+30              2547       
 NEXT SEEDS:1E319E1E      14       0       0       0       0      11    3039       0       0
  Comptn_2: TXYZ:  0.99999999998632272       U,V,W  0.29627492438459058      -0.81678474513985577       0.49505944014234160     
  Comptn_2: TXYZ:  0.99999999999853739       U,V,W  0.57284349838644033       0.35187250397743242       0.74029458143334637     
       1760                   393                   393             1.6774755E-01         1.0000000E+30              2554       
 NEXT SEEDS:2406C65A      14       0       0       0       0      11    3039       0       0
       1800                   353                   353             1.6535029E-01         1.0000000E+30              2554       
 NEXT SEEDS:25BD8513      14       0       0       0       0      11    3039       0       0
  Comptn_2: TXYZ:  0.99999999999891964       U,V,W -0.23110327519994911        3.1545130649917041E-003 -0.97292411072914575     
       1840                   313                   313             1.6669429E-01         1.0000000E+30              2559       
 NEXT SEEDS:2C16C0F5      14       0       0       0       0      11    3039       0       0
  Comptn_2: TXYZ:   1.0000000000014724       U,V,W  0.95107856603265395       -1.9512980847480321E-003  0.30894296184009029     
  Comptn_2: TXYZ:   1.0000000000029374       U,V,W  0.74769341235996478       0.32980837828895915       0.57635145070248228     
  Comptn_2: TXYZ:  0.99999999999889866       U,V,W -0.47195637885589292       -8.1159050775198693E-002 -0.87787834290031341     
       1880                   273                   273             1.6991852E-01         1.0000000E+30              2561       
 NEXT SEEDS:34F03E1B      14       0       0       0       0      11    3039       0       0
       1920                   233                   233             1.6836098E-01         1.0000000E+30              2572       
 NEXT SEEDS:37A8AD67      14       0       0       0       0      11    3039       0       0
  *** Hhflev: call to Hadriv !! ***  0.74661714950409419        3.5000000000000000        1.5262889890731033               14 T F T
  Comptn_2: TXYZ:   1.0000000000017077       U,V,W  -6.7877321488090558E-002 -0.86618638303392004      -0.49508970810947517     
       1960                   193                   193             1.6734703E-01         1.0000000E+30              2670       
 NEXT SEEDS:3AE6984A      14       0       0       0       0      11    3039       0       0
  Comptn_2: TXYZ:  0.99999999999477085       U,V,W   5.1094927759407938E-002  0.67016239368348351       0.74045369500358049     
       2000                   153                   153             1.6696257E-01         1.0000000E+30              2672       
 NEXT SEEDS: 386FD06      15       0       0       0       0      11    3039       0       0
  Comptn_2: TXYZ:  0.99999999999728706       U,V,W -0.68430363587179954      -0.23294265939375691      -0.69098932796714507     
       2040                   113                   113             1.6810883E-01         1.0000000E+30              2682       
 NEXT SEEDS: A07E2E7      15       0       0       0       0      11    3039       0       0
  Comptn_2: TXYZ:  0.99999999999754585       U,V,W -0.11358143089815087       0.79141738563740915      -0.60063115159265834     
  Comptn_2: TXYZ:   1.0000000000017524       U,V,W   6.1722393298396128E-002 -0.94592471655126609       0.31846000814023334     
  Comptn_2: TXYZ:  0.99999999999830880       U,V,W  0.75244882113585021      -0.61604843129375553       0.23303455080755953     
       2080                    73                    73             1.7087414E-01         1.0000000E+30              2687       
 NEXT SEEDS:135922D2      15       0       0       0       0      11    3039       0       0
       2103                    50                    50             1.6990924E-01         1.0000000E+30              2690       
 NEXT SEEDS:14BB2E05      15       0       0       0       0      11    3039       0       0
       2104                    49                    49             1.6982898E-01         1.0000000E+30              2690       
 NEXT SEEDS:14BB5112      15       0       0       0       0      11    3039       0       0
       2105                    48                    48             1.6974896E-01         1.0000000E+30              2690       
 NEXT SEEDS:14BB8262      15       0       0       0       0      11    3039       0       0
       2106                    47                    47             1.6966840E-01         1.0000000E+30              2690       
 NEXT SEEDS:14BB8266      15       0       0       0       0      11    3039       0       0
       2107                    46                    46             1.6961024E-01         1.0000000E+30              2690       
 NEXT SEEDS:14C44421      15       0       0       0       0      11    3039       0       0
       2108                    45                    45             1.6952984E-01         1.0000000E+30              2690       
 NEXT SEEDS:14C44425      15       0       0       0       0      11    3039       0       0
  Comptn_2: TXYZ:   1.0000000000013622       U,V,W  0.79033741953745817      -0.58879533582320676      -0.16937182703469711     
       2109                    44                    44             1.7048966E-01         1.0000000E+30              2690       
 NEXT SEEDS:1647820E      15       0       0       0       0      11    3039       0       0
       2110                    43                    43             1.7058655E-01         1.0000000E+30              2690       
 NEXT SEEDS:16884699      15       0       0       0       0      11    3039       0       0
       2111                    42                    42             1.7065810E-01         1.0000000E+30              2690       
 NEXT SEEDS:16C35119      15       0       0       0       0      11    3039       0       0
       2112                    41                    41             1.7062634E-01         1.0000000E+30              2691       
 NEXT SEEDS:16D60573      15       0       0       0       0      11    3039       0       0
       2113                    40                    40             1.7063772E-01         1.0000000E+30              2691       
 NEXT SEEDS:16F69618      15       0       0       0       0      11    3039       0       0
       2114                    39                    39             1.7055706E-01         1.0000000E+30              2691       
 NEXT SEEDS:16F6961C      15       0       0       0       0      11    3039       0       0
       2115                    38                    38             1.7047668E-01         1.0000000E+30              2691       
 NEXT SEEDS:16F6A705      15       0       0       0       0      11    3039       0       0
       2116                    37                    37             1.7039641E-01         1.0000000E+30              2691       
 NEXT SEEDS:16F6BAC9      15       0       0       0       0      11    3039       0       0
       2117                    36                    36             1.7038702E-01         1.0000000E+30              2691       
 NEXT SEEDS:1713B546      15       0       0       0       0      11    3039       0       0
       2118                    35                    35             1.7035614E-01         1.0000000E+30              2691       
 NEXT SEEDS:1727D122      15       0       0       0       0      11    3039       0       0
       2119                    34                    34             1.7027580E-01         1.0000000E+30              2691       
 NEXT SEEDS:1727D126      15       0       0       0       0      11    3039       0       0
       2120                    33                    33             1.7022728E-01         1.0000000E+30              2691       
 NEXT SEEDS:1732D9CA      15       0       0       0       0      11    3039       0       0
       2121                    32                    32             1.7014708E-01         1.0000000E+30              2691       
 NEXT SEEDS:1732D9CE      15       0       0       0       0      11    3039       0       0
       2122                    31                    31             1.7009345E-01         1.0000000E+30              2691       
 NEXT SEEDS:173CFB91      15       0       0       0       0      11    3039       0       0
       2123                    30                    30             1.7001339E-01         1.0000000E+30              2691       
 NEXT SEEDS:173CFB95      15       0       0       0       0      11    3039       0       0
       2124                    29                    29             1.7008313E-01         1.0000000E+30              2691       
 NEXT SEEDS:17791943      15       0       0       0       0      11    3039       0       0
       2125                    28                    28             1.7000316E-01         1.0000000E+30              2691       
 NEXT SEEDS:17791947      15       0       0       0       0      11    3039       0       0
       2126                    27                    27             1.7001916E-01         1.0000000E+30              2691       
 NEXT SEEDS:179FB4C5      15       0       0       0       0      11    3039       0       0
       2127                    26                    26             1.7003465E-01         1.0000000E+30              2691       
 NEXT SEEDS:17C56D0D      15       0       0       0       0      11    3039       0       0
       2128                    25                    25             1.6995515E-01         1.0000000E+30              2691       
 NEXT SEEDS:17C589A7      15       0       0       0       0      11    3039       0       0
       2129                    24                    24             1.6993697E-01         1.0000000E+30              2691       
 NEXT SEEDS:17DC852D      15       0       0       0       0      11    3039       0       0
       2130                    23                    23             1.6985725E-01         1.0000000E+30              2691       
 NEXT SEEDS:17DC8531      15       0       0       0       0      11    3039       0       0
       2131                    22                    22             1.6977851E-01         1.0000000E+30              2691       
 NEXT SEEDS:17DCD143      15       0       0       0       0      11    3039       0       0
       2132                    21                    21             1.6969894E-01         1.0000000E+30              2691       
 NEXT SEEDS:17DCD147      15       0       0       0       0      11    3039       0       0
       2133                    20                    20             1.6976989E-01         1.0000000E+30              2691       
 NEXT SEEDS:1816CF79      15       0       0       0       0      11    3039       0       0
       2134                    19                    19             1.6969041E-01         1.0000000E+30              2691       
 NEXT SEEDS:1816CF7D      15       0       0       0       0      11    3039       0       0
       2135                    18                    18             1.6973883E-01         1.0000000E+30              2691       
 NEXT SEEDS:18493C14      15       0       0       0       0      11    3039       0       0
       2136                    17                    17             1.6969347E-01         1.0000000E+30              2691       
 NEXT SEEDS:18569BC5      15       0       0       0       0      11    3039       0       0
       2137                    16                    16             1.6961412E-01         1.0000000E+30              2691       
 NEXT SEEDS:18569BC9      15       0       0       0       0      11    3039       0       0
       2138                    15                    15             1.6953484E-01         1.0000000E+30              2691       
 NEXT SEEDS:18569BCD      15       0       0       0       0      11    3039       0       0
       2139                    14                    14             1.6950007E-01         1.0000000E+30              2691       
 NEXT SEEDS:18665824      15       0       0       0       0      11    3039       0       0
       2140                    13                    13             1.6942092E-01         1.0000000E+30              2691       
 NEXT SEEDS:18665828      15       0       0       0       0      11    3039       0       0
       2141                    12                    12             1.6934256E-01         1.0000000E+30              2691       
 NEXT SEEDS:18669166      15       0       0       0       0      11    3039       0       0
       2142                    11                    11             1.6929372E-01         1.0000000E+30              2691       
 NEXT SEEDS:1870DF7E      15       0       0       0       0      11    3039       0       0
       2143                    10                    10             1.6921506E-01         1.0000000E+30              2691       
 NEXT SEEDS:1870F4E8      15       0       0       0       0      11    3039       0       0
       2144                     9                     9             1.6919421E-01         1.0000000E+30              2715       
 NEXT SEEDS:1887EE23      15       0       0       0       0      11    3039       0       0
  Comptn_2: TXYZ:   1.0000000000250377       U,V,W -0.18746242849250194      -0.14819651344043905       0.97102813107181873     
       2145                     8                     8             1.7585535E-01         1.0000000E+30              2716       
 NEXT SEEDS:2352C48E      15       0       0       0       0      11    3039       0       0
       2146                     7                     7             1.7580395E-01         1.0000000E+30              2716       
 NEXT SEEDS:235F0D39      15       0       0       0       0      11    3039       0       0
       2147                     6                     6             1.7642539E-01         1.0000000E+30              2721       
 NEXT SEEDS:2476C276      15       0       0       0       0      11    3039       0       0
       2148                     5                     5             1.7634333E-01         1.0000000E+30              2721       
 NEXT SEEDS:2476C27A      15       0       0       0       0      11    3039       0       0
       2149                     4                     4             1.7630317E-01         1.0000000E+30              2721       
 NEXT SEEDS:2487F7DE      15       0       0       0       0      11    3039       0       0
       2150                     3                     3             1.7622560E-01         1.0000000E+30              2721       
 NEXT SEEDS:248957DA      15       0       0       0       0      11    3039       0       0
       2151                     2                     2             1.7614373E-01         1.0000000E+30              2721       
 NEXT SEEDS:248957DE      15       0       0       0       0      11    3039       0       0
       2152                     1                     1             1.7606221E-01         1.0000000E+30              2721       
 NEXT SEEDS:24896E81      15       0       0       0       0      11    3039       0       0
       2153                     0                     1             1.7617913E-01         1.0000000E+30              2721       
 NEXT SEEDS:24D7D8A5      15       0       0       0       0      11    3039       0       0
