1NUMBER OF BEAM       NUMBER OF BEAM        APPROXIMATE NUMBER    AVERAGE TIME USED     TIME LEFT (RESERVED   NUMBER OF STARS
 PARTICLES HANDLED    PARTICLES LEFT        OF BEAM PARTICLES     BY A BEAM PARTICLE     10000.0 SECONDS      CREATED
                                            THAT CAN STILL BE                           FOR PRINTOUT)
                                            HANDLED

 NEXT SEEDS:2C4A6A5E       0       0       0       0       0       2    3039       0       0
          1                  2152                  2152             1.9481182E-03         1.0000000E+30                 0       
 NEXT SEEDS:2C4A935D       0       0       0       0       0       2    3039       0       0
         40                  2113                  2113             1.8243551E-02         1.0000000E+30                 4       
 NEXT SEEDS:2CD19E1C       0       0       0       0       0       2    3039       0       0
         80                  2073                  2073             3.5552549E-02         1.0000000E+30                 6       
 NEXT SEEDS:2E68211C       0       0       0       0       0       2    3039       0       0
        120                  2033                  2033             3.0481875E-02         1.0000000E+30                21       
 NEXT SEEDS:2F017C55       0       0       0       0       0       2    3039       0       0
        160                  1993                  1993             3.1145450E-02         1.0000000E+30                30       
 NEXT SEEDS:2FFA19D9       0       0       0       0       0       2    3039       0       0
        200                  1953                  1953             2.9867213E-02         1.0000000E+30                31       
 NEXT SEEDS:30AF94CC       0       0       0       0       0       2    3039       0       0
        240                  1913                  1913             2.6981817E-02         1.0000000E+30                34       
 NEXT SEEDS:310D38C9       0       0       0       0       0       2    3039       0       0
  Comptn_2: TXYZ:   1.0000000000012088       U,V,W -0.15872253147929172      -0.49481879172164156       0.85437785631484431     
        280                  1873                  1873             2.6555635E-02         1.0000000E+30                37       
 NEXT SEEDS:31C055E4       0       0       0       0       0       2    3039       0       0
        320                  1833                  1833             2.4651803E-02         1.0000000E+30                43       
 NEXT SEEDS:3212C184       0       0       0       0       0       2    3039       0       0
  *** Kaon: P_min > 1.5 GeV/c:           24   11.088571677005145     
  *** Kbar: P_min > 1.8 GeV/c:           25   6.2485577444932794     
  *** Kbar: P_min > 1.8 GeV/c:           25   5.5391682722038498     
  *** Kbar: P_min > 1.8 GeV/c:           25   6.2671421485121943     
  *** Kbar: P_min > 1.8 GeV/c:           25   4.9125205111748453     
  *** Kbar: P_min > 1.8 GeV/c:           25   4.7945831855011196     
  *** Kbar: P_min > 1.8 GeV/c:           16   2.0163058904760018     
  *** Kbar: P_min > 1.8 GeV/c:           16   1.9108436155248703     
  *** Kbar: P_min > 1.8 GeV/c:           16   1.8046255247086056     
  *** Kaon: P_min > 1.5 GeV/c:           15   2.9200373439458418     
  *** Kaon: P_min > 1.5 GeV/c:           15   2.7780350520226853     
  *** Kaon: P_min > 1.5 GeV/c:           15   2.6855083335954881     
  *** Kaon: P_min > 1.5 GeV/c:           15   2.0259582570294876     
  *** Kaon: P_min > 1.5 GeV/c:           15   2.1345885314957962     
        360                  1793                  1793             2.3964756E-02         1.0000000E+30                96       
 NEXT SEEDS:329B9006       0       0       0       0       0       2    3039       0       0
        400                  1753                  1753             2.5929397E-02         1.0000000E+30                98       
 NEXT SEEDS:33DA1EA8       0       0       0       0       0       2    3039       0       0
        440                  1713                  1713             2.4828468E-02         1.0000000E+30                99       
 NEXT SEEDS:343FE568       0       0       0       0       0       2    3039       0       0
        480                  1673                  1673             2.4578068E-02         1.0000000E+30               108       
 NEXT SEEDS:34E42039       0       0       0       0       0       2    3039       0       0
        520                  1633                  1633             2.4035064E-02         1.0000000E+30               113       
 NEXT SEEDS:35691B72       0       0       0       0       0       2    3039       0       0
  Comptn_2: TXYZ:   1.0000000000141944       U,V,W -0.26687803986703784       0.64263701694191866      -0.71818784193754936     
        560                  1593                  1593             2.4333306E-02         1.0000000E+30               122       
 NEXT SEEDS:363DA0A8       0       0       0       0       0       2    3039       0       0
        600                  1553                  1553             2.3829068E-02         1.0000000E+30               127       
 NEXT SEEDS:36B9B36F       0       0       0       0       0       2    3039       0       0
        640                  1513                  1513             2.2902714E-02         1.0000000E+30               129       
 NEXT SEEDS:36FC7657       0       0       0       0       0       2    3039       0       0
        680                  1473                  1473             2.2238910E-02         1.0000000E+30               136       
 NEXT SEEDS:3753F7A7       0       0       0       0       0       2    3039       0       0
        720                  1433                  1433             2.2797295E-02         1.0000000E+30               140       
 NEXT SEEDS:38475966       0       0       0       0       0       2    3039       0       0
        760                  1393                  1393             2.2952586E-02         1.0000000E+30               149       
 NEXT SEEDS:38FF2F23       0       0       0       0       0       2    3039       0       0
        800                  1353                  1353             2.2644972E-02         1.0000000E+30               150       
 NEXT SEEDS:397CE63C       0       0       0       0       0       2    3039       0       0
        840                  1313                  1313             2.2037826E-02         1.0000000E+30               151       
 NEXT SEEDS:39C5E102       0       0       0       0       0       2    3039       0       0
        880                  1273                  1273             2.1422030E-02         1.0000000E+30               151       
 NEXT SEEDS:3A03EBFB       0       0       0       0       0       2    3039       0       0
        920                  1233                  1233             2.1436728E-02         1.0000000E+30               154       
 NEXT SEEDS:3AA7D629       0       0       0       0       0       2    3039       0       0
  Comptn_2: TXYZ:  0.99999999996555811       U,V,W  0.57623794770015024       -9.2929600668071544E-002  0.81198147572192170     
  Comptn_2: TXYZ:   1.0000000000014921       U,V,W  0.69540266241402549      -0.66727510600254547       0.26675657446119061     
        960                  1193                  1193             2.1636337E-02         1.0000000E+30               154       
 NEXT SEEDS:3B65F156       0       0       0       0       0       2    3039       0       0
       1000                  1153                  1153             2.1259887E-02         1.0000000E+30               158       
 NEXT SEEDS:  268A79       1       0       0       0       0       2    3039       0       0
  *** Kbar: P_min > 1.8 GeV/c:           16   55.167331376001371     
  *** Kbar: P_min > 1.8 GeV/c:           16   58.242135425044069     
  *** Kbar: P_min > 1.8 GeV/c:           16   60.635271320482353     
  *** Kbar: P_min > 1.8 GeV/c:           16   22.895956487360841     
  *** Kbar: P_min > 1.8 GeV/c:           16   22.250353573459691     
  *** Kbar: P_min > 1.8 GeV/c:           16   23.689843382036724     
       1040                  1113                  1113             2.1399131E-02         1.0000000E+30               295       
 NEXT SEEDS:  E2276B       1       0       0       0       0       2    3039       0       0
       1080                  1073                  1073             2.1601406E-02         1.0000000E+30               296       
 NEXT SEEDS: 1A5FD9E       1       0       0       0       0       2    3039       0       0
       1120                  1033                  1033             2.1893932E-02         1.0000000E+30               316       
 NEXT SEEDS: 2851CCC       1       0       0       0       0       2    3039       0       0
       1160                   993                   993             2.1915707E-02         1.0000000E+30               317       
 NEXT SEEDS: 32B958D       1       0       0       0       0       2    3039       0       0
       1200                   953                   953             2.2316664E-02         1.0000000E+30               319       
 NEXT SEEDS: 41D29C4       1       0       0       0       0       2    3039       0       0
       1240                   913                   913             2.2361187E-02         1.0000000E+30               320       
 NEXT SEEDS: 4C96A14       1       0       0       0       0       2    3039       0       0
       1280                   873                   873             2.2104011E-02         1.0000000E+30               347       
 NEXT SEEDS: 532DCA0       1       0       0       0       0       2    3039       0       0
  Comptn_2: TXYZ:   1.0000000000010989       U,V,W  0.47092685959086111      -0.47812937462274618       0.74136373936135413     
       1320                   833                   833             2.2463579E-02         1.0000000E+30               349       
 NEXT SEEDS: 629D19E       1       0       0       0       0       2    3039       0       0
       1360                   793                   793             2.2394533E-02         1.0000000E+30               349       
 NEXT SEEDS: 6BEC6D5       1       0       0       0       0       2    3039       0       0
       1400                   753                   753             2.2816753E-02         1.0000000E+30               356       
 NEXT SEEDS: 7D98B60       1       0       0       0       0       2    3039       0       0
       1440                   713                   713             2.2509090E-02         1.0000000E+30               358       
 NEXT SEEDS: 82FF2B6       1       0       0       0       0       2    3039       0       0
  Comptn_2: TXYZ:  0.99999999999893985       U,V,W  0.57644250815603382       0.24602867273702600       0.77922007608953336     
       1480                   673                   673             2.2622905E-02         1.0000000E+30               358       
 NEXT SEEDS: 8F749C8       1       0       0       0       0       2    3039       0       0
       1520                   633                   633             2.2338997E-02         1.0000000E+30               358       
 NEXT SEEDS: 94E0D33       1       0       0       0       0       2    3039       0       0
       1560                   593                   593             2.2096768E-02         1.0000000E+30               359       
 NEXT SEEDS: 9AD498B       1       0       0       0       0       2    3039       0       0
       1600                   553                   553             2.2118408E-02         1.0000000E+30               361       
 NEXT SEEDS: A599389       1       0       0       0       0       2    3039       0       0
  Comptn_2: TXYZ:   1.0000000000040774       U,V,W   3.0312288827275324E-002  0.99941775303568914       -1.5662696677885890E-002
       1640                   513                   513             2.2333703E-02         1.0000000E+30               361       
 NEXT SEEDS: B41B6DF       1       0       0       0       0       2    3039       0       0
       1680                   473                   473             2.2816217E-02         1.0000000E+30               362       
 NEXT SEEDS: C82DCA6       1       0       0       0       0       2    3039       0       0
       1720                   433                   433             2.2684496E-02         1.0000000E+30               363       
 NEXT SEEDS: D02E363       1       0       0       0       0       2    3039       0       0
       1760                   393                   393             2.2541204E-02         1.0000000E+30               363       
 NEXT SEEDS: D7DCFED       1       0       0       0       0       2    3039       0       0
  Comptn_2: TXYZ:   1.0000000000011633       U,V,W  -1.3043111841497534E-002 -0.99712370611704415       -7.4660511209501124E-002
       1800                   353                   353             2.2451985E-02         1.0000000E+30               364       
 NEXT SEEDS: E02A742       1       0       0       0       0       2    3039       0       0
       1840                   313                   313             2.2403261E-02         1.0000000E+30               368       
 NEXT SEEDS: E978712       1       0       0       0       0       2    3039       0       0
  Comptn_2: TXYZ:  0.99999999999749978       U,V,W   9.1380881529843805E-002  0.92867851214455222      -0.35945202123414077     
       1880                   273                   273             2.2600084E-02         1.0000000E+30               368       
 NEXT SEEDS: F87853D       1       0       0       0       0       2    3039       0       0
  Comptn_2: TXYZ:   1.0000000000030960       U,V,W  0.94934545436476014      -0.27465656891443757       0.15266622885305026     
       1920                   233                   233             2.3215671E-02         1.0000000E+30               372       
 NEXT SEEDS:1116B84B       1       0       0       0       0       2    3039       0       0
       1960                   193                   193             2.3677150E-02         1.0000000E+30               404       
 NEXT SEEDS:1271D043       1       0       0       0       0       2    3039       0       0
       2000                   153                   153             2.4065895E-02         1.0000000E+30               411       
 NEXT SEEDS:13B9CFB4       1       0       0       0       0       2    3039       0       0
       2040                   113                   113             2.3757325E-02         1.0000000E+30               412       
 NEXT SEEDS:13F684F7       1       0       0       0       0       2    3039       0       0
  Comptn_2: TXYZ:   1.0000000000018876       U,V,W  0.11414998941033616       0.27338657353056633      -0.95510709416940465     
       2080                    73                    73             2.4039133E-02         1.0000000E+30               569       
 NEXT SEEDS:1512FF33       1       0       0       0       0       2    3039       0       0
       2103                    50                    50             2.3894340E-02         1.0000000E+30               570       
 NEXT SEEDS:15410531       1       0       0       0       0       2    3039       0       0
       2104                    49                    49             2.3885201E-02         1.0000000E+30               570       
 NEXT SEEDS:1541CC7C       1       0       0       0       0       2    3039       0       0
       2105                    48                    48             2.3873910E-02         1.0000000E+30               570       
 NEXT SEEDS:1541CC80       1       0       0       0       0       2    3039       0       0
       2106                    47                    47             2.3885627E-02         1.0000000E+30               570       
 NEXT SEEDS:154A160A       1       0       0       0       0       2    3039       0       0
       2107                    46                    46             2.3875489E-02         1.0000000E+30               570       
 NEXT SEEDS:154A7014       1       0       0       0       0       2    3039       0       0
  Comptn_2: TXYZ:  0.99999999998737699       U,V,W  0.82108481468151950       0.33065620374814841       0.46528077760601150     
       2108                    45                    45             2.3873615E-02         1.0000000E+30               570       
 NEXT SEEDS:154E31AA       1       0       0       0       0       2    3039       0       0
       2109                    44                    44             2.3867349E-02         1.0000000E+30               570       
 NEXT SEEDS:15503949       1       0       0       0       0       2    3039       0       0
       2110                    43                    43             2.3856097E-02         1.0000000E+30               570       
 NEXT SEEDS:1550394D       1       0       0       0       0       2    3039       0       0
       2111                    42                    42             2.3845501E-02         1.0000000E+30               570       
 NEXT SEEDS:15506BB8       1       0       0       0       0       2    3039       0       0
       2112                    41                    41             2.3834266E-02         1.0000000E+30               570       
 NEXT SEEDS:15506BBC       1       0       0       0       0       2    3039       0       0
       2113                    40                    40             2.3823503E-02         1.0000000E+30               570       
 NEXT SEEDS:155090E2       1       0       0       0       0       2    3039       0       0
       2114                    39                    39             2.3820749E-02         1.0000000E+30               570       
 NEXT SEEDS:15540140       1       0       0       0       0       2    3039       0       0
       2115                    38                    38             2.3809540E-02         1.0000000E+30               570       
 NEXT SEEDS:15540144       1       0       0       0       0       2    3039       0       0
       2116                    37                    37             2.3798344E-02         1.0000000E+30               570       
 NEXT SEEDS:15540148       1       0       0       0       0       2    3039       0       0
       2117                    36                    36             2.3787151E-02         1.0000000E+30               570       
 NEXT SEEDS:1554014C       1       0       0       0       0       2    3039       0       0
       2118                    35                    35             2.3859620E-02         1.0000000E+30               570       
 NEXT SEEDS:1575001A       1       0       0       0       0       2    3039       0       0
       2119                    34                    34             2.3848423E-02         1.0000000E+30               570       
 NEXT SEEDS:1575001E       1       0       0       0       0       2    3039       0       0
       2120                    33                    33             2.3850345E-02         1.0000000E+30               570       
 NEXT SEEDS:157A3864       1       0       0       0       0       2    3039       0       0
       2121                    32                    32             2.4106122E-02         1.0000000E+30               601       
 NEXT SEEDS:15E55930       1       0       0       0       0       2    3039       0       0
       2122                    31                    31             2.4094764E-02         1.0000000E+30               601       
 NEXT SEEDS:15E5A197       1       0       0       0       0       2    3039       0       0
       2123                    30                    30             2.4103931E-02         1.0000000E+30               601       
 NEXT SEEDS:15EE3C60       1       0       0       0       0       2    3039       0       0
       2124                    29                    29             2.4092640E-02         1.0000000E+30               601       
 NEXT SEEDS:15EE3C64       1       0       0       0       0       2    3039       0       0
       2125                    28                    28             2.4083936E-02         1.0000000E+30               601       
 NEXT SEEDS:15EF216C       1       0       0       0       0       2    3039       0       0
       2126                    27                    27             2.4072939E-02         1.0000000E+30               601       
 NEXT SEEDS:15EF386E       1       0       0       0       0       2    3039       0       0
       2127                    26                    26             2.4069457E-02         1.0000000E+30               601       
 NEXT SEEDS:15F276AA       1       0       0       0       0       2    3039       0       0
       2128                    25                    25             2.4058148E-02         1.0000000E+30               602       
 NEXT SEEDS:15F2A84C       1       0       0       0       0       2    3039       0       0
       2129                    24                    24             2.4051073E-02         1.0000000E+30               602       
 NEXT SEEDS:15F457F8       1       0       0       0       0       2    3039       0       0
       2130                    23                    23             2.4040122E-02         1.0000000E+30               602       
 NEXT SEEDS:15F46FE9       1       0       0       0       0       2    3039       0       0
       2131                    22                    22             2.4046539E-02         1.0000000E+30               602       
 NEXT SEEDS:15FB9D13       1       0       0       0       0       2    3039       0       0
       2132                    21                    21             2.4043142E-02         1.0000000E+30               604       
 NEXT SEEDS:15FEAAC9       1       0       0       0       0       2    3039       0       0
       2133                    20                    20             2.4051759E-02         1.0000000E+30               604       
 NEXT SEEDS:1606D856       1       0       0       0       0       2    3039       0       0
       2134                    19                    19             2.4050189E-02         1.0000000E+30               604       
 NEXT SEEDS:160AD148       1       0       0       0       0       2    3039       0       0
       2135                    18                    18             2.4039636E-02         1.0000000E+30               604       
 NEXT SEEDS:160B0786       1       0       0       0       0       2    3039       0       0
       2136                    17                    17             2.4028435E-02         1.0000000E+30               604       
 NEXT SEEDS:160B078A       1       0       0       0       0       2    3039       0       0
       2137                    16                    16             2.4049295E-02         1.0000000E+30               604       
 NEXT SEEDS:16165B00       1       0       0       0       0       2    3039       0       0
       2138                    15                    15             2.4038106E-02         1.0000000E+30               604       
 NEXT SEEDS:16165B04       1       0       0       0       0       2    3039       0       0
       2139                    14                    14             2.4027553E-02         1.0000000E+30               604       
 NEXT SEEDS:16168BE4       1       0       0       0       0       2    3039       0       0
       2140                    13                    13             2.4016997E-02         1.0000000E+30               604       
 NEXT SEEDS:1616BC68       1       0       0       0       0       2    3039       0       0
       2141                    12                    12             2.4006086E-02         1.0000000E+30               604       
 NEXT SEEDS:1616D1AD       1       0       0       0       0       2    3039       0       0
       2142                    11                    11             2.4011966E-02         1.0000000E+30               604       
 NEXT SEEDS:161D9138       1       0       0       0       0       2    3039       0       0
       2143                    10                    10             2.4009982E-02         1.0000000E+30               604       
 NEXT SEEDS:1621626B       1       0       0       0       0       2    3039       0       0
       2144                     9                     9             2.3998840E-02         1.0000000E+30               604       
 NEXT SEEDS:1621626F       1       0       0       0       0       2    3039       0       0
       2145                     8                     8             2.4014179E-02         1.0000000E+30               604       
 NEXT SEEDS:162C1C0E       1       0       0       0       0       2    3039       0       0
       2146                     7                     7             2.4003047E-02         1.0000000E+30               604       
 NEXT SEEDS:162C1C12       1       0       0       0       0       2    3039       0       0
       2147                     6                     6             2.3991919E-02         1.0000000E+30               604       
 NEXT SEEDS:162C1C16       1       0       0       0       0       2    3039       0       0
       2148                     5                     5             2.3981167E-02         1.0000000E+30               604       
 NEXT SEEDS:162C39E1       1       0       0       0       0       2    3039       0       0
       2149                     4                     4             2.3983049E-02         1.0000000E+30               605       
 NEXT SEEDS:163199B1       1       0       0       0       0       2    3039       0       0
       2150                     3                     3             2.3971951E-02         1.0000000E+30               605       
 NEXT SEEDS:163199B5       1       0       0       0       0       2    3039       0       0
  Comptn_2: TXYZ:  0.99999999999867129       U,V,W -0.90924909104987339      -0.11767656378621183       0.39927223389451960     
       2151                     2                     2             2.4081105E-02         1.0000000E+30               605       
 NEXT SEEDS:166386F2       1       0       0       0       0       2    3039       0       0
       2152                     1                     1             2.4069915E-02         1.0000000E+30               605       
 NEXT SEEDS:166386F6       1       0       0       0       0       2    3039       0       0
       2153                     0                     1             2.4058736E-02         1.0000000E+30               605       
 NEXT SEEDS:1663A281       1       0       0       0       0       2    3039       0       0
