1NUMBER OF BEAM       NUMBER OF BEAM        APPROXIMATE NUMBER    AVERAGE TIME USED     TIME LEFT (RESERVED   NUMBER OF STARS
 PARTICLES HANDLED    PARTICLES LEFT        OF BEAM PARTICLES     BY A BEAM PARTICLE     10000.0 SECONDS      CREATED
                                            THAT CAN STILL BE                           FOR PRINTOUT)
                                            HANDLED

 NEXT SEEDS:       0       0       0       0       0       0      26    3039       0       0
          1                  2846                  2846             1.2524509E-01         1.0000000E+30                 0       
 NEXT SEEDS:  182A57       0       0       0       0       0      26    3039       0       0
         50                  2797                  2797             4.3726859E-02         1.0000000E+30                 2       
 NEXT SEEDS: 18EE84F       0       0       0       0       0      26    3039       0       0
  Comptn_2: TXYZ:   1.0000000000014586       U,V,W -0.25859215683922798      -0.95632941429384388       0.13625031295042334     
        100                  2747                  2747             5.2725599E-02         1.0000000E+30                 6       
 NEXT SEEDS: 3D9C1D8       0       0       0       0       0      26    3039       0       0
  Comptn_2: TXYZ:  0.99999999999721934       U,V,W -0.27534486080917020       0.73133587422256507      -0.62396558134108204     
        150                  2697                  2697             5.2268335E-02         1.0000000E+30                 9       
 NEXT SEEDS: 5AE043F       0       0       0       0       0      26    3039       0       0
  Comptn_2: TXYZ:   1.0000000000049687       U,V,W  0.45574312180278298       0.85769451853106204      -0.23803008174638762     
        200                  2647                  2647             5.1826845E-02         1.0000000E+30                15       
 NEXT SEEDS: 77E419A       0       0       0       0       0      26    3039       0       0
        250                  2597                  2597             5.8057313E-02         1.0000000E+30                23       
 NEXT SEEDS: A79CF51       0       0       0       0       0      26    3039       0       0
  Comptn_2: TXYZ:   1.0000000000097504       U,V,W  0.78425070801238128      -0.31291023681566799      -0.53575928427586916     
  Comptn_2: TXYZ:  0.99999999999738931       U,V,W -0.98016190526840674        4.2057372002709315E-002 -0.19368483915428669     
        300                  2547                  2547             6.1933766E-02         1.0000000E+30                34       
 NEXT SEEDS: D6298EE       0       0       0       0       0      26    3039       0       0
        350                  2497                  2497             6.4340952E-02         1.0000000E+30                39       
 NEXT SEEDS:1038AD5A       0       0       0       0       0      26    3039       0       0
        400                  2447                  2447             6.6840072E-02         1.0000000E+30                45       
 NEXT SEEDS:133F3664       0       0       0       0       0      26    3039       0       0
  Comptn_2: TXYZ:  0.99999999999860267       U,V,W -0.86607718194327532      -0.44638471906372956       0.22505776481204265     
        450                  2397                  2397             6.9155969E-02         1.0000000E+30                47       
 NEXT SEEDS:1651FED2       0       0       0       0       0      26    3039       0       0
        500                  2347                  2347             6.7536660E-02         1.0000000E+30                56       
 NEXT SEEDS:18345613       0       0       0       0       0      26    3039       0       0
        550                  2297                  2297             6.6222340E-02         1.0000000E+30                78       
 NEXT SEEDS:1A114719       0       0       0       0       0      26    3039       0       0
        600                  2247                  2247             6.3678017E-02         1.0000000E+30                83       
 NEXT SEEDS:1B57BB16       0       0       0       0       0      26    3039       0       0
        650                  2197                  2197             6.5543460E-02         1.0000000E+30                84       
 NEXT SEEDS:1E81C2B9       0       0       0       0       0      26    3039       0       0
        700                  2147                  2147             6.3606660E-02         1.0000000E+30               130       
 NEXT SEEDS:1FE2B54C       0       0       0       0       0      26    3039       0       0
        750                  2097                  2097             6.3377655E-02         1.0000000E+30               144       
 NEXT SEEDS:220D6D8F       0       0       0       0       0      26    3039       0       0
        800                  2047                  2047             6.2306214E-02         1.0000000E+30               152       
 NEXT SEEDS:23B4D930       0       0       0       0       0      26    3039       0       0
        850                  1997                  1997             6.1710870E-02         1.0000000E+30               156       
 NEXT SEEDS:2592AA20       0       0       0       0       0      26    3039       0       0
        900                  1947                  1947             6.0588511E-02         1.0000000E+30               158       
 NEXT SEEDS:270BFE7E       0       0       0       0       0      26    3039       0       0
  Comptn_2: TXYZ:   1.0000000000054550       U,V,W  0.28415823698381359       0.55287297503738075      -0.78331703022021770     
        950                  1897                  1897             5.9489827E-02         1.0000000E+30               160       
 NEXT SEEDS:2877FE92       0       0       0       0       0      26    3039       0       0
       1000                  1847                  1847             5.9126782E-02         1.0000000E+30               161       
 NEXT SEEDS:2A53B66A       0       0       0       0       0      26    3039       0       0
       1050                  1797                  1797             5.8777066E-02         1.0000000E+30               162       
 NEXT SEEDS:2C2DC7CC       0       0       0       0       0      26    3039       0       0
       1100                  1747                  1747             5.9242880E-02         1.0000000E+30               164       
 NEXT SEEDS:2EAB3397       0       0       0       0       0      26    3039       0       0
       1150                  1697                  1697             5.8047817E-02         1.0000000E+30               177       
 NEXT SEEDS:2FCF27D5       0       0       0       0       0      26    3039       0       0
  Comptn_2: TXYZ:  0.99999999999865774       U,V,W -0.40843548262455442      -0.21093341710772684       0.88808082406904987     
       1200                  1647                  1647             6.1238671E-02         1.0000000E+30               184       
 NEXT SEEDS:34C538A0       0       0       0       0       0      26    3039       0       0
  Comptn_2: TXYZ:  0.99999999999850453       U,V,W  0.43964648846082710      -0.61990990272903446       0.64994051857154389     
       1250                  1597                  1597             6.0926978E-02         1.0000000E+30               192       
 NEXT SEEDS:36AEAD00       0       0       0       0       0      26    3039       0       0
       1300                  1547                  1547             6.0442799E-02         1.0000000E+30               192       
 NEXT SEEDS:38701BF7       0       0       0       0       0      26    3039       0       0
       1350                  1497                  1497             5.9879733E-02         1.0000000E+30               195       
 NEXT SEEDS:3A0FA491       0       0       0       0       0      26    3039       0       0
       1400                  1447                  1447             6.0596575E-02         1.0000000E+30               204       
 NEXT SEEDS: 149BDEA       1       0       0       0       0      26    3039       0       0
       1450                  1397                  1397             6.0509549E-02         1.0000000E+30               231       
 NEXT SEEDS: 35E9427       1       0       0       0       0      26    3039       0       0
  Comptn_2: TXYZ:   1.0000000000045104       U,V,W  0.39078224911693482       0.91698869686337225       -8.0130915409938552E-002
  Comptn_2: TXYZ:   1.0000000000012332       U,V,W -0.23813480125003395       0.46282558987121547      -0.85386432751064234     
  Comptn_2: TXYZ:   1.0000000000026654       U,V,W  0.88187368940040045      -0.15427616188914328       0.44553076416645609     
       1500                  1347                  1347             6.2648784E-02         1.0000000E+30               236       
 NEXT SEEDS: 7E8DCF8       1       0       0       0       0      26    3039       0       0
  Comptn_2: TXYZ:  0.99999999989957344       U,V,W  0.71826098429329477       0.65360332846216807      -0.23854527319730323     
       1550                  1297                  1297             6.2726406E-02         1.0000000E+30               285       
 NEXT SEEDS: A423E19       1       0       0       0       0      26    3039       0       0
       1600                  1247                  1247             6.3994317E-02         1.0000000E+30               326       
 NEXT SEEDS: DF8FA58       1       0       0       0       0      26    3039       0       0
  Comptn_2: TXYZ:  0.99999999999807587       U,V,W  0.44064917926788905       -9.7826857178546334E-002 -0.89233301341101345     
       1650                  1197                  1197             6.3868348E-02         1.0000000E+30               333       
 NEXT SEEDS:102A4AAC       1       0       0       0       0      26    3039       0       0
       1700                  1147                  1147             6.3338435E-02         1.0000000E+30               342       
 NEXT SEEDS:11D02CA3       1       0       0       0       0      26    3039       0       0
  Comptn_2: TXYZ:  0.99999999999852007       U,V,W -0.54810652325304332      -0.74958382880011953      -0.37108398344220461     
       1750                  1097                  1097             6.3212943E-02         1.0000000E+30               349       
 NEXT SEEDS:13EFEE39       1       0       0       0       0      26    3039       0       0
       1800                  1047                  1047             6.4558780E-02         1.0000000E+30               358       
 NEXT SEEDS:17EDC40B       1       0       0       0       0      26    3039       0       0
       1850                   997                   997             6.4772574E-02         1.0000000E+30               366       
 NEXT SEEDS:1A89210A       1       0       0       0       0      26    3039       0       0
       1900                   947                   947             6.4703650E-02         1.0000000E+30               367       
 NEXT SEEDS:1CC59B71       1       0       0       0       0      26    3039       0       0
  Comptn_2: TXYZ:  0.99999999999571509       U,V,W  0.15447494926273464      -0.48589646835845457      -0.86025700350695899     
       1950                   897                   897             6.4167919E-02         1.0000000E+30               374       
 NEXT SEEDS:1E6058E7       1       0       0       0       0      26    3039       0       0
  Comptn_2: TXYZ:  0.99999999999760669       U,V,W  0.86873079503229889       0.33533440496188405      -0.36449642331443499     
  Comptn_2: TXYZ:  0.99999999999853928       U,V,W  -3.4863622543483075E-002  -3.9883508267486434E-003 -0.99938412078608074     
       2000                   847                   847             6.4442227E-02         1.0000000E+30               379       
 NEXT SEEDS:211C69A9       1       0       0       0       0      26    3039       0       0
       2050                   797                   797             6.4775685E-02         1.0000000E+30               428       
 NEXT SEEDS:23FA2206       1       0       0       0       0      26    3039       0       0
       2100                   747                   747             6.4712172E-02         1.0000000E+30               429       
 NEXT SEEDS:2642B738       1       0       0       0       0      26    3039       0       0
  *** Kaon: P_min > 1.5 GeV/c:           15   4.5744935582430468     
  *** Kaon: P_min > 1.5 GeV/c:           15   5.5906257364357641     
  *** Kaon: P_min > 1.5 GeV/c:           15   5.0019264759519588     
  *** Kaon: P_min > 1.5 GeV/c:           15   4.5917789592868248     
  *** Kaon: P_min > 1.5 GeV/c:           15   4.9821408178511426     
  *** Kaon: P_min > 1.5 GeV/c:           15   4.6413645719288343     
  *** Kbar: P_min > 1.8 GeV/c:           16   3.5036012763734381     
  *** Kbar: P_min > 1.8 GeV/c:           16   3.1618086815470536     
  *** Kbar: P_min > 1.8 GeV/c:           25   2.9593664387520935     
  *** Kbar: P_min > 1.8 GeV/c:           25   2.7859193601082319     
  *** Kbar: P_min > 1.8 GeV/c:           25   9.9586204960906759     
  *** Kbar: P_min > 1.8 GeV/c:           25   9.5675317329930056     
  *** Kaon: P_min > 1.5 GeV/c:           24   2.2210683592268499     
  *** Kaon: P_min > 1.5 GeV/c:           24   2.2202299933086245     
  *** Kaon: P_min > 1.5 GeV/c:           24   2.2177488342049627     
  *** Kaon: P_min > 1.5 GeV/c:           24   1.9203058440408991     
  *** Kaon: P_min > 1.5 GeV/c:           15   1.6677449905598651     
  *** Kaon: P_min > 1.5 GeV/c:           15   1.6590249668264432     
  *** Kaon: P_min > 1.5 GeV/c:           15   1.7112549665647829     
  *** Kaon: P_min > 1.5 GeV/c:           24   3.0845750830695779     
       2150                   697                   697             6.5084182E-02         1.0000000E+30               538       
 NEXT SEEDS:293B090E       1       0       0       0       0      26    3039       0       0
       2200                   647                   647             6.4347378E-02         1.0000000E+30               540       
 NEXT SEEDS:2A70805C       1       0       0       0       0      26    3039       0       0
       2250                   597                   597             6.4234921E-02         1.0000000E+30               542       
 NEXT SEEDS:2C9C8416       1       0       0       0       0      26    3039       0       0
       2300                   547                   547             6.3410502E-02         1.0000000E+30               551       
 NEXT SEEDS:2D922ECD       1       0       0       0       0      26    3039       0       0
       2350                   497                   497             6.2621781E-02         1.0000000E+30               587       
 NEXT SEEDS:2E89B700       1       0       0       0       0      26    3039       0       0
  Comptn_2: TXYZ:   1.0000000000016462       U,V,W  0.17368470861551799      -0.97765031667406355      -0.11846299127530102     
  Comptn_2: TXYZ:   1.0000000000031097       U,V,W  0.37673240857272994        8.2690029984277658E-002  0.92262400319702209     
       2400                   447                   447             6.3466228E-02         1.0000000E+30               590       
 NEXT SEEDS:324E141C       1       0       0       0       0      26    3039       0       0
       2450                   397                   397             6.3033899E-02         1.0000000E+30               611       
 NEXT SEEDS:33D88402       1       0       0       0       0      26    3039       0       0
       2500                   347                   347             6.2884732E-02         1.0000000E+30               612       
 NEXT SEEDS:35E516B9       1       0       0       0       0      26    3039       0       0
       2550                   297                   297             6.3109361E-02         1.0000000E+30               619       
 NEXT SEEDS:389DB203       1       0       0       0       0      26    3039       0       0
  Comptn_2: TXYZ:   1.0000000000057818       U,V,W  0.84037123392157298      -0.47130685330030175      -0.26766777773030981     
       2600                   247                   247             6.3467199E-02         1.0000000E+30               629       
 NEXT SEEDS:   C5D65       2       0       0       0       0      26    3039       0       0
  Comptn_2: TXYZ:   1.0000000000037503       U,V,W -0.67030371593980664      -0.11731041613569460       0.73275589023023713     
  Comptn_2: TXYZ:   1.0000000000013289       U,V,W  0.77941115241648617       0.62226199680494432        7.2857826089290256E-002
       2650                   197                   197             6.4499353E-02         1.0000000E+30               651       
 NEXT SEEDS: 451C4DC       2       0       0       0       0      26    3039       0       0
  Comptn_2: TXYZ:   1.0000000000034608       U,V,W  0.49079980735592699       0.29689921533848934      -0.81912539030006570     
       2700                   147                   147             6.4928292E-02         1.0000000E+30               655       
 NEXT SEEDS: 79BA621       2       0       0       0       0      26    3039       0       0
  Comptn_2: TXYZ:  0.99999999999620248       U,V,W  0.53473943194251916      -0.80412709385963588       0.25967933464727366     
       2750                    97                    97             6.5267292E-02         1.0000000E+30               656       
 NEXT SEEDS: AABE9F1       2       0       0       0       0      26    3039       0       0
  Comptn_2: TXYZ:   1.0000000000014619       U,V,W  0.83442839524503754       0.54352093085369546       -9.1182514410306226E-002
  Comptn_2: TXYZ:  0.99999999999893396       U,V,W   6.8875493680677025E-002 -0.70080673923116166       0.71001836639439375     
       2797                    50                    50             6.5543294E-02         1.0000000E+30               667       
 NEXT SEEDS: DA75269       2       0       0       0       0      26    3039       0       0
       2798                    49                    49             6.5566894E-02         1.0000000E+30               667       
 NEXT SEEDS: DC07F55       2       0       0       0       0      26    3039       0       0
       2799                    48                    48             6.5559703E-02         1.0000000E+30               667       
 NEXT SEEDS: DC9AD1F       2       0       0       0       0      26    3039       0       0
       2800                    47                    47             6.5559341E-02         1.0000000E+30               667       
 NEXT SEEDS: DD60181       2       0       0       0       0      26    3039       0       0
       2801                    46                    46             6.5557851E-02         1.0000000E+30               675       
 NEXT SEEDS: DE1E20F       2       0       0       0       0      26    3039       0       0
       2802                    45                    45             6.5534498E-02         1.0000000E+30               675       
 NEXT SEEDS: DE1E213       2       0       0       0       0      26    3039       0       0
       2803                    44                    44             6.5533747E-02         1.0000000E+30               675       
 NEXT SEEDS: DEE982E       2       0       0       0       0      26    3039       0       0
       2804                    43                    43             6.5547004E-02         1.0000000E+30               675       
 NEXT SEEDS: E00D15E       2       0       0       0       0      26    3039       0       0
       2805                    42                    42             6.5523675E-02         1.0000000E+30               675       
 NEXT SEEDS: E00D162       2       0       0       0       0      26    3039       0       0
       2806                    41                    41             6.5500361E-02         1.0000000E+30               675       
 NEXT SEEDS: E00D166       2       0       0       0       0      26    3039       0       0
       2807                    40                    40             6.5477059E-02         1.0000000E+30               675       
 NEXT SEEDS: E00D16A       2       0       0       0       0      26    3039       0       0
       2808                    39                    39             6.5485166E-02         1.0000000E+30               675       
 NEXT SEEDS: E1129EE       2       0       0       0       0      26    3039       0       0
       2809                    38                    38             6.5461897E-02         1.0000000E+30               675       
 NEXT SEEDS: E1129F2       2       0       0       0       0      26    3039       0       0
       2810                    37                    37             6.5976623E-02         1.0000000E+30               677       
 NEXT SEEDS: F20B315       2       0       0       0       0      26    3039       0       0
       2811                    36                    36             6.5953201E-02         1.0000000E+30               677       
 NEXT SEEDS: F20B319       2       0       0       0       0      26    3039       0       0
       2812                    35                    35             6.5929785E-02         1.0000000E+30               677       
 NEXT SEEDS: F20B31D       2       0       0       0       0      26    3039       0       0
       2813                    34                    34             6.5906385E-02         1.0000000E+30               677       
 NEXT SEEDS: F20B321       2       0       0       0       0      26    3039       0       0
       2814                    33                    33             6.5882997E-02         1.0000000E+30               677       
 NEXT SEEDS: F20B325       2       0       0       0       0      26    3039       0       0
       2815                    32                    32             6.5859630E-02         1.0000000E+30               677       
 NEXT SEEDS: F20B329       2       0       0       0       0      26    3039       0       0
       2816                    31                    31             6.5836275E-02         1.0000000E+30               677       
 NEXT SEEDS: F20B32D       2       0       0       0       0      26    3039       0       0
       2817                    30                    30             6.5812937E-02         1.0000000E+30               677       
 NEXT SEEDS: F20B331       2       0       0       0       0      26    3039       0       0
       2818                    29                    29             6.5789620E-02         1.0000000E+30               677       
 NEXT SEEDS: F20B335       2       0       0       0       0      26    3039       0       0
       2819                    28                    28             6.5826273E-02         1.0000000E+30               677       
 NEXT SEEDS: F3FD685       2       0       0       0       0      26    3039       0       0
       2820                    27                    27             6.5814033E-02         1.0000000E+30               677       
 NEXT SEEDS: F45CA21       2       0       0       0       0      26    3039       0       0
       2821                    26                    26             6.5790746E-02         1.0000000E+30               677       
 NEXT SEEDS: F45CA25       2       0       0       0       0      26    3039       0       0
       2822                    25                    25             6.5792203E-02         1.0000000E+30               677       
 NEXT SEEDS: F533819       2       0       0       0       0      26    3039       0       0
       2823                    24                    24             6.5787204E-02         1.0000000E+30               677       
 NEXT SEEDS: F5D23A1       2       0       0       0       0      26    3039       0       0
       2824                    23                    23             6.5769042E-02         1.0000000E+30               677       
 NEXT SEEDS: F60163F       2       0       0       0       0      26    3039       0       0
       2825                    22                    22             6.5745798E-02         1.0000000E+30               677       
 NEXT SEEDS: F601643       2       0       0       0       0      26    3039       0       0
       2826                    21                    21             6.5742830E-02         1.0000000E+30               677       
 NEXT SEEDS: F6B2776       2       0       0       0       0      26    3039       0       0
       2827                    20                    20             6.5735713E-02         1.0000000E+30               677       
 NEXT SEEDS: F73ECE9       2       0       0       0       0      26    3039       0       0
       2828                    19                    19             6.5712512E-02         1.0000000E+30               677       
 NEXT SEEDS: F73ECED       2       0       0       0       0      26    3039       0       0
       2829                    18                    18             6.5689289E-02         1.0000000E+30               677       
 NEXT SEEDS: F73ECF1       2       0       0       0       0      26    3039       0       0
       2830                    17                    17             6.5686086E-02         1.0000000E+30               677       
 NEXT SEEDS: F7F7672       2       0       0       0       0      26    3039       0       0
       2831                    16                    16             6.5662922E-02         1.0000000E+30               677       
 NEXT SEEDS: F7F7676       2       0       0       0       0      26    3039       0       0
       2832                    15                    15             6.5667317E-02         1.0000000E+30               678       
 NEXT SEEDS: F8E85A3       2       0       0       0       0      26    3039       0       0
       2833                    14                    14             6.5644180E-02         1.0000000E+30               678       
 NEXT SEEDS: F8E85A7       2       0       0       0       0      26    3039       0       0
       2834                    13                    13             6.5621050E-02         1.0000000E+30               678       
 NEXT SEEDS: F8E85AB       2       0       0       0       0      26    3039       0       0
       2835                    12                    12             6.5605740E-02         1.0000000E+30               678       
 NEXT SEEDS: F92EDBF       2       0       0       0       0      26    3039       0       0
       2836                    11                    11             6.5582644E-02         1.0000000E+30               678       
 NEXT SEEDS: F92EDC3       2       0       0       0       0      26    3039       0       0
       2837                    10                    10             6.5559565E-02         1.0000000E+30               678       
 NEXT SEEDS: F92EDC7       2       0       0       0       0      26    3039       0       0
       2838                     9                     9             6.5577842E-02         1.0000000E+30               678       
 NEXT SEEDS: FA97972       2       0       0       0       0      26    3039       0       0
  Comptn_2: TXYZ:   1.0000000000027827       U,V,W  0.67216874650080172       0.45774082124990656       0.58194717697724485     
       2839                     8                     8             6.5596623E-02         1.0000000E+30               678       
 NEXT SEEDS: FC09EB0       2       0       0       0       0      26    3039       0       0
       2840                     7                     7             6.5590074E-02         1.0000000E+30               678       
 NEXT SEEDS: FC98398       2       0       0       0       0      26    3039       0       0
       2841                     6                     6             6.5590066E-02         1.0000000E+30               678       
 NEXT SEEDS: FD5BE72       2       0       0       0       0      26    3039       0       0
       2842                     5                     5             6.5587878E-02         1.0000000E+30               678       
 NEXT SEEDS: FE0BC27       2       0       0       0       0      26    3039       0       0
       2843                     4                     4             6.5564851E-02         1.0000000E+30               678       
 NEXT SEEDS: FE0BC2B       2       0       0       0       0      26    3039       0       0
       2844                     3                     3             6.5555532E-02         1.0000000E+30               683       
 NEXT SEEDS: FE81968       2       0       0       0       0      26    3039       0       0
       2845                     2                     2             6.5564129E-02         1.0000000E+30               683       
 NEXT SEEDS: FF965DB       2       0       0       0       0      26    3039       0       0
       2846                     1                     1             6.5541129E-02         1.0000000E+30               683       
 NEXT SEEDS: FF965DF       2       0       0       0       0      26    3039       0       0
       2847                     0                     1             6.5529325E-02         1.0000000E+30               683       
 NEXT SEEDS:100007D9       2       0       0       0       0      26    3039       0       0
