1NUMBER OF BEAM       NUMBER OF BEAM        APPROXIMATE NUMBER    AVERAGE TIME USED     TIME LEFT (RESERVED   NUMBER OF STARS
 PARTICLES HANDLED    PARTICLES LEFT        OF BEAM PARTICLES     BY A BEAM PARTICLE     10000.0 SECONDS      CREATED
                                            THAT CAN STILL BE                           FOR PRINTOUT)
                                            HANDLED

 NEXT SEEDS:35B5D805       1       0       0       0       0      38    3039       0       0
          1                  2152                  2152             9.2983246E-05         1.0000000E+30                 0       
 NEXT SEEDS:35B5D809       1       0       0       0       0      38    3039       0       0
         40                  2113                  2113             2.0599848E-02         1.0000000E+30                 3       
 NEXT SEEDS:364DF887       1       0       0       0       0      38    3039       0       0
         80                  2073                  2073             1.9720387E-02         1.0000000E+30                10       
 NEXT SEEDS:36D84C9C       1       0       0       0       0      38    3039       0       0
        120                  2033                  2033             2.4656749E-02         1.0000000E+30                12       
 NEXT SEEDS:37D68DE2       1       0       0       0       0      38    3039       0       0
        160                  1993                  1993             2.2898787E-02         1.0000000E+30                14       
 NEXT SEEDS:38582CDF       1       0       0       0       0      38    3039       0       0
  Comptn_2: TXYZ:  0.99999999999734457       U,V,W  0.89733315007751813      -0.35360704004079491       0.26411224697633884     
        200                  1953                  1953             2.2325389E-02         1.0000000E+30                17       
 NEXT SEEDS:38EB6312       1       0       0       0       0      38    3039       0       0
        240                  1913                  1913             2.0776045E-02         1.0000000E+30                32       
 NEXT SEEDS:394B0E7E       1       0       0       0       0      38    3039       0       0
        280                  1873                  1873             2.1901570E-02         1.0000000E+30                33       
 NEXT SEEDS:3A1F8AD6       1       0       0       0       0      38    3039       0       0
        320                  1833                  1833             2.0913354E-02         1.0000000E+30                34       
 NEXT SEEDS:3A8603C5       1       0       0       0       0      38    3039       0       0
        360                  1793                  1793             2.1520509E-02         1.0000000E+30                36       
 NEXT SEEDS:3B49BE28       1       0       0       0       0      38    3039       0       0
        400                  1753                  1753             2.2048972E-02         1.0000000E+30                40       
 NEXT SEEDS:  6FEB83       2       0       0       0       0      38    3039       0       0
        440                  1713                  1713             2.2470979E-02         1.0000000E+30                43       
 NEXT SEEDS: 1318124       2       0       0       0       0      38    3039       0       0
        480                  1673                  1673             2.2129971E-02         1.0000000E+30                44       
 NEXT SEEDS: 1B4958C       2       0       0       0       0      38    3039       0       0
  Comptn_2: TXYZ:   1.0000000000012421       U,V,W -0.66041366169081783      -0.71072955721522035       0.24231651193021264     
        520                  1633                  1633             2.3766453E-02         1.0000000E+30                45       
 NEXT SEEDS: 2F34E13       2       0       0       0       0      38    3039       0       0
        560                  1593                  1593             2.6970046E-02         1.0000000E+30                45       
 NEXT SEEDS: 4F7DC9F       2       0       0       0       0      38    3039       0       0
        600                  1553                  1553             2.6205708E-02         1.0000000E+30                46       
 NEXT SEEDS: 56A8F9D       2       0       0       0       0      38    3039       0       0
        640                  1513                  1513             2.5430119E-02         1.0000000E+30                47       
 NEXT SEEDS: 5CEBCBE       2       0       0       0       0      38    3039       0       0
        680                  1473                  1473             2.8255485E-02         1.0000000E+30                49       
 NEXT SEEDS: 7E7804B       2       0       0       0       0      38    3039       0       0
        720                  1433                  1433             2.8008954E-02         1.0000000E+30                49       
 NEXT SEEDS: 89144BF       2       0       0       0       0      38    3039       0       0
  Comptn_2: TXYZ:   1.0000000000011169       U,V,W -0.56445333411803489      -0.81895814953901080      -0.10344072170953922     
        760                  1393                  1393             3.0264071E-02         1.0000000E+30                62       
 NEXT SEEDS: A87FD37       2       0       0       0       0      38    3039       0       0
        800                  1353                  1353             2.9706264E-02         1.0000000E+30                63       
 NEXT SEEDS: B12DEE2       2       0       0       0       0      38    3039       0       0
        840                  1313                  1313             3.0673170E-02         1.0000000E+30                68       
 NEXT SEEDS: C8604BD       2       0       0       0       0      38    3039       0       0
        880                  1273                  1273             3.0160772E-02         1.0000000E+30                68       
 NEXT SEEDS: D09CD00       2       0       0       0       0      38    3039       0       0
        920                  1233                  1233             2.9581458E-02         1.0000000E+30                70       
 NEXT SEEDS: D85FD14       2       0       0       0       0      38    3039       0       0
        960                  1193                  1193             3.0395971E-02         1.0000000E+30                71       
 NEXT SEEDS: EF2B190       2       0       0       0       0      38    3039       0       0
       1000                  1153                  1153             3.0138584E-02         1.0000000E+30                72       
 NEXT SEEDS: FA696BF       2       0       0       0       0      38    3039       0       0
       1040                  1113                  1113             2.9701193E-02         1.0000000E+30               126       
 NEXT SEEDS:102FADE7       2       0       0       0       0      38    3039       0       0
       1080                  1073                  1073             2.9678034E-02         1.0000000E+30               127       
 NEXT SEEDS:1107EA93       2       0       0       0       0      38    3039       0       0
       1120                  1033                  1033             2.8975555E-02         1.0000000E+30               129       
 NEXT SEEDS:11517ED2       2       0       0       0       0      38    3039       0       0
       1160                   993                   993             2.9939875E-02         1.0000000E+30               130       
 NEXT SEEDS:12E72660       2       0       0       0       0      38    3039       0       0
       1200                   953                   953             2.9297393E-02         1.0000000E+30               133       
 NEXT SEEDS:133424DF       2       0       0       0       0      38    3039       0       0
       1240                   913                   913             2.9090694E-02         1.0000000E+30               134       
 NEXT SEEDS:13DBEAF8       2       0       0       0       0      38    3039       0       0
       1280                   873                   873             2.8635734E-02         1.0000000E+30               135       
 NEXT SEEDS:1445DCA6       2       0       0       0       0      38    3039       0       0
       1320                   833                   833             2.9558887E-02         1.0000000E+30               140       
 NEXT SEEDS:15F621AA       2       0       0       0       0      38    3039       0       0
       1360                   793                   793             2.9333729E-02         1.0000000E+30               144       
 NEXT SEEDS:1693F5DD       2       0       0       0       0      38    3039       0       0
  Comptn_2: TXYZ:  0.99999999999851064       U,V,W   4.3721644068511978E-002  0.99486891766489893       -9.1237352563133811E-002
       1400                   753                   753             2.9706761E-02         1.0000000E+30               147       
 NEXT SEEDS:17D05424       2       0       0       0       0      38    3039       0       0
       1440                   713                   713             2.9588249E-02         1.0000000E+30               148       
 NEXT SEEDS:18815728       2       0       0       0       0      38    3039       0       0
       1480                   673                   673             2.9879562E-02         1.0000000E+30               151       
 NEXT SEEDS:19AC8EA1       2       0       0       0       0      38    3039       0       0
       1520                   633                   633             2.9372431E-02         1.0000000E+30               151       
 NEXT SEEDS:19F8DE72       2       0       0       0       0      38    3039       0       0
  *** Kaon: P_min > 1.5 GeV/c:           24   1.9957806738075514     
  *** Kaon: P_min > 1.5 GeV/c:           15   1.7292075423124191     
       1560                   593                   593             2.9422789E-02         1.0000000E+30               522       
 NEXT SEEDS:1ADA55C4       2       0       0       0       0      38    3039       0       0
       1600                   553                   553             2.9099660E-02         1.0000000E+30               527       
 NEXT SEEDS:1B4EDFD7       2       0       0       0       0      38    3039       0       0
       1640                   513                   513             2.8577086E-02         1.0000000E+30               527       
 NEXT SEEDS:1B84852F       2       0       0       0       0      38    3039       0       0
       1680                   473                   473             2.8413184E-02         1.0000000E+30               528       
 NEXT SEEDS:1C1D25B2       2       0       0       0       0      38    3039       0       0
       1720                   433                   433             2.8358608E-02         1.0000000E+30               536       
 NEXT SEEDS:1CDD6B97       2       0       0       0       0      38    3039       0       0
       1760                   393                   393             2.8361089E-02         1.0000000E+30               562       
 NEXT SEEDS:1DAE6D48       2       0       0       0       0      38    3039       0       0
       1800                   353                   353             2.8030268E-02         1.0000000E+30               565       
 NEXT SEEDS:1E105BE5       2       0       0       0       0      38    3039       0       0
       1840                   313                   313             2.7755314E-02         1.0000000E+30               565       
 NEXT SEEDS:1E7FF6F4       2       0       0       0       0      38    3039       0       0
       1880                   273                   273             2.7559039E-02         1.0000000E+30               572       
 NEXT SEEDS:1F05EB3B       2       0       0       0       0      38    3039       0       0
       1920                   233                   233             2.7301282E-02         1.0000000E+30               574       
 NEXT SEEDS:1F71F4AC       2       0       0       0       0      38    3039       0       0
       1960                   193                   193             2.7036538E-02         1.0000000E+30               575       
 NEXT SEEDS:1FDBC579       2       0       0       0       0      38    3039       0       0
       2000                   153                   153             2.6712023E-02         1.0000000E+30               578       
 NEXT SEEDS:20293938       2       0       0       0       0      38    3039       0       0
       2040                   113                   113             2.6446371E-02         1.0000000E+30               579       
 NEXT SEEDS:20885BE6       2       0       0       0       0      38    3039       0       0
       2080                    73                    73             2.6171550E-02         1.0000000E+30               579       
 NEXT SEEDS:20DFFBDA       2       0       0       0       0      38    3039       0       0
       2103                    50                    50             2.6009885E-02         1.0000000E+30               593       
 NEXT SEEDS:21111C91       2       0       0       0       0      38    3039       0       0
       2104                    49                    49             2.5997588E-02         1.0000000E+30               593       
 NEXT SEEDS:21111CA1       2       0       0       0       0      38    3039       0       0
       2105                    48                    48             2.5985290E-02         1.0000000E+30               593       
 NEXT SEEDS:21111CA5       2       0       0       0       0      38    3039       0       0
       2106                    47                    47             2.5983425E-02         1.0000000E+30               593       
 NEXT SEEDS:211506EC       2       0       0       0       0      38    3039       0       0
       2107                    46                    46             2.5985374E-02         1.0000000E+30               593       
 NEXT SEEDS:211A1F15       2       0       0       0       0      38    3039       0       0
       2108                    45                    45             2.5981360E-02         1.0000000E+30               593       
 NEXT SEEDS:211D5760       2       0       0       0       0      38    3039       0       0
       2109                    44                    44             2.5969108E-02         1.0000000E+30               593       
 NEXT SEEDS:211D57B1       2       0       0       0       0      38    3039       0       0
       2110                    43                    43             2.5956856E-02         1.0000000E+30               593       
 NEXT SEEDS:211D57B5       2       0       0       0       0      38    3039       0       0
       2111                    42                    42             2.5944611E-02         1.0000000E+30               593       
 NEXT SEEDS:211D57B9       2       0       0       0       0      38    3039       0       0
       2112                    41                    41             2.5938780E-02         1.0000000E+30               593       
 NEXT SEEDS:211F9130       2       0       0       0       0      38    3039       0       0
       2113                    40                    40             2.5926566E-02         1.0000000E+30               593       
 NEXT SEEDS:211F9147       2       0       0       0       0      38    3039       0       0
       2114                    39                    39             2.5914354E-02         1.0000000E+30               593       
 NEXT SEEDS:211F914B       2       0       0       0       0      38    3039       0       0
       2115                    38                    38             2.5927493E-02         1.0000000E+30               593       
 NEXT SEEDS:21293E87       2       0       0       0       0      38    3039       0       0
       2116                    37                    37             2.5919766E-02         1.0000000E+30               593       
 NEXT SEEDS:212B0EFB       2       0       0       0       0      38    3039       0       0
       2117                    36                    36             2.5930231E-02         1.0000000E+30               593       
 NEXT SEEDS:2134246D       2       0       0       0       0      38    3039       0       0
       2118                    35                    35             2.5918044E-02         1.0000000E+30               593       
 NEXT SEEDS:21342471       2       0       0       0       0      38    3039       0       0
       2119                    34                    34             2.5905870E-02         1.0000000E+30               593       
 NEXT SEEDS:21342487       2       0       0       0       0      38    3039       0       0
       2120                    33                    33             2.5893701E-02         1.0000000E+30               593       
 NEXT SEEDS:2134248B       2       0       0       0       0      38    3039       0       0
       2121                    32                    32             2.5881568E-02         1.0000000E+30               593       
 NEXT SEEDS:213425B4       2       0       0       0       0      38    3039       0       0
       2122                    31                    31             2.5869422E-02         1.0000000E+30               593       
 NEXT SEEDS:213425B8       2       0       0       0       0      38    3039       0       0
       2123                    30                    30             2.5857287E-02         1.0000000E+30               593       
 NEXT SEEDS:213425BC       2       0       0       0       0      38    3039       0       0
       2124                    29                    29             2.5845170E-02         1.0000000E+30               593       
 NEXT SEEDS:213425D5       2       0       0       0       0      38    3039       0       0
       2125                    28                    28             2.5833060E-02         1.0000000E+30               593       
 NEXT SEEDS:213425ED       2       0       0       0       0      38    3039       0       0
       2126                    27                    27             2.5835202E-02         1.0000000E+30               593       
 NEXT SEEDS:21398977       2       0       0       0       0      38    3039       0       0
       2127                    26                    26             2.5823115E-02         1.0000000E+30               593       
 NEXT SEEDS:2139897B       2       0       0       0       0      38    3039       0       0
       2128                    25                    25             2.5831248E-02         1.0000000E+30               593       
 NEXT SEEDS:2141A768       2       0       0       0       0      38    3039       0       0
       2129                    24                    24             2.5819591E-02         1.0000000E+30               593       
 NEXT SEEDS:2141CA9E       2       0       0       0       0      38    3039       0       0
       2130                    23                    23             2.5827693E-02         1.0000000E+30               615       
 NEXT SEEDS:214974DC       2       0       0       0       0      38    3039       0       0
       2131                    22                    22             2.5815632E-02         1.0000000E+30               615       
 NEXT SEEDS:214974E0       2       0       0       0       0      38    3039       0       0
       2132                    21                    21             2.5803902E-02         1.0000000E+30               615       
 NEXT SEEDS:214990D6       2       0       0       0       0      38    3039       0       0
       2133                    20                    20             2.5800783E-02         1.0000000E+30               615       
 NEXT SEEDS:214D2A8A       2       0       0       0       0      38    3039       0       0
       2134                    19                    19             2.5790494E-02         1.0000000E+30               615       
 NEXT SEEDS:214DC019       2       0       0       0       0      38    3039       0       0
       2135                    18                    18             2.5800143E-02         1.0000000E+30               615       
 NEXT SEEDS:2155F936       2       0       0       0       0      38    3039       0       0
       2136                    17                    17             2.5792929E-02         1.0000000E+30               615       
 NEXT SEEDS:2157F58E       2       0       0       0       0      38    3039       0       0
       2137                    16                    16             2.5799122E-02         1.0000000E+30               615       
 NEXT SEEDS:215EF926       2       0       0       0       0      38    3039       0       0
       2138                    15                    15             2.5820794E-02         1.0000000E+30               615       
 NEXT SEEDS:216BD0C4       2       0       0       0       0      38    3039       0       0
       2139                    14                    14             2.5836119E-02         1.0000000E+30               640       
 NEXT SEEDS:2176685E       2       0       0       0       0      38    3039       0       0
       2140                    13                    13             2.5824110E-02         1.0000000E+30               640       
 NEXT SEEDS:21766862       2       0       0       0       0      38    3039       0       0
       2141                    12                    12             2.5812098E-02         1.0000000E+30               640       
 NEXT SEEDS:21766866       2       0       0       0       0      38    3039       0       0
       2142                    11                    11             2.5800110E-02         1.0000000E+30               640       
 NEXT SEEDS:217668B6       2       0       0       0       0      38    3039       0       0
       2143                    10                    10             2.5810884E-02         1.0000000E+30               645       
 NEXT SEEDS:217F492E       2       0       0       0       0      38    3039       0       0
       2144                     9                     9             2.5821051E-02         1.0000000E+30               645       
 NEXT SEEDS:2188111B       2       0       0       0       0      38    3039       0       0
       2145                     8                     8             2.5809205E-02         1.0000000E+30               645       
 NEXT SEEDS:21881BD7       2       0       0       0       0      38    3039       0       0
       2146                     7                     7             2.5797239E-02         1.0000000E+30               645       
 NEXT SEEDS:21881BF1       2       0       0       0       0      38    3039       0       0
       2147                     6                     6             2.5785273E-02         1.0000000E+30               645       
 NEXT SEEDS:21881BF5       2       0       0       0       0      38    3039       0       0
       2148                     5                     5             2.5773318E-02         1.0000000E+30               645       
 NEXT SEEDS:21881BF9       2       0       0       0       0      38    3039       0       0
       2149                     4                     4             2.5763601E-02         1.0000000E+30               645       
 NEXT SEEDS:2188C607       2       0       0       0       0      38    3039       0       0
       2150                     3                     3             2.5751673E-02         1.0000000E+30               645       
 NEXT SEEDS:2188C60B       2       0       0       0       0      38    3039       0       0
       2151                     2                     2             2.5739752E-02         1.0000000E+30               645       
 NEXT SEEDS:2188C60F       2       0       0       0       0      38    3039       0       0
       2152                     1                     1             2.5727841E-02         1.0000000E+30               645       
 NEXT SEEDS:2188C613       2       0       0       0       0      38    3039       0       0
       2153                     0                     1             2.5715939E-02         1.0000000E+30               645       
 NEXT SEEDS:2188C617       2       0       0       0       0      38    3039       0       0
