1NUMBER OF BEAM       NUMBER OF BEAM        APPROXIMATE NUMBER    AVERAGE TIME USED     TIME LEFT (RESERVED   NUMBER OF STARS
 PARTICLES HANDLED    PARTICLES LEFT        OF BEAM PARTICLES     BY A BEAM PARTICLE     10000.0 SECONDS      CREATED
                                            THAT CAN STILL BE                           FOR PRINTOUT)
                                            HANDLED

 NEXT SEEDS:22C615C9       6       0       0       0       0      26    3039       0       0
          1                  2846                  2846             8.2969666E-05         1.0000000E+30                 0       
 NEXT SEEDS:22C615CD       6       0       0       0       0      26    3039       0       0
         50                  2797                  2797             9.5553923E-02         1.0000000E+30                84       
 NEXT SEEDS:26284689       6       0       0       0       0      26    3039       0       0
        100                  2747                  2747             6.7185612E-02         1.0000000E+30                86       
 NEXT SEEDS:27825856       6       0       0       0       0      26    3039       0       0
        150                  2697                  2697             5.4710064E-02         1.0000000E+30               101       
 NEXT SEEDS:288C9399       6       0       0       0       0      26    3039       0       0
  Comptn_2: TXYZ:   1.0000000000035090       U,V,W -0.60289073862555398      -0.63854773098904616       0.47830905545659874     
        200                  2647                  2647             5.1417227E-02         1.0000000E+30               102       
 NEXT SEEDS:29FAA672       6       0       0       0       0      26    3039       0       0
        250                  2597                  2597             4.5975353E-02         1.0000000E+30               107       
 NEXT SEEDS:2AD34550       6       0       0       0       0      26    3039       0       0
        300                  2547                  2547             4.5078119E-02         1.0000000E+30               110       
 NEXT SEEDS:2C46B303       6       0       0       0       0      26    3039       0       0
  Comptn_2: TXYZ:   1.0000000000010667       U,V,W -0.35411501103973109       0.81788659634254834       0.45350201155077485     
        350                  2497                  2497             4.5152356E-02         1.0000000E+30               116       
 NEXT SEEDS:2DD98FB0       6       0       0       0       0      26    3039       0       0
        400                  2447                  2447             4.5416305E-02         1.0000000E+30               126       
 NEXT SEEDS:2F7B7954       6       0       0       0       0      26    3039       0       0
        450                  2397                  2397             4.7936471E-02         1.0000000E+30               136       
 NEXT SEEDS:31E566F8       6       0       0       0       0      26    3039       0       0
  *** Kbar: P_min > 1.8 GeV/c:           25   3.0989380135681408     
  *** Kbar: P_min > 1.8 GeV/c:           25   2.9314365813431809     
        500                  2347                  2347             5.1390169E-02         1.0000000E+30               173       
 NEXT SEEDS:34CE245D       6       0       0       0       0      26    3039       0       0
  *** Kaon: P_min > 1.5 GeV/c:           15   2.0388464132228505     
  *** Hhflev: call to Hadriv !! ***  0.66611740836166666        3.5000000000000000        1.4754583422761098               13 T F T
        550                  2297                  2297             5.7056491E-02         1.0000000E+30               373       
 NEXT SEEDS:38C760D9       6       0       0       0       0      26    3039       0       0
        600                  2247                  2247             5.5543806E-02         1.0000000E+30               379       
 NEXT SEEDS:3A22F809       6       0       0       0       0      26    3039       0       0
        650                  2197                  2197             5.4187577E-02         1.0000000E+30               397       
 NEXT SEEDS:3B75B49E       6       0       0       0       0      26    3039       0       0
        700                  2147                  2147             5.3745358E-02         1.0000000E+30               412       
 NEXT SEEDS: 17DCB4F       7       0       0       0       0      26    3039       0       0
        750                  2097                  2097             5.2803295E-02         1.0000000E+30               417       
 NEXT SEEDS: 2DF576B       7       0       0       0       0      26    3039       0       0
  *** Kaon: P_min > 1.5 GeV/c:           24   1.7112356914738323     
  *** Kaon: P_min > 1.5 GeV/c:           15   17.142141428540381     
  *** Kaon: P_min > 1.5 GeV/c:           15   15.844238404810282     
  *** Kaon: P_min > 1.5 GeV/c:           15   18.671847061527679     
  *** Kaon: P_min > 1.5 GeV/c:           24   3.1085896091901204     
  *** Kaon: P_min > 1.5 GeV/c:           24   2.9166735852521581     
  *** Kaon: P_min > 1.5 GeV/c:           24   2.2661250066982834     
  *** Kaon: P_min > 1.5 GeV/c:           24   2.2654169833724067     
  *** Kaon: P_min > 1.5 GeV/c:           24   2.9318441125587884     
  *** Kaon: P_min > 1.5 GeV/c:           24   2.2571537770081584     
  *** Kaon: P_min > 1.5 GeV/c:           24   2.3757729403751386     
  *** Kaon: P_min > 1.5 GeV/c:           24   2.2563759069991627     
  *** Kaon: P_min > 1.5 GeV/c:           24   1.6994972340303165     
  *** Kaon: P_min > 1.5 GeV/c:           24   2.2026438864655087     
  *** Kaon: P_min > 1.5 GeV/c:           15   1.8657003630362836     
  *** Kaon: P_min > 1.5 GeV/c:           15   1.6692223814928517     
  *** Kbar: P_min > 1.8 GeV/c:           16   2.4391035856709489     
        800                  2047                  2047             5.3900777E-02         1.0000000E+30               780       
 NEXT SEEDS: 54FA231       7       0       0       0       0      26    3039       0       0
  Comptn_2: TXYZ:  0.99999999999563860       U,V,W -0.57848144383125799      -0.79115519043095617       0.19857664463047797     
        850                  1997                  1997             5.2985383E-02         1.0000000E+30               786       
 NEXT SEEDS: 6A4031F       7       0       0       0       0      26    3039       0       0
        900                  1947                  1947             5.2831316E-02         1.0000000E+30               869       
 NEXT SEEDS: 85F7D1B       7       0       0       0       0      26    3039       0       0
  Comptn_2: TXYZ:  0.99999999999773470       U,V,W -0.14220550751002747      -0.44937634502232854      -0.88195152597289805     
        950                  1897                  1897             6.0061133E-02         1.0000000E+30               876       
 NEXT SEEDS: EF5713C       7       0       0       0       0      26    3039       0       0
  Comptn_2: TXYZ:   1.0000000000011462       U,V,W  0.96760550820014757       0.10592646766565395      -0.22917060009904766     
       1000                  1847                  1847             6.1219865E-02         1.0000000E+30               879       
 NEXT SEEDS:11E1B70C       7       0       0       0       0      26    3039       0       0
       1050                  1797                  1797             6.1668771E-02         1.0000000E+30               891       
 NEXT SEEDS:14578BEE       7       0       0       0       0      26    3039       0       0
       1100                  1747                  1747             6.0550403E-02         1.0000000E+30               891       
 NEXT SEEDS:15A29823       7       0       0       0       0      26    3039       0       0
       1150                  1697                  1697             6.0473232E-02         1.0000000E+30               893       
 NEXT SEEDS:17AD9383       7       0       0       0       0      26    3039       0       0
       1200                  1647                  1647             6.0603006E-02         1.0000000E+30               911       
 NEXT SEEDS:19DC7065       7       0       0       0       0      26    3039       0       0
  Comptn_2: TXYZ:   1.0000000000020410       U,V,W -0.66496418848544181       0.74615282619379819        3.2841863481635869E-002
       1250                  1597                  1597             6.1708146E-02         1.0000000E+30               991       
 NEXT SEEDS:1CE630E8       7       0       0       0       0      26    3039       0       0
       1300                  1547                  1547             6.1100638E-02         1.0000000E+30               998       
 NEXT SEEDS:1E7E5150       7       0       0       0       0      26    3039       0       0
       1350                  1497                  1497             6.0319924E-02         1.0000000E+30               999       
 NEXT SEEDS:1FE4BB79       7       0       0       0       0      26    3039       0       0
  Comptn_2: TXYZ:  0.99999999999857514       U,V,W -0.52271494101287619        6.2942498800069302E-002  0.85018076447616941     
       1400                  1447                  1447             5.9547139E-02         1.0000000E+30               999       
 NEXT SEEDS:213E6683       7       0       0       0       0      26    3039       0       0
       1450                  1397                  1397             5.8797837E-02         1.0000000E+30              1004       
 NEXT SEEDS:228ECBA2       7       0       0       0       0      26    3039       0       0
  Comptn_2: TXYZ:  0.99999999998223355       U,V,W  0.45979137655203317      -0.44152133798331761      -0.77048737701278469     
  Comptn_2: TXYZ:   1.0000000000034457       U,V,W   2.7890444640192413E-002  0.83193881884312049       0.55416597225301700     
       1500                  1347                  1347             6.1880985E-02         1.0000000E+30              1006       
 NEXT SEEDS:27DF1163       7       0       0       0       0      26    3039       0       0
       1550                  1297                  1297             6.0722974E-02         1.0000000E+30              1008       
 NEXT SEEDS:28C7659B       7       0       0       0       0      26    3039       0       0
  Comptn_2: TXYZ:  0.99999999999871680       U,V,W  0.25054584636158239       0.93939389181487698      -0.23402114197348567     
  Comptn_2: TXYZ:   1.0000000000192737       U,V,W -0.86150743852587652       0.47410548531984631       0.18173860947385378     
       1600                  1247                  1247             6.0713008E-02         1.0000000E+30              1008       
 NEXT SEEDS:2AE26D60       7       0       0       0       0      26    3039       0       0
  Comptn_2: TXYZ:   1.0000000000033757       U,V,W -0.92546171521672971        3.4120493292732590E-002 -0.37730147840810929     
  Comptn_2: TXYZ:   1.0000000000017903       U,V,W   1.6933000030093126E-002  0.98505670373636856      -0.17139592741897758     
       1650                  1197                  1197             6.0699480E-02         1.0000000E+30              1017       
 NEXT SEEDS:2D046933       7       0       0       0       0      26    3039       0       0
       1700                  1147                  1147             6.0752342E-02         1.0000000E+30              1022       
 NEXT SEEDS:2F348403       7       0       0       0       0      26    3039       0       0
  Comptn_2: TXYZ:   1.0000000000012539       U,V,W  -2.0987436432491791E-002 -0.99956294889628228        2.0819190834760803E-002
       1750                  1097                  1097             6.0607455E-02         1.0000000E+30              1164       
 NEXT SEEDS:3122A071       7       0       0       0       0      26    3039       0       0
       1800                  1047                  1047             6.0033809E-02         1.0000000E+30              1229       
 NEXT SEEDS:328DC509       7       0       0       0       0      26    3039       0       0
  Comptn_2: TXYZ:  0.99999999998945699       U,V,W -0.65250996576065745       0.18180833397424578       0.73564697666067502     
       1850                   997                   997             6.0836176E-02         1.0000000E+30              1231       
 NEXT SEEDS:35B76093       7       0       0       0       0      26    3039       0       0
       1900                   947                   947             6.0806610E-02         1.0000000E+30              1238       
 NEXT SEEDS:37CBB12D       7       0       0       0       0      26    3039       0       0
       1950                   897                   897             6.0375678E-02         1.0000000E+30              1268       
 NEXT SEEDS:395740D0       7       0       0       0       0      26    3039       0       0
       2000                   847                   847             5.9824961E-02         1.0000000E+30              1274       
 NEXT SEEDS:3AB07561       7       0       0       0       0      26    3039       0       0
       2050                   797                   797             5.9669463E-02         1.0000000E+30              1275       
 NEXT SEEDS:  F6021A       8       0       0       0       0      26    3039       0       0
  Comptn_2: TXYZ:  0.99999999999853495       U,V,W  0.24677694642366887      -0.20940050930865084       0.94617787197419823     
  Comptn_2: TXYZ:  0.99999999999769196       U,V,W  0.72484985646157440      -0.65954389710022454      -0.19898375155568715     
       2100                   747                   747             5.9917227E-02         1.0000000E+30              1296       
 NEXT SEEDS: 369448C       8       0       0       0       0      26    3039       0       0
       2150                   697                   697             5.9289652E-02         1.0000000E+30              1302       
 NEXT SEEDS: 49933A4       8       0       0       0       0      26    3039       0       0
       2200                   647                   647             5.9341447E-02         1.0000000E+30              1305       
 NEXT SEEDS: 6C7F662       8       0       0       0       0      26    3039       0       0
  Comptn_2: TXYZ:   1.0000000000025093       U,V,W  0.98570119128559952        2.3480922803031490E-002 -0.16685864606000322     
       2250                   597                   597             6.0019486E-02         1.0000000E+30              1306       
 NEXT SEEDS: 9F62520       8       0       0       0       0      26    3039       0       0
       2300                   547                   547             5.9509180E-02         1.0000000E+30              1311       
 NEXT SEEDS: B41E06A       8       0       0       0       0      26    3039       0       0
       2350                   497                   497             5.9160418E-02         1.0000000E+30              1311       
 NEXT SEEDS: CC70795       8       0       0       0       0      26    3039       0       0
       2400                   447                   447             5.8799752E-02         1.0000000E+30              1311       
 NEXT SEEDS: E48CEEC       8       0       0       0       0      26    3039       0       0
       2450                   397                   397             5.8500318E-02         1.0000000E+30              1313       
 NEXT SEEDS: FD95955       8       0       0       0       0      26    3039       0       0
       2500                   347                   347             5.7928182E-02         1.0000000E+30              1315       
 NEXT SEEDS:10EAA170       8       0       0       0       0      26    3039       0       0
       2550                   297                   297             5.7661177E-02         1.0000000E+30              1318       
 NEXT SEEDS:127DE1C2       8       0       0       0       0      26    3039       0       0
       2600                   247                   247             5.7734136E-02         1.0000000E+30              1323       
 NEXT SEEDS:14ABF606       8       0       0       0       0      26    3039       0       0
       2650                   197                   197             5.7717160E-02         1.0000000E+30              1329       
 NEXT SEEDS:16A9804D       8       0       0       0       0      26    3039       0       0
  Comptn_2: TXYZ:  0.99999999999810563       U,V,W  0.89045828698055995      -0.17578298171365248       0.41974323399622548     
       2700                   147                   147             5.8148596E-02         1.0000000E+30              1333       
 NEXT SEEDS:198DA934       8       0       0       0       0      26    3039       0       0
       2750                    97                    97             5.8533554E-02         1.0000000E+30              1437       
 NEXT SEEDS:1C710201       8       0       0       0       0      26    3039       0       0
       2797                    50                    50             5.8529449E-02         1.0000000E+30              1445       
 NEXT SEEDS:1E6542C2       8       0       0       0       0      26    3039       0       0
       2798                    49                    49             5.8508601E-02         1.0000000E+30              1445       
 NEXT SEEDS:1E6542C6       8       0       0       0       0      26    3039       0       0
       2799                    48                    48             5.8487736E-02         1.0000000E+30              1445       
 NEXT SEEDS:1E6542CA       8       0       0       0       0      26    3039       0       0
       2800                    47                    47             5.8466886E-02         1.0000000E+30              1445       
 NEXT SEEDS:1E6542CE       8       0       0       0       0      26    3039       0       0
       2801                    46                    46             5.8446050E-02         1.0000000E+30              1445       
 NEXT SEEDS:1E6542D2       8       0       0       0       0      26    3039       0       0
       2802                    45                    45             5.8429837E-02         1.0000000E+30              1445       
 NEXT SEEDS:1E67C1FE       8       0       0       0       0      26    3039       0       0
       2803                    44                    44             5.8418115E-02         1.0000000E+30              1445       
 NEXT SEEDS:1E6C73D9       8       0       0       0       0      26    3039       0       0
       2804                    43                    43             5.8397325E-02         1.0000000E+30              1445       
 NEXT SEEDS:1E6C73DD       8       0       0       0       0      26    3039       0       0
       2805                    42                    42             5.8376544E-02         1.0000000E+30              1445       
 NEXT SEEDS:1E6C73E1       8       0       0       0       0      26    3039       0       0
       2806                    41                    41             5.8355772E-02         1.0000000E+30              1445       
 NEXT SEEDS:1E6C73E5       8       0       0       0       0      26    3039       0       0
       2807                    40                    40             5.8380384E-02         1.0000000E+30              1445       
 NEXT SEEDS:1E837D4A       8       0       0       0       0      26    3039       0       0
       2808                    39                    39             5.8404033E-02         1.0000000E+30              1445       
 NEXT SEEDS:1E9A4B04       8       0       0       0       0      26    3039       0       0
       2809                    38                    38             5.8383285E-02         1.0000000E+30              1445       
 NEXT SEEDS:1E9A4B08       8       0       0       0       0      26    3039       0       0
       2810                    37                    37             5.8362546E-02         1.0000000E+30              1445       
 NEXT SEEDS:1E9A4B0C       8       0       0       0       0      26    3039       0       0
       2811                    36                    36             5.8341822E-02         1.0000000E+30              1445       
 NEXT SEEDS:1E9A4B10       8       0       0       0       0      26    3039       0       0
       2812                    35                    35             5.8330993E-02         1.0000000E+30              1445       
 NEXT SEEDS:1E9F676E       8       0       0       0       0      26    3039       0       0
       2813                    34                    34             5.8310295E-02         1.0000000E+30              1445       
 NEXT SEEDS:1E9F6772       8       0       0       0       0      26    3039       0       0
       2814                    33                    33             5.8303607E-02         1.0000000E+30              1445       
 NEXT SEEDS:1EA7058C       8       0       0       0       0      26    3039       0       0
       2815                    32                    32             5.8294620E-02         1.0000000E+30              1445       
 NEXT SEEDS:1EAD293D       8       0       0       0       0      26    3039       0       0
       2816                    31                    31             5.8301803E-02         1.0000000E+30              1445       
 NEXT SEEDS:1EBB6D4A       8       0       0       0       0      26    3039       0       0
       2817                    30                    30             5.8294681E-02         1.0000000E+30              1445       
 NEXT SEEDS:1EC265AC       8       0       0       0       0      26    3039       0       0
       2818                    29                    29             5.8284309E-02         1.0000000E+30              1445       
 NEXT SEEDS:1EC7F32F       8       0       0       0       0      26    3039       0       0
       2819                    28                    28             5.8263677E-02         1.0000000E+30              1445       
 NEXT SEEDS:1EC7F333       8       0       0       0       0      26    3039       0       0
       2820                    27                    27             5.8259503E-02         1.0000000E+30              1445       
 NEXT SEEDS:1ED0569E       8       0       0       0       0      26    3039       0       0
       2821                    26                    26             5.8243216E-02         1.0000000E+30              1445       
 NEXT SEEDS:1ED2B92B       8       0       0       0       0      26    3039       0       0
       2822                    25                    25             5.8247347E-02         1.0000000E+30              1445       
 NEXT SEEDS:1EDF4114       8       0       0       0       0      26    3039       0       0
       2823                    24                    24             5.8226757E-02         1.0000000E+30              1445       
 NEXT SEEDS:1EDF4118       8       0       0       0       0      26    3039       0       0
       2824                    23                    23             5.8206176E-02         1.0000000E+30              1445       
 NEXT SEEDS:1EDF411C       8       0       0       0       0      26    3039       0       0
       2825                    22                    22             5.8203543E-02         1.0000000E+30              1445       
 NEXT SEEDS:1EE8F780       8       0       0       0       0      26    3039       0       0
       2826                    21                    21             5.8182990E-02         1.0000000E+30              1445       
 NEXT SEEDS:1EE8F784       8       0       0       0       0      26    3039       0       0
       2827                    20                    20             5.8188959E-02         1.0000000E+30              1445       
 NEXT SEEDS:1EF771B7       8       0       0       0       0      26    3039       0       0
       2828                    19                    19             5.8211084E-02         1.0000000E+30              1445       
 NEXT SEEDS:1F0E3621       8       0       0       0       0      26    3039       0       0
       2829                    18                    18             5.8190551E-02         1.0000000E+30              1445       
 NEXT SEEDS:1F0E3625       8       0       0       0       0      26    3039       0       0
       2830                    17                    17             5.8170026E-02         1.0000000E+30              1445       
 NEXT SEEDS:1F0E3629       8       0       0       0       0      26    3039       0       0
       2831                    16                    16             5.8149517E-02         1.0000000E+30              1445       
 NEXT SEEDS:1F0E362D       8       0       0       0       0      26    3039       0       0
       2832                    15                    15             5.8129021E-02         1.0000000E+30              1445       
 NEXT SEEDS:1F0E3631       8       0       0       0       0      26    3039       0       0
       2833                    14                    14             5.8125711E-02         1.0000000E+30              1445       
 NEXT SEEDS:1F16FE5B       8       0       0       0       0      26    3039       0       0
       2834                    13                    13             5.8105244E-02         1.0000000E+30              1445       
 NEXT SEEDS:1F16FE5F       8       0       0       0       0      26    3039       0       0
       2835                    12                    12             5.8112419E-02         1.0000000E+30              1445       
 NEXT SEEDS:1F253FAA       8       0       0       0       0      26    3039       0       0
       2836                    11                    11             5.8097642E-02         1.0000000E+30              1445       
 NEXT SEEDS:1F286201       8       0       0       0       0      26    3039       0       0
       2837                    10                    10             5.8077206E-02         1.0000000E+30              1445       
 NEXT SEEDS:1F286205       8       0       0       0       0      26    3039       0       0
       2838                     9                     9             5.8065807E-02         1.0000000E+30              1445       
 NEXT SEEDS:1F2D3B82       8       0       0       0       0      26    3039       0       0
       2839                     8                     8             5.8045392E-02         1.0000000E+30              1445       
 NEXT SEEDS:1F2D3B86       8       0       0       0       0      26    3039       0       0
       2840                     7                     7             5.8076495E-02         1.0000000E+30              1445       
 NEXT SEEDS:1F474529       8       0       0       0       0      26    3039       0       0
       2841                     6                     6             5.8056096E-02         1.0000000E+30              1445       
 NEXT SEEDS:1F47452D       8       0       0       0       0      26    3039       0       0
       2842                     5                     5             5.8052698E-02         1.0000000E+30              1445       
 NEXT SEEDS:1F500DD6       8       0       0       0       0      26    3039       0       0
       2843                     4                     4             5.8054064E-02         1.0000000E+30              1445       
 NEXT SEEDS:1F5C11AF       8       0       0       0       0      26    3039       0       0
       2844                     3                     3             5.8041586E-02         1.0000000E+30              1445       
 NEXT SEEDS:1F607E19       8       0       0       0       0      26    3039       0       0
       2845                     2                     2             5.8021223E-02         1.0000000E+30              1445       
 NEXT SEEDS:1F607E1D       8       0       0       0       0      26    3039       0       0
       2846                     1                     1             5.8000873E-02         1.0000000E+30              1445       
 NEXT SEEDS:1F607E21       8       0       0       0       0      26    3039       0       0
       2847                     0                     1             5.8001826E-02         1.0000000E+30              1445       
 NEXT SEEDS:1F6ABFF3       8       0       0       0       0      26    3039       0       0
