1NUMBER OF BEAM       NUMBER OF BEAM        APPROXIMATE NUMBER    AVERAGE TIME USED     TIME LEFT (RESERVED   NUMBER OF STARS
 PARTICLES HANDLED    PARTICLES LEFT        OF BEAM PARTICLES     BY A BEAM PARTICLE     10000.0 SECONDS      CREATED
                                            THAT CAN STILL BE                           FOR PRINTOUT)
                                            HANDLED

 NEXT SEEDS:       0       0       0       0       0       0       2    3039       0       0
          1                  2152                  2152             9.1075897E-05         1.0000000E+30                 0       
 NEXT SEEDS:       4       0       0       0       0       0       2    3039       0       0
         40                  2113                  2113             1.8970650E-02         1.0000000E+30                 3       
 NEXT SEEDS:  8B8767       0       0       0       0       0       2    3039       0       0
         80                  2073                  2073             3.9507809E-02         1.0000000E+30                 4       
 NEXT SEEDS: 2385ACB       0       0       0       0       0       2    3039       0       0
        120                  2033                  2033             3.3700917E-02         1.0000000E+30                 9       
 NEXT SEEDS: 2D719E7       0       0       0       0       0       2    3039       0       0
        160                  1993                  1993             3.6856948E-02         1.0000000E+30                11       
 NEXT SEEDS: 41F4E21       0       0       0       0       0       2    3039       0       0
        200                  1953                  1953             3.1912574E-02         1.0000000E+30                11       
 NEXT SEEDS: 478C8C1       0       0       0       0       0       2    3039       0       0
        240                  1913                  1913             3.1984225E-02         1.0000000E+30                13       
 NEXT SEEDS: 56092F6       0       0       0       0       0       2    3039       0       0
  Comptn_2: TXYZ:   1.0000000000016382       U,V,W   2.1987537904031740E-002 -0.98481707615105485      -0.17219719713120929     
        280                  1873                  1873             3.1672613E-02         1.0000000E+30                28       
 NEXT SEEDS: 641BE9A       0       0       0       0       0       2    3039       0       0
        320                  1833                  1833             3.0972307E-02         1.0000000E+30                29       
 NEXT SEEDS: 702192D       0       0       0       0       0       2    3039       0       0
        360                  1793                  1793             2.9400920E-02         1.0000000E+30                33       
 NEXT SEEDS: 77DDF2D       0       0       0       0       0       2    3039       0       0
  Comptn_2: TXYZ:   1.0000000000129234       U,V,W  0.41323297924799363      -0.90796257665564184        6.9587816948072145E-002
        400                  1753                  1753             2.7974107E-02         1.0000000E+30                35       
 NEXT SEEDS: 7EBFEFE       0       0       0       0       0       2    3039       0       0
        440                  1713                  1713             2.7399526E-02         1.0000000E+30                38       
 NEXT SEEDS: 88C06C5       0       0       0       0       0       2    3039       0       0
        480                  1673                  1673             2.6165344E-02         1.0000000E+30                73       
 NEXT SEEDS: 8E7A4A1       0       0       0       0       0       2    3039       0       0
        520                  1633                  1633             2.5584088E-02         1.0000000E+30                74       
 NEXT SEEDS: 97073FC       0       0       0       0       0       2    3039       0       0
        560                  1593                  1593             2.6046053E-02         1.0000000E+30               103       
 NEXT SEEDS: A51CF74       0       0       0       0       0       2    3039       0       0
        600                  1553                  1553             2.5893909E-02         1.0000000E+30               105       
 NEXT SEEDS: AFF8CC8       0       0       0       0       0       2    3039       0       0
        640                  1513                  1513             2.5013028E-02         1.0000000E+30               105       
 NEXT SEEDS: B55D623       0       0       0       0       0       2    3039       0       0
        680                  1473                  1473             2.4494136E-02         1.0000000E+30               114       
 NEXT SEEDS: BCCB235       0       0       0       0       0       2    3039       0       0
        720                  1433                  1433             2.4498453E-02         1.0000000E+30               114       
 NEXT SEEDS: C813FAC       0       0       0       0       0       2    3039       0       0
        760                  1393                  1393             2.4255728E-02         1.0000000E+30               115       
 NEXT SEEDS: D145947       0       0       0       0       0       2    3039       0       0
        800                  1353                  1353             2.3975392E-02         1.0000000E+30               117       
 NEXT SEEDS: D987AB7       0       0       0       0       0       2    3039       0       0
  Eventv: Pla < 0.4 Poo   1.9532985839739843        5.0987155882460060               30  0.26444630917551454               11
        840                  1313                  1313             2.3960525E-02         1.0000000E+30               137       
 NEXT SEEDS: E43A1D2       0       0       0       0       0       2    3039       0       0
  *** Kaon: P_min > 1.5 GeV/c:           24   16.141434812657430     
  *** Kbar: P_min > 1.8 GeV/c:           16   8.6171061247028220     
  *** Kaon: P_min > 1.5 GeV/c:           24   3.7582704585629982     
  *** Kbar: P_min > 1.8 GeV/c:           25   2.0247779096126202     
  *** Kbar: P_min > 1.8 GeV/c:           25   2.0190954016621689     
  *** Kbar: P_min > 1.8 GeV/c:           25   2.4891584775293181     
  *** Kaon: P_min > 1.5 GeV/c:           24   3.7580686828908765     
  *** Kaon: P_min > 1.5 GeV/c:           24   3.8375147684947124     
  *** Kaon: P_min > 1.5 GeV/c:           24   2.6069813102157968     
  *** Kaon: P_min > 1.5 GeV/c:           24   2.6034982956964496     
  *** Kaon: P_min > 1.5 GeV/c:           24   2.5613810207582346     
  *** Kaon: P_min > 1.5 GeV/c:           24   2.2625095522558665     
  *** Kaon: P_min > 1.5 GeV/c:           24   2.2618249645397901     
  *** Kaon: P_min > 1.5 GeV/c:           24   3.1507050559005640     
  *** Kaon: P_min > 1.5 GeV/c:           24   1.8600283304533447     
  *** Kaon: P_min > 1.5 GeV/c:           24   1.5526752836760644     
  *** Kbar: P_min > 1.8 GeV/c:           16   8.5342800024971730     
  *** Kbar: P_min > 1.8 GeV/c:           16   8.7132308844668529     
  *** Kbar: P_min > 1.8 GeV/c:           16   7.1259165731304499     
        880                  1273                  1273             2.5884113E-02         1.0000000E+30               207       
 NEXT SEEDS:101DFF6E       0       0       0       0       0       2    3039       0       0
        920                  1233                  1233             2.5683503E-02         1.0000000E+30               211       
 NEXT SEEDS:10B7F99B       0       0       0       0       0       2    3039       0       0
        960                  1193                  1193             2.6230769E-02         1.0000000E+30               211       
 NEXT SEEDS:11D89167       0       0       0       0       0       2    3039       0       0
       1000                  1153                  1153             2.5948373E-02         1.0000000E+30               215       
 NEXT SEEDS:1267C432       0       0       0       0       0       2    3039       0       0
       1040                  1113                  1113             2.5806362E-02         1.0000000E+30               217       
 NEXT SEEDS:130F3459       0       0       0       0       0       2    3039       0       0
       1080                  1073                  1073             2.5699364E-02         1.0000000E+30               222       
 NEXT SEEDS:13B11D0E       0       0       0       0       0       2    3039       0       0
       1120                  1033                  1033             2.5762204E-02         1.0000000E+30               224       
 NEXT SEEDS:14732AF1       0       0       0       0       0       2    3039       0       0
  *** Kaon: P_min > 1.5 GeV/c:           15   1.6100719609505110     
       1160                   993                   993             2.5582668E-02         1.0000000E+30               244       
 NEXT SEEDS:150A4719       0       0       0       0       0       2    3039       0       0
  Comptn_2: TXYZ:   1.0000000000012719       U,V,W  0.49320078131641765       0.38044138429688701      -0.78231537273941854     
       1200                   953                   953             2.5908892E-02         1.0000000E+30               258       
 NEXT SEEDS:1615E922       0       0       0       0       0       2    3039       0       0
       1240                   913                   913             2.5607622E-02         1.0000000E+30               260       
 NEXT SEEDS:168FF071       0       0       0       0       0       2    3039       0       0
       1280                   873                   873             2.6599609E-02         1.0000000E+30               265       
 NEXT SEEDS:181B809B       0       0       0       0       0       2    3039       0       0
       1320                   833                   833             2.6424202E-02         1.0000000E+30               267       
 NEXT SEEDS:18B39687       0       0       0       0       0       2    3039       0       0
       1360                   793                   793             2.7508603E-02         1.0000000E+30               267       
 NEXT SEEDS:1A887669       0       0       0       0       0       2    3039       0       0
  Comptn_2: TXYZ:   1.0000000000082474       U,V,W -0.76113617363653319       0.64396648884027474       -7.7323259378488274E-002
       1400                   753                   753             2.8709937E-02         1.0000000E+30               560       
 NEXT SEEDS:1C9B26D9       0       0       0       0       0       2    3039       0       0
       1440                   713                   713             2.8813216E-02         1.0000000E+30               583       
 NEXT SEEDS:1D822FE2       0       0       0       0       0       2    3039       0       0
       1480                   673                   673             2.8470740E-02         1.0000000E+30               583       
 NEXT SEEDS:1DF638D5       0       0       0       0       0       2    3039       0       0
       1520                   633                   633             2.9315767E-02         1.0000000E+30               588       
 NEXT SEEDS:1FA1B1F8       0       0       0       0       0       2    3039       0       0
       1560                   593                   593             2.9059143E-02         1.0000000E+30               588       
 NEXT SEEDS:202E2917       0       0       0       0       0       2    3039       0       0
       1600                   553                   553             2.8861722E-02         1.0000000E+30               589       
 NEXT SEEDS:20C1866E       0       0       0       0       0       2    3039       0       0
       1640                   513                   513             2.8604560E-02         1.0000000E+30               594       
 NEXT SEEDS:214652D7       0       0       0       0       0       2    3039       0       0
       1680                   473                   473             2.8327344E-02         1.0000000E+30               595       
 NEXT SEEDS:21C39376       0       0       0       0       0       2    3039       0       0
  Comptn_2: TXYZ:   1.0000000000015592       U,V,W  0.35248961098494114      -0.49556695502464976      -0.79382899117936034     
       1720                   433                   433             2.8066147E-02         1.0000000E+30               596       
 NEXT SEEDS:223F83E8       0       0       0       0       0       2    3039       0       0
       1760                   393                   393             2.7924392E-02         1.0000000E+30               596       
 NEXT SEEDS:22E0FD82       0       0       0       0       0       2    3039       0       0
       1800                   353                   353             2.7786087E-02         1.0000000E+30               598       
 NEXT SEEDS:238094C2       0       0       0       0       0       2    3039       0       0
       1840                   313                   313             2.8087093E-02         1.0000000E+30               598       
 NEXT SEEDS:24BAAE6A       0       0       0       0       0       2    3039       0       0
       1880                   273                   273             2.7836255E-02         1.0000000E+30               598       
 NEXT SEEDS:25340B15       0       0       0       0       0       2    3039       0       0
       1920                   233                   233             2.8695712E-02         1.0000000E+30               606       
 NEXT SEEDS:273C5974       0       0       0       0       0       2    3039       0       0
       1960                   193                   193             2.9234599E-02         1.0000000E+30               618       
 NEXT SEEDS:28D1DC8A       0       0       0       0       0       2    3039       0       0
       2000                   153                   153             2.8879442E-02         1.0000000E+30               618       
 NEXT SEEDS:2924CDB1       0       0       0       0       0       2    3039       0       0
       2040                   113                   113             2.8521186E-02         1.0000000E+30               624       
 NEXT SEEDS:29720BD3       0       0       0       0       0       2    3039       0       0
  Eventv: ekin+am < pla,ij,igreyt   2.9794395495276484        2.9870020934369190               30           5
       2080                    73                    73             2.9200115E-02         1.0000000E+30               684       
 NEXT SEEDS:2B5636F8       0       0       0       0       0       2    3039       0       0
       2103                    50                    50             2.9058284E-02         1.0000000E+30               684       
 NEXT SEEDS:2B9BB2C1       0       0       0       0       0       2    3039       0       0
       2104                    49                    49             2.9057732E-02         1.0000000E+30               684       
 NEXT SEEDS:2BA0E648       0       0       0       0       0       2    3039       0       0
       2105                    48                    48             2.9044289E-02         1.0000000E+30               684       
 NEXT SEEDS:2BA1000B       0       0       0       0       0       2    3039       0       0
       2106                    47                    47             2.9030999E-02         1.0000000E+30               685       
 NEXT SEEDS:2BA1223F       0       0       0       0       0       2    3039       0       0
       2107                    46                    46             2.9017547E-02         1.0000000E+30               685       
 NEXT SEEDS:2BA138E8       0       0       0       0       0       2    3039       0       0
       2108                    45                    45             2.9003832E-02         1.0000000E+30               685       
 NEXT SEEDS:2BA138EC       0       0       0       0       0       2    3039       0       0
       2109                    44                    44             2.8996311E-02         1.0000000E+30               685       
 NEXT SEEDS:2BA3AC74       0       0       0       0       0       2    3039       0       0
       2110                    43                    43             2.8985344E-02         1.0000000E+30               685       
 NEXT SEEDS:2BA4A00F       0       0       0       0       0       2    3039       0       0
       2111                    42                    42             2.8986296E-02         1.0000000E+30               685       
 NEXT SEEDS:2BAA4AE5       0       0       0       0       0       2    3039       0       0
       2112                    41                    41             2.8983132E-02         1.0000000E+30               685       
 NEXT SEEDS:2BAE7557       0       0       0       0       0       2    3039       0       0
       2113                    40                    40             2.8994482E-02         1.0000000E+30               685       
 NEXT SEEDS:2BB83442       0       0       0       0       0       2    3039       0       0
       2114                    39                    39             2.8981142E-02         1.0000000E+30               685       
 NEXT SEEDS:2BB84EF9       0       0       0       0       0       2    3039       0       0
       2115                    38                    38             2.8996754E-02         1.0000000E+30               685       
 NEXT SEEDS:2BC42643       0       0       0       0       0       2    3039       0       0
       2116                    37                    37             2.8983105E-02         1.0000000E+30               685       
 NEXT SEEDS:2BC42647       0       0       0       0       0       2    3039       0       0
       2117                    36                    36             2.8969722E-02         1.0000000E+30               686       
 NEXT SEEDS:2BC4392B       0       0       0       0       0       2    3039       0       0
       2118                    35                    35             2.8975006E-02         1.0000000E+30               686       
 NEXT SEEDS:2BCBC085       0       0       0       0       0       2    3039       0       0
       2119                    34                    34             2.8961388E-02         1.0000000E+30               686       
 NEXT SEEDS:2BCBC089       0       0       0       0       0       2    3039       0       0
       2120                    33                    33             2.8993009E-02         1.0000000E+30               687       
 NEXT SEEDS:2BDDBD9E       0       0       0       0       0       2    3039       0       0
       2121                    32                    32             2.8979780E-02         1.0000000E+30               687       
 NEXT SEEDS:2BDDDD56       0       0       0       0       0       2    3039       0       0
       2122                    31                    31             2.8966177E-02         1.0000000E+30               687       
 NEXT SEEDS:2BDDDD5A       0       0       0       0       0       2    3039       0       0
       2123                    30                    30             2.8964166E-02         1.0000000E+30               687       
 NEXT SEEDS:2BE2A761       0       0       0       0       0       2    3039       0       0
       2124                    29                    29             2.8955613E-02         1.0000000E+30               687       
 NEXT SEEDS:2BE46506       0       0       0       0       0       2    3039       0       0
       2125                    28                    28             2.8947495E-02         1.0000000E+30               687       
 NEXT SEEDS:2BE682F8       0       0       0       0       0       2    3039       0       0
       2126                    27                    27             2.8933935E-02         1.0000000E+30               687       
 NEXT SEEDS:2BE682FC       0       0       0       0       0       2    3039       0       0
       2127                    26                    26             2.8920593E-02         1.0000000E+30               687       
 NEXT SEEDS:2BE693EC       0       0       0       0       0       2    3039       0       0
       2128                    25                    25             2.8908141E-02         1.0000000E+30               687       
 NEXT SEEDS:2BE6EC6C       0       0       0       0       0       2    3039       0       0
       2129                    24                    24             2.8903939E-02         1.0000000E+30               687       
 NEXT SEEDS:2BEA93BB       0       0       0       0       0       2    3039       0       0
       2130                    23                    23             2.8918379E-02         1.0000000E+30               687       
 NEXT SEEDS:2BF5FA99       0       0       0       0       0       2    3039       0       0
       2131                    22                    22             2.8904866E-02         1.0000000E+30               687       
 NEXT SEEDS:2BF5FA9D       0       0       0       0       0       2    3039       0       0
       2132                    21                    21             2.8892325E-02         1.0000000E+30               687       
 NEXT SEEDS:2BF64A86       0       0       0       0       0       2    3039       0       0
       2133                    20                    20             2.8895355E-02         1.0000000E+30               688       
 NEXT SEEDS:2BFCC55F       0       0       0       0       0       2    3039       0       0
       2134                    19                    19             2.8887295E-02         1.0000000E+30               688       
 NEXT SEEDS:2BFEFE8B       0       0       0       0       0       2    3039       0       0
       2135                    18                    18             2.8906980E-02         1.0000000E+30               688       
 NEXT SEEDS:2C0C8BC6       0       0       0       0       0       2    3039       0       0
       2136                    17                    17             2.8893847E-02         1.0000000E+30               688       
 NEXT SEEDS:2C0CA54C       0       0       0       0       0       2    3039       0       0
       2137                    16                    16             2.8906181E-02         1.0000000E+30               688       
 NEXT SEEDS:2C15C65E       0       0       0       0       0       2    3039       0       0
       2138                    15                    15             2.8892718E-02         1.0000000E+30               688       
 NEXT SEEDS:2C15C662       0       0       0       0       0       2    3039       0       0
       2139                    14                    14             2.8905330E-02         1.0000000E+30               688       
 NEXT SEEDS:2C207C47       0       0       0       0       0       2    3039       0       0
       2140                    13                    13             2.8893167E-02         1.0000000E+30               688       
 NEXT SEEDS:2C20DC27       0       0       0       0       0       2    3039       0       0
       2141                    12                    12             2.8898762E-02         1.0000000E+30               688       
 NEXT SEEDS:2C289020       0       0       0       0       0       2    3039       0       0
       2142                    11                    11             2.8896240E-02         1.0000000E+30               688       
 NEXT SEEDS:2C2D0CB6       0       0       0       0       0       2    3039       0       0
       2143                    10                    10             2.8902982E-02         1.0000000E+30               688       
 NEXT SEEDS:2C351A25       0       0       0       0       0       2    3039       0       0
       2144                     9                     9             2.8891216E-02         1.0000000E+30               688       
 NEXT SEEDS:2C359C17       0       0       0       0       0       2    3039       0       0
       2145                     8                     8             2.8877800E-02         1.0000000E+30               688       
 NEXT SEEDS:2C359C1B       0       0       0       0       0       2    3039       0       0
       2146                     7                     7             2.8872083E-02         1.0000000E+30               688       
 NEXT SEEDS:2C38BAAE       0       0       0       0       0       2    3039       0       0
       2147                     6                     6             2.8859268E-02         1.0000000E+30               688       
 NEXT SEEDS:2C38EA9B       0       0       0       0       0       2    3039       0       0
       2148                     5                     5             2.8846476E-02         1.0000000E+30               688       
 NEXT SEEDS:2C391F77       0       0       0       0       0       2    3039       0       0
       2149                     4                     4             2.8843912E-02         1.0000000E+30               688       
 NEXT SEEDS:2C3D8EBB       0       0       0       0       0       2    3039       0       0
       2150                     3                     3             2.8846518E-02         1.0000000E+30               688       
 NEXT SEEDS:2C43C129       0       0       0       0       0       2    3039       0       0
       2151                     2                     2             2.8850012E-02         1.0000000E+30               688       
 NEXT SEEDS:2C4A6A56       0       0       0       0       0       2    3039       0       0
       2152                     1                     1             2.8836659E-02         1.0000000E+30               688       
 NEXT SEEDS:2C4A6A5A       0       0       0       0       0       2    3039       0       0
       2153                     0                     1             2.8823319E-02         1.0000000E+30               688       
 NEXT SEEDS:2C4A6A5E       0       0       0       0       0       2    3039       0       0
