1NUMBER OF BEAM       NUMBER OF BEAM        APPROXIMATE NUMBER    AVERAGE TIME USED     TIME LEFT (RESERVED   NUMBER OF STARS
 PARTICLES HANDLED    PARTICLES LEFT        OF BEAM PARTICLES     BY A BEAM PARTICLE     10000.0 SECONDS      CREATED
                                            THAT CAN STILL BE                           FOR PRINTOUT)
                                            HANDLED

 NEXT SEEDS:2BFF92BC       2       0       0       0       0       2    3039       0       0
          1                  2152                  2152             3.9799213E-03         1.0000000E+30                 0       
 NEXT SEEDS:2C00041D       2       0       0       0       0       2    3039       0       0
         40                  2113                  2113             2.3017073E-02         1.0000000E+30                 2       
 NEXT SEEDS:2CA7A664       2       0       0       0       0       2    3039       0       0
         80                  2073                  2073             2.1357921E-02         1.0000000E+30                 4       
 NEXT SEEDS:2D351742       2       0       0       0       0       2    3039       0       0
        120                  2033                  2033             2.1974415E-02         1.0000000E+30                 5       
 NEXT SEEDS:2DDF604F       2       0       0       0       0       2    3039       0       0
        160                  1993                  1993             2.6205863E-02         1.0000000E+30                 5       
 NEXT SEEDS:2F01AE54       2       0       0       0       0       2    3039       0       0
  Comptn_2: TXYZ:   1.0000000000010372       U,V,W -0.96404652381023226       -2.6297900383958961E-002 -0.26442904599502626     
        200                  1953                  1953             2.6698495E-02         1.0000000E+30                 6       
 NEXT SEEDS:2FCEB7B0       2       0       0       0       0       2    3039       0       0
        240                  1913                  1913             2.5395768E-02         1.0000000E+30                 6       
 NEXT SEEDS:30568253       2       0       0       0       0       2    3039       0       0
        280                  1873                  1873             2.8863983E-02         1.0000000E+30                 8       
 NEXT SEEDS:31BCE87B       2       0       0       0       0       2    3039       0       0
        320                  1833                  1833             2.8714464E-02         1.0000000E+30                12       
 NEXT SEEDS:328858E6       2       0       0       0       0       2    3039       0       0
        360                  1793                  1793             2.7520832E-02         1.0000000E+30                31       
 NEXT SEEDS:3309F370       2       0       0       0       0       2    3039       0       0
        400                  1753                  1753             2.7316151E-02         1.0000000E+30                74       
 NEXT SEEDS:33C4C94B       2       0       0       0       0       2    3039       0       0
        440                  1713                  1713             2.6638019E-02         1.0000000E+30                78       
 NEXT SEEDS:34541474       2       0       0       0       0       2    3039       0       0
  Comptn_2: TXYZ:  0.99999999999825384       U,V,W -0.81571541373014611        2.4239192238932006E-002 -0.57794534807446496     
        480                  1673                  1673             2.6797897E-02         1.0000000E+30                89       
 NEXT SEEDS:351EC2D9       2       0       0       0       0       2    3039       0       0
        520                  1633                  1633             2.6092645E-02         1.0000000E+30                89       
 NEXT SEEDS:359E87D2       2       0       0       0       0       2    3039       0       0
        560                  1593                  1593             2.5353551E-02         1.0000000E+30                90       
 NEXT SEEDS:360FA6A1       2       0       0       0       0       2    3039       0       0
        600                  1553                  1553             2.7874906E-02         1.0000000E+30                95       
 NEXT SEEDS:37E59FE8       2       0       0       0       0       2    3039       0       0
  Comptn_2: TXYZ:   1.0000000000078546       U,V,W -0.26820922810162529      -0.73564485365828514      -0.62200519230555074     
        640                  1513                  1513             2.9152429E-02         1.0000000E+30                97       
 NEXT SEEDS:394A7BEE       2       0       0       0       0       2    3039       0       0
  Comptn_2: TXYZ:   1.0000000000013074       U,V,W  0.16705030819207423       0.97868405529173153      -0.11946428107167151     
        680                  1473                  1473             2.9040850E-02         1.0000000E+30               102       
 NEXT SEEDS:3A09FB60       2       0       0       0       0       2    3039       0       0
        720                  1433                  1433             2.8510502E-02         1.0000000E+30               104       
 NEXT SEEDS:3A920FB5       2       0       0       0       0       2    3039       0       0
  Comptn_2: TXYZ:   1.0000000000028142       U,V,W  0.19440558451289291       0.70765327650942567      -0.67928882587489170     
        760                  1393                  1393             2.8698919E-02         1.0000000E+30               123       
 NEXT SEEDS:3B72D7EC       2       0       0       0       0       2    3039       0       0
        800                  1353                  1353             2.7883632E-02         1.0000000E+30               124       
 NEXT SEEDS:  305B18       3       0       0       0       0       2    3039       0       0
        840                  1313                  1313             2.9198068E-02         1.0000000E+30               124       
 NEXT SEEDS: 1955B31       3       0       0       0       0       2    3039       0       0
        880                  1273                  1273             2.8689916E-02         1.0000000E+30               128       
 NEXT SEEDS: 218F269       3       0       0       0       0       2    3039       0       0
        920                  1233                  1233             2.8186176E-02         1.0000000E+30               129       
 NEXT SEEDS: 2932D4C       3       0       0       0       0       2    3039       0       0
  Comptn_2: TXYZ:   1.0000000000032618       U,V,W -0.70847635364571637      -0.42111405974527827       0.56632517603668475     
  Comptn_2: TXYZ:  0.99999999999854361       U,V,W  0.29768929606332506       0.29951770268827571       0.90646027424493525     
  Comptn_2: TXYZ:  0.99999999999820788       U,V,W  0.34768818105025190       0.80650357018755869      -0.47818920944632026     
        960                  1193                  1193             2.9130574E-02         1.0000000E+30               130       
 NEXT SEEDS: 40B7865       3       0       0       0       0       2    3039       0       0
  Comptn_2: TXYZ:  0.99999999999860489       U,V,W -0.52070155560426690      -0.15228645816729625       0.84004685860299588     
       1000                  1153                  1153             2.9021067E-02         1.0000000E+30               131       
 NEXT SEEDS: 4C8ABB3       3       0       0       0       0       2    3039       0       0
       1040                  1113                  1113             2.8572835E-02         1.0000000E+30               132       
 NEXT SEEDS: 545D740       3       0       0       0       0       2    3039       0       0
       1080                  1073                  1073             2.8095267E-02         1.0000000E+30               133       
 NEXT SEEDS: 5B2B530       3       0       0       0       0       2    3039       0       0
       1120                  1033                  1033             2.7889814E-02         1.0000000E+30               138       
 NEXT SEEDS: 6517360       3       0       0       0       0       2    3039       0       0
  *** Kaon: P_min > 1.5 GeV/c:           24   2.4299686738913606     
       1160                   993                   993             2.8083769E-02         1.0000000E+30               224       
 NEXT SEEDS: 7462589       3       0       0       0       0       2    3039       0       0
       1200                   953                   953             2.7797276E-02         1.0000000E+30               225       
 NEXT SEEDS: 7CF9CB0       3       0       0       0       0       2    3039       0       0
       1240                   913                   913             2.7899435E-02         1.0000000E+30               242       
 NEXT SEEDS: 8AD399F       3       0       0       0       0       2    3039       0       0
       1280                   873                   873             2.7336148E-02         1.0000000E+30               242       
 NEXT SEEDS: 8F35DB0       3       0       0       0       0       2    3039       0       0
       1320                   833                   833             2.7085943E-02         1.0000000E+30               247       
 NEXT SEEDS: 977C629       3       0       0       0       0       2    3039       0       0
       1360                   793                   793             2.6899540E-02         1.0000000E+30               248       
 NEXT SEEDS: A0ABA1F       3       0       0       0       0       2    3039       0       0
       1400                   753                   753             2.6851101E-02         1.0000000E+30               254       
 NEXT SEEDS: AC1CE7B       3       0       0       0       0       2    3039       0       0
  Comptn_2: TXYZ:  0.99999999999834355       U,V,W -0.70827030135292901      -0.14030815164656474       0.69185750180315253     
       1440                   713                   713             2.7688567E-02         1.0000000E+30               255       
 NEXT SEEDS: C6521F2       3       0       0       0       0       2    3039       0       0
       1480                   673                   673             2.7684230E-02         1.0000000E+30               256       
 NEXT SEEDS: D2C3A90       3       0       0       0       0       2    3039       0       0
  Comptn_2: TXYZ:  0.99999999999866418       U,V,W -0.15520803154985430      -0.26278325783984258       0.95228957063498409     
       1520                   633                   633             2.8513868E-02         1.0000000E+30               257       
 NEXT SEEDS: EDCC63B       3       0       0       0       0       2    3039       0       0
  Comptn_2: TXYZ:   1.0000000000037890       U,V,W -0.11659897590584478      -0.36638796336768564       0.92312758550526297     
  Comptn_2: TXYZ:  0.99999999999898548       U,V,W -0.65436667082164490       0.66906650128706247       0.35235532771943667     
       1560                   593                   593             2.9908567E-02         1.0000000E+30               261       
 NEXT SEEDS:11483A92       3       0       0       0       0       2    3039       0       0
  *** Kbar: P_min > 1.8 GeV/c:           16   28.500547203589235     
  *** Kbar: P_min > 1.8 GeV/c:           16   27.619341452952792     
  *** Kaon: P_min > 1.5 GeV/c:           15   100.20255413569781     
  *** Kaon: P_min > 1.5 GeV/c:           15   99.614303841329672     
  *** Kaon: P_min > 1.5 GeV/c:           15   114.14208078807053     
  *** Kaon: P_min > 1.5 GeV/c:           24   13.038828153104593     
  *** Kaon: P_min > 1.5 GeV/c:           15   12.841803847845027     
  *** Kaon: P_min > 1.5 GeV/c:           15   11.592455543796365     
  *** Kaon: P_min > 1.5 GeV/c:           15   12.143958255279680     
       1600                   553                   553             3.0657711E-02         1.0000000E+30               485       
 NEXT SEEDS:12F885E2       3       0       0       0       0       2    3039       0       0
       1640                   513                   513             3.0345333E-02         1.0000000E+30               491       
 NEXT SEEDS:137B7323       3       0       0       0       0       2    3039       0       0
       1680                   473                   473             3.0181996E-02         1.0000000E+30               497       
 NEXT SEEDS:14257619       3       0       0       0       0       2    3039       0       0
       1720                   433                   433             3.0552174E-02         1.0000000E+30               499       
 NEXT SEEDS:157A7938       3       0       0       0       0       2    3039       0       0
       1760                   393                   393             3.0587123E-02         1.0000000E+30               505       
 NEXT SEEDS:165E4E49       3       0       0       0       0       2    3039       0       0
       1800                   353                   353             3.0319566E-02         1.0000000E+30               505       
 NEXT SEEDS:16E1A7BB       3       0       0       0       0       2    3039       0       0
       1840                   313                   313             3.0137896E-02         1.0000000E+30               509       
 NEXT SEEDS:1781941B       3       0       0       0       0       2    3039       0       0
       1880                   273                   273             2.9818243E-02         1.0000000E+30               510       
 NEXT SEEDS:17EC6B4C       3       0       0       0       0       2    3039       0       0
       1920                   233                   233             2.9473327E-02         1.0000000E+30               510       
 NEXT SEEDS:184A0770       3       0       0       0       0       2    3039       0       0
       1960                   193                   193             2.9218592E-02         1.0000000E+30               511       
 NEXT SEEDS:18C2AEDD       3       0       0       0       0       2    3039       0       0
       2000                   153                   153             2.9367460E-02         1.0000000E+30               516       
 NEXT SEEDS:19D257F4       3       0       0       0       0       2    3039       0       0
       2040                   113                   113             2.9044034E-02         1.0000000E+30               522       
 NEXT SEEDS:1A301F24       3       0       0       0       0       2    3039       0       0
  Comptn_2: TXYZ:   1.0000000000468825       U,V,W  0.13304306413760969      -0.48034117976442303      -0.86693246227966370     
       2080                    73                    73             2.9217440E-02         1.0000000E+30               524       
 NEXT SEEDS:1B4E659C       3       0       0       0       0       2    3039       0       0
       2103                    50                    50             2.9054093E-02         1.0000000E+30               525       
 NEXT SEEDS:1B8A5DA7       3       0       0       0       0       2    3039       0       0
       2104                    49                    49             2.9050234E-02         1.0000000E+30               525       
 NEXT SEEDS:1B8EED75       3       0       0       0       0       2    3039       0       0
       2105                    48                    48             2.9036490E-02         1.0000000E+30               525       
 NEXT SEEDS:1B8EED79       3       0       0       0       0       2    3039       0       0
       2106                    47                    47             2.9037593E-02         1.0000000E+30               525       
 NEXT SEEDS:1B94ED0B       3       0       0       0       0       2    3039       0       0
       2107                    46                    46             2.9055724E-02         1.0000000E+30               525       
 NEXT SEEDS:1BA1CD80       3       0       0       0       0       2    3039       0       0
       2108                    45                    45             2.9041998E-02         1.0000000E+30               525       
 NEXT SEEDS:1BA1CD84       3       0       0       0       0       2    3039       0       0
       2109                    44                    44             2.9034160E-02         1.0000000E+30               525       
 NEXT SEEDS:1BA3D4C7       3       0       0       0       0       2    3039       0       0
       2110                    43                    43             2.9032524E-02         1.0000000E+30               525       
 NEXT SEEDS:1BA88C03       3       0       0       0       0       2    3039       0       0
       2111                    42                    42             2.9020668E-02         1.0000000E+30               525       
 NEXT SEEDS:1BA921B4       3       0       0       0       0       2    3039       0       0
       2112                    41                    41             2.9006987E-02         1.0000000E+30               525       
 NEXT SEEDS:1BA921CC       3       0       0       0       0       2    3039       0       0
       2113                    40                    40             2.8993853E-02         1.0000000E+30               525       
 NEXT SEEDS:1BA950FC       3       0       0       0       0       2    3039       0       0
       2114                    39                    39             2.8980192E-02         1.0000000E+30               525       
 NEXT SEEDS:1BA95100       3       0       0       0       0       2    3039       0       0
       2115                    38                    38             2.8985832E-02         1.0000000E+30               525       
 NEXT SEEDS:1BB03373       3       0       0       0       0       2    3039       0       0
       2116                    37                    37             2.8972199E-02         1.0000000E+30               525       
 NEXT SEEDS:1BB03377       3       0       0       0       0       2    3039       0       0
       2117                    36                    36             2.8963506E-02         1.0000000E+30               525       
 NEXT SEEDS:1BB228A0       3       0       0       0       0       2    3039       0       0
       2118                    35                    35             2.8950161E-02         1.0000000E+30               525       
 NEXT SEEDS:1BB23D0F       3       0       0       0       0       2    3039       0       0
       2119                    34                    34             2.8936551E-02         1.0000000E+30               525       
 NEXT SEEDS:1BB23D13       3       0       0       0       0       2    3039       0       0
       2120                    33                    33             2.8923483E-02         1.0000000E+30               525       
 NEXT SEEDS:1BB26529       3       0       0       0       0       2    3039       0       0
       2121                    32                    32             2.8909900E-02         1.0000000E+30               525       
 NEXT SEEDS:1BB2652D       3       0       0       0       0       2    3039       0       0
       2122                    31                    31             2.8910685E-02         1.0000000E+30               525       
 NEXT SEEDS:1BB8233D       3       0       0       0       0       2    3039       0       0
       2123                    30                    30             2.8959376E-02         1.0000000E+30               525       
 NEXT SEEDS:1BCF84AB       3       0       0       0       0       2    3039       0       0
       2124                    29                    29             2.8952527E-02         1.0000000E+30               525       
 NEXT SEEDS:1BD232A8       3       0       0       0       0       2    3039       0       0
       2125                    28                    28             2.8938958E-02         1.0000000E+30               525       
 NEXT SEEDS:1BD232AC       3       0       0       0       0       2    3039       0       0
       2126                    27                    27             2.8925400E-02         1.0000000E+30               525       
 NEXT SEEDS:1BD232B0       3       0       0       0       0       2    3039       0       0
       2127                    26                    26             2.8912624E-02         1.0000000E+30               525       
 NEXT SEEDS:1BD27362       3       0       0       0       0       2    3039       0       0
       2128                    25                    25             2.8899091E-02         1.0000000E+30               525       
 NEXT SEEDS:1BD27366       3       0       0       0       0       2    3039       0       0
       2129                    24                    24             2.8885569E-02         1.0000000E+30               525       
 NEXT SEEDS:1BD2736A       3       0       0       0       0       2    3039       0       0
       2130                    23                    23             2.8872389E-02         1.0000000E+30               525       
 NEXT SEEDS:1BD28E92       3       0       0       0       0       2    3039       0       0
       2131                    22                    22             2.8874749E-02         1.0000000E+30               525       
 NEXT SEEDS:1BD8E1E2       3       0       0       0       0       2    3039       0       0
       2132                    21                    21             2.8872209E-02         1.0000000E+30               526       
 NEXT SEEDS:1BDD24AB       3       0       0       0       0       2    3039       0       0
       2133                    20                    20             2.8858734E-02         1.0000000E+30               526       
 NEXT SEEDS:1BDD24C1       3       0       0       0       0       2    3039       0       0
       2134                    19                    19             2.8846314E-02         1.0000000E+30               526       
 NEXT SEEDS:1BDD7C96       3       0       0       0       0       2    3039       0       0
       2135                    18                    18             2.8832858E-02         1.0000000E+30               526       
 NEXT SEEDS:1BDD7C9A       3       0       0       0       0       2    3039       0       0
       2136                    17                    17             2.8824674E-02         1.0000000E+30               526       
 NEXT SEEDS:1BDFAAA4       3       0       0       0       0       2    3039       0       0
       2137                    16                    16             2.8811239E-02         1.0000000E+30               526       
 NEXT SEEDS:1BDFAAA8       3       0       0       0       0       2    3039       0       0
       2138                    15                    15             2.8820846E-02         1.0000000E+30               526       
 NEXT SEEDS:1BE928C1       3       0       0       0       0       2    3039       0       0
       2139                    14                    14             2.8807433E-02         1.0000000E+30               526       
 NEXT SEEDS:1BE928C5       3       0       0       0       0       2    3039       0       0
       2140                    13                    13             2.8805729E-02         1.0000000E+30               527       
 NEXT SEEDS:1BEDE2C0       3       0       0       0       0       2    3039       0       0
       2141                    12                    12             2.8808364E-02         1.0000000E+30               527       
 NEXT SEEDS:1BF44E2E       3       0       0       0       0       2    3039       0       0
       2142                    11                    11             2.8829756E-02         1.0000000E+30               527       
 NEXT SEEDS:1C0129E1       3       0       0       0       0       2    3039       0       0
       2143                    10                    10             2.8851029E-02         1.0000000E+30               555       
 NEXT SEEDS:1C0F35A9       3       0       0       0       0       2    3039       0       0
       2144                     9                     9             2.8838046E-02         1.0000000E+30               555       
 NEXT SEEDS:1C0F553E       3       0       0       0       0       2    3039       0       0
       2145                     8                     8             2.8824662E-02         1.0000000E+30               555       
 NEXT SEEDS:1C0F5556       3       0       0       0       0       2    3039       0       0
       2146                     7                     7             2.8813249E-02         1.0000000E+30               555       
 NEXT SEEDS:1C0FF34A       3       0       0       0       0       2    3039       0       0
       2147                     6                     6             2.8808883E-02         1.0000000E+30               555       
 NEXT SEEDS:1C134BBC       3       0       0       0       0       2    3039       0       0
       2148                     5                     5             2.8795535E-02         1.0000000E+30               555       
 NEXT SEEDS:1C134BC0       3       0       0       0       0       2    3039       0       0
       2149                     4                     4             2.8782186E-02         1.0000000E+30               555       
 NEXT SEEDS:1C134BC4       3       0       0       0       0       2    3039       0       0
       2150                     3                     3             2.8782574E-02         1.0000000E+30               556       
 NEXT SEEDS:1C18B7E9       3       0       0       0       0       2    3039       0       0
       2151                     2                     2             2.8769246E-02         1.0000000E+30               556       
 NEXT SEEDS:1C18B7ED       3       0       0       0       0       2    3039       0       0
       2152                     1                     1             2.8770523E-02         1.0000000E+30               556       
 NEXT SEEDS:1C1E9691       3       0       0       0       0       2    3039       0       0
       2153                     0                     1             2.8783199E-02         1.0000000E+30               556       
 NEXT SEEDS:1C28EA84       3       0       0       0       0       2    3039       0       0
