1NUMBER OF BEAM       NUMBER OF BEAM        APPROXIMATE NUMBER    AVERAGE TIME USED     TIME LEFT (RESERVED   NUMBER OF STARS
 PARTICLES HANDLED    PARTICLES LEFT        OF BEAM PARTICLES     BY A BEAM PARTICLE     10000.0 SECONDS      CREATED
                                            THAT CAN STILL BE                           FOR PRINTOUT)
                                            HANDLED

 NEXT SEEDS:2188C617       2       0       0       0       0      38    3039       0       0
          1                  2152                  2152             8.2015991E-05         1.0000000E+30                 0       
 NEXT SEEDS:2188C61B       2       0       0       0       0      38    3039       0       0
         40                  2113                  2113             2.2495246E-02         1.0000000E+30                 4       
 NEXT SEEDS:222B8BAF       2       0       0       0       0      38    3039       0       0
         80                  2073                  2073             2.7563623E-02         1.0000000E+30                 8       
 NEXT SEEDS:23189B05       2       0       0       0       0      38    3039       0       0
        120                  2033                  2033             2.6659793E-02         1.0000000E+30                 8       
 NEXT SEEDS:23CF7469       2       0       0       0       0      38    3039       0       0
        160                  1993                  1993             2.3071255E-02         1.0000000E+30                 8       
 NEXT SEEDS:24282A04       2       0       0       0       0      38    3039       0       0
        200                  1953                  1953             2.2877840E-02         1.0000000E+30                11       
 NEXT SEEDS:24C927A9       2       0       0       0       0      38    3039       0       0
  Comptn_2: TXYZ:  0.99999999999309419       U,V,W  0.78976596869410187       0.46420590663595362      -0.40097704539044798     
        240                  1913                  1913             2.3343538E-02         1.0000000E+30                15       
 NEXT SEEDS:2587791F       2       0       0       0       0      38    3039       0       0
        280                  1873                  1873             2.3965767E-02         1.0000000E+30                19       
 NEXT SEEDS:26508AFB       2       0       0       0       0      38    3039       0       0
        320                  1833                  1833             2.4993085E-02         1.0000000E+30                38       
 NEXT SEEDS:273F0CAA       2       0       0       0       0      38    3039       0       0
        360                  1793                  1793             2.5157970E-02         1.0000000E+30                46       
 NEXT SEEDS:2804CC4F       2       0       0       0       0      38    3039       0       0
        400                  1753                  1753             2.4876363E-02         1.0000000E+30                48       
 NEXT SEEDS:28A8E426       2       0       0       0       0      38    3039       0       0
        440                  1713                  1713             2.3697107E-02         1.0000000E+30                49       
 NEXT SEEDS:28FE3680       2       0       0       0       0      38    3039       0       0
        480                  1673                  1673             2.4058707E-02         1.0000000E+30                50       
 NEXT SEEDS:29CEA6C5       2       0       0       0       0      38    3039       0       0
        520                  1633                  1633             2.3134376E-02         1.0000000E+30                60       
 NEXT SEEDS:2A250A37       2       0       0       0       0      38    3039       0       0
        560                  1593                  1593             2.2244560E-02         1.0000000E+30                83       
 NEXT SEEDS:2A722824       2       0       0       0       0      38    3039       0       0
        600                  1553                  1553             2.1987179E-02         1.0000000E+30                83       
 NEXT SEEDS:2AFA4A59       2       0       0       0       0      38    3039       0       0
        640                  1513                  1513             2.0974668E-02         1.0000000E+30                83       
 NEXT SEEDS:2B2280CC       2       0       0       0       0      38    3039       0       0
        680                  1473                  1473             2.3572041E-02         1.0000000E+30                83       
 NEXT SEEDS:2CFBE62A       2       0       0       0       0      38    3039       0       0
        720                  1433                  1433             2.3144896E-02         1.0000000E+30               117       
 NEXT SEEDS:2D709236       2       0       0       0       0      38    3039       0       0
        760                  1393                  1393             2.3070350E-02         1.0000000E+30               134       
 NEXT SEEDS:2E0CAFAD       2       0       0       0       0      38    3039       0       0
        800                  1353                  1353             2.2851903E-02         1.0000000E+30               137       
 NEXT SEEDS:2E95AD77       2       0       0       0       0      38    3039       0       0
        840                  1313                  1313             2.3274537E-02         1.0000000E+30               139       
 NEXT SEEDS:2F793AB3       2       0       0       0       0      38    3039       0       0
        880                  1273                  1273             2.3408731E-02         1.0000000E+30               141       
 NEXT SEEDS:303BFB50       2       0       0       0       0      38    3039       0       0
        920                  1233                  1233             2.4146445E-02         1.0000000E+30               145       
 NEXT SEEDS:3167E864       2       0       0       0       0      38    3039       0       0
        960                  1193                  1193             2.4139722E-02         1.0000000E+30               154       
 NEXT SEEDS:321047BE       2       0       0       0       0      38    3039       0       0
       1000                  1153                  1153             2.4114769E-02         1.0000000E+30               157       
 NEXT SEEDS:32BA4711       2       0       0       0       0      38    3039       0       0
       1040                  1113                  1113             2.4187223E-02         1.0000000E+30               157       
 NEXT SEEDS:3376830E       2       0       0       0       0      38    3039       0       0
       1080                  1073                  1073             2.3925836E-02         1.0000000E+30               158       
 NEXT SEEDS:33F298E8       2       0       0       0       0      38    3039       0       0
       1120                  1033                  1033             2.3564315E-02         1.0000000E+30               158       
 NEXT SEEDS:34563ABA       2       0       0       0       0      38    3039       0       0
       1160                   993                   993             2.3145677E-02         1.0000000E+30               160       
 NEXT SEEDS:34AB00C2       2       0       0       0       0      38    3039       0       0
       1200                   953                   953             2.4028506E-02         1.0000000E+30               162       
 NEXT SEEDS:3610386F       2       0       0       0       0      38    3039       0       0
       1240                   913                   913             2.3883986E-02         1.0000000E+30               164       
 NEXT SEEDS:36A11C6C       2       0       0       0       0      38    3039       0       0
       1280                   873                   873             2.3562410E-02         1.0000000E+30               176       
 NEXT SEEDS:37046860       2       0       0       0       0      38    3039       0       0
       1320                   833                   833             2.3862610E-02         1.0000000E+30               182       
 NEXT SEEDS:37EF02D5       2       0       0       0       0      38    3039       0       0
       1360                   793                   793             2.3536320E-02         1.0000000E+30               183       
 NEXT SEEDS:384BD754       2       0       0       0       0      38    3039       0       0
       1400                   753                   753             2.3960043E-02         1.0000000E+30               183       
 NEXT SEEDS:3967310E       2       0       0       0       0      38    3039       0       0
  Comptn_2: TXYZ:   1.0000000000023019       U,V,W -0.58450523947138322       0.66614105656030276       0.46325988148934982     
       1440                   713                   713             2.4626268E-02         1.0000000E+30               187       
 NEXT SEEDS:3AD17603       2       0       0       0       0      38    3039       0       0
       1480                   673                   673             2.4444771E-02         1.0000000E+30               193       
 NEXT SEEDS:3B50F638       2       0       0       0       0      38    3039       0       0
       1520                   633                   633             2.6335139E-02         1.0000000E+30               203       
 NEXT SEEDS: 2743843       3       0       0       0       0      38    3039       0       0
  Comptn_2: TXYZ:  0.99999999999893230       U,V,W  0.81167834697377472      -0.36138880091327508      -0.45888603773411774     
       1560                   593                   593             2.6722377E-02         1.0000000E+30               204       
 NEXT SEEDS: 3927422       3       0       0       0       0      38    3039       0       0
       1600                   553                   553             2.7056556E-02         1.0000000E+30               205       
 NEXT SEEDS: 4AF10FB       3       0       0       0       0      38    3039       0       0
       1640                   513                   513             2.6751495E-02         1.0000000E+30               206       
 NEXT SEEDS: 5198F77       3       0       0       0       0      38    3039       0       0
       1680                   473                   473             2.7169979E-02         1.0000000E+30               208       
 NEXT SEEDS: 660EB10       3       0       0       0       0      38    3039       0       0
       1720                   433                   433             2.7042005E-02         1.0000000E+30               209       
 NEXT SEEDS: 6FCFAAF       3       0       0       0       0      38    3039       0       0
       1760                   393                   393             2.6762973E-02         1.0000000E+30               209       
 NEXT SEEDS: 768B622       3       0       0       0       0      38    3039       0       0
       1800                   353                   353             2.6564867E-02         1.0000000E+30               210       
 NEXT SEEDS: 7EB15F0       3       0       0       0       0      38    3039       0       0
       1840                   313                   313             2.6277252E-02         1.0000000E+30               212       
 NEXT SEEDS: 84A7992       3       0       0       0       0      38    3039       0       0
       1880                   273                   273             2.6007307E-02         1.0000000E+30               241       
 NEXT SEEDS: 8AD1429       3       0       0       0       0      38    3039       0       0
       1920                   233                   233             2.6828968E-02         1.0000000E+30               242       
 NEXT SEEDS: A89E80B       3       0       0       0       0      38    3039       0       0
       1960                   193                   193             2.6606361E-02         1.0000000E+30               244       
 NEXT SEEDS: AFF3139       3       0       0       0       0      38    3039       0       0
       2000                   153                   153             2.7288917E-02         1.0000000E+30               247       
 NEXT SEEDS: CA36040       3       0       0       0       0      38    3039       0       0
       2040                   113                   113             2.7501964E-02         1.0000000E+30               249       
 NEXT SEEDS: DB5C195       3       0       0       0       0      38    3039       0       0
       2080                    73                    73             2.7150099E-02         1.0000000E+30               250       
 NEXT SEEDS: DF97DFC       3       0       0       0       0      38    3039       0       0
       2103                    50                    50             2.6994590E-02         1.0000000E+30               251       
 NEXT SEEDS: E30CF1D       3       0       0       0       0      38    3039       0       0
       2104                    49                    49             2.6981830E-02         1.0000000E+30               251       
 NEXT SEEDS: E30CF32       3       0       0       0       0      38    3039       0       0
       2105                    48                    48             2.6969065E-02         1.0000000E+30               251       
 NEXT SEEDS: E30CF36       3       0       0       0       0      38    3039       0       0
       2106                    47                    47             2.6956314E-02         1.0000000E+30               251       
 NEXT SEEDS: E30CF4B       3       0       0       0       0      38    3039       0       0
       2107                    46                    46             2.6955981E-02         1.0000000E+30               251       
 NEXT SEEDS: E35C0DE       3       0       0       0       0      38    3039       0       0
       2108                    45                    45             2.6943321E-02         1.0000000E+30               251       
 NEXT SEEDS: E35C637       3       0       0       0       0      38    3039       0       0
       2109                    44                    44             2.6930598E-02         1.0000000E+30               251       
 NEXT SEEDS: E35C63B       3       0       0       0       0      38    3039       0       0
       2110                    43                    43             2.6917889E-02         1.0000000E+30               251       
 NEXT SEEDS: E35C63F       3       0       0       0       0      38    3039       0       0
       2111                    42                    42             2.6905690E-02         1.0000000E+30               251       
 NEXT SEEDS: E35F1FC       3       0       0       0       0      38    3039       0       0
       2112                    41                    41             2.6893005E-02         1.0000000E+30               251       
 NEXT SEEDS: E35F200       3       0       0       0       0      38    3039       0       0
       2113                    40                    40             2.6880350E-02         1.0000000E+30               251       
 NEXT SEEDS: E35F329       3       0       0       0       0      38    3039       0       0
       2114                    39                    39             2.6889741E-02         1.0000000E+30               251       
 NEXT SEEDS: E3DB970       3       0       0       0       0      38    3039       0       0
       2115                    38                    38             2.6877525E-02         1.0000000E+30               251       
 NEXT SEEDS: E3DDAD2       3       0       0       0       0      38    3039       0       0
       2116                    37                    37             2.6864885E-02         1.0000000E+30               251       
 NEXT SEEDS: E3DDAE5       3       0       0       0       0      38    3039       0       0
       2117                    36                    36             2.6852245E-02         1.0000000E+30               251       
 NEXT SEEDS: E3DDAE9       3       0       0       0       0      38    3039       0       0
       2118                    35                    35             2.6858902E-02         1.0000000E+30               251       
 NEXT SEEDS: E458F49       3       0       0       0       0      38    3039       0       0
       2119                    34                    34             2.6852275E-02         1.0000000E+30               251       
 NEXT SEEDS: E47ECDA       3       0       0       0       0      38    3039       0       0
       2120                    33                    33             2.6839866E-02         1.0000000E+30               251       
 NEXT SEEDS: E47FEE6       3       0       0       0       0      38    3039       0       0
       2121                    32                    32             2.6827266E-02         1.0000000E+30               251       
 NEXT SEEDS: E47FEEA       3       0       0       0       0      38    3039       0       0
       2122                    31                    31             2.6814862E-02         1.0000000E+30               251       
 NEXT SEEDS: E480C80       3       0       0       0       0      38    3039       0       0
       2123                    30                    30             2.6817074E-02         1.0000000E+30               251       
 NEXT SEEDS: E4DE1E3       3       0       0       0       0      38    3039       0       0
       2124                    29                    29             2.6808960E-02         1.0000000E+30               251       
 NEXT SEEDS: E4F825F       3       0       0       0       0      38    3039       0       0
       2125                    28                    28             2.6796405E-02         1.0000000E+30               251       
 NEXT SEEDS: E4F826F       3       0       0       0       0      38    3039       0       0
       2126                    27                    27             2.6790990E-02         1.0000000E+30               251       
 NEXT SEEDS: E52555E       3       0       0       0       0      38    3039       0       0
       2127                    26                    26             2.6820711E-02         1.0000000E+30               251       
 NEXT SEEDS: E6349D8       3       0       0       0       0      38    3039       0       0
       2128                    25                    25             2.6819249E-02         1.0000000E+30               251       
 NEXT SEEDS: E67907B       3       0       0       0       0      38    3039       0       0
       2129                    24                    24             2.6974694E-02         1.0000000E+30               252       
 NEXT SEEDS: EA9D258       3       0       0       0       0      38    3039       0       0
       2130                    23                    23             2.6962096E-02         1.0000000E+30               252       
 NEXT SEEDS: EA9D25C       3       0       0       0       0      38    3039       0       0
       2131                    22                    22             2.6949656E-02         1.0000000E+30               252       
 NEXT SEEDS: EA9DD5C       3       0       0       0       0      38    3039       0       0
       2132                    21                    21             2.6946914E-02         1.0000000E+30               252       
 NEXT SEEDS: EADCBCF       3       0       0       0       0      38    3039       0       0
       2133                    20                    20             2.6934341E-02         1.0000000E+30               252       
 NEXT SEEDS: EADCBE7       3       0       0       0       0      38    3039       0       0
       2134                    19                    19             2.6931861E-02         1.0000000E+30               252       
 NEXT SEEDS: EB129B6       3       0       0       0       0      38    3039       0       0
       2135                    18                    18             2.6919309E-02         1.0000000E+30               252       
 NEXT SEEDS: EB129BA       3       0       0       0       0      38    3039       0       0
       2136                    17                    17             2.6916257E-02         1.0000000E+30               252       
 NEXT SEEDS: EB3F35C       3       0       0       0       0      38    3039       0       0
       2137                    16                    16             2.6917155E-02         1.0000000E+30               252       
 NEXT SEEDS: EB9580E       3       0       0       0       0      38    3039       0       0
       2138                    15                    15             2.6939809E-02         1.0000000E+30               252       
 NEXT SEEDS: EC611C0       3       0       0       0       0      38    3039       0       0
       2139                    14                    14             2.6927860E-02         1.0000000E+30               252       
 NEXT SEEDS: EC64573       3       0       0       0       0      38    3039       0       0
       2140                    13                    13             2.6915338E-02         1.0000000E+30               252       
 NEXT SEEDS: EC6458C       3       0       0       0       0      38    3039       0       0
       2141                    12                    12             2.6909947E-02         1.0000000E+30               252       
 NEXT SEEDS: EC933D1       3       0       0       0       0      38    3039       0       0
       2142                    11                    11             2.6898796E-02         1.0000000E+30               252       
 NEXT SEEDS: EC9B1BD       3       0       0       0       0      38    3039       0       0
       2143                    10                    10             2.6886301E-02         1.0000000E+30               252       
 NEXT SEEDS: EC9B1D2       3       0       0       0       0      38    3039       0       0
       2144                     9                     9             2.6887515E-02         1.0000000E+30               252       
 NEXT SEEDS: ECF3D35       3       0       0       0       0      38    3039       0       0
       2145                     8                     8             2.6875042E-02         1.0000000E+30               252       
 NEXT SEEDS: ECF3D4C       3       0       0       0       0      38    3039       0       0
       2146                     7                     7             2.6862568E-02         1.0000000E+30               252       
 NEXT SEEDS: ECF3D50       3       0       0       0       0      38    3039       0       0
       2147                     6                     6             2.6873217E-02         1.0000000E+30               252       
 NEXT SEEDS: ED7B1AF       3       0       0       0       0      38    3039       0       0
       2148                     5                     5             2.6866943E-02         1.0000000E+30               252       
 NEXT SEEDS: ED9DF08       3       0       0       0       0      38    3039       0       0
       2149                     4                     4             2.6869089E-02         1.0000000E+30               253       
 NEXT SEEDS: EDF84E3       3       0       0       0       0      38    3039       0       0
       2150                     3                     3             2.6867931E-02         1.0000000E+30               253       
 NEXT SEEDS: EE40B35       3       0       0       0       0      38    3039       0       0
       2151                     2                     2             2.6869944E-02         1.0000000E+30               253       
 NEXT SEEDS: EE9CC02       3       0       0       0       0      38    3039       0       0
       2152                     1                     1             2.6857512E-02         1.0000000E+30               253       
 NEXT SEEDS: EE9CC06       3       0       0       0       0      38    3039       0       0
       2153                     0                     1             2.6850164E-02         1.0000000E+30               253       
 NEXT SEEDS: EEBD2A9       3       0       0       0       0      38    3039       0       0
