1NUMBER OF BEAM       NUMBER OF BEAM        APPROXIMATE NUMBER    AVERAGE TIME USED     TIME LEFT (RESERVED   NUMBER OF STARS
 PARTICLES HANDLED    PARTICLES LEFT        OF BEAM PARTICLES     BY A BEAM PARTICLE     10000.0 SECONDS      CREATED
                                            THAT CAN STILL BE                           FOR PRINTOUT)
                                            HANDLED

 NEXT SEEDS:100007D9       2       0       0       0       0      26    3039       0       0
          1                  2846                  2846             8.8930130E-05         1.0000000E+30                 0       
 NEXT SEEDS:100007DD       2       0       0       0       0      26    3039       0       0
         50                  2797                  2797             6.9072523E-02         1.0000000E+30                 5       
 NEXT SEEDS:12759273       2       0       0       0       0      26    3039       0       0
        100                  2747                  2747             6.0899744E-02         1.0000000E+30               237       
 NEXT SEEDS:145BC2AD       2       0       0       0       0      26    3039       0       0
  Comptn_2: TXYZ:  0.99999999999752531       U,V,W  0.31773640575799789      -0.56459002385397206      -0.76176222104938063     
        150                  2697                  2697             5.9488118E-02         1.0000000E+30               239       
 NEXT SEEDS:1657A094       2       0       0       0       0      26    3039       0       0
        200                  2647                  2647             6.0753593E-02         1.0000000E+30               245       
 NEXT SEEDS:18A37916       2       0       0       0       0      26    3039       0       0
        250                  2597                  2597             6.0058887E-02         1.0000000E+30               259       
 NEXT SEEDS:1AAC929D       2       0       0       0       0      26    3039       0       0
        300                  2547                  2547             6.3283472E-02         1.0000000E+30               279       
 NEXT SEEDS:1D7ACE5C       2       0       0       0       0      26    3039       0       0
        350                  2497                  2497             6.0904522E-02         1.0000000E+30               285       
 NEXT SEEDS:1F22C0C6       2       0       0       0       0      26    3039       0       0
        400                  2447                  2447             6.2261121E-02         1.0000000E+30               290       
 NEXT SEEDS:21AC096E       2       0       0       0       0      26    3039       0       0
  Comptn_2: TXYZ:  0.99999999999887179       U,V,W -0.83246275576136952      -0.52889723367686514       0.16514683308503919     
        450                  2397                  2397             6.5235967E-02         1.0000000E+30               292       
 NEXT SEEDS:24C473FB       2       0       0       0       0      26    3039       0       0
  Comptn_2: TXYZ:  0.99999999999830369       U,V,W  -6.8734904065760105E-002  0.98633913828079400      -0.14970176103464894     
  Comptn_2: TXYZ:   1.0000000000027873       U,V,W -0.62712879204562810      -0.48437015322004129       0.60999592855999651     
        500                  2347                  2347             6.6107035E-02         1.0000000E+30               294       
 NEXT SEEDS:2761767A       2       0       0       0       0      26    3039       0       0
        550                  2297                  2297             6.2570130E-02         1.0000000E+30               302       
 NEXT SEEDS:2857FE58       2       0       0       0       0      26    3039       0       0
  Comptn_2: TXYZ:   1.0000000000021829       U,V,W  0.35922490692063036      -0.53290130012843739       0.76614206944369556     
        600                  2247                  2247             6.1519675E-02         1.0000000E+30               307       
 NEXT SEEDS:2A1C440E       2       0       0       0       0      26    3039       0       0
        650                  2197                  2197             6.0992216E-02         1.0000000E+30               310       
 NEXT SEEDS:2C04E571       2       0       0       0       0      26    3039       0       0
  *** Kaon: P_min > 1.5 GeV/c:           24   3.3723199549575602     
  *** Kaon: P_min > 1.5 GeV/c:           24   3.3605839823281438     
  *** Kaon: P_min > 1.5 GeV/c:           24   4.7088679838605261     
  *** Kaon: P_min > 1.5 GeV/c:           24   2.7712618313017741     
  *** Kaon: P_min > 1.5 GeV/c:           15   2.4857929024340515     
  *** Kbar: P_min > 1.8 GeV/c:           16   5.2736355393519236     
  *** Kaon: P_min > 1.5 GeV/c:           15   9.2829122327314710     
  *** Kbar: P_min > 1.8 GeV/c:           16   3.9863909296055473     
  *** Kaon: P_min > 1.5 GeV/c:           24   33.975226495390928     
  *** Kbar: P_min > 1.8 GeV/c:           16   61.236824951527623     
  *** Kaon: P_min > 1.5 GeV/c:           24   1.5152791220964965     
  *** Kaon: P_min > 1.5 GeV/c:           24   1.5044479697053441     
  *** Kaon: P_min > 1.5 GeV/c:           24   33.975000980176880     
  *** Kaon: P_min > 1.5 GeV/c:           24   28.042171321029162     
  *** Kaon: P_min > 1.5 GeV/c:           15   20.384420315197158     
        700                  2147                  2147             6.0934907E-02         1.0000000E+30               462       
 NEXT SEEDS:2E1F1F8E       2       0       0       0       0      26    3039       0       0
        750                  2097                  2097             6.1010169E-02         1.0000000E+30               469       
 NEXT SEEDS:3043DA00       2       0       0       0       0      26    3039       0       0
  Eventv: Pla < 0.4 Poo   1.4917502854204532        3.9087267815413802               30  0.25414966266544287               23
        800                  2047                  2047             6.1746861E-02         1.0000000E+30               489       
 NEXT SEEDS:32D019B9       2       0       0       0       0      26    3039       0       0
        850                  1997                  1997             6.0882049E-02         1.0000000E+30               493       
 NEXT SEEDS:347E872F       2       0       0       0       0      26    3039       0       0
        900                  1947                  1947             6.3881896E-02         1.0000000E+30               496       
 NEXT SEEDS:3898838E       2       0       0       0       0      26    3039       0       0
        950                  1897                  1897             6.2017606E-02         1.0000000E+30               502       
 NEXT SEEDS:399DF0F8       2       0       0       0       0      26    3039       0       0
  Comptn_2: TXYZ:  0.99999999999705669       U,V,W -0.44858458539114388       0.20536618560404918      -0.86982561445208972     
       1000                  1847                  1847             6.1415029E-02         1.0000000E+30               513       
 NEXT SEEDS:3B6AB103       2       0       0       0       0      26    3039       0       0
       1050                  1797                  1797             6.0540805E-02         1.0000000E+30               517       
 NEXT SEEDS: 157F214       3       0       0       0       0      26    3039       0       0
       1100                  1747                  1747             6.0541372E-02         1.0000000E+30               524       
 NEXT SEEDS: 386B937       3       0       0       0       0      26    3039       0       0
       1150                  1697                  1697             6.0335625E-02         1.0000000E+30               534       
 NEXT SEEDS: 580A46D       3       0       0       0       0      26    3039       0       0
       1200                  1647                  1647             5.9700283E-02         1.0000000E+30               536       
 NEXT SEEDS: 71D802E       3       0       0       0       0      26    3039       0       0
  Comptn_2: TXYZ:   1.0000000000041507       U,V,W -0.48997007322930486       0.77393853616180053      -0.40118383515235223     
       1250                  1597                  1597             6.0354087E-02         1.0000000E+30               550       
 NEXT SEEDS: 9D5AB61       3       0       0       0       0      26    3039       0       0
       1300                  1547                  1547             5.9462935E-02         1.0000000E+30               553       
 NEXT SEEDS: B2A7C47       3       0       0       0       0      26    3039       0       0
       1350                  1497                  1497             5.9461809E-02         1.0000000E+30               559       
 NEXT SEEDS: D49038B       3       0       0       0       0      26    3039       0       0
       1400                  1447                  1447             6.0497494E-02         1.0000000E+30               619       
 NEXT SEEDS:107BAD53       3       0       0       0       0      26    3039       0       0
       1450                  1397                  1397             6.0322758E-02         1.0000000E+30               622       
 NEXT SEEDS:127E2204       3       0       0       0       0      26    3039       0       0
  Comptn_2: TXYZ:   1.0000000000020193       U,V,W -0.99673359963926700        8.0720334341236821E-002  -2.5217010147144947E-003
  Comptn_2: TXYZ:   1.0000000000012608       U,V,W -0.17355100465063522       0.64351708124014095      -0.74549702543885843     
  Comptn_2: TXYZ:  0.99999999999898359       U,V,W  0.38040948815870479      -0.91550863351603695      -0.13089141788297098     
       1500                  1347                  1347             6.1859439E-02         1.0000000E+30               627       
 NEXT SEEDS:1652E321       3       0       0       0       0      26    3039       0       0
  Comptn_2: TXYZ:   1.0000000000015397       U,V,W -0.25826074198421622      -0.62198543165909825       0.73921276501095878     
  *** Kbar: P_min > 1.8 GeV/c:           16   5.1330795241980498     
  *** Kbar: P_min > 1.8 GeV/c:           16   5.9594198060252852     
  *** Kbar: P_min > 1.8 GeV/c:           16   3.8629851158538178     
  *** Kbar: P_min > 1.8 GeV/c:           16   6.4540608843824678     
  *** Kbar: P_min > 1.8 GeV/c:           16   6.2626649809064876     
       1550                  1297                  1297             6.2353819E-02         1.0000000E+30               886       
 NEXT SEEDS:1919C9C9       3       0       0       0       0      26    3039       0       0
       1600                  1247                  1247             6.2755354E-02         1.0000000E+30               899       
 NEXT SEEDS:1BD33CD5       3       0       0       0       0      26    3039       0       0
  Comptn_2: TXYZ:   1.0000000000012614       U,V,W  0.26969916035250563       0.39699051502518046      -0.87730319381982014     
  *** Hhflev: call to Hadriv !! ***  0.70210199837144804        3.5000000000000000        1.4967381026662827               23 T F T
       1650                  1197                  1197             6.2878065E-02         1.0000000E+30               937       
 NEXT SEEDS:1E360988       3       0       0       0       0      26    3039       0       0
  Comptn_2: TXYZ:   1.0000000002963463       U,V,W  0.82023258047115633       0.56880886185882673       -6.0621719712003141E-002
  Comptn_2: TXYZ:   1.0000000000017775       U,V,W  0.96618950605341825        5.2489170840033239E-002  0.25243360580270391     
       1700                  1147                  1147             6.2789287E-02         1.0000000E+30              1408       
 NEXT SEEDS:2063A742       3       0       0       0       0      26    3039       0       0
  Comptn_2: TXYZ:  0.99999999999857025       U,V,W  0.43171723767030556      -0.71274217713468602       0.55282801632171186     
       1750                  1097                  1097             6.3123411E-02         1.0000000E+30              1627       
 NEXT SEEDS:2313F102       3       0       0       0       0      26    3039       0       0
  Comptn_2: TXYZ:  0.99999999999760392       U,V,W  0.57669530383240897       0.45784392397628881      -0.67661027764381743     
       1800                  1047                  1047             6.2808599E-02         1.0000000E+30              1640       
 NEXT SEEDS:24F3DF09       3       0       0       0       0      26    3039       0       0
       1850                   997                   997             6.3035178E-02         1.0000000E+30              1660       
 NEXT SEEDS:2792BE9C       3       0       0       0       0      26    3039       0       0
       1900                   947                   947             6.2560973E-02         1.0000000E+30              1665       
 NEXT SEEDS:293536F8       3       0       0       0       0      26    3039       0       0
       1950                   897                   897             6.2519303E-02         1.0000000E+30              1668       
 NEXT SEEDS:2B64002F       3       0       0       0       0      26    3039       0       0
       2000                   847                   847             6.5317618E-02         1.0000000E+30              1677       
 NEXT SEEDS:3173AA40       3       0       0       0       0      26    3039       0       0
       2050                   797                   797             6.4963229E-02         1.0000000E+30              1684       
 NEXT SEEDS:334848C5       3       0       0       0       0      26    3039       0       0
  Comptn_2: TXYZ:  0.99999999999711442       U,V,W  0.38898852974466536       0.73368469070248921      -0.55713077311614256     
       2100                   747                   747             6.5055788E-02         1.0000000E+30              1692       
 NEXT SEEDS:35C4F0BE       3       0       0       0       0      26    3039       0       0
       2150                   697                   697             6.5595688E-02         1.0000000E+30              1696       
 NEXT SEEDS:38F5901A       3       0       0       0       0      26    3039       0       0
       2200                   647                   647             6.5114370E-02         1.0000000E+30              1710       
 NEXT SEEDS:3A907C53       3       0       0       0       0      26    3039       0       0
  Comptn_2: TXYZ:   1.0000000000011124       U,V,W -0.64216713010050341      -0.32870361996691244      -0.69251375960354977     
       2250                   597                   597             6.4669568E-02         1.0000000E+30              1740       
 NEXT SEEDS:  95E6C3       4       0       0       0       0      26    3039       0       0
       2300                   547                   547             6.4055022E-02         1.0000000E+30              1751       
 NEXT SEEDS: 1E7BAC4       4       0       0       0       0      26    3039       0       0
       2350                   497                   497             6.3770582E-02         1.0000000E+30              1753       
 NEXT SEEDS: 3BEEE0B       4       0       0       0       0      26    3039       0       0
  Comptn_2: TXYZ:   1.0000000000057787       U,V,W -0.74742176731681198        8.7964524366014984E-002  0.65850052710673879     
       2400                   447                   447             6.3714338E-02         1.0000000E+30              1798       
 NEXT SEEDS: 5F191D7       4       0       0       0       0      26    3039       0       0
       2450                   397                   397             6.4278893E-02         1.0000000E+30              1801       
 NEXT SEEDS: 9450555       4       0       0       0       0      26    3039       0       0
  Comptn_2: TXYZ:  0.99999999999884726       U,V,W  0.97387795082535722      -0.10284782621127420       0.20244520626249951     
  *** Hhflev: call to Hadriv !! ***  0.73041649036086820        3.5000000000000000        1.5150222126427435               14 T F T
       2500                   347                   347             6.4296001E-02         1.0000000E+30              1943       
 NEXT SEEDS: BA40C0C       4       0       0       0       0      26    3039       0       0
       2550                   297                   297             6.4964862E-02         1.0000000E+30              1953       
 NEXT SEEDS: F11BCEE       4       0       0       0       0      26    3039       0       0
  Comptn_2: TXYZ:  0.99999999999657663       U,V,W  0.86317874078119416      -0.14529326231709128      -0.48354144536453703     
       2600                   247                   247             6.4792761E-02         1.0000000E+30              1955       
 NEXT SEEDS:111F8F64       4       0       0       0       0      26    3039       0       0
       2650                   197                   197             6.4396718E-02         1.0000000E+30              1975       
 NEXT SEEDS:12B5B4A5       4       0       0       0       0      26    3039       0       0
  Comptn_2: TXYZ:   1.0000000000046851       U,V,W   6.2143455562718941E-002 -0.28687030312401163       0.95595168294268262     
       2700                   147                   147             6.3992546E-02         1.0000000E+30              1989       
 NEXT SEEDS:1441DA43       4       0       0       0       0      26    3039       0       0
  Comptn_2: TXYZ:   1.0000000000025835       U,V,W -0.90756783576783917       0.30885638264781079       0.28447910007586330     
       2750                    97                    97             6.3788240E-02         1.0000000E+30              1993       
 NEXT SEEDS:162F380E       4       0       0       0       0      26    3039       0       0
       2797                    50                    50             6.3379417E-02         1.0000000E+30              1996       
 NEXT SEEDS:17870F41       4       0       0       0       0      26    3039       0       0
       2798                    49                    49             6.3399024E-02         1.0000000E+30              1996       
 NEXT SEEDS:179D2902       4       0       0       0       0      26    3039       0       0
       2799                    48                    48             6.3376417E-02         1.0000000E+30              1996       
 NEXT SEEDS:179D2906       4       0       0       0       0      26    3039       0       0
       2800                    47                    47             6.3353821E-02         1.0000000E+30              1996       
 NEXT SEEDS:179D290A       4       0       0       0       0      26    3039       0       0
       2801                    46                    46             6.3331235E-02         1.0000000E+30              1996       
 NEXT SEEDS:179D290E       4       0       0       0       0      26    3039       0       0
       2802                    45                    45             6.3338699E-02         1.0000000E+30              1996       
 NEXT SEEDS:17ACC580       4       0       0       0       0      26    3039       0       0
       2803                    44                    44             6.3377605E-02         1.0000000E+30              1997       
 NEXT SEEDS:17CCF755       4       0       0       0       0      26    3039       0       0
       2804                    43                    43             6.3355046E-02         1.0000000E+30              1997       
 NEXT SEEDS:17CCF759       4       0       0       0       0      26    3039       0       0
       2805                    42                    42             6.3370691E-02         1.0000000E+30              1997       
 NEXT SEEDS:17E107E5       4       0       0       0       0      26    3039       0       0
       2806                    41                    41             6.3372512E-02         1.0000000E+30              1997       
 NEXT SEEDS:17ED610A       4       0       0       0       0      26    3039       0       0
       2807                    40                    40             6.3349979E-02         1.0000000E+30              1997       
 NEXT SEEDS:17ED610E       4       0       0       0       0      26    3039       0       0
       2808                    39                    39             6.3350030E-02         1.0000000E+30              1997       
 NEXT SEEDS:17F92B34       4       0       0       0       0      26    3039       0       0
       2809                    38                    38             6.3327521E-02         1.0000000E+30              1997       
 NEXT SEEDS:17F92B38       4       0       0       0       0      26    3039       0       0
       2810                    37                    37             6.3305022E-02         1.0000000E+30              1997       
 NEXT SEEDS:17F92B3C       4       0       0       0       0      26    3039       0       0
       2811                    36                    36             6.3282540E-02         1.0000000E+30              1997       
 NEXT SEEDS:17F92B40       4       0       0       0       0      26    3039       0       0
       2812                    35                    35             6.3260068E-02         1.0000000E+30              1997       
 NEXT SEEDS:17F92B44       4       0       0       0       0      26    3039       0       0
       2813                    34                    34             6.3237617E-02         1.0000000E+30              1997       
 NEXT SEEDS:17F92B48       4       0       0       0       0      26    3039       0       0
       2814                    33                    33             6.3215183E-02         1.0000000E+30              1997       
 NEXT SEEDS:17F92B4C       4       0       0       0       0      26    3039       0       0
       2815                    32                    32             6.3210050E-02         1.0000000E+30              1997       
 NEXT SEEDS:180245D6       4       0       0       0       0      26    3039       0       0
       2816                    31                    31             6.3206390E-02         1.0000000E+30              1997       
 NEXT SEEDS:180C846A       4       0       0       0       0      26    3039       0       0
       2817                    30                    30             6.3403620E-02         1.0000000E+30              1997       
 NEXT SEEDS:1880814E       4       0       0       0       0      26    3039       0       0
       2818                    29                    29             6.3381164E-02         1.0000000E+30              1997       
 NEXT SEEDS:18808152       4       0       0       0       0      26    3039       0       0
       2819                    28                    28             6.3365257E-02         1.0000000E+30              1997       
 NEXT SEEDS:1883FC25       4       0       0       0       0      26    3039       0       0
       2820                    27                    27             6.3342831E-02         1.0000000E+30              1997       
 NEXT SEEDS:1883FC29       4       0       0       0       0      26    3039       0       0
       2821                    26                    26             6.3357910E-02         1.0000000E+30              1997       
 NEXT SEEDS:189730D4       4       0       0       0       0      26    3039       0       0
       2822                    25                    25             6.3343293E-02         1.0000000E+30              1997       
 NEXT SEEDS:189B7C05       4       0       0       0       0      26    3039       0       0
       2823                    24                    24             6.3320893E-02         1.0000000E+30              1997       
 NEXT SEEDS:189B7C09       4       0       0       0       0      26    3039       0       0
       2824                    23                    23             6.3298513E-02         1.0000000E+30              1997       
 NEXT SEEDS:189B7C0D       4       0       0       0       0      26    3039       0       0
       2825                    22                    22             6.3306570E-02         1.0000000E+30              1997       
 NEXT SEEDS:18AB7735       4       0       0       0       0      26    3039       0       0
       2826                    21                    21             6.3288057E-02         1.0000000E+30              1997       
 NEXT SEEDS:18AE441A       4       0       0       0       0      26    3039       0       0
       2827                    20                    20             6.3265707E-02         1.0000000E+30              1997       
 NEXT SEEDS:18AE441E       4       0       0       0       0      26    3039       0       0
       2828                    19                    19             6.3263214E-02         1.0000000E+30              1997       
 NEXT SEEDS:18B8A2CA       4       0       0       0       0      26    3039       0       0
       2829                    18                    18             6.3252146E-02         1.0000000E+30              1998       
 NEXT SEEDS:18BE6C2D       4       0       0       0       0      26    3039       0       0
       2830                    17                    17             6.3262421E-02         1.0000000E+30              1998       
 NEXT SEEDS:18CFA268       4       0       0       0       0      26    3039       0       0
       2831                    16                    16             6.3284794E-02         1.0000000E+30              1999       
 NEXT SEEDS:18E72E83       4       0       0       0       0      26    3039       0       0
       2832                    15                    15             6.3280002E-02         1.0000000E+30              1999       
 NEXT SEEDS:18F044EF       4       0       0       0       0      26    3039       0       0
       2833                    14                    14             6.3257709E-02         1.0000000E+30              1999       
 NEXT SEEDS:18F044F3       4       0       0       0       0      26    3039       0       0
       2834                    13                    13             6.3235425E-02         1.0000000E+30              1999       
 NEXT SEEDS:18F044F7       4       0       0       0       0      26    3039       0       0
       2835                    12                    12             6.3245624E-02         1.0000000E+30              1999       
 NEXT SEEDS:19017CC3       4       0       0       0       0      26    3039       0       0
       2836                    11                    11             6.3291315E-02         1.0000000E+30              1999       
 NEXT SEEDS:19258207       4       0       0       0       0      26    3039       0       0
       2837                    10                    10             6.3305068E-02         1.0000000E+30              1999       
 NEXT SEEDS:19384A75       4       0       0       0       0      26    3039       0       0
       2838                     9                     9             6.3282805E-02         1.0000000E+30              1999       
 NEXT SEEDS:19384A79       4       0       0       0       0      26    3039       0       0
       2839                     8                     8             6.3260552E-02         1.0000000E+30              1999       
 NEXT SEEDS:19384A7D       4       0       0       0       0      26    3039       0       0
       2840                     7                     7             6.3238315E-02         1.0000000E+30              1999       
 NEXT SEEDS:19384A81       4       0       0       0       0      26    3039       0       0
       2841                     6                     6             6.3216088E-02         1.0000000E+30              1999       
 NEXT SEEDS:19384A85       4       0       0       0       0      26    3039       0       0
       2842                     5                     5             6.3193882E-02         1.0000000E+30              1999       
 NEXT SEEDS:19384A89       4       0       0       0       0      26    3039       0       0
       2843                     4                     4             6.3538541E-02         1.0000000E+30              1999       
 NEXT SEEDS:19FC9969       4       0       0       0       0      26    3039       0       0
       2844                     3                     3             6.3540945E-02         1.0000000E+30              1999       
 NEXT SEEDS:1A09B2C3       4       0       0       0       0      26    3039       0       0
       2845                     2                     2             6.3535022E-02         1.0000000E+30              1999       
 NEXT SEEDS:1A124FFB       4       0       0       0       0      26    3039       0       0
       2846                     1                     1             6.3528675E-02         1.0000000E+30              1999       
 NEXT SEEDS:1A1A9F40       4       0       0       0       0      26    3039       0       0
       2847                     0                     1             6.3544393E-02         1.0000000E+30              1999       
 NEXT SEEDS:1A2EA232       4       0       0       0       0      26    3039       0       0
