1NUMBER OF BEAM       NUMBER OF BEAM        APPROXIMATE NUMBER    AVERAGE TIME USED     TIME LEFT (RESERVED   NUMBER OF STARS
 PARTICLES HANDLED    PARTICLES LEFT        OF BEAM PARTICLES     BY A BEAM PARTICLE     10000.0 SECONDS      CREATED
                                            THAT CAN STILL BE                           FOR PRINTOUT)
                                            HANDLED

 NEXT SEEDS:37FAF18A       8       0       0       0       0      15    3039       0       0
          1                  2846                  2846             8.7022781E-05         1.0000000E+30                 0       
 NEXT SEEDS:37FAF18E       8       0       0       0       0      15    3039       0       0
  Comptn_2: TXYZ:  0.99999999999838907       U,V,W  0.27110843151763930       0.11197700837142577       0.95601326766662620     
         50                  2797                  2797             4.5474257E-02         1.0000000E+30                 3       
 NEXT SEEDS:39A2B253       8       0       0       0       0      15    3039       0       0
  Comptn_2: TXYZ:   1.0000000000013478       U,V,W -0.18556589761210773        6.3656578175221787E-002 -0.98056776293114112     
        100                  2747                  2747             6.5277393E-02         1.0000000E+30                36       
 NEXT SEEDS: 129A5ED       9       0       0       0       0      15    3039       0       0
        150                  2697                  2697             6.0938884E-02         1.0000000E+30                43       
 NEXT SEEDS: 309EBFA       9       0       0       0       0      15    3039       0       0
        200                  2647                  2647             8.2024068E-02         1.0000000E+30                47       
 NEXT SEEDS: 84E5976       9       0       0       0       0      15    3039       0       0
  Comptn_2: TXYZ:   1.0000000000012172       U,V,W  0.71725107821295753      -0.14151172511243715       0.68229416123785569     
  Comptn_2: TXYZ:  0.99999999999872313       U,V,W -0.47503501420047201      -0.26169905369263091      -0.84015197469187797     
  Comptn_2: TXYZ:   1.0000000000012448       U,V,W -0.16145142802240997       0.69172825732948906       0.70387886344361661     
        250                  2597                  2597             9.5218070E-02         1.0000000E+30                59       
 NEXT SEEDS: D7D0F03       9       0       0       0       0      15    3039       0       0
        300                  2547                  2547             9.3739108E-02         1.0000000E+30                63       
 NEXT SEEDS:10A32960       9       0       0       0       0      15    3039       0       0
  Comptn_2: TXYZ:  0.99999999999872580       U,V,W  0.12490117888770591      -0.56609693742037592      -0.81482142396629342     
        350                  2497                  2497             9.0589801E-02         1.0000000E+30                66       
 NEXT SEEDS:1341D713       9       0       0       0       0      15    3039       0       0
        400                  2447                  2447             9.1041827E-02         1.0000000E+30                71       
 NEXT SEEDS:16AFDFBF       9       0       0       0       0      15    3039       0       0
        450                  2397                  2397             8.6918508E-02         1.0000000E+30                76       
 NEXT SEEDS:189B7C5E       9       0       0       0       0      15    3039       0       0
        500                  2347                  2347             8.6647388E-02         1.0000000E+30                80       
 NEXT SEEDS:1BA6C1F7       9       0       0       0       0      15    3039       0       0
        550                  2297                  2297             9.1552959E-02         1.0000000E+30                83       
 NEXT SEEDS:207FC8A6       9       0       0       0       0      15    3039       0       0
  Comptn_2: TXYZ:  0.99999999999849476       U,V,W -0.50662126602369284      -0.58972087362570758       0.62893893504948295     
  Comptn_2: TXYZ:  0.99999999999858868       U,V,W -0.18749808602214557       0.47309322278564281       0.86082940835621713     
        600                  2247                  2247             9.9224488E-02         1.0000000E+30                87       
 NEXT SEEDS:26ECA3AA       9       0       0       0       0      15    3039       0       0
  *** Kbar: P_min > 1.8 GeV/c:           16   4.0612378784224132     
  *** Kbar: P_min > 1.8 GeV/c:           16   8.2391540385352222     
  *** Kbar: P_min > 1.8 GeV/c:           16   2.0396962888546404     
  *** Kbar: P_min > 1.8 GeV/c:           16   2.1067078719679166     
  *** Kbar: P_min > 1.8 GeV/c:           16   2.0420491404094538     
  *** Kaon: P_min > 1.5 GeV/c:           15   14.994214258577813     
  *** Kaon: P_min > 1.5 GeV/c:           15   1.8054132212480147     
  *** Kaon: P_min > 1.5 GeV/c:           15   14.974643575107615     
  *** Kaon: P_min > 1.5 GeV/c:           15   15.581148558829742     
  *** Kaon: P_min > 1.5 GeV/c:           15   12.392001126162796     
  *** Kaon: P_min > 1.5 GeV/c:           15   3.0822194823784552     
  *** Kaon: P_min > 1.5 GeV/c:           15   3.0526151346772532     
  *** Kaon: P_min > 1.5 GeV/c:           15   2.8175050384504541     
  *** Kaon: P_min > 1.5 GeV/c:           15   2.1109276876538106     
  *** Kaon: P_min > 1.5 GeV/c:           15   2.4977820445352341     
  *** Kaon: P_min > 1.5 GeV/c:           24   1.7814000895437547     
  *** Kaon: P_min > 1.5 GeV/c:           24   1.7802805754782141     
  *** Kaon: P_min > 1.5 GeV/c:           24   2.1795835290585250     
  *** Kbar: P_min > 1.8 GeV/c:           16   7.8375174708165867     
  *** Kbar: P_min > 1.8 GeV/c:           16   10.162476711356017     
  Comptn_2: TXYZ:   1.0000000000087348       U,V,W -0.57810787305048805      -0.69798657481911164       0.42261806456664885     
        650                  2197                  2197             9.8625825E-02         1.0000000E+30               419       
 NEXT SEEDS:2A224F07       9       0       0       0       0      15    3039       0       0
        700                  2147                  2147             9.7739244E-02         1.0000000E+30               644       
 NEXT SEEDS:2D2CDBA8       9       0       0       0       0      15    3039       0       0
        750                  2097                  2097             9.6902137E-02         1.0000000E+30               731       
 NEXT SEEDS:30079CA6       9       0       0       0       0      15    3039       0       0
  Comptn_2: TXYZ:  0.99999999999128952       U,V,W -0.28334820913491399      -0.64269150427101351      -0.71180153323042816     
        800                  2047                  2047             9.5503480E-02         1.0000000E+30               762       
 NEXT SEEDS:329CFE1B       9       0       0       0       0      15    3039       0       0
        850                  1997                  1997             9.3515245E-02         1.0000000E+30               764       
 NEXT SEEDS:34C26225       9       0       0       0       0      15    3039       0       0
  Comptn_2: TXYZ:   1.0000000000010878       U,V,W -0.61844523840930599      -0.31127261626627956      -0.72155030694518452     
        900                  1947                  1947             9.2539721E-02         1.0000000E+30               800       
 NEXT SEEDS:37567FD4       9       0       0       0       0      15    3039       0       0
        950                  1897                  1897             9.0425453E-02         1.0000000E+30               801       
 NEXT SEEDS:391CB78B       9       0       0       0       0      15    3039       0       0
       1000                  1847                  1847             8.9291769E-02         1.0000000E+30               821       
 NEXT SEEDS:3B68396D       9       0       0       0       0      15    3039       0       0
       1050                  1797                  1797             8.8183163E-02         1.0000000E+30               827       
 NEXT SEEDS: 217824C       A       0       0       0       0      15    3039       0       0
       1100                  1747                  1747             8.6639139E-02         1.0000000E+30               864       
 NEXT SEEDS: 3EEDC40       A       0       0       0       0      15    3039       0       0
       1150                  1697                  1697             8.5809384E-02         1.0000000E+30               868       
 NEXT SEEDS: 63DF66D       A       0       0       0       0      15    3039       0       0
  Comptn_2: TXYZ:  0.99999999999837386       U,V,W  0.75243765229789972      -0.65425373392635322       -7.6089625089255153E-002
       1200                  1647                  1647             8.4306442E-02         1.0000000E+30               873       
 NEXT SEEDS: 7FD4481       A       0       0       0       0      15    3039       0       0
       1250                  1597                  1597             8.2877275E-02         1.0000000E+30               930       
 NEXT SEEDS: 9ADFFF8       A       0       0       0       0      15    3039       0       0
  Comptn_2: TXYZ:   1.0000000000029927       U,V,W -0.98432168982660428      -0.10772012603493408      -0.13966812588027722     
       1300                  1547                  1547             8.5782457E-02         1.0000000E+30               943       
 NEXT SEEDS: F2D0C6A       A       0       0       0       0      15    3039       0       0
  Comptn_2: TXYZ:   1.0000000000013638       U,V,W  0.50188290026906301       0.77024103696634683       0.39350006275969562     
       1350                  1497                  1497             9.3726483E-02         1.0000000E+30               950       
 NEXT SEEDS:1998D904       A       0       0       0       0      15    3039       0       0
       1400                  1447                  1447             9.2769997E-02         1.0000000E+30               970       
 NEXT SEEDS:1BEE7EFB       A       0       0       0       0      15    3039       0       0
  Comptn_2: TXYZ:   1.0000000000010731       U,V,W  0.47507988947828039      -0.83396230738804888      -0.28072400764875738     
       1450                  1397                  1397             9.2714784E-02         1.0000000E+30               979       
 NEXT SEEDS:1F1828F4       A       0       0       0       0      15    3039       0       0
       1500                  1347                  1347             9.2182478E-02         1.0000000E+30               983       
 NEXT SEEDS:21A89715       A       0       0       0       0      15    3039       0       0
       1550                  1297                  1297             9.2832931E-02         1.0000000E+30              1672       
 NEXT SEEDS:259195F1       A       0       0       0       0      15    3039       0       0
       1600                  1247                  1247             9.2149652E-02         1.0000000E+30              1688       
 NEXT SEEDS:28123C56       A       0       0       0       0      15    3039       0       0
  Comptn_2: TXYZ:  0.99999999998444944       U,V,W -0.42590512871072406       0.12480742591627680      -0.89611825545432566     
       1650                  1197                  1197             9.0807785E-02         1.0000000E+30              1689       
 NEXT SEEDS:29C71FB7       A       0       0       0       0      15    3039       0       0
       1700                  1147                  1147             9.0078146E-02         1.0000000E+30              1689       
 NEXT SEEDS:2C22786B       A       0       0       0       0      15    3039       0       0
  Comptn_2: TXYZ:  0.99999999999796818       U,V,W  0.64091720551567732      -0.75832570549099643       0.11902629988168911     
       1750                  1097                  1097             9.1774766E-02         1.0000000E+30              1744       
 NEXT SEEDS:31771A9E       A       0       0       0       0      15    3039       0       0
       1800                  1047                  1047             9.1156441E-02         1.0000000E+30              1841       
 NEXT SEEDS:33D839E8       A       0       0       0       0      15    3039       0       0
  Comptn_2: TXYZ:   1.0000000000020324       U,V,W  -2.9143196821792117E-002  0.51392918013769417       0.85733743175253707     
  Comptn_2: TXYZ:   1.0000000000139435       U,V,W  0.37898441687686102      -0.38689017669449299       0.84064665761290769     
       1850                   997                   997             9.1729228E-02         1.0000000E+30              1859       
 NEXT SEEDS:37C4D325       A       0       0       0       0      15    3039       0       0
  Comptn_2: TXYZ:   1.0000000000011959       U,V,W  0.18184790316521315      -0.97654638886353595       0.11527571519274460     
       1900                   947                   947             9.0605094E-02         1.0000000E+30              1860       
 NEXT SEEDS:39853E08       A       0       0       0       0      15    3039       0       0
  Comptn_2: TXYZ:   1.0000000000028932       U,V,W -0.25252498574380411       0.58082379628441139      -0.77387004674412196     
       1950                   897                   897             9.0348341E-02         1.0000000E+30              1861       
 NEXT SEEDS:  BB9550       B       0       0       0       0      15    3039       0       0
  Comptn_2: TXYZ:   1.0000000000011031       U,V,W  0.23655715049695480      -0.78595238675064394       0.57124387113633901     
       2000                   847                   847             8.9844813E-02         1.0000000E+30              1869       
 NEXT SEEDS: 316BB4F       B       0       0       0       0      15    3039       0       0
  Comptn_2: TXYZ:   1.0000000000059266       U,V,W   4.2357383258931236E-002  0.79550029884465800      -0.60447094771166832     
       2050                   797                   797             9.0068645E-02         1.0000000E+30              1895       
 NEXT SEEDS: 68D4920       B       0       0       0       0      15    3039       0       0
  Comptn_2: TXYZ:   1.0000000000028975       U,V,W -0.52376822677038604       0.85047356427320864       -4.8595895928848165E-002
       2100                   747                   747             9.1170163E-02         1.0000000E+30              1914       
 NEXT SEEDS: B5D5376       B       0       0       0       0      15    3039       0       0
       2150                   697                   697             9.0347179E-02         1.0000000E+30              1923       
 NEXT SEEDS: D4B470F       B       0       0       0       0      15    3039       0       0
  Comptn_2: TXYZ:   1.0000000000035694       U,V,W -0.20402426248989514       0.71769897103646940       0.66579447826804383     
       2200                   647                   647             9.1012527E-02         1.0000000E+30              2265       
 NEXT SEEDS:1180AA7C       B       0       0       0       0      15    3039       0       0
       2250                   597                   597             9.0369706E-02         1.0000000E+30              2268       
 NEXT SEEDS:13B0AC84       B       0       0       0       0      15    3039       0       0
       2300                   547                   547             9.1434733E-02         1.0000000E+30              2296       
 NEXT SEEDS:18A64E8F       B       0       0       0       0      15    3039       0       0
  Comptn_2: TXYZ:   1.0000000000026912       U,V,W  -5.1520302852196664E-002 -0.88730077922522099       0.45830446821193505     
       2350                   497                   497             9.0194555E-02         1.0000000E+30              2301       
 NEXT SEEDS:19D10467       B       0       0       0       0      15    3039       0       0
  Comptn_2: TXYZ:   1.0000000000010119       U,V,W  0.99351750672087391      -0.10026344880407123        5.3574291167159060E-002
       2400                   447                   447             9.2068948E-02         1.0000000E+30              2307       
 NEXT SEEDS:2026470D       B       0       0       0       0      15    3039       0       0
       2450                   397                   397             9.1201616E-02         1.0000000E+30              2470       
 NEXT SEEDS:21E0E725       B       0       0       0       0      15    3039       0       0
       2500                   347                   347             9.0529757E-02         1.0000000E+30              2470       
 NEXT SEEDS:23E2AD6D       B       0       0       0       0      15    3039       0       0
       2550                   297                   297             9.0808461E-02         1.0000000E+30              2476       
 NEXT SEEDS:2786AE8A       B       0       0       0       0      15    3039       0       0
  Comptn_2: TXYZ:   1.0000000000038163       U,V,W  0.51008758764481854       0.85235767076294167      -0.11531285282256576     
       2600                   247                   247             9.3860693E-02         1.0000000E+30              2488       
 NEXT SEEDS:30533C1B       B       0       0       0       0      15    3039       0       0
  Comptn_2: TXYZ:   1.0000000000011720       U,V,W -0.32581892294570025      -0.36751347424819869      -0.87107742233265029     
       2650                   197                   197             9.2968838E-02         1.0000000E+30              2516       
 NEXT SEEDS:31F0A03E       B       0       0       0       0      15    3039       0       0
       2700                   147                   147             9.3070969E-02         1.0000000E+30              2527       
 NEXT SEEDS:35746DE3       B       0       0       0       0      15    3039       0       0
       2750                    97                    97             9.2471693E-02         1.0000000E+30              2531       
 NEXT SEEDS:378C3DC0       B       0       0       0       0      15    3039       0       0
       2797                    50                    50             9.1981575E-02         1.0000000E+30              2535       
 NEXT SEEDS:399B3F3A       B       0       0       0       0      15    3039       0       0
       2798                    49                    49             9.1948756E-02         1.0000000E+30              2535       
 NEXT SEEDS:399B3F3E       B       0       0       0       0      15    3039       0       0
       2799                    48                    48             9.1925271E-02         1.0000000E+30              2535       
 NEXT SEEDS:399F6F5B       B       0       0       0       0      15    3039       0       0
       2800                    47                    47             9.1892495E-02         1.0000000E+30              2535       
 NEXT SEEDS:399F6F5F       B       0       0       0       0      15    3039       0       0
       2801                    46                    46             9.1859732E-02         1.0000000E+30              2535       
 NEXT SEEDS:399F6F63       B       0       0       0       0      15    3039       0       0
       2802                    45                    45             9.1826981E-02         1.0000000E+30              2535       
 NEXT SEEDS:399F6F67       B       0       0       0       0      15    3039       0       0
       2803                    44                    44             9.1829485E-02         1.0000000E+30              2536       
 NEXT SEEDS:39B13ADA       B       0       0       0       0      15    3039       0       0
       2804                    43                    43             9.1796801E-02         1.0000000E+30              2536       
 NEXT SEEDS:39B13ADE       B       0       0       0       0      15    3039       0       0
       2805                    42                    42             9.1769242E-02         1.0000000E+30              2536       
 NEXT SEEDS:39B3D8A5       B       0       0       0       0      15    3039       0       0
       2806                    41                    41             9.1736581E-02         1.0000000E+30              2536       
 NEXT SEEDS:39B3D8A9       B       0       0       0       0      15    3039       0       0
       2807                    40                    40             9.1741256E-02         1.0000000E+30              2536       
 NEXT SEEDS:39C61188       B       0       0       0       0      15    3039       0       0
       2808                    39                    39             9.1903938E-02         1.0000000E+30              2536       
 NEXT SEEDS:3A21F1C6       B       0       0       0       0      15    3039       0       0
       2809                    38                    38             9.1879380E-02         1.0000000E+30              2536       
 NEXT SEEDS:3A259C55       B       0       0       0       0      15    3039       0       0
       2810                    37                    37             9.1846737E-02         1.0000000E+30              2536       
 NEXT SEEDS:3A259C59       B       0       0       0       0      15    3039       0       0
       2811                    36                    36             9.1828046E-02         1.0000000E+30              2536       
 NEXT SEEDS:3A2C2A1D       B       0       0       0       0      15    3039       0       0
       2812                    35                    35             9.1795434E-02         1.0000000E+30              2536       
 NEXT SEEDS:3A2C2A21       B       0       0       0       0      15    3039       0       0
       2813                    34                    34             9.2593339E-02         1.0000000E+30              2536       
 NEXT SEEDS:   A46A1       C       0       0       0       0      15    3039       0       0
       2814                    33                    33             9.2566540E-02         1.0000000E+30              2536       
 NEXT SEEDS:   D849E       C       0       0       0       0      15    3039       0       0
       2815                    32                    32             9.2533700E-02         1.0000000E+30              2536       
 NEXT SEEDS:   D84A2       C       0       0       0       0      15    3039       0       0
       2816                    31                    31             9.2531065E-02         1.0000000E+30              2536       
 NEXT SEEDS:  1C7036       C       0       0       0       0      15    3039       0       0
       2817                    30                    30             9.2498272E-02         1.0000000E+30              2536       
 NEXT SEEDS:  1C703A       C       0       0       0       0      15    3039       0       0
       2818                    29                    29             9.2465491E-02         1.0000000E+30              2536       
 NEXT SEEDS:  1C703E       C       0       0       0       0      15    3039       0       0
       2819                    28                    28             9.2452772E-02         1.0000000E+30              2536       
 NEXT SEEDS:  2630CC       C       0       0       0       0      15    3039       0       0
       2820                    27                    27             9.2444218E-02         1.0000000E+30              2536       
 NEXT SEEDS:  324209       C       0       0       0       0      15    3039       0       0
       2821                    26                    26             9.2427880E-02         1.0000000E+30              2536       
 NEXT SEEDS:  3A7CA1       C       0       0       0       0      15    3039       0       0
       2822                    25                    25             9.2543703E-02         1.0000000E+30              2536       
 NEXT SEEDS:  85A561       C       0       0       0       0      15    3039       0       0
       2823                    24                    24             9.2510986E-02         1.0000000E+30              2536       
 NEXT SEEDS:  85A565       C       0       0       0       0      15    3039       0       0
       2824                    23                    23             9.2530552E-02         1.0000000E+30              2536       
 NEXT SEEDS:  9F658E       C       0       0       0       0      15    3039       0       0
       2825                    22                    22             9.2591166E-02         1.0000000E+30              2536       
 NEXT SEEDS:  CB7A0A       C       0       0       0       0      15    3039       0       0
       2826                    21                    21             9.2693096E-02         1.0000000E+30              2536       
 NEXT SEEDS: 1104707       C       0       0       0       0      15    3039       0       0
       2827                    20                    20             9.2695802E-02         1.0000000E+30              2536       
 NEXT SEEDS: 121C277       C       0       0       0       0      15    3039       0       0
       2828                    19                    19             9.2663088E-02         1.0000000E+30              2536       
 NEXT SEEDS: 121C27B       C       0       0       0       0      15    3039       0       0
       2829                    18                    18             9.2641477E-02         1.0000000E+30              2537       
 NEXT SEEDS: 12777B2       C       0       0       0       0      15    3039       0       0
       2830                    17                    17             9.2663069E-02         1.0000000E+30              2537       
 NEXT SEEDS: 14307BA       C       0       0       0       0      15    3039       0       0
       2831                    16                    16             9.2644351E-02         1.0000000E+30              2537       
 NEXT SEEDS: 149EF74       C       0       0       0       0      15    3039       0       0
       2832                    15                    15             9.2626886E-02         1.0000000E+30              2537       
 NEXT SEEDS: 151E6BA       C       0       0       0       0      15    3039       0       0
       2833                    14                    14             9.2594244E-02         1.0000000E+30              2537       
 NEXT SEEDS: 151E6BE       C       0       0       0       0      15    3039       0       0
       2834                    13                    13             9.2612549E-02         1.0000000E+30              2537       
 NEXT SEEDS: 16BB383       C       0       0       0       0      15    3039       0       0
       2835                    12                    12             9.2579946E-02         1.0000000E+30              2537       
 NEXT SEEDS: 16BB387       C       0       0       0       0      15    3039       0       0
       2836                    11                    11             9.2554049E-02         1.0000000E+30              2537       
 NEXT SEEDS: 16F384E       C       0       0       0       0      15    3039       0       0
       2837                    10                    10             9.2551049E-02         1.0000000E+30              2537       
 NEXT SEEDS: 17E4174       C       0       0       0       0      15    3039       0       0
       2838                     9                     9             9.2518503E-02         1.0000000E+30              2537       
 NEXT SEEDS: 17E4178       C       0       0       0       0      15    3039       0       0
       2839                     8                     8             9.2507456E-02         1.0000000E+30              2537       
 NEXT SEEDS: 189C7EA       C       0       0       0       0      15    3039       0       0
       2840                     7                     7             9.2552262E-02         1.0000000E+30              2537       
 NEXT SEEDS: 1AEC22E       C       0       0       0       0      15    3039       0       0
       2841                     6                     6             9.2519739E-02         1.0000000E+30              2537       
 NEXT SEEDS: 1AEC232       C       0       0       0       0      15    3039       0       0
       2842                     5                     5             9.2581497E-02         1.0000000E+30              2537       
 NEXT SEEDS: 1DEEC3D       C       0       0       0       0      15    3039       0       0
       2843                     4                     4             9.2773751E-02         1.0000000E+30              2537       
 NEXT SEEDS: 2503167       C       0       0       0       0      15    3039       0       0
       2844                     3                     3             9.2741194E-02         1.0000000E+30              2537       
 NEXT SEEDS: 250316B       C       0       0       0       0      15    3039       0       0
       2845                     2                     2             9.2708639E-02         1.0000000E+30              2537       
 NEXT SEEDS: 250316F       C       0       0       0       0      15    3039       0       0
       2846                     1                     1             9.2767145E-02         1.0000000E+30              2537       
 NEXT SEEDS: 27E1379       C       0       0       0       0      15    3039       0       0
       2847                     0                     1             9.2775251E-02         1.0000000E+30              2537       
 NEXT SEEDS: 292DB21       C       0       0       0       0      15    3039       0       0
