1NUMBER OF BEAM       NUMBER OF BEAM        APPROXIMATE NUMBER    AVERAGE TIME USED     TIME LEFT (RESERVED   NUMBER OF STARS
 PARTICLES HANDLED    PARTICLES LEFT        OF BEAM PARTICLES     BY A BEAM PARTICLE     10000.0 SECONDS      CREATED
                                            THAT CAN STILL BE                           FOR PRINTOUT)
                                            HANDLED

 NEXT SEEDS: 6EB2499       3       0       0       0       0      15    3039       0       0
          1                  2846                  2846             1.2601399E-01         1.0000000E+30                 1       
 NEXT SEEDS: 7024E14       3       0       0       0       0      15    3039       0       0
         50                  2797                  2797             4.7660780E-02         1.0000000E+30                 1       
 NEXT SEEDS: 8ABCA3D       3       0       0       0       0      15    3039       0       0
        100                  2747                  2747             4.5790229E-02         1.0000000E+30                 4       
 NEXT SEEDS: A466281       3       0       0       0       0      15    3039       0       0
        150                  2697                  2697             7.3890114E-02         1.0000000E+30                 7       
 NEXT SEEDS: F0025A6       3       0       0       0       0      15    3039       0       0
        200                  2647                  2647             8.3381076E-02         1.0000000E+30                13       
 NEXT SEEDS:131534DF       3       0       0       0       0      15    3039       0       0
        250                  2597                  2597             7.7633801E-02         1.0000000E+30                23       
 NEXT SEEDS:1510DADA       3       0       0       0       0      15    3039       0       0
  Comptn_2: TXYZ:  0.99999999999850675       U,V,W  0.13995464338201202       0.96009738949122247       0.24212744678466436     
        300                  2547                  2547             7.4440832E-02         1.0000000E+30                49       
 NEXT SEEDS:1731DA4E       3       0       0       0       0      15    3039       0       0
        350                  2497                  2497             7.0101822E-02         1.0000000E+30                52       
 NEXT SEEDS:18CD7B18       3       0       0       0       0      15    3039       0       0
  *** Kbar: P_min > 1.8 GeV/c:           25   3.0947137555773079     
  *** Kbar: P_min > 1.8 GeV/c:           25   3.0946999029296443     
  *** Kbar: P_min > 1.8 GeV/c:           25   2.6615765902540964     
  *** Kbar: P_min > 1.8 GeV/c:           25   3.5478724753608231     
        400                  2447                  2447             7.1917007E-02         1.0000000E+30                87       
 NEXT SEEDS:1BD94237       3       0       0       0       0      15    3039       0       0
  *** Kaon: P_min > 1.5 GeV/c:           15   20.692074103424794     
  *** Kaon: P_min > 1.5 GeV/c:           15   20.454337231494982     
  *** Kaon: P_min > 1.5 GeV/c:           15   17.409834556623196     
  *** Kaon: P_min > 1.5 GeV/c:           15   12.228307694593822     
  *** Kaon: P_min > 1.5 GeV/c:           15   11.340634316980305     
  *** Kaon: P_min > 1.5 GeV/c:           15   11.315955843846961     
  *** Kaon: P_min > 1.5 GeV/c:           15   7.0685164389131749     
  *** Kaon: P_min > 1.5 GeV/c:           15   6.8957279606653694     
  *** Kaon: P_min > 1.5 GeV/c:           15   8.1521511063686773     
  *** Kaon: P_min > 1.5 GeV/c:           24   1.7509991938312619     
  *** Kaon: P_min > 1.5 GeV/c:           24   4.1820834780359259     
  *** Kaon: P_min > 1.5 GeV/c:           24   4.1812030413567856     
  *** Kaon: P_min > 1.5 GeV/c:           24   3.6381274360200391     
  *** Kaon: P_min > 1.5 GeV/c:           24   4.6322220879215132     
  *** Kaon: P_min > 1.5 GeV/c:           24   5.4275049344128963     
  *** Kaon: P_min > 1.5 GeV/c:           24   4.6130647953334503     
        450                  2397                  2397             7.1708423E-02         1.0000000E+30               322       
 NEXT SEEDS:1E6A85EB       3       0       0       0       0      15    3039       0       0
        500                  2347                  2347             6.9763937E-02         1.0000000E+30               323       
 NEXT SEEDS:204ED711       3       0       0       0       0      15    3039       0       0
        550                  2297                  2297             7.3525271E-02         1.0000000E+30               374       
 NEXT SEEDS:245538BC       3       0       0       0       0      15    3039       0       0
  Comptn_2: TXYZ:   1.0000000000023723       U,V,W  0.79349861053319115       0.59614824561580448      -0.12234060786781242     
        600                  2247                  2247             7.6462000E-02         1.0000000E+30               423       
 NEXT SEEDS:28365E71       3       0       0       0       0      15    3039       0       0
  Comptn_2: TXYZ:  0.99999999997109867       U,V,W -0.45972266371153836       0.74855940398211374      -0.47782202874188329     
        650                  2197                  2197             7.7269016E-02         1.0000000E+30               425       
 NEXT SEEDS:2B5E06C3       3       0       0       0       0      15    3039       0       0
  Comptn_2: TXYZ:   1.0000000000011839       U,V,W  0.48846578742350744       0.45625259407616170      -0.74379751607321865     
        700                  2147                  2147             7.8892151E-02         1.0000000E+30               430       
 NEXT SEEDS:2ED5E086       3       0       0       0       0      15    3039       0       0
        750                  2097                  2097             7.7790796E-02         1.0000000E+30               445       
 NEXT SEEDS:311534AA       3       0       0       0       0      15    3039       0       0
        800                  2047                  2047             7.8781394E-02         1.0000000E+30               447       
 NEXT SEEDS:34793242       3       0       0       0       0      15    3039       0       0
  Comptn_2: TXYZ:  0.99999999993182398       U,V,W  -6.7284339957495831E-002  0.25736071365389812       0.96397006208484726     
        850                  1997                  1997             7.9231737E-02         1.0000000E+30               649       
 NEXT SEEDS:379EACC8       3       0       0       0       0      15    3039       0       0
        900                  1947                  1947             7.9228667E-02         1.0000000E+30               651       
 NEXT SEEDS:3A7D4D82       3       0       0       0       0      15    3039       0       0
  Comptn_2: TXYZ:  0.99999999999728872       U,V,W  0.15274232722515535       0.40254021399921236       0.90256919822504500     
        950                  1897                  1897             7.9463026E-02         1.0000000E+30               716       
 NEXT SEEDS: 1E9D9A3       4       0       0       0       0      15    3039       0       0
       1000                  1847                  1847             7.9903945E-02         1.0000000E+30               719       
 NEXT SEEDS: 50F9D48       4       0       0       0       0      15    3039       0       0
       1050                  1797                  1797             7.8367578E-02         1.0000000E+30               732       
 NEXT SEEDS: 6CF68D2       4       0       0       0       0      15    3039       0       0
       1100                  1747                  1747             7.9311113E-02         1.0000000E+30               735       
 NEXT SEEDS: A70F8AC       4       0       0       0       0      15    3039       0       0
  Comptn_2: TXYZ:  0.99999999999879741       U,V,W -0.21967899275786351       0.35552179458549205      -0.90848521931531678     
  Comptn_2: TXYZ:   1.0000000000068057       U,V,W  0.31156047962521427      -0.29308088074941452      -0.90389914530419802     
  Comptn_2: TXYZ:  0.99999999999759182       U,V,W  0.85478422902092177       0.48332154663116000      -0.18906137727405792     
       1150                  1697                  1697             8.1566022E-02         1.0000000E+30               737       
 NEXT SEEDS: F4A9832       4       0       0       0       0      15    3039       0       0
  Comptn_2: TXYZ:  0.99999999998729838       U,V,W -0.75017741401999416       0.46476411976195209      -0.47034897731734304     
  Comptn_2: TXYZ:   1.0000000000020768       U,V,W  0.50368683542525972      -0.81248681004846901      -0.29353833705093280     
  Comptn_2: TXYZ:   1.0000000000022975       U,V,W -0.98864081114527558       0.14706086383993977        3.1023360020469681E-002
       1200                  1647                  1647             8.0418503E-02         1.0000000E+30               741       
 NEXT SEEDS:11428A98       4       0       0       0       0      15    3039       0       0
       1250                  1597                  1597             8.0007433E-02         1.0000000E+30               755       
 NEXT SEEDS:13D1F60B       4       0       0       0       0      15    3039       0       0
       1300                  1547                  1547             7.9825227E-02         1.0000000E+30              1288       
 NEXT SEEDS:16888974       4       0       0       0       0      15    3039       0       0
  Comptn_2: TXYZ:   1.0000000000018074       U,V,W  -8.7492060177154940E-002   5.7518499453459077E-002  0.99450327381481607     
  Comptn_2: TXYZ:   1.0000000000019669       U,V,W  0.50156600446470634      -0.82234352415089518      -0.26866832983134259     
       1350                  1497                  1497             7.8745862E-02         1.0000000E+30              1289       
 NEXT SEEDS:1860AD68       4       0       0       0       0      15    3039       0       0
       1400                  1447                  1447             7.8284257E-02         1.0000000E+30              1291       
 NEXT SEEDS:1AC74157       4       0       0       0       0      15    3039       0       0
  Comptn_2: TXYZ:  0.99999999999185030       U,V,W -0.49557491277920462       0.60652104924393768      -0.62172157967997776     
       1450                  1397                  1397             8.0321818E-02         1.0000000E+30              1357       
 NEXT SEEDS:1FD0ED2B       4       0       0       0       0      15    3039       0       0
       1500                  1347                  1347             7.9571456E-02         1.0000000E+30              1377       
 NEXT SEEDS:21EDBB9D       4       0       0       0       0      15    3039       0       0
       1550                  1297                  1297             7.8882086E-02         1.0000000E+30              1378       
 NEXT SEEDS:240F89A0       4       0       0       0       0      15    3039       0       0
  Comptn_2: TXYZ:  0.99999999998552958       U,V,W  0.76404952647975222      -0.64261950244575416        5.7170763052170059E-002
       1600                  1247                  1247             7.9496931E-02         1.0000000E+30              1408       
 NEXT SEEDS:27A470C3       4       0       0       0       0      15    3039       0       0
       1650                  1197                  1197             7.9080213E-02         1.0000000E+30              1409       
 NEXT SEEDS:2A0F7958       4       0       0       0       0      15    3039       0       0
  Comptn_2: TXYZ:  0.99999999999802469       U,V,W  0.47975917017200942       0.82517664311991190       0.29818559033468262     
       1700                  1147                  1147             7.8965359E-02         1.0000000E+30              1429       
 NEXT SEEDS:2CCDEF4F       4       0       0       0       0      15    3039       0       0
       1750                  1097                  1097             8.0406481E-02         1.0000000E+30              1435       
 NEXT SEEDS:319BF3D3       4       0       0       0       0      15    3039       0       0
       1800                  1047                  1047             8.0125202E-02         1.0000000E+30              1436       
 NEXT SEEDS:3428C23F       4       0       0       0       0      15    3039       0       0
  Comptn_2: TXYZ:   1.0000000000075537       U,V,W -0.45284060484336663      -0.89138111815472598        1.9367209656479645E-002
  *** Hhflev: call to Hadriv !! ***  0.86347146685708576        3.5000000000000000        1.5941166113936887               14 T F T
       1850                   997                   997             8.2080568E-02         1.0000000E+30              1972       
 NEXT SEEDS:39C36CCD       4       0       0       0       0      15    3039       0       0
       1900                   947                   947             8.2100536E-02         1.0000000E+30              2057       
 NEXT SEEDS: 12C10FD       5       0       0       0       0      15    3039       0       0
       1950                   897                   897             8.2135624E-02         1.0000000E+30              2065       
 NEXT SEEDS: 4417F1E       5       0       0       0       0      15    3039       0       0
       2000                   847                   847             8.1227329E-02         1.0000000E+30              2066       
 NEXT SEEDS: 5F16EA7       5       0       0       0       0      15    3039       0       0
  Comptn_2: TXYZ:  0.99999999999193401       U,V,W -0.44254863028764646       0.65657323581656613      -0.61078825777173051     
       2050                   797                   797             8.0886985E-02         1.0000000E+30              2146       
 NEXT SEEDS: 86B0EF3       5       0       0       0       0      15    3039       0       0
       2100                   747                   747             8.2481656E-02         1.0000000E+30              2213       
 NEXT SEEDS: DCC38FC       5       0       0       0       0      15    3039       0       0
  Comptn_2: TXYZ:  0.99999999999258815       U,V,W -0.61540499205258925       0.77170662200846607      -0.16045430906530100     
       2150                   697                   697             8.2627489E-02         1.0000000E+30              2220       
 NEXT SEEDS:110459AE       5       0       0       0       0      15    3039       0       0
  Comptn_2: TXYZ:   1.0000000000022644       U,V,W -0.96561477215902158        6.6481224820526208E-002 -0.25133316242968817     
       2200                   647                   647             8.3415197E-02         1.0000000E+30              2222       
 NEXT SEEDS:153138DC       5       0       0       0       0      15    3039       0       0
  Comptn_2: TXYZ:  0.99999999999794464       U,V,W -0.53622152683833679      -0.59696246034930311      -0.59674307292738149     
  Comptn_2: TXYZ:  0.99999999999433264       U,V,W   3.9965304191014184E-002  -5.7955479951523614E-002  0.99751889044711373     
       2250                   597                   597             8.2738189E-02         1.0000000E+30              2508       
 NEXT SEEDS:17208C95       5       0       0       0       0      15    3039       0       0
  Comptn_2: TXYZ:   1.0000000000010627       U,V,W  0.52219074711519653      -0.65142953322157027       0.55041474078649344     
       2300                   547                   547             8.2322868E-02         1.0000000E+30              2517       
 NEXT SEEDS:1976645F       5       0       0       0       0      15    3039       0       0
  Comptn_2: TXYZ:   1.0000000000018390       U,V,W  0.75055863316698179        6.6567237096876397E-002  0.65744242419062005     
  Comptn_2: TXYZ:  0.99999999999507705       U,V,W   6.5080002184743080E-003 -0.89145064345217406       0.45307107192684271     
       2350                   497                   497             8.3054527E-02         1.0000000E+30              2797       
 NEXT SEEDS:1DBBEA04       5       0       0       0       0      15    3039       0       0
       2400                   447                   447             8.2637173E-02         1.0000000E+30              2804       
 NEXT SEEDS:20080B1B       5       0       0       0       0      15    3039       0       0
  Comptn_2: TXYZ:   1.0000000000014702       U,V,W -0.60503119604975097       0.79479885596295219       -4.7244368638605039E-002
       2450                   397                   397             8.2013173E-02         1.0000000E+30              2805       
 NEXT SEEDS:21ED6B50       5       0       0       0       0      15    3039       0       0
       2500                   347                   347             8.1931668E-02         1.0000000E+30              2851       
 NEXT SEEDS:24CBF5EE       5       0       0       0       0      15    3039       0       0
  Comptn_2: TXYZ:  0.99999999999763423       U,V,W  0.84526347085334663      -0.50558051412956218      -0.17296822994722305     
  Comptn_2: TXYZ:  0.99999999999653433       U,V,W   4.3650772478997624E-002  0.68073141192937925      -0.73123139625644828     
       2550                   297                   297             8.2190548E-02         1.0000000E+30              2853       
 NEXT SEEDS:284A012D       5       0       0       0       0      15    3039       0       0
       2600                   247                   247             8.1543676E-02         1.0000000E+30              2857       
 NEXT SEEDS:2A103D2D       5       0       0       0       0      15    3039       0       0
  Comptn_2: TXYZ:   1.0000000000023690       U,V,W  0.50073036544650051      -0.14755309579568632      -0.85293445530315637     
       2650                   197                   197             8.1528484E-02         1.0000000E+30              2864       
 NEXT SEEDS:2D00951E       5       0       0       0       0      15    3039       0       0
       2700                   147                   147             8.2691755E-02         1.0000000E+30              2866       
 NEXT SEEDS:324540E5       5       0       0       0       0      15    3039       0       0
  Comptn_2: TXYZ:  0.99999999999832245       U,V,W  -9.9638693779724008E-002 -0.48579865760196128      -0.86837307361083305     
       2750                    97                    97             8.2890378E-02         1.0000000E+30              2878       
 NEXT SEEDS:35BABE84       5       0       0       0       0      15    3039       0       0
  Comptn_2: TXYZ:   1.0000000000010125       U,V,W  0.28481677971881147      -0.31152925185952540       0.90654780746933739     
  Comptn_2: TXYZ:   1.0000000000036455       U,V,W  -8.9664293057012401E-005 -0.98581870353224943       0.16781381269119322     
       2797                    50                    50             8.2495644E-02         1.0000000E+30              2887       
 NEXT SEEDS:37CD38D0       5       0       0       0       0      15    3039       0       0
       2798                    49                    49             8.2476588E-02         1.0000000E+30              2887       
 NEXT SEEDS:37D2AB2F       5       0       0       0       0      15    3039       0       0
       2799                    48                    48             8.2461448E-02         1.0000000E+30              2887       
 NEXT SEEDS:37DA4000       5       0       0       0       0      15    3039       0       0
       2800                    47                    47             8.2432041E-02         1.0000000E+30              2887       
 NEXT SEEDS:37DA4004       5       0       0       0       0      15    3039       0       0
       2801                    46                    46             8.2443926E-02         1.0000000E+30              2887       
 NEXT SEEDS:37F13FEC       5       0       0       0       0      15    3039       0       0
       2802                    45                    45             8.2416910E-02         1.0000000E+30              2887       
 NEXT SEEDS:37F2958B       5       0       0       0       0      15    3039       0       0
       2803                    44                    44             8.2387550E-02         1.0000000E+30              2887       
 NEXT SEEDS:37F2958F       5       0       0       0       0      15    3039       0       0
       2804                    43                    43             8.2374194E-02         1.0000000E+30              2887       
 NEXT SEEDS:37FB252B       5       0       0       0       0      15    3039       0       0
       2805                    42                    42             8.2344871E-02         1.0000000E+30              2887       
 NEXT SEEDS:37FB252F       5       0       0       0       0      15    3039       0       0
       2806                    41                    41             8.2315563E-02         1.0000000E+30              2887       
 NEXT SEEDS:37FB2533       5       0       0       0       0      15    3039       0       0
       2807                    40                    40             8.2295425E-02         1.0000000E+30              2887       
 NEXT SEEDS:3800012A       5       0       0       0       0      15    3039       0       0
       2808                    39                    39             8.2288081E-02         1.0000000E+30              2887       
 NEXT SEEDS:380B5DB4       5       0       0       0       0      15    3039       0       0
       2809                    38                    38             8.3468707E-02         1.0000000E+30              2887       
 NEXT SEEDS:3A87D98F       5       0       0       0       0      15    3039       0       0
       2810                    37                    37             8.3439063E-02         1.0000000E+30              2887       
 NEXT SEEDS:3A87D993       5       0       0       0       0      15    3039       0       0
       2811                    36                    36             8.3466474E-02         1.0000000E+30              2887       
 NEXT SEEDS:3AA62DA4       5       0       0       0       0      15    3039       0       0
       2812                    35                    35             8.3517058E-02         1.0000000E+30              2888       
 NEXT SEEDS:3ACFA248       5       0       0       0       0      15    3039       0       0
       2813                    34                    34             8.3505507E-02         1.0000000E+30              2889       
 NEXT SEEDS:3AD904BC       5       0       0       0       0      15    3039       0       0
       2814                    33                    33             8.3475876E-02         1.0000000E+30              2889       
 NEXT SEEDS:3AD904C0       5       0       0       0       0      15    3039       0       0
       2815                    32                    32             8.3446260E-02         1.0000000E+30              2889       
 NEXT SEEDS:3AD904C4       5       0       0       0       0      15    3039       0       0
       2816                    31                    31             8.3447887E-02         1.0000000E+30              2889       
 NEXT SEEDS:3AE8E8F4       5       0       0       0       0      15    3039       0       0
       2817                    30                    30             8.3418307E-02         1.0000000E+30              2889       
 NEXT SEEDS:3AE8E8F8       5       0       0       0       0      15    3039       0       0
       2818                    29                    29             8.3406514E-02         1.0000000E+30              2889       
 NEXT SEEDS:3AF23A60       5       0       0       0       0      15    3039       0       0
       2819                    28                    28             8.3410719E-02         1.0000000E+30              2889       
 NEXT SEEDS:3B04E85E       5       0       0       0       0      15    3039       0       0
       2820                    27                    27             8.3409300E-02         1.0000000E+30              2889       
 NEXT SEEDS:3B13B209       5       0       0       0       0      15    3039       0       0
       2821                    26                    26             8.3433287E-02         1.0000000E+30              2889       
 NEXT SEEDS:3B2EB157       5       0       0       0       0      15    3039       0       0
       2822                    25                    25             8.3403770E-02         1.0000000E+30              2889       
 NEXT SEEDS:3B2EB15B       5       0       0       0       0      15    3039       0       0
       2823                    24                    24             8.3382707E-02         1.0000000E+30              2889       
 NEXT SEEDS:3B3367A0       5       0       0       0       0      15    3039       0       0
       2824                    23                    23             8.3369698E-02         1.0000000E+30              2889       
 NEXT SEEDS:3B3C27C6       5       0       0       0       0      15    3039       0       0
       2825                    22                    22             8.3347856E-02         1.0000000E+30              2889       
 NEXT SEEDS:3B4071C0       5       0       0       0       0      15    3039       0       0
       2826                    21                    21             8.3318401E-02         1.0000000E+30              2889       
 NEXT SEEDS:3B4071C4       5       0       0       0       0      15    3039       0       0
       2827                    20                    20             8.3315500E-02         1.0000000E+30              2889       
 NEXT SEEDS:3B4F1F13       5       0       0       0       0      15    3039       0       0
       2828                    19                    19             8.3303165E-02         1.0000000E+30              2889       
 NEXT SEEDS:3B58A906       5       0       0       0       0      15    3039       0       0
       2829                    18                    18             8.3284442E-02         1.0000000E+30              2890       
 NEXT SEEDS:3B5E8CC8       5       0       0       0       0      15    3039       0       0
       2830                    17                    17             8.3264308E-02         1.0000000E+30              2890       
 NEXT SEEDS:3B63A23D       5       0       0       0       0      15    3039       0       0
       2831                    16                    16             8.3241769E-02         1.0000000E+30              2890       
 NEXT SEEDS:3B6769CD       5       0       0       0       0      15    3039       0       0
       2832                    15                    15             8.3234272E-02         1.0000000E+30              2890       
 NEXT SEEDS:3B72D54A       5       0       0       0       0      15    3039       0       0
       2833                    14                    14             8.3204935E-02         1.0000000E+30              2890       
 NEXT SEEDS:3B72D54E       5       0       0       0       0      15    3039       0       0
       2834                    13                    13             8.3199497E-02         1.0000000E+30              2890       
 NEXT SEEDS:3B7F9F1B       5       0       0       0       0      15    3039       0       0
       2835                    12                    12             8.3170193E-02         1.0000000E+30              2890       
 NEXT SEEDS:3B7F9F1F       5       0       0       0       0      15    3039       0       0
       2836                    11                    11             8.3177071E-02         1.0000000E+30              2890       
 NEXT SEEDS:3B92DA12       5       0       0       0       0      15    3039       0       0
       2837                    10                    10             8.3180486E-02         1.0000000E+30              2890       
 NEXT SEEDS:   A7470       6       0       0       0       0      15    3039       0       0
       2838                     9                     9             8.3151220E-02         1.0000000E+30              2890       
 NEXT SEEDS:   A7474       6       0       0       0       0      15    3039       0       0
       2839                     8                     8             8.3147219E-02         1.0000000E+30              2892       
 NEXT SEEDS:  18D434       6       0       0       0       0      15    3039       0       0
       2840                     7                     7             8.3117984E-02         1.0000000E+30              2892       
 NEXT SEEDS:  18D438       6       0       0       0       0      15    3039       0       0
       2841                     6                     6             8.3100211E-02         1.0000000E+30              2892       
 NEXT SEEDS:  1ED46D       6       0       0       0       0      15    3039       0       0
       2842                     5                     5             8.3400221E-02         1.0000000E+30              2892       
 NEXT SEEDS:  D7246C       6       0       0       0       0      15    3039       0       0
       2843                     4                     4             8.3407275E-02         1.0000000E+30              2892       
 NEXT SEEDS:  EAB519       6       0       0       0       0      15    3039       0       0
       2844                     3                     3             8.3392606E-02         1.0000000E+30              2892       
 NEXT SEEDS:  F27E0A       6       0       0       0       0      15    3039       0       0
       2845                     2                     2             8.3381626E-02         1.0000000E+30              2893       
 NEXT SEEDS:  FC43E2       6       0       0       0       0      15    3039       0       0
       2846                     1                     1             8.3352371E-02         1.0000000E+30              2893       
 NEXT SEEDS:  FC43E6       6       0       0       0       0      15    3039       0       0
       2847                     0                     1             8.3379364E-02         1.0000000E+30              2893       
 NEXT SEEDS: 11A65BA       6       0       0       0       0      15    3039       0       0
