1NUMBER OF BEAM       NUMBER OF BEAM        APPROXIMATE NUMBER    AVERAGE TIME USED     TIME LEFT (RESERVED   NUMBER OF STARS
 PARTICLES HANDLED    PARTICLES LEFT        OF BEAM PARTICLES     BY A BEAM PARTICLE     10000.0 SECONDS      CREATED
                                            THAT CAN STILL BE                           FOR PRINTOUT)
                                            HANDLED

 NEXT SEEDS:       0       0       0       0       0       0       3    3039       0       0
          1                  2152                  2152             1.5380859E-02         1.0000000E+30                 0       
 NEXT SEEDS:   21FE1       0       0       0       0       0       3    3039       0       0
         40                  2113                  2113             4.4141203E-02         1.0000000E+30                68       
 NEXT SEEDS: 140F1A3       0       0       0       0       0       3    3039       0       0
         80                  2073                  2073             3.2438502E-02         1.0000000E+30                80       
 NEXT SEEDS: 1D7DEB3       0       0       0       0       0       3    3039       0       0
  Comptn_2: TXYZ:  0.99999999999766820       U,V,W  0.27738254195374168      -0.32743958932104533       0.90323985782416294     
        120                  2033                  2033             3.0293284E-02         1.0000000E+30                80       
 NEXT SEEDS: 295C95B       0       0       0       0       0       3    3039       0       0
        160                  1993                  1993             2.9307787E-02         1.0000000E+30                89       
 NEXT SEEDS: 353F2AB       0       0       0       0       0       3    3039       0       0
        200                  1953                  1953             2.9502388E-02         1.0000000E+30               102       
 NEXT SEEDS: 43180D6       0       0       0       0       0       3    3039       0       0
        240                  1913                  1913             3.5893167E-02         1.0000000E+30               104       
 NEXT SEEDS: 6238AE0       0       0       0       0       0       3    3039       0       0
        280                  1873                  1873             3.3715477E-02         1.0000000E+30               117       
 NEXT SEEDS: 6B9F599       0       0       0       0       0       3    3039       0       0
        320                  1833                  1833             3.6240683E-02         1.0000000E+30               123       
 NEXT SEEDS: 83DB44D       0       0       0       0       0       3    3039       0       0
        360                  1793                  1793             3.8134978E-02         1.0000000E+30               124       
 NEXT SEEDS: 9BD086C       0       0       0       0       0       3    3039       0       0
  *** Hhflev: call to Hadriv !! ***  0.59281500019564348        3.5000000000000000        1.4292284211667712               14 T F T
  *** Kaon: P_min > 1.5 GeV/c:           24   1.6427131349265178     
  *** Kaon: P_min > 1.5 GeV/c:           24   1.6411810049077078     
  *** Kaon: P_min > 1.5 GeV/c:           24   2.1161078564839992     
  *** Kaon: P_min > 1.5 GeV/c:           15   1.6710176378209836     
        400                  1753                  1753             3.7231427E-02         1.0000000E+30               447       
 NEXT SEEDS: A940171       0       0       0       0       0       3    3039       0       0
        440                  1713                  1713             3.5640175E-02         1.0000000E+30               448       
 NEXT SEEDS: B1F4F94       0       0       0       0       0       3    3039       0       0
  Comptn_2: TXYZ:  0.99999999999713096       U,V,W   8.8536879087662612E-002  0.59938145773618601      -0.79555206565038361     
  Comptn_2: TXYZ:   1.0000000000019971       U,V,W -0.86944399604449529       0.33292031875657813       0.36500849182340289     
        480                  1673                  1673             3.4957517E-02         1.0000000E+30               455       
 NEXT SEEDS: BE6A6DD       0       0       0       0       0       3    3039       0       0
        520                  1633                  1633             3.3803254E-02         1.0000000E+30               458       
 NEXT SEEDS: C7604EC       0       0       0       0       0       3    3039       0       0
        560                  1593                  1593             3.2682688E-02         1.0000000E+30               461       
 NEXT SEEDS: CF7BC73       0       0       0       0       0       3    3039       0       0
        600                  1553                  1553             3.1490546E-02         1.0000000E+30               464       
 NEXT SEEDS: D62B3D3       0       0       0       0       0       3    3039       0       0
        640                  1513                  1513             3.2203058E-02         1.0000000E+30               470       
 NEXT SEEDS: E9ED6B4       0       0       0       0       0       3    3039       0       0
        680                  1473                  1473             3.5648015E-02         1.0000000E+30               475       
 NEXT SEEDS:113181CB       0       0       0       0       0       3    3039       0       0
        720                  1433                  1433             3.5306772E-02         1.0000000E+30               480       
 NEXT SEEDS:1205AE99       0       0       0       0       0       3    3039       0       0
        760                  1393                  1393             3.4463792E-02         1.0000000E+30               484       
 NEXT SEEDS:1290FD73       0       0       0       0       0       3    3039       0       0
        800                  1353                  1353             3.3549679E-02         1.0000000E+30               484       
 NEXT SEEDS:13023CE1       0       0       0       0       0       3    3039       0       0
        840                  1313                  1313             3.4660124E-02         1.0000000E+30               489       
 NEXT SEEDS:149DECD9       0       0       0       0       0       3    3039       0       0
        880                  1273                  1273             3.4438116E-02         1.0000000E+30               490       
 NEXT SEEDS:157811EF       0       0       0       0       0       3    3039       0       0
        920                  1233                  1233             3.3664194E-02         1.0000000E+30               490       
 NEXT SEEDS:15F1A6C1       0       0       0       0       0       3    3039       0       0
        960                  1193                  1193             3.2995081E-02         1.0000000E+30               493       
 NEXT SEEDS:167049B4       0       0       0       0       0       3    3039       0       0
       1000                  1153                  1153             3.2769039E-02         1.0000000E+30               497       
 NEXT SEEDS:1736B82E       0       0       0       0       0       3    3039       0       0
  *** Kbar: P_min > 1.8 GeV/c:           16   30.166001443275842     
  *** Kaon: P_min > 1.5 GeV/c:           24   3.4135882923488858     
  *** Kaon: P_min > 1.5 GeV/c:           24   3.4135789217212218     
  *** Kaon: P_min > 1.5 GeV/c:           24   3.5737811567455626     
  *** Kaon: P_min > 1.5 GeV/c:           24   2.7851186995499422     
  *** Kaon: P_min > 1.5 GeV/c:           24   3.4966067718035694     
  *** Kaon: P_min > 1.5 GeV/c:           24   1.9570418914331633     
  *** Kaon: P_min > 1.5 GeV/c:           24   1.7319481137769339     
  *** Kbar: P_min > 1.8 GeV/c:           16   29.820878793085097     
  *** Kbar: P_min > 1.8 GeV/c:           16   36.550286493704633     
  *** Kbar: P_min > 1.8 GeV/c:           16   14.094907079943765     
  *** Kbar: P_min > 1.8 GeV/c:           16   13.684329113619105     
  *** Kbar: P_min > 1.8 GeV/c:           16   13.323792162625152     
  *** Kbar: P_min > 1.8 GeV/c:           25   2.2589490763877667     
  *** Kaon: P_min > 1.5 GeV/c:           24   2.2588894172038403     
  *** Kaon: P_min > 1.5 GeV/c:           24   1.9758688761958141     
  *** Hhflev: call to Hadriv !! ***  0.70623279043318965        3.5000000000000000        1.5002479354721177               14 T F T
       1040                  1113                  1113             3.4805507E-02         1.0000000E+30               585       
 NEXT SEEDS:1984752C       0       0       0       0       0       3    3039       0       0
       1080                  1073                  1073             3.4158244E-02         1.0000000E+30               620       
 NEXT SEEDS:19FF685B       0       0       0       0       0       3    3039       0       0
       1120                  1033                  1033             3.6534660E-02         1.0000000E+30               620       
 NEXT SEEDS:1CCB38D3       0       0       0       0       0       3    3039       0       0
       1160                   993                   993             3.5768904E-02         1.0000000E+30               621       
 NEXT SEEDS:1D2F0F7B       0       0       0       0       0       3    3039       0       0
       1200                   953                   953             3.5110445E-02         1.0000000E+30               621       
 NEXT SEEDS:1DA04AB5       0       0       0       0       0       3    3039       0       0
       1240                   913                   913             3.5174032E-02         1.0000000E+30               627       
 NEXT SEEDS:1EACD9A8       0       0       0       0       0       3    3039       0       0
       1280                   873                   873             3.6397660E-02         1.0000000E+30               631       
 NEXT SEEDS:20D6F556       0       0       0       0       0       3    3039       0       0
  Comptn_2: TXYZ:   1.0000000000013032       U,V,W  0.48724135650368794      -0.86476855074015901       0.12153688396743689     
       1320                   833                   833             3.6446271E-02         1.0000000E+30               632       
 NEXT SEEDS:21EC4E37       0       0       0       0       0       3    3039       0       0
  Comptn_2: TXYZ:  0.99999999999859213       U,V,W  0.46519648332346719      -0.87154741910030253       0.15491071028716163     
       1360                   793                   793             3.6106295E-02         1.0000000E+30               634       
 NEXT SEEDS:229E79CE       0       0       0       0       0       3    3039       0       0
  Comptn_2: TXYZ:  0.99999999999715017       U,V,W  0.86033759148229727       0.11347242976205507      -0.49693383499565158     
       1400                   753                   753             3.5590987E-02         1.0000000E+30               635       
 NEXT SEEDS:2321FD0F       0       0       0       0       0       3    3039       0       0
       1440                   713                   713             3.5226340E-02         1.0000000E+30               646       
 NEXT SEEDS:23C5C0ED       0       0       0       0       0       3    3039       0       0
  Comptn_2: TXYZ:  0.99999999999861289       U,V,W -0.91193412048315636       -9.5074506207757814E-002  0.39917038738686017     
       1480                   673                   673             3.4820454E-02         1.0000000E+30               649       
 NEXT SEEDS:245AEF23       0       0       0       0       0       3    3039       0       0
       1520                   633                   633             3.5902530E-02         1.0000000E+30               654       
 NEXT SEEDS:2690BDF0       0       0       0       0       0       3    3039       0       0
       1560                   593                   593             3.5687826E-02         1.0000000E+30               662       
 NEXT SEEDS:275AC14D       0       0       0       0       0       3    3039       0       0
       1600                   553                   553             3.5471280E-02         1.0000000E+30               667       
 NEXT SEEDS:2822870B       0       0       0       0       0       3    3039       0       0
       1640                   513                   513             3.5192792E-02         1.0000000E+30               668       
 NEXT SEEDS:28D0660F       0       0       0       0       0       3    3039       0       0
       1680                   473                   473             3.5269594E-02         1.0000000E+30               668       
 NEXT SEEDS:29E2F348       0       0       0       0       0       3    3039       0       0
       1720                   433                   433             3.7102305E-02         1.0000000E+30               671       
 NEXT SEEDS:2D04D14A       0       0       0       0       0       3    3039       0       0
       1760                   393                   393             3.6953458E-02         1.0000000E+30               692       
 NEXT SEEDS:2DE3B7A4       0       0       0       0       0       3    3039       0       0
       1800                   353                   353             3.6764505E-02         1.0000000E+30               767       
 NEXT SEEDS:2EB3D446       0       0       0       0       0       3    3039       0       0
       1840                   313                   313             3.6677278E-02         1.0000000E+30               772       
 NEXT SEEDS:2F96080F       0       0       0       0       0       3    3039       0       0
  Comptn_2: TXYZ:  0.99999999999678946       U,V,W -0.20193843577897042       0.90300820224111533       0.37920582120690227     
       1880                   273                   273             3.6507282E-02         1.0000000E+30               773       
 NEXT SEEDS:30681B79       0       0       0       0       0       3    3039       0       0
       1920                   233                   233             3.6715480E-02         1.0000000E+30               775       
 NEXT SEEDS:31BA078C       0       0       0       0       0       3    3039       0       0
  Comptn_2: TXYZ:  0.99999999998635569       U,V,W  0.12266946569309312       0.68823993864373278      -0.71503705430459874     
       1960                   193                   193             3.6395762E-02         1.0000000E+30               776       
 NEXT SEEDS:325217AE       0       0       0       0       0       3    3039       0       0
       2000                   153                   153             3.6455155E-02         1.0000000E+30               776       
 NEXT SEEDS:336B666B       0       0       0       0       0       3    3039       0       0
  Comptn_2: TXYZ:  0.99999999999878086       U,V,W  0.91901787959576708       0.39094096216324203       -5.0707998234594598E-002
       2040                   113                   113             3.7143752E-02         1.0000000E+30               781       
 NEXT SEEDS:3583DD51       0       0       0       0       0       3    3039       0       0
  Comptn_2: TXYZ:   1.0000000000043376       U,V,W -0.61177617331424017       0.73984844261006089      -0.27991819472265433     
       2080                    73                    73             3.7011840E-02         1.0000000E+30               861       
 NEXT SEEDS:36600495       0       0       0       0       0       3    3039       0       0
       2103                    50                    50             3.7093057E-02         1.0000000E+30              1013       
 NEXT SEEDS:371F92C2       0       0       0       0       0       3    3039       0       0
       2104                    49                    49             3.7075826E-02         1.0000000E+30              1013       
 NEXT SEEDS:371FAD73       0       0       0       0       0       3    3039       0       0
       2105                    48                    48             3.7076726E-02         1.0000000E+30              1013       
 NEXT SEEDS:3726D10D       0       0       0       0       0       3    3039       0       0
       2106                    47                    47             3.7100362E-02         1.0000000E+30              1013       
 NEXT SEEDS:3736FC92       0       0       0       0       0       3    3039       0       0
       2107                    46                    46             3.7083250E-02         1.0000000E+30              1013       
 NEXT SEEDS:37371DF0       0       0       0       0       0       3    3039       0       0
       2108                    45                    45             3.7076842E-02         1.0000000E+30              1013       
 NEXT SEEDS:373B4461       0       0       0       0       0       3    3039       0       0
       2109                    44                    44             3.7096754E-02         1.0000000E+30              1013       
 NEXT SEEDS:3749BC4B       0       0       0       0       0       3    3039       0       0
       2110                    43                    43             3.7079234E-02         1.0000000E+30              1013       
 NEXT SEEDS:3749BC4F       0       0       0       0       0       3    3039       0       0
       2111                    42                    42             3.7061719E-02         1.0000000E+30              1013       
 NEXT SEEDS:3749BC53       0       0       0       0       0       3    3039       0       0
       2112                    41                    41             3.7044962E-02         1.0000000E+30              1013       
 NEXT SEEDS:3749F4D5       0       0       0       0       0       3    3039       0       0
  Comptn_2: TXYZ:   1.0000000000019034       U,V,W  0.58937457154026407      -0.12583344362155913      -0.79799972361522364     
       2113                    40                    40             3.7261035E-02         1.0000000E+30              1013       
 NEXT SEEDS:37A3F6F5       0       0       0       0       0       3    3039       0       0
       2114                    39                    39             3.7243904E-02         1.0000000E+30              1013       
 NEXT SEEDS:37A41755       0       0       0       0       0       3    3039       0       0
       2115                    38                    38             3.7226348E-02         1.0000000E+30              1013       
 NEXT SEEDS:37A41759       0       0       0       0       0       3    3039       0       0
       2116                    37                    37             3.7212779E-02         1.0000000E+30              1013       
 NEXT SEEDS:37A547D4       0       0       0       0       0       3    3039       0       0
       2117                    36                    36             3.7205076E-02         1.0000000E+30              1013       
 NEXT SEEDS:37A8C3A9       0       0       0       0       0       3    3039       0       0
       2118                    35                    35             3.7199980E-02         1.0000000E+30              1013       
 NEXT SEEDS:37AD50ED       0       0       0       0       0       3    3039       0       0
       2119                    34                    34             3.7182483E-02         1.0000000E+30              1013       
 NEXT SEEDS:37AD50F1       0       0       0       0       0       3    3039       0       0
       2120                    33                    33             3.7164998E-02         1.0000000E+30              1013       
 NEXT SEEDS:37AD50F5       0       0       0       0       0       3    3039       0       0
       2121                    32                    32             3.7149562E-02         1.0000000E+30              1013       
 NEXT SEEDS:37AE005A       0       0       0       0       0       3    3039       0       0
       2122                    31                    31             3.7132457E-02         1.0000000E+30              1013       
 NEXT SEEDS:37AE1B0A       0       0       0       0       0       3    3039       0       0
       2123                    30                    30             3.7129784E-02         1.0000000E+30              1013       
 NEXT SEEDS:37B3DF07       0       0       0       0       0       3    3039       0       0
       2124                    29                    29             3.7121347E-02         1.0000000E+30              1013       
 NEXT SEEDS:37B768B8       0       0       0       0       0       3    3039       0       0
       2125                    28                    28             3.7103936E-02         1.0000000E+30              1013       
 NEXT SEEDS:37B768BC       0       0       0       0       0       3    3039       0       0
       2126                    27                    27             3.7138752E-02         1.0000000E+30              1013       
 NEXT SEEDS:37CB3123       0       0       0       0       0       3    3039       0       0
       2127                    26                    26             3.7121348E-02         1.0000000E+30              1013       
 NEXT SEEDS:37CB3127       0       0       0       0       0       3    3039       0       0
       2128                    25                    25             3.7111049E-02         1.0000000E+30              1013       
 NEXT SEEDS:37CE060B       0       0       0       0       0       3    3039       0       0
       2129                    24                    24             3.7095102E-02         1.0000000E+30              1013       
 NEXT SEEDS:37CE832C       0       0       0       0       0       3    3039       0       0
       2130                    23                    23             3.7077740E-02         1.0000000E+30              1013       
 NEXT SEEDS:37CE8330       0       0       0       0       0       3    3039       0       0
       2131                    22                    22             3.7060391E-02         1.0000000E+30              1013       
 NEXT SEEDS:37CE8334       0       0       0       0       0       3    3039       0       0
       2132                    21                    21             3.7067718E-02         1.0000000E+30              1013       
 NEXT SEEDS:37D85C38       0       0       0       0       0       3    3039       0       0
       2133                    20                    20             3.7051280E-02         1.0000000E+30              1013       
 NEXT SEEDS:37D89EB8       0       0       0       0       0       3    3039       0       0
       2134                    19                    19             3.7050885E-02         1.0000000E+30              1013       
 NEXT SEEDS:37DF32BA       0       0       0       0       0       3    3039       0       0
       2135                    18                    18             3.7089081E-02         1.0000000E+30              1013       
 NEXT SEEDS:37F4C758       0       0       0       0       0       3    3039       0       0
       2136                    17                    17             3.7073078E-02         1.0000000E+30              1013       
 NEXT SEEDS:37F52E8E       0       0       0       0       0       3    3039       0       0
       2137                    16                    16             3.7077733E-02         1.0000000E+30              1013       
 NEXT SEEDS:37FCDE4A       0       0       0       0       0       3    3039       0       0
       2138                    15                    15             3.7069123E-02         1.0000000E+30              1013       
 NEXT SEEDS:380060F7       0       0       0       0       0       3    3039       0       0
       2139                    14                    14             3.7051850E-02         1.0000000E+30              1013       
 NEXT SEEDS:380060FB       0       0       0       0       0       3    3039       0       0
       2140                    13                    13             3.7034582E-02         1.0000000E+30              1013       
 NEXT SEEDS:380060FF       0       0       0       0       0       3    3039       0       0
       2141                    12                    12             3.7017338E-02         1.0000000E+30              1013       
 NEXT SEEDS:38006103       0       0       0       0       0       3    3039       0       0
       2142                    11                    11             3.7028629E-02         1.0000000E+30              1013       
 NEXT SEEDS:380C404E       0       0       0       0       0       3    3039       0       0
       2143                    10                    10             3.7148430E-02         1.0000000E+30              1013       
 NEXT SEEDS:38434AA3       0       0       0       0       0       3    3039       0       0
       2144                     9                     9             3.7138384E-02         1.0000000E+30              1013       
 NEXT SEEDS:3845A34F       0       0       0       0       0       3    3039       0       0
       2145                     8                     8             3.7134525E-02         1.0000000E+30              1014       
 NEXT SEEDS:384AEEF8       0       0       0       0       0       3    3039       0       0
       2146                     7                     7             3.7117275E-02         1.0000000E+30              1014       
 NEXT SEEDS:384AEEFC       0       0       0       0       0       3    3039       0       0
       2147                     6                     6             3.7100036E-02         1.0000000E+30              1014       
 NEXT SEEDS:384AEF00       0       0       0       0       0       3    3039       0       0
       2148                     5                     5             3.7121434E-02         1.0000000E+30              1014       
 NEXT SEEDS:385A9E50       0       0       0       0       0       3    3039       0       0
       2149                     4                     4             3.7104550E-02         1.0000000E+30              1014       
 NEXT SEEDS:385ABAED       0       0       0       0       0       3    3039       0       0
       2150                     3                     3             3.7087860E-02         1.0000000E+30              1014       
 NEXT SEEDS:385AE30D       0       0       0       0       0       3    3039       0       0
       2151                     2                     2             3.7072392E-02         1.0000000E+30              1014       
 NEXT SEEDS:385B76DB       0       0       0       0       0       3    3039       0       0
       2152                     1                     1             3.7115030E-02         1.0000000E+30              1014       
 NEXT SEEDS:3872128F       0       0       0       0       0       3    3039       0       0
       2153                     0                     1             3.7107703E-02         1.0000000E+30              1014       
 NEXT SEEDS:38759020       0       0       0       0       0       3    3039       0       0
