1NUMBER OF BEAM       NUMBER OF BEAM        APPROXIMATE NUMBER    AVERAGE TIME USED     TIME LEFT (RESERVED   NUMBER OF STARS
 PARTICLES HANDLED    PARTICLES LEFT        OF BEAM PARTICLES     BY A BEAM PARTICLE     10000.0 SECONDS      CREATED
                                            THAT CAN STILL BE                           FOR PRINTOUT)
                                            HANDLED

 NEXT SEEDS:343D8059       1       0       0       0       0      39    3039       0       0
          1                  2152                  2152             1.2898445E-04         1.0000000E+30                 0       
 NEXT SEEDS:343D806E       1       0       0       0       0      39    3039       0       0
         40                  2113                  2113             1.9890130E-02         1.0000000E+30                 1       
 NEXT SEEDS:34CF8D4A       1       0       0       0       0      39    3039       0       0
         80                  2073                  2073             1.5915090E-02         1.0000000E+30                 4       
 NEXT SEEDS:352833B0       1       0       0       0       0      39    3039       0       0
  *** Kaon: P_min > 1.5 GeV/c:           24   1.8540240911570347     
        120                  2033                  2033             2.4047250E-02         1.0000000E+30                74       
 NEXT SEEDS:3655F1FD       1       0       0       0       0      39    3039       0       0
        160                  1993                  1993             2.1562539E-02         1.0000000E+30                75       
 NEXT SEEDS:36BC1262       1       0       0       0       0      39    3039       0       0
        200                  1953                  1953             2.4018651E-02         1.0000000E+30                77       
 NEXT SEEDS:37B6114F       1       0       0       0       0      39    3039       0       0
        240                  1913                  1913             2.2076405E-02         1.0000000E+30                77       
 NEXT SEEDS:3811B28F       1       0       0       0       0      39    3039       0       0
  *** Kaon: P_min > 1.5 GeV/c:           24   31.450323447121747     
  *** Kaon: P_min > 1.5 GeV/c:           24   32.418237211495160     
  *** Kaon: P_min > 1.5 GeV/c:           15   6.2691741498946625     
  *** Kaon: P_min > 1.5 GeV/c:           15   5.7068331356204043     
  *** Kaon: P_min > 1.5 GeV/c:           15   5.2456458428099930     
  *** Kaon: P_min > 1.5 GeV/c:           15   5.5743296985565696     
  *** Kaon: P_min > 1.5 GeV/c:           24   5.0542742610124076     
  *** Kbar: P_min > 1.8 GeV/c:           25   5.0539592042762740     
  *** Kbar: P_min > 1.8 GeV/c:           25   4.8244857597441637     
  *** Kbar: P_min > 1.8 GeV/c:           16   3.2952153418257337     
  *** Kaon: P_min > 1.5 GeV/c:           15   3.9027555398655953     
        280                  1873                  1873             2.5403008E-02         1.0000000E+30               138       
 NEXT SEEDS:395E5C91       1       0       0       0       0      39    3039       0       0
  *** Kaon: P_min > 1.5 GeV/c:           15   286.28959597336672     
  *** Kaon: P_min > 1.5 GeV/c:           15   280.54362849238521     
  *** Kaon: P_min > 1.5 GeV/c:           15   20.443985771426899     
  *** Kaon: P_min > 1.5 GeV/c:           24   2.2476411061398265     
  *** Kaon: P_min > 1.5 GeV/c:           15   20.177836245058245     
  *** Kaon: P_min > 1.5 GeV/c:           15   21.840965387250812     
  *** Kaon: P_min > 1.5 GeV/c:           15   15.479243095913336     
  *** Kaon: P_min > 1.5 GeV/c:           15   15.462408140903825     
        320                  1833                  1833             3.2693382E-02         1.0000000E+30               907       
 NEXT SEEDS:  322C65       2       0       0       0       0      39    3039       0       0
        360                  1793                  1793             3.4645167E-02         1.0000000E+30               910       
 NEXT SEEDS: 1A1755A       2       0       0       0       0      39    3039       0       0
        400                  1753                  1753             3.3136441E-02         1.0000000E+30               914       
 NEXT SEEDS: 2303338       2       0       0       0       0      39    3039       0       0
  Comptn_2: TXYZ:   1.0000000000018239       U,V,W -0.87339335161738685      -0.23576395785640614      -0.42614482224738381     
        440                  1713                  1713             3.3366302E-02         1.0000000E+30               918       
 NEXT SEEDS: 3319485       2       0       0       0       0      39    3039       0       0
        480                  1673                  1673             3.2826813E-02         1.0000000E+30               923       
 NEXT SEEDS: 3F4C972       2       0       0       0       0      39    3039       0       0
        520                  1633                  1633             3.1821217E-02         1.0000000E+30               926       
 NEXT SEEDS: 484F62E       2       0       0       0       0      39    3039       0       0
        560                  1593                  1593             3.0497312E-02         1.0000000E+30               928       
 NEXT SEEDS: 4E611B2       2       0       0       0       0      39    3039       0       0
        600                  1553                  1553             3.0036786E-02         1.0000000E+30               932       
 NEXT SEEDS: 5950BCB       2       0       0       0       0      39    3039       0       0
        640                  1513                  1513             3.0399879E-02         1.0000000E+30               938       
 NEXT SEEDS: 698AE9E       2       0       0       0       0      39    3039       0       0
        680                  1473                  1473             3.0953931E-02         1.0000000E+30               938       
 NEXT SEEDS: 7BD858C       2       0       0       0       0      39    3039       0       0
        720                  1433                  1433             3.0649707E-02         1.0000000E+30               942       
 NEXT SEEDS: 8759AFE       2       0       0       0       0      39    3039       0       0
        760                  1393                  1393             3.1767243E-02         1.0000000E+30               946       
 NEXT SEEDS: 9F31DE1       2       0       0       0       0      39    3039       0       0
        800                  1353                  1353             3.1260426E-02         1.0000000E+30               956       
 NEXT SEEDS: A91D7B6       2       0       0       0       0      39    3039       0       0
        840                  1313                  1313             3.0816709E-02         1.0000000E+30               958       
 NEXT SEEDS: B349D28       2       0       0       0       0      39    3039       0       0
        880                  1273                  1273             3.1779521E-02         1.0000000E+30               958       
 NEXT SEEDS: C9B98E8       2       0       0       0       0      39    3039       0       0
        920                  1233                  1233             3.1973652E-02         1.0000000E+30              1051       
 NEXT SEEDS: DA9B913       2       0       0       0       0      39    3039       0       0
  Comptn_2: TXYZ:  0.99999999999828437       U,V,W  -8.8441883200292892E-002  -6.6552071667445034E-002 -0.99385555039504681     
        960                  1193                  1193             3.1966102E-02         1.0000000E+30              1051       
 NEXT SEEDS: E87E680       2       0       0       0       0      39    3039       0       0
       1000                  1153                  1153             3.1998871E-02         1.0000000E+30              1064       
 NEXT SEEDS: F787202       2       0       0       0       0      39    3039       0       0
       1040                  1113                  1113             3.2018155E-02         1.0000000E+30              1065       
 NEXT SEEDS:10635EA2       2       0       0       0       0      39    3039       0       0
       1080                  1073                  1073             3.2582004E-02         1.0000000E+30              1065       
 NEXT SEEDS:11AD080D       2       0       0       0       0      39    3039       0       0
       1120                  1033                  1033             3.2809434E-02         1.0000000E+30              1320       
 NEXT SEEDS:12D0BDE6       2       0       0       0       0      39    3039       0       0
       1160                   993                   993             3.2014192E-02         1.0000000E+30              1322       
 NEXT SEEDS:1317A2A0       2       0       0       0       0      39    3039       0       0
  Comptn_2: TXYZ:   1.0000000000015246       U,V,W  0.87442968417293798       0.43905621301377096      -0.20640341385923477     
       1200                   953                   953             3.1870301E-02         1.0000000E+30              1418       
 NEXT SEEDS:13E2DE06       2       0       0       0       0      39    3039       0       0
       1240                   913                   913             3.1831677E-02         1.0000000E+30              1418       
 NEXT SEEDS:14C8BFDD       2       0       0       0       0      39    3039       0       0
  Comptn_2: TXYZ:   1.0000000000031823       U,V,W -0.85645056610399095      -0.18809644175006213       0.48074125725207040     
       1280                   873                   873             3.3709237E-02         1.0000000E+30              1425       
 NEXT SEEDS:177EDE90       2       0       0       0       0      39    3039       0       0
       1320                   833                   833             3.3414028E-02         1.0000000E+30              1453       
 NEXT SEEDS:18242F78       2       0       0       0       0      39    3039       0       0
       1360                   793                   793             3.3701125E-02         1.0000000E+30              1453       
 NEXT SEEDS:195BE98A       2       0       0       0       0      39    3039       0       0
       1400                   753                   753             3.3204059E-02         1.0000000E+30              1453       
 NEXT SEEDS:19D09D6F       2       0       0       0       0      39    3039       0       0
       1440                   713                   713             3.6222556E-02         1.0000000E+30              1464       
 NEXT SEEDS:1DE15654       2       0       0       0       0      39    3039       0       0
  *** Hhflev: call to Hadriv !! ***  0.81768559553596243        3.5000000000000000        1.5687651698278111               14 T F T
       1480                   673                   673             3.6486615E-02         1.0000000E+30              1810       
 NEXT SEEDS:1F343AED       2       0       0       0       0      39    3039       0       0
       1520                   633                   633             3.5966158E-02         1.0000000E+30              1811       
 NEXT SEEDS:1FAD89D3       2       0       0       0       0      39    3039       0       0
       1560                   593                   593             3.5536756E-02         1.0000000E+30              1823       
 NEXT SEEDS:2037F2A7       2       0       0       0       0      39    3039       0       0
       1600                   553                   553             3.5252275E-02         1.0000000E+30              1825       
 NEXT SEEDS:20E91A99       2       0       0       0       0      39    3039       0       0
       1640                   513                   513             3.5310212E-02         1.0000000E+30              1830       
 NEXT SEEDS:21F447AB       2       0       0       0       0      39    3039       0       0
       1680                   473                   473             3.5086738E-02         1.0000000E+30              1831       
 NEXT SEEDS:22AF6F2B       2       0       0       0       0      39    3039       0       0
  Comptn_2: TXYZ:  0.99999999999347378       U,V,W  0.25356301892145439      -0.84899335720696456      -0.46359041712201021     
       1720                   433                   433             3.5224344E-02         1.0000000E+30              1832       
 NEXT SEEDS:23DE5EC0       2       0       0       0       0      39    3039       0       0
       1760                   393                   393             3.5503112E-02         1.0000000E+30              1891       
 NEXT SEEDS:2522503D       2       0       0       0       0      39    3039       0       0
       1800                   353                   353             3.5353366E-02         1.0000000E+30              1892       
 NEXT SEEDS:25F1465B       2       0       0       0       0      39    3039       0       0
       1840                   313                   313             3.5270834E-02         1.0000000E+30              1893       
 NEXT SEEDS:26D89F25       2       0       0       0       0      39    3039       0       0
       1880                   273                   273             3.5079609E-02         1.0000000E+30              1898       
 NEXT SEEDS:27983F25       2       0       0       0       0      39    3039       0       0
       1920                   233                   233             3.5140167E-02         1.0000000E+30              1903       
 NEXT SEEDS:28AF45BD       2       0       0       0       0      39    3039       0       0
       1960                   193                   193             3.4784521E-02         1.0000000E+30              1906       
 NEXT SEEDS:2931585A       2       0       0       0       0      39    3039       0       0
       2000                   153                   153             3.4743708E-02         1.0000000E+30              1911       
 NEXT SEEDS:2A24D2B3       2       0       0       0       0      39    3039       0       0
       2040                   113                   113             3.4498213E-02         1.0000000E+30              1912       
 NEXT SEEDS:2AC9B23F       2       0       0       0       0      39    3039       0       0
       2080                    73                    73             3.4193529E-02         1.0000000E+30              1913       
 NEXT SEEDS:2B52007F       2       0       0       0       0      39    3039       0       0
       2103                    50                    50             3.4088369E-02         1.0000000E+30              1913       
 NEXT SEEDS:2BBAABA2       2       0       0       0       0      39    3039       0       0
       2104                    49                    49             3.4091610E-02         1.0000000E+30              1913       
 NEXT SEEDS:2BC230E4       2       0       0       0       0      39    3039       0       0
       2105                    48                    48             3.4076277E-02         1.0000000E+30              1913       
 NEXT SEEDS:2BC2729E       2       0       0       0       0      39    3039       0       0
       2106                    47                    47             3.4067404E-02         1.0000000E+30              1913       
 NEXT SEEDS:2BC56081       2       0       0       0       0      39    3039       0       0
       2107                    46                    46             3.4051289E-02         1.0000000E+30              1913       
 NEXT SEEDS:2BC56085       2       0       0       0       0      39    3039       0       0
       2108                    45                    45             3.4039657E-02         1.0000000E+30              1913       
 NEXT SEEDS:2BC6EF6F       2       0       0       0       0      39    3039       0       0
       2109                    44                    44             3.4023578E-02         1.0000000E+30              1913       
 NEXT SEEDS:2BC6EF73       2       0       0       0       0      39    3039       0       0
       2110                    43                    43             3.4007514E-02         1.0000000E+30              1913       
 NEXT SEEDS:2BC6EFEC       2       0       0       0       0      39    3039       0       0
       2111                    42                    42             3.3991455E-02         1.0000000E+30              1913       
 NEXT SEEDS:2BC6EFF0       2       0       0       0       0      39    3039       0       0
       2112                    41                    41             3.3975411E-02         1.0000000E+30              1913       
 NEXT SEEDS:2BC6EFF4       2       0       0       0       0      39    3039       0       0
       2113                    40                    40             3.4003957E-02         1.0000000E+30              1915       
 NEXT SEEDS:2BD8A395       2       0       0       0       0      39    3039       0       0
       2114                    39                    39             3.3987933E-02         1.0000000E+30              1915       
 NEXT SEEDS:2BD8A399       2       0       0       0       0      39    3039       0       0
       2115                    38                    38             3.3971921E-02         1.0000000E+30              1915       
 NEXT SEEDS:2BD8A3B0       2       0       0       0       0      39    3039       0       0
       2116                    37                    37             3.3955916E-02         1.0000000E+30              1915       
 NEXT SEEDS:2BD8A3B4       2       0       0       0       0      39    3039       0       0
       2117                    36                    36             3.3949099E-02         1.0000000E+30              1915       
 NEXT SEEDS:2BDC61F4       2       0       0       0       0      39    3039       0       0
       2118                    35                    35             3.3933895E-02         1.0000000E+30              1915       
 NEXT SEEDS:2BDCA135       2       0       0       0       0      39    3039       0       0
       2119                    34                    34             3.3918284E-02         1.0000000E+30              1915       
 NEXT SEEDS:2BDCC1B3       2       0       0       0       0      39    3039       0       0
       2120                    33                    33             3.3902433E-02         1.0000000E+30              1915       
 NEXT SEEDS:2BDCC9A7       2       0       0       0       0      39    3039       0       0
       2121                    32                    32             3.3900161E-02         1.0000000E+30              1915       
 NEXT SEEDS:2BE257B9       2       0       0       0       0      39    3039       0       0
       2122                    31                    31             3.3893767E-02         1.0000000E+30              1915       
 NEXT SEEDS:2BE63BEC       2       0       0       0       0      39    3039       0       0
       2123                    30                    30             3.3877856E-02         1.0000000E+30              1915       
 NEXT SEEDS:2BE63BF0       2       0       0       0       0      39    3039       0       0
       2124                    29                    29             3.3861956E-02         1.0000000E+30              1915       
 NEXT SEEDS:2BE63BF4       2       0       0       0       0      39    3039       0       0
       2125                    28                    28             3.3846075E-02         1.0000000E+30              1915       
 NEXT SEEDS:2BE63BF8       2       0       0       0       0      39    3039       0       0
       2126                    27                    27             3.3831335E-02         1.0000000E+30              1915       
 NEXT SEEDS:2BE68839       2       0       0       0       0      39    3039       0       0
       2127                    26                    26             3.3853706E-02         1.0000000E+30              1915       
 NEXT SEEDS:2BF5E76A       2       0       0       0       0      39    3039       0       0
       2128                    25                    25             3.3854752E-02         1.0000000E+30              1915       
 NEXT SEEDS:2BFC8C2F       2       0       0       0       0      39    3039       0       0
       2129                    24                    24             3.3838907E-02         1.0000000E+30              1915       
 NEXT SEEDS:2BFC8C33       2       0       0       0       0      39    3039       0       0
       2130                    23                    23             3.3823074E-02         1.0000000E+30              1915       
 NEXT SEEDS:2BFC8C49       2       0       0       0       0      39    3039       0       0
       2131                    22                    22             3.3841321E-02         1.0000000E+30              1916       
 NEXT SEEDS:2C094F09       2       0       0       0       0      39    3039       0       0
       2132                    21                    21             3.3825509E-02         1.0000000E+30              1916       
 NEXT SEEDS:2C094F1D       2       0       0       0       0      39    3039       0       0
       2133                    20                    20             3.3812216E-02         1.0000000E+30              1916       
 NEXT SEEDS:2C0A3D8D       2       0       0       0       0      39    3039       0       0
       2134                    19                    19             3.3816195E-02         1.0000000E+30              1916       
 NEXT SEEDS:2C120FBE       2       0       0       0       0      39    3039       0       0
       2135                    18                    18             3.3815040E-02         1.0000000E+30              1916       
 NEXT SEEDS:2C180A83       2       0       0       0       0      39    3039       0       0
       2136                    17                    17             3.3799920E-02         1.0000000E+30              1916       
 NEXT SEEDS:2C183AE9       2       0       0       0       0      39    3039       0       0
       2137                    16                    16             3.3793450E-02         1.0000000E+30              1916       
 NEXT SEEDS:2C1C0A0C       2       0       0       0       0      39    3039       0       0
       2138                    15                    15             3.3777701E-02         1.0000000E+30              1916       
 NEXT SEEDS:2C1C0A10       2       0       0       0       0      39    3039       0       0
       2139                    14                    14             3.3762106E-02         1.0000000E+30              1916       
 NEXT SEEDS:2C1C16E9       2       0       0       0       0      39    3039       0       0
       2140                    13                    13             3.3746379E-02         1.0000000E+30              1916       
 NEXT SEEDS:2C1C16ED       2       0       0       0       0      39    3039       0       0
       2141                    12                    12             3.3738186E-02         1.0000000E+30              1916       
 NEXT SEEDS:2C1EE542       2       0       0       0       0      39    3039       0       0
       2142                    11                    11             3.3733138E-02         1.0000000E+30              1916       
 NEXT SEEDS:2C2330FA       2       0       0       0       0      39    3039       0       0
       2143                    10                    10             3.3725813E-02         1.0000000E+30              1916       
 NEXT SEEDS:2C269BE6       2       0       0       0       0      39    3039       0       0
       2144                     9                     9             3.3710140E-02         1.0000000E+30              1916       
 NEXT SEEDS:2C269BEA       2       0       0       0       0      39    3039       0       0
       2145                     8                     8             3.3694474E-02         1.0000000E+30              1916       
 NEXT SEEDS:2C269BEE       2       0       0       0       0      39    3039       0       0
       2146                     7                     7             3.3692940E-02         1.0000000E+30              1916       
 NEXT SEEDS:2C2BE1C9       2       0       0       0       0      39    3039       0       0
       2147                     6                     6             3.3677304E-02         1.0000000E+30              1916       
 NEXT SEEDS:2C2BE1CD       2       0       0       0       0      39    3039       0       0
       2148                     5                     5             3.3661679E-02         1.0000000E+30              1916       
 NEXT SEEDS:2C2BE1E5       2       0       0       0       0      39    3039       0       0
       2149                     4                     4             3.3658497E-02         1.0000000E+30              1916       
 NEXT SEEDS:2C30EAF2       2       0       0       0       0      39    3039       0       0
       2150                     3                     3             3.3693835E-02         1.0000000E+30              1916       
 NEXT SEEDS:2C451D97       2       0       0       0       0      39    3039       0       0
       2151                     2                     2             3.3678228E-02         1.0000000E+30              1916       
 NEXT SEEDS:2C451D9B       2       0       0       0       0      39    3039       0       0
       2152                     1                     1             3.3662968E-02         1.0000000E+30              1916       
 NEXT SEEDS:2C453BD6       2       0       0       0       0      39    3039       0       0
       2153                     0                     1             3.3647662E-02         1.0000000E+30              1916       
 NEXT SEEDS:2C455052       2       0       0       0       0      39    3039       0       0
