1NUMBER OF BEAM       NUMBER OF BEAM        APPROXIMATE NUMBER    AVERAGE TIME USED     TIME LEFT (RESERVED   NUMBER OF STARS
 PARTICLES HANDLED    PARTICLES LEFT        OF BEAM PARTICLES     BY A BEAM PARTICLE     10000.0 SECONDS      CREATED
                                            THAT CAN STILL BE                           FOR PRINTOUT)
                                            HANDLED

 NEXT SEEDS:3A0A1D5A       0       0       0       0       0      39    3039       0       0
          1                  2152                  2152             8.9996099E-02         1.0000000E+30                51       
 NEXT SEEDS:3A1974FB       0       0       0       0       0      39    3039       0       0
         40                  2113                  2113             1.8865973E-02         1.0000000E+30                54       
 NEXT SEEDS:3A95B1C3       0       0       0       0       0      39    3039       0       0
  *** Kbar: P_min > 1.8 GeV/c:           25   4.9157570606139291     
  *** Kbar: P_min > 1.8 GeV/c:           25   5.7286226721757778     
  *** Kbar: P_min > 1.8 GeV/c:           25   4.1014521885990955     
  *** Kaon: P_min > 1.5 GeV/c:           24   38.011757932480130     
  *** Kaon: P_min > 1.5 GeV/c:           24   43.753270800789458     
  *** Kaon: P_min > 1.5 GeV/c:           24   29.978200757409542     
  *** Kaon: P_min > 1.5 GeV/c:           24   29.976574553796404     
  *** Kaon: P_min > 1.5 GeV/c:           24   23.219153149128566     
  *** Kaon: P_min > 1.5 GeV/c:           24   32.034044799792987     
  *** Kaon: P_min > 1.5 GeV/c:           24   23.807388418360230     
  *** Kaon: P_min > 1.5 GeV/c:           24   29.164962073891278     
  *** Kaon: P_min > 1.5 GeV/c:           24   24.584013833007358     
  *** Kaon: P_min > 1.5 GeV/c:           15   26.587700059780040     
  *** Kaon: P_min > 1.5 GeV/c:           15   26.310773590152955     
  *** Kaon: P_min > 1.5 GeV/c:           15   31.572957995784314     
  *** Kaon: P_min > 1.5 GeV/c:           15   3.6979374869286978     
  *** Kaon: P_min > 1.5 GeV/c:           15   3.6155111083286156     
  *** Kaon: P_min > 1.5 GeV/c:           15   3.6085621187985293     
  *** Kaon: P_min > 1.5 GeV/c:           15   3.7249988728947971     
  *** Kaon: P_min > 1.5 GeV/c:           15   1.8603300622083954     
         80                  2073                  2073             2.5334710E-02         1.0000000E+30               160       
 NEXT SEEDS:3B7E3C92       0       0       0       0       0      39    3039       0       0
  Comptn_2: TXYZ:  0.99999999999540468       U,V,W  0.26852987863939859      -0.88536840618337775       0.37949241047169835     
        120                  2033                  2033             3.2515808E-02         1.0000000E+30               160       
 NEXT SEEDS: 1415B46       1       0       0       0       0      39    3039       0       0
        160                  1993                  1993             3.0496132E-02         1.0000000E+30               169       
 NEXT SEEDS: 1F432F1       1       0       0       0       0      39    3039       0       0
        200                  1953                  1953             2.6890500E-02         1.0000000E+30               176       
 NEXT SEEDS: 24F7B59       1       0       0       0       0      39    3039       0       0
  Comptn_2: TXYZ:   1.0000000000060638       U,V,W -0.97402250567782289       0.11148328456628320      -0.19710818273595976     
        240                  1913                  1913             2.6529859E-02         1.0000000E+30               177       
 NEXT SEEDS: 306477C       1       0       0       0       0      39    3039       0       0
  Comptn_2: TXYZ:   1.0000000000596223       U,V,W -0.62844780978468862      -0.14984630764871554      -0.76328201506422033     
  Comptn_2: TXYZ:  0.99999999999579781       U,V,W  0.50897577534063032      -0.26543307852358389      -0.81883389093130177     
        280                  1873                  1873             3.6159231E-02         1.0000000E+30               178       
 NEXT SEEDS: 5C9DFC7       1       0       0       0       0      39    3039       0       0
  Comptn_2: TXYZ:  0.99999999999819011       U,V,W   3.7050302552671610E-002 -0.99750797370537791        6.0042630464835156E-002
  Comptn_2: TXYZ:   1.0000000000011284       U,V,W -0.83871573165927771       0.13443386113586087       0.52771531951277950     
        320                  1833                  1833             3.9901118E-02         1.0000000E+30               486       
 NEXT SEEDS: 7B14EA1       1       0       0       0       0      39    3039       0       0
        360                  1793                  1793             3.8376436E-02         1.0000000E+30               487       
 NEXT SEEDS: 86E3C08       1       0       0       0       0      39    3039       0       0
        400                  1753                  1753             3.8036226E-02         1.0000000E+30               491       
 NEXT SEEDS: 96A850F       1       0       0       0       0      39    3039       0       0
        440                  1713                  1713             3.5721964E-02         1.0000000E+30               491       
 NEXT SEEDS: 9C51E36       1       0       0       0       0      39    3039       0       0
        480                  1673                  1673             3.7610478E-02         1.0000000E+30               495       
 NEXT SEEDS: B697C9F       1       0       0       0       0      39    3039       0       0
  Comptn_2: TXYZ:   1.0000000000024920       U,V,W  0.82543225748354843       0.42121495914645024       0.37581850207162404     
        520                  1633                  1633             3.7323122E-02         1.0000000E+30               495       
 NEXT SEEDS: C61A58B       1       0       0       0       0      39    3039       0       0
        560                  1593                  1593             3.7029388E-02         1.0000000E+30               498       
 NEXT SEEDS: D4EA6AC       1       0       0       0       0      39    3039       0       0
        600                  1553                  1553             3.7758083E-02         1.0000000E+30               505       
 NEXT SEEDS: EB31B0A       1       0       0       0       0      39    3039       0       0
  Comptn_2: TXYZ:   1.0000000000142444       U,V,W -0.23189309322120266      -0.50838479840811601      -0.82931929320261588     
        640                  1513                  1513             3.7198233E-02         1.0000000E+30               505       
 NEXT SEEDS: F8A4B7C       1       0       0       0       0      39    3039       0       0
        680                  1473                  1473             3.6856449E-02         1.0000000E+30               507       
 NEXT SEEDS:106E4AF0       1       0       0       0       0      39    3039       0       0
  Comptn_2: TXYZ:   1.0000000000020619       U,V,W -0.61600540909336132      -0.74360572723477958      -0.25997664970804024     
        720                  1433                  1433             3.6478802E-02         1.0000000E+30               514       
 NEXT SEEDS:11452872       1       0       0       0       0      39    3039       0       0
  Comptn_2: TXYZ:  0.99999999983700627       U,V,W  0.89643016264344055      -0.30514083375913970       0.32140633925428119     
        760                  1393                  1393             3.5755694E-02         1.0000000E+30               516       
 NEXT SEEDS:11EA72CD       1       0       0       0       0      39    3039       0       0
        800                  1353                  1353             3.5160992E-02         1.0000000E+30               526       
 NEXT SEEDS:12989656       1       0       0       0       0      39    3039       0       0
        840                  1313                  1313             3.4475526E-02         1.0000000E+30               538       
 NEXT SEEDS:132C38A2       1       0       0       0       0      39    3039       0       0
        880                  1273                  1273             3.3705741E-02         1.0000000E+30               541       
 NEXT SEEDS:13A99749       1       0       0       0       0      39    3039       0       0
  Comptn_2: TXYZ:   1.0000000000150091       U,V,W  0.26826329681659900      -0.84690972453421409       0.45910643873232715     
        920                  1233                  1233             3.3452108E-02         1.0000000E+30               550       
 NEXT SEEDS:14794EC6       1       0       0       0       0      39    3039       0       0
        960                  1193                  1193             3.3139948E-02         1.0000000E+30               566       
 NEXT SEEDS:153A3166       1       0       0       0       0      39    3039       0       0
       1000                  1153                  1153             3.4277069E-02         1.0000000E+30               569       
 NEXT SEEDS:16FA3C25       1       0       0       0       0      39    3039       0       0
       1040                  1113                  1113             3.6556992E-02         1.0000000E+30               573       
 NEXT SEEDS:19B80003       1       0       0       0       0      39    3039       0       0
       1080                  1073                  1073             3.5728087E-02         1.0000000E+30               574       
 NEXT SEEDS:1A2025B2       1       0       0       0       0      39    3039       0       0
       1120                  1033                  1033             3.5929342E-02         1.0000000E+30               609       
 NEXT SEEDS:1B47D7D4       1       0       0       0       0      39    3039       0       0
       1160                   993                   993             3.5172561E-02         1.0000000E+30               610       
 NEXT SEEDS:1BACB913       1       0       0       0       0      39    3039       0       0
       1200                   953                   953             3.5122591E-02         1.0000000E+30               617       
 NEXT SEEDS:1CA17790       1       0       0       0       0      39    3039       0       0
       1240                   913                   913             3.5863710E-02         1.0000000E+30               621       
 NEXT SEEDS:1E5449CF       1       0       0       0       0      39    3039       0       0
       1280                   873                   873             3.6075979E-02         1.0000000E+30               621       
 NEXT SEEDS:1F8C95CF       1       0       0       0       0      39    3039       0       0
  Comptn_2: TXYZ:  0.99999999999703537       U,V,W -0.73749821437313301       0.66651963780478596       0.10884831746082568     
       1320                   833                   833             3.5887611E-02         1.0000000E+30               622       
 NEXT SEEDS:206B41CD       1       0       0       0       0      39    3039       0       0
       1360                   793                   793             3.5312119E-02         1.0000000E+30               622       
 NEXT SEEDS:20DEC45F       1       0       0       0       0      39    3039       0       0
       1400                   753                   753             3.5044836E-02         1.0000000E+30               628       
 NEXT SEEDS:219DD272       1       0       0       0       0      39    3039       0       0
       1440                   713                   713             3.4905592E-02         1.0000000E+30               629       
 NEXT SEEDS:2278A208       1       0       0       0       0      39    3039       0       0
       1480                   673                   673             3.4422343E-02         1.0000000E+30               629       
 NEXT SEEDS:22F49387       1       0       0       0       0      39    3039       0       0
       1520                   633                   633             3.3868423E-02         1.0000000E+30               630       
 NEXT SEEDS:2355E926       1       0       0       0       0      39    3039       0       0
       1560                   593                   593             3.3604949E-02         1.0000000E+30               661       
 NEXT SEEDS:24006B36       1       0       0       0       0      39    3039       0       0
       1600                   553                   553             3.3178134E-02         1.0000000E+30               679       
 NEXT SEEDS:2476609A       1       0       0       0       0      39    3039       0       0
       1640                   513                   513             3.3516249E-02         1.0000000E+30               679       
 NEXT SEEDS:25D56D80       1       0       0       0       0      39    3039       0       0
       1680                   473                   473             3.3450658E-02         1.0000000E+30               679       
 NEXT SEEDS:26AC8EF4       1       0       0       0       0      39    3039       0       0
       1720                   433                   433             3.4843653E-02         1.0000000E+30               681       
 NEXT SEEDS:29524169       1       0       0       0       0      39    3039       0       0
  Comptn_2: TXYZ:  0.99999999999455980       U,V,W -0.73437871469412652       0.22915414523603772       0.63888675140427154     
       1760                   393                   393             3.5284200E-02         1.0000000E+30               681       
 NEXT SEEDS:2ADDBC6B       1       0       0       0       0      39    3039       0       0
       1800                   353                   353             3.5022780E-02         1.0000000E+30               683       
 NEXT SEEDS:2B865214       1       0       0       0       0      39    3039       0       0
       1840                   313                   313             3.5906002E-02         1.0000000E+30               691       
 NEXT SEEDS:2DBCFC5D       1       0       0       0       0      39    3039       0       0
       1880                   273                   273             3.6363267E-02         1.0000000E+30               699       
 NEXT SEEDS:2F5FAE74       1       0       0       0       0      39    3039       0       0
       1920                   233                   233             3.6278448E-02         1.0000000E+30               702       
 NEXT SEEDS:3050A06E       1       0       0       0       0      39    3039       0       0
       1960                   193                   193             3.5903298E-02         1.0000000E+30               707       
 NEXT SEEDS:30D05531       1       0       0       0       0      39    3039       0       0
       2000                   153                   153             3.6063204E-02         1.0000000E+30               707       
 NEXT SEEDS:32188F2C       1       0       0       0       0      39    3039       0       0
       2040                   113                   113             3.5691514E-02         1.0000000E+30               707       
 NEXT SEEDS:329657C3       1       0       0       0       0      39    3039       0       0
       2080                    73                    73             3.5299391E-02         1.0000000E+30               707       
 NEXT SEEDS:3304B287       1       0       0       0       0      39    3039       0       0
       2103                    50                    50             3.5305727E-02         1.0000000E+30               707       
 NEXT SEEDS:3397146F       1       0       0       0       0      39    3039       0       0
       2104                    49                    49             3.5289012E-02         1.0000000E+30               707       
 NEXT SEEDS:33971473       1       0       0       0       0      39    3039       0       0
       2105                    48                    48             3.5272537E-02         1.0000000E+30               707       
 NEXT SEEDS:33972859       1       0       0       0       0      39    3039       0       0
       2106                    47                    47             3.5255847E-02         1.0000000E+30               707       
 NEXT SEEDS:3397285D       1       0       0       0       0      39    3039       0       0
       2107                    46                    46             3.5239161E-02         1.0000000E+30               707       
 NEXT SEEDS:33972861       1       0       0       0       0      39    3039       0       0
       2108                    45                    45             3.5223041E-02         1.0000000E+30               707       
 NEXT SEEDS:3397513D       1       0       0       0       0      39    3039       0       0
       2109                    44                    44             3.5206394E-02         1.0000000E+30               707       
 NEXT SEEDS:33975141       1       0       0       0       0      39    3039       0       0
       2110                    43                    43             3.5189756E-02         1.0000000E+30               707       
 NEXT SEEDS:33975145       1       0       0       0       0      39    3039       0       0
       2111                    42                    42             3.5186216E-02         1.0000000E+30               707       
 NEXT SEEDS:339C3C16       1       0       0       0       0      39    3039       0       0
       2112                    41                    41             3.5187499E-02         1.0000000E+30               707       
 NEXT SEEDS:33A3047C       1       0       0       0       0      39    3039       0       0
       2113                    40                    40             3.5170907E-02         1.0000000E+30               707       
 NEXT SEEDS:33A30480       1       0       0       0       0      39    3039       0       0
       2114                    39                    39             3.5154324E-02         1.0000000E+30               707       
 NEXT SEEDS:33A30495       1       0       0       0       0      39    3039       0       0
       2115                    38                    38             3.5163188E-02         1.0000000E+30               712       
 NEXT SEEDS:33AD135D       1       0       0       0       0      39    3039       0       0
       2116                    37                    37             3.5146636E-02         1.0000000E+30               712       
 NEXT SEEDS:33AD136F       1       0       0       0       0      39    3039       0       0
       2117                    36                    36             3.5130091E-02         1.0000000E+30               712       
 NEXT SEEDS:33AD1373       1       0       0       0       0      39    3039       0       0
       2118                    35                    35             3.5142844E-02         1.0000000E+30               712       
 NEXT SEEDS:33B88387       1       0       0       0       0      39    3039       0       0
       2119                    34                    34             3.5126321E-02         1.0000000E+30               712       
 NEXT SEEDS:33B8839D       1       0       0       0       0      39    3039       0       0
       2120                    33                    33             3.5111961E-02         1.0000000E+30               712       
 NEXT SEEDS:33B94C9A       1       0       0       0       0      39    3039       0       0
       2121                    32                    32             3.5095472E-02         1.0000000E+30               712       
 NEXT SEEDS:33B94CB0       1       0       0       0       0      39    3039       0       0
       2122                    31                    31             3.5079253E-02         1.0000000E+30               712       
 NEXT SEEDS:33B9640D       1       0       0       0       0      39    3039       0       0
       2123                    30                    30             3.5087892E-02         1.0000000E+30               712       
 NEXT SEEDS:33C3362E       1       0       0       0       0      39    3039       0       0
       2124                    29                    29             3.5071430E-02         1.0000000E+30               712       
 NEXT SEEDS:33C33632       1       0       0       0       0      39    3039       0       0
       2125                    28                    28             3.5054976E-02         1.0000000E+30               712       
 NEXT SEEDS:33C33636       1       0       0       0       0      39    3039       0       0
       2126                    27                    27             3.5038574E-02         1.0000000E+30               712       
 NEXT SEEDS:33C33802       1       0       0       0       0      39    3039       0       0
       2127                    26                    26             3.5041976E-02         1.0000000E+30               712       
 NEXT SEEDS:33CAB409       1       0       0       0       0      39    3039       0       0
       2128                    25                    25             3.5025595E-02         1.0000000E+30               712       
 NEXT SEEDS:33CAB554       1       0       0       0       0      39    3039       0       0
       2129                    24                    24             3.5023087E-02         1.0000000E+30               712       
 NEXT SEEDS:33D036FA       1       0       0       0       0      39    3039       0       0
       2130                    23                    23             3.5039443E-02         1.0000000E+30               712       
 NEXT SEEDS:33DD602C       1       0       0       0       0      39    3039       0       0
       2131                    22                    22             3.5023054E-02         1.0000000E+30               712       
 NEXT SEEDS:33DD6030       1       0       0       0       0      39    3039       0       0
       2132                    21                    21             3.5017173E-02         1.0000000E+30               712       
 NEXT SEEDS:33E1366D       1       0       0       0       0      39    3039       0       0
       2133                    20                    20             3.5001900E-02         1.0000000E+30               712       
 NEXT SEEDS:33E1998E       1       0       0       0       0      39    3039       0       0
       2134                    19                    19             3.4985552E-02         1.0000000E+30               712       
 NEXT SEEDS:33E19992       1       0       0       0       0      39    3039       0       0
       2135                    18                    18             3.4970341E-02         1.0000000E+30               712       
 NEXT SEEDS:33E1E821       1       0       0       0       0      39    3039       0       0
       2136                    17                    17             3.5019919E-02         1.0000000E+30               712       
 NEXT SEEDS:33F9F730       1       0       0       0       0      39    3039       0       0
       2137                    16                    16             3.5003592E-02         1.0000000E+30               712       
 NEXT SEEDS:33F9F734       1       0       0       0       0      39    3039       0       0
       2138                    15                    15             3.4987274E-02         1.0000000E+30               712       
 NEXT SEEDS:33F9F745       1       0       0       0       0      39    3039       0       0
       2139                    14                    14             3.4970963E-02         1.0000000E+30               712       
 NEXT SEEDS:33F9F749       1       0       0       0       0      39    3039       0       0
       2140                    13                    13             3.4954672E-02         1.0000000E+30               712       
 NEXT SEEDS:33F9F74D       1       0       0       0       0      39    3039       0       0
       2141                    12                    12             3.4938399E-02         1.0000000E+30               712       
 NEXT SEEDS:33F9F765       1       0       0       0       0      39    3039       0       0
       2142                    11                    11             3.4934650E-02         1.0000000E+30               712       
 NEXT SEEDS:33FF121E       1       0       0       0       0      39    3039       0       0
       2143                    10                    10             3.4933109E-02         1.0000000E+30               712       
 NEXT SEEDS:3404CAE3       1       0       0       0       0      39    3039       0       0
       2144                     9                     9             3.4946703E-02         1.0000000E+30               741       
 NEXT SEEDS:340FF0E7       1       0       0       0       0      39    3039       0       0
       2145                     8                     8             3.4930482E-02         1.0000000E+30               741       
 NEXT SEEDS:340FF0FD       1       0       0       0       0      39    3039       0       0
       2146                     7                     7             3.4927213E-02         1.0000000E+30               741       
 NEXT SEEDS:34151D01       1       0       0       0       0      39    3039       0       0
       2147                     6                     6             3.4911002E-02         1.0000000E+30               741       
 NEXT SEEDS:34151D05       1       0       0       0       0      39    3039       0       0
       2148                     5                     5             3.4954549E-02         1.0000000E+30               741       
 NEXT SEEDS:342C7DAC       1       0       0       0       0      39    3039       0       0
       2149                     4                     4             3.4938372E-02         1.0000000E+30               741       
 NEXT SEEDS:342C7F50       1       0       0       0       0      39    3039       0       0
       2150                     3                     3             3.4922171E-02         1.0000000E+30               741       
 NEXT SEEDS:342C7F54       1       0       0       0       0      39    3039       0       0
       2151                     2                     2             3.4942288E-02         1.0000000E+30               741       
 NEXT SEEDS:3439EA4C       1       0       0       0       0      39    3039       0       0
       2152                     1                     1             3.4935999E-02         1.0000000E+30               741       
 NEXT SEEDS:343D6058       1       0       0       0       0      39    3039       0       0
       2153                     0                     1             3.4920205E-02         1.0000000E+30               741       
 NEXT SEEDS:343D8059       1       0       0       0       0      39    3039       0       0
