1NUMBER OF BEAM       NUMBER OF BEAM        APPROXIMATE NUMBER    AVERAGE TIME USED     TIME LEFT (RESERVED   NUMBER OF STARS
 PARTICLES HANDLED    PARTICLES LEFT        OF BEAM PARTICLES     BY A BEAM PARTICLE     10000.0 SECONDS      CREATED
                                            THAT CAN STILL BE                           FOR PRINTOUT)
                                            HANDLED

 NEXT SEEDS:2C3B987D       5       0       0       0       0      27    3039       0       0
          1                  2846                  2846             7.2871923E-02         1.0000000E+30                 0       
 NEXT SEEDS:2C48D852       5       0       0       0       0      27    3039       0       0
         50                  2797                  2797             4.7113643E-02         1.0000000E+30                20       
 NEXT SEEDS:2DE88FDD       5       0       0       0       0      27    3039       0       0
  Comptn_2: TXYZ:   1.0000000000010347       U,V,W  0.59004321645969782       0.80714951453388295       -1.8938423869107268E-002
        100                  2747                  2747             4.8857858E-02         1.0000000E+30                24       
 NEXT SEEDS:2FB6C447       5       0       0       0       0      27    3039       0       0
        150                  2697                  2697             4.6877732E-02         1.0000000E+30                37       
 NEXT SEEDS:3141FEA0       5       0       0       0       0      27    3039       0       0
        200                  2647                  2647             4.8962654E-02         1.0000000E+30                42       
 NEXT SEEDS:33367377       5       0       0       0       0      27    3039       0       0
        250                  2597                  2597             5.0798125E-02         1.0000000E+30                48       
 NEXT SEEDS:35452A00       5       0       0       0       0      27    3039       0       0
        300                  2547                  2547             5.6056222E-02         1.0000000E+30                50       
 NEXT SEEDS:383FDAED       5       0       0       0       0      27    3039       0       0
        350                  2497                  2497             5.7320848E-02         1.0000000E+30                56       
 NEXT SEEDS:3A8CC337       5       0       0       0       0      27    3039       0       0
        400                  2447                  2447             5.8832895E-02         1.0000000E+30               103       
 NEXT SEEDS: 1632D22       6       0       0       0       0      27    3039       0       0
  *** Kbar: P_min > 1.8 GeV/c:           25   113.02290661024217     
  *** Kaon: P_min > 1.5 GeV/c:           24   70.539077865647755     
  *** Kaon: P_min > 1.5 GeV/c:           24   70.536287828685801     
  *** Kaon: P_min > 1.5 GeV/c:           24   64.755739451795804     
  *** Kaon: P_min > 1.5 GeV/c:           24   62.613410463182710     
  *** Kaon: P_min > 1.5 GeV/c:           24   2.0522162983638377     
  *** Kbar: P_min > 1.8 GeV/c:           25   113.01839512933908     
  *** Kbar: P_min > 1.8 GeV/c:           25   125.33750074768719     
  *** Kbar: P_min > 1.8 GeV/c:           25   117.49389568564452     
  *** Kaon: P_min > 1.5 GeV/c:           24   14.035281661665968     
  *** Kbar: P_min > 1.8 GeV/c:           16   59.443226481643336     
  *** Kbar: P_min > 1.8 GeV/c:           16   59.433847095714107     
  *** Kbar: P_min > 1.8 GeV/c:           16   58.533499477370356     
  *** Kaon: P_min > 1.5 GeV/c:           15   4.7117346008126644     
  *** Kbar: P_min > 1.8 GeV/c:           16   4.8283701201475271     
  *** Kaon: P_min > 1.5 GeV/c:           15   4.2928973120148228     
  *** Kaon: P_min > 1.5 GeV/c:           15   3.8294122685669287     
  *** Kaon: P_min > 1.5 GeV/c:           15   3.7212246194675007     
  *** Kaon: P_min > 1.5 GeV/c:           24   1.6203113667931763     
  *** Kaon: P_min > 1.5 GeV/c:           24   1.5366471341798216     
        450                  2397                  2397             7.0971194E-02         1.0000000E+30              1370       
 NEXT SEEDS: 7687BB3       6       0       0       0       0      27    3039       0       0
        500                  2347                  2347             7.4428663E-02         1.0000000E+30              1384       
 NEXT SEEDS: B21DD23       6       0       0       0       0      27    3039       0       0
        550                  2297                  2297             7.3934442E-02         1.0000000E+30              1395       
 NEXT SEEDS: D90E482       6       0       0       0       0      27    3039       0       0
        600                  2247                  2247             7.6271672E-02         1.0000000E+30              1403       
 NEXT SEEDS:112C963F       6       0       0       0       0      27    3039       0       0
  Comptn_2: TXYZ:  0.99999999999696587       U,V,W -0.23801412357062190       0.17986807352824030      -0.95446149901560418     
        650                  2197                  2197             7.6679697E-02         1.0000000E+30              1405       
 NEXT SEEDS:141120FB       6       0       0       0       0      27    3039       0       0
        700                  2147                  2147             7.7781594E-02         1.0000000E+30              1416       
 NEXT SEEDS:17535674       6       0       0       0       0      27    3039       0       0
  Comptn_2: TXYZ:   1.0000000000023250       U,V,W -0.43519770183347362       0.85419111351518495      -0.28453558988793759     
  Comptn_2: TXYZ:   1.0000000000010241       U,V,W -0.35417495191545356       0.36828366936411427       0.85960877282425052     
        750                  2097                  2097             8.3240172E-02         1.0000000E+30              1420       
 NEXT SEEDS:1CF6D56C       6       0       0       0       0      27    3039       0       0
  *** Hhflev: call to Hadriv !! ***  0.44256109724066817        3.5000000000000000        1.3320170730015402               14 T F T
        800                  2047                  2047             8.8325213E-02         1.0000000E+30              1509       
 NEXT SEEDS:22ADBF78       6       0       0       0       0      27    3039       0       0
  Comptn_2: TXYZ:   1.0000000000038953       U,V,W  0.21199289867505833      -0.68749604163496514      -0.69455611987189059     
        850                  1997                  1997             8.7529672E-02         1.0000000E+30              1513       
 NEXT SEEDS:255316CE       6       0       0       0       0      27    3039       0       0
        900                  1947                  1947             8.7265310E-02         1.0000000E+30              1514       
 NEXT SEEDS:2843FD39       6       0       0       0       0      27    3039       0       0
        950                  1897                  1897             8.5833482E-02         1.0000000E+30              1519       
 NEXT SEEDS:2A68025B       6       0       0       0       0      27    3039       0       0
       1000                  1847                  1847             8.5248648E-02         1.0000000E+30              1540       
 NEXT SEEDS:2D0CA47B       6       0       0       0       0      27    3039       0       0
       1050                  1797                  1797             8.7160920E-02         1.0000000E+30              1543       
 NEXT SEEDS:31850EB3       6       0       0       0       0      27    3039       0       0
       1100                  1747                  1747             8.6173060E-02         1.0000000E+30              1566       
 NEXT SEEDS:33DA5D56       6       0       0       0       0      27    3039       0       0
       1150                  1697                  1697             8.4606415E-02         1.0000000E+30              1572       
 NEXT SEEDS:35AA0FFF       6       0       0       0       0      27    3039       0       0
       1200                  1647                  1647             8.4082450E-02         1.0000000E+30              1574       
 NEXT SEEDS:383BA390       6       0       0       0       0      27    3039       0       0
  Comptn_2: TXYZ:  0.99999999999883271       U,V,W -0.13596703298861357       0.21836124429606940       0.96634948798484821     
       1250                  1597                  1597             8.3324688E-02         1.0000000E+30              1689       
 NEXT SEEDS:3A91E365       6       0       0       0       0      27    3039       0       0
       1300                  1547                  1547             8.4716538E-02         1.0000000E+30              1689       
 NEXT SEEDS: 3316C0C       7       0       0       0       0      27    3039       0       0
  Comptn_2: TXYZ:   1.0000000000013403       U,V,W  0.53536134036222460       0.46013021701816115       0.70828554879633288     
       1350                  1497                  1497             8.5467500E-02         1.0000000E+30              1690       
 NEXT SEEDS: 6EFF6C2       7       0       0       0       0      27    3039       0       0
  Comptn_2: TXYZ:   1.0000000000010405       U,V,W  0.34014180466926547       0.81066526115415627      -0.47657673786625310     
       1400                  1447                  1447             8.5879216E-02         1.0000000E+30              1707       
 NEXT SEEDS: A74DE37       7       0       0       0       0      27    3039       0       0
       1450                  1397                  1397             8.4646674E-02         1.0000000E+30              1709       
 NEXT SEEDS: C41795C       7       0       0       0       0      27    3039       0       0
       1500                  1347                  1347             8.5211812E-02         1.0000000E+30              1713       
 NEXT SEEDS: FD43FB9       7       0       0       0       0      27    3039       0       0
  Comptn_2: TXYZ:   1.0000000000123825       U,V,W -0.21809793369925501      -0.59876275451421535       0.77065975315637658     
       1550                  1297                  1297             8.3717651E-02         1.0000000E+30              1715       
 NEXT SEEDS:113A7350       7       0       0       0       0      27    3039       0       0
       1600                  1247                  1247             8.3526878E-02         1.0000000E+30              1774       
 NEXT SEEDS:13F506F9       7       0       0       0       0      27    3039       0       0
       1650                  1197                  1197             8.4015678E-02         1.0000000E+30              1779       
 NEXT SEEDS:1784B1EB       7       0       0       0       0      27    3039       0       0
       1700                  1147                  1147             8.3560835E-02         1.0000000E+30              1780       
 NEXT SEEDS:19FBDAF3       7       0       0       0       0      27    3039       0       0
  Comptn_2: TXYZ:  0.99999999999778766       U,V,W -0.73267020817942630       0.64649024444844017      -0.21270808606421099     
       1750                  1097                  1097             8.3052664E-02         1.0000000E+30              1807       
 NEXT SEEDS:1C55B433       7       0       0       0       0      27    3039       0       0
       1800                  1047                  1047             8.2721362E-02         1.0000000E+30              1814       
 NEXT SEEDS:1EDA5767       7       0       0       0       0      27    3039       0       0
  Comptn_2: TXYZ:  0.99999999999850875       U,V,W  -1.5557590654928788E-002 -0.98898233520217349       0.14721379700822235     
  Comptn_2: TXYZ:  0.99999999999873368       U,V,W -0.49212164148271142      -0.56157124758944121      -0.66517217610475399     
       1850                   997                   997             8.2075813E-02         1.0000000E+30              1820       
 NEXT SEEDS:20EEB3D8       7       0       0       0       0      27    3039       0       0
       1900                   947                   947             8.1651458E-02         1.0000000E+30              1823       
 NEXT SEEDS:2346FA5B       7       0       0       0       0      27    3039       0       0
  Comptn_2: TXYZ:   1.0000000000065130       U,V,W  0.96392841405673124      -0.13822705896919629       0.22745393544477110     
       1950                   897                   897             8.0757962E-02         1.0000000E+30              1832       
 NEXT SEEDS:24F3E9E4       7       0       0       0       0      27    3039       0       0
       2000                   847                   847             8.0335052E-02         1.0000000E+30              1847       
 NEXT SEEDS:273F13D3       7       0       0       0       0      27    3039       0       0
       2050                   797                   797             8.0563934E-02         1.0000000E+30              1856       
 NEXT SEEDS:2A70FF86       7       0       0       0       0      27    3039       0       0
       2100                   747                   747             7.9542047E-02         1.0000000E+30              1857       
 NEXT SEEDS:2BC730FC       7       0       0       0       0      27    3039       0       0
       2150                   697                   697             7.9393147E-02         1.0000000E+30              1874       
 NEXT SEEDS:2E618BCD       7       0       0       0       0      27    3039       0       0
       2200                   647                   647             7.8606976E-02         1.0000000E+30              1874       
 NEXT SEEDS:2FFA5E18       7       0       0       0       0      27    3039       0       0
       2250                   597                   597             7.9007419E-02         1.0000000E+30              1938       
 NEXT SEEDS:336B2676       7       0       0       0       0      27    3039       0       0
       2300                   547                   547             7.8567617E-02         1.0000000E+30              1954       
 NEXT SEEDS:35860306       7       0       0       0       0      27    3039       0       0
       2350                   497                   497             7.8035245E-02         1.0000000E+30              1956       
 NEXT SEEDS:37799229       7       0       0       0       0      27    3039       0       0
       2400                   447                   447             7.8096555E-02         1.0000000E+30              1959       
 NEXT SEEDS:3A5D6708       7       0       0       0       0      27    3039       0       0
       2450                   397                   397             7.9861014E-02         1.0000000E+30              2006       
 NEXT SEEDS: 4B183F7       8       0       0       0       0      27    3039       0       0
  Comptn_2: TXYZ:   1.0000000000020415       U,V,W  -5.5612082298353016E-002 -0.32319597374459369      -0.94469659619359625     
       2500                   347                   347             7.9921691E-02         1.0000000E+30              2011       
 NEXT SEEDS: 7B3E29D       8       0       0       0       0      27    3039       0       0
       2550                   297                   297             8.0205676E-02         1.0000000E+30              2013       
 NEXT SEEDS: B29FB72       8       0       0       0       0      27    3039       0       0
       2600                   247                   247             7.9970339E-02         1.0000000E+30              2016       
 NEXT SEEDS: D950341       8       0       0       0       0      27    3039       0       0
       2650                   197                   197             7.9458290E-02         1.0000000E+30              2016       
 NEXT SEEDS: F742CC3       8       0       0       0       0      27    3039       0       0
       2700                   147                   147             7.9133227E-02         1.0000000E+30              2017       
 NEXT SEEDS:11AFAB52       8       0       0       0       0      27    3039       0       0
       2750                    97                    97             7.8937943E-02         1.0000000E+30              2021       
 NEXT SEEDS:1425A9AC       8       0       0       0       0      27    3039       0       0
  Comptn_2: TXYZ:  0.99999999999874634       U,V,W  0.72447648000995457       0.22264768395599077      -0.65235100884429187     
       2797                    50                    50             7.8776785E-02         1.0000000E+30              2069       
 NEXT SEEDS:167C60D2       8       0       0       0       0      27    3039       0       0
       2798                    49                    49             7.8846487E-02         1.0000000E+30              2069       
 NEXT SEEDS:16AF0D1E       8       0       0       0       0      27    3039       0       0
       2799                    48                    48             7.8900358E-02         1.0000000E+30              2069       
 NEXT SEEDS:16D977E5       8       0       0       0       0      27    3039       0       0
       2800                    47                    47             7.8875890E-02         1.0000000E+30              2069       
 NEXT SEEDS:16DB2CDD       8       0       0       0       0      27    3039       0       0
       2801                    46                    46             7.8847774E-02         1.0000000E+30              2069       
 NEXT SEEDS:16DB2CE1       8       0       0       0       0      27    3039       0       0
       2802                    45                    45             7.8819672E-02         1.0000000E+30              2069       
 NEXT SEEDS:16DB2CE5       8       0       0       0       0      27    3039       0       0
       2803                    44                    44             7.8791590E-02         1.0000000E+30              2069       
 NEXT SEEDS:16DB2CE9       8       0       0       0       0      27    3039       0       0
       2804                    43                    43             7.8763529E-02         1.0000000E+30              2069       
 NEXT SEEDS:16DB2CED       8       0       0       0       0      27    3039       0       0
       2805                    42                    42             7.8762251E-02         1.0000000E+30              2069       
 NEXT SEEDS:16E9AF1F       8       0       0       0       0      27    3039       0       0
       2806                    41                    41             7.8734225E-02         1.0000000E+30              2069       
 NEXT SEEDS:16E9AF23       8       0       0       0       0      27    3039       0       0
       2807                    40                    40             7.8745832E-02         1.0000000E+30              2069       
 NEXT SEEDS:16FDC4A8       8       0       0       0       0      27    3039       0       0
       2808                    39                    39             7.8717832E-02         1.0000000E+30              2069       
 NEXT SEEDS:16FDC4AC       8       0       0       0       0      27    3039       0       0
       2809                    38                    38             7.8736215E-02         1.0000000E+30              2069       
 NEXT SEEDS:1716A6E6       8       0       0       0       0      27    3039       0       0
       2810                    37                    37             7.8708255E-02         1.0000000E+30              2069       
 NEXT SEEDS:1716A6EA       8       0       0       0       0      27    3039       0       0
       2811                    36                    36             7.8690465E-02         1.0000000E+30              2069       
 NEXT SEEDS:171C3F09       8       0       0       0       0      27    3039       0       0
       2812                    35                    35             7.8662525E-02         1.0000000E+30              2069       
 NEXT SEEDS:171C3F0D       8       0       0       0       0      27    3039       0       0
       2813                    34                    34             7.8681200E-02         1.0000000E+30              2069       
 NEXT SEEDS:17345F8B       8       0       0       0       0      27    3039       0       0
       2814                    33                    33             7.8726133E-02         1.0000000E+30              2069       
 NEXT SEEDS:175A41B9       8       0       0       0       0      27    3039       0       0
       2815                    32                    32             7.8698210E-02         1.0000000E+30              2069       
 NEXT SEEDS:175A41BD       8       0       0       0       0      27    3039       0       0
       2816                    31                    31             7.8676630E-02         1.0000000E+30              2069       
 NEXT SEEDS:175DBC17       8       0       0       0       0      27    3039       0       0
       2817                    30                    30             7.8668959E-02         1.0000000E+30              2069       
 NEXT SEEDS:17684657       8       0       0       0       0      27    3039       0       0
       2818                    29                    29             7.8641086E-02         1.0000000E+30              2069       
 NEXT SEEDS:1768465B       8       0       0       0       0      27    3039       0       0
       2819                    28                    28             7.8648914E-02         1.0000000E+30              2069       
 NEXT SEEDS:177AB4E0       8       0       0       0       0      27    3039       0       0
       2820                    27                    27             7.8621067E-02         1.0000000E+30              2069       
 NEXT SEEDS:177AB4E4       8       0       0       0       0      27    3039       0       0
       2821                    26                    26             7.8610284E-02         1.0000000E+30              2069       
 NEXT SEEDS:17838A9E       8       0       0       0       0      27    3039       0       0
       2822                    25                    25             7.8606430E-02         1.0000000E+30              2069       
 NEXT SEEDS:178FF405       8       0       0       0       0      27    3039       0       0
       2823                    24                    24             7.8594611E-02         1.0000000E+30              2069       
 NEXT SEEDS:1798960B       8       0       0       0       0      27    3039       0       0
       2824                    23                    23             7.8571703E-02         1.0000000E+30              2069       
 NEXT SEEDS:179B3FE4       8       0       0       0       0      27    3039       0       0
       2825                    22                    22             7.8543933E-02         1.0000000E+30              2069       
 NEXT SEEDS:179B3FE8       8       0       0       0       0      27    3039       0       0
       2826                    21                    21             7.8541490E-02         1.0000000E+30              2069       
 NEXT SEEDS:17A864ED       8       0       0       0       0      27    3039       0       0
       2827                    20                    20             7.8513751E-02         1.0000000E+30              2069       
 NEXT SEEDS:17A864F1       8       0       0       0       0      27    3039       0       0
       2828                    19                    19             7.8486025E-02         1.0000000E+30              2069       
 NEXT SEEDS:17A864F5       8       0       0       0       0      27    3039       0       0
       2829                    18                    18             7.8458320E-02         1.0000000E+30              2069       
 NEXT SEEDS:17A864F9       8       0       0       0       0      27    3039       0       0
       2830                    17                    17             7.8449392E-02         1.0000000E+30              2069       
 NEXT SEEDS:17B2C315       8       0       0       0       0      27    3039       0       0
       2831                    16                    16             7.8421729E-02         1.0000000E+30              2069       
 NEXT SEEDS:17B2C319       8       0       0       0       0      27    3039       0       0
       2832                    15                    15             7.8421366E-02         1.0000000E+30              2069       
 NEXT SEEDS:17C0FCA2       8       0       0       0       0      27    3039       0       0
       2833                    14                    14             7.8401236E-02         1.0000000E+30              2069       
 NEXT SEEDS:17C4D4AB       8       0       0       0       0      27    3039       0       0
       2834                    13                    13             7.8565911E-02         1.0000000E+30              2070       
 NEXT SEEDS:1827463D       8       0       0       0       0      27    3039       0       0
       2835                    12                    12             7.8538252E-02         1.0000000E+30              2070       
 NEXT SEEDS:18274641       8       0       0       0       0      27    3039       0       0
  Comptn_2: TXYZ:  0.99999999999746525       U,V,W  0.97868812070140265      -0.12685710311326659       0.16148324304748130     
       2836                    11                    11             7.8581079E-02         1.0000000E+30              2070       
 NEXT SEEDS:184BDFEE       8       0       0       0       0      27    3039       0       0
       2837                    10                    10             7.8580978E-02         1.0000000E+30              2070       
 NEXT SEEDS:185A2C18       8       0       0       0       0      27    3039       0       0
       2838                     9                     9             7.8568182E-02         1.0000000E+30              2070       
 NEXT SEEDS:18626E07       8       0       0       0       0      27    3039       0       0
       2839                     8                     8             7.8570874E-02         1.0000000E+30              2070       
 NEXT SEEDS:18722D7D       8       0       0       0       0      27    3039       0       0
       2840                     7                     7             7.8612400E-02         1.0000000E+30              2070       
 NEXT SEEDS:18968DD4       8       0       0       0       0      27    3039       0       0
       2841                     6                     6             7.8584777E-02         1.0000000E+30              2070       
 NEXT SEEDS:18968DD8       8       0       0       0       0      27    3039       0       0
       2842                     5                     5             7.8557169E-02         1.0000000E+30              2070       
 NEXT SEEDS:18968DDC       8       0       0       0       0      27    3039       0       0
       2843                     4                     4             7.8529575E-02         1.0000000E+30              2070       
 NEXT SEEDS:18968DE0       8       0       0       0       0      27    3039       0       0
       2844                     3                     3             7.8502000E-02         1.0000000E+30              2070       
 NEXT SEEDS:18968DE4       8       0       0       0       0      27    3039       0       0
       2845                     2                     2             7.8484715E-02         1.0000000E+30              2070       
 NEXT SEEDS:189BDA64       8       0       0       0       0      27    3039       0       0
       2846                     1                     1             7.8457181E-02         1.0000000E+30              2070       
 NEXT SEEDS:189BDA68       8       0       0       0       0      27    3039       0       0
       2847                     0                     1             7.8429661E-02         1.0000000E+30              2070       
 NEXT SEEDS:189BDA6C       8       0       0       0       0      27    3039       0       0
