1NUMBER OF BEAM       NUMBER OF BEAM        APPROXIMATE NUMBER    AVERAGE TIME USED     TIME LEFT (RESERVED   NUMBER OF STARS
 PARTICLES HANDLED    PARTICLES LEFT        OF BEAM PARTICLES     BY A BEAM PARTICLE     10000.0 SECONDS      CREATED
                                            THAT CAN STILL BE                           FOR PRINTOUT)
                                            HANDLED

 NEXT SEEDS: 292DB21       C       0       0       0       0      15    3039       0       0
          1                  2846                  2846             6.4635992E-02         1.0000000E+30                 0       
 NEXT SEEDS: 29ECFD0       C       0       0       0       0      15    3039       0       0
         50                  2797                  2797             7.4031439E-02         1.0000000E+30                 9       
 NEXT SEEDS: 52829DE       C       0       0       0       0      15    3039       0       0
        100                  2747                  2747             1.1765516E-01         1.0000000E+30                71       
 NEXT SEEDS: AC9069D       C       0       0       0       0      15    3039       0       0
        150                  2697                  2697             1.0200504E-01         1.0000000E+30               183       
 NEXT SEEDS: D4275B6       C       0       0       0       0      15    3039       0       0
        200                  2647                  2647             1.0171637E-01         1.0000000E+30               185       
 NEXT SEEDS:10C1B76F       C       0       0       0       0      15    3039       0       0
        250                  2597                  2597             9.5484318E-02         1.0000000E+30               194       
 NEXT SEEDS:13397EAA       C       0       0       0       0      15    3039       0       0
        300                  2547                  2547             8.8088331E-02         1.0000000E+30               196       
 NEXT SEEDS:14F715EA       C       0       0       0       0      15    3039       0       0
        350                  2497                  2497             8.6368318E-02         1.0000000E+30               200       
 NEXT SEEDS:179BBC13       C       0       0       0       0      15    3039       0       0
        400                  2447                  2447             8.8643491E-02         1.0000000E+30               207       
 NEXT SEEDS:1B430688       C       0       0       0       0      15    3039       0       0
        450                  2397                  2397             8.4440738E-02         1.0000000E+30               208       
 NEXT SEEDS:1CEA5ECB       C       0       0       0       0      15    3039       0       0
        500                  2347                  2347             8.4520247E-02         1.0000000E+30               211       
 NEXT SEEDS:1FCF7777       C       0       0       0       0      15    3039       0       0
        550                  2297                  2297             8.3613210E-02         1.0000000E+30               218       
 NEXT SEEDS:225AAB4F       C       0       0       0       0      15    3039       0       0
        600                  2247                  2247             8.4565695E-02         1.0000000E+30               221       
 NEXT SEEDS:2599EE58       C       0       0       0       0      15    3039       0       0
        650                  2197                  2197             8.2909961E-02         1.0000000E+30               227       
 NEXT SEEDS:27C17F60       C       0       0       0       0      15    3039       0       0
        700                  2147                  2147             8.1934263E-02         1.0000000E+30               230       
 NEXT SEEDS:2A24E5AC       C       0       0       0       0      15    3039       0       0
  Comptn_2: TXYZ:  0.99999999999896616       U,V,W -0.27491058605038177      -0.26422729657252830       0.92445016383922773     
        750                  2097                  2097             8.2124434E-02         1.0000000E+30               235       
 NEXT SEEDS:2CF1A215       C       0       0       0       0      15    3039       0       0
  Comptn_2: TXYZ:  0.99999999999728495       U,V,W -0.64183230351115128       -7.4539914444130773E-002  0.76321366295521464     
        800                  2047                  2047             8.3753198E-02         1.0000000E+30               247       
 NEXT SEEDS:308BDC84       C       0       0       0       0      15    3039       0       0
  Comptn_2: TXYZ:   1.0000000000013207       U,V,W  -1.5017178932964725E-002 -0.19042584974297685      -0.98158671552129373     
        850                  1997                  1997             8.4812913E-02         1.0000000E+30               247       
 NEXT SEEDS:33EBA5A7       C       0       0       0       0      15    3039       0       0
        900                  1947                  1947             8.2496409E-02         1.0000000E+30               250       
 NEXT SEEDS:35634064       C       0       0       0       0      15    3039       0       0
        950                  1897                  1897             8.5640752E-02         1.0000000E+30               251       
 NEXT SEEDS:3A36AE15       C       0       0       0       0      15    3039       0       0
  Comptn_2: TXYZ:  0.99999999999771838       U,V,W  0.84456498180992767       0.44876761652503205      -0.29209179696896115     
       1000                  1847                  1847             8.9763698E-02         1.0000000E+30               258       
 NEXT SEEDS: 4636F62       D       0       0       0       0      15    3039       0       0
       1050                  1797                  1797             9.1207169E-02         1.0000000E+30               267       
 NEXT SEEDS: 85D7965       D       0       0       0       0      15    3039       0       0
       1100                  1747                  1747             8.9800598E-02         1.0000000E+30               272       
 NEXT SEEDS: A6FDE7C       D       0       0       0       0      15    3039       0       0
       1150                  1697                  1697             9.2885400E-02         1.0000000E+30               273       
 NEXT SEEDS: FCE63E4       D       0       0       0       0      15    3039       0       0
       1200                  1647                  1647             9.3828814E-02         1.0000000E+30               278       
 NEXT SEEDS:13D0E0CF       D       0       0       0       0      15    3039       0       0
       1250                  1597                  1597             9.2102828E-02         1.0000000E+30               284       
 NEXT SEEDS:158A4200       D       0       0       0       0      15    3039       0       0
       1300                  1547                  1547             9.3421692E-02         1.0000000E+30               285       
 NEXT SEEDS:19F89423       D       0       0       0       0      15    3039       0       0
       1350                  1497                  1497             9.2327013E-02         1.0000000E+30               286       
 NEXT SEEDS:1C369B0D       D       0       0       0       0      15    3039       0       0
  Comptn_2: TXYZ:   1.0000000000017042       U,V,W -0.64584931521504885       0.72317785251988131      -0.24472935186178546     
       1400                  1447                  1447             9.3468031E-02         1.0000000E+30               318       
 NEXT SEEDS:20890658       D       0       0       0       0      15    3039       0       0
       1450                  1397                  1397             9.1709933E-02         1.0000000E+30               324       
 NEXT SEEDS:21FD4FC1       D       0       0       0       0      15    3039       0       0
  Comptn_2: TXYZ:  0.99999999999877831       U,V,W  0.20714862493489505      -0.96852082953629726      -0.13804654990503451     
  Comptn_2: TXYZ:  0.99999999999772138       U,V,W -0.88045544916981022       0.22792627949021949       0.41574970011132351     
       1500                  1347                  1347             9.1187553E-02         1.0000000E+30               326       
 NEXT SEEDS:249D2561       D       0       0       0       0      15    3039       0       0
  Comptn_2: TXYZ:   1.0000000000013916       U,V,W  0.99358029524840707       -3.4321108872163109E-002 -0.10779730229122109     
  Comptn_2: TXYZ:  0.99999999999889089       U,V,W  -4.1705301246665272E-002  0.82318688899374592      -0.56623671166360623     
       1550                  1297                  1297             9.1906012E-02         1.0000000E+30               332       
 NEXT SEEDS:2880BF9C       D       0       0       0       0      15    3039       0       0
  Comptn_2: TXYZ:  0.99999999998682754       U,V,W  -3.2456119947653406E-002  0.99875293480941707        3.7936466287035842E-002
  *** Kbar: P_min > 1.8 GeV/c:           25   2.0943964384234302     
  *** Kbar: P_min > 1.8 GeV/c:           25   1.9224431623302698     
  *** Kaon: P_min > 1.5 GeV/c:           24   1.8610166876820378     
  *** Kaon: P_min > 1.5 GeV/c:           24   1.9131411377961691     
  *** Kaon: P_min > 1.5 GeV/c:           24   2.4196781449309293     
  Comptn_2: TXYZ:  0.99999999989772892       U,V,W  0.39624610545172345       0.20286916886921597       0.89545135218747873     
       1600                  1247                  1247             9.3818094E-02         1.0000000E+30               613       
 NEXT SEEDS:2DE12D30       D       0       0       0       0      15    3039       0       0
  Comptn_2: TXYZ:   1.0000000000012170       U,V,W -0.98043914492571282       -9.1415503592010339E-002 -0.17430515999698137     
  Comptn_2: TXYZ:  0.99999999999766609       U,V,W -0.49195470739770286        9.2671703455401655E-002 -0.86567460471333035     
       1650                  1197                  1197             9.7223374E-02         1.0000000E+30               622       
 NEXT SEEDS:352D1560       D       0       0       0       0      15    3039       0       0
  Comptn_2: TXYZ:  0.99999999999863454       U,V,W  0.24788613752308919      -0.26423853479241188       0.93205711174438122     
  Comptn_2: TXYZ:   1.0000000000061151       U,V,W -0.14352858148036773      -0.60850669170957161      -0.78046085901153361     
       1700                  1147                  1147             9.6150694E-02         1.0000000E+30               625       
 NEXT SEEDS:373FA023       D       0       0       0       0      15    3039       0       0
       1750                  1097                  1097             9.4598870E-02         1.0000000E+30               675       
 NEXT SEEDS:38B1A58C       D       0       0       0       0      15    3039       0       0
       1800                  1047                  1047             9.3710702E-02         1.0000000E+30               675       
 NEXT SEEDS:3AE175B9       D       0       0       0       0      15    3039       0       0
  Comptn_2: TXYZ:  0.99999999999844014       U,V,W -0.15723396872804329       0.50276781388349578      -0.85000117905758188     
       1850                   997                   997             9.3436380E-02         1.0000000E+30               677       
 NEXT SEEDS: 218AE4E       E       0       0       0       0      15    3039       0       0
       1900                   947                   947             9.3239065E-02         1.0000000E+30               683       
 NEXT SEEDS: 508E36E       E       0       0       0       0      15    3039       0       0
       1950                   897                   897             9.3987460E-02         1.0000000E+30               689       
 NEXT SEEDS: 93CB186       E       0       0       0       0      15    3039       0       0
       2000                   847                   847             9.3223855E-02         1.0000000E+30               690       
 NEXT SEEDS: B6EE2CC       E       0       0       0       0      15    3039       0       0
  Comptn_2: TXYZ:  0.99999999999792477       U,V,W -0.90699874576775419       -1.9986450187204241E-002 -0.42065878926103517     
       2050                   797                   797             9.2219121E-02         1.0000000E+30               691       
 NEXT SEEDS: D3B4E93       E       0       0       0       0      15    3039       0       0
  Comptn_2: TXYZ:  0.99999999999869349       U,V,W -0.99345190698728802       -8.2946563661039363E-002  -7.8569562037976937E-002
       2100                   747                   747             9.1452529E-02         1.0000000E+30               718       
 NEXT SEEDS: F540BB5       E       0       0       0       0      15    3039       0       0
  Comptn_2: TXYZ:  0.99999999999832556       U,V,W -0.47947033886917012       0.49609667833804849       0.72387587325795266     
       2150                   697                   697             9.0937956E-02         1.0000000E+30               777       
 NEXT SEEDS:11BEFA19       E       0       0       0       0      15    3039       0       0
       2200                   647                   647             8.9666756E-02         1.0000000E+30               779       
 NEXT SEEDS:12F82FED       E       0       0       0       0      15    3039       0       0
       2250                   597                   597             8.9786656E-02         1.0000000E+30               788       
 NEXT SEEDS:164524E8       E       0       0       0       0      15    3039       0       0
  Comptn_2: TXYZ:   1.0000000000012341       U,V,W -0.85516575912325976      -0.21239739080221653      -0.47284127654508268     
       2300                   547                   547             8.9386193E-02         1.0000000E+30               838       
 NEXT SEEDS:18B18EF6       E       0       0       0       0      15    3039       0       0
       2350                   497                   497             8.9082143E-02         1.0000000E+30               841       
 NEXT SEEDS:1B48D314       E       0       0       0       0      15    3039       0       0
       2400                   447                   447             8.8702305E-02         1.0000000E+30               850       
 NEXT SEEDS:1DAA8EAF       E       0       0       0       0      15    3039       0       0
       2450                   397                   397             8.8046110E-02         1.0000000E+30               853       
 NEXT SEEDS:1F9C19AF       E       0       0       0       0      15    3039       0       0
       2500                   347                   347             8.8219954E-02         1.0000000E+30               856       
 NEXT SEEDS:22FDEFA8       E       0       0       0       0      15    3039       0       0
       2550                   297                   297             8.9300694E-02         1.0000000E+30               863       
 NEXT SEEDS:27FF1C3C       E       0       0       0       0      15    3039       0       0
  Comptn_2: TXYZ:   1.0000000000040450       U,V,W  0.98770173216583501       0.14331614646629021       -6.2496163423901407E-002
       2600                   247                   247             9.0332103E-02         1.0000000E+30               866       
 NEXT SEEDS:2CF1AD06       E       0       0       0       0      15    3039       0       0
       2650                   197                   197             8.9847563E-02         1.0000000E+30               869       
 NEXT SEEDS:2F380FD2       E       0       0       0       0      15    3039       0       0
       2700                   147                   147             9.1017265E-02         1.0000000E+30               875       
 NEXT SEEDS:34A927AA       E       0       0       0       0      15    3039       0       0
  Comptn_2: TXYZ:  0.99999999999875522       U,V,W -0.98877173328416390       -7.9275187990873519E-002  0.12667242804176837     
  Comptn_2: TXYZ:  0.99999999999857792       U,V,W -0.96460958456620816       0.21020878356330286      -0.15918736342568707     
       2750                    97                    97             9.1059072E-02         1.0000000E+30               889       
 NEXT SEEDS:37F7C4FD       E       0       0       0       0      15    3039       0       0
       2797                    50                    50             9.1470462E-02         1.0000000E+30               899       
 NEXT SEEDS:  3B2BD6       F       0       0       0       0      15    3039       0       0
       2798                    49                    49             9.1471964E-02         1.0000000E+30               899       
 NEXT SEEDS:  4C9939       F       0       0       0       0      15    3039       0       0
       2799                    48                    48             9.1477401E-02         1.0000000E+30               899       
 NEXT SEEDS:  5FADB8       F       0       0       0       0      15    3039       0       0
       2800                    47                    47             9.1504403E-02         1.0000000E+30               899       
 NEXT SEEDS:  7D8DE5       F       0       0       0       0      15    3039       0       0
       2801                    46                    46             9.1471800E-02         1.0000000E+30               899       
 NEXT SEEDS:  7D8DE9       F       0       0       0       0      15    3039       0       0
       2802                    45                    45             9.1474399E-02         1.0000000E+30               899       
 NEXT SEEDS:  8F700D       F       0       0       0       0      15    3039       0       0
       2803                    44                    44             9.1467906E-02         1.0000000E+30               899       
 NEXT SEEDS:  9CD0B4       F       0       0       0       0      15    3039       0       0
       2804                    43                    43             9.1435340E-02         1.0000000E+30               899       
 NEXT SEEDS:  9CD0B8       F       0       0       0       0      15    3039       0       0
       2805                    42                    42             9.1402775E-02         1.0000000E+30               899       
 NEXT SEEDS:  9CD0BC       F       0       0       0       0      15    3039       0       0
       2806                    41                    41             9.1398652E-02         1.0000000E+30               899       
 NEXT SEEDS:  AC418E       F       0       0       0       0      15    3039       0       0
       2807                    40                    40             9.1384421E-02         1.0000000E+30               899       
 NEXT SEEDS:  B625D5       F       0       0       0       0      15    3039       0       0
       2808                    39                    39             9.1351920E-02         1.0000000E+30               899       
 NEXT SEEDS:  B625D9       F       0       0       0       0      15    3039       0       0
       2809                    38                    38             9.1319432E-02         1.0000000E+30               899       
 NEXT SEEDS:  B625DD       F       0       0       0       0      15    3039       0       0
       2810                    37                    37             9.1312825E-02         1.0000000E+30               899       
 NEXT SEEDS:  C2E6B4       F       0       0       0       0      15    3039       0       0
       2811                    36                    36             9.1304594E-02         1.0000000E+30               899       
 NEXT SEEDS:  CF3C94       F       0       0       0       0      15    3039       0       0
       2812                    35                    35             9.1283498E-02         1.0000000E+30               899       
 NEXT SEEDS:  D4FE0C       F       0       0       0       0      15    3039       0       0
       2813                    34                    34             9.1251102E-02         1.0000000E+30               899       
 NEXT SEEDS:  D4FE10       F       0       0       0       0      15    3039       0       0
       2814                    33                    33             9.1232144E-02         1.0000000E+30               901       
 NEXT SEEDS:  DC3863       F       0       0       0       0      15    3039       0       0
       2815                    32                    32             9.1210012E-02         1.0000000E+30               901       
 NEXT SEEDS:  E1CC3E       F       0       0       0       0      15    3039       0       0
       2816                    31                    31             9.1177665E-02         1.0000000E+30               901       
 NEXT SEEDS:  E1CC42       F       0       0       0       0      15    3039       0       0
       2817                    30                    30             9.1167886E-02         1.0000000E+30               901       
 NEXT SEEDS:  ED315E       F       0       0       0       0      15    3039       0       0
       2818                    29                    29             9.1199796E-02         1.0000000E+30               901       
 NEXT SEEDS: 10CC314       F       0       0       0       0      15    3039       0       0
       2819                    28                    28             9.1183629E-02         1.0000000E+30               901       
 NEXT SEEDS: 11589DF       F       0       0       0       0      15    3039       0       0
       2820                    27                    27             9.1171120E-02         1.0000000E+30               901       
 NEXT SEEDS: 1207C3C       F       0       0       0       0      15    3039       0       0
       2821                    26                    26             9.1138855E-02         1.0000000E+30               901       
 NEXT SEEDS: 1207C40       F       0       0       0       0      15    3039       0       0
       2822                    25                    25             9.1117200E-02         1.0000000E+30               901       
 NEXT SEEDS: 125B2F1       F       0       0       0       0      15    3039       0       0
       2823                    24                    24             9.1084967E-02         1.0000000E+30               901       
 NEXT SEEDS: 125B2F5       F       0       0       0       0      15    3039       0       0
       2824                    23                    23             9.1052756E-02         1.0000000E+30               901       
 NEXT SEEDS: 125B2F9       F       0       0       0       0      15    3039       0       0
       2825                    22                    22             9.1031101E-02         1.0000000E+30               901       
 NEXT SEEDS: 12B35C5       F       0       0       0       0      15    3039       0       0
       2826                    21                    21             9.0998932E-02         1.0000000E+30               901       
 NEXT SEEDS: 12B35C9       F       0       0       0       0      15    3039       0       0
       2827                    20                    20             9.0973954E-02         1.0000000E+30               902       
 NEXT SEEDS: 12F2276       F       0       0       0       0      15    3039       0       0
       2828                    19                    19             9.0970187E-02         1.0000000E+30               902       
 NEXT SEEDS: 13DB5E0       F       0       0       0       0      15    3039       0       0
       2829                    18                    18             9.0961289E-02         1.0000000E+30               902       
 NEXT SEEDS: 1497A91       F       0       0       0       0      15    3039       0       0
       2830                    17                    17             9.0964679E-02         1.0000000E+30               902       
 NEXT SEEDS: 15C0049       F       0       0       0       0      15    3039       0       0
       2831                    16                    16             9.0963658E-02         1.0000000E+30               902       
 NEXT SEEDS: 16B6271       F       0       0       0       0      15    3039       0       0
  *** Kaon: P_min > 1.5 GeV/c:           24   11.315845904287897     
  *** Kbar: P_min > 1.8 GeV/c:           16   14.193074645702083     
  *** Kbar: P_min > 1.8 GeV/c:           16   14.152059906623363     
  *** Kbar: P_min > 1.8 GeV/c:           16   16.038603961379621     
  *** Kbar: P_min > 1.8 GeV/c:           25   6.9373373993159033     
  *** Kbar: P_min > 1.8 GeV/c:           25   6.9371887044751430     
  *** Kbar: P_min > 1.8 GeV/c:           25   8.6817953370591177     
  *** Kbar: P_min > 1.8 GeV/c:           16   3.4179828890576451     
  *** Kbar: P_min > 1.8 GeV/c:           16   3.4132976854753831     
  *** Kbar: P_min > 1.8 GeV/c:           16   3.9150183795455580     
  *** Kbar: P_min > 1.8 GeV/c:           16   3.5751481666107825     
  *** Kaon: P_min > 1.5 GeV/c:           24   11.315834703548648     
  *** Kaon: P_min > 1.5 GeV/c:           24   12.572299637355624     
  *** Kaon: P_min > 1.5 GeV/c:           24   2.4344580733693353     
  *** Kaon: P_min > 1.5 GeV/c:           24   2.6414968053975585     
       2832                    15                    15             9.1130581E-02         1.0000000E+30              1077       
 NEXT SEEDS: 1D8DDEE       F       0       0       0       0      15    3039       0       0
       2833                    14                    14             9.1128813E-02         1.0000000E+30              1077       
 NEXT SEEDS: 1E89879       F       0       0       0       0      15    3039       0       0
       2834                    13                    13             9.1096711E-02         1.0000000E+30              1077       
 NEXT SEEDS: 1E8987D       F       0       0       0       0      15    3039       0       0
       2835                    12                    12             9.1093158E-02         1.0000000E+30              1078       
 NEXT SEEDS: 1F71B99       F       0       0       0       0      15    3039       0       0
       2836                    11                    11             9.1061091E-02         1.0000000E+30              1078       
 NEXT SEEDS: 1F71B9D       F       0       0       0       0      15    3039       0       0
       2837                    10                    10             9.1047958E-02         1.0000000E+30              1078       
 NEXT SEEDS: 200C204       F       0       0       0       0      15    3039       0       0
       2838                     9                     9             9.1097386E-02         1.0000000E+30              1078       
 NEXT SEEDS: 22A9762       F       0       0       0       0      15    3039       0       0
       2839                     8                     8             9.1122152E-02         1.0000000E+30              1078       
 NEXT SEEDS: 2472DB3       F       0       0       0       0      15    3039       0       0
       2840                     7                     7             9.1109871E-02         1.0000000E+30              1078       
 NEXT SEEDS: 250EDE8       F       0       0       0       0      15    3039       0       0
       2841                     6                     6             9.1077855E-02         1.0000000E+30              1078       
 NEXT SEEDS: 250EDEC       F       0       0       0       0      15    3039       0       0
       2842                     5                     5             9.1045840E-02         1.0000000E+30              1078       
 NEXT SEEDS: 250EDF0       F       0       0       0       0      15    3039       0       0
       2843                     4                     4             9.1013858E-02         1.0000000E+30              1078       
 NEXT SEEDS: 250EDF4       F       0       0       0       0      15    3039       0       0
       2844                     3                     3             9.0981888E-02         1.0000000E+30              1078       
 NEXT SEEDS: 250EDF8       F       0       0       0       0      15    3039       0       0
       2845                     2                     2             9.0981821E-02         1.0000000E+30              1078       
 NEXT SEEDS: 26128E9       F       0       0       0       0      15    3039       0       0
       2846                     1                     1             9.0972521E-02         1.0000000E+30              1078       
 NEXT SEEDS: 26CAE33       F       0       0       0       0      15    3039       0       0
       2847                     0                     1             9.1026396E-02         1.0000000E+30              1078       
 NEXT SEEDS: 29757BC       F       0       0       0       0      15    3039       0       0
