1NUMBER OF BEAM       NUMBER OF BEAM        APPROXIMATE NUMBER    AVERAGE TIME USED     TIME LEFT (RESERVED   NUMBER OF STARS
 PARTICLES HANDLED    PARTICLES LEFT        OF BEAM PARTICLES     BY A BEAM PARTICLE     10000.0 SECONDS      CREATED
                                            THAT CAN STILL BE                           FOR PRINTOUT)
                                            HANDLED

 NEXT SEEDS:1A7F86F1       B       0       0       0       0      27    3039       0       0
          1                  2846                  2846             9.1704988E-01         1.0000000E+30                 1       
 NEXT SEEDS:1B271309       B       0       0       0       0      27    3039       0       0
         50                  2797                  2797             8.5125475E-02         1.0000000E+30                14       
 NEXT SEEDS:1D8F957B       B       0       0       0       0      27    3039       0       0
        100                  2747                  2747             6.7784400E-02         1.0000000E+30               139       
 NEXT SEEDS:1F5CB64B       B       0       0       0       0      27    3039       0       0
        150                  2697                  2697             8.4215040E-02         1.0000000E+30               155       
 NEXT SEEDS:238FA34B       B       0       0       0       0      27    3039       0       0
  Comptn_2: TXYZ:   1.0000000000016604       U,V,W  0.79258010403286017      -0.11852322129223580       0.59813796460969826     
  Comptn_2: TXYZ:   1.0000000000034983       U,V,W -0.15353674143176477      -0.82191782371489275       0.54852307161484859     
        200                  2647                  2647             9.0158260E-02         1.0000000E+30               160       
 NEXT SEEDS:277E621A       B       0       0       0       0      27    3039       0       0
  Comptn_2: TXYZ:  0.99999999999885281       U,V,W -0.20684498076604640      -0.68264764222284668       0.70086186263652195     
        250                  2597                  2597             8.6873602E-02         1.0000000E+30               164       
 NEXT SEEDS:2A213116       B       0       0       0       0      27    3039       0       0
        300                  2547                  2547             8.3709633E-02         1.0000000E+30               173       
 NEXT SEEDS:2C8B38B8       B       0       0       0       0      27    3039       0       0
        350                  2497                  2497             8.8744789E-02         1.0000000E+30               175       
 NEXT SEEDS:30C8B9A9       B       0       0       0       0      27    3039       0       0
        400                  2447                  2447             8.4820288E-02         1.0000000E+30               178       
 NEXT SEEDS:32D45BB9       B       0       0       0       0      27    3039       0       0
        450                  2397                  2397             7.9077063E-02         1.0000000E+30               181       
 NEXT SEEDS:340B2410       B       0       0       0       0      27    3039       0       0
        500                  2347                  2347             7.6456779E-02         1.0000000E+30               183       
 NEXT SEEDS:35F79267       B       0       0       0       0      27    3039       0       0
  Comptn_2: TXYZ:   1.0000000000071572       U,V,W -0.57078991333330009      -0.22491302101271060      -0.78969171695229079     
        550                  2297                  2297             7.7586329E-02         1.0000000E+30               197       
 NEXT SEEDS:38F2601D       B       0       0       0       0      27    3039       0       0
        600                  2247                  2247             7.5482050E-02         1.0000000E+30               206       
 NEXT SEEDS:3ACD473E       B       0       0       0       0      27    3039       0       0
  Comptn_2: TXYZ:   1.0000000000010767       U,V,W -0.36080383078561340      -0.92719999974338840      -0.10060196900341367     
        650                  2197                  2197             7.9686103E-02         1.0000000E+30               217       
 NEXT SEEDS: 3F0E90D       C       0       0       0       0      27    3039       0       0
        700                  2147                  2147             8.0256271E-02         1.0000000E+30               230       
 NEXT SEEDS: 715A9AD       C       0       0       0       0      27    3039       0       0
  Comptn_2: TXYZ:  0.99999999999587219       U,V,W  0.78282520366192188      -0.14461089814795969       0.60520441889033094     
        750                  2097                  2097             8.1787816E-02         1.0000000E+30               257       
 NEXT SEEDS: AC21D7C       C       0       0       0       0      27    3039       0       0
        800                  2047                  2047             7.9460439E-02         1.0000000E+30               263       
 NEXT SEEDS: C547E65       C       0       0       0       0      27    3039       0       0
  Comptn_2: TXYZ:  0.99999999999889311       U,V,W -0.24188800264319354        7.5117911384687375E-002 -0.96739210952197752     
        850                  1997                  1997             7.7635776E-02         1.0000000E+30               267       
 NEXT SEEDS: DF4408E       C       0       0       0       0      27    3039       0       0
        900                  1947                  1947             7.8099670E-02         1.0000000E+30               270       
 NEXT SEEDS:10D8743D       C       0       0       0       0      27    3039       0       0
  Comptn_2: TXYZ:  0.99999999999858713       U,V,W -0.63964348283853756      -0.29176899727271177       0.71114489880139686     
        950                  1897                  1897             7.8346268E-02         1.0000000E+30               275       
 NEXT SEEDS:13A234FD       C       0       0       0       0      27    3039       0       0
       1000                  1847                  1847             7.7393043E-02         1.0000000E+30               281       
 NEXT SEEDS:15B9C593       C       0       0       0       0      27    3039       0       0
  Comptn_2: TXYZ:   1.0000000000010514       U,V,W  0.50311915714267652       0.86040599194934053        8.1071836877953274E-002
       1050                  1797                  1797             7.6852816E-02         1.0000000E+30               282       
 NEXT SEEDS:1806C6B2       C       0       0       0       0      27    3039       0       0
  Comptn_2: TXYZ:  0.99999999999889677       U,V,W -0.39043905893092790      -0.91650689982483513        8.7019789895734334E-002
  Comptn_2: TXYZ:   1.0000000000034370       U,V,W  0.37212104393761081      -0.84594767765028678      -0.38196656311816923     
       1100                  1747                  1747             7.6588335E-02         1.0000000E+30               294       
 NEXT SEEDS:1A8089C3       C       0       0       0       0      27    3039       0       0
  Comptn_2: TXYZ:   1.0000000000021507       U,V,W -0.64173457156333313       0.71549156668872627      -0.27613141375056927     
       1150                  1697                  1697             7.6561624E-02         1.0000000E+30               310       
 NEXT SEEDS:1D1966B4       C       0       0       0       0      27    3039       0       0
       1200                  1647                  1647             7.8370755E-02         1.0000000E+30               320       
 NEXT SEEDS:21537AD0       C       0       0       0       0      27    3039       0       0
  Comptn_2: TXYZ:   1.0000000000048219       U,V,W  0.90762016627400754       -7.8939199270394056E-002  0.41230357334870860     
       1250                  1597                  1597             7.8088604E-02         1.0000000E+30               323       
 NEXT SEEDS:23D98DBD       C       0       0       0       0      27    3039       0       0
       1300                  1547                  1547             8.2199830E-02         1.0000000E+30               332       
 NEXT SEEDS:2A3D8176       C       0       0       0       0      27    3039       0       0
  Comptn_2: TXYZ:   1.0000000000015674       U,V,W -0.98993613457072893      -0.11657266993756821       -8.0232550105039380E-002
       1350                  1497                  1497             8.1030940E-02         1.0000000E+30               337       
 NEXT SEEDS:2BFB93DD       C       0       0       0       0      27    3039       0       0
  Comptn_2: TXYZ:  0.99999999999277578       U,V,W -0.46197235635605693      -0.81721445692039651      -0.34458971742625977     
       1400                  1447                  1447             8.3248002E-02         1.0000000E+30               344       
 NEXT SEEDS:30F572A5       C       0       0       0       0      27    3039       0       0
  Comptn_2: TXYZ:   1.0000000000023914       U,V,W -0.51539210084197862      -0.16755966705658665       0.84041343419055892     
       1450                  1397                  1397             8.3109062E-02         1.0000000E+30               354       
 NEXT SEEDS:33C81837       C       0       0       0       0      27    3039       0       0
  *** Kaon: P_min > 1.5 GeV/c:           15   2.0043525353097804     
  *** Kaon: P_min > 1.5 GeV/c:           15   2.2789939028644750     
  *** Kaon: P_min > 1.5 GeV/c:           24   1.5112152647864778     
  *** Kaon: P_min > 1.5 GeV/c:           15   9.5947877934201404     
  *** Kbar: P_min > 1.8 GeV/c:           25   14.058635163915319     
  *** Kbar: P_min > 1.8 GeV/c:           25   14.053865282472946     
  *** Kbar: P_min > 1.8 GeV/c:           25   14.399061003474630     
  *** Kaon: P_min > 1.5 GeV/c:           15   9.5009092973080023     
  *** Kaon: P_min > 1.5 GeV/c:           15   10.539308427069971     
  *** Kaon: P_min > 1.5 GeV/c:           24   7.0418707872380155     
  *** Kaon: P_min > 1.5 GeV/c:           24   7.0416101083385216     
  *** Kaon: P_min > 1.5 GeV/c:           24   7.2295532338885788     
  *** Kaon: P_min > 1.5 GeV/c:           24   2.2959719161801244     
  *** Kaon: P_min > 1.5 GeV/c:           24   2.0342195472950713     
  *** Kaon: P_min > 1.5 GeV/c:           24   2.2946543079102133     
  *** Kaon: P_min > 1.5 GeV/c:           24   1.9950146055837532     
  *** Kaon: P_min > 1.5 GeV/c:           24   2.2880398153349861     
  *** Kaon: P_min > 1.5 GeV/c:           15   19.106691289327095     
  *** Kbar: P_min > 1.8 GeV/c:           16   16.485430128917770     
  *** Kbar: P_min > 1.8 GeV/c:           16   3.5398477702912596     
  Comptn_2: TXYZ:  0.99999999999887557       U,V,W -0.36567954928141333       0.64680620179657922      -0.66926840994753434     
  Comptn_2: TXYZ:   1.0000000000037996       U,V,W -0.98508204629585006        6.9214160585460149E-002 -0.15755241046658242     
       1500                  1347                  1347             8.3932795E-02         1.0000000E+30               976       
 NEXT SEEDS:37BC5DD2       C       0       0       0       0      27    3039       0       0
       1550                  1297                  1297             8.2689066E-02         1.0000000E+30               977       
 NEXT SEEDS:395EC772       C       0       0       0       0      27    3039       0       0
  Comptn_2: TXYZ:   1.0000000000019982       U,V,W  0.11974112573655304      -0.96553367701343529      -0.23109907261228102     
       1600                  1247                  1247             8.2033057E-02         1.0000000E+30               981       
 NEXT SEEDS:3B955939       C       0       0       0       0      27    3039       0       0
       1650                  1197                  1197             8.4697899E-02         1.0000000E+30               983       
 NEXT SEEDS: 5E50D65       D       0       0       0       0      27    3039       0       0
       1700                  1147                  1147             8.3467160E-02         1.0000000E+30               990       
 NEXT SEEDS: 76D31E8       D       0       0       0       0      27    3039       0       0
       1750                  1097                  1097             8.2557150E-02         1.0000000E+30              1018       
 NEXT SEEDS: 947CB4E       D       0       0       0       0      27    3039       0       0
  *** Hhflev: call to Hadriv !! ***  0.40594793097037990        3.5000000000000000        1.3059022290280060               14 T F T
  Comptn_2: TXYZ:   1.0000000000012941       U,V,W -0.62655157382528159        5.0917308608141809E-002 -0.77771495615196962     
       1800                  1047                  1047             8.2602755E-02         1.0000000E+30              1210       
 NEXT SEEDS: C50DA7A       D       0       0       0       0      27    3039       0       0
  Comptn_2: TXYZ:  0.99999999999451639       U,V,W   1.8236332895014584E-002  0.82033878854495335      -0.57158700839474719     
       1850                   997                   997             8.4685145E-02         1.0000000E+30              1215       
 NEXT SEEDS:122ADFA3       D       0       0       0       0      27    3039       0       0
  *** Hhflev: call to Hadriv !! ***  0.44158394898765452        3.5000000000000000        1.3285600655514735               23 T F T
       1900                   947                   947             8.5156141E-02         1.0000000E+30              1234       
 NEXT SEEDS:15C89FB1       D       0       0       0       0      27    3039       0       0
  Comptn_2: TXYZ:   1.0000000000052474       U,V,W   9.5060905474682045E-002 -0.92542202604048640       0.36682079817630608     
  Comptn_2: TXYZ:   1.0000000000010756       U,V,W -0.77682795465087473       -5.8506295601524982E-002  0.62698910855691992     
       1950                   897                   897             8.6087337E-02         1.0000000E+30              1238       
 NEXT SEEDS:1A3FCC12       D       0       0       0       0      27    3039       0       0
       2000                   847                   847             8.6279918E-02         1.0000000E+30              1288       
 NEXT SEEDS:1D9B3055       D       0       0       0       0      27    3039       0       0
  Comptn_2: TXYZ:  0.99999999999878664       U,V,W  0.19172112374930084      -0.32601151649052440       0.92572107128586012     
       2050                   797                   797             8.6836633E-02         1.0000000E+30              1291       
 NEXT SEEDS:217B82DB       D       0       0       0       0      27    3039       0       0
       2100                   747                   747             8.6463648E-02         1.0000000E+30              1292       
 NEXT SEEDS:24026043       D       0       0       0       0      27    3039       0       0
  Comptn_2: TXYZ:  0.99999999999882994       U,V,W  0.73825467016988000       0.48760634468372643       0.46606876595129876     
       2150                   697                   697             8.6237385E-02         1.0000000E+30              1293       
 NEXT SEEDS:26AD6954       D       0       0       0       0      27    3039       0       0
  Comptn_2: TXYZ:   1.0000000000032141       U,V,W  0.35887791186567597      -0.88458235312450917      -0.29786021036528609     
  Comptn_2: TXYZ:   1.0000000000339495       U,V,W  -5.1020414377632051E-002 -0.95453904272349632       0.29368713500457488     
  Comptn_2: TXYZ:   1.0000000000026890       U,V,W  0.49351077141794519       0.59305898338871543       0.63618249010727812     
  Comptn_2: TXYZ:   1.0000000000013627       U,V,W -0.34397120725665797      -0.93720725491318824       -5.7674690444301291E-002
       2200                   647                   647             8.6841871E-02         1.0000000E+30              1296       
 NEXT SEEDS:2AAE0AD7       D       0       0       0       0      27    3039       0       0
       2250                   597                   597             8.7609846E-02         1.0000000E+30              1300       
 NEXT SEEDS:2EDF95AD       D       0       0       0       0      27    3039       0       0
       2300                   547                   547             8.7179217E-02         1.0000000E+30              1316       
 NEXT SEEDS:314F8DD6       D       0       0       0       0      27    3039       0       0
  Comptn_2: TXYZ:  0.99999999999886668       U,V,W  0.36296695162434389      -0.16883411596534259      -0.91637876083724201     
       2350                   497                   497             8.6488228E-02         1.0000000E+30              1342       
 NEXT SEEDS:333EBEBF       D       0       0       0       0      27    3039       0       0
  Comptn_2: TXYZ:  0.99999999999867129       U,V,W  0.60259175848183233      -0.31353845144777637       0.73387792722780176     
       2400                   447                   447             8.6752767E-02         1.0000000E+30              1345       
 NEXT SEEDS:36C578F1       D       0       0       0       0      27    3039       0       0
       2450                   397                   397             8.8622433E-02         1.0000000E+30              1371       
 NEXT SEEDS: 19702BC       E       0       0       0       0      27    3039       0       0
       2500                   347                   347             8.8958029E-02         1.0000000E+30              1410       
 NEXT SEEDS: 56A56A8       E       0       0       0       0      27    3039       0       0
       2550                   297                   297             8.8605888E-02         1.0000000E+30              1416       
 NEXT SEEDS: 7F4949F       E       0       0       0       0      27    3039       0       0
  Comptn_2: TXYZ:  0.99999999999317390       U,V,W -0.11108280947146465       0.27258406130445678       0.95569793290341920     
       2600                   247                   247             8.8412842E-02         1.0000000E+30              1421       
 NEXT SEEDS: ACDDF2E       E       0       0       0       0      27    3039       0       0
       2650                   197                   197             8.8946997E-02         1.0000000E+30              1422       
 NEXT SEEDS: F01D835       E       0       0       0       0      27    3039       0       0
       2700                   147                   147             8.9267750E-02         1.0000000E+30              1450       
 NEXT SEEDS:12D4B779       E       0       0       0       0      27    3039       0       0
  Comptn_2: TXYZ:  0.99999999999889755       U,V,W   2.1357409600014421E-002 -0.89601732712889381      -0.44350514150217890     
       2750                    97                    97             8.8741341E-02         1.0000000E+30              1459       
 NEXT SEEDS:150A526C       E       0       0       0       0      27    3039       0       0
       2797                    50                    50             8.8077415E-02         1.0000000E+30              1464       
 NEXT SEEDS:16C0512D       E       0       0       0       0      27    3039       0       0
       2798                    49                    49             8.8045991E-02         1.0000000E+30              1464       
 NEXT SEEDS:16C05131       E       0       0       0       0      27    3039       0       0
       2799                    48                    48             8.8023617E-02         1.0000000E+30              1464       
 NEXT SEEDS:16C541B2       E       0       0       0       0      27    3039       0       0
       2800                    47                    47             8.8056992E-02         1.0000000E+30              1464       
 NEXT SEEDS:16E692AD       E       0       0       0       0      27    3039       0       0
       2801                    46                    46             8.8041794E-02         1.0000000E+30              1464       
 NEXT SEEDS:16EEACDD       E       0       0       0       0      27    3039       0       0
       2802                    45                    45             8.8062760E-02         1.0000000E+30              1465       
 NEXT SEEDS:1709FDDB       E       0       0       0       0      27    3039       0       0
       2803                    44                    44             8.8081202E-02         1.0000000E+30              1465       
 NEXT SEEDS:17256589       E       0       0       0       0      27    3039       0       0
       2804                    43                    43             8.8059350E-02         1.0000000E+30              1465       
 NEXT SEEDS:172A9F77       E       0       0       0       0      27    3039       0       0
       2805                    42                    42             8.8034044E-02         1.0000000E+30              1465       
 NEXT SEEDS:172DEE74       E       0       0       0       0      27    3039       0       0
       2806                    41                    41             8.8002714E-02         1.0000000E+30              1465       
 NEXT SEEDS:172DEE78       E       0       0       0       0      27    3039       0       0
       2807                    40                    40             8.7981544E-02         1.0000000E+30              1465       
 NEXT SEEDS:17337DCD       E       0       0       0       0      27    3039       0       0
       2808                    39                    39             8.7974459E-02         1.0000000E+30              1465       
 NEXT SEEDS:173FD07C       E       0       0       0       0      27    3039       0       0
       2809                    38                    38             8.7943183E-02         1.0000000E+30              1465       
 NEXT SEEDS:173FD080       E       0       0       0       0      27    3039       0       0
       2810                    37                    37             8.7911930E-02         1.0000000E+30              1465       
 NEXT SEEDS:173FD084       E       0       0       0       0      27    3039       0       0
       2811                    36                    36             8.7905067E-02         1.0000000E+30              1466       
 NEXT SEEDS:174D7B5B       E       0       0       0       0      27    3039       0       0
       2812                    35                    35             8.7907482E-02         1.0000000E+30              1466       
 NEXT SEEDS:175F0476       E       0       0       0       0      27    3039       0       0
       2813                    34                    34             8.7876280E-02         1.0000000E+30              1466       
 NEXT SEEDS:175F047A       E       0       0       0       0      27    3039       0       0
       2814                    33                    33             8.7859400E-02         1.0000000E+30              1467       
 NEXT SEEDS:17666BA9       E       0       0       0       0      27    3039       0       0
       2815                    32                    32             8.7839750E-02         1.0000000E+30              1467       
 NEXT SEEDS:176C95BF       E       0       0       0       0      27    3039       0       0
       2816                    31                    31             8.7817785E-02         1.0000000E+30              1467       
 NEXT SEEDS:17719B7B       E       0       0       0       0      27    3039       0       0
       2817                    30                    30             8.7825763E-02         1.0000000E+30              1467       
 NEXT SEEDS:1786494B       E       0       0       0       0      27    3039       0       0
       2818                    29                    29             8.7794646E-02         1.0000000E+30              1467       
 NEXT SEEDS:1786494F       E       0       0       0       0      27    3039       0       0
       2819                    28                    28             8.7842643E-02         1.0000000E+30              1467       
 NEXT SEEDS:17AF568C       E       0       0       0       0      27    3039       0       0
       2820                    27                    27             8.7832200E-02         1.0000000E+30              1467       
 NEXT SEEDS:17B9D75C       E       0       0       0       0      27    3039       0       0
       2821                    26                    26             8.7801125E-02         1.0000000E+30              1467       
 NEXT SEEDS:17B9D760       E       0       0       0       0      27    3039       0       0
       2822                    25                    25             8.7770050E-02         1.0000000E+30              1467       
 NEXT SEEDS:17B9D764       E       0       0       0       0      27    3039       0       0
       2823                    24                    24             8.7767871E-02         1.0000000E+30              1467       
 NEXT SEEDS:17C8D772       E       0       0       0       0      27    3039       0       0
       2824                    23                    23             8.7736791E-02         1.0000000E+30              1467       
 NEXT SEEDS:17C8D776       E       0       0       0       0      27    3039       0       0
       2825                    22                    22             8.7722997E-02         1.0000000E+30              1468       
 NEXT SEEDS:17D2A84A       E       0       0       0       0      27    3039       0       0
       2826                    21                    21             8.7692004E-02         1.0000000E+30              1468       
 NEXT SEEDS:17D2A84E       E       0       0       0       0      27    3039       0       0
       2827                    20                    20             8.7697510E-02         1.0000000E+30              1468       
 NEXT SEEDS:17E5F8C3       E       0       0       0       0      27    3039       0       0
       2828                    19                    19             8.7681477E-02         1.0000000E+30              1468       
 NEXT SEEDS:17EDFB82       E       0       0       0       0      27    3039       0       0
       2829                    18                    18             8.7669728E-02         1.0000000E+30              1468       
 NEXT SEEDS:17F7E8E4       E       0       0       0       0      27    3039       0       0
       2830                    17                    17             8.7638750E-02         1.0000000E+30              1468       
 NEXT SEEDS:17F7E8E8       E       0       0       0       0      27    3039       0       0
       2831                    16                    16             8.7607793E-02         1.0000000E+30              1468       
 NEXT SEEDS:17F7E8EC       E       0       0       0       0      27    3039       0       0
       2832                    15                    15             8.7576858E-02         1.0000000E+30              1468       
 NEXT SEEDS:17F7E8F0       E       0       0       0       0      27    3039       0       0
       2833                    14                    14             8.7545945E-02         1.0000000E+30              1468       
 NEXT SEEDS:17F7E8F4       E       0       0       0       0      27    3039       0       0
       2834                    13                    13             8.7587756E-02         1.0000000E+30              1468       
 NEXT SEEDS:181EE2C1       E       0       0       0       0      27    3039       0       0
       2835                    12                    12             8.7556909E-02         1.0000000E+30              1468       
 NEXT SEEDS:181EE2C5       E       0       0       0       0      27    3039       0       0
       2836                    11                    11             8.7533768E-02         1.0000000E+30              1468       
 NEXT SEEDS:1822CEB1       E       0       0       0       0      27    3039       0       0
       2837                    10                    10             8.7502967E-02         1.0000000E+30              1468       
 NEXT SEEDS:1822CEB5       E       0       0       0       0      27    3039       0       0
       2838                     9                     9             8.7485684E-02         1.0000000E+30              1468       
 NEXT SEEDS:182A1F9A       E       0       0       0       0      27    3039       0       0
       2839                     8                     8             8.7471298E-02         1.0000000E+30              1468       
 NEXT SEEDS:18331875       E       0       0       0       0      27    3039       0       0
       2840                     7                     7             8.7470506E-02         1.0000000E+30              1468       
 NEXT SEEDS:1842E3C3       E       0       0       0       0      27    3039       0       0
       2841                     6                     6             8.7453526E-02         1.0000000E+30              1469       
 NEXT SEEDS:184A10DC       E       0       0       0       0      27    3039       0       0
       2842                     5                     5             8.7442775E-02         1.0000000E+30              1469       
 NEXT SEEDS:1854FCDD       E       0       0       0       0      27    3039       0       0
       2843                     4                     4             8.7412072E-02         1.0000000E+30              1469       
 NEXT SEEDS:1854FCE1       E       0       0       0       0      27    3039       0       0
       2844                     3                     3             8.7381373E-02         1.0000000E+30              1469       
 NEXT SEEDS:1854FCE5       E       0       0       0       0      27    3039       0       0
       2845                     2                     2             8.7397112E-02         1.0000000E+30              1469       
 NEXT SEEDS:186D9DF3       E       0       0       0       0      27    3039       0       0
       2846                     1                     1             8.7373153E-02         1.0000000E+30              1469       
 NEXT SEEDS:18715A38       E       0       0       0       0      27    3039       0       0
       2847                     0                     1             8.7412712E-02         1.0000000E+30              1469       
 NEXT SEEDS:1896BAF1       E       0       0       0       0      27    3039       0       0
