1NUMBER OF BEAM       NUMBER OF BEAM        APPROXIMATE NUMBER    AVERAGE TIME USED     TIME LEFT (RESERVED   NUMBER OF STARS
 PARTICLES HANDLED    PARTICLES LEFT        OF BEAM PARTICLES     BY A BEAM PARTICLE     10000.0 SECONDS      CREATED
                                            THAT CAN STILL BE                           FOR PRINTOUT)
                                            HANDLED

 NEXT SEEDS:3298FCC1       3       0       0       0       0       3    3039       0       0
          1                  2152                  2152             8.4490776E-03         1.0000000E+30                 0       
 NEXT SEEDS:3299B59C       3       0       0       0       0       3    3039       0       0
  Comptn_2: TXYZ:   1.0000000000022544       U,V,W -0.37067841024440185       0.37138495287690887       0.85127594407310347     
  *** Kbar: P_min > 1.8 GeV/c:           16   7.2407917643976720     
  *** Kbar: P_min > 1.8 GeV/c:           16   7.9853191812217492     
  *** Kbar: P_min > 1.8 GeV/c:           16   6.2842382327228625     
  *** Kaon: P_min > 1.5 GeV/c:           15   4.4343748880007450     
  *** Kaon: P_min > 1.5 GeV/c:           15   4.3554915062150492     
  *** Kaon: P_min > 1.5 GeV/c:           15   3.4626697376516540     
  *** Kaon: P_min > 1.5 GeV/c:           15   5.8003524586327737     
         40                  2113                  2113             7.7106732E-02         1.0000000E+30               129       
 NEXT SEEDS:34B7679F       3       0       0       0       0       3    3039       0       0
  *** Kbar: P_min > 1.8 GeV/c:           16   2.0175062421333125     
  *** Kaon: P_min > 1.5 GeV/c:           24   15.402334584958545     
  *** Kaon: P_min > 1.5 GeV/c:           24   15.380955927902448     
  *** Kaon: P_min > 1.5 GeV/c:           24   12.048383196094145     
  *** Kaon: P_min > 1.5 GeV/c:           15   5.9770614831937339     
  *** Kaon: P_min > 1.5 GeV/c:           15   6.6578720202159092     
  *** Kaon: P_min > 1.5 GeV/c:           15   3.3581354769441107     
  *** Kaon: P_min > 1.5 GeV/c:           15   3.2998061768586116     
  *** Kaon: P_min > 1.5 GeV/c:           15   2.8556780620681823     
  *** Kaon: P_min > 1.5 GeV/c:           24   2.4526879814346985     
  *** Kaon: P_min > 1.5 GeV/c:           24   2.4519364827063983     
  *** Kaon: P_min > 1.5 GeV/c:           24   2.9875915567721401     
  *** Kaon: P_min > 1.5 GeV/c:           24   2.1847133101994496     
         80                  2073                  2073             5.9799811E-02         1.0000000E+30               171       
 NEXT SEEDS:35E57FA9       3       0       0       0       0       3    3039       0       0
        120                  2033                  2033             5.3294351E-02         1.0000000E+30               172       
 NEXT SEEDS:370F4C84       3       0       0       0       0       3    3039       0       0
        160                  1993                  1993             4.7941031E-02         1.0000000E+30               178       
 NEXT SEEDS:37EF7D1F       3       0       0       0       0       3    3039       0       0
  Comptn_2: TXYZ:  0.99999999999698330       U,V,W -0.49967813308828113        4.7877540866160473E-002  0.86488698937549202     
        200                  1953                  1953             4.8450400E-02         1.0000000E+30               178       
 NEXT SEEDS:395D20CA       3       0       0       0       0       3    3039       0       0
  Eventv: ekin+am < pla,ij,igreyt   3.1404247835594807        3.2151506441089892               30           2
        240                  1913                  1913             4.3134468E-02         1.0000000E+30               188       
 NEXT SEEDS:39D1D8E1       3       0       0       0       0       3    3039       0       0
        280                  1873                  1873             4.1844287E-02         1.0000000E+30               192       
 NEXT SEEDS:3ACB1106       3       0       0       0       0       3    3039       0       0
        320                  1833                  1833             3.9851407E-02         1.0000000E+30               195       
 NEXT SEEDS:3B875983       3       0       0       0       0       3    3039       0       0
        360                  1793                  1793             3.6978343E-02         1.0000000E+30               197       
 NEXT SEEDS:  4D9F0C       4       0       0       0       0       3    3039       0       0
        400                  1753                  1753             3.6358243E-02         1.0000000E+30               223       
 NEXT SEEDS: 12A9357       4       0       0       0       0       3    3039       0       0
        440                  1713                  1713             3.4905087E-02         1.0000000E+30               231       
 NEXT SEEDS: 1BD2E1D       4       0       0       0       0       3    3039       0       0
        480                  1673                  1673             3.7453843E-02         1.0000000E+30               232       
 NEXT SEEDS: 3A3E752       4       0       0       0       0       3    3039       0       0
        520                  1633                  1633             3.6796413E-02         1.0000000E+30               414       
 NEXT SEEDS: 4765380       4       0       0       0       0       3    3039       0       0
        560                  1593                  1593             3.5890903E-02         1.0000000E+30               415       
 NEXT SEEDS: 5227E1B       4       0       0       0       0       3    3039       0       0
        600                  1553                  1553             3.4869350E-02         1.0000000E+30               416       
 NEXT SEEDS: 5B7CD92       4       0       0       0       0       3    3039       0       0
        640                  1513                  1513             3.4082994E-02         1.0000000E+30               499       
 NEXT SEEDS: 6575A66       4       0       0       0       0       3    3039       0       0
        680                  1473                  1473             3.3855001E-02         1.0000000E+30               504       
 NEXT SEEDS: 72CD486       4       0       0       0       0       3    3039       0       0
        720                  1433                  1433             3.5208411E-02         1.0000000E+30               517       
 NEXT SEEDS: 8D27A7F       4       0       0       0       0       3    3039       0       0
        760                  1393                  1393             3.5173286E-02         1.0000000E+30               519       
 NEXT SEEDS: 9CD7D74       4       0       0       0       0       3    3039       0       0
        800                  1353                  1353             3.4862516E-02         1.0000000E+30               525       
 NEXT SEEDS: A9D821D       4       0       0       0       0       3    3039       0       0
        840                  1313                  1313             3.4151672E-02         1.0000000E+30               539       
 NEXT SEEDS: B2C17AB       4       0       0       0       0       3    3039       0       0
  Comptn_2: TXYZ:  0.99999999999885469       U,V,W -0.83628738660675062      -0.53969649143890952       -9.6701107179995915E-002
        880                  1273                  1273             3.4210964E-02         1.0000000E+30               542       
 NEXT SEEDS: C2DB028       4       0       0       0       0       3    3039       0       0
        920                  1233                  1233             3.4195166E-02         1.0000000E+30               544       
 NEXT SEEDS: D210824       4       0       0       0       0       3    3039       0       0
        960                  1193                  1193             3.6695353E-02         1.0000000E+30               549       
 NEXT SEEDS: FDDA86A       4       0       0       0       0       3    3039       0       0
       1000                  1153                  1153             3.6002186E-02         1.0000000E+30               554       
 NEXT SEEDS:106B1E7F       4       0       0       0       0       3    3039       0       0
       1040                  1113                  1113             3.5719531E-02         1.0000000E+30               555       
 NEXT SEEDS:11366230       4       0       0       0       0       3    3039       0       0
       1080                  1073                  1073             3.6694117E-02         1.0000000E+30               891       
 NEXT SEEDS:12DCA2F1       4       0       0       0       0       3    3039       0       0
       1120                  1033                  1033             3.6240333E-02         1.0000000E+30               896       
 NEXT SEEDS:13895502       4       0       0       0       0       3    3039       0       0
       1160                   993                   993             3.5846500E-02         1.0000000E+30               896       
 NEXT SEEDS:143F7153       4       0       0       0       0       3    3039       0       0
       1200                   953                   953             3.7466091E-02         1.0000000E+30               898       
 NEXT SEEDS:16A2A3C3       4       0       0       0       0       3    3039       0       0
       1240                   913                   913             3.8614612E-02         1.0000000E+30               899       
 NEXT SEEDS:18AC045A       4       0       0       0       0       3    3039       0       0
       1280                   873                   873             3.8090247E-02         1.0000000E+30               899       
 NEXT SEEDS:1948ABD6       4       0       0       0       0       3    3039       0       0
       1320                   833                   833             3.7525790E-02         1.0000000E+30               900       
 NEXT SEEDS:19D60F10       4       0       0       0       0       3    3039       0       0
       1360                   793                   793             3.6868233E-02         1.0000000E+30               900       
 NEXT SEEDS:1A447844       4       0       0       0       0       3    3039       0       0
       1400                   753                   753             3.7095604E-02         1.0000000E+30               902       
 NEXT SEEDS:1B76BE52       4       0       0       0       0       3    3039       0       0
       1440                   713                   713             3.6720377E-02         1.0000000E+30               904       
 NEXT SEEDS:1C1DDC66       4       0       0       0       0       3    3039       0       0
       1480                   673                   673             3.6717322E-02         1.0000000E+30               933       
 NEXT SEEDS:1D20B18E       4       0       0       0       0       3    3039       0       0
       1520                   633                   633             3.6351751E-02         1.0000000E+30               941       
 NEXT SEEDS:1DC59ED4       4       0       0       0       0       3    3039       0       0
       1560                   593                   593             3.8037579E-02         1.0000000E+30               977       
 NEXT SEEDS:20972FFA       4       0       0       0       0       3    3039       0       0
       1600                   553                   553             3.8046189E-02         1.0000000E+30               980       
 NEXT SEEDS:21A36A5E       4       0       0       0       0       3    3039       0       0
  Comptn_2: TXYZ:   1.0000000000201958       U,V,W  0.82916205264075415      -0.55897184121771204        6.3852334685634560E-003
       1640                   513                   513             3.9054845E-02         1.0000000E+30               983       
 NEXT SEEDS:23F54337       4       0       0       0       0       3    3039       0       0
       1680                   473                   473             3.8657332E-02         1.0000000E+30               985       
 NEXT SEEDS:24977D3E       4       0       0       0       0       3    3039       0       0
       1720                   433                   433             3.8249879E-02         1.0000000E+30              1024       
 NEXT SEEDS:252E3522       4       0       0       0       0       3    3039       0       0
  *** Hhflev: call to Hadriv !! ***  0.94426445603519804        5.0000000000000000        2.0646625661396203                8 T F T
  *** Hhflev: call to Hadriv !! ***  0.94426445603519804        5.0000000000000000        2.0646625661396203                8 T F T
  *** Hhflev: call to Hadriv !! ***  0.94426445603519804        5.0000000000000000        2.0646625661396203                8 T F T
       1760                   393                   393             3.8345118E-02         1.0000000E+30              1239       
 NEXT SEEDS:2662658E       4       0       0       0       0       3    3039       0       0
       1800                   353                   353             3.8271889E-02         1.0000000E+30              1243       
 NEXT SEEDS:275DA87A       4       0       0       0       0       3    3039       0       0
       1840                   313                   313             3.7968717E-02         1.0000000E+30              1244       
 NEXT SEEDS:280C5941       4       0       0       0       0       3    3039       0       0
       1880                   273                   273             3.7811557E-02         1.0000000E+30              1245       
 NEXT SEEDS:28EA49F2       4       0       0       0       0       3    3039       0       0
       1920                   233                   233             3.7326465E-02         1.0000000E+30              1245       
 NEXT SEEDS:29507E8A       4       0       0       0       0       3    3039       0       0
       1960                   193                   193             3.7809464E-02         1.0000000E+30              1246       
 NEXT SEEDS:2B129B3B       4       0       0       0       0       3    3039       0       0
       2000                   153                   153             3.7944811E-02         1.0000000E+30              1248       
 NEXT SEEDS:2C492AC7       4       0       0       0       0       3    3039       0       0
       2040                   113                   113             3.8218904E-02         1.0000000E+30              1249       
 NEXT SEEDS:2DBB240D       4       0       0       0       0       3    3039       0       0
       2080                    73                    73             3.7807254E-02         1.0000000E+30              1276       
 NEXT SEEDS:2E31669D       4       0       0       0       0       3    3039       0       0
       2103                    50                    50             3.7564626E-02         1.0000000E+30              1276       
 NEXT SEEDS:2E6F8287       4       0       0       0       0       3    3039       0       0
       2104                    49                    49             3.7571713E-02         1.0000000E+30              1276       
 NEXT SEEDS:2E7923B1       4       0       0       0       0       3    3039       0       0
       2105                    48                    48             3.7559145E-02         1.0000000E+30              1276       
 NEXT SEEDS:2E7ABF3A       4       0       0       0       0       3    3039       0       0
       2106                    47                    47             3.7541673E-02         1.0000000E+30              1276       
 NEXT SEEDS:2E7AD5E3       4       0       0       0       0       3    3039       0       0
       2107                    46                    46             3.7523913E-02         1.0000000E+30              1276       
 NEXT SEEDS:2E7AD5E7       4       0       0       0       0       3    3039       0       0
       2108                    45                    45             3.7506163E-02         1.0000000E+30              1276       
 NEXT SEEDS:2E7AD5EB       4       0       0       0       0       3    3039       0       0
       2109                    44                    44             3.7489128E-02         1.0000000E+30              1276       
 NEXT SEEDS:2E7B0A21       4       0       0       0       0       3    3039       0       0
       2110                    43                    43             3.7471419E-02         1.0000000E+30              1276       
 NEXT SEEDS:2E7B0A25       4       0       0       0       0       3    3039       0       0
       2111                    42                    42             3.7454124E-02         1.0000000E+30              1276       
 NEXT SEEDS:2E7B2A61       4       0       0       0       0       3    3039       0       0
       2112                    41                    41             3.7459975E-02         1.0000000E+30              1276       
 NEXT SEEDS:2E83D80E       4       0       0       0       0       3    3039       0       0
       2113                    40                    40             3.7442304E-02         1.0000000E+30              1276       
 NEXT SEEDS:2E83D812       4       0       0       0       0       3    3039       0       0
       2114                    39                    39             3.7425228E-02         1.0000000E+30              1276       
 NEXT SEEDS:2E84067A       4       0       0       0       0       3    3039       0       0
       2115                    38                    38             3.7408146E-02         1.0000000E+30              1276       
 NEXT SEEDS:2E843380       4       0       0       0       0       3    3039       0       0
       2116                    37                    37             3.7397585E-02         1.0000000E+30              1276       
 NEXT SEEDS:2E86AAA9       4       0       0       0       0       3    3039       0       0
       2117                    36                    36             3.7379977E-02         1.0000000E+30              1276       
 NEXT SEEDS:2E86AAAD       4       0       0       0       0       3    3039       0       0
       2118                    35                    35             3.7363312E-02         1.0000000E+30              1276       
 NEXT SEEDS:2E86F6A9       4       0       0       0       0       3    3039       0       0
       2119                    34                    34             3.7345733E-02         1.0000000E+30              1276       
 NEXT SEEDS:2E86F6AD       4       0       0       0       0       3    3039       0       0
       2120                    33                    33             3.7380094E-02         1.0000000E+30              1276       
 NEXT SEEDS:2E9B9D9B       4       0       0       0       0       3    3039       0       0
       2121                    32                    32             3.7397736E-02         1.0000000E+30              1276       
 NEXT SEEDS:2EA9ABC0       4       0       0       0       0       3    3039       0       0
       2122                    31                    31             3.7380170E-02         1.0000000E+30              1276       
 NEXT SEEDS:2EA9ABC4       4       0       0       0       0       3    3039       0       0
       2123                    30                    30             3.7377502E-02         1.0000000E+30              1276       
 NEXT SEEDS:2EAF67B8       4       0       0       0       0       3    3039       0       0
       2124                    29                    29             3.7359962E-02         1.0000000E+30              1276       
 NEXT SEEDS:2EAF67BC       4       0       0       0       0       3    3039       0       0
       2125                    28                    28             3.7342434E-02         1.0000000E+30              1276       
 NEXT SEEDS:2EAF67D8       4       0       0       0       0       3    3039       0       0
       2126                    27                    27             3.7347700E-02         1.0000000E+30              1276       
 NEXT SEEDS:2EB89439       4       0       0       0       0       3    3039       0       0
       2127                    26                    26             3.7375782E-02         1.0000000E+30              1276       
 NEXT SEEDS:2ECA3C88       4       0       0       0       0       3    3039       0       0
       2128                    25                    25             3.7358451E-02         1.0000000E+30              1276       
 NEXT SEEDS:2ECA49F0       4       0       0       0       0       3    3039       0       0
       2129                    24                    24             3.7341624E-02         1.0000000E+30              1276       
 NEXT SEEDS:2ECA7D71       4       0       0       0       0       3    3039       0       0
       2130                    23                    23             3.7324150E-02         1.0000000E+30              1276       
 NEXT SEEDS:2ECA7D75       4       0       0       0       0       3    3039       0       0
       2131                    22                    22             3.7307186E-02         1.0000000E+30              1276       
 NEXT SEEDS:2ECAA774       4       0       0       0       0       3    3039       0       0
       2132                    21                    21             3.7289741E-02         1.0000000E+30              1276       
 NEXT SEEDS:2ECAA778       4       0       0       0       0       3    3039       0       0
       2133                    20                    20             3.7303624E-02         1.0000000E+30              1276       
 NEXT SEEDS:2ED742D8       4       0       0       0       0       3    3039       0       0
       2134                    19                    19             3.7293401E-02         1.0000000E+30              1276       
 NEXT SEEDS:2EDA1A62       4       0       0       0       0       3    3039       0       0
       2135                    18                    18             3.7275987E-02         1.0000000E+30              1276       
 NEXT SEEDS:2EDA1A66       4       0       0       0       0       3    3039       0       0
       2136                    17                    17             3.7259107E-02         1.0000000E+30              1277       
 NEXT SEEDS:2EDA4120       4       0       0       0       0       3    3039       0       0
       2137                    16                    16             3.7241726E-02         1.0000000E+30              1277       
 NEXT SEEDS:2EDA4124       4       0       0       0       0       3    3039       0       0
       2138                    15                    15             3.7224307E-02         1.0000000E+30              1277       
 NEXT SEEDS:2EDA7361       4       0       0       0       0       3    3039       0       0
       2139                    14                    14             3.7223989E-02         1.0000000E+30              1277       
 NEXT SEEDS:2EE0FBFA       4       0       0       0       0       3    3039       0       0
       2140                    13                    13             3.7206652E-02         1.0000000E+30              1277       
 NEXT SEEDS:2EE0FBFE       4       0       0       0       0       3    3039       0       0
       2141                    12                    12             3.7189327E-02         1.0000000E+30              1277       
 NEXT SEEDS:2EE0FC02       4       0       0       0       0       3    3039       0       0
       2142                    11                    11             3.7172015E-02         1.0000000E+30              1277       
 NEXT SEEDS:2EE0FC06       4       0       0       0       0       3    3039       0       0
       2143                    10                    10             3.7154719E-02         1.0000000E+30              1277       
 NEXT SEEDS:2EE0FC0A       4       0       0       0       0       3    3039       0       0
       2144                     9                     9             3.7166444E-02         1.0000000E+30              1277       
 NEXT SEEDS:2EEA391C       4       0       0       0       0       3    3039       0       0
       2145                     8                     8             3.7169975E-02         1.0000000E+30              1277       
 NEXT SEEDS:2EF2A737       4       0       0       0       0       3    3039       0       0
       2146                     7                     7             3.7179762E-02         1.0000000E+30              1277       
 NEXT SEEDS:2EFD9425       4       0       0       0       0       3    3039       0       0
       2147                     6                     6             3.7164609E-02         1.0000000E+30              1277       
 NEXT SEEDS:2EFE3FC8       4       0       0       0       0       3    3039       0       0
       2148                     5                     5             3.7147634E-02         1.0000000E+30              1277       
 NEXT SEEDS:2EFE54EB       4       0       0       0       0       3    3039       0       0
       2149                     4                     4             3.7130636E-02         1.0000000E+30              1277       
 NEXT SEEDS:2EFE687A       4       0       0       0       0       3    3039       0       0
       2150                     3                     3             3.7113419E-02         1.0000000E+30              1277       
 NEXT SEEDS:2EFE687E       4       0       0       0       0       3    3039       0       0
       2151                     2                     2             3.7150879E-02         1.0000000E+30              1277       
 NEXT SEEDS:2F13D47B       4       0       0       0       0       3    3039       0       0
       2152                     1                     1             3.7142610E-02         1.0000000E+30              1277       
 NEXT SEEDS:2F174C4B       4       0       0       0       0       3    3039       0       0
       2153                     0                     1             3.7125415E-02         1.0000000E+30              1277       
 NEXT SEEDS:2F174C4F       4       0       0       0       0       3    3039       0       0
