1NUMBER OF BEAM       NUMBER OF BEAM        APPROXIMATE NUMBER    AVERAGE TIME USED     TIME LEFT (RESERVED   NUMBER OF STARS
 PARTICLES HANDLED    PARTICLES LEFT        OF BEAM PARTICLES     BY A BEAM PARTICLE     10000.0 SECONDS      CREATED
                                            THAT CAN STILL BE                           FOR PRINTOUT)
                                            HANDLED

 NEXT SEEDS:2C38802D       3       0       0       0       0      16    3039       0       0
          1                  2846                  2846             8.8930130E-05         1.0000000E+30                 0       
 NEXT SEEDS:2C388031       3       0       0       0       0      16    3039       0       0
         50                  2797                  2797             7.6178079E-02         1.0000000E+30                 1       
 NEXT SEEDS:2EEB8565       3       0       0       0       0      16    3039       0       0
  Comptn_2: TXYZ:  0.99999999998734768       U,V,W  0.95814835205386917       0.27830538539912197        6.7065996612654999E-002
  Comptn_2: TXYZ:  0.99999999999726752       U,V,W -0.68011976601258084       0.62042993254671330      -0.39051735259312181     
        100                  2747                  2747             8.2579062E-02         1.0000000E+30                 1       
 NEXT SEEDS:320DC557       3       0       0       0       0      16    3039       0       0
        150                  2697                  2697             7.6507049E-02         1.0000000E+30                 2       
 NEXT SEEDS:345C23CA       3       0       0       0       0      16    3039       0       0
  Comptn_2: TXYZ:   1.0000000000034011       U,V,W  0.88532124270490442       0.26246619725782239       0.38382000015093354     
        200                  2647                  2647             7.1238295E-02         1.0000000E+30                48       
 NEXT SEEDS:365CF9B6       3       0       0       0       0      16    3039       0       0
  Comptn_2: TXYZ:   1.0000000000191900       U,V,W -0.28236796678527298      -0.73215359715112283      -0.61985437122876874     
        250                  2597                  2597             9.3766202E-02         1.0000000E+30                49       
 NEXT SEEDS: 1542C69       4       0       0       0       0      16    3039       0       0
  Comptn_2: TXYZ:  0.99999999994187982       U,V,W   3.6909135149414851E-002  0.56963022388225681       0.82107193577922999     
        300                  2547                  2547             9.3182110E-02         1.0000000E+30                57       
 NEXT SEEDS: 48E9188       4       0       0       0       0      16    3039       0       0
  Comptn_2: TXYZ:   1.0000000000014084       U,V,W   6.3814048072597274E-002  0.88993751662957266       0.45159604046668278     
        350                  2497                  2497             9.4548016E-02         1.0000000E+30                72       
 NEXT SEEDS: 83D764B       4       0       0       0       0      16    3039       0       0
        400                  2447                  2447             8.7918771E-02         1.0000000E+30               125       
 NEXT SEEDS: 9B44073       4       0       0       0       0      16    3039       0       0
  Comptn_2: TXYZ:   1.0000000000359661       U,V,W -0.82280415088313497       0.45825182309559409      -0.33615263788198035     
  Comptn_2: TXYZ:  0.99999999999898737       U,V,W -0.49085384007389332       0.84817739255651503       0.19914220657543069     
        450                  2397                  2397             8.8928514E-02         1.0000000E+30               125       
 NEXT SEEDS: D33C2E0       4       0       0       0       0      16    3039       0       0
        500                  2347                  2347             8.8438082E-02         1.0000000E+30               128       
 NEXT SEEDS:102F64CB       4       0       0       0       0      16    3039       0       0
        550                  2297                  2297             8.9401767E-02         1.0000000E+30               132       
 NEXT SEEDS:13C9E717       4       0       0       0       0      16    3039       0       0
  Comptn_2: TXYZ:  0.99999999999762390       U,V,W -0.55421396135358236      -0.45241570912451667      -0.69868942397588540     
  Comptn_2: TXYZ:  0.99999999999886890       U,V,W  0.58751706714625840       0.70116753390323794       0.40396507919717450     
        600                  2247                  2247             9.3542915E-02         1.0000000E+30               136       
 NEXT SEEDS:18B503DD       4       0       0       0       0      16    3039       0       0
        650                  2197                  2197             9.5326663E-02         1.0000000E+30               138       
 NEXT SEEDS:1CDFA07E       4       0       0       0       0      16    3039       0       0
        700                  2147                  2147             9.9000371E-02         1.0000000E+30               141       
 NEXT SEEDS:2209698A       4       0       0       0       0      16    3039       0       0
  Comptn_2: TXYZ:  0.99999999999871259       U,V,W  0.77506226241493437       0.57731718761957396       0.25687225279889958     
        750                  2097                  2097             9.8083594E-02         1.0000000E+30               142       
 NEXT SEEDS:25187AAD       4       0       0       0       0      16    3039       0       0
  Comptn_2: TXYZ:  0.99999999999830802       U,V,W  0.13522867895936486      -0.49148023232116600      -0.86032574390328787     
  Comptn_2: TXYZ:  0.99999999999434985       U,V,W -0.13857654595743440       0.73787149841070487      -0.66056202792621832     
        800                  2047                  2047             9.7156703E-02         1.0000000E+30               146       
 NEXT SEEDS:280AB50A       4       0       0       0       0      16    3039       0       0
        850                  1997                  1997             9.6682431E-02         1.0000000E+30               150       
 NEXT SEEDS:2B420518       4       0       0       0       0      16    3039       0       0
        900                  1947                  1947             9.6867351E-02         1.0000000E+30               162       
 NEXT SEEDS:2EBB2A45       4       0       0       0       0      16    3039       0       0
        950                  1897                  1897             9.7122615E-02         1.0000000E+30               171       
 NEXT SEEDS:3252F8F8       4       0       0       0       0      16    3039       0       0
  *** Kaon: P_min > 1.5 GeV/c:           15   6.6310909555775757     
  *** Kbar: P_min > 1.8 GeV/c:           16   12.432500244901300     
  *** Kbar: P_min > 1.8 GeV/c:           16   12.395902995608768     
  *** Kbar: P_min > 1.8 GeV/c:           16   12.815788527964777     
  *** Kaon: P_min > 1.5 GeV/c:           15   6.2739212506613056     
  *** Kaon: P_min > 1.5 GeV/c:           15   6.9916897840499672     
  *** Kaon: P_min > 1.5 GeV/c:           15   3.7483623579291487     
  *** Kaon: P_min > 1.5 GeV/c:           15   2.8253788080196922     
  *** Kaon: P_min > 1.5 GeV/c:           24   2.2336030388217822     
  *** Kaon: P_min > 1.5 GeV/c:           24   2.2333610010588880     
  *** Kaon: P_min > 1.5 GeV/c:           24   2.5350201037665121     
  *** Kaon: P_min > 1.5 GeV/c:           24   2.5634667226592129     
  *** Kaon: P_min > 1.5 GeV/c:           24   2.6484365089975315     
  *** Kaon: P_min > 1.5 GeV/c:           15   1.5620307499336772     
  *** Kaon: P_min > 1.5 GeV/c:           15   1.5788151017130982     
       1000                  1847                  1847             9.6112134E-02         1.0000000E+30               366       
 NEXT SEEDS:350A8E74       4       0       0       0       0      16    3039       0       0
  Comptn_2: TXYZ:   1.0000000000053992       U,V,W  0.43955702572691280      -0.33928246927740702       0.83167122541334493     
       1050                  1797                  1797             9.6447919E-02         1.0000000E+30               379       
 NEXT SEEDS:38A7E518       4       0       0       0       0      16    3039       0       0
       1100                  1747                  1747             9.6983023E-02         1.0000000E+30               390       
 NEXT SEEDS:  E48362       5       0       0       0       0      16    3039       0       0
       1150                  1697                  1697             9.5720936E-02         1.0000000E+30               394       
 NEXT SEEDS: 34C36C2       5       0       0       0       0      16    3039       0       0
  *** Kaon: P_min > 1.5 GeV/c:           24   2.4029878799860107     
  *** Kaon: P_min > 1.5 GeV/c:           24   2.3750831563235808     
  *** Kaon: P_min > 1.5 GeV/c:           24   2.2648257153808458     
  Comptn_2: TXYZ:   1.0000000000012015       U,V,W -0.29552594899415041       -9.0098154868414326E-002  0.95107661939594301     
  *** Kaon: P_min > 1.5 GeV/c:           24   2.4027226932814245     
  *** Kaon: P_min > 1.5 GeV/c:           24   2.4335044215264197     
       1200                  1647                  1647             9.6159329E-02         1.0000000E+30              1072       
 NEXT SEEDS: 7161A18       5       0       0       0       0      16    3039       0       0
       1250                  1597                  1597             9.7333000E-02         1.0000000E+30              1078       
 NEXT SEEDS: B8DCFD8       5       0       0       0       0      16    3039       0       0
       1300                  1547                  1547             9.7974077E-02         1.0000000E+30              1366       
 NEXT SEEDS: FA2DF5E       5       0       0       0       0      16    3039       0       0
  Comptn_2: TXYZ:  0.99999999999857170       U,V,W  0.83660785687445838       0.37774456296546788      -0.39673207453459725     
       1350                  1497                  1497             9.9364645E-02         1.0000000E+30              1372       
 NEXT SEEDS:145A3F38       5       0       0       0       0      16    3039       0       0
       1400                  1447                  1447             1.0356243E-01         1.0000000E+30              1382       
 NEXT SEEDS:1C131F28       5       0       0       0       0      16    3039       0       0
       1450                  1397                  1397             1.0338801E-01         1.0000000E+30              1386       
 NEXT SEEDS:1FA1D541       5       0       0       0       0      16    3039       0       0
       1500                  1347                  1347             1.0237089E-01         1.0000000E+30              1398       
 NEXT SEEDS:223A62B9       5       0       0       0       0      16    3039       0       0
       1550                  1297                  1297             1.0373745E-01         1.0000000E+30              1405       
 NEXT SEEDS:27698155       5       0       0       0       0      16    3039       0       0
  Comptn_2: TXYZ:  0.99999999999895139       U,V,W -0.27462074733462316      -0.95033670999916631      -0.14643627542479010     
       1600                  1247                  1247             1.0493633E-01         1.0000000E+30              1416       
 NEXT SEEDS:2C80311A       5       0       0       0       0      16    3039       0       0
  Comptn_2: TXYZ:  0.99999999999784706       U,V,W  0.63394081483409637       0.13524893010328753       0.76146357115179519     
       1650                  1197                  1197             1.0744403E-01         1.0000000E+30              1420       
 NEXT SEEDS:33443036       5       0       0       0       0      16    3039       0       0
       1700                  1147                  1147             1.0664126E-01         1.0000000E+30              1502       
 NEXT SEEDS:3619669D       5       0       0       0       0      16    3039       0       0
  Comptn_2: TXYZ:  0.99999999999846456       U,V,W -0.39269558025723938      -0.83792825201801691      -0.37903354167530523     
  Comptn_2: TXYZ:  0.99999999999148259       U,V,W -0.74634716989003635      -0.19578994010112183      -0.63610706751600787     
       1750                  1097                  1097             1.0604607E-01         1.0000000E+30              1510       
 NEXT SEEDS:3938CC28       5       0       0       0       0      16    3039       0       0
  Comptn_2: TXYZ:  0.99999999999863953       U,V,W -0.67373704545320834       0.33920002201601573      -0.65652245860058400     
       1800                  1047                  1047             1.0690246E-01         1.0000000E+30              1626       
 NEXT SEEDS: 2867D03       6       0       0       0       0      16    3039       0       0
       1850                   997                   997             1.0603682E-01         1.0000000E+30              1633       
 NEXT SEEDS: 53A6012       6       0       0       0       0      16    3039       0       0
       1900                   947                   947             1.0638852E-01         1.0000000E+30              1668       
 NEXT SEEDS: 98A15DB       6       0       0       0       0      16    3039       0       0
       1950                   897                   897             1.0588495E-01         1.0000000E+30              1684       
 NEXT SEEDS: CA9CED3       6       0       0       0       0      16    3039       0       0
       2000                   847                   847             1.0655405E-01         1.0000000E+30              1697       
 NEXT SEEDS:115DB7E6       6       0       0       0       0      16    3039       0       0
       2050                   797                   797             1.0670126E-01         1.0000000E+30              1698       
 NEXT SEEDS:157DECD6       6       0       0       0       0      16    3039       0       0
  Comptn_2: TXYZ:   1.0000000000014380       U,V,W -0.86223493047373267       0.37847758941375531      -0.33660902986097696     
  Comptn_2: TXYZ:  0.99999999999757327       U,V,W -0.83765484542842117      -0.42643779046174046       0.34129923936916384     
       2100                   747                   747             1.0744130E-01         1.0000000E+30              1700       
 NEXT SEEDS:1A658700       6       0       0       0       0      16    3039       0       0
  Comptn_2: TXYZ:   1.0000000000021096       U,V,W  0.50377477552919459       0.28212802710429941       0.81646478911515530     
       2150                   697                   697             1.0630387E-01         1.0000000E+30              1703       
 NEXT SEEDS:1C7F6018       6       0       0       0       0      16    3039       0       0
  Comptn_2: TXYZ:  0.99999999999787137       U,V,W   9.0349381012813978E-002  0.68374688766405622      -0.72410440059302861     
  Comptn_2: TXYZ:  0.99999999999851674       U,V,W -0.24298101008940876       0.96974972463236675        2.3360229234668850E-002
       2200                   647                   647             1.0958831E-01         1.0000000E+30              1720       
 NEXT SEEDS:2595AC05       6       0       0       0       0      16    3039       0       0
       2250                   597                   597             1.0919313E-01         1.0000000E+30              1726       
 NEXT SEEDS:28E88605       6       0       0       0       0      16    3039       0       0
       2300                   547                   547             1.0974994E-01         1.0000000E+30              1750       
 NEXT SEEDS:2DB224A5       6       0       0       0       0      16    3039       0       0
  Comptn_2: TXYZ:   1.0000000000044287       U,V,W -0.69110053810784677      -0.60208795796755510       0.39983763842581510     
       2350                   497                   497             1.1015944E-01         1.0000000E+30              1759       
 NEXT SEEDS:32567055       6       0       0       0       0      16    3039       0       0
  Comptn_2: TXYZ:   1.0000000000023905       U,V,W  0.44894397684448961       0.84784574024979520      -0.28214695886669006     
  Comptn_2: TXYZ:  0.99999999999878841       U,V,W -0.79466754365356707       -1.2726642774687491E-003  0.60704355312286395     
       2400                   447                   447             1.1197564E-01         1.0000000E+30              1771       
 NEXT SEEDS:3974B459       6       0       0       0       0      16    3039       0       0
  Comptn_2: TXYZ:   1.0000000000016176       U,V,W -0.96236327830336998       0.19791087593732470      -0.18624770001406432     
       2450                   397                   397             1.1288808E-01         1.0000000E+30              1776       
 NEXT SEEDS: 389D706       7       0       0       0       0      16    3039       0       0
  Comptn_2: TXYZ:  0.99999999999863443       U,V,W -0.71435122708591070      -0.32230220563836554       0.62114701367722347     
       2500                   347                   347             1.1425410E-01         1.0000000E+30              1805       
 NEXT SEEDS: A0E8B0C       7       0       0       0       0      16    3039       0       0
       2550                   297                   297             1.1381015E-01         1.0000000E+30              1810       
 NEXT SEEDS: D5E7E60       7       0       0       0       0      16    3039       0       0
       2600                   247                   247             1.1417496E-01         1.0000000E+30              1815       
 NEXT SEEDS:12440FEB       7       0       0       0       0      16    3039       0       0
       2650                   197                   197             1.1480856E-01         1.0000000E+30              1820       
 NEXT SEEDS:1791C028       7       0       0       0       0      16    3039       0       0
  Comptn_2: TXYZ:  0.99999999999886602       U,V,W -0.64598053226782071      -0.74072509410474652       0.18448709140035646     
       2700                   147                   147             1.1397207E-01         1.0000000E+30              1845       
 NEXT SEEDS:1A1CAD88       7       0       0       0       0      16    3039       0       0
       2750                    97                    97             1.1300227E-01         1.0000000E+30              1849       
 NEXT SEEDS:1C562514       7       0       0       0       0      16    3039       0       0
  Comptn_2: TXYZ:  0.99999999999532896       U,V,W -0.47203807249996999       0.16078187530277432      -0.86679250497449800     
       2797                    50                    50             1.1285976E-01         1.0000000E+30              1859       
 NEXT SEEDS:1FF37B1A       7       0       0       0       0      16    3039       0       0
       2798                    49                    49             1.1281948E-01         1.0000000E+30              1859       
 NEXT SEEDS:1FF37B1E       7       0       0       0       0      16    3039       0       0
       2799                    48                    48             1.1279882E-01         1.0000000E+30              1859       
 NEXT SEEDS:1FFE1A6F       7       0       0       0       0      16    3039       0       0
       2800                    47                    47             1.1275858E-01         1.0000000E+30              1859       
 NEXT SEEDS:1FFE1A73       7       0       0       0       0      16    3039       0       0
       2801                    46                    46             1.1272767E-01         1.0000000E+30              1859       
 NEXT SEEDS:20032D81       7       0       0       0       0      16    3039       0       0
       2802                    45                    45             1.1268749E-01         1.0000000E+30              1859       
 NEXT SEEDS:20032D85       7       0       0       0       0      16    3039       0       0
       2803                    44                    44             1.1268041E-01         1.0000000E+30              1859       
 NEXT SEEDS:2015D307       7       0       0       0       0      16    3039       0       0
  Comptn_2: TXYZ:   1.0000000000014235       U,V,W -0.60117346146560635       0.62346942452421139       0.49987633062021786     
       2804                    43                    43             1.1284323E-01         1.0000000E+30              1859       
 NEXT SEEDS:208305E7       7       0       0       0       0      16    3039       0       0
       2805                    42                    42             1.1280304E-01         1.0000000E+30              1859       
 NEXT SEEDS:208305EB       7       0       0       0       0      16    3039       0       0
       2806                    41                    41             1.1282527E-01         1.0000000E+30              1859       
 NEXT SEEDS:20A3DB91       7       0       0       0       0      16    3039       0       0
       2807                    40                    40             1.1278512E-01         1.0000000E+30              1859       
 NEXT SEEDS:20A3DB95       7       0       0       0       0      16    3039       0       0
       2808                    39                    39             1.1308907E-01         1.0000000E+30              1859       
 NEXT SEEDS:215A432B       7       0       0       0       0      16    3039       0       0
       2809                    38                    38             1.1304885E-01         1.0000000E+30              1859       
 NEXT SEEDS:215A432F       7       0       0       0       0      16    3039       0       0
       2810                    37                    37             1.1301566E-01         1.0000000E+30              1859       
 NEXT SEEDS:215DF54E       7       0       0       0       0      16    3039       0       0
       2811                    36                    36             1.1309009E-01         1.0000000E+30              1859       
 NEXT SEEDS:219A9BF0       7       0       0       0       0      16    3039       0       0
       2812                    35                    35             1.1304993E-01         1.0000000E+30              1859       
 NEXT SEEDS:219A9BF4       7       0       0       0       0      16    3039       0       0
       2813                    34                    34             1.1300977E-01         1.0000000E+30              1859       
 NEXT SEEDS:219A9BF8       7       0       0       0       0      16    3039       0       0
       2814                    33                    33             1.1298623E-01         1.0000000E+30              1859       
 NEXT SEEDS:21A3566F       7       0       0       0       0      16    3039       0       0
       2815                    32                    32             1.1298246E-01         1.0000000E+30              1859       
 NEXT SEEDS:21B79A3C       7       0       0       0       0      16    3039       0       0
       2816                    31                    31             1.1294238E-01         1.0000000E+30              1859       
 NEXT SEEDS:21B79A40       7       0       0       0       0      16    3039       0       0
       2817                    30                    30             1.1290233E-01         1.0000000E+30              1859       
 NEXT SEEDS:21B79A44       7       0       0       0       0      16    3039       0       0
       2818                    29                    29             1.1286230E-01         1.0000000E+30              1859       
 NEXT SEEDS:21B79A48       7       0       0       0       0      16    3039       0       0
       2819                    28                    28             1.1283391E-01         1.0000000E+30              1859       
 NEXT SEEDS:21BD7BD4       7       0       0       0       0      16    3039       0       0
       2820                    27                    27             1.1279393E-01         1.0000000E+30              1859       
 NEXT SEEDS:21BD7BD8       7       0       0       0       0      16    3039       0       0
       2821                    26                    26             1.1275399E-01         1.0000000E+30              1859       
 NEXT SEEDS:21BD7BDC       7       0       0       0       0      16    3039       0       0
       2822                    25                    25             1.1271407E-01         1.0000000E+30              1859       
 NEXT SEEDS:21BD7BE0       7       0       0       0       0      16    3039       0       0
       2823                    24                    24             1.1273054E-01         1.0000000E+30              1860       
 NEXT SEEDS:21DBD3BC       7       0       0       0       0      16    3039       0       0
       2824                    23                    23             1.1274248E-01         1.0000000E+30              1860       
 NEXT SEEDS:21F67B0C       7       0       0       0       0      16    3039       0       0
       2825                    22                    22             1.1270260E-01         1.0000000E+30              1860       
 NEXT SEEDS:21F67B10       7       0       0       0       0      16    3039       0       0
       2826                    21                    21             1.1266277E-01         1.0000000E+30              1860       
 NEXT SEEDS:21F67B14       7       0       0       0       0      16    3039       0       0
       2827                    20                    20             1.1262295E-01         1.0000000E+30              1860       
 NEXT SEEDS:21F67B18       7       0       0       0       0      16    3039       0       0
       2828                    19                    19             1.1258316E-01         1.0000000E+30              1860       
 NEXT SEEDS:21F67B1C       7       0       0       0       0      16    3039       0       0
       2829                    18                    18             1.1255801E-01         1.0000000E+30              1861       
 NEXT SEEDS:21FE2840       7       0       0       0       0      16    3039       0       0
       2830                    17                    17             1.1254805E-01         1.0000000E+30              1861       
 NEXT SEEDS:220EED93       7       0       0       0       0      16    3039       0       0
       2831                    16                    16             1.1259502E-01         1.0000000E+30              1861       
 NEXT SEEDS:223C6B56       7       0       0       0       0      16    3039       0       0
       2832                    15                    15             1.1255531E-01         1.0000000E+30              1861       
 NEXT SEEDS:223C6B5A       7       0       0       0       0      16    3039       0       0
       2833                    14                    14             1.1253336E-01         1.0000000E+30              1861       
 NEXT SEEDS:22463BCE       7       0       0       0       0      16    3039       0       0
       2834                    13                    13             1.1249368E-01         1.0000000E+30              1861       
 NEXT SEEDS:22463BD2       7       0       0       0       0      16    3039       0       0
       2835                    12                    12             1.1245405E-01         1.0000000E+30              1861       
 NEXT SEEDS:22463BD6       7       0       0       0       0      16    3039       0       0
       2836                    11                    11             1.1243977E-01         1.0000000E+30              1861       
 NEXT SEEDS:2253B16A       7       0       0       0       0      16    3039       0       0
       2837                    10                    10             1.1242132E-01         1.0000000E+30              1861       
 NEXT SEEDS:225ED715       7       0       0       0       0      16    3039       0       0
       2838                     9                     9             1.1238177E-01         1.0000000E+30              1861       
 NEXT SEEDS:225ED719       7       0       0       0       0      16    3039       0       0
       2839                     8                     8             1.1234221E-01         1.0000000E+30              1861       
 NEXT SEEDS:225ED71D       7       0       0       0       0      16    3039       0       0
       2840                     7                     7             1.1230269E-01         1.0000000E+30              1861       
 NEXT SEEDS:225ED721       7       0       0       0       0      16    3039       0       0
       2841                     6                     6             1.1227014E-01         1.0000000E+30              1861       
 NEXT SEEDS:2262B279       7       0       0       0       0      16    3039       0       0
       2842                     5                     5             1.1226439E-01         1.0000000E+30              1862       
 NEXT SEEDS:2274A0CC       7       0       0       0       0      16    3039       0       0
       2843                     4                     4             1.1222494E-01         1.0000000E+30              1862       
 NEXT SEEDS:2274A0D0       7       0       0       0       0      16    3039       0       0
       2844                     3                     3             1.1221442E-01         1.0000000E+30              1862       
 NEXT SEEDS:2283BB82       7       0       0       0       0      16    3039       0       0
       2845                     2                     2             1.1218737E-01         1.0000000E+30              1862       
 NEXT SEEDS:228AC69A       7       0       0       0       0      16    3039       0       0
       2846                     1                     1             1.1214798E-01         1.0000000E+30              1862       
 NEXT SEEDS:228AC69E       7       0       0       0       0      16    3039       0       0
       2847                     0                     1             1.1212040E-01         1.0000000E+30              1865       
 NEXT SEEDS:2290C964       7       0       0       0       0      16    3039       0       0
