1NUMBER OF BEAM       NUMBER OF BEAM        APPROXIMATE NUMBER    AVERAGE TIME USED     TIME LEFT (RESERVED   NUMBER OF STARS
 PARTICLES HANDLED    PARTICLES LEFT        OF BEAM PARTICLES     BY A BEAM PARTICLE     10000.0 SECONDS      CREATED
                                            THAT CAN STILL BE                           FOR PRINTOUT)
                                            HANDLED

 NEXT SEEDS: FCE2915       F       0       0       0       0      16    3039       0       0
          1                  2846                  2846             5.0756598E-01         1.0000000E+30                 0       
 NEXT SEEDS:1025A25B       F       0       0       0       0      16    3039       0       0
  Comptn_2: TXYZ:   1.0000000000025422       U,V,W  -9.7462966454557431E-002 -0.91904321619832563      -0.38191692412389600     
  Comptn_2: TXYZ:   1.0000000000812186       U,V,W  0.51817412511119443       0.74293773362165894       0.42372054482592603     
         50                  2797                  2797             1.5339759E-01         1.0000000E+30                16       
 NEXT SEEDS:1535E0F6       F       0       0       0       0      16    3039       0       0
  Comptn_2: TXYZ:  0.99999999999866351       U,V,W -0.12814097817449266       0.70862311373147691       0.69385385521495380     
        100                  2747                  2747             1.2074534E-01         1.0000000E+30                20       
 NEXT SEEDS:1846B57B       F       0       0       0       0      16    3039       0       0
        150                  2697                  2697             1.0082758E-01         1.0000000E+30                43       
 NEXT SEEDS:1A6B347A       F       0       0       0       0      16    3039       0       0
  Comptn_2: TXYZ:  0.99999999999763067       U,V,W  0.33269241478667766      -0.69231047996436001      -0.64032956863833590     
        200                  2647                  2647             1.1314872E-01         1.0000000E+30                47       
 NEXT SEEDS:1FA119DE       F       0       0       0       0      16    3039       0       0
  Comptn_2: TXYZ:   1.0000000000010212       U,V,W  0.43218350103821690      -0.75319396174111120      -0.49589946302461385     
        250                  2597                  2597             1.4505867E-01         1.0000000E+30                52       
 NEXT SEEDS:29149555       F       0       0       0       0      16    3039       0       0
        300                  2547                  2547             1.3795659E-01         1.0000000E+30                71       
 NEXT SEEDS:2CB71D0A       F       0       0       0       0      16    3039       0       0
  Comptn_2: TXYZ:   1.0000000000026679       U,V,W -0.85326027424783035       0.49539788558898579      -0.16287369139043761     
        350                  2497                  2497             1.2842180E-01         1.0000000E+30                77       
 NEXT SEEDS:2F361AB3       F       0       0       0       0      16    3039       0       0
        400                  2447                  2447             1.4170731E-01         1.0000000E+30                78       
 NEXT SEEDS:37387C00       F       0       0       0       0      16    3039       0       0
  Comptn_2: TXYZ:  0.99999999999197686       U,V,W  0.17669837323421689      -0.90240465431796224      -0.39299303397596930     
  Comptn_2: TXYZ:   1.0000000000023386       U,V,W   4.9086219062502323E-002 -0.98884071333240708       0.14065769355688573     
        450                  2397                  2397             1.4686496E-01         1.0000000E+30                84       
 NEXT SEEDS: 239A01B      10       0       0       0       0      16    3039       0       0
  Comptn_2: TXYZ:   1.0000000000016656       U,V,W  0.17963714856225010      -0.92275234265697748      -0.34096716701047569     
        500                  2347                  2347             1.5129263E-01         1.0000000E+30               101       
 NEXT SEEDS: 8DE2C35      10       0       0       0       0      16    3039       0       0
  Comptn_2: TXYZ:   1.0000000000010691       U,V,W  -2.5952499740526491E-002 -0.99595151287920802       -8.6064230385822782E-002
  Comptn_2: TXYZ:   1.0000000000014020       U,V,W  -2.3925630500926331E-002  0.88865390348836293       0.45795393220435443     
        550                  2297                  2297             1.5542841E-01         1.0000000E+30               101       
 NEXT SEEDS: FDD84D5      10       0       0       0       0      16    3039       0       0
        600                  2247                  2247             1.5099243E-01         1.0000000E+30               127       
 NEXT SEEDS:138752BF      10       0       0       0       0      16    3039       0       0
  Comptn_2: TXYZ:   1.0000000000090286       U,V,W  -1.4029141566140879E-003  0.99992091515799120       -1.2497810628396167E-002
        650                  2197                  2197             1.5477191E-01         1.0000000E+30               139       
 NEXT SEEDS:1A537FC2      10       0       0       0       0      16    3039       0       0
  Comptn_2: TXYZ:   1.0000000000043232       U,V,W  0.90307267439620897        5.1693967035447486E-002  0.42636542840073233     
  Comptn_2: TXYZ:   1.0000000000011087       U,V,W  0.78137715133495611      -0.55447622891349369      -0.28636665124041372     
        700                  2147                  2147             1.5283745E-01         1.0000000E+30               143       
 NEXT SEEDS:1EEF5CC5      10       0       0       0       0      16    3039       0       0
        750                  2097                  2097             1.4698165E-01         1.0000000E+30               145       
 NEXT SEEDS:21441016      10       0       0       0       0      16    3039       0       0
  Comptn_2: TXYZ:  0.99999999999814326       U,V,W -0.27146344113404552      -0.82474966428692498      -0.49608022676217445     
        800                  2047                  2047             1.4375772E-01         1.0000000E+30               202       
 NEXT SEEDS:24B2E028      10       0       0       0       0      16    3039       0       0
  Comptn_2: TXYZ:  0.99999999999691380       U,V,W  0.71545409693793616        6.2634071369672029E-002  0.69584654075111629     
        850                  1997                  1997             1.4276552E-01         1.0000000E+30               218       
 NEXT SEEDS:292EC9AC      10       0       0       0       0      16    3039       0       0
  Comptn_2: TXYZ:  0.99999999999780820       U,V,W -0.14563099706598415       0.18330765579683828      -0.97220878211300032     
  Comptn_2: TXYZ:  0.99999999999789779       U,V,W  0.11431482668985637      -0.78012333755568974       0.61509324382384278     
        900                  1947                  1947             1.4270178E-01         1.0000000E+30               218       
 NEXT SEEDS:2E47A58B      10       0       0       0       0      16    3039       0       0
        950                  1897                  1897             1.3822890E-01         1.0000000E+30               223       
 NEXT SEEDS:3055DAFB      10       0       0       0       0      16    3039       0       0
  Comptn_2: TXYZ:  0.99999999999874856       U,V,W -0.50575578741393201      -0.85461259678266188       0.11767919491761347     
       1000                  1847                  1847             1.3634223E-01         1.0000000E+30               320       
 NEXT SEEDS:33F024B0      10       0       0       0       0      16    3039       0       0
       1050                  1797                  1797             1.3275297E-01         1.0000000E+30               325       
 NEXT SEEDS:362212FE      10       0       0       0       0      16    3039       0       0
  Comptn_2: TXYZ:   1.0000000000019180       U,V,W  0.25066518436618423      -0.82202128884284065       0.51131982754215599     
  Comptn_2: TXYZ:   1.0000000000026203       U,V,W  0.33404067377124136       0.33319657185231755       0.88170112440380777     
       1100                  1747                  1747             1.3162738E-01         1.0000000E+30               332       
 NEXT SEEDS:39FCD461      10       0       0       0       0      16    3039       0       0
  Comptn_2: TXYZ:  0.99999999999827638       U,V,W -0.57210421744148121      -0.37350166936415974      -0.73020084043099587     
       1150                  1697                  1697             1.2977881E-01         1.0000000E+30               333       
 NEXT SEEDS: 190C7C2      11       0       0       0       0      16    3039       0       0
       1200                  1647                  1647             1.2764869E-01         1.0000000E+30               347       
 NEXT SEEDS: 44EE6C0      11       0       0       0       0      16    3039       0       0
  Comptn_2: TXYZ:  0.99999999999868594       U,V,W -0.86521272047444242       0.46822924149952883       0.17935530583920922     
       1250                  1597                  1597             1.2804827E-01         1.0000000E+30               349       
 NEXT SEEDS: 92E2DD7      11       0       0       0       0      16    3039       0       0
  Comptn_2: TXYZ:   1.0000000000015836       U,V,W  0.11710452660511805       0.99309635887308367       -6.7935147897308923E-003
       1300                  1547                  1547             1.2821853E-01         1.0000000E+30               357       
 NEXT SEEDS: D9D64DD      11       0       0       0       0      16    3039       0       0
       1350                  1497                  1497             1.3114357E-01         1.0000000E+30               476       
 NEXT SEEDS:14DA04AA      11       0       0       0       0      16    3039       0       0
  Comptn_2: TXYZ:   1.0000000000229226       U,V,W  0.30266903748969476        8.8318506613660475E-002 -0.94899488679208233     
  Comptn_2: TXYZ:   1.0000000000041063       U,V,W -0.13993482938770541      -0.52792287969565166      -0.83768471194250083     
  Comptn_2: TXYZ:  0.99999999999828759       U,V,W  0.11052252942959484       0.66343422602695767      -0.74002689020250045     
       1400                  1447                  1447             1.3016759E-01         1.0000000E+30               596       
 NEXT SEEDS:188438DF      11       0       0       0       0      16    3039       0       0
       1450                  1397                  1397             1.3169618E-01         1.0000000E+30               597       
 NEXT SEEDS:1E894952      11       0       0       0       0      16    3039       0       0
  Comptn_2: TXYZ:  0.99999999999820433       U,V,W  0.39515191919844028      -0.39335759444316665       0.83013538874443782     
       1500                  1347                  1347             1.3465004E-01         1.0000000E+30               602       
 NEXT SEEDS:266E12F7      11       0       0       0       0      16    3039       0       0
  Comptn_2: TXYZ:  0.99999999999816180       U,V,W  0.92973850312933592        6.7745230134370615E-002 -0.36193493833978607     
       1550                  1297                  1297             1.3521969E-01         1.0000000E+30               604       
 NEXT SEEDS:2BC66872      11       0       0       0       0      16    3039       0       0
  Comptn_2: TXYZ:  0.99999999999847400       U,V,W  0.14121030733866746      -0.88188313885888348       0.44982416397543190     
       1600                  1247                  1247             1.3356600E-01         1.0000000E+30               668       
 NEXT SEEDS:2EA0069F      11       0       0       0       0      16    3039       0       0
       1650                  1197                  1197             1.3224304E-01         1.0000000E+30               751       
 NEXT SEEDS:31C7B4FB      11       0       0       0       0      16    3039       0       0
  Comptn_2: TXYZ:  0.99999999999892220       U,V,W -0.83302102033968239       0.31139116352866836       0.45728713402786525     
       1700                  1147                  1147             1.3224690E-01         1.0000000E+30               752       
 NEXT SEEDS:365D9669      11       0       0       0       0      16    3039       0       0
       1750                  1097                  1097             1.3088092E-01         1.0000000E+30               753       
 NEXT SEEDS:395603C3      11       0       0       0       0      16    3039       0       0
  Comptn_2: TXYZ:  0.99999999999886025       U,V,W -0.90801072173710295       0.38468443732912050      -0.16593496583331557     
       1800                  1047                  1047             1.2987670E-01         1.0000000E+30               772       
 NEXT SEEDS: 126453B      12       0       0       0       0      16    3039       0       0
       1850                   997                   997             1.2912835E-01         1.0000000E+30               773       
 NEXT SEEDS: 4B78F66      12       0       0       0       0      16    3039       0       0
  *** Kaon: P_min > 1.5 GeV/c:           15   1.6851246506589870     
  *** Kaon: P_min > 1.5 GeV/c:           15   1.5511270118244715     
  *** Kaon: P_min > 1.5 GeV/c:           15   1.6004836119878958     
       1900                   947                   947             1.2780363E-01         1.0000000E+30               874       
 NEXT SEEDS: 77F0011      12       0       0       0       0      16    3039       0       0
  Comptn_2: TXYZ:   1.0000000000010103       U,V,W -0.35791491118675367       0.89694008827355987       0.25960622950731960     
       1950                   897                   897             1.2662077E-01         1.0000000E+30               884       
 NEXT SEEDS: A69B54E      12       0       0       0       0      16    3039       0       0
       2000                   847                   847             1.2487944E-01         1.0000000E+30               891       
 NEXT SEEDS: C644BE9      12       0       0       0       0      16    3039       0       0
       2050                   797                   797             1.2538603E-01         1.0000000E+30               902       
 NEXT SEEDS:117BA59A      12       0       0       0       0      16    3039       0       0
  Comptn_2: TXYZ:  0.99999999999893452       U,V,W  0.36256255868952136      -0.74907975826389617       0.55446181725592680     
  Comptn_2: TXYZ:   1.0000000000010711       U,V,W -0.32436238488017466       0.14720813089168353       0.93440826701998603     
       2100                   747                   747             1.2734394E-01         1.0000000E+30               937       
 NEXT SEEDS:18D8C0BB      12       0       0       0       0      16    3039       0       0
       2150                   697                   697             1.2744175E-01         1.0000000E+30               975       
 NEXT SEEDS:1D8A1EE1      12       0       0       0       0      16    3039       0       0
  Comptn_2: TXYZ:   1.0000000000025238       U,V,W -0.47441607796478991      -0.17878853411940562      -0.86195362116442453     
       2200                   647                   647             1.2590149E-01         1.0000000E+30               980       
 NEXT SEEDS:1F9D0661      12       0       0       0       0      16    3039       0       0
       2250                   597                   597             1.2460638E-01         1.0000000E+30               987       
 NEXT SEEDS:2204DBA0      12       0       0       0       0      16    3039       0       0
  Comptn_2: TXYZ:  0.99999999999736200       U,V,W -0.83740384475612473      -0.51481461975478737       0.18363199087238513     
       2300                   547                   547             1.2354965E-01         1.0000000E+30               989       
 NEXT SEEDS:24BB600D      12       0       0       0       0      16    3039       0       0
  Comptn_2: TXYZ:  0.99999999999866362       U,V,W -0.63093131549673842      -0.74841105930497420      -0.20446652888486483     
       2350                   497                   497             1.2321994E-01         1.0000000E+30               996       
 NEXT SEEDS:288C8CBD      12       0       0       0       0      16    3039       0       0
  Comptn_2: TXYZ:   1.0000000000066587       U,V,W -0.69582978375498872       0.71253898469290178       -9.0050582113349265E-002
       2400                   447                   447             1.2203040E-01         1.0000000E+30              1083       
 NEXT SEEDS:2ADFD053      12       0       0       0       0      16    3039       0       0
       2450                   397                   397             1.2179594E-01         1.0000000E+30              1086       
 NEXT SEEDS:2EBC423D      12       0       0       0       0      16    3039       0       0
  *** Kaon: P_min > 1.5 GeV/c:           24   1.8819004535879020     
  *** Kaon: P_min > 1.5 GeV/c:           15   4.4280023498457179     
  *** Kaon: P_min > 1.5 GeV/c:           15   5.4631216836224690     
  *** Kaon: P_min > 1.5 GeV/c:           24   1.8817932421959331     
  *** Kaon: P_min > 1.5 GeV/c:           24   1.5602215853516039     
  Comptn_2: TXYZ:  0.99999999999871503       U,V,W  0.18634938477207008       0.52123585530584648      -0.83281876175874459     
       2500                   347                   347             1.2059005E-01         1.0000000E+30              1141       
 NEXT SEEDS:30E0B47D      12       0       0       0       0      16    3039       0       0
       2550                   297                   297             1.1959937E-01         1.0000000E+30              1142       
 NEXT SEEDS:33513B41      12       0       0       0       0      16    3039       0       0
  Comptn_2: TXYZ:  0.99999999999854727       U,V,W  0.85104954401094801      -0.39977160853476335       0.34043697602762357     
       2600                   247                   247             1.1935578E-01         1.0000000E+30              1148       
 NEXT SEEDS:371EFEBD      12       0       0       0       0      16    3039       0       0
       2650                   197                   197             1.2029358E-01         1.0000000E+30              1159       
 NEXT SEEDS: 157E0F0      13       0       0       0       0      16    3039       0       0
       2700                   147                   147             1.1967002E-01         1.0000000E+30              1165       
 NEXT SEEDS: 46B84EA      13       0       0       0       0      16    3039       0       0
  Comptn_2: TXYZ:  0.99999999999572009       U,V,W  0.73939032713256303      -0.26114730464952629       0.62056750592728349     
  Comptn_2: TXYZ:   1.0000000000064739       U,V,W  0.48133467675745578      -0.86879504132416940      -0.11624158088999081     
       2750                    97                    97             1.1943880E-01         1.0000000E+30              1168       
 NEXT SEEDS: 840A093      13       0       0       0       0      16    3039       0       0
       2797                    50                    50             1.1873241E-01         1.0000000E+30              1181       
 NEXT SEEDS: ADE23C4      13       0       0       0       0      16    3039       0       0
       2798                    49                    49             1.1871915E-01         1.0000000E+30              1181       
 NEXT SEEDS: AECC2FA      13       0       0       0       0      16    3039       0       0
       2799                    48                    48             1.1867679E-01         1.0000000E+30              1181       
 NEXT SEEDS: AECC2FE      13       0       0       0       0      16    3039       0       0
       2800                    47                    47             1.1865551E-01         1.0000000E+30              1181       
 NEXT SEEDS: AF7760E      13       0       0       0       0      16    3039       0       0
       2801                    46                    46             1.1861314E-01         1.0000000E+30              1181       
 NEXT SEEDS: AF77612      13       0       0       0       0      16    3039       0       0
       2802                    45                    45             1.1860404E-01         1.0000000E+30              1181       
 NEXT SEEDS: B08F906      13       0       0       0       0      16    3039       0       0
       2803                    44                    44             1.1860659E-01         1.0000000E+30              1181       
 NEXT SEEDS: B2009EE      13       0       0       0       0      16    3039       0       0
       2804                    43                    43             1.1856434E-01         1.0000000E+30              1181       
 NEXT SEEDS: B2009F2      13       0       0       0       0      16    3039       0       0
       2805                    42                    42             1.1853428E-01         1.0000000E+30              1181       
 NEXT SEEDS: B26B075      13       0       0       0       0      16    3039       0       0
       2806                    41                    41             1.1850885E-01         1.0000000E+30              1181       
 NEXT SEEDS: B2F9515      13       0       0       0       0      16    3039       0       0
       2807                    40                    40             1.1851857E-01         1.0000000E+30              1181       
 NEXT SEEDS: B4A5723      13       0       0       0       0      16    3039       0       0
       2808                    39                    39             1.1847642E-01         1.0000000E+30              1181       
 NEXT SEEDS: B4A5727      13       0       0       0       0      16    3039       0       0
       2809                    38                    38             1.1847197E-01         1.0000000E+30              1181       
 NEXT SEEDS: B5D109D      13       0       0       0       0      16    3039       0       0
       2810                    37                    37             1.1842986E-01         1.0000000E+30              1181       
 NEXT SEEDS: B5D10A1      13       0       0       0       0      16    3039       0       0
       2811                    36                    36             1.1838777E-01         1.0000000E+30              1181       
 NEXT SEEDS: B5D10A5      13       0       0       0       0      16    3039       0       0
       2812                    35                    35             1.1841842E-01         1.0000000E+30              1181       
 NEXT SEEDS: B8169FA      13       0       0       0       0      16    3039       0       0
       2813                    34                    34             1.1837638E-01         1.0000000E+30              1181       
 NEXT SEEDS: B8169FE      13       0       0       0       0      16    3039       0       0
       2814                    33                    33             1.1833435E-01         1.0000000E+30              1181       
 NEXT SEEDS: B816A02      13       0       0       0       0      16    3039       0       0
       2815                    32                    32             1.1829235E-01         1.0000000E+30              1181       
 NEXT SEEDS: B816A06      13       0       0       0       0      16    3039       0       0
       2816                    31                    31             1.1827947E-01         1.0000000E+30              1181       
 NEXT SEEDS: B9035BA      13       0       0       0       0      16    3039       0       0
       2817                    30                    30             1.1823754E-01         1.0000000E+30              1181       
 NEXT SEEDS: B9035BE      13       0       0       0       0      16    3039       0       0
       2818                    29                    29             1.1823964E-01         1.0000000E+30              1181       
 NEXT SEEDS: BA66AFA      13       0       0       0       0      16    3039       0       0
       2819                    28                    28             1.1821392E-01         1.0000000E+30              1181       
 NEXT SEEDS: BAF200F      13       0       0       0       0      16    3039       0       0
       2820                    27                    27             1.1818881E-01         1.0000000E+30              1182       
 NEXT SEEDS: BB75DC9      13       0       0       0       0      16    3039       0       0
       2821                    26                    26             1.1816198E-01         1.0000000E+30              1182       
 NEXT SEEDS: BBECA08      13       0       0       0       0      16    3039       0       0
       2822                    25                    25             1.1812015E-01         1.0000000E+30              1182       
 NEXT SEEDS: BBECA0C      13       0       0       0       0      16    3039       0       0
       2823                    24                    24             1.1807834E-01         1.0000000E+30              1182       
 NEXT SEEDS: BBECA10      13       0       0       0       0      16    3039       0       0
       2824                    23                    23             1.1810718E-01         1.0000000E+30              1182       
 NEXT SEEDS: BE33A8F      13       0       0       0       0      16    3039       0       0
       2825                    22                    22             1.1812332E-01         1.0000000E+30              1182       
 NEXT SEEDS: C00E8AA      13       0       0       0       0      16    3039       0       0
       2826                    21                    21             1.1813783E-01         1.0000000E+30              1182       
 NEXT SEEDS: C1DCE0B      13       0       0       0       0      16    3039       0       0
       2827                    20                    20             1.1809610E-01         1.0000000E+30              1182       
 NEXT SEEDS: C1DCE0F      13       0       0       0       0      16    3039       0       0
       2828                    19                    19             1.1805438E-01         1.0000000E+30              1182       
 NEXT SEEDS: C1DCE13      13       0       0       0       0      16    3039       0       0
       2829                    18                    18             1.1806287E-01         1.0000000E+30              1182       
 NEXT SEEDS: C3857D7      13       0       0       0       0      16    3039       0       0
       2830                    17                    17             1.1802120E-01         1.0000000E+30              1182       
 NEXT SEEDS: C3857DB      13       0       0       0       0      16    3039       0       0
       2831                    16                    16             1.1797955E-01         1.0000000E+30              1182       
 NEXT SEEDS: C3857DF      13       0       0       0       0      16    3039       0       0
       2832                    15                    15             1.1795421E-01         1.0000000E+30              1182       
 NEXT SEEDS: C40B704      13       0       0       0       0      16    3039       0       0
       2833                    14                    14             1.1791263E-01         1.0000000E+30              1182       
 NEXT SEEDS: C40B708      13       0       0       0       0      16    3039       0       0
       2834                    13                    13             1.1791389E-01         1.0000000E+30              1182       
 NEXT SEEDS: C5689E1      13       0       0       0       0      16    3039       0       0
       2835                    12                    12             1.1787237E-01         1.0000000E+30              1182       
 NEXT SEEDS: C5689E5      13       0       0       0       0      16    3039       0       0
       2836                    11                    11             1.1792076E-01         1.0000000E+30              1182       
 NEXT SEEDS: C851995      13       0       0       0       0      16    3039       0       0
       2837                    10                    10             1.1787924E-01         1.0000000E+30              1182       
 NEXT SEEDS: C851999      13       0       0       0       0      16    3039       0       0
       2838                     9                     9             1.1784756E-01         1.0000000E+30              1182       
 NEXT SEEDS: C8A8E14      13       0       0       0       0      16    3039       0       0
       2839                     8                     8             1.1780609E-01         1.0000000E+30              1182       
 NEXT SEEDS: C8A8E18      13       0       0       0       0      16    3039       0       0
       2840                     7                     7             1.1776465E-01         1.0000000E+30              1182       
 NEXT SEEDS: C8A8E1C      13       0       0       0       0      16    3039       0       0
       2841                     6                     6             1.1773302E-01         1.0000000E+30              1182       
 NEXT SEEDS: C8FF767      13       0       0       0       0      16    3039       0       0
       2842                     5                     5             1.1772070E-01         1.0000000E+30              1182       
 NEXT SEEDS: C9EDD21      13       0       0       0       0      16    3039       0       0
       2843                     4                     4             1.1767935E-01         1.0000000E+30              1182       
 NEXT SEEDS: C9EDD25      13       0       0       0       0      16    3039       0       0
       2844                     3                     3             1.1764427E-01         1.0000000E+30              1182       
 NEXT SEEDS: CA21390      13       0       0       0       0      16    3039       0       0
       2845                     2                     2             1.1761641E-01         1.0000000E+30              1182       
 NEXT SEEDS: CA8F594      13       0       0       0       0      16    3039       0       0
  *** Kaon: P_min > 1.5 GeV/c:           24   6.5780831585860060     
  *** Kbar: P_min > 1.8 GeV/c:           25   2.1338818484667814     
  *** Kbar: P_min > 1.8 GeV/c:           25   2.1298789481897411     
  *** Kaon: P_min > 1.5 GeV/c:           24   6.5779526953245568     
  *** Kaon: P_min > 1.5 GeV/c:           24   5.4466632341262260     
  *** Kaon: P_min > 1.5 GeV/c:           24   2.2773786706484960     
  *** Kaon: P_min > 1.5 GeV/c:           24   2.0055850710682512     
  *** Kaon: P_min > 1.5 GeV/c:           24   1.8754168417759980     
       2846                     1                     1             1.1771190E-01         1.0000000E+30              1255       
 NEXT SEEDS: CEF59BD      13       0       0       0       0      16    3039       0       0
       2847                     0                     1             1.1770460E-01         1.0000000E+30              1255       
 NEXT SEEDS: D00ACB5      13       0       0       0       0      16    3039       0       0
