1NUMBER OF BEAM       NUMBER OF BEAM        APPROXIMATE NUMBER    AVERAGE TIME USED     TIME LEFT (RESERVED   NUMBER OF STARS
 PARTICLES HANDLED    PARTICLES LEFT        OF BEAM PARTICLES     BY A BEAM PARTICLE     10000.0 SECONDS      CREATED
                                            THAT CAN STILL BE                           FOR PRINTOUT)
                                            HANDLED

 NEXT SEEDS: F585E23       3       0       0       0       0      3A    3039       0       0
          1                  2152                  2152             3.0469894E-03         1.0000000E+30                 0       
 NEXT SEEDS: F58ABFE       3       0       0       0       0      3A    3039       0       0
         40                  2113                  2113             3.2034022E-02         1.0000000E+30                39       
 NEXT SEEDS:1040E5BA       3       0       0       0       0      3A    3039       0       0
         80                  2073                  2073             5.2318174E-02         1.0000000E+30                50       
 NEXT SEEDS:1262F8B0       3       0       0       0       0      3A    3039       0       0
        120                  2033                  2033             4.3573717E-02         1.0000000E+30                89       
 NEXT SEEDS:13221108       3       0       0       0       0      3A    3039       0       0
  *** Kaon: P_min > 1.5 GeV/c:           15   19.267668377164306     
  *** Kaon: P_min > 1.5 GeV/c:           15   18.526371547348614     
  *** Kaon: P_min > 1.5 GeV/c:           15   19.698567776836477     
  *** Kaon: P_min > 1.5 GeV/c:           24   2.8109441353100832     
  *** Kaon: P_min > 1.5 GeV/c:           24   2.8106220065553220     
  *** Kaon: P_min > 1.5 GeV/c:           24   3.1807147224460222     
  *** Kaon: P_min > 1.5 GeV/c:           24   1.8056865921925513     
  *** Kbar: P_min > 1.8 GeV/c:           16   5.0236887328732518     
  *** Kbar: P_min > 1.8 GeV/c:           16   4.5477202067560105     
  *** Kbar: P_min > 1.8 GeV/c:           16   4.0825629232079406     
  *** Kbar: P_min > 1.8 GeV/c:           16   4.4549434238532939     
  *** Kbar: P_min > 1.8 GeV/c:           16   3.9296785188125329     
  *** Kbar: P_min > 1.8 GeV/c:           16   3.3013333736221107     
  *** Kbar: P_min > 1.8 GeV/c:           25   1.9921952147578592     
  *** Kbar: P_min > 1.8 GeV/c:           25   2.2094121467867134     
  *** Kbar: P_min > 1.8 GeV/c:           25   1.9919416297058841     
  *** Kbar: P_min > 1.8 GeV/c:           25   2.2402009098692433     
  *** Kaon: P_min > 1.5 GeV/c:           15   3.4737749977394983     
  *** Kaon: P_min > 1.5 GeV/c:           15   3.9845363963170950     
  *** Kbar: P_min > 1.8 GeV/c:           16   3.3317931691309930     
        160                  1993                  1993             4.1817653E-02         1.0000000E+30               249       
 NEXT SEEDS:1431164B       3       0       0       0       0      3A    3039       0       0
  Comptn_2: TXYZ:   1.0000000000016940       U,V,W  0.52386485727661380       0.58422204288389423       0.61987919461844854     
        200                  1953                  1953             3.9094911E-02         1.0000000E+30               338       
 NEXT SEEDS:1500227F       3       0       0       0       0      3A    3039       0       0
        240                  1913                  1913             3.5138591E-02         1.0000000E+30               340       
 NEXT SEEDS:156CA4B0       3       0       0       0       0      3A    3039       0       0
        280                  1873                  1873             3.4250079E-02         1.0000000E+30               340       
 NEXT SEEDS:163EA520       3       0       0       0       0      3A    3039       0       0
        320                  1833                  1833             3.4126863E-02         1.0000000E+30               342       
 NEXT SEEDS:173154C5       3       0       0       0       0      3A    3039       0       0
        360                  1793                  1793             3.3255967E-02         1.0000000E+30               345       
 NEXT SEEDS:17F195BD       3       0       0       0       0      3A    3039       0       0
        400                  1753                  1753             3.2720277E-02         1.0000000E+30               346       
 NEXT SEEDS:18BD24EA       3       0       0       0       0      3A    3039       0       0
        440                  1713                  1713             3.2507084E-02         1.0000000E+30               448       
 NEXT SEEDS:1996B4D7       3       0       0       0       0      3A    3039       0       0
  Comptn_2: TXYZ:   1.0000000000010998       U,V,W  0.11078372127664693       0.71304356317158146       0.69231195578349869     
        480                  1673                  1673             3.0840482E-02         1.0000000E+30               476       
 NEXT SEEDS:19EF380F       3       0       0       0       0      3A    3039       0       0
  Comptn_2: TXYZ:   1.0000000000011444       U,V,W -0.92808287734780137      -0.22186281983419320      -0.29906364197305990     
        520                  1633                  1633             3.1504552E-02         1.0000000E+30               478       
 NEXT SEEDS:1B0D31BD       3       0       0       0       0      3A    3039       0       0
        560                  1593                  1593             3.0681554E-02         1.0000000E+30               603       
 NEXT SEEDS:1BA0CFA3       3       0       0       0       0      3A    3039       0       0
        600                  1553                  1553             2.9785743E-02         1.0000000E+30               605       
 NEXT SEEDS:1C1F263E       3       0       0       0       0      3A    3039       0       0
        640                  1513                  1513             3.3096318E-02         1.0000000E+30               607       
 NEXT SEEDS:1E7C7876       3       0       0       0       0      3A    3039       0       0
        680                  1473                  1473             3.6288442E-02         1.0000000E+30               613       
 NEXT SEEDS:20F7A685       3       0       0       0       0      3A    3039       0       0
  Comptn_2: TXYZ:   1.0000000000011926       U,V,W  0.95442992918530578      -0.29409978587438701       -5.0683589308221144E-002
        720                  1433                  1433             4.2126315E-02         1.0000000E+30               618       
 NEXT SEEDS:251A4D06       3       0       0       0       0      3A    3039       0       0
        760                  1393                  1393             4.6370254E-02         1.0000000E+30               830       
 NEXT SEEDS:2896215A       3       0       0       0       0      3A    3039       0       0
  Comptn_2: TXYZ:   1.0000000000011944       U,V,W -0.64827829015933247       0.75585329139860846        9.1766335827344392E-002
        800                  1353                  1353             4.6022609E-02         1.0000000E+30               831       
 NEXT SEEDS:29B91221       3       0       0       0       0      3A    3039       0       0
        840                  1313                  1313             4.4587121E-02         1.0000000E+30               834       
 NEXT SEEDS:2A2A04B3       3       0       0       0       0      3A    3039       0       0
        880                  1273                  1273             4.3535032E-02         1.0000000E+30               836       
 NEXT SEEDS:2AC737F2       3       0       0       0       0      3A    3039       0       0
        920                  1233                  1233             4.3691045E-02         1.0000000E+30               837       
 NEXT SEEDS:2C10494D       3       0       0       0       0      3A    3039       0       0
        960                  1193                  1193             4.3085260E-02         1.0000000E+30               837       
 NEXT SEEDS:2CE83539       3       0       0       0       0      3A    3039       0       0
  Comptn_2: TXYZ:   1.0000000000017839       U,V,W  0.52551390629751893       0.72660021429499722      -0.44259153050659528     
  Comptn_2: TXYZ:   1.0000000000016502       U,V,W  -9.3166119899890987E-002 -0.97342119313057651       0.20921580931825901     
       1000                  1153                  1153             4.2861415E-02         1.0000000E+30               842       
 NEXT SEEDS:2DFAF474       3       0       0       0       0      3A    3039       0       0
       1040                  1113                  1113             4.2655368E-02         1.0000000E+30               878       
 NEXT SEEDS:2F0AEDF7       3       0       0       0       0      3A    3039       0       0
       1080                  1073                  1073             4.1964820E-02         1.0000000E+30               885       
 NEXT SEEDS:2FB7B2DC       3       0       0       0       0      3A    3039       0       0
       1120                  1033                  1033             4.1749531E-02         1.0000000E+30               905       
 NEXT SEEDS:30BF6C02       3       0       0       0       0      3A    3039       0       0
       1160                   993                   993             4.3444659E-02         1.0000000E+30               909       
 NEXT SEEDS:333139AD       3       0       0       0       0      3A    3039       0       0
       1200                   953                   953             4.2793292E-02         1.0000000E+30               921       
 NEXT SEEDS:33DE465E       3       0       0       0       0      3A    3039       0       0
  *** Hhflev: call to Hadriv !! ***  0.57162966154127648        5.0000000000000000        1.5982978865765038               25 T F T
  *** Hhflev: call to Hadriv !! ***  0.57422356967770871        3.5000000000000000        1.4187039127831758               13 T F T
       1240                   913                   913             4.3580494E-02         1.0000000E+30              1505       
 NEXT SEEDS:35C8CB47       3       0       0       0       0      3A    3039       0       0
       1280                   873                   873             4.3447440E-02         1.0000000E+30              1506       
 NEXT SEEDS:36DDAB8C       3       0       0       0       0      3A    3039       0       0
       1320                   833                   833             4.3375249E-02         1.0000000E+30              1511       
 NEXT SEEDS:3807A45C       3       0       0       0       0      3A    3039       0       0
       1360                   793                   793             4.2844752E-02         1.0000000E+30              1513       
 NEXT SEEDS:38BEF743       3       0       0       0       0      3A    3039       0       0
       1400                   753                   753             4.2591037E-02         1.0000000E+30              1519       
 NEXT SEEDS:39B3A500       3       0       0       0       0      3A    3039       0       0
       1440                   713                   713             4.2800489E-02         1.0000000E+30              1956       
 NEXT SEEDS:3B242A46       3       0       0       0       0      3A    3039       0       0
       1480                   673                   673             4.2020008E-02         1.0000000E+30              1957       
 NEXT SEEDS:3B8937B8       3       0       0       0       0      3A    3039       0       0
       1520                   633                   633             4.1508423E-02         1.0000000E+30              1957       
 NEXT SEEDS:  91FDA2       4       0       0       0       0      3A    3039       0       0
       1560                   593                   593             4.1162392E-02         1.0000000E+30              1958       
 NEXT SEEDS: 160B832       4       0       0       0       0      3A    3039       0       0
  Comptn_2: TXYZ:  0.99999999998948708       U,V,W -0.59934737346790001      -0.78497874825187353       0.15681546702904825     
       1600                   553                   553             4.2676892E-02         1.0000000E+30              1960       
 NEXT SEEDS: 4460A69       4       0       0       0       0      3A    3039       0       0
       1640                   513                   513             4.4915603E-02         1.0000000E+30              3362       
 NEXT SEEDS: 82B575B       4       0       0       0       0      3A    3039       0       0
       1680                   473                   473             4.4882624E-02         1.0000000E+30              3364       
 NEXT SEEDS: 964A314       4       0       0       0       0      3A    3039       0       0
       1720                   433                   433             4.4604217E-02         1.0000000E+30              3377       
 NEXT SEEDS: A505EE2       4       0       0       0       0      3A    3039       0       0
       1760                   393                   393             4.4185252E-02         1.0000000E+30              3382       
 NEXT SEEDS: B0A4C0F       4       0       0       0       0      3A    3039       0       0
       1800                   353                   353             4.3785790E-02         1.0000000E+30              3442       
 NEXT SEEDS: BC8B0AB       4       0       0       0       0      3A    3039       0       0
       1840                   313                   313             4.3688997E-02         1.0000000E+30              3465       
 NEXT SEEDS: CDF87B0       4       0       0       0       0      3A    3039       0       0
       1880                   273                   273             4.3300750E-02         1.0000000E+30              3466       
 NEXT SEEDS: D979DCD       4       0       0       0       0      3A    3039       0       0
       1920                   233                   233             4.3210415E-02         1.0000000E+30              3475       
 NEXT SEEDS: EB0054E       4       0       0       0       0      3A    3039       0       0
  Comptn_2: TXYZ:   1.0000000000047122       U,V,W -0.36523859137442116       -6.1440667942093796E-002  0.92888417776295995     
  Comptn_2: TXYZ:  0.99999999999058642       U,V,W -0.43852688028391640      -0.50414315078859318       0.74399856100129114     
       1960                   193                   193             4.3131349E-02         1.0000000E+30              3476       
 NEXT SEEDS: FC6EB82       4       0       0       0       0      3A    3039       0       0
       2000                   153                   153             4.2918273E-02         1.0000000E+30              3484       
 NEXT SEEDS:10B3166F       4       0       0       0       0      3A    3039       0       0
       2040                   113                   113             4.2872518E-02         1.0000000E+30              3484       
 NEXT SEEDS:11CF1ED4       4       0       0       0       0      3A    3039       0       0
       2080                    73                    73             4.3676603E-02         1.0000000E+30              3486       
 NEXT SEEDS:1408F3FF       4       0       0       0       0      3A    3039       0       0
       2103                    50                    50             4.3633962E-02         1.0000000E+30              3488       
 NEXT SEEDS:14B01759       4       0       0       0       0      3A    3039       0       0
       2104                    49                    49             4.3613832E-02         1.0000000E+30              3488       
 NEXT SEEDS:14B045BE       4       0       0       0       0      3A    3039       0       0
       2105                    48                    48             4.3593175E-02         1.0000000E+30              3488       
 NEXT SEEDS:14B045D2       4       0       0       0       0      3A    3039       0       0
       2106                    47                    47             4.3572530E-02         1.0000000E+30              3488       
 NEXT SEEDS:14B045D6       4       0       0       0       0      3A    3039       0       0
       2107                    46                    46             4.3570451E-02         1.0000000E+30              3488       
 NEXT SEEDS:14B6EFCC       4       0       0       0       0      3A    3039       0       0
       2108                    45                    45             4.3570382E-02         1.0000000E+30              3488       
 NEXT SEEDS:14BF1324       4       0       0       0       0      3A    3039       0       0
       2109                    44                    44             4.3564164E-02         1.0000000E+30              3489       
 NEXT SEEDS:14C4C17E       4       0       0       0       0      3A    3039       0       0
       2110                    43                    43             4.3553646E-02         1.0000000E+30              3489       
 NEXT SEEDS:14C8AC54       4       0       0       0       0      3A    3039       0       0
       2111                    42                    42             4.3547687E-02         1.0000000E+30              3489       
 NEXT SEEDS:14CE64A4       4       0       0       0       0      3A    3039       0       0
       2112                    41                    41             4.3527126E-02         1.0000000E+30              3489       
 NEXT SEEDS:14CE64A8       4       0       0       0       0      3A    3039       0       0
       2113                    40                    40             4.3506577E-02         1.0000000E+30              3489       
 NEXT SEEDS:14CE64AC       4       0       0       0       0      3A    3039       0       0
       2114                    39                    39             4.3486256E-02         1.0000000E+30              3489       
 NEXT SEEDS:14CE7677       4       0       0       0       0      3A    3039       0       0
       2115                    38                    38             4.3465750E-02         1.0000000E+30              3489       
 NEXT SEEDS:14CE767B       4       0       0       0       0      3A    3039       0       0
       2116                    37                    37             4.3445381E-02         1.0000000E+30              3489       
 NEXT SEEDS:14CE80ED       4       0       0       0       0      3A    3039       0       0
       2117                    36                    36             4.3424909E-02         1.0000000E+30              3489       
 NEXT SEEDS:14CE80F1       4       0       0       0       0      3A    3039       0       0
       2118                    35                    35             4.3426319E-02         1.0000000E+30              3489       
 NEXT SEEDS:14D68401       4       0       0       0       0      3A    3039       0       0
       2119                    34                    34             4.3405883E-02         1.0000000E+30              3489       
 NEXT SEEDS:14D68405       4       0       0       0       0      3A    3039       0       0
       2120                    33                    33             4.3397626E-02         1.0000000E+30              3489       
 NEXT SEEDS:14DB5912       4       0       0       0       0      3A    3039       0       0
       2121                    32                    32             4.3377830E-02         1.0000000E+30              3489       
 NEXT SEEDS:14DB849E       4       0       0       0       0      3A    3039       0       0
       2122                    31                    31             4.3397294E-02         1.0000000E+30              3489       
 NEXT SEEDS:14E9D6AA       4       0       0       0       0      3A    3039       0       0
       2123                    30                    30             4.3376913E-02         1.0000000E+30              3489       
 NEXT SEEDS:14E9D6AE       4       0       0       0       0      3A    3039       0       0
       2124                    29                    29             4.3356541E-02         1.0000000E+30              3489       
 NEXT SEEDS:14E9D6B2       4       0       0       0       0      3A    3039       0       0
       2125                    28                    28             4.3336188E-02         1.0000000E+30              3489       
 NEXT SEEDS:14E9D6B6       4       0       0       0       0      3A    3039       0       0
       2126                    27                    27             4.3327923E-02         1.0000000E+30              3489       
 NEXT SEEDS:14EE2BDE       4       0       0       0       0      3A    3039       0       0
       2127                    26                    26             4.3307621E-02         1.0000000E+30              3489       
 NEXT SEEDS:14EE2BF5       4       0       0       0       0      3A    3039       0       0
       2128                    25                    25             4.3308580E-02         1.0000000E+30              3489       
 NEXT SEEDS:14F67EFE       4       0       0       0       0      3A    3039       0       0
       2129                    24                    24             4.3292642E-02         1.0000000E+30              3489       
 NEXT SEEDS:14F8197B       4       0       0       0       0      3A    3039       0       0
       2130                    23                    23             4.3274452E-02         1.0000000E+30              3489       
 NEXT SEEDS:14F8D8A7       4       0       0       0       0      3A    3039       0       0
       2131                    22                    22             4.3254202E-02         1.0000000E+30              3489       
 NEXT SEEDS:14F8D8AB       4       0       0       0       0      3A    3039       0       0
       2132                    21                    21             4.3237990E-02         1.0000000E+30              3489       
 NEXT SEEDS:14FA5064       4       0       0       0       0      3A    3039       0       0
       2133                    20                    20             4.3240850E-02         1.0000000E+30              3489       
 NEXT SEEDS:15038198       4       0       0       0       0      3A    3039       0       0
       2134                    19                    19             4.3221235E-02         1.0000000E+30              3489       
 NEXT SEEDS:1503AC9F       4       0       0       0       0      3A    3039       0       0
       2135                    18                    18             4.3216775E-02         1.0000000E+30              3489       
 NEXT SEEDS:150A0179       4       0       0       0       0      3A    3039       0       0
       2136                    17                    17             4.3196603E-02         1.0000000E+30              3489       
 NEXT SEEDS:150A0196       4       0       0       0       0      3A    3039       0       0
       2137                    16                    16             4.3176435E-02         1.0000000E+30              3489       
 NEXT SEEDS:150A019A       4       0       0       0       0      3A    3039       0       0
       2138                    15                    15             4.3156383E-02         1.0000000E+30              3489       
 NEXT SEEDS:150A0870       4       0       0       0       0      3A    3039       0       0
       2139                    14                    14             4.3137117E-02         1.0000000E+30              3489       
 NEXT SEEDS:150A4FE8       4       0       0       0       0      3A    3039       0       0
       2140                    13                    13             4.3117013E-02         1.0000000E+30              3489       
 NEXT SEEDS:150A4FEC       4       0       0       0       0      3A    3039       0       0
       2141                    12                    12             4.3096928E-02         1.0000000E+30              3489       
 NEXT SEEDS:150A5001       4       0       0       0       0      3A    3039       0       0
       2142                    11                    11             4.3076858E-02         1.0000000E+30              3489       
 NEXT SEEDS:150A5005       4       0       0       0       0      3A    3039       0       0
       2143                    10                    10             4.3089567E-02         1.0000000E+30              3489       
 NEXT SEEDS:151770D6       4       0       0       0       0      3A    3039       0       0
       2144                     9                     9             4.3138831E-02         1.0000000E+30              3489       
 NEXT SEEDS:1530B668       4       0       0       0       0      3A    3039       0       0
       2145                     8                     8             4.3118780E-02         1.0000000E+30              3489       
 NEXT SEEDS:1530B66C       4       0       0       0       0      3A    3039       0       0
       2146                     7                     7             4.3098741E-02         1.0000000E+30              3489       
 NEXT SEEDS:1530B670       4       0       0       0       0      3A    3039       0       0
       2147                     6                     6             4.3090230E-02         1.0000000E+30              3489       
 NEXT SEEDS:1535593A       4       0       0       0       0      3A    3039       0       0
       2148                     5                     5             4.3070226E-02         1.0000000E+30              3489       
 NEXT SEEDS:1535593E       4       0       0       0       0      3A    3039       0       0
       2149                     4                     4             4.3066181E-02         1.0000000E+30              3489       
 NEXT SEEDS:153B5ABC       4       0       0       0       0      3A    3039       0       0
       2150                     3                     3             4.3046207E-02         1.0000000E+30              3489       
 NEXT SEEDS:153B5AC0       4       0       0       0       0      3A    3039       0       0
       2151                     2                     2             4.3061185E-02         1.0000000E+30              3489       
 NEXT SEEDS:154914EC       4       0       0       0       0      3A    3039       0       0
       2152                     1                     1             4.3041239E-02         1.0000000E+30              3489       
 NEXT SEEDS:154914F0       4       0       0       0       0      3A    3039       0       0
       2153                     0                     1             4.3021298E-02         1.0000000E+30              3489       
 NEXT SEEDS:154914F4       4       0       0       0       0      3A    3039       0       0
