1NUMBER OF BEAM       NUMBER OF BEAM        APPROXIMATE NUMBER    AVERAGE TIME USED     TIME LEFT (RESERVED   NUMBER OF STARS
 PARTICLES HANDLED    PARTICLES LEFT        OF BEAM PARTICLES     BY A BEAM PARTICLE     10000.0 SECONDS      CREATED
                                            THAT CAN STILL BE                           FOR PRINTOUT)
                                            HANDLED

 NEXT SEEDS:2290C964       7       0       0       0       0      16    3039       0       0
          1                  2846                  2846             9.8943710E-05         1.0000000E+30                 0       
 NEXT SEEDS:2290C968       7       0       0       0       0      16    3039       0       0
  Comptn_2: TXYZ:  0.99999999999660150       U,V,W  0.48207658091453709      -0.38392059960334279       0.78753231256283129     
         50                  2797                  2797             1.7008160E-01         1.0000000E+30                 4       
 NEXT SEEDS:287A4CD6       7       0       0       0       0      16    3039       0       0
  Comptn_2: TXYZ:  0.99999999999898348       U,V,W -0.29206778892125840      -0.95069785144861996       0.10425930138173989     
        100                  2747                  2747             1.3848700E-01         1.0000000E+30                24       
 NEXT SEEDS:2C43A406       7       0       0       0       0      16    3039       0       0
  Comptn_2: TXYZ:   1.0000000000042644       U,V,W  0.60410224302449933       0.77676392140454809       0.17804013699517895     
  Comptn_2: TXYZ:   1.0000000000012503       U,V,W  -5.2066988003112158E-003 -0.71867344946753775      -0.69532824142219596     
  Comptn_2: TXYZ:  0.99999999999075539       U,V,W  0.22108944757587778      -0.17849283092858850       0.95878035308846776     
        150                  2697                  2697             1.4194074E-01         1.0000000E+30                52       
 NEXT SEEDS:317D5DFB       7       0       0       0       0      16    3039       0       0
  Comptn_2: TXYZ:   1.0000000000219464       U,V,W   6.4893476114889381E-002 -0.36306243795934279       0.92950228774473231     
        200                  2647                  2647             1.5094440E-01         1.0000000E+30                52       
 NEXT SEEDS:37EE9AC2       7       0       0       0       0      16    3039       0       0
  *** Kbar: P_min > 1.8 GeV/c:           16   3.3229894083803759     
  *** Kbar: P_min > 1.8 GeV/c:           16   3.9459428676235948     
  *** Kaon: P_min > 1.5 GeV/c:           24   4.1697313740669166     
  *** Kaon: P_min > 1.5 GeV/c:           24   4.4449794425298910     
  *** Kaon: P_min > 1.5 GeV/c:           24   4.0280711214903970     
  *** Kaon: P_min > 1.5 GeV/c:           24   4.1656912291485879     
        250                  2597                  2597             1.4607293E-01         1.0000000E+30               209       
 NEXT SEEDS:  B91B9A       8       0       0       0       0      16    3039       0       0
        300                  2547                  2547             1.4639076E-01         1.0000000E+30               216       
 NEXT SEEDS: 5F4FB46       8       0       0       0       0      16    3039       0       0
        350                  2497                  2497             1.3503223E-01         1.0000000E+30               246       
 NEXT SEEDS: 8523274       8       0       0       0       0      16    3039       0       0
        400                  2447                  2447             1.2881361E-01         1.0000000E+30               251       
 NEXT SEEDS: B533C29       8       0       0       0       0      16    3039       0       0
        450                  2397                  2397             1.2561437E-01         1.0000000E+30               257       
 NEXT SEEDS: EEA00B9       8       0       0       0       0      16    3039       0       0
  Comptn_2: TXYZ:   1.0000000000019964       U,V,W -0.72820364522272030       0.66592924604597670      -0.16204224864823402     
        500                  2347                  2347             1.2066243E-01         1.0000000E+30               275       
 NEXT SEEDS:119B17A8       8       0       0       0       0      16    3039       0       0
        550                  2297                  2297             1.1528953E-01         1.0000000E+30               278       
 NEXT SEEDS:13C60AC6       8       0       0       0       0      16    3039       0       0
        600                  2247                  2247             1.1369586E-01         1.0000000E+30               325       
 NEXT SEEDS:17275F1C       8       0       0       0       0      16    3039       0       0
  Comptn_2: TXYZ:   1.0000000000070690       U,V,W -0.49709374263501616       0.46460912460493375       0.73282751884329400     
  Comptn_2: TXYZ:   1.0000000000015135       U,V,W -0.50695336654338519        3.4858509919491354E-002 -0.86126834868003499     
        650                  2197                  2197             1.1799755E-01         1.0000000E+30               346       
 NEXT SEEDS:1CEE3C4C       8       0       0       0       0      16    3039       0       0
  Comptn_2: TXYZ:   1.0000000000012466       U,V,W  0.14055237962993061       0.98871603234416572       -5.1823121936266148E-002
        700                  2147                  2147             1.1587321E-01         1.0000000E+30               349       
 NEXT SEEDS:1FF7CEAB       8       0       0       0       0      16    3039       0       0
  Comptn_2: TXYZ:  0.99999999998865552       U,V,W  0.52502978696128366      -0.76539660163136602       0.37217168753574015     
        750                  2097                  2097             1.1710890E-01         1.0000000E+30               357       
 NEXT SEEDS:24AEE670       8       0       0       0       0      16    3039       0       0
        800                  2047                  2047             1.1373673E-01         1.0000000E+30               373       
 NEXT SEEDS:26E8D5E1       8       0       0       0       0      16    3039       0       0
        850                  1997                  1997             1.1179102E-01         1.0000000E+30               375       
 NEXT SEEDS:29C4D276       8       0       0       0       0      16    3039       0       0
  Comptn_2: TXYZ:  0.99999999999572720       U,V,W  0.53855914875942545       0.58563827165566806      -0.60579027563622390     
  Comptn_2: TXYZ:   1.0000000000015625       U,V,W  0.20694433733936535       0.32420547722344395       0.92307358849825860     
  Comptn_2: TXYZ:  0.99999999999764011       U,V,W  0.97037620264079649       0.15187963126195569      -0.18788986921545359     
        900                  1947                  1947             1.1554722E-01         1.0000000E+30               378       
 NEXT SEEDS:304DB16E       8       0       0       0       0      16    3039       0       0
  Comptn_2: TXYZ:  0.99999999999612721       U,V,W  0.67869245749849938       0.62876618327369727      -0.37951236462360782     
  Comptn_2: TXYZ:  0.99999999999890754       U,V,W -0.71439506385328855       0.26343779444985493       0.64825937802422828     
  Comptn_2: TXYZ:  0.99999999999867617       U,V,W  0.43846384682889550      -0.74131720502714415       0.50813212509486760     
        950                  1897                  1897             1.1374018E-01         1.0000000E+30               392       
 NEXT SEEDS:332DE107       8       0       0       0       0      16    3039       0       0
       1000                  1847                  1847             1.1616718E-01         1.0000000E+30               399       
 NEXT SEEDS:39070BA8       8       0       0       0       0      16    3039       0       0
  *** Hhflev: call to Hadriv !! ***  0.38213430116860525        3.5000000000000000        1.2896741951474013               14 T F T
       1050                  1797                  1797             1.1707768E-01         1.0000000E+30               610       
 NEXT SEEDS: 243C9CD       9       0       0       0       0      16    3039       0       0
  Comptn_2: TXYZ:  0.99999999999894318       U,V,W  0.79766377811954925       0.11343009467992804       0.59233952315871363     
       1100                  1747                  1747             1.2071720E-01         1.0000000E+30               612       
 NEXT SEEDS: 95D2CB4       9       0       0       0       0      16    3039       0       0
       1150                  1697                  1697             1.1923493E-01         1.0000000E+30               623       
 NEXT SEEDS: C76D666       9       0       0       0       0      16    3039       0       0
       1200                  1647                  1647             1.2040293E-01         1.0000000E+30               624       
 NEXT SEEDS:11C51311       9       0       0       0       0      16    3039       0       0
  Comptn_2: TXYZ:   1.0000000000012197       U,V,W  0.27776103934708374       0.83702832873281363      -0.47141529665550763     
       1250                  1597                  1597             1.2141726E-01         1.0000000E+30               634       
 NEXT SEEDS:16FE7E43       9       0       0       0       0      16    3039       0       0
       1300                  1547                  1547             1.2170405E-01         1.0000000E+30               653       
 NEXT SEEDS:1B93A020       9       0       0       0       0      16    3039       0       0
  *** Kaon: P_min > 1.5 GeV/c:           15   3.7968417361450904     
  *** Kbar: P_min > 1.8 GeV/c:           16   2.0268319979513278     
  *** Kbar: P_min > 1.8 GeV/c:           16   1.9302181156391967     
  *** Kaon: P_min > 1.5 GeV/c:           15   3.0411178463163049     
  *** Kaon: P_min > 1.5 GeV/c:           15   2.9583555831628927     
  *** Kaon: P_min > 1.5 GeV/c:           15   3.4050561277199667     
  *** Kaon: P_min > 1.5 GeV/c:           15   2.5125503833324667     
  *** Kaon: P_min > 1.5 GeV/c:           15   3.0104101599559647     
  *** Kaon: P_min > 1.5 GeV/c:           15   2.4469049074130469     
  *** Kaon: P_min > 1.5 GeV/c:           15   2.2548635617828698     
  *** Kaon: P_min > 1.5 GeV/c:           15   2.0698705136036586     
  *** Kaon: P_min > 1.5 GeV/c:           15   2.7169125208372482     
  *** Kaon: P_min > 1.5 GeV/c:           15   2.2372668166480540     
  *** Kaon: P_min > 1.5 GeV/c:           15   3.1507607652936329     
  Comptn_2: TXYZ:  0.99999999999667355       U,V,W -0.91867739738561482       0.35622568855470149      -0.17069006515669116     
       1350                  1497                  1497             1.2595494E-01         1.0000000E+30              1716       
 NEXT SEEDS:23EAB0A5       9       0       0       0       0      16    3039       0       0
  Comptn_2: TXYZ:   1.0000000000029934       U,V,W -0.31512726505981448      -0.62053223111544753      -0.71807698540323628     
       1400                  1447                  1447             1.2621326E-01         1.0000000E+30              1724       
 NEXT SEEDS:28AFF689       9       0       0       0       0      16    3039       0       0
       1450                  1397                  1397             1.2452617E-01         1.0000000E+30              1728       
 NEXT SEEDS:2B6DAF09       9       0       0       0       0      16    3039       0       0
       1500                  1347                  1347             1.2269052E-01         1.0000000E+30              1856       
 NEXT SEEDS:2DE8EAB6       9       0       0       0       0      16    3039       0       0
  Comptn_2: TXYZ:  0.99999999999898082       U,V,W -0.83440762693085802       0.30228458338206110      -0.46085566370408060     
       1550                  1297                  1297             1.2162847E-01         1.0000000E+30              1864       
 NEXT SEEDS:311EF0F1       9       0       0       0       0      16    3039       0       0
  Comptn_2: TXYZ:  0.99999999999844547       U,V,W  0.52645734924796983       0.55289066915638685      -0.64587504006661334     
  Comptn_2: TXYZ:  0.99999999999883615       U,V,W -0.46405251395709318      -0.18142055419549763      -0.86703047628346752     
       1600                  1247                  1247             1.2263264E-01         1.0000000E+30              1874       
 NEXT SEEDS:36A5C27B       9       0       0       0       0      16    3039       0       0
       1650                  1197                  1197             1.2151437E-01         1.0000000E+30              1886       
 NEXT SEEDS:39B49E65       9       0       0       0       0      16    3039       0       0
       1700                  1147                  1147             1.2155735E-01         1.0000000E+30              1890       
 NEXT SEEDS: 28C4BFD       A       0       0       0       0      16    3039       0       0
       1750                  1097                  1097             1.2050222E-01         1.0000000E+30              1895       
 NEXT SEEDS: 596E870       A       0       0       0       0      16    3039       0       0
       1800                  1047                  1047             1.1960921E-01         1.0000000E+30              1898       
 NEXT SEEDS: 8BFC7F8       A       0       0       0       0      16    3039       0       0
  Comptn_2: TXYZ:   1.0000000000014369       U,V,W -0.85885360743430184       0.17466624542302611       0.48152069914838158     
  Comptn_2: TXYZ:  0.99999999999821809       U,V,W  -9.0979552261519103E-002 -0.20009447421715265       0.97554339855091676     
       1850                   997                   997             1.2029128E-01         1.0000000E+30              1898       
 NEXT SEEDS: DFC304A       A       0       0       0       0      16    3039       0       0
  Comptn_2: TXYZ:   1.0000000000016247       U,V,W  0.21937958698211180      -0.10857368096047537       0.96957947204954564     
       1900                   947                   947             1.1842757E-01         1.0000000E+30              1902       
 NEXT SEEDS: FC20B01       A       0       0       0       0      16    3039       0       0
  Comptn_2: TXYZ:  0.99999999999588818       U,V,W  0.98662075129127835      -0.13270610204421018        9.4702606075827589E-002
       1950                   897                   897             1.1874274E-01         1.0000000E+30              1911       
 NEXT SEEDS:1467151E       A       0       0       0       0      16    3039       0       0
       2000                   847                   847             1.1789884E-01         1.0000000E+30              1928       
 NEXT SEEDS:17701466       A       0       0       0       0      16    3039       0       0
       2050                   797                   797             1.1739156E-01         1.0000000E+30              1947       
 NEXT SEEDS:1AF1DB9E       A       0       0       0       0      16    3039       0       0
  Comptn_2: TXYZ:  0.99999999999844225       U,V,W -0.31599704373845583      -0.84693999633243777       0.42759620082433969     
       2100                   747                   747             1.2039953E-01         1.0000000E+30              2210       
 NEXT SEEDS:23A07A65       A       0       0       0       0      16    3039       0       0
       2150                   697                   697             1.1923843E-01         1.0000000E+30              2211       
 NEXT SEEDS:26307214       A       0       0       0       0      16    3039       0       0
  Comptn_2: TXYZ:   1.0000000000022142       U,V,W -0.99635882562554645       -8.4240384865424289E-002  -1.3139564605472831E-002
       2200                   647                   647             1.2116298E-01         1.0000000E+30              2230       
 NEXT SEEDS:2D808598       A       0       0       0       0      16    3039       0       0
  Comptn_2: TXYZ:  0.99999999986515475       U,V,W  0.89893182306121133       0.39153901595125262       0.19651660576380436     
       2250                   597                   597             1.2030306E-01         1.0000000E+30              2234       
 NEXT SEEDS:3077E8A7       A       0       0       0       0      16    3039       0       0
  Comptn_2: TXYZ:  0.99999999999721578       U,V,W  -4.8514818261338633E-002 -0.44199234022631373       0.89570591356066842     
       2300                   547                   547             1.2052064E-01         1.0000000E+30              2235       
 NEXT SEEDS:351DA7F4       A       0       0       0       0      16    3039       0       0
       2350                   497                   497             1.2154841E-01         1.0000000E+30              2420       
 NEXT SEEDS:3B04EEFB       A       0       0       0       0      16    3039       0       0
       2400                   447                   447             1.2059874E-01         1.0000000E+30              2457       
 NEXT SEEDS: 22711FE       B       0       0       0       0      16    3039       0       0
  Comptn_2: TXYZ:  0.99999999999875455       U,V,W -0.51190140780468241      -0.77777051854536694       0.36473273662780770     
       2450                   397                   397             1.2037786E-01         1.0000000E+30              2459       
 NEXT SEEDS: 602FA34       B       0       0       0       0      16    3039       0       0
       2500                   347                   347             1.1979612E-01         1.0000000E+30              2462       
 NEXT SEEDS: 94B9A60       B       0       0       0       0      16    3039       0       0
       2550                   297                   297             1.2050885E-01         1.0000000E+30              2465       
 NEXT SEEDS: EEF9909       B       0       0       0       0      16    3039       0       0
       2600                   247                   247             1.2111637E-01         1.0000000E+30              2540       
 NEXT SEEDS:1498D1EC       B       0       0       0       0      16    3039       0       0
  *** Hhflev: call to Hadriv !! ***  0.77631053518695736        3.5000000000000000        1.5427158747605338               13 T F T
       2650                   197                   197             1.2121559E-01         1.0000000E+30              2586       
 NEXT SEEDS:19309D6B       B       0       0       0       0      16    3039       0       0
  Comptn_2: TXYZ:   1.0000000000019993       U,V,W -0.24344474503016045       0.69848921199077907       0.67293943029941405     
  Comptn_2: TXYZ:  0.99999999997534106       U,V,W -0.38665222248988584       0.12465393978561679      -0.91376225251150345     
  *** Hhflev: call to Hadriv !! ***   1.0765793569815545        5.0000000000000000        2.1072591844935609                1 T F T
  Comptn_2: TXYZ:  0.99999999999876210       U,V,W -0.30879467032250141      -0.14068173376841742      -0.94066705127961825     
       2700                   147                   147             1.2273562E-01         1.0000000E+30              4078       
 NEXT SEEDS:207703F5       B       0       0       0       0      16    3039       0       0
       2750                    97                    97             1.2324078E-01         1.0000000E+30              4116       
 NEXT SEEDS:25F2C26B       B       0       0       0       0      16    3039       0       0
       2797                    50                    50             1.2271275E-01         1.0000000E+30              4117       
 NEXT SEEDS:29213721       B       0       0       0       0      16    3039       0       0
       2798                    49                    49             1.2269619E-01         1.0000000E+30              4117       
 NEXT SEEDS:292F49E9       B       0       0       0       0      16    3039       0       0
       2799                    48                    48             1.2265240E-01         1.0000000E+30              4117       
 NEXT SEEDS:292F49ED       B       0       0       0       0      16    3039       0       0
       2800                    47                    47             1.2276175E-01         1.0000000E+30              4117       
 NEXT SEEDS:29802014       B       0       0       0       0      16    3039       0       0
       2801                    46                    46             1.2273592E-01         1.0000000E+30              4117       
 NEXT SEEDS:2989FC26       B       0       0       0       0      16    3039       0       0
       2802                    45                    45             1.2269216E-01         1.0000000E+30              4117       
 NEXT SEEDS:2989FC2A       B       0       0       0       0      16    3039       0       0
       2803                    44                    44             1.2269290E-01         1.0000000E+30              4117       
 NEXT SEEDS:29A1567A       B       0       0       0       0      16    3039       0       0
       2804                    43                    43             1.2266504E-01         1.0000000E+30              4118       
 NEXT SEEDS:29A9C4CA       B       0       0       0       0      16    3039       0       0
       2805                    42                    42             1.2265206E-01         1.0000000E+30              4121       
 NEXT SEEDS:29B9D9A7       B       0       0       0       0      16    3039       0       0
       2806                    41                    41             1.2262175E-01         1.0000000E+30              4121       
 NEXT SEEDS:29C1197C       B       0       0       0       0      16    3039       0       0
       2807                    40                    40             1.2257811E-01         1.0000000E+30              4121       
 NEXT SEEDS:29C11980       B       0       0       0       0      16    3039       0       0
       2808                    39                    39             1.2259171E-01         1.0000000E+30              4121       
 NEXT SEEDS:29DF4D9F       B       0       0       0       0      16    3039       0       0
       2809                    38                    38             1.2254811E-01         1.0000000E+30              4121       
 NEXT SEEDS:29DF4DA3       B       0       0       0       0      16    3039       0       0
       2810                    37                    37             1.2250453E-01         1.0000000E+30              4121       
 NEXT SEEDS:29DF4DA7       B       0       0       0       0      16    3039       0       0
       2811                    36                    36             1.2246099E-01         1.0000000E+30              4121       
 NEXT SEEDS:29DF4DAB       B       0       0       0       0      16    3039       0       0
       2812                    35                    35             1.2241748E-01         1.0000000E+30              4121       
 NEXT SEEDS:29DF4DAF       B       0       0       0       0      16    3039       0       0
       2813                    34                    34             1.2244213E-01         1.0000000E+30              4122       
 NEXT SEEDS:2A029BE6       B       0       0       0       0      16    3039       0       0
       2814                    33                    33             1.2239866E-01         1.0000000E+30              4122       
 NEXT SEEDS:2A029BEA       B       0       0       0       0      16    3039       0       0
       2815                    32                    32             1.2241437E-01         1.0000000E+30              4122       
 NEXT SEEDS:2A21A04B       B       0       0       0       0      16    3039       0       0
       2816                    31                    31             1.2237096E-01         1.0000000E+30              4122       
 NEXT SEEDS:2A21A04F       B       0       0       0       0      16    3039       0       0
       2817                    30                    30             1.2233951E-01         1.0000000E+30              4122       
 NEXT SEEDS:2A28171B       B       0       0       0       0      16    3039       0       0
       2818                    29                    29             1.2234489E-01         1.0000000E+30              4122       
 NEXT SEEDS:2A42E148       B       0       0       0       0      16    3039       0       0
       2819                    28                    28             1.2230154E-01         1.0000000E+30              4122       
 NEXT SEEDS:2A42E14C       B       0       0       0       0      16    3039       0       0
       2820                    27                    27             1.2227860E-01         1.0000000E+30              4122       
 NEXT SEEDS:2A4D9F76       B       0       0       0       0      16    3039       0       0
       2821                    26                    26             1.2225226E-01         1.0000000E+30              4122       
 NEXT SEEDS:2A56169B       B       0       0       0       0      16    3039       0       0
       2822                    25                    25             1.2222894E-01         1.0000000E+30              4123       
 NEXT SEEDS:2A6082B0       B       0       0       0       0      16    3039       0       0
       2823                    24                    24             1.2222785E-01         1.0000000E+30              4123       
 NEXT SEEDS:2A76CCED       B       0       0       0       0      16    3039       0       0
       2824                    23                    23             1.2222381E-01         1.0000000E+30              4123       
 NEXT SEEDS:2A8B5890       B       0       0       0       0      16    3039       0       0
       2825                    22                    22             1.2219586E-01         1.0000000E+30              4123       
 NEXT SEEDS:2A938C2F       B       0       0       0       0      16    3039       0       0
       2826                    21                    21             1.2215265E-01         1.0000000E+30              4123       
 NEXT SEEDS:2A938C33       B       0       0       0       0      16    3039       0       0
       2827                    20                    20             1.2215200E-01         1.0000000E+30              4126       
 NEXT SEEDS:2AA9F34C       B       0       0       0       0      16    3039       0       0
       2828                    19                    19             1.2212369E-01         1.0000000E+30              4126       
 NEXT SEEDS:2AB23232       B       0       0       0       0      16    3039       0       0
       2829                    18                    18             1.2209825E-01         1.0000000E+30              4126       
 NEXT SEEDS:2ABC0A79       B       0       0       0       0      16    3039       0       0
       2830                    17                    17             1.2205515E-01         1.0000000E+30              4126       
 NEXT SEEDS:2ABC0A7D       B       0       0       0       0      16    3039       0       0
       2831                    16                    16             1.2201207E-01         1.0000000E+30              4126       
 NEXT SEEDS:2ABC0A81       B       0       0       0       0      16    3039       0       0
       2832                    15                    15             1.2200328E-01         1.0000000E+30              4126       
 NEXT SEEDS:2ACE50E3       B       0       0       0       0      16    3039       0       0
       2833                    14                    14             1.2199646E-01         1.0000000E+30              4126       
 NEXT SEEDS:2AE17B9F       B       0       0       0       0      16    3039       0       0
       2834                    13                    13             1.2198455E-01         1.0000000E+30              4126       
 NEXT SEEDS:2AF1F3F8       B       0       0       0       0      16    3039       0       0
       2835                    12                    12             1.2194157E-01         1.0000000E+30              4126       
 NEXT SEEDS:2AF1F3FC       B       0       0       0       0      16    3039       0       0
       2836                    11                    11             1.2194991E-01         1.0000000E+30              4126       
 NEXT SEEDS:2B0D1E9F       B       0       0       0       0      16    3039       0       0
       2837                    10                    10             1.2190697E-01         1.0000000E+30              4126       
 NEXT SEEDS:2B0D1EA3       B       0       0       0       0      16    3039       0       0
       2838                     9                     9             1.2203955E-01         1.0000000E+30              4127       
 NEXT SEEDS:2B653408       B       0       0       0       0      16    3039       0       0
       2839                     8                     8             1.2199661E-01         1.0000000E+30              4127       
 NEXT SEEDS:2B65340C       B       0       0       0       0      16    3039       0       0
       2840                     7                     7             1.2205476E-01         1.0000000E+30              4127       
 NEXT SEEDS:2B99FD7D       B       0       0       0       0      16    3039       0       0
       2841                     6                     6             1.2202193E-01         1.0000000E+30              4127       
 NEXT SEEDS:2B9F7717       B       0       0       0       0      16    3039       0       0
       2842                     5                     5             1.2199646E-01         1.0000000E+30              4127       
 NEXT SEEDS:2BA8BCA1       B       0       0       0       0      16    3039       0       0
       2843                     4                     4             1.2195359E-01         1.0000000E+30              4127       
 NEXT SEEDS:2BA8BCA5       B       0       0       0       0      16    3039       0       0
       2844                     3                     3             1.2194564E-01         1.0000000E+30              4127       
 NEXT SEEDS:2BBC676E       B       0       0       0       0      16    3039       0       0
       2845                     2                     2             1.2190282E-01         1.0000000E+30              4127       
 NEXT SEEDS:2BBC6772       B       0       0       0       0      16    3039       0       0
       2846                     1                     1             1.2186828E-01         1.0000000E+30              4128       
 NEXT SEEDS:2BC11CDB       B       0       0       0       0      16    3039       0       0
       2847                     0                     1             1.2184456E-01         1.0000000E+30              4128       
 NEXT SEEDS:2BCBC2FC       B       0       0       0       0      16    3039       0       0
