  *** dp/dx:d,imat,ztar,ij,po,eo  -1.5055915680273202E-004          26   3.3731000000000000               51   3.2012281600134256        3.9330178924666668       ***
  ***       x,xoster,ccster,d0ster  0.14644943089884088       0.14640000000000000       -3.1997000000000000        0.0000000000000000       ***
  *** dp/dx:d,imat,ztar,ij,po,eo  -1.5055915680273202E-004          26   3.3731000000000000               57   3.2012281600134256        3.9330178924666668       ***
  ***       x,xoster,ccster,d0ster  0.14644943089884088       0.14640000000000000       -3.1997000000000000        0.0000000000000000       ***
1NUMBER OF BEAM       NUMBER OF BEAM        APPROXIMATE NUMBER    AVERAGE TIME USED     TIME LEFT (RESERVED   NUMBER OF STARS
 PARTICLES HANDLED    PARTICLES LEFT        OF BEAM PARTICLES     BY A BEAM PARTICLE     10000.0 SECONDS      CREATED
                                            THAT CAN STILL BE                           FOR PRINTOUT)
                                            HANDLED

 NEXT SEEDS:       0       0       0       0       0       0   181CD    3039       0       0
  *** Kaon: P_min > 1.5 GeV/c:           15   4.1046040918923214     
  *** Kaon: P_min > 1.5 GeV/c:           15   4.0901913881948486     
  *** Kaon: P_min > 1.5 GeV/c:           15   4.7036342614172959     
  *** Kaon: P_min > 1.5 GeV/c:           15   3.2859629194044691     
          1                  9999                  9999             3.9355993E-02         1.0000000E+30                 5       
 NEXT SEEDS:   60C88       0       0       0       0       0   181CD    3039       0       0
  *** Kbar: P_min > 1.8 GeV/c:           16   115.92470371065126     
  *** Kaon: P_min > 1.5 GeV/c:           24   41.456596011959519     
  *** Kaon: P_min > 1.5 GeV/c:           24   41.455431133858596     
  *** Kaon: P_min > 1.5 GeV/c:           24   44.910034791797266     
  *** Kaon: P_min > 1.5 GeV/c:           24   13.749964146514221     
  *** Kaon: P_min > 1.5 GeV/c:           24   17.857919680579137     
  *** Kaon: P_min > 1.5 GeV/c:           15   4.5127674871635497     
  *** Kaon: P_min > 1.5 GeV/c:           15   6.2040721585030258     
  *** Kaon: P_min > 1.5 GeV/c:           15   4.7618787620570524     
  *** Kaon: P_min > 1.5 GeV/c:           15   4.9396429676731106     
  *** Kbar: P_min > 1.8 GeV/c:           25   4.4957131644992359     
  *** Kbar: P_min > 1.8 GeV/c:           25   4.6705654211022107     
  *** Kaon: P_min > 1.5 GeV/c:           15   3.9439276893596165     
  *** Kbar: P_min > 1.8 GeV/c:           16   3.6667917817125693     
  *** Kaon: P_min > 1.5 GeV/c:           15   11.570006138033849     
  *** Kaon: P_min > 1.5 GeV/c:           15   46.306191258185294     
  *** Hhflev: call to Hadriv !! ***   1.1585465434397832        5.0000000000000000        2.1359496010224697                8 T F T
  Comptn_2: TXYZ:  0.99999999999853972       U,V,W  0.21819469849913276       0.22602258293188093      -0.94937077348642518     
  *** Hhflev: call to Hadriv !! ***  0.84178127769108912        5.0000000000000000        2.0323374773897731                8 T F T
  *** Hhflev: call to Hadriv !! ***  0.84178127769108912        5.0000000000000000        2.0323374773897731                8 T F T
  *** Hhflev: call to Hadriv !! ***  0.84178127769108912        5.0000000000000000        2.0323374773897731                8 T F T
  *** Hhflev: call to Hadriv !! ***  0.84178127769108912        5.0000000000000000        2.0323374773897731                8 T F T
  *** Hhflev: call to Hadriv !! ***  0.84178127769108912        5.0000000000000000        2.0323374773897731                8 T F T
  *** Hhflev: call to Hadriv !! ***  0.84178127769108912        5.0000000000000000        2.0323374773897731                8 T F T
  *** Hhflev: call to Hadriv !! ***  0.84178127769108912        5.0000000000000000        2.0323374773897731                8 T F T
  *** Hhflev: call to Hadriv !! ***  0.84178127769108912        5.0000000000000000        2.0323374773897731                8 T F T
  *** Hhflev: call to Hadriv !! ***  0.84178127769108912        5.0000000000000000        2.0323374773897731                8 T F T
  Comptn_2: TXYZ:  0.99999999999822209       U,V,W -0.61440297841386560      -0.15496149503871948      -0.77362517744044368     
        200                  9800                  9800             8.3833660E-02         1.0000000E+30              3091       
 NEXT SEEDS: A958C12       0       0       0       0       0   181CD    3039       0       0
        400                  9600                  9600             8.6264130E-02         1.0000000E+30              6073       
 NEXT SEEDS:1555A2DD       0       0       0       0       0   181CD    3039       0       0
        600                  9400                  9400             8.4069981E-02         1.0000000E+30              8901       
 NEXT SEEDS:1F19B682       0       0       0       0       0   181CD    3039       0       0
        800                  9200                  9200             8.3003357E-02         1.0000000E+30             11780       
 NEXT SEEDS:28E3515D       0       0       0       0       0   181CD    3039       0       0
  Comptn_2: TXYZ:  0.99999999999848921       U,V,W  0.67331271719008612      -0.65989819007457129       0.33344319396997335     
       1000                  9000                  9000             8.3934813E-02         1.0000000E+30             14986       
 NEXT SEEDS:33AB1B1D       0       0       0       0       0   181CD    3039       0       0
       1200                  8800                  8800             8.5291461E-02         1.0000000E+30             18043       
 NEXT SEEDS: 356B9C7       1       0       0       0       0   181CD    3039       0       0
       1400                  8600                  8600             8.5454673E-02         1.0000000E+30             20934       
 NEXT SEEDS: E014B14       1       0       0       0       0   181CD    3039       0       0
       1600                  8400                  8400             8.4825534E-02         1.0000000E+30             23772       
 NEXT SEEDS:1815A2A1       1       0       0       0       0   181CD    3039       0       0
       1800                  8200                  8200             8.4285235E-02         1.0000000E+30             26838       
 NEXT SEEDS:21F67D59       1       0       0       0       0   181CD    3039       0       0
  Comptn_2: TXYZ:  0.99999999999666289       U,V,W  0.81052958478932879      -0.33965354849559048       0.47715538262944790     
  Comptn_2: TXYZ:  0.99999999999633360       U,V,W  -5.3188952038041748E-002  0.34817832651194180      -0.93591815257786948     
       2000                  8000                  8000             8.4630889E-02         1.0000000E+30             29937       
 NEXT SEEDS:2CB8E974       1       0       0       0       0   181CD    3039       0       0
       2200                  7800                  7800             8.4726950E-02         1.0000000E+30             32866       
 NEXT SEEDS:37495F17       1       0       0       0       0   181CD    3039       0       0
  Comptn_2: TXYZ:  0.99999999999814326       U,V,W  0.91376964664135230       0.33101360938933766       0.23548890265599454     
       2400                  7600                  7600             8.5381450E-02         1.0000000E+30             35747       
 NEXT SEEDS: 6CEFBB5       2       0       0       0       0   181CD    3039       0       0
       2600                  7400                  7400             8.5144512E-02         1.0000000E+30             38645       
 NEXT SEEDS:10D95869       2       0       0       0       0   181CD    3039       0       0
       2800                  7200                  7200             8.5731479E-02         1.0000000E+30             41596       
 NEXT SEEDS:1C32BF88       2       0       0       0       0   181CD    3039       0       0
  Comptn_2: TXYZ:   1.0000000000026774       U,V,W -0.31670903979688347      -0.52883802313571238       0.78741712541671660     
       3000                  7000                  7000             8.5267461E-02         1.0000000E+30             44512       
 NEXT SEEDS:25D2BE89       2       0       0       0       0   181CD    3039       0       0
       3200                  6800                  6800             8.5061850E-02         1.0000000E+30             47213       
 NEXT SEEDS:2FC6186D       2       0       0       0       0   181CD    3039       0       0
       3400                  6600                  6600             8.4694308E-02         1.0000000E+30             50362       
 NEXT SEEDS:3988C53A       2       0       0       0       0   181CD    3039       0       0
  Comptn_2: TXYZ:   1.0000000000010829       U,V,W -0.38912223815769664       0.59334677883646236      -0.70464422499345147     
       3600                  6400                  6400             8.4313952E-02         1.0000000E+30             53175       
 NEXT SEEDS: 774F635       3       0       0       0       0   181CD    3039       0       0
       3800                  6200                  6200             8.4320321E-02         1.0000000E+30             56078       
 NEXT SEEDS:11D73DAE       3       0       0       0       0   181CD    3039       0       0
       4000                  6000                  6000             8.4652363E-02         1.0000000E+30             59275       
 NEXT SEEDS:1D109339       3       0       0       0       0   181CD    3039       0       0
  Comptn_2: TXYZ:   1.0000000000093872       U,V,W  0.77989919743647818      -0.45329983141751740      -0.43159761895100246     
  Comptn_2: TXYZ:   1.0000000000022844       U,V,W -0.99788799918195714       -5.1599776924362573E-002   3.9458891422222919E-002
       4200                  5800                  5800             8.4968781E-02         1.0000000E+30             62286       
 NEXT SEEDS:283151F1       3       0       0       0       0   181CD    3039       0       0
  Comptn_2: TXYZ:   1.0000000000087188       U,V,W -0.54561961874574649       0.31259433283061977      -0.77755000786486050     
       4400                  5600                  5600             8.5185176E-02         1.0000000E+30             65263       
 NEXT SEEDS:332B6860       3       0       0       0       0   181CD    3039       0       0
  Comptn_2: TXYZ:   1.0000000000081843       U,V,W -0.27162457307142063        8.5021894304517787E-002  0.95864037511510247     
       4600                  5400                  5400             8.5077670E-02         1.0000000E+30             68201       
 NEXT SEEDS: 188E0BF       4       0       0       0       0   181CD    3039       0       0
  Comptn_2: TXYZ:  0.99999999999865385       U,V,W -0.82501448223345264       0.55634699269543120        9.9141957931401237E-002
  Comptn_2: TXYZ:   1.0000000000022453       U,V,W  0.35149238256202864       0.55373783836032686      -0.75486920149860826     
  Comptn_2: TXYZ:  0.99999999999827383       U,V,W  -7.6759923099650962E-002  -6.6945517726821890E-002  0.99479958376564337     
       4800                  5200                  5200             8.4990733E-02         1.0000000E+30             71003       
 NEXT SEEDS: BA16FED       4       0       0       0       0   181CD    3039       0       0
  Comptn_2: TXYZ:   1.0000000000019102       U,V,W  0.13793971787937664      -0.97989556121656207       0.14414341241051210     
       5000                  5000                  5000             8.4955008E-02         1.0000000E+30             73740       
 NEXT SEEDS:15C9AB6F       4       0       0       0       0   181CD    3039       0       0
       5200                  4800                  4800             8.5196372E-02         1.0000000E+30             76830       
 NEXT SEEDS:20D12840       4       0       0       0       0   181CD    3039       0       0
  Comptn_2: TXYZ:   1.0000000000014562       U,V,W  0.32893056884257987       0.92350452828707663       0.19734251218532961     
       5400                  4600                  4600             8.5158604E-02         1.0000000E+30             80153       
 NEXT SEEDS:2B27F464       4       0       0       0       0   181CD    3039       0       0
       5600                  4400                  4400             8.5052842E-02         1.0000000E+30             82963       
 NEXT SEEDS:3530BEB0       4       0       0       0       0   181CD    3039       0       0
       5800                  4200                  4200             8.5202081E-02         1.0000000E+30             85935       
 NEXT SEEDS: 4858676       5       0       0       0       0   181CD    3039       0       0
       6000                  4000                  4000             8.5047879E-02         1.0000000E+30             88665       
 NEXT SEEDS: E66EAC9       5       0       0       0       0   181CD    3039       0       0
       6200                  3800                  3800             8.5042427E-02         1.0000000E+30             91811       
 NEXT SEEDS:18D7AD63       5       0       0       0       0   181CD    3039       0       0
       6400                  3600                  3600             8.5019920E-02         1.0000000E+30             94905       
 NEXT SEEDS:2335CA4D       5       0       0       0       0   181CD    3039       0       0
       6600                  3400                  3400             8.5055743E-02         1.0000000E+30             97833       
 NEXT SEEDS:2DBE1D63       5       0       0       0       0   181CD    3039       0       0
  Comptn_2: TXYZ:   1.0000000000010962       U,V,W -0.73097105298654697       0.54864885180237977      -0.40579028710993725     
       6800                  3200                  3200             8.5084810E-02         1.0000000E+30            100793       
 NEXT SEEDS:384C49EA       5       0       0       0       0   181CD    3039       0       0
       7000                  3000                  3000             8.5205154E-02         1.0000000E+30            103949       
 NEXT SEEDS: 78C4240       6       0       0       0       0   181CD    3039       0       0
  Comptn_2: TXYZ:   1.0000000000057212       U,V,W -0.58343617652236901       0.24839438326806373       0.77324152649192257     
       7200                  2800                  2800             8.5183196E-02         1.0000000E+30            106703       
 NEXT SEEDS:11D81E65       6       0       0       0       0   181CD    3039       0       0
       7400                  2600                  2600             8.5151060E-02         1.0000000E+30            109615       
 NEXT SEEDS:1C35AFA0       6       0       0       0       0   181CD    3039       0       0
  Comptn_2: TXYZ:   1.0000000000013305       U,V,W -0.18057190146528512       0.51547977114024945      -0.83766007064186709     
  Comptn_2: TXYZ:  0.99999999999671041       U,V,W  0.95070907916210601      -0.23368673420122121       0.20382040391928058     
       7600                  2400                  2400             8.5272030E-02         1.0000000E+30            112863       
 NEXT SEEDS:27317FC2       6       0       0       0       0   181CD    3039       0       0
  Comptn_2: TXYZ:  0.99999999999834255       U,V,W -0.99479432245329225        2.5746073611893738E-002   9.8597138430122300E-002
       7800                  2200                  2200             8.5203331E-02         1.0000000E+30            115946       
 NEXT SEEDS:31633A88       6       0       0       0       0   181CD    3039       0       0
  Comptn_2: TXYZ:  0.99999999998302802       U,V,W  0.36284426834879469       0.47225140481174321       0.80331976669492633     
  Comptn_2: TXYZ:  0.99999999999831202       U,V,W  0.49398150739637003      -0.30878472779143173      -0.81279410814270392     
       8000                  2000                  2000             8.5176054E-02         1.0000000E+30            119043       
 NEXT SEEDS:  3E4FAE       7       0       0       0       0   181CD    3039       0       0
  Comptn_2: TXYZ:  0.99999999999895950       U,V,W -0.88977216624863686       -1.3519051689867112E-002  0.45620469902180361     
       8200                  1800                  1800             8.5089839E-02         1.0000000E+30            121691       
 NEXT SEEDS: A596571       7       0       0       0       0   181CD    3039       0       0
       8400                  1600                  1600             8.5216767E-02         1.0000000E+30            124766       
 NEXT SEEDS:15571981       7       0       0       0       0   181CD    3039       0       0
       8600                  1400                  1400             8.5337352E-02         1.0000000E+30            127708       
 NEXT SEEDS:2062215D       7       0       0       0       0   181CD    3039       0       0
       8800                  1200                  1200             8.5319843E-02         1.0000000E+30            131019       
 NEXT SEEDS:2B12C106       7       0       0       0       0   181CD    3039       0       0
       9000                  1000                  1000             8.5250358E-02         1.0000000E+30            133901       
 NEXT SEEDS:357F2282       7       0       0       0       0   181CD    3039       0       0
       9200                   800                   800             8.5190561E-02         1.0000000E+30            136801       
 NEXT SEEDS: 4495BBA       8       0       0       0       0   181CD    3039       0       0
  Comptn_2: TXYZ:  0.99999999997748068       U,V,W -0.71116117463589035       0.40138417322930309       0.57718327171619421     
       9400                   600                   600             8.5195395E-02         1.0000000E+30            139892       
 NEXT SEEDS: F0C9549       8       0       0       0       0   181CD    3039       0       0
  Comptn_2: TXYZ:  0.99999999999055811       U,V,W  0.76853218284256286      -0.61324026039857671      -0.18246826286258511     
  *** Umfnst:amsq,np0,np,kpart  -1.4748042311275688E-017           0           1           7
       9600                   400                   400             8.5199850E-02         1.0000000E+30            143114       
 NEXT SEEDS:19C31406       8       0       0       0       0   181CD    3039       0       0
       9800                   200                   200             8.5216810E-02         1.0000000E+30            146053       
 NEXT SEEDS:2480ACF6       8       0       0       0       0   181CD    3039       0       0
  Comptn_2: TXYZ:  0.99999999999889710       U,V,W -0.34108882040764898      -0.29652176883601555      -0.89203882045467964     
       9950                    50                    50             8.5116671E-02         1.0000000E+30            148178       
 NEXT SEEDS:2BE4670D       8       0       0       0       0   181CD    3039       0       0
       9951                    49                    49             8.5127229E-02         1.0000000E+30            148204       
 NEXT SEEDS:2C0376BE       8       0       0       0       0   181CD    3039       0       0
       9952                    48                    48             8.5122601E-02         1.0000000E+30            148208       
 NEXT SEEDS:2C099125       8       0       0       0       0   181CD    3039       0       0
       9953                    47                    47             8.5116814E-02         1.0000000E+30            148211       
 NEXT SEEDS:2C0DB65A       8       0       0       0       0   181CD    3039       0       0
       9954                    46                    46             8.5115204E-02         1.0000000E+30            148223       
 NEXT SEEDS:2C18D052       8       0       0       0       0   181CD    3039       0       0
       9955                    45                    45             8.5110369E-02         1.0000000E+30            148232       
 NEXT SEEDS:2C1DEBFF       8       0       0       0       0   181CD    3039       0       0
       9956                    44                    44             8.5108681E-02         1.0000000E+30            148258       
 NEXT SEEDS:2C295748       8       0       0       0       0   181CD    3039       0       0
       9957                    43                    43             8.5105797E-02         1.0000000E+30            148285       
 NEXT SEEDS:2C33B713       8       0       0       0       0   181CD    3039       0       0
       9958                    42                    42             8.5105605E-02         1.0000000E+30            148301       
 NEXT SEEDS:2C40744D       8       0       0       0       0   181CD    3039       0       0
       9959                    41                    41             8.5098702E-02         1.0000000E+30            148311       
 NEXT SEEDS:2C4304E9       8       0       0       0       0   181CD    3039       0       0
       9960                    40                    40             8.5103345E-02         1.0000000E+30            148322       
 NEXT SEEDS:2C5758D0       8       0       0       0       0   181CD    3039       0       0
       9961                    39                    39             8.5105279E-02         1.0000000E+30            148353       
 NEXT SEEDS:2C68815B       8       0       0       0       0   181CD    3039       0       0
       9962                    38                    38             8.5114204E-02         1.0000000E+30            148427       
 NEXT SEEDS:2C85CCCA       8       0       0       0       0   181CD    3039       0       0
       9963                    37                    37             8.5108203E-02         1.0000000E+30            148442       
 NEXT SEEDS:2C8A3897       8       0       0       0       0   181CD    3039       0       0
       9964                    36                    36             8.5111153E-02         1.0000000E+30            148444       
 NEXT SEEDS:2C9C6DB9       8       0       0       0       0   181CD    3039       0       0
       9965                    35                    35             8.5105993E-02         1.0000000E+30            148448       
 NEXT SEEDS:2CA1A3B0       8       0       0       0       0   181CD    3039       0       0
       9966                    34                    34             8.5109543E-02         1.0000000E+30            148480       
 NEXT SEEDS:2CB4B781       8       0       0       0       0   181CD    3039       0       0
       9967                    33                    33             8.5105021E-02         1.0000000E+30            148485       
 NEXT SEEDS:2CBB042A       8       0       0       0       0   181CD    3039       0       0
       9968                    32                    32             8.5105570E-02         1.0000000E+30            148500       
 NEXT SEEDS:2CC9B5BD       8       0       0       0       0   181CD    3039       0       0
       9969                    31                    31             8.5102757E-02         1.0000000E+30            148519       
 NEXT SEEDS:2CD33D6B       8       0       0       0       0   181CD    3039       0       0
       9970                    30                    30             8.5110071E-02         1.0000000E+30            148531       
 NEXT SEEDS:2CEC2154       8       0       0       0       0   181CD    3039       0       0
       9971                    29                    29             8.5112982E-02         1.0000000E+30            148542       
 NEXT SEEDS:2CFEA5E6       8       0       0       0       0   181CD    3039       0       0
       9972                    28                    28             8.5118616E-02         1.0000000E+30            148562       
 NEXT SEEDS:2D15C235       8       0       0       0       0   181CD    3039       0       0
       9973                    27                    27             8.5118564E-02         1.0000000E+30            148584       
 NEXT SEEDS:2D24DF9A       8       0       0       0       0   181CD    3039       0       0
       9974                    26                    26             8.5119613E-02         1.0000000E+30            148589       
 NEXT SEEDS:2D336EBE       8       0       0       0       0   181CD    3039       0       0
       9975                    25                    25             8.5125428E-02         1.0000000E+30            148593       
 NEXT SEEDS:2D4A2023       8       0       0       0       0   181CD    3039       0       0
       9976                    24                    24             8.5119397E-02         1.0000000E+30            148600       
 NEXT SEEDS:2D4DFCE0       8       0       0       0       0   181CD    3039       0       0
       9977                    23                    23             8.5113973E-02         1.0000000E+30            148601       
 NEXT SEEDS:2D52A5F9       8       0       0       0       0   181CD    3039       0       0
       9978                    22                    22             8.5121298E-02         1.0000000E+30            148624       
 NEXT SEEDS:2D6B38C9       8       0       0       0       0   181CD    3039       0       0
       9979                    21                    21             8.5117380E-02         1.0000000E+30            148626       
 NEXT SEEDS:2D72480E       8       0       0       0       0   181CD    3039       0       0
       9980                    20                    20             8.5113609E-02         1.0000000E+30            148635       
 NEXT SEEDS:2D78D23C       8       0       0       0       0   181CD    3039       0       0
       9981                    19                    19             8.5108549E-02         1.0000000E+30            148650       
 NEXT SEEDS:2D7EB01D       8       0       0       0       0   181CD    3039       0       0
       9982                    18                    18             8.5104266E-02         1.0000000E+30            148672       
 NEXT SEEDS:2D8653F5       8       0       0       0       0   181CD    3039       0       0
       9983                    17                    17             8.5107743E-02         1.0000000E+30            148729       
 NEXT SEEDS:2D9B9957       8       0       0       0       0   181CD    3039       0       0
       9984                    16                    16             8.5103761E-02         1.0000000E+30            148738       
 NEXT SEEDS:2DA1CBDB       8       0       0       0       0   181CD    3039       0       0
       9985                    15                    15             8.5109578E-02         1.0000000E+30            148744       
 NEXT SEEDS:2DB7A7D5       8       0       0       0       0   181CD    3039       0       0
       9986                    14                    14             8.5111183E-02         1.0000000E+30            148754       
 NEXT SEEDS:2DC78EF2       8       0       0       0       0   181CD    3039       0       0
       9987                    13                    13             8.5115800E-02         1.0000000E+30            148789       
 NEXT SEEDS:2DDD40C9       8       0       0       0       0   181CD    3039       0       0
       9988                    12                    12             8.5117251E-02         1.0000000E+30            148793       
 NEXT SEEDS:2DECCEFC       8       0       0       0       0   181CD    3039       0       0
       9989                    11                    11             8.5121580E-02         1.0000000E+30            148819       
 NEXT SEEDS:2E012EDB       8       0       0       0       0   181CD    3039       0       0
       9990                    10                    10             8.5128126E-02         1.0000000E+30            148836       
 NEXT SEEDS:2E19AA3A       8       0       0       0       0   181CD    3039       0       0
       9991                     9                     9             8.5126356E-02         1.0000000E+30            148875       
 NEXT SEEDS:2E252987       8       0       0       0       0   181CD    3039       0       0
       9992                     8                     8             8.5123664E-02         1.0000000E+30            148881       
 NEXT SEEDS:2E2E3AEA       8       0       0       0       0   181CD    3039       0       0
       9993                     7                     7             8.5122456E-02         1.0000000E+30            148914       
 NEXT SEEDS:2E3A4B74       8       0       0       0       0   181CD    3039       0       0
       9994                     6                     6             8.5124205E-02         1.0000000E+30            148920       
 NEXT SEEDS:2E4A2435       8       0       0       0       0   181CD    3039       0       0
       9995                     5                     5             8.5120372E-02         1.0000000E+30            148935       
 NEXT SEEDS:2E51FA0B       8       0       0       0       0   181CD    3039       0       0
       9996                     4                     4             8.5115868E-02         1.0000000E+30            148939       
 NEXT SEEDS:2E582CA9       8       0       0       0       0   181CD    3039       0       0
       9997                     3                     3             8.5109070E-02         1.0000000E+30            148940       
 NEXT SEEDS:2E5A3282       8       0       0       0       0   181CD    3039       0       0
       9998                     2                     2             8.5105221E-02         1.0000000E+30            148942       
 NEXT SEEDS:2E61AE40       8       0       0       0       0   181CD    3039       0       0
       9999                     1                     1             8.5105225E-02         1.0000000E+30            148968       
 NEXT SEEDS:2E703DD5       8       0       0       0       0   181CD    3039       0       0
      10000                     0                     1             8.5099632E-02         1.0000000E+30            148980       
 NEXT SEEDS:2E755F89       8       0       0       0       0   181CD    3039       0       0
